DC-Build-Header: t-coffee 11.00.8cbe486-4 / 2016-08-29 16:45:37 +0000
DC-Task: type:rebuild-binarch-only source:t-coffee version:11.00.8cbe486-4 chroot:unstable esttime:315 logfile:/tmp/t-coffee_11.00.8cbe486-4_unstable_clang3.8.log modes:clang:binarch-only
DC-Sbuild-call: su user42 -c 'sbuild -n --arch-any --apt-update -d unstable -v  --chroot-setup-commands=/tmp/clang t-coffee_11.00.8cbe486-4'
sbuild (Debian sbuild) 0.70.0 (03 Aug 2016) on ip-172-31-4-59.eu-central-1.compute.internal

+==============================================================================+
| t-coffee 11.00.8cbe486-4 (amd64)             Mon, 29 Aug 2016 16:45:38 +0000 |
+==============================================================================+

Package: t-coffee
Version: 11.00.8cbe486-4
Source Version: 11.00.8cbe486-4
Distribution: unstable
Machine Architecture: amd64
Host Architecture: amd64
Build Architecture: amd64

I: NOTICE: Log filtering will replace 'var/lib/schroot/mount/unstable-amd64-sbuild-b8d4f19e-d410-4001-8994-6dad3ba29de6' with '<<CHROOT>>'

+------------------------------------------------------------------------------+
| Chroot Setup Commands                                                        |
+------------------------------------------------------------------------------+


/tmp/clang
----------

+ echo 'Entering customization script...'
Entering customization script...
+ CLANG_VERSION=3.8
+ echo 'Install of clang-3.8'
Install of clang-3.8
+ apt-get update
Get:1 http://127.0.0.1:9999/debian unstable InRelease [209 kB]
Get:2 http://127.0.0.1:9999/debian unstable/main Sources.diff/Index [27.9 kB]
Get:3 http://127.0.0.1:9999/debian unstable/main amd64 Packages.diff/Index [27.9 kB]
Get:4 http://127.0.0.1:9999/debian unstable/main Translation-en [5451 kB]
Get:5 http://127.0.0.1:9999/debian unstable/main Sources 2016-08-29-0319.00.pdiff [16.7 kB]
Get:6 http://127.0.0.1:9999/debian unstable/main Sources 2016-08-29-0916.07.pdiff [5442 B]
Get:6 http://127.0.0.1:9999/debian unstable/main Sources 2016-08-29-0916.07.pdiff [5442 B]
Get:7 http://127.0.0.1:9999/debian unstable/main amd64 Packages 2016-08-29-0319.00.pdiff [13.2 kB]
Get:8 http://127.0.0.1:9999/debian unstable/main amd64 Packages 2016-08-29-0916.07.pdiff [3300 B]
Get:8 http://127.0.0.1:9999/debian unstable/main amd64 Packages 2016-08-29-0916.07.pdiff [3300 B]
Fetched 5755 kB in 3s (1903 kB/s)
Reading package lists...
W: No sandbox user '_apt' on the system, can not drop privileges
+ apt-get install --yes --no-install-recommends --force-yes clang-3.8
Reading package lists...
Building dependency tree...
Reading state information...
The following additional packages will be installed:
  libbsd0 libclang-common-3.8-dev libclang1-3.8 libedit2 libffi6 libllvm3.8
  libobjc-6-dev libobjc4
Suggested packages:
  gnustep gnustep-devel clang-3.8-doc
Recommended packages:
  llvm-3.8-dev python
The following NEW packages will be installed:
  clang-3.8 libbsd0 libclang-common-3.8-dev libclang1-3.8 libedit2 libffi6
  libllvm3.8 libobjc-6-dev libobjc4
0 upgraded, 9 newly installed, 0 to remove and 1 not upgraded.
Need to get 38.3 MB of archives.
After this operation, 162 MB of additional disk space will be used.
Get:1 http://127.0.0.1:9999/debian unstable/main amd64 libbsd0 amd64 0.8.3-1 [83.0 kB]
Get:2 http://127.0.0.1:9999/debian unstable/main amd64 libedit2 amd64 3.1-20150325-1+b1 [85.2 kB]
Get:3 http://127.0.0.1:9999/debian unstable/main amd64 libffi6 amd64 3.2.1-4 [20.4 kB]
Get:4 http://127.0.0.1:9999/debian unstable/main amd64 libllvm3.8 amd64 1:3.8.1-9 [10.3 MB]
Get:5 http://127.0.0.1:9999/debian unstable/main amd64 libobjc4 amd64 6.2.0-1 [110 kB]
Get:6 http://127.0.0.1:9999/debian unstable/main amd64 libobjc-6-dev amd64 6.2.0-1 [394 kB]
Get:7 http://127.0.0.1:9999/debian unstable/main amd64 libclang1-3.8 amd64 1:3.8.1-9 [4188 kB]
Get:8 http://127.0.0.1:9999/debian unstable/main amd64 libclang-common-3.8-dev amd64 1:3.8.1-9 [1477 kB]
Get:9 http://127.0.0.1:9999/debian unstable/main amd64 clang-3.8 amd64 1:3.8.1-9 [21.6 MB]
debconf: delaying package configuration, since apt-utils is not installed
Fetched 38.3 MB in 0s (92.2 MB/s)
Selecting previously unselected package libbsd0:amd64.
(Reading database ... (Reading database ... 5%(Reading database ... 10%(Reading database ... 15%(Reading database ... 20%(Reading database ... 25%(Reading database ... 30%(Reading database ... 35%(Reading database ... 40%(Reading database ... 45%(Reading database ... 50%(Reading database ... 55%(Reading database ... 60%(Reading database ... 65%(Reading database ... 70%(Reading database ... 75%(Reading database ... 80%(Reading database ... 85%(Reading database ... 90%(Reading database ... 95%(Reading database ... 100%(Reading database ... 9446 files and directories currently installed.)
Preparing to unpack .../0-libbsd0_0.8.3-1_amd64.deb ...
Unpacking libbsd0:amd64 (0.8.3-1) ...
Selecting previously unselected package libedit2:amd64.
Preparing to unpack .../1-libedit2_3.1-20150325-1+b1_amd64.deb ...
Unpacking libedit2:amd64 (3.1-20150325-1+b1) ...
Selecting previously unselected package libffi6:amd64.
Preparing to unpack .../2-libffi6_3.2.1-4_amd64.deb ...
Unpacking libffi6:amd64 (3.2.1-4) ...
Selecting previously unselected package libllvm3.8:amd64.
Preparing to unpack .../3-libllvm3.8_1%3a3.8.1-9_amd64.deb ...
Unpacking libllvm3.8:amd64 (1:3.8.1-9) ...
Selecting previously unselected package libobjc4:amd64.
Preparing to unpack .../4-libobjc4_6.2.0-1_amd64.deb ...
Unpacking libobjc4:amd64 (6.2.0-1) ...
Selecting previously unselected package libobjc-6-dev:amd64.
Preparing to unpack .../5-libobjc-6-dev_6.2.0-1_amd64.deb ...
Unpacking libobjc-6-dev:amd64 (6.2.0-1) ...
Selecting previously unselected package libclang1-3.8:amd64.
Preparing to unpack .../6-libclang1-3.8_1%3a3.8.1-9_amd64.deb ...
Unpacking libclang1-3.8:amd64 (1:3.8.1-9) ...
Selecting previously unselected package libclang-common-3.8-dev.
Preparing to unpack .../7-libclang-common-3.8-dev_1%3a3.8.1-9_amd64.deb ...
Unpacking libclang-common-3.8-dev (1:3.8.1-9) ...
Selecting previously unselected package clang-3.8.
Preparing to unpack .../8-clang-3.8_1%3a3.8.1-9_amd64.deb ...
Unpacking clang-3.8 (1:3.8.1-9) ...
Setting up libobjc4:amd64 (6.2.0-1) ...
Setting up libbsd0:amd64 (0.8.3-1) ...
Processing triggers for libc-bin (2.23-5) ...
Setting up libobjc-6-dev:amd64 (6.2.0-1) ...
Setting up libffi6:amd64 (3.2.1-4) ...
Setting up libedit2:amd64 (3.1-20150325-1+b1) ...
Setting up libllvm3.8:amd64 (1:3.8.1-9) ...
Setting up libclang-common-3.8-dev (1:3.8.1-9) ...
Setting up libclang1-3.8:amd64 (1:3.8.1-9) ...
Setting up clang-3.8 (1:3.8.1-9) ...
Processing triggers for libc-bin (2.23-5) ...
W: --force-yes is deprecated, use one of the options starting with --allow instead.
W: No sandbox user '_apt' on the system, can not drop privileges
+ echo 'Replace gcc, g++ & cpp by clang'
Replace gcc, g++ & cpp by clang
+ VERSIONS='4.6 4.7 4.8 4.9 5 6'
+ cd /usr/bin
+ for VERSION in '$VERSIONS'
+ rm -f g++-4.6 gcc-4.6 cpp-4.6 gcc
+ ln -s clang++-3.8 g++-4.6
+ ln -s clang-3.8 gcc-4.6
+ ln -s clang-3.8 cpp-4.6
+ ln -s clang-3.8 gcc
+ echo 'gcc-4.6 hold'
+ dpkg --set-selections
dpkg: warning: package not in database at line 1: gcc-4.6
dpkg: warning: found unknown packages; this might mean the available database
is outdated, and needs to be updated through a frontend method
+ echo 'g++-4.6 hold'
+ dpkg --set-selections
dpkg: warning: package not in database at line 1: g++-4.6
dpkg: warning: found unknown packages; this might mean the available database
is outdated, and needs to be updated through a frontend method
+ for VERSION in '$VERSIONS'
+ rm -f g++-4.7 gcc-4.7 cpp-4.7 gcc
+ ln -s clang++-3.8 g++-4.7
+ ln -s clang-3.8 gcc-4.7
+ ln -s clang-3.8 cpp-4.7
+ ln -s clang-3.8 gcc
+ echo 'gcc-4.7 hold'
+ dpkg --set-selections
dpkg: warning: package not in database at line 1: gcc-4.7
dpkg: warning: found unknown packages; this might mean the available database
is outdated, and needs to be updated through a frontend method
+ echo 'g++-4.7 hold'
+ dpkg --set-selections
dpkg: warning: package not in database at line 1: g++-4.7
dpkg: warning: found unknown packages; this might mean the available database
is outdated, and needs to be updated through a frontend method
+ for VERSION in '$VERSIONS'
+ rm -f g++-4.8 gcc-4.8 cpp-4.8 gcc
+ ln -s clang++-3.8 g++-4.8
+ ln -s clang-3.8 gcc-4.8
+ ln -s clang-3.8 cpp-4.8
+ ln -s clang-3.8 gcc
+ echo 'gcc-4.8 hold'
+ dpkg --set-selections
dpkg: warning: package not in database at line 1: gcc-4.8
dpkg: warning: found unknown packages; this might mean the available database
is outdated, and needs to be updated through a frontend method
+ echo 'g++-4.8 hold'
+ dpkg --set-selections
dpkg: warning: package not in database at line 1: g++-4.8
dpkg: warning: found unknown packages; this might mean the available database
is outdated, and needs to be updated through a frontend method
+ for VERSION in '$VERSIONS'
+ rm -f g++-4.9 gcc-4.9 cpp-4.9 gcc
+ ln -s clang++-3.8 g++-4.9
+ ln -s clang-3.8 gcc-4.9
+ ln -s clang-3.8 cpp-4.9
+ ln -s clang-3.8 gcc
+ echo 'gcc-4.9 hold'
+ dpkg --set-selections
dpkg: warning: package not in database at line 1: gcc-4.9
dpkg: warning: found unknown packages; this might mean the available database
is outdated, and needs to be updated through a frontend method
+ echo 'g++-4.9 hold'
+ dpkg --set-selections
dpkg: warning: package not in database at line 1: g++-4.9
dpkg: warning: found unknown packages; this might mean the available database
is outdated, and needs to be updated through a frontend method
+ for VERSION in '$VERSIONS'
+ rm -f g++-5 gcc-5 cpp-5 gcc
+ ln -s clang++-3.8 g++-5
+ ln -s clang-3.8 gcc-5
+ ln -s clang-3.8 cpp-5
+ ln -s clang-3.8 gcc
+ echo 'gcc-5 hold'
+ dpkg --set-selections
+ echo 'g++-5 hold'
+ dpkg --set-selections
+ for VERSION in '$VERSIONS'
+ rm -f g++-6 gcc-6 cpp-6 gcc
+ ln -s clang++-3.8 g++-6
+ ln -s clang-3.8 gcc-6
+ ln -s clang-3.8 cpp-6
+ ln -s clang-3.8 gcc
+ echo 'gcc-6 hold'
+ dpkg --set-selections
+ echo 'g++-6 hold'
+ dpkg --set-selections
+ cd -
/build/t-coffee-TEvdYK
+ echo 'Check if gcc, g++ & cpp are actually clang'
Check if gcc, g++ & cpp are actually clang
+ gcc --version
+ grep clang
+ cpp --version
+ grep clang
+ g++ --version
+ grep clang

I: Finished running '/tmp/clang'.

Finished processing commands.
--------------------------------------------------------------------------------

+------------------------------------------------------------------------------+
| Update chroot                                                                |
+------------------------------------------------------------------------------+

Hit:1 http://127.0.0.1:9999/debian unstable InRelease
Reading package lists...
W: No sandbox user '_apt' on the system, can not drop privileges
Reading package lists...
Building dependency tree...
Reading state information...
Calculating upgrade...
The following packages will be upgraded:
  linux-libc-dev
1 upgraded, 0 newly installed, 0 to remove and 0 not upgraded.
Need to get 1158 kB of archives.
After this operation, 60.4 kB of additional disk space will be used.
Get:1 http://127.0.0.1:9999/debian unstable/main amd64 linux-libc-dev amd64 4.7.2-1 [1158 kB]
debconf: delaying package configuration, since apt-utils is not installed
Fetched 1158 kB in 0s (69.9 MB/s)
(Reading database ... (Reading database ... 5%(Reading database ... 10%(Reading database ... 15%(Reading database ... 20%(Reading database ... 25%(Reading database ... 30%(Reading database ... 35%(Reading database ... 40%(Reading database ... 45%(Reading database ... 50%(Reading database ... 55%(Reading database ... 60%(Reading database ... 65%(Reading database ... 70%(Reading database ... 75%(Reading database ... 80%(Reading database ... 85%(Reading database ... 90%(Reading database ... 95%(Reading database ... 100%(Reading database ... 9769 files and directories currently installed.)
Preparing to unpack .../linux-libc-dev_4.7.2-1_amd64.deb ...
Unpacking linux-libc-dev:amd64 (4.7.2-1) over (4.6.4-1) ...
Setting up linux-libc-dev:amd64 (4.7.2-1) ...
W: No sandbox user '_apt' on the system, can not drop privileges

+------------------------------------------------------------------------------+
| Fetch source files                                                           |
+------------------------------------------------------------------------------+


Check APT
---------

Checking available source versions...

Download source files with APT
------------------------------

Reading package lists...
NOTICE: 't-coffee' packaging is maintained in the 'Git' version control system at:
https://anonscm.debian.org/git/debian-med/t-coffee.git
Please use:
git clone https://anonscm.debian.org/git/debian-med/t-coffee.git
to retrieve the latest (possibly unreleased) updates to the package.
Need to get 3543 kB of source archives.
Get:1 http://127.0.0.1:9999/debian unstable/main t-coffee 11.00.8cbe486-4 (dsc) [2137 B]
Get:2 http://127.0.0.1:9999/debian unstable/main t-coffee 11.00.8cbe486-4 (tar) [3526 kB]
Get:3 http://127.0.0.1:9999/debian unstable/main t-coffee 11.00.8cbe486-4 (diff) [14.2 kB]
Fetched 3543 kB in 0s (23.4 MB/s)
Download complete and in download only mode
I: NOTICE: Log filtering will replace 'build/t-coffee-TEvdYK/t-coffee-11.00.8cbe486' with '<<PKGBUILDDIR>>'
I: NOTICE: Log filtering will replace 'build/t-coffee-TEvdYK' with '<<BUILDDIR>>'

+------------------------------------------------------------------------------+
| Install build-essential                                                      |
+------------------------------------------------------------------------------+


Setup apt archive
-----------------

Merged Build-Depends: build-essential, fakeroot
Filtered Build-Depends: build-essential, fakeroot
dpkg-deb: building package 'sbuild-build-depends-core-dummy' in '/<<BUILDDIR>>/resolver-i5Wx7Y/apt_archive/sbuild-build-depends-core-dummy.deb'.
dpkg-scanpackages: warning: Packages in archive but missing from override file:
dpkg-scanpackages: warning:   sbuild-build-depends-core-dummy
dpkg-scanpackages: info: Wrote 1 entries to output Packages file.
Ign:1 copy:/<<BUILDDIR>>/resolver-i5Wx7Y/apt_archive ./ InRelease
Get:2 copy:/<<BUILDDIR>>/resolver-i5Wx7Y/apt_archive ./ Release [957 B]
Ign:3 copy:/<<BUILDDIR>>/resolver-i5Wx7Y/apt_archive ./ Release.gpg
Get:4 copy:/<<BUILDDIR>>/resolver-i5Wx7Y/apt_archive ./ Sources [349 B]
Get:5 copy:/<<BUILDDIR>>/resolver-i5Wx7Y/apt_archive ./ Packages [428 B]
Fetched 1734 B in 0s (0 B/s)
Reading package lists...
W: No sandbox user '_apt' on the system, can not drop privileges
Reading package lists...

Install core build dependencies (apt-based resolver)
----------------------------------------------------

Installing build dependencies
Reading package lists...
Building dependency tree...
Reading state information...
The following NEW packages will be installed:
  sbuild-build-depends-core-dummy
0 upgraded, 1 newly installed, 0 to remove and 0 not upgraded.
Need to get 774 B of archives.
After this operation, 0 B of additional disk space will be used.
Get:1 copy:/<<BUILDDIR>>/resolver-i5Wx7Y/apt_archive ./ sbuild-build-depends-core-dummy 0.invalid.0 [774 B]
debconf: delaying package configuration, since apt-utils is not installed
Fetched 774 B in 0s (0 B/s)
Selecting previously unselected package sbuild-build-depends-core-dummy.
(Reading database ... 9775 files and directories currently installed.)
Preparing to unpack .../sbuild-build-depends-core-dummy_0.invalid.0_amd64.deb ...
Unpacking sbuild-build-depends-core-dummy (0.invalid.0) ...
Setting up sbuild-build-depends-core-dummy (0.invalid.0) ...
W: No sandbox user '_apt' on the system, can not drop privileges

+------------------------------------------------------------------------------+
| Check architectures                                                          |
+------------------------------------------------------------------------------+

Arch check ok (amd64 included in any all)

+------------------------------------------------------------------------------+
| Install package build dependencies                                           |
+------------------------------------------------------------------------------+


Setup apt archive
-----------------

Merged Build-Depends: debhelper (>= 9)
Filtered Build-Depends: debhelper (>= 9)
dpkg-deb: building package 'sbuild-build-depends-t-coffee-dummy' in '/<<BUILDDIR>>/resolver-fGwgWO/apt_archive/sbuild-build-depends-t-coffee-dummy.deb'.
dpkg-scanpackages: warning: Packages in archive but missing from override file:
dpkg-scanpackages: warning:   sbuild-build-depends-t-coffee-dummy
dpkg-scanpackages: info: Wrote 1 entries to output Packages file.
Ign:1 copy:/<<BUILDDIR>>/resolver-fGwgWO/apt_archive ./ InRelease
Get:2 copy:/<<BUILDDIR>>/resolver-fGwgWO/apt_archive ./ Release [957 B]
Ign:3 copy:/<<BUILDDIR>>/resolver-fGwgWO/apt_archive ./ Release.gpg
Get:4 copy:/<<BUILDDIR>>/resolver-fGwgWO/apt_archive ./ Sources [342 B]
Get:5 copy:/<<BUILDDIR>>/resolver-fGwgWO/apt_archive ./ Packages [434 B]
Fetched 1733 B in 0s (0 B/s)
Reading package lists...
W: No sandbox user '_apt' on the system, can not drop privileges
Reading package lists...

Install t-coffee build dependencies (apt-based resolver)
--------------------------------------------------------

Installing build dependencies
Reading package lists...
Building dependency tree...
Reading state information...
The following additional packages will be installed:
  autoconf automake autopoint autotools-dev bsdmainutils debhelper
  dh-autoreconf dh-strip-nondeterminism file gettext gettext-base groff-base
  intltool-debian libarchive-zip-perl libcroco3
  libfile-stripnondeterminism-perl libglib2.0-0 libicu57 libmagic-mgc
  libmagic1 libpipeline1 libsigsegv2 libtimedate-perl libtool libunistring0
  libxml2 m4 man-db po-debconf
Suggested packages:
  autoconf-archive gnu-standards autoconf-doc wamerican | wordlist whois
  vacation dh-make gettext-doc libasprintf-dev libgettextpo-dev groff
  libtool-doc gfortran | fortran95-compiler gcj-jdk less www-browser
  libmail-box-perl
Recommended packages:
  curl | wget | lynx-cur libglib2.0-data shared-mime-info xdg-user-dirs
  libltdl-dev xml-core libmail-sendmail-perl
The following NEW packages will be installed:
  autoconf automake autopoint autotools-dev bsdmainutils debhelper
  dh-autoreconf dh-strip-nondeterminism file gettext gettext-base groff-base
  intltool-debian libarchive-zip-perl libcroco3
  libfile-stripnondeterminism-perl libglib2.0-0 libicu57 libmagic-mgc
  libmagic1 libpipeline1 libsigsegv2 libtimedate-perl libtool libunistring0
  libxml2 m4 man-db po-debconf sbuild-build-depends-t-coffee-dummy
0 upgraded, 30 newly installed, 0 to remove and 0 not upgraded.
Need to get 19.8 MB of archives.
After this operation, 66.7 MB of additional disk space will be used.
Get:1 copy:/<<BUILDDIR>>/resolver-fGwgWO/apt_archive ./ sbuild-build-depends-t-coffee-dummy 0.invalid.0 [778 B]
Get:2 http://127.0.0.1:9999/debian unstable/main amd64 groff-base amd64 1.22.3-8 [1162 kB]
Get:3 http://127.0.0.1:9999/debian unstable/main amd64 bsdmainutils amd64 9.0.10 [184 kB]
Get:4 http://127.0.0.1:9999/debian unstable/main amd64 libpipeline1 amd64 1.4.1-2 [27.6 kB]
Get:5 http://127.0.0.1:9999/debian unstable/main amd64 man-db amd64 2.7.5-1 [1003 kB]
Get:6 http://127.0.0.1:9999/debian unstable/main amd64 libmagic-mgc amd64 1:5.28-4 [210 kB]
Get:7 http://127.0.0.1:9999/debian unstable/main amd64 libmagic1 amd64 1:5.28-4 [109 kB]
Get:8 http://127.0.0.1:9999/debian unstable/main amd64 file amd64 1:5.28-4 [62.9 kB]
Get:9 http://127.0.0.1:9999/debian unstable/main amd64 gettext-base amd64 0.19.8.1-1 [121 kB]
Get:10 http://127.0.0.1:9999/debian unstable/main amd64 libicu57 amd64 57.1-3 [7676 kB]
Get:11 http://127.0.0.1:9999/debian unstable/main amd64 libxml2 amd64 2.9.4+dfsg1-1+b1 [919 kB]
Get:12 http://127.0.0.1:9999/debian unstable/main amd64 libsigsegv2 amd64 2.10-5 [28.9 kB]
Get:13 http://127.0.0.1:9999/debian unstable/main amd64 m4 amd64 1.4.17-5 [255 kB]
Get:14 http://127.0.0.1:9999/debian unstable/main amd64 autoconf all 2.69-10 [338 kB]
Get:15 http://127.0.0.1:9999/debian unstable/main amd64 autotools-dev all 20160430.1 [72.6 kB]
Get:16 http://127.0.0.1:9999/debian unstable/main amd64 automake all 1:1.15-4 [735 kB]
Get:17 http://127.0.0.1:9999/debian unstable/main amd64 autopoint all 0.19.8.1-1 [433 kB]
Get:18 http://127.0.0.1:9999/debian unstable/main amd64 libglib2.0-0 amd64 2.48.1-3 [2707 kB]
Get:19 http://127.0.0.1:9999/debian unstable/main amd64 libcroco3 amd64 0.6.11-1 [143 kB]
Get:20 http://127.0.0.1:9999/debian unstable/main amd64 libunistring0 amd64 0.9.6+really0.9.3-0.1 [279 kB]
Get:21 http://127.0.0.1:9999/debian unstable/main amd64 gettext amd64 0.19.8.1-1 [1493 kB]
Get:22 http://127.0.0.1:9999/debian unstable/main amd64 intltool-debian all 0.35.0+20060710.4 [26.3 kB]
Get:23 http://127.0.0.1:9999/debian unstable/main amd64 po-debconf all 1.0.19 [249 kB]
Get:24 http://127.0.0.1:9999/debian unstable/main amd64 libarchive-zip-perl all 1.59-1 [95.5 kB]
Get:25 http://127.0.0.1:9999/debian unstable/main amd64 libfile-stripnondeterminism-perl all 0.023-2 [13.4 kB]
Get:26 http://127.0.0.1:9999/debian unstable/main amd64 libtimedate-perl all 2.3000-2 [42.2 kB]
Get:27 http://127.0.0.1:9999/debian unstable/main amd64 dh-strip-nondeterminism all 0.023-2 [8202 B]
Get:28 http://127.0.0.1:9999/debian unstable/main amd64 libtool all 2.4.6-2 [545 kB]
Get:29 http://127.0.0.1:9999/debian unstable/main amd64 dh-autoreconf all 12 [15.8 kB]
Get:30 http://127.0.0.1:9999/debian unstable/main amd64 debhelper all 9.20160814 [800 kB]
debconf: delaying package configuration, since apt-utils is not installed
Fetched 19.8 MB in 0s (86.9 MB/s)
Selecting previously unselected package groff-base.
(Reading database ... 9775 files and directories currently installed.)
Preparing to unpack .../00-groff-base_1.22.3-8_amd64.deb ...
Unpacking groff-base (1.22.3-8) ...
Selecting previously unselected package bsdmainutils.
Preparing to unpack .../01-bsdmainutils_9.0.10_amd64.deb ...
Unpacking bsdmainutils (9.0.10) ...
Selecting previously unselected package libpipeline1:amd64.
Preparing to unpack .../02-libpipeline1_1.4.1-2_amd64.deb ...
Unpacking libpipeline1:amd64 (1.4.1-2) ...
Selecting previously unselected package man-db.
Preparing to unpack .../03-man-db_2.7.5-1_amd64.deb ...
Unpacking man-db (2.7.5-1) ...
Selecting previously unselected package libmagic-mgc.
Preparing to unpack .../04-libmagic-mgc_1%3a5.28-4_amd64.deb ...
Unpacking libmagic-mgc (1:5.28-4) ...
Selecting previously unselected package libmagic1:amd64.
Preparing to unpack .../05-libmagic1_1%3a5.28-4_amd64.deb ...
Unpacking libmagic1:amd64 (1:5.28-4) ...
Selecting previously unselected package file.
Preparing to unpack .../06-file_1%3a5.28-4_amd64.deb ...
Unpacking file (1:5.28-4) ...
Selecting previously unselected package gettext-base.
Preparing to unpack .../07-gettext-base_0.19.8.1-1_amd64.deb ...
Unpacking gettext-base (0.19.8.1-1) ...
Selecting previously unselected package libicu57:amd64.
Preparing to unpack .../08-libicu57_57.1-3_amd64.deb ...
Unpacking libicu57:amd64 (57.1-3) ...
Selecting previously unselected package libxml2:amd64.
Preparing to unpack .../09-libxml2_2.9.4+dfsg1-1+b1_amd64.deb ...
Unpacking libxml2:amd64 (2.9.4+dfsg1-1+b1) ...
Selecting previously unselected package libsigsegv2:amd64.
Preparing to unpack .../10-libsigsegv2_2.10-5_amd64.deb ...
Unpacking libsigsegv2:amd64 (2.10-5) ...
Selecting previously unselected package m4.
Preparing to unpack .../11-m4_1.4.17-5_amd64.deb ...
Unpacking m4 (1.4.17-5) ...
Selecting previously unselected package autoconf.
Preparing to unpack .../12-autoconf_2.69-10_all.deb ...
Unpacking autoconf (2.69-10) ...
Selecting previously unselected package autotools-dev.
Preparing to unpack .../13-autotools-dev_20160430.1_all.deb ...
Unpacking autotools-dev (20160430.1) ...
Selecting previously unselected package automake.
Preparing to unpack .../14-automake_1%3a1.15-4_all.deb ...
Unpacking automake (1:1.15-4) ...
Selecting previously unselected package autopoint.
Preparing to unpack .../15-autopoint_0.19.8.1-1_all.deb ...
Unpacking autopoint (0.19.8.1-1) ...
Selecting previously unselected package libglib2.0-0:amd64.
Preparing to unpack .../16-libglib2.0-0_2.48.1-3_amd64.deb ...
Unpacking libglib2.0-0:amd64 (2.48.1-3) ...
Selecting previously unselected package libcroco3:amd64.
Preparing to unpack .../17-libcroco3_0.6.11-1_amd64.deb ...
Unpacking libcroco3:amd64 (0.6.11-1) ...
Selecting previously unselected package libunistring0:amd64.
Preparing to unpack .../18-libunistring0_0.9.6+really0.9.3-0.1_amd64.deb ...
Unpacking libunistring0:amd64 (0.9.6+really0.9.3-0.1) ...
Selecting previously unselected package gettext.
Preparing to unpack .../19-gettext_0.19.8.1-1_amd64.deb ...
Unpacking gettext (0.19.8.1-1) ...
Selecting previously unselected package intltool-debian.
Preparing to unpack .../20-intltool-debian_0.35.0+20060710.4_all.deb ...
Unpacking intltool-debian (0.35.0+20060710.4) ...
Selecting previously unselected package po-debconf.
Preparing to unpack .../21-po-debconf_1.0.19_all.deb ...
Unpacking po-debconf (1.0.19) ...
Selecting previously unselected package libarchive-zip-perl.
Preparing to unpack .../22-libarchive-zip-perl_1.59-1_all.deb ...
Unpacking libarchive-zip-perl (1.59-1) ...
Selecting previously unselected package libfile-stripnondeterminism-perl.
Preparing to unpack .../23-libfile-stripnondeterminism-perl_0.023-2_all.deb ...
Unpacking libfile-stripnondeterminism-perl (0.023-2) ...
Selecting previously unselected package libtimedate-perl.
Preparing to unpack .../24-libtimedate-perl_2.3000-2_all.deb ...
Unpacking libtimedate-perl (2.3000-2) ...
Selecting previously unselected package dh-strip-nondeterminism.
Preparing to unpack .../25-dh-strip-nondeterminism_0.023-2_all.deb ...
Unpacking dh-strip-nondeterminism (0.023-2) ...
Selecting previously unselected package libtool.
Preparing to unpack .../26-libtool_2.4.6-2_all.deb ...
Unpacking libtool (2.4.6-2) ...
Selecting previously unselected package dh-autoreconf.
Preparing to unpack .../27-dh-autoreconf_12_all.deb ...
Unpacking dh-autoreconf (12) ...
Selecting previously unselected package debhelper.
Preparing to unpack .../28-debhelper_9.20160814_all.deb ...
Unpacking debhelper (9.20160814) ...
Selecting previously unselected package sbuild-build-depends-t-coffee-dummy.
Preparing to unpack .../29-sbuild-build-depends-t-coffee-dummy_0.invalid.0_amd64.deb ...
Unpacking sbuild-build-depends-t-coffee-dummy (0.invalid.0) ...
Setting up libarchive-zip-perl (1.59-1) ...
Setting up libtimedate-perl (2.3000-2) ...
Setting up libsigsegv2:amd64 (2.10-5) ...
Setting up groff-base (1.22.3-8) ...
Setting up libglib2.0-0:amd64 (2.48.1-3) ...
No schema files found: doing nothing.
Setting up gettext-base (0.19.8.1-1) ...
Setting up libpipeline1:amd64 (1.4.1-2) ...
Setting up m4 (1.4.17-5) ...
Setting up libicu57:amd64 (57.1-3) ...
Setting up libxml2:amd64 (2.9.4+dfsg1-1+b1) ...
Setting up libmagic-mgc (1:5.28-4) ...
Setting up libmagic1:amd64 (1:5.28-4) ...
Setting up libcroco3:amd64 (0.6.11-1) ...
Processing triggers for libc-bin (2.23-5) ...
Setting up autotools-dev (20160430.1) ...
Setting up libunistring0:amd64 (0.9.6+really0.9.3-0.1) ...
Setting up bsdmainutils (9.0.10) ...
update-alternatives: using /usr/bin/bsd-write to provide /usr/bin/write (write) in auto mode
update-alternatives: using /usr/bin/bsd-from to provide /usr/bin/from (from) in auto mode
Setting up autopoint (0.19.8.1-1) ...
Setting up libfile-stripnondeterminism-perl (0.023-2) ...
Setting up gettext (0.19.8.1-1) ...
Setting up autoconf (2.69-10) ...
Setting up file (1:5.28-4) ...
Setting up intltool-debian (0.35.0+20060710.4) ...
Setting up automake (1:1.15-4) ...
update-alternatives: using /usr/bin/automake-1.15 to provide /usr/bin/automake (automake) in auto mode
Setting up man-db (2.7.5-1) ...
Not building database; man-db/auto-update is not 'true'.
Setting up libtool (2.4.6-2) ...
Setting up po-debconf (1.0.19) ...
Setting up dh-autoreconf (12) ...
Setting up dh-strip-nondeterminism (0.023-2) ...
Setting up debhelper (9.20160814) ...
Setting up sbuild-build-depends-t-coffee-dummy (0.invalid.0) ...
Processing triggers for libc-bin (2.23-5) ...
W: No sandbox user '_apt' on the system, can not drop privileges

+------------------------------------------------------------------------------+
| Build environment                                                            |
+------------------------------------------------------------------------------+

Kernel: Linux 3.16.0-4-amd64 amd64 (x86_64)
Toolchain package versions: binutils_2.27-6 dpkg-dev_1.18.10 g++-6_6.2.0-1 gcc-6_6.2.0-1 libc6-dev_2.23-5 libstdc++-6-dev_6.2.0-1 libstdc++6_6.2.0-1 linux-libc-dev_4.7.2-1
Package versions: adduser_3.115 apt_1.3~rc2 autoconf_2.69-10 automake_1:1.15-4 autopoint_0.19.8.1-1 autotools-dev_20160430.1 base-files_9.6 base-passwd_3.5.40 bash_4.3-15 binutils_2.27-6 bsdmainutils_9.0.10 bsdutils_1:2.28.1-1 build-essential_12.2 bzip2_1.0.6-8 clang-3.8_1:3.8.1-9 coreutils_8.25-2 cpp_4:6.1.1-1 cpp-6_6.2.0-1 dash_0.5.8-2.3 debconf_1.5.59 debfoster_2.7-2.1 debhelper_9.20160814 debian-archive-keyring_2014.3 debianutils_4.8 dh-autoreconf_12 dh-strip-nondeterminism_0.023-2 diffutils_1:3.3-3 dpkg_1.18.10 dpkg-dev_1.18.10 e2fslibs_1.43.1-1 e2fsprogs_1.43.1-1 eatmydata_105-3 fakeroot_1.21-1 file_1:5.28-4 findutils_4.6.0+git+20160703-2 g++_4:6.1.1-1 g++-6_6.2.0-1 gcc_4:6.1.1-1 gcc-6_6.2.0-1 gcc-6-base_6.2.0-1 gettext_0.19.8.1-1 gettext-base_0.19.8.1-1 gpgv_2.1.14-5 grep_2.25-6 groff-base_1.22.3-8 gzip_1.6-5 hostname_3.18 init-system-helpers_1.42 intltool-debian_0.35.0+20060710.4 libacl1_2.2.52-3 libapt-pkg5.0_1.3~rc2 libarchive-zip-perl_1.59-1 libasan3_6.2.0-1 libatomic1_6.2.0-1 libattr1_1:2.4.47-2 libaudit-common_1:2.6.6-1 libaudit1_1:2.6.6-1 libblkid1_2.28.1-1 libbsd0_0.8.3-1 libbz2-1.0_1.0.6-8 libc-bin_2.23-5 libc-dev-bin_2.23-5 libc6_2.23-5 libc6-dev_2.23-5 libcap-ng0_0.7.7-3 libcc1-0_6.2.0-1 libcilkrts5_6.2.0-1 libclang-common-3.8-dev_1:3.8.1-9 libclang1-3.8_1:3.8.1-9 libcomerr2_1.43.1-1 libcroco3_0.6.11-1 libdb5.3_5.3.28-12 libdebconfclient0_0.215 libdpkg-perl_1.18.10 libeatmydata1_105-3 libedit2_3.1-20150325-1+b1 libfakeroot_1.21-1 libfdisk1_2.28.1-1 libffi6_3.2.1-4 libfile-stripnondeterminism-perl_0.023-2 libgc1c2_1:7.4.2-8 libgcc-6-dev_6.2.0-1 libgcc1_1:6.2.0-1 libgcrypt20_1.7.3-1 libgdbm3_1.8.3-14 libglib2.0-0_2.48.1-3 libgmp10_2:6.1.1+dfsg-1 libgomp1_6.2.0-1 libgpg-error0_1.24-1 libicu57_57.1-3 libisl15_0.17.1-1 libitm1_6.2.0-1 libllvm3.8_1:3.8.1-9 liblsan0_6.2.0-1 liblz4-1_0.0~r131-2 liblzma5_5.1.1alpha+20120614-2.1 libmagic-mgc_1:5.28-4 libmagic1_1:5.28-4 libmount1_2.28.1-1 libmpc3_1.0.3-1 libmpfr4_3.1.4-2 libmpx2_6.2.0-1 libncurses5_6.0+20160625-1 libncursesw5_6.0+20160625-1 libobjc-6-dev_6.2.0-1 libobjc4_6.2.0-1 libpam-modules_1.1.8-3.3 libpam-modules-bin_1.1.8-3.3 libpam-runtime_1.1.8-3.3 libpam0g_1.1.8-3.3 libpcre3_2:8.39-2 libperl5.22_5.22.2-3 libpipeline1_1.4.1-2 libquadmath0_6.2.0-1 libselinux1_2.5-3 libsemanage-common_2.5-1 libsemanage1_2.5-1 libsepol1_2.5-1 libsigsegv2_2.10-5 libsmartcols1_2.28.1-1 libss2_1.43.1-1 libstdc++-6-dev_6.2.0-1 libstdc++6_6.2.0-1 libsystemd0_231-5 libtimedate-perl_2.3000-2 libtinfo5_6.0+20160625-1 libtool_2.4.6-2 libtsan0_6.2.0-1 libubsan0_6.2.0-1 libudev1_231-5 libunistring0_0.9.6+really0.9.3-0.1 libustr-1.0-1_1.0.4-5 libuuid1_2.28.1-1 libxml2_2.9.4+dfsg1-1+b1 linux-libc-dev_4.7.2-1 login_1:4.2-3.1 m4_1.4.17-5 make_4.1-9 man-db_2.7.5-1 mawk_1.3.3-17 mount_2.28.1-1 multiarch-support_2.23-5 ncurses-base_6.0+20160625-1 ncurses-bin_6.0+20160625-1 passwd_1:4.2-3.1 patch_2.7.5-1 perl_5.22.2-3 perl-base_5.22.2-3 perl-modules-5.22_5.22.2-3 po-debconf_1.0.19 sbuild-build-depends-core-dummy_0.invalid.0 sbuild-build-depends-t-coffee-dummy_0.invalid.0 sed_4.2.2-7.1 sensible-utils_0.0.9 sysvinit-utils_2.88dsf-59.8 tar_1.29b-1 util-linux_2.28.1-1 xz-utils_5.1.1alpha+20120614-2.1 zlib1g_1:1.2.8.dfsg-2+b1

+------------------------------------------------------------------------------+
| Build                                                                        |
+------------------------------------------------------------------------------+


Unpack source
-------------

gpgv: unknown type of key resource 'trustedkeys.kbx'
gpgv: keyblock resource '/sbuild-nonexistent/.gnupg/trustedkeys.kbx': General error
gpgv: Signature made Sat Jun 25 22:59:59 2016 UTC using RSA key ID 
gpgv: Can't check signature: No public key
dpkg-source: warning: failed to verify signature on ./t-coffee_11.00.8cbe486-4.dsc
dpkg-source: info: extracting t-coffee in /<<PKGBUILDDIR>>
dpkg-source: info: unpacking t-coffee_11.00.8cbe486.orig.tar.gz
dpkg-source: info: unpacking t-coffee_11.00.8cbe486-4.debian.tar.xz
dpkg-source: info: applying probconsrna.patch
dpkg-source: info: applying ncbi-blast++_has_dropped_pl_extension.patch
dpkg-source: info: applying use_debian_packaged_TMalign.patch
dpkg-source: info: applying hardening.patch
dpkg-source: info: applying set_proper_dir_permissions.patch
dpkg-source: info: applying mayhem.patch
dpkg-source: info: applying stable-linking-inputs.patch

Check disc space
----------------

Sufficient free space for build

User Environment
----------------

APT_CONFIG=/var/lib/sbuild/apt.conf
HOME=/sbuild-nonexistent
LC_ALL=POSIX
LOGNAME=user42
PATH=/usr/local/sbin:/usr/local/bin:/usr/sbin:/usr/bin:/sbin:/bin:/usr/games
SCHROOT_ALIAS_NAME=unstable-amd64-sbuild
SCHROOT_CHROOT_NAME=unstable-amd64-sbuild
SCHROOT_COMMAND=env
SCHROOT_GID=1001
SCHROOT_GROUP=user42
SCHROOT_SESSION_ID=unstable-amd64-sbuild-b8d4f19e-d410-4001-8994-6dad3ba29de6
SCHROOT_UID=1001
SCHROOT_USER=user42
SHELL=/bin/sh
USER=user42

dpkg-buildpackage
-----------------

dpkg-buildpackage: info: source package t-coffee
dpkg-buildpackage: info: source version 11.00.8cbe486-4
dpkg-buildpackage: info: source distribution unstable
dpkg-buildpackage: info: source changed by Canberk Ko√ß  <canberkkoc@gmail.com>
 dpkg-source --before-build t-coffee-11.00.8cbe486
dpkg-buildpackage: info: host architecture amd64
 fakeroot debian/rules clean
dh clean --sourcedirectory=t_coffee_source
   dh_testdir -O--sourcedirectory=t_coffee_source
   debian/rules override_dh_auto_clean
make[1]: Entering directory '/<<PKGBUILDDIR>>'
rm -rf t_coffee_source/*.o t_coffee_source/t_coffee bin/t_coffee example/t_coffee.log bin/t_coffee
rm -rf t_coffee_source/TMalign 
find . -name "*.o" -delete
find . -name "*.deps" -delete
chmod 644 example/*
make[1]: Leaving directory '/<<PKGBUILDDIR>>'
   dh_clean -O--sourcedirectory=t_coffee_source
 debian/rules build-arch
dh build-arch --sourcedirectory=t_coffee_source
   dh_testdir -a -O--sourcedirectory=t_coffee_source
   dh_update_autotools_config -a -O--sourcedirectory=t_coffee_source
   dh_auto_configure -a -O--sourcedirectory=t_coffee_source
   debian/rules override_dh_auto_build
make[1]: Entering directory '/<<PKGBUILDDIR>>'
dh_auto_build -- -i USER_BIN=../bin/ FCC="gfortran -g -O2 -fdebug-prefix-map=/<<PKGBUILDDIR>>=. -fPIE -fstack-protector-strong" all
	make -j1 -i USER_BIN=../bin/ "FCC=gfortran -g -O2 -fdebug-prefix-map=/<<PKGBUILDDIR>>=. -fPIE -fstack-protector-strong" all
make[2]: Entering directory '/<<PKGBUILDDIR>>/t_coffee_source'
 CC dev_lib/dev1.c
clang: warning: treating 'c' input as 'c++' when in C++ mode, this behavior is deprecated
In file included from dev_lib/dev1.c:34:
In file included from ./util_lib_header.h:30:
./util_lib/util.h:54:1: warning: '/*' within block comment [-Wcomment]
/*                                                                   */
^
dev_lib/dev1.c:89:42: warning: data argument not used by format string [-Wformat-extra-args]
        fprintf (stdout, "Process positions\n", i);
                         ~~~~~~~~~~~~~~~~~~~~~  ^
2 warnings generated.
 CC dp_lib/CUSTOM_evaluate_for_struc.c
clang: warning: treating 'c' input as 'c++' when in C++ mode, this behavior is deprecated
In file included from dp_lib/CUSTOM_evaluate_for_struc.c:34:
In file included from ./util_lib_header.h:30:
./util_lib/util.h:54:1: warning: '/*' within block comment [-Wcomment]
/*                                                                   */
^
1 warning generated.
 CC dp_lib/evaluate.c
clang: warning: treating 'c' input as 'c++' when in C++ mode, this behavior is deprecated
In file included from dp_lib/evaluate.c:34:
In file included from ./util_lib_header.h:30:
./util_lib/util.h:54:1: warning: '/*' within block comment [-Wcomment]
/*                                                                   */
^
dp_lib/evaluate.c:808:5: warning: ignoring return value of function declared with warn_unused_result attribute [-Wunused-result]
                  fscanf (fp, "%d ", &res);
                  ^~~~~~  ~~~~~~~~~~~~~~~
dp_lib/evaluate.c:813:5: warning: ignoring return value of function declared with warn_unused_result attribute [-Wunused-result]
                  fscanf (fp, "%f %f", &sseq, &mseq);
                  ^~~~~~  ~~~~~~~~~~~~~~~~~~~~~~~~~
dp_lib/evaluate.c:818:4: warning: ignoring return value of function declared with warn_unused_result attribute [-Wunused-result]
          fscanf (fp, "%f %f", &sseq, &mseq);
          ^~~~~~  ~~~~~~~~~~~~~~~~~~~~~~~~~
dp_lib/evaluate.c:1946:13: warning: if statement has empty body [-Wempty-body]
      if (w);free_int (w, -1);
            ^
dp_lib/evaluate.c:1946:13: note: put the semicolon on a separate line to silence this warning
dp_lib/evaluate.c:2093:13: warning: if statement has empty body [-Wempty-body]
      if (w);free_int (w, -1);
            ^
dp_lib/evaluate.c:2093:13: note: put the semicolon on a separate line to silence this warning
dp_lib/evaluate.c:5644:9: warning: ignoring return value of function declared with warn_unused_result attribute [-Wunused-result]
               fscanf (fp, "%f %c %*s",&v1, &c1 );
               ^~~~~~  ~~~~~~~~~~~~~~~~~~~~~~~~
7 warnings generated.
 CC dp_lib/evaluate_dirichlet.c
clang: warning: treating 'c' input as 'c++' when in C++ mode, this behavior is deprecated
In file included from dp_lib/evaluate_dirichlet.c:34:
In file included from ./util_lib_header.h:30:
./util_lib/util.h:54:1: warning: '/*' within block comment [-Wcomment]
/*                                                                   */
^
dp_lib/evaluate_dirichlet.c:323:4: warning: ignoring return value of function declared with warn_unused_result attribute [-Wunused-result]
                        fscanf(fp, "%f", &f);
                        ^~~~~~ ~~~~~~~~~~~~
dp_lib/evaluate_dirichlet.c:317:3: warning: ignoring return value of function declared with warn_unused_result attribute [-Wunused-result]
                fscanf(fp, "%f\n", &f);
                ^~~~~~ ~~~~~~~~~~~~~~
dp_lib/evaluate_dirichlet.c:319:3: warning: ignoring return value of function declared with warn_unused_result attribute [-Wunused-result]
                fscanf(fp, "%f", &f);
                ^~~~~~ ~~~~~~~~~~~~
dp_lib/evaluate_dirichlet.c:326:3: warning: ignoring return value of function declared with warn_unused_result attribute [-Wunused-result]
                fscanf(fp, "\n");
                ^~~~~~ ~~~~~~~~
dp_lib/evaluate_dirichlet.c:543:8: error: 'lgamma_r' is missing exception specification 'throw()'
double lgamma_r(double x, int *signgamp)
       ^
                                         throw()
./dp_lib/evaluate_dirichlet.h:57:8: note: previous declaration is here
double lgamma_r(double x, int *signgamp);
       ^
5 warnings and 1 error generated.
makefile:11: recipe for target 'dp_lib/evaluate_dirichlet.o' failed
make[2]: [dp_lib/evaluate_dirichlet.o] Error 1 (ignored)
 CC dp_lib/evaluate_for_domain.c
clang: warning: treating 'c' input as 'c++' when in C++ mode, this behavior is deprecated
In file included from dp_lib/evaluate_for_domain.c:34:
In file included from ./util_lib_header.h:30:
./util_lib/util.h:54:1: warning: '/*' within block comment [-Wcomment]
/*                                                                   */
^
1 warning generated.
 CC dp_lib/evaluate_for_struc.c
clang: warning: treating 'c' input as 'c++' when in C++ mode, this behavior is deprecated
In file included from dp_lib/evaluate_for_struc.c:35:
In file included from ./util_lib_header.h:30:
./util_lib/util.h:54:1: warning: '/*' within block comment [-Wcomment]
/*                                                                   */
^
dp_lib/evaluate_for_struc.c:1035:21: warning: comparison of array 'S->T[i]->P->template_file' not equal to a null pointer is always true [-Wtautological-pointer-compare]
                                if (S->T[i]->P->template_file != NULL)
                                    ~~~~~~~~~~~~^~~~~~~~~~~~~    ~~~~
2 warnings generated.
 CC dp_lib/fsa_dp.c
clang: warning: treating 'c' input as 'c++' when in C++ mode, this behavior is deprecated
In file included from dp_lib/fsa_dp.c:34:
In file included from ./util_lib_header.h:30:
./util_lib/util.h:54:1: warning: '/*' within block comment [-Wcomment]
/*                                                                   */
^
1 warning generated.
 CC dp_lib/pavie_dp.c
clang: warning: treating 'c' input as 'c++' when in C++ mode, this behavior is deprecated
In file included from dp_lib/pavie_dp.c:34:
In file included from ./util_lib_header.h:30:
./util_lib/util.h:54:1: warning: '/*' within block comment [-Wcomment]
/*                                                                   */
^
dp_lib/pavie_dp.c:127:4: warning: ignoring return value of function declared with warn_unused_result attribute [-Wunused-result]
          fscanf (fp, "%s\n",mat_list[nch++]);
          ^~~~~~  ~~~~~~~~~~~~~~~~~~~~~~~~~~
dp_lib/pavie_dp.c:1079:7: warning: ignoring return value of function declared with warn_unused_result attribute [-Wunused-result]
      system  (command);
      ^~~~~~   ~~~~~~~
dp_lib/pavie_dp.c:1081:7: warning: ignoring return value of function declared with warn_unused_result attribute [-Wunused-result]
      system (command);
      ^~~~~~  ~~~~~~~
dp_lib/pavie_dp.c:1144:58: warning: operator '?:' has lower precedence than '*'; '*' will be evaluated first [-Wparentheses]
          gap_inY= F[i-1][j]   + (CL->M[x[i-1]-'A'][gap]*(j==YL)?factor:1);
                                  ~~~~~~~~~~~~~~~~~~~~~~~~~~~~~~^
dp_lib/pavie_dp.c:1144:58: note: place parentheses around the '*' expression to silence this warning
          gap_inY= F[i-1][j]   + (CL->M[x[i-1]-'A'][gap]*(j==YL)?factor:1);
                                                                ^
                                  (                             )
dp_lib/pavie_dp.c:1144:58: note: place parentheses around the '?:' expression to evaluate it first
          gap_inY= F[i-1][j]   + (CL->M[x[i-1]-'A'][gap]*(j==YL)?factor:1);
                                                                ^
                                                         (               )
dp_lib/pavie_dp.c:1145:58: warning: operator '?:' has lower precedence than '*'; '*' will be evaluated first [-Wparentheses]
          gap_inX= F[i][j-1]   + (CL->M[y[j-1]-'A'][gap]*(i==XL)?factor:1);
                                  ~~~~~~~~~~~~~~~~~~~~~~~~~~~~~~^
dp_lib/pavie_dp.c:1145:58: note: place parentheses around the '*' expression to silence this warning
          gap_inX= F[i][j-1]   + (CL->M[y[j-1]-'A'][gap]*(i==XL)?factor:1);
                                                                ^
                                  (                             )
dp_lib/pavie_dp.c:1145:58: note: place parentheses around the '?:' expression to evaluate it first
          gap_inX= F[i][j-1]   + (CL->M[y[j-1]-'A'][gap]*(i==XL)?factor:1);
                                                                ^
                                                         (               )
dp_lib/pavie_dp.c:1365:7: warning: ignoring return value of function declared with warn_unused_result attribute [-Wunused-result]
      fscanf (fp, "%s", mat);
      ^~~~~~  ~~~~~~~~~~~~~
7 warnings generated.
 CC dp_lib/showpair.c
clang: warning: treating 'c' input as 'c++' when in C++ mode, this behavior is deprecated
In file included from dp_lib/showpair.c:33:
In file included from ./util_lib_header.h:30:
./util_lib/util.h:54:1: warning: '/*' within block comment [-Wcomment]
/*                                                                   */
^
1 warning generated.
 CC dp_lib/util_domain_dp.c
clang: warning: treating 'c' input as 'c++' when in C++ mode, this behavior is deprecated
In file included from dp_lib/util_domain_dp.c:34:
In file included from ./util_lib_header.h:30:
./util_lib/util.h:54:1: warning: '/*' within block comment [-Wcomment]
/*                                                                   */
^
1 warning generated.
 CC dp_lib/util_domain_dp_drivers.c
clang: warning: treating 'c' input as 'c++' when in C++ mode, this behavior is deprecated
In file included from dp_lib/util_domain_dp_drivers.c:34:
In file included from ./util_lib_header.h:30:
./util_lib/util.h:54:1: warning: '/*' within block comment [-Wcomment]
/*                                                                   */
^
dp_lib/util_domain_dp_drivers.c:590:16: warning: using the result of an assignment as a condition without parentheses [-Wparentheses]
   while (entry=extract_entry (CL))
          ~~~~~^~~~~~~~~~~~~~~~~~~
dp_lib/util_domain_dp_drivers.c:590:16: note: place parentheses around the assignment to silence this warning
   while (entry=extract_entry (CL))
               ^
          (                       )
dp_lib/util_domain_dp_drivers.c:590:16: note: use '==' to turn this assignment into an equality comparison
   while (entry=extract_entry (CL))
               ^
               ==
2 warnings generated.
 CC dp_lib/util_dp_cdna_fasta_nw.c
clang: warning: treating 'c' input as 'c++' when in C++ mode, this behavior is deprecated
In file included from dp_lib/util_dp_cdna_fasta_nw.c:34:
In file included from ./util_lib_header.h:30:
./util_lib/util.h:54:1: warning: '/*' within block comment [-Wcomment]
/*                                                                   */
^
dp_lib/util_dp_cdna_fasta_nw.c:288:132: warning: operator '?:' has lower precedence than '+'; '+' will be evaluated first [-Wparentheses]
                else if ( type==M->INSERTION && deltatype==1)M->model[a][M->END]=M->model[M->START][a]=(M->TG_MODE==0)?M->gop:0+(M->F_TG_MODE==0)?M->f_gop:0;
                                                                                                                              ~~~~~~~~~~~~~~~~~~~^
dp_lib/util_dp_cdna_fasta_nw.c:288:132: note: place parentheses around the '+' expression to silence this warning
                else if ( type==M->INSERTION && deltatype==1)M->model[a][M->END]=M->model[M->START][a]=(M->TG_MODE==0)?M->gop:0+(M->F_TG_MODE==0)?M->f_gop:0;
                                                                                                                                                 ^
                                                                                                                              (                  )
dp_lib/util_dp_cdna_fasta_nw.c:288:132: note: place parentheses around the '?:' expression to evaluate it first
                else if ( type==M->INSERTION && deltatype==1)M->model[a][M->END]=M->model[M->START][a]=(M->TG_MODE==0)?M->gop:0+(M->F_TG_MODE==0)?M->f_gop:0;
                                                                                                                                                 ^
                                                                                                                                (                           )
dp_lib/util_dp_cdna_fasta_nw.c:290:132: warning: operator '?:' has lower precedence than '+'; '+' will be evaluated first [-Wparentheses]
                else if ( type==M->DELETION  && deltatype==1)M->model[a][M->END]=M->model[M->START][a]=(M->TG_MODE==0)?M->gop:0+(M->F_TG_MODE==0)?M->f_gop:0;
                                                                                                                              ~~~~~~~~~~~~~~~~~~~^
dp_lib/util_dp_cdna_fasta_nw.c:290:132: note: place parentheses around the '+' expression to silence this warning
                else if ( type==M->DELETION  && deltatype==1)M->model[a][M->END]=M->model[M->START][a]=(M->TG_MODE==0)?M->gop:0+(M->F_TG_MODE==0)?M->f_gop:0;
                                                                                                                                                 ^
                                                                                                                              (                  )
dp_lib/util_dp_cdna_fasta_nw.c:290:132: note: place parentheses around the '?:' expression to evaluate it first
                else if ( type==M->DELETION  && deltatype==1)M->model[a][M->END]=M->model[M->START][a]=(M->TG_MODE==0)?M->gop:0+(M->F_TG_MODE==0)?M->f_gop:0;
                                                                                                                                                 ^
                                                                                                                                (                           )
3 warnings generated.
 CC dp_lib/util_dp_clean_maln.c
clang: warning: treating 'c' input as 'c++' when in C++ mode, this behavior is deprecated
In file included from dp_lib/util_dp_clean_maln.c:34:
In file included from ./util_lib_header.h:30:
./util_lib/util.h:54:1: warning: '/*' within block comment [-Wcomment]
/*                                                                   */
^
1 warning generated.
 CC dp_lib/util_dp_drivers.c
clang: warning: treating 'c' input as 'c++' when in C++ mode, this behavior is deprecated
In file included from dp_lib/util_dp_drivers.c:34:
In file included from ./util_lib_header.h:30:
./util_lib/util.h:54:1: warning: '/*' within block comment [-Wcomment]
/*                                                                   */
^
dp_lib/util_dp_drivers.c:968:6: warning: ignoring return value of function declared with warn_unused_result attribute [-Wunused-result]
            atoi(strtok (seq,SEPARATORS));
            ^~~~ ~~~~~~~~~~~~~~~~~~~~~~~
dp_lib/util_dp_drivers.c:996:6: warning: ignoring return value of function declared with warn_unused_result attribute [-Wunused-result]
            atoi(strtok (seq,SEPARATORS));
            ^~~~ ~~~~~~~~~~~~~~~~~~~~~~~
dp_lib/util_dp_drivers.c:1037:4: warning: ignoring return value of function declared with warn_unused_result attribute [-Wunused-result]
          atoi(strtok (seq,SEPARATORS));
          ^~~~ ~~~~~~~~~~~~~~~~~~~~~~~
dp_lib/util_dp_drivers.c:1048:3: warning: ignoring return value of function declared with warn_unused_result attribute [-Wunused-result]
                tmpnam(aln1);
                ^~~~~~ ~~~~
dp_lib/util_dp_drivers.c:1049:3: warning: ignoring return value of function declared with warn_unused_result attribute [-Wunused-result]
                tmpnam(aln2);
                ^~~~~~ ~~~~
dp_lib/util_dp_drivers.c:1052:3: warning: ignoring return value of function declared with warn_unused_result attribute [-Wunused-result]
                tmpnam(hhfile);
                ^~~~~~ ~~~~~~
dp_lib/util_dp_drivers.c:1099:4: warning: ignoring return value of function declared with warn_unused_result attribute [-Wunused-result]
          fgets (buf2, 10000, fp);
          ^~~~~  ~~~~~~~~~~~~~~~
dp_lib/util_dp_drivers.c:1300:10: warning: address of array 'M->param' will always evaluate to 'true' [-Wpointer-bool-conversion]
        if ( M->param)
        ~~   ~~~^~~~~
dp_lib/util_dp_drivers.c:1253:2: warning: ignoring return value of function declared with warn_unused_result attribute [-Wunused-result]
        atoi(strtok (seq,SEPARATORS));
        ^~~~ ~~~~~~~~~~~~~~~~~~~~~~~
dp_lib/util_dp_drivers.c:1388:4: warning: ignoring return value of function declared with warn_unused_result attribute [-Wunused-result]
          atoi(strtok (seq,SEPARATORS));
          ^~~~ ~~~~~~~~~~~~~~~~~~~~~~~
dp_lib/util_dp_drivers.c:1445:4: warning: ignoring return value of function declared with warn_unused_result attribute [-Wunused-result]
          atoi(strtok (seq,SEPARATORS));
          ^~~~ ~~~~~~~~~~~~~~~~~~~~~~~
dp_lib/util_dp_drivers.c:1577:4: warning: ignoring return value of function declared with warn_unused_result attribute [-Wunused-result]
          atoi(strtok (seq,SEPARATORS));
          ^~~~ ~~~~~~~~~~~~~~~~~~~~~~~
dp_lib/util_dp_drivers.c:1652:4: warning: ignoring return value of function declared with warn_unused_result attribute [-Wunused-result]
          atoi(strtok (seq,SEPARATORS));
          ^~~~ ~~~~~~~~~~~~~~~~~~~~~~~
dp_lib/util_dp_drivers.c:1792:3: warning: ignoring return value of function declared with warn_unused_result attribute [-Wunused-result]
                getcwd (cdir, sizeof(char)*1000);
                ^~~~~~  ~~~~~~~~~~~~~~~~~~~~~~~
dp_lib/util_dp_drivers.c:1793:3: warning: ignoring return value of function declared with warn_unused_result attribute [-Wunused-result]
                chdir (get_cache_dir());
                ^~~~~  ~~~~~~~~~~~~~~~
dp_lib/util_dp_drivers.c:1813:3: warning: ignoring return value of function declared with warn_unused_result attribute [-Wunused-result]
                chdir (cdir);
                ^~~~~  ~~~~
dp_lib/util_dp_drivers.c:1744:6: warning: ignoring return value of function declared with warn_unused_result attribute [-Wunused-result]
            atoi(strtok (seq,SEPARATORS));
            ^~~~ ~~~~~~~~~~~~~~~~~~~~~~~
dp_lib/util_dp_drivers.c:1927:2: warning: ignoring return value of function declared with warn_unused_result attribute [-Wunused-result]
        atoi(strtok (seq,SEPARATORS));
        ^~~~ ~~~~~~~~~~~~~~~~~~~~~~~
dp_lib/util_dp_drivers.c:2463:19: warning: address of array 'CL->tree_mode' will always evaluate to 'true' [-Wpointer-bool-conversion]
        if ( !CL || !CL->tree_mode || !CL->tree_mode[0])
                    ~~~~~^~~~~~~~~
dp_lib/util_dp_drivers.c:3810:22: warning: address of array 'CL->dp_mode' will always evaluate to 'true' [-Wpointer-bool-conversion]
      if ( CL && CL->dp_mode && strstr (CL->dp_mode, "collapse"))dump_constraint_list (CL, tmp, "w");
              ~~ ~~~~^~~~~~~
dp_lib/util_dp_drivers.c:3813:22: warning: address of array 'CL->dp_mode' will always evaluate to 'true' [-Wpointer-bool-conversion]
      if ( CL && CL->dp_mode && strstr (CL->dp_mode, "collapse"))
              ~~ ~~~~^~~~~~~
22 warnings generated.
 CC dp_lib/util_dp_est.c
clang: warning: treating 'c' input as 'c++' when in C++ mode, this behavior is deprecated
In file included from dp_lib/util_dp_est.c:34:
In file included from ./util_lib_header.h:30:
./util_lib/util.h:54:1: warning: '/*' within block comment [-Wcomment]
/*                                                                   */
^
1 warning generated.
 CC dp_lib/util_dp_fasta_nw.c
clang: warning: treating 'c' input as 'c++' when in C++ mode, this behavior is deprecated
In file included from dp_lib/util_dp_fasta_nw.c:35:
In file included from ./util_lib_header.h:30:
./util_lib/util.h:54:1: warning: '/*' within block comment [-Wcomment]
/*                                                                   */
^
1 warning generated.
 CC dp_lib/util_dp_fasta_sw.c
clang: warning: treating 'c' input as 'c++' when in C++ mode, this behavior is deprecated
In file included from dp_lib/util_dp_fasta_sw.c:34:
In file included from ./util_lib_header.h:30:
./util_lib/util.h:54:1: warning: '/*' within block comment [-Wcomment]
/*                                                                   */
^
1 warning generated.
 CC dp_lib/util_dp_generic_fasta_nw.c
clang: warning: treating 'c' input as 'c++' when in C++ mode, this behavior is deprecated
In file included from dp_lib/util_dp_generic_fasta_nw.c:35:
In file included from ./util_lib_header.h:30:
./util_lib/util.h:54:1: warning: '/*' within block comment [-Wcomment]
/*                                                                   */
^
1 warning generated.
 CC dp_lib/util_dp_gotoh_nw.c
clang: warning: treating 'c' input as 'c++' when in C++ mode, this behavior is deprecated
In file included from dp_lib/util_dp_gotoh_nw.c:35:
In file included from ./util_lib_header.h:30:
./util_lib/util.h:54:1: warning: '/*' within block comment [-Wcomment]
/*                                                                   */
^
1 warning generated.
 CC dp_lib/util_dp_gotoh_sw.c
clang: warning: treating 'c' input as 'c++' when in C++ mode, this behavior is deprecated
In file included from dp_lib/util_dp_gotoh_sw.c:34:
In file included from ./util_lib_header.h:30:
./util_lib/util.h:54:1: warning: '/*' within block comment [-Wcomment]
/*                                                                   */
^
dp_lib/util_dp_gotoh_sw.c:391:8: warning: ignoring return value of function declared with warn_unused_result attribute [-Wunused-result]
                                   fread ( &k, sizeof (TRACE_TYPE), 1, long_trace);
                                   ^~~~~   ~~~~~~~~~~~~~~~~~~~~~~~~~~~~~~~~~~~~~~
2 warnings generated.
 CC dp_lib/util_dp_mm_nw.c
clang: warning: treating 'c' input as 'c++' when in C++ mode, this behavior is deprecated
In file included from dp_lib/util_dp_mm_nw.c:34:
In file included from ./util_lib_header.h:30:
./util_lib/util.h:54:1: warning: '/*' within block comment [-Wcomment]
/*                                                                   */
^
1 warning generated.
 CC dp_lib/util_dp_sim.c
clang: warning: treating 'c' input as 'c++' when in C++ mode, this behavior is deprecated
In file included from dp_lib/util_dp_sim.c:33:
In file included from ./util_lib_header.h:30:
./util_lib/util.h:54:1: warning: '/*' within block comment [-Wcomment]
/*                                                                   */
^
dp_lib/util_dp_sim.c:248:20: warning: empty parentheses interpreted as a function declaration [-Wvexing-parse]
  vertexptr findmax();                  /* return the largest score node */
                   ^~
dp_lib/util_dp_sim.c:248:20: note: replace parentheses with an initializer to declare a variable
  vertexptr findmax();                  /* return the largest score node */
                   ^~
                    = NULL
dp_lib/util_dp_sim.c:572:16: warning: empty parentheses interpreted as a function declaration [-Wvexing-parse]
  int   addnode();                      /* function for inserting a node */
               ^~
dp_lib/util_dp_sim.c:572:16: note: replace parentheses with an initializer to declare a variable
  int   addnode();                      /* function for inserting a node */
               ^~
                = 0
3 warnings generated.
 CC dp_lib/util_dp_ssec_pwaln.c
clang: warning: treating 'c' input as 'c++' when in C++ mode, this behavior is deprecated
In file included from dp_lib/util_dp_ssec_pwaln.c:34:
In file included from ./util_lib_header.h:30:
./util_lib/util.h:54:1: warning: '/*' within block comment [-Wcomment]
/*                                                                   */
^
1 warning generated.
 CC dp_lib/util_dp_suboptimal_nw.c
clang: warning: treating 'c' input as 'c++' when in C++ mode, this behavior is deprecated
In file included from dp_lib/util_dp_suboptimal_nw.c:34:
In file included from ./util_lib_header.h:30:
./util_lib/util.h:54:1: warning: '/*' within block comment [-Wcomment]
/*                                                                   */
^
1 warning generated.
 CC dp_lib/util_graph_maln.c
clang: warning: treating 'c' input as 'c++' when in C++ mode, this behavior is deprecated
In file included from dp_lib/util_graph_maln.c:34:
In file included from ./util_lib_header.h:30:
./util_lib/util.h:54:1: warning: '/*' within block comment [-Wcomment]
/*                                                                   */
^
1 warning generated.
 CC fastal/diagonal.c
clang: warning: treating 'c' input as 'c++' when in C++ mode, this behavior is deprecated
In file included from fastal/diagonal.c:32:
In file included from ./util_lib_header.h:30:
./util_lib/util.h:54:1: warning: '/*' within block comment [-Wcomment]
/*                                                                   */
^
fastal/diagonal.c:434:2: warning: ignoring return value of function declared with warn_unused_result attribute [-Wunused-result]
        system(blast_command);
        ^~~~~~ ~~~~~~~~~~~~~
fastal/diagonal.c:439:2: warning: ignoring return value of function declared with warn_unused_result attribute [-Wunused-result]
        fgets(line, 300, diag_f);
        ^~~~~ ~~~~~~~~~~~~~~~~~
fastal/diagonal.c:440:2: warning: ignoring return value of function declared with warn_unused_result attribute [-Wunused-result]
        fgets(line, 300, diag_f);
        ^~~~~ ~~~~~~~~~~~~~~~~~
fastal/diagonal.c:441:2: warning: ignoring return value of function declared with warn_unused_result attribute [-Wunused-result]
        fgets(line, 300, diag_f);
        ^~~~~ ~~~~~~~~~~~~~~~~~
5 warnings generated.
 CC fastal/fastal.c
clang: warning: treating 'c' input as 'c++' when in C++ mode, this behavior is deprecated
In file included from fastal/fastal.c:35:
In file included from ./util_lib_header.h:30:
./util_lib/util.h:54:1: warning: '/*' within block comment [-Wcomment]
/*                                                                   */
^
fastal/fastal.c:1976:3: warning: ignoring return value of function declared with warn_unused_result attribute [-Wunused-result]
                system(blast_command);
                ^~~~~~ ~~~~~~~~~~~~~
fastal/fastal.c:1980:3: warning: ignoring return value of function declared with warn_unused_result attribute [-Wunused-result]
                fgets(line, 300, diag_f);
                ^~~~~ ~~~~~~~~~~~~~~~~~
fastal/fastal.c:1981:3: warning: ignoring return value of function declared with warn_unused_result attribute [-Wunused-result]
                fgets(line, 300, diag_f);
                ^~~~~ ~~~~~~~~~~~~~~~~~
fastal/fastal.c:1982:3: warning: ignoring return value of function declared with warn_unused_result attribute [-Wunused-result]
                fgets(line, 300, diag_f);
                ^~~~~ ~~~~~~~~~~~~~~~~~
fastal/fastal.c:1924:2: warning: ignoring return value of function declared with warn_unused_result attribute [-Wunused-result]
        system(blast_command);
        ^~~~~~ ~~~~~~~~~~~~~
fastal/fastal.c:1929:2: warning: ignoring return value of function declared with warn_unused_result attribute [-Wunused-result]
        fgets(line, 300, diag_f);
        ^~~~~ ~~~~~~~~~~~~~~~~~
fastal/fastal.c:1930:2: warning: ignoring return value of function declared with warn_unused_result attribute [-Wunused-result]
        fgets(line, 300, diag_f);
        ^~~~~ ~~~~~~~~~~~~~~~~~
fastal/fastal.c:1931:2: warning: ignoring return value of function declared with warn_unused_result attribute [-Wunused-result]
        fgets(line, 300, diag_f);
        ^~~~~ ~~~~~~~~~~~~~~~~~
fastal/fastal.c:2115:2: warning: ignoring return value of function declared with warn_unused_result attribute [-Wunused-result]
        system(blast_command);
        ^~~~~~ ~~~~~~~~~~~~~
fastal/fastal.c:2262:2: warning: ignoring return value of function declared with warn_unused_result attribute [-Wunused-result]
        system(blast_command);
        ^~~~~~ ~~~~~~~~~~~~~
fastal/fastal.c:3201:2: warning: ignoring return value of function declared with warn_unused_result attribute [-Wunused-result]
        fgets (line, LINE_LENGTH , seq_file);
        ^~~~~  ~~~~~~~~~~~~~~~~~~~~~~~~~~~~
fastal/fastal.c:3352:3: warning: ignoring return value of function declared with warn_unused_result attribute [-Wunused-result]
                fgets(line, LINE_LENGTH , profile_f);
                ^~~~~ ~~~~~~~~~~~~~~~~~~~~~~~~~~~~~
fastal/fastal.c:3323:2: warning: ignoring return value of function declared with warn_unused_result attribute [-Wunused-result]
        fgets(line, LINE_LENGTH, profile_f);
        ^~~~~ ~~~~~~~~~~~~~~~~~~~~~~~~~~~~
fastal/fastal.c:3326:2: warning: ignoring return value of function declared with warn_unused_result attribute [-Wunused-result]
        fgets(line, LINE_LENGTH, profile_f);
        ^~~~~ ~~~~~~~~~~~~~~~~~~~~~~~~~~~~
fastal/fastal.c:3329:2: warning: ignoring return value of function declared with warn_unused_result attribute [-Wunused-result]
        fgets(line, LINE_LENGTH, profile_f);
        ^~~~~ ~~~~~~~~~~~~~~~~~~~~~~~~~~~~
fastal/fastal.c:3331:2: warning: ignoring return value of function declared with warn_unused_result attribute [-Wunused-result]
        fgets(line, LINE_LENGTH, profile_f);
        ^~~~~ ~~~~~~~~~~~~~~~~~~~~~~~~~~~~
fastal/fastal.c:3333:2: warning: ignoring return value of function declared with warn_unused_result attribute [-Wunused-result]
        fgets(line, LINE_LENGTH, profile_f);
        ^~~~~ ~~~~~~~~~~~~~~~~~~~~~~~~~~~~
fastal/fastal.c:3502:2: warning: ignoring return value of function declared with warn_unused_result attribute [-Wunused-result]
        fgets (line, LINE_LENGTH , sequence_file);
        ^~~~~  ~~~~~~~~~~~~~~~~~~~~~~~~~~~~~~~~~
fastal/fastal.c:3575:2: warning: ignoring return value of function declared with warn_unused_result attribute [-Wunused-result]
        fgets(line, LINE_LENGTH , edit_file);
        ^~~~~ ~~~~~~~~~~~~~~~~~~~~~~~~~~~~~
fastal/fastal.c:3577:2: warning: ignoring return value of function declared with warn_unused_result attribute [-Wunused-result]
        fgets(line, LINE_LENGTH , edit_file);
        ^~~~~ ~~~~~~~~~~~~~~~~~~~~~~~~~~~~~
fastal/fastal.c:3579:2: warning: ignoring return value of function declared with warn_unused_result attribute [-Wunused-result]
        fgets(line, LINE_LENGTH , edit_file);
        ^~~~~ ~~~~~~~~~~~~~~~~~~~~~~~~~~~~~
fastal/fastal.c:3581:2: warning: ignoring return value of function declared with warn_unused_result attribute [-Wunused-result]
        fgets(line, LINE_LENGTH , edit_file);
        ^~~~~ ~~~~~~~~~~~~~~~~~~~~~~~~~~~~~
fastal/fastal.c:3643:2: warning: ignoring return value of function declared with warn_unused_result attribute [-Wunused-result]
        fgets(aligned_sequence, alignment_length+3, edit_seq_file);
        ^~~~~ ~~~~~~~~~~~~~~~~~~~~~~~~~~~~~~~~~~~~~~~~~~~~~~~~~~~
24 warnings generated.
 CC fastal/fastal_opt_parsing.c
clang: warning: treating 'c' input as 'c++' when in C++ mode, this behavior is deprecated
fastal/fastal_opt_parsing.c:39:29: warning: result of comparison against a string literal is unspecified (use strncmp instead) [-Wstring-compare]
        if (arguments->tree_method == "parttree")
                                   ^  ~~~~~~~~~~
1 warning generated.
 CC fastal/iteration.c
clang: warning: treating 'c' input as 'c++' when in C++ mode, this behavior is deprecated
In file included from fastal/iteration.c:35:
In file included from ./util_lib_header.h:30:
./util_lib/util.h:54:1: warning: '/*' within block comment [-Wcomment]
/*                                                                   */
^
fastal/iteration.c:185:2: warning: ignoring return value of function declared with warn_unused_result attribute [-Wunused-result]
        fgets(line, LINE_LENGTH , alignment_file);
        ^~~~~ ~~~~~~~~~~~~~~~~~~~~~~~~~~~~~~~~~~
fastal/iteration.c:310:3: warning: ignoring return value of function declared with warn_unused_result attribute [-Wunused-result]
                fgets(line, LINE_LENGTH , alignment_file);
                ^~~~~ ~~~~~~~~~~~~~~~~~~~~~~~~~~~~~~~~~~
fastal/iteration.c:435:2: warning: ignoring return value of function declared with warn_unused_result attribute [-Wunused-result]
        system(command);
        ^~~~~~ ~~~~~~~
fastal/iteration.c:535:5: warning: ignoring return value of function declared with warn_unused_result attribute [-Wunused-result]
                                fgets(alnline, ALNLINE_LENGTH, old_aln_file);
                                ^~~~~ ~~~~~~~~~~~~~~~~~~~~~~~~~~~~~~~~~~~~~
fastal/iteration.c:501:3: warning: ignoring return value of function declared with warn_unused_result attribute [-Wunused-result]
                fgets(alnline, ALNLINE_LENGTH , old_aln_file);
                ^~~~~ ~~~~~~~~~~~~~~~~~~~~~~~~~~~~~~~~~~~~~~
fastal/iteration.c:504:3: warning: ignoring return value of function declared with warn_unused_result attribute [-Wunused-result]
                fgets(alnline, ALNLINE_LENGTH , old_aln_file);
                ^~~~~ ~~~~~~~~~~~~~~~~~~~~~~~~~~~~~~~~~~~~~~
fastal/iteration.c:563:2: warning: ignoring return value of function declared with warn_unused_result attribute [-Wunused-result]
        fgets(line, LINE_LENGTH , edit_file);
        ^~~~~ ~~~~~~~~~~~~~~~~~~~~~~~~~~~~~
fastal/iteration.c:565:2: warning: ignoring return value of function declared with warn_unused_result attribute [-Wunused-result]
        fgets(line, LINE_LENGTH , edit_file);
        ^~~~~ ~~~~~~~~~~~~~~~~~~~~~~~~~~~~~
fastal/iteration.c:567:2: warning: ignoring return value of function declared with warn_unused_result attribute [-Wunused-result]
        fgets(line, LINE_LENGTH , edit_file);
        ^~~~~ ~~~~~~~~~~~~~~~~~~~~~~~~~~~~~
fastal/iteration.c:569:2: warning: ignoring return value of function declared with warn_unused_result attribute [-Wunused-result]
        fgets(line, LINE_LENGTH , edit_file);
        ^~~~~ ~~~~~~~~~~~~~~~~~~~~~~~~~~~~~
11 warnings generated.
 CC fastal/parttree.c
clang: warning: treating 'c' input as 'c++' when in C++ mode, this behavior is deprecated
In file included from fastal/parttree.c:37:
In file included from ./util_lib_header.h:30:
./util_lib/util.h:54:1: warning: '/*' within block comment [-Wcomment]
/*                                                                   */
^
fastal/parttree.c:701:4: warning: ignoring return value of function declared with warn_unused_result attribute [-Wunused-result]
                        fgets(line, 500, aln_f);
                        ^~~~~ ~~~~~~~~~~~~~~~~
fastal/parttree.c:695:3: warning: ignoring return value of function declared with warn_unused_result attribute [-Wunused-result]
                fgets(line, 500, aln_f);
                ^~~~~ ~~~~~~~~~~~~~~~~
fastal/parttree.c:859:3: warning: ignoring return value of function declared with warn_unused_result attribute [-Wunused-result]
                fgets(line, LINE_LENGTH, tables_f);
                ^~~~~ ~~~~~~~~~~~~~~~~~~~~~~~~~~~
fastal/parttree.c:848:2: warning: ignoring return value of function declared with warn_unused_result attribute [-Wunused-result]
        fgets(line, LINE_LENGTH, tables_f);
        ^~~~~ ~~~~~~~~~~~~~~~~~~~~~~~~~~~
fastal/parttree.c:903:3: warning: ignoring return value of function declared with warn_unused_result attribute [-Wunused-result]
                fgets(line, LINE_LENGTH, ktup_f);
                ^~~~~ ~~~~~~~~~~~~~~~~~~~~~~~~~
fastal/parttree.c:912:3: warning: ignoring return value of function declared with warn_unused_result attribute [-Wunused-result]
                fgets(line, LINE_LENGTH, ktup_f);
                ^~~~~ ~~~~~~~~~~~~~~~~~~~~~~~~~
fastal/parttree.c:891:2: warning: ignoring return value of function declared with warn_unused_result attribute [-Wunused-result]
        fgets(line, LINE_LENGTH, ktup_f);
        ^~~~~ ~~~~~~~~~~~~~~~~~~~~~~~~~
fastal/parttree.c:906:2: warning: ignoring return value of function declared with warn_unused_result attribute [-Wunused-result]
        fgets(line, LINE_LENGTH, ktup_f);
        ^~~~~ ~~~~~~~~~~~~~~~~~~~~~~~~~
fastal/parttree.c:962:3: warning: ignoring return value of function declared with warn_unused_result attribute [-Wunused-result]
                fgets(line, LINE_LENGTH, ktup_f);
                ^~~~~ ~~~~~~~~~~~~~~~~~~~~~~~~~
fastal/parttree.c:951:2: warning: ignoring return value of function declared with warn_unused_result attribute [-Wunused-result]
        fgets(line, LINE_LENGTH, ktup_f);
        ^~~~~ ~~~~~~~~~~~~~~~~~~~~~~~~~
11 warnings generated.
 CC fastal/scoring.c
clang: warning: treating 'c' input as 'c++' when in C++ mode, this behavior is deprecated
In file included from fastal/scoring.c:38:
In file included from ./util_lib_header.h:30:
./util_lib/util.h:54:1: warning: '/*' within block comment [-Wcomment]
/*                                                                   */
^
fastal/scoring.c:76:3: warning: ignoring return value of function declared with warn_unused_result attribute [-Wunused-result]
                fgets(line, LINE_LENGTH, alignment_file);
                ^~~~~ ~~~~~~~~~~~~~~~~~~~~~~~~~~~~~~~~~
fastal/scoring.c:82:3: warning: ignoring return value of function declared with warn_unused_result attribute [-Wunused-result]
                fgets(line, LINE_LENGTH, alignment_file);
                ^~~~~ ~~~~~~~~~~~~~~~~~~~~~~~~~~~~~~~~~
fastal/scoring.c:78:2: warning: ignoring return value of function declared with warn_unused_result attribute [-Wunused-result]
        fgets(line, LINE_LENGTH, alignment_file);
        ^~~~~ ~~~~~~~~~~~~~~~~~~~~~~~~~~~~~~~~~
fastal/scoring.c:384:4: warning: ignoring return value of function declared with warn_unused_result attribute [-Wunused-result]
                        fgets(line, LINE_LENGTH, seq_file);
                        ^~~~~ ~~~~~~~~~~~~~~~~~~~~~~~~~~~
fastal/scoring.c:398:3: warning: ignoring return value of function declared with warn_unused_result attribute [-Wunused-result]
                system(aln_command);
                ^~~~~~ ~~~~~~~~~~~
fastal/scoring.c:488:3: warning: ignoring return value of function declared with warn_unused_result attribute [-Wunused-result]
                fgets(line, LINE_LENGTH, seq_f);
                ^~~~~ ~~~~~~~~~~~~~~~~~~~~~~~~
fastal/scoring.c:502:2: warning: ignoring return value of function declared with warn_unused_result attribute [-Wunused-result]
        system(command);
        ^~~~~~ ~~~~~~~
fastal/scoring.c:583:2: warning: ignoring return value of function declared with warn_unused_result attribute [-Wunused-result]
        fgets(line, LINE_LENGTH, result);
        ^~~~~ ~~~~~~~~~~~~~~~~~~~~~~~~~
fastal/scoring.c:584:2: warning: ignoring return value of function declared with warn_unused_result attribute [-Wunused-result]
        fgets(line, LINE_LENGTH, result);
        ^~~~~ ~~~~~~~~~~~~~~~~~~~~~~~~~
fastal/scoring.c:585:2: warning: ignoring return value of function declared with warn_unused_result attribute [-Wunused-result]
        fgets(line, LINE_LENGTH, result);
        ^~~~~ ~~~~~~~~~~~~~~~~~~~~~~~~~
11 warnings generated.
 CC fastal/tree.c
clang: warning: treating 'c' input as 'c++' when in C++ mode, this behavior is deprecated
In file included from fastal/tree.c:34:
In file included from ./util_lib_header.h:30:
./util_lib/util.h:54:1: warning: '/*' within block comment [-Wcomment]
/*                                                                   */
^
1 warning generated.
 CC io_lib/io_func.c
clang: warning: treating 'c' input as 'c++' when in C++ mode, this behavior is deprecated
In file included from io_lib/io_func.c:34:
In file included from ./util_lib_header.h:30:
./util_lib/util.h:54:1: warning: '/*' within block comment [-Wcomment]
/*                                                                   */
^
io_lib/io_func.c:511:9: warning: ignoring return value of function declared with warn_unused_result attribute [-Wunused-result]
                      fscanf ( fp, "\n");
                      ^~~~~~   ~~~~~~~~
io_lib/io_func.c:747:7: warning: '/*' within block comment [-Wcomment]
             /*
             ^
io_lib/io_func.c:749:7: warning: '/*' within block comment [-Wcomment]
             /*3*/
             ^
io_lib/io_func.c:971:8: warning: ignoring return value of function declared with warn_unused_result attribute [-Wunused-result]
                     fscanf (fp, "%s %f %f %f", html_code[classC], &ps_code[classC][0], &ps_code[classC][1],&ps_code[classC][2]);
                     ^~~~~~  ~~~~~~~~~~~~~~~~~~~~~~~~~~~~~~~~~~~~~~~~~~~~~~~~~~~~~~~~~~~~~~~~~~~~~~~~~~~~~~~~~~~~~~~~~~~~~~~~~~
io_lib/io_func.c:1235:17: warning: implicit conversion of NULL constant to 'int' [-Wnull-conversion]
  if (!A)return NULL;
         ~~~~~~ ^~~~
                0
io_lib/io_func.c:2076:1: warning: control reaches end of non-void function [-Wreturn-type]
}
^
7 warnings generated.
 CC io_lib/pb_util_read_seq_util.c
clang: warning: treating 'c' input as 'c++' when in C++ mode, this behavior is deprecated
In file included from io_lib/pb_util_read_seq_util.c:35:
In file included from ./util_lib_header.h:30:
./util_lib/util.h:54:1: warning: '/*' within block comment [-Wcomment]
/*                                                                   */
^
io_lib/pb_util_read_seq_util.c:224:31: warning: if statement has empty body [-Wempty-body]
            else if (isspace(str[i]));
                                     ^
io_lib/pb_util_read_seq_util.c:224:31: note: put the semicolon on a separate line to silence this warning
io_lib/pb_util_read_seq_util.c:269:2: warning: ignoring return value of function declared with warn_unused_result attribute [-Wunused-result]
        fgets(outstr, 100, stdin);
        ^~~~~ ~~~~~~~~~~~~~~~~~~
io_lib/pb_util_read_seq_util.c:280:3: warning: ignoring return value of function declared with warn_unused_result attribute [-Wunused-result]
                fgets(line, MAXLINE, stdin);
                ^~~~~ ~~~~~~~~~~~~~~~~~~~~
io_lib/pb_util_read_seq_util.c:305:3: warning: ignoring return value of function declared with warn_unused_result attribute [-Wunused-result]
                fgets(line, MAXLINE, stdin);
                ^~~~~ ~~~~~~~~~~~~~~~~~~~~
io_lib/pb_util_read_seq_util.c:327:3: warning: ignoring return value of function declared with warn_unused_result attribute [-Wunused-result]
                system(line);
                ^~~~~~ ~~~~
6 warnings generated.
 CC io_lib/pb_util_read_sequence.c
clang: warning: treating 'c' input as 'c++' when in C++ mode, this behavior is deprecated
In file included from io_lib/pb_util_read_sequence.c:36:
In file included from ./util_lib_header.h:30:
./util_lib/util.h:54:1: warning: '/*' within block comment [-Wcomment]
/*                                                                   */
^
io_lib/pb_util_read_sequence.c:108:25: warning: ignoring return value of function declared with warn_unused_result attribute [-Wunused-result]
                        for(i=1;i<seqno;i++) fgets(line,MAXLINE+1,fin);
                                             ^~~~~ ~~~~~~~~~~~~~~~~~~
io_lib/pb_util_read_sequence.c:149:25: warning: ignoring return value of function declared with warn_unused_result attribute [-Wunused-result]
                        for(i=1;i<seqno;i++) fgets(line,MAXLINE+1,fin);
                                             ^~~~~ ~~~~~~~~~~~~~~~~~~
io_lib/pb_util_read_sequence.c:144:2: warning: ignoring return value of function declared with warn_unused_result attribute [-Wunused-result]
        fgets(line,MAXLINE+1,fin);      /* read the title line...ignore it */
        ^~~~~ ~~~~~~~~~~~~~~~~~~
io_lib/pb_util_read_sequence.c:183:5: warning: ignoring return value of function declared with warn_unused_result attribute [-Wunused-result]
                                fgets(line,MAXLINE+1,fin);
                                ^~~~~ ~~~~~~~~~~~~~~~~~~
io_lib/pb_util_read_sequence.c:193:5: warning: ignoring return value of function declared with warn_unused_result attribute [-Wunused-result]
                                fgets(line,MAXLINE+1,fin);
                                ^~~~~ ~~~~~~~~~~~~~~~~~~
io_lib/pb_util_read_sequence.c:213:5: warning: ignoring return value of function declared with warn_unused_result attribute [-Wunused-result]
                                fgets(line,MAXLINE+1,fin);
                                ^~~~~ ~~~~~~~~~~~~~~~~~~
io_lib/pb_util_read_sequence.c:249:5: warning: ignoring return value of function declared with warn_unused_result attribute [-Wunused-result]
                                fgets(line,MAXLINE+1,fin);
                                ^~~~~ ~~~~~~~~~~~~~~~~~~
io_lib/pb_util_read_sequence.c:280:6: warning: ignoring return value of function declared with warn_unused_result attribute [-Wunused-result]
                                        fgets(line,MAXLINE+1,fin);
                                        ^~~~~ ~~~~~~~~~~~~~~~~~~
io_lib/pb_util_read_sequence.c:222:4: warning: ignoring return value of function declared with warn_unused_result attribute [-Wunused-result]
                        fgets(line,MAXLINE+1,fin);
                        ^~~~~ ~~~~~~~~~~~~~~~~~~
io_lib/pb_util_read_sequence.c:486:16: warning: equality comparison with extraneous parentheses [-Wparentheses-equality]
                                if(( *line == '%' ) )
                                     ~~~~~~^~~~~~
io_lib/pb_util_read_sequence.c:486:16: note: remove extraneous parentheses around the comparison to silence this warning
                                if(( *line == '%' ) )
                                   ~       ^      ~~
io_lib/pb_util_read_sequence.c:486:16: note: use '=' to turn this equality comparison into an assignment
                                if(( *line == '%' ) )
                                           ^~
                                           =
io_lib/pb_util_read_sequence.c:488:22: warning: equality comparison with extraneous parentheses [-Wparentheses-equality]
                                else if (( *line == '#') )
                                           ~~~~~~^~~~~~
io_lib/pb_util_read_sequence.c:488:22: note: remove extraneous parentheses around the comparison to silence this warning
                                else if (( *line == '#') )
                                         ~       ^     ~
io_lib/pb_util_read_sequence.c:488:22: note: use '=' to turn this equality comparison into an assignment
                                else if (( *line == '#') )
                                                 ^~
                                                 =
12 warnings generated.
 CC io_lib/tree_util.c
clang: warning: treating 'c' input as 'c++' when in C++ mode, this behavior is deprecated
In file included from io_lib/tree_util.c:34:
In file included from ./util_lib_header.h:30:
./util_lib/util.h:54:1: warning: '/*' within block comment [-Wcomment]
/*                                                                   */
^
io_lib/tree_util.c:836:42: warning: data argument not used by format string [-Wformat-extra-args]
        fprintf (stdout, "Process positions\n", i);
                         ~~~~~~~~~~~~~~~~~~~~~  ^
io_lib/tree_util.c:1205:23: warning: implicit conversion from 'double' to 'int' changes value from 1.0E-4 to 0 [-Wliteral-conversion]
  reset_boot_tree (RT,0.0001);
  ~~~~~~~~~~~~~~~     ^~~~~~
io_lib/tree_util.c:2803:10: warning: ignoring return value of function declared with warn_unused_result attribute [-Wunused-result]
                fscanf(fp,"%f",&dist);
                ^~~~~~ ~~~~~~~~~~~~~
io_lib/tree_util.c:2811:6: warning: ignoring return value of function declared with warn_unused_result attribute [-Wunused-result]
            fscanf(fp,"%f",&bootstrap);
            ^~~~~~ ~~~~~~~~~~~~~~~~~~
io_lib/tree_util.c:4252:1: warning: control reaches end of non-void function [-Wreturn-type]
}
^
io_lib/tree_util.c:4478:1: warning: control reaches end of non-void function [-Wreturn-type]
}
^
io_lib/tree_util.c:4581:1: warning: control reaches end of non-void function [-Wreturn-type]
}
^
io_lib/tree_util.c:4959:1: warning: control reaches end of non-void function [-Wreturn-type]
}
^
io_lib/tree_util.c:5043:1: warning: control reaches end of non-void function [-Wreturn-type]
}
^
io_lib/tree_util.c:5116:1: warning: control reaches end of non-void function [-Wreturn-type]
}
^
11 warnings generated.
 CC km_coffee/Stack.c
clang: warning: treating 'c' input as 'c++' when in C++ mode, this behavior is deprecated
 CC km_coffee/Vector.c
clang: warning: treating 'c' input as 'c++' when in C++ mode, this behavior is deprecated
km_coffee/Vector.c:869:25: warning: format specifies type 'int' but the argument has type 'size_t' (aka 'unsigned long') [-Wformat]
                fprintf(out_F, "%i ", i);
                                ~~    ^
                                %lu
1 warning generated.
 CC km_coffee/classes.c
clang: warning: treating 'c' input as 'c++' when in C++ mode, this behavior is deprecated
 CC km_coffee/km_coffee.c
clang: warning: treating 'c' input as 'c++' when in C++ mode, this behavior is deprecated
In file included from km_coffee/km_coffee.c:44:
In file included from ./util_lib_header.h:30:
./util_lib/util.h:54:1: warning: '/*' within block comment [-Wcomment]
/*                                                                   */
^
km_coffee/km_coffee.c:491:2: warning: ignoring return value of function declared with warn_unused_result attribute [-Wunused-result]
        chdir(km_tmp_dir);
        ^~~~~ ~~~~~~~~~~
2 warnings generated.
 CC km_coffee/km_util.c
clang: warning: treating 'c' input as 'c++' when in C++ mode, this behavior is deprecated
km_coffee/km_util.c:96:55: warning: more '%' conversions than data arguments [-Wformat]
                fprintf(stderr, "This error was caused by '%s' in '%s'\n", function);
                                                                   ~^
1 warning generated.
 CC km_coffee/kmeans.c
clang: warning: treating 'c' input as 'c++' when in C++ mode, this behavior is deprecated
 CC t_coffee_lib/t_coffee.c
clang: warning: treating 'c' input as 'c++' when in C++ mode, this behavior is deprecated
In file included from t_coffee_lib/t_coffee.c:36:
In file included from ./util_lib_header.h:30:
./util_lib/util.h:54:1: warning: '/*' within block comment [-Wcomment]
/*                                                                   */
^
t_coffee_lib/t_coffee.c:3956:7: warning: ignoring return value of function declared with warn_unused_result attribute [-Wunused-result]
                           system (command);
                           ^~~~~~  ~~~~~~~
t_coffee_lib/t_coffee.c:3970:7: warning: ignoring return value of function declared with warn_unused_result attribute [-Wunused-result]
                           system (command);
                           ^~~~~~  ~~~~~~~
t_coffee_lib/t_coffee.c:3984:7: warning: ignoring return value of function declared with warn_unused_result attribute [-Wunused-result]
                           system (command);
                           ^~~~~~  ~~~~~~~
t_coffee_lib/t_coffee.c:6306:1: warning: control reaches end of non-void function [-Wreturn-type]
}
^
t_coffee_lib/t_coffee.c:6545:1: warning: control may reach end of non-void function [-Wreturn-type]
}
^
6 warnings generated.
 CC util_lib/aln_compare.c
clang: warning: treating 'c' input as 'c++' when in C++ mode, this behavior is deprecated
In file included from util_lib/aln_compare.c:35:
In file included from ./util_lib_header.h:30:
./util_lib/util.h:54:1: warning: '/*' within block comment [-Wcomment]
/*                                                                   */
^
1 warning generated.
 CC util_lib/aln_convertion_util.c
clang: warning: treating 'c' input as 'c++' when in C++ mode, this behavior is deprecated
In file included from util_lib/aln_convertion_util.c:34:
In file included from ./util_lib_header.h:30:
./util_lib/util.h:54:1: warning: '/*' within block comment [-Wcomment]
/*                                                                   */
^
util_lib/aln_convertion_util.c:4453:1: warning: control reaches end of non-void function [-Wreturn-type]
}
^
util_lib/aln_convertion_util.c:4549:26: warning: address of array 'T->template_file' will always evaluate to 'true' [-Wpointer-bool-conversion]
              else if ( T && T->template_file && T->template_file[0])
                          ~~ ~~~^~~~~~~~~~~~~
util_lib/aln_convertion_util.c:5516:25: warning: expression which evaluates to zero treated as a null pointer constant of type 'char *' [-Wnon-literal-null-conversion]
             S->seq_comment[a]='\0';
                               ^~~~
util_lib/aln_convertion_util.c:7269:3: warning: ignoring return value of function declared with warn_unused_result attribute [-Wunused-result]
         fgets ( line, VERY_LONG_STRING,fp);
         ^~~~~   ~~~~~~~~~~~~~~~~~~~~~~~~~
util_lib/aln_convertion_util.c:7292:7: warning: ignoring return value of function declared with warn_unused_result attribute [-Wunused-result]
             fgets ( line, VERY_LONG_STRING,fp);
             ^~~~~   ~~~~~~~~~~~~~~~~~~~~~~~~~
util_lib/aln_convertion_util.c:7288:25: warning: ignoring return value of function declared with warn_unused_result attribute [-Wunused-result]
         if ( c=='#' || c=='!')fgets ( line, VERY_LONG_STRING,fp);
                               ^~~~~   ~~~~~~~~~~~~~~~~~~~~~~~~~
util_lib/aln_convertion_util.c:7507:1: warning: control reaches end of non-void function [-Wreturn-type]
}
^
util_lib/aln_convertion_util.c:12740:16: warning: address of array 'F->mode' will always evaluate to 'true' [-Wpointer-bool-conversion]
              if (!F->mode || strm (F->mode, "number"))
                  ~~~~^~~~
util_lib/aln_convertion_util.c:12742:21: warning: address of array 'F->mode' will always evaluate to 'true' [-Wpointer-bool-conversion]
              else if ( F->mode && (strm (F->mode, "unalign") ||strm (F->mode, "unalign2")))
                        ~~~^~~~ ~~
util_lib/aln_convertion_util.c:12744:21: warning: address of array 'F->mode' will always evaluate to 'true' [-Wpointer-bool-conversion]
              else if ( F->mode && strm (F->mode, "lower") )
                        ~~~^~~~ ~~
util_lib/aln_convertion_util.c:12753:10: warning: address of array 'F->mode' will always evaluate to 'true' [-Wpointer-bool-conversion]
  if (F->mode && strm (F->mode, "unalign"))
      ~~~^~~~ ~~
util_lib/aln_convertion_util.c:12759:15: warning: address of array 'F->mode' will always evaluate to 'true' [-Wpointer-bool-conversion]
  else if (F->mode && strm (F->mode, "unalign2"))
           ~~~^~~~ ~~
util_lib/aln_convertion_util.c:13406:35: warning: '&&' within '||' [-Wlogical-op-parentheses]
          if (buf[b]=='b' || buf[b]=='o' && c>=1)buf2[c-1]=tolower(buf2[c-1]);
                          ~~ ~~~~~~~~~~~~^~~~~~~
util_lib/aln_convertion_util.c:13406:35: note: place parentheses around the '&&' expression to silence this warning
          if (buf[b]=='b' || buf[b]=='o' && c>=1)buf2[c-1]=tolower(buf2[c-1]);
                                         ^
                             (                  )
14 warnings generated.
 CC util_lib/hsearch.c
clang: warning: treating 'c' input as 'c++' when in C++ mode, this behavior is deprecated
In file included from util_lib/hsearch.c:35:
In file included from ./util_lib_header.h:30:
./util_lib/util.h:54:1: warning: '/*' within block comment [-Wcomment]
/*                                                                   */
^
1 warning generated.
 CC util_lib/random.c
clang: warning: treating 'c' input as 'c++' when in C++ mode, this behavior is deprecated
 CC util_lib/reformat.c
clang: warning: treating 'c' input as 'c++' when in C++ mode, this behavior is deprecated
In file included from util_lib/reformat.c:36:
In file included from ./util_lib_header.h:30:
./util_lib/util.h:54:1: warning: '/*' within block comment [-Wcomment]
/*                                                                   */
^
util_lib/reformat.c:1356:23: warning: using the result of an assignment as a condition without parentheses [-Wparentheses]
         else if (format_val = fast_format_determination(file))
                  ~~~~~~~~~~~^~~~~~~~~~~~~~~~~~~~~~~~~~~~~~~~~
util_lib/reformat.c:1356:23: note: place parentheses around the assignment to silence this warning
         else if (format_val = fast_format_determination(file))
                             ^
                  (                                           )
util_lib/reformat.c:1356:23: note: use '==' to turn this assignment into an equality comparison
         else if (format_val = fast_format_determination(file))
                             ^
                             ==
util_lib/reformat.c:1502:7: warning: ignoring return value of function declared with warn_unused_result attribute [-Wunused-result]
      fscanf ( fp, "%d", &result);
      ^~~~~~   ~~~~~~~~~~~~~~~~~
util_lib/reformat.c:1540:3: warning: ignoring return value of function declared with warn_unused_result attribute [-Wunused-result]
  fscanf ( fp, "\n%s\n", buf);
  ^~~~~~   ~~~~~~~~~~~~~~~~~
util_lib/reformat.c:1692:12: warning: if statement has empty body [-Wempty-body]
        if (!name);
                  ^
util_lib/reformat.c:1692:12: note: put the semicolon on a separate line to silence this warning
util_lib/reformat.c:2092:5: warning: ignoring return value of function declared with warn_unused_result attribute [-Wunused-result]
    fscanf (fp , "%s", buf);
    ^~~~~~  ~~~~~~~~~~~~~~
util_lib/reformat.c:2196:1: warning: control may reach end of non-void function [-Wreturn-type]
}
^
util_lib/reformat.c:2890:16: warning: using the result of an assignment as a condition without parentheses [-Wparentheses]
            if      (p=strstr (out_format, "filter")){action=0;p+=strlen ("filter");}
                     ~^~~~~~~~~~~~~~~~~~~~~~~~~~~~~~
util_lib/reformat.c:2890:16: note: place parentheses around the assignment to silence this warning
            if      (p=strstr (out_format, "filter")){action=0;p+=strlen ("filter");}
                      ^
                     (                              )
util_lib/reformat.c:2890:16: note: use '==' to turn this assignment into an equality comparison
            if      (p=strstr (out_format, "filter")){action=0;p+=strlen ("filter");}
                      ^
                      ==
util_lib/reformat.c:2891:16: warning: using the result of an assignment as a condition without parentheses [-Wparentheses]
            else if (p=strstr (out_format, "lower")){action=1;p+=strlen("lower");}
                     ~^~~~~~~~~~~~~~~~~~~~~~~~~~~~~
util_lib/reformat.c:2891:16: note: place parentheses around the assignment to silence this warning
            else if (p=strstr (out_format, "lower")){action=1;p+=strlen("lower");}
                      ^
                     (                             )
util_lib/reformat.c:2891:16: note: use '==' to turn this assignment into an equality comparison
            else if (p=strstr (out_format, "lower")){action=1;p+=strlen("lower");}
                      ^
                      ==
util_lib/reformat.c:2892:16: warning: using the result of an assignment as a condition without parentheses [-Wparentheses]
            else if (p=strstr (out_format, "weighted")){action=2; p=NULL;}
                     ~^~~~~~~~~~~~~~~~~~~~~~~~~~~~~~~~
util_lib/reformat.c:2892:16: note: place parentheses around the assignment to silence this warning
            else if (p=strstr (out_format, "weighted")){action=2; p=NULL;}
                      ^
                     (                                )
util_lib/reformat.c:2892:16: note: use '==' to turn this assignment into an equality comparison
            else if (p=strstr (out_format, "weighted")){action=2; p=NULL;}
                      ^
                      ==
util_lib/reformat.c:2893:16: warning: using the result of an assignment as a condition without parentheses [-Wparentheses]
            else if (p=strstr (out_format, "replicate")){action=3; p+=strlen ("replicate");}
                     ~^~~~~~~~~~~~~~~~~~~~~~~~~~~~~~~~~
util_lib/reformat.c:2893:16: note: place parentheses around the assignment to silence this warning
            else if (p=strstr (out_format, "replicate")){action=3; p+=strlen ("replicate");}
                      ^
                     (                                 )
util_lib/reformat.c:2893:16: note: use '==' to turn this assignment into an equality comparison
            else if (p=strstr (out_format, "replicate")){action=3; p+=strlen ("replicate");}
                      ^
                      ==
util_lib/reformat.c:3597:3: warning: ignoring return value of function declared with warn_unused_result attribute [-Wunused-result]
                fscanf ( fp, "%s", buf2);
                ^~~~~~   ~~~~~~~~~~~~~~
util_lib/reformat.c:3612:3: warning: ignoring return value of function declared with warn_unused_result attribute [-Wunused-result]
                fscanf ( fp, "%s",W->seq_name[a]);
                ^~~~~~   ~~~~~~~~~~~~~~~~~~~~~~~
util_lib/reformat.c:3614:3: warning: ignoring return value of function declared with warn_unused_result attribute [-Wunused-result]
                fscanf ( fp, "%s", buf2);
                ^~~~~~   ~~~~~~~~~~~~~~
util_lib/reformat.c:3625:3: warning: ignoring return value of function declared with warn_unused_result attribute [-Wunused-result]
                fscanf ( fp, "\n");
                ^~~~~~   ~~~~~~~~
util_lib/reformat.c:3590:2: warning: ignoring return value of function declared with warn_unused_result attribute [-Wunused-result]
        fscanf ( fp, "%s", buf2);
        ^~~~~~   ~~~~~~~~~~~~~~
util_lib/reformat.c:3606:2: warning: ignoring return value of function declared with warn_unused_result attribute [-Wunused-result]
        fscanf ( fp, "%s", buf2);
        ^~~~~~   ~~~~~~~~~~~~~~
util_lib/reformat.c:3901:3: warning: ignoring return value of function declared with warn_unused_result attribute [-Wunused-result]
                fscanf ( fp, "%d %d %d %c %c %f\n", &(ST)->list[a][0],&(ST)->list[a][1],&(ST)->list[a][2], &x, &y, &f);
                ^~~~~~   ~~~~~~~~~~~~~~~~~~~~~~~~~~~~~~~~~~~~~~~~~~~~~~~~~~~~~~~~~~~~~~~~~~~~~~~~~~~~~~~~~~~~~~~~~~~~
util_lib/reformat.c:3898:2: warning: ignoring return value of function declared with warn_unused_result attribute [-Wunused-result]
        fscanf ( fp, "%c\n%d\n",&x, &(ST)->tot_list);
        ^~~~~~   ~~~~~~~~~~~~~~~~~~~~~~~~~~~~~~~~~~
util_lib/reformat.c:4098:3: warning: ignoring return value of function declared with warn_unused_result attribute [-Wunused-result]
                fscanf ( fp, "%s %d", name, &len);
                ^~~~~~   ~~~~~~~~~~~~~~~~~~~~~~~
util_lib/reformat.c:4124:7: warning: ignoring return value of function declared with warn_unused_result attribute [-Wunused-result]
                    fscanf ( fp, " %*c %c %*f %*f %*f\n",&(S->seq[S->nseq][a]));
                    ^~~~~~   ~~~~~~~~~~~~~~~~~~~~~~~~~~~~~~~~~~~~~~~~~~~~~~~~~
util_lib/reformat.c:4119:3: warning: ignoring return value of function declared with warn_unused_result attribute [-Wunused-result]
                fscanf ( fp, "%s %d\n",S->name[S->nseq], &(S->len[S->nseq]));
                ^~~~~~   ~~~~~~~~~~~~~~~~~~~~~~~~~~~~~~~~~~~~~~~~~~~~~~~~~~
util_lib/reformat.c:4161:4: warning: ignoring return value of function declared with warn_unused_result attribute [-Wunused-result]
                        fscanf (fp, "%s",name);
                        ^~~~~~  ~~~~~~~~~~~~~
util_lib/reformat.c:4236:5: warning: ignoring return value of function declared with warn_unused_result attribute [-Wunused-result]
                        {fscanf (fp, "%s",name);
                         ^~~~~~  ~~~~~~~~~~~~~
util_lib/reformat.c:5281:2: warning: ignoring return value of function declared with warn_unused_result attribute [-Wunused-result]
        fgets (buf, LONG_STRING, fp);
        ^~~~~  ~~~~~~~~~~~~~~~~~~~~
util_lib/reformat.c:5300:2: warning: ignoring return value of function declared with warn_unused_result attribute [-Wunused-result]
        fgets (buf, LONG_STRING, fp);
        ^~~~~  ~~~~~~~~~~~~~~~~~~~~
util_lib/reformat.c:5319:2: warning: ignoring return value of function declared with warn_unused_result attribute [-Wunused-result]
        fscanf (fp, "%s", name);
        ^~~~~~  ~~~~~~~~~~~~~~
util_lib/reformat.c:5474:25: warning: if statement has empty body [-Wempty-body]
    if ( !isblanc (buf));
                        ^
util_lib/reformat.c:5474:25: note: put the semicolon on a separate line to silence this warning
util_lib/reformat.c:5495:38: warning: while loop has empty body [-Wempty-body]
        while ( isgraph ((c=fgetc(fp))));
                                        ^
util_lib/reformat.c:5495:38: note: put the semicolon on a separate line to silence this warning
util_lib/reformat.c:5672:4: warning: ignoring return value of function declared with warn_unused_result attribute [-Wunused-result]
                {fscanf (fp, "%*d >%s", name[nseq++]);
                 ^~~~~~  ~~~~~~~~~~~~~~~~~~~~~~~~~~~
util_lib/reformat.c:5721:7: warning: ignoring return value of function declared with warn_unused_result attribute [-Wunused-result]
                fgets(buf, VERY_LONG_STRING, fp);
                ^~~~~ ~~~~~~~~~~~~~~~~~~~~~~~~~
util_lib/reformat.c:5743:7: warning: ignoring return value of function declared with warn_unused_result attribute [-Wunused-result]
                fgets(buf, VERY_LONG_STRING, fp);
                ^~~~~ ~~~~~~~~~~~~~~~~~~~~~~~~~
util_lib/reformat.c:5941:5: warning: ignoring return value of function declared with warn_unused_result attribute [-Wunused-result]
    fscanf ( fp, "%s",string);
    ^~~~~~   ~~~~~~~~~~~~~~~
util_lib/reformat.c:6106:7: warning: ignoring return value of function declared with warn_unused_result attribute [-Wunused-result]
      fscanf (fp, "%s %d", name,&i);
      ^~~~~~  ~~~~~~~~~~~~~~~~~~~~
util_lib/reformat.c:7124:1: warning: control reaches end of non-void function [-Wreturn-type]
}
^
util_lib/reformat.c:13570:3: warning: ignoring return value of function declared with warn_unused_result attribute [-Wunused-result]
                fscanf ( fp, "%d ", &value);
                ^~~~~~   ~~~~~~~~~~~~~~~~~
util_lib/reformat.c:13557:6: warning: ignoring return value of function declared with warn_unused_result attribute [-Wunused-result]
            fscanf ( fp, "%s ", buf);
            ^~~~~~   ~~~~~~~~~~~~~~
util_lib/reformat.c:13595:6: warning: ignoring return value of function declared with warn_unused_result attribute [-Wunused-result]
            fscanf(fp, "\n");
            ^~~~~~ ~~~~~~~~
util_lib/reformat.c:13620:6: warning: ignoring return value of function declared with warn_unused_result attribute [-Wunused-result]
            fgets ( sbuf, VERY_LONG_STRING, fp);
            ^~~~~   ~~~~~~~~~~~~~~~~~~~~~~~~~~
util_lib/reformat.c:13650:3: warning: ignoring return value of function declared with warn_unused_result attribute [-Wunused-result]
                fscanf ( fp, "%d ", &value);
                ^~~~~~   ~~~~~~~~~~~~~~~~~
util_lib/reformat.c:13637:6: warning: ignoring return value of function declared with warn_unused_result attribute [-Wunused-result]
            fscanf ( fp, "%s ", buf);
            ^~~~~~   ~~~~~~~~~~~~~~
util_lib/reformat.c:13677:6: warning: ignoring return value of function declared with warn_unused_result attribute [-Wunused-result]
            fscanf(fp, "\n");
            ^~~~~~ ~~~~~~~~
util_lib/reformat.c:13716:1: warning: control reaches end of non-void function [-Wreturn-type]
}
^
util_lib/reformat.c:13789:48: warning: if statement has empty body [-Wempty-body]
            if ( sscanf (sbuf, "ALPHABET=%s", alp)==1);
                                                      ^
util_lib/reformat.c:13789:48: note: put the semicolon on a separate line to silence this warning
util_lib/reformat.c:13788:6: warning: ignoring return value of function declared with warn_unused_result attribute [-Wunused-result]
            fgets ( sbuf, VERY_LONG_STRING, fp);
            ^~~~~   ~~~~~~~~~~~~~~~~~~~~~~~~~~
45 warnings generated.
 CC util_lib/reformat_struc.c
clang: warning: treating 'c' input as 'c++' when in C++ mode, this behavior is deprecated
In file included from util_lib/reformat_struc.c:35:
In file included from ./util_lib_header.h:30:
./util_lib/util.h:54:1: warning: '/*' within block comment [-Wcomment]
/*                                                                   */
^
util_lib/reformat_struc.c:334:9: warning: ignoring return value of function declared with warn_unused_result attribute [-Wunused-result]
               fscanf (fp, "%*s %*s %c %*c %d %*f %*f %*f\n",&res,&res_num);
               ^~~~~~  ~~~~~~~~~~~~~~~~~~~~~~~~~~~~~~~~~~~~~~~~~~~~~~~~~~~
util_lib/reformat_struc.c:372:9: warning: ignoring return value of function declared with warn_unused_result attribute [-Wunused-result]
               fscanf (fp, "%*s %s %s %*c %d %f %f %f\n",A->type, A->res,&A->res_num, &A->x, &A->y, &A->z);
               ^~~~~~  ~~~~~~~~~~~~~~~~~~~~~~~~~~~~~~~~~~~~~~~~~~~~~~~~~~~~~~~~~~~~~~~~~~~~~~~~~~~~~~~~~~
util_lib/reformat_struc.c:326:9: warning: ignoring return value of function declared with warn_unused_result attribute [-Wunused-result]
        fscanf ( fp, "%*s" );
        ^~~~~~   ~~~~~~~~~
util_lib/reformat_struc.c:328:9: warning: ignoring return value of function declared with warn_unused_result attribute [-Wunused-result]
        fscanf ( fp, "%*s" );
        ^~~~~~   ~~~~~~~~~
util_lib/reformat_struc.c:361:9: warning: ignoring return value of function declared with warn_unused_result attribute [-Wunused-result]
        fscanf ( fp, "%*s" );
        ^~~~~~   ~~~~~~~~~
util_lib/reformat_struc.c:363:9: warning: ignoring return value of function declared with warn_unused_result attribute [-Wunused-result]
        fscanf ( fp, "%*s" );
        ^~~~~~   ~~~~~~~~~
7 warnings generated.
 CC util_lib/util.c
clang: warning: treating 'c' input as 'c++' when in C++ mode, this behavior is deprecated
In file included from util_lib/util.c:53:
In file included from ./util_lib_header.h:30:
./util_lib/util.h:54:1: warning: '/*' within block comment [-Wcomment]
/*                                                                   */
^
In file included from util_lib/util.c:55:
./perl_header_lib.h:8837:11: warning: illegal character encoding in string literal [-Winvalid-source-encoding]
 $id=~s/[|<A6>_]//g;\n    return $id;\n  }\nsub set_b\
          ^~~~
util_lib/util.c:97:1: warning: '/*' within block comment [-Wcomment]
/*                                                                   */
^
util_lib/util.c:281:6: warning: ignoring return value of function declared with warn_unused_result attribute [-Wunused-result]
            fread( rra, size, len,fp); /*rra=ra[--l]*/
            ^~~~~  ~~~~~~~~~~~~~~~~~
util_lib/util.c:286:6: warning: ignoring return value of function declared with warn_unused_result attribute [-Wunused-result]
            fread( rra, size, len,fp); /*rra=ra[ir]*/
            ^~~~~  ~~~~~~~~~~~~~~~~~
util_lib/util.c:289:6: warning: ignoring return value of function declared with warn_unused_result attribute [-Wunused-result]
            fread( rrb, size, len,fp); /*rrb=ra[0]*/
            ^~~~~  ~~~~~~~~~~~~~~~~~
util_lib/util.c:311:5: warning: ignoring return value of function declared with warn_unused_result attribute [-Wunused-result]
                  fread (ra_j_1, size, len, fp);
                  ^~~~~  ~~~~~~~~~~~~~~~~~~~~~
util_lib/util.c:306:9: warning: ignoring return value of function declared with warn_unused_result attribute [-Wunused-result]
               fread (ra_j, size, len, fp);
               ^~~~~  ~~~~~~~~~~~~~~~~~~~
util_lib/util.c:420:7: warning: ignoring return value of function declared with warn_unused_result attribute [-Wunused-result]
             fread ( key2, el_size, entry_len,fp);
             ^~~~~   ~~~~~~~~~~~~~~~~~~~~~~~~~~~
util_lib/util.c:847:4: warning: ignoring return value of function declared with warn_unused_result attribute [-Wunused-result]
                        fscanf ( fp, "%d",&list[n[0]++]);
                        ^~~~~~   ~~~~~~~~~~~~~~~~~~~~~~
util_lib/util.c:906:7: warning: ignoring return value of function declared with warn_unused_result attribute [-Wunused-result]
      fscanf ( fp, "%s %s\n", s1, s2);
      ^~~~~~   ~~~~~~~~~~~~~~~~~~~~~
util_lib/util.c:1269:2: warning: ignoring return value of function declared with warn_unused_result attribute [-Wunused-result]
        fscanf(fp, "%d ", &array[a][b]);
        ^~~~~~ ~~~~~~~~~~~~~~~~~~~~~~~
util_lib/util.c:1266:7: warning: ignoring return value of function declared with warn_unused_result attribute [-Wunused-result]
      fscanf(fp, "%d ", &len2);
      ^~~~~~ ~~~~~~~~~~~~~~~~
util_lib/util.c:1270:7: warning: ignoring return value of function declared with warn_unused_result attribute [-Wunused-result]
      fscanf (fp, "\n");
      ^~~~~~  ~~~~~~~~
util_lib/util.c:1262:3: warning: ignoring return value of function declared with warn_unused_result attribute [-Wunused-result]
  fscanf (fp, "%d\n", &len);
  ^~~~~~  ~~~~~~~~~~~~~~~~
util_lib/util.c:1849:1: warning: control reaches end of non-void function [-Wreturn-type]
}
^
util_lib/util.c:1925:7: warning: ignoring return value of function declared with warn_unused_result attribute [-Wunused-result]
      fscanf (fp, "%d", &r);
      ^~~~~~  ~~~~~~~~~~~~
util_lib/util.c:3827:1: warning: control may reach end of non-void function [-Wreturn-type]
}
^
util_lib/util.c:5090:7: warning: ignoring return value of function declared with warn_unused_result attribute [-Wunused-result]
      fscanf (fp, "%s\n",list[n]);
      ^~~~~~  ~~~~~~~~~~~~~~~~~~
util_lib/util.c:5304:26: warning: expression which evaluates to zero treated as a null pointer constant of type 'char *' [-Wnon-literal-null-conversion]
              else val_array[a]='\0';
                                ^~~~
util_lib/util.c:5453:41: warning: if statement has empty body [-Wempty-body]
  else if ((proxy=getenv ("ALL_PROXY")));//id
                                        ^
util_lib/util.c:5453:41: note: put the semicolon on a separate line to silence this warning
util_lib/util.c:5801:23: warning: if statement has empty body [-Wempty-body]
  else if ( mode==GET);
                      ^
util_lib/util.c:5801:23: note: put the semicolon on a separate line to silence this warning
util_lib/util.c:6461:11: warning: '/*' within block comment [-Wcomment]
 *                          /*argc* /      argc          ,
                            ^
util_lib/util.c:6462:17: warning: '/*' within block comment [-Wcomment]
 *              /*argv* /      argv          ,\
                ^
util_lib/util.c:6463:17: warning: '/*' within block comment [-Wcomment]
 *              /*output* /    &le           ,\
                ^
util_lib/util.c:6464:17: warning: '/*' within block comment [-Wcomment]
 *              /*Name* /      "-extend_mode"     ,\
                ^
util_lib/util.c:6465:17: warning: '/*' within block comment [-Wcomment]
 *              /*Flag* /      &garbage    ,\
                ^
util_lib/util.c:6466:17: warning: '/*' within block comment [-Wcomment]
 *              /*TYPE* /      "S"           ,\
                ^
util_lib/util.c:6467:17: warning: '/*' within block comment [-Wcomment]
 *              /*OPTIONAL?* / OPTIONAL      ,\
                ^
util_lib/util.c:6468:17: warning: '/*' within block comment [-Wcomment]
 *              /*MAX Nval* /  1             ,\
                ^
util_lib/util.c:6469:17: warning: '/*' within block comment [-Wcomment]
 *              /*DOC* /       "Library extension mode"          ,\
                ^
util_lib/util.c:6470:17: warning: '/*' within block comment [-Wcomment]
 *              /*Parameter* / &extend_mode    ,\
                ^
util_lib/util.c:6471:17: warning: '/*' within block comment [-Wcomment]
 *              /*Def 1* /     "very_fast_triplet"           ,\
                ^
util_lib/util.c:6472:17: warning: '/*' within block comment [-Wcomment]
 *              /*Def 2* /     ""           ,\
                ^
util_lib/util.c:6473:17: warning: '/*' within block comment [-Wcomment]
 *              /*Min_value* / "any"         ,\
                ^
util_lib/util.c:6474:17: warning: '/*' within block comment [-Wcomment]
 *              /*Max Value* / "any"          \
                ^
util_lib/util.c:6571:16: warning: second parameter of 'va_start' not last named argument [-Wvarargs]
        va_start (ap, usage);
                      ^
util_lib/util.c:6838:2: warning: ignoring return value of function declared with warn_unused_result attribute [-Wunused-result]
        fgets ( line, VERY_LONG_STRING,fp);
        ^~~~~   ~~~~~~~~~~~~~~~~~~~~~~~~~
util_lib/util.c:6858:4: warning: ignoring return value of function declared with warn_unused_result attribute [-Wunused-result]
                        fscanf ( fp, "%s", string);
                        ^~~~~~   ~~~~~~~~~~~~~~~~
util_lib/util.c:7022:10: warning: equality comparison with extraneous parentheses [-Wparentheses-equality]
  if ( (c==EOF)){return NULL;}
        ~^~~~~
util_lib/util.c:7022:10: note: remove extraneous parentheses around the comparison to silence this warning
  if ( (c==EOF)){return NULL;}
       ~ ^    ~
util_lib/util.c:7022:10: note: use '=' to turn this equality comparison into an assignment
  if ( (c==EOF)){return NULL;}
         ^~
         =
util_lib/util.c:7214:5: warning: ignoring return value of function declared with warn_unused_result attribute [-Wunused-result]
                  fgets ( line, lline,fp);
                  ^~~~~   ~~~~~~~~~~~~~~
util_lib/util.c:7244:5: warning: ignoring return value of function declared with warn_unused_result attribute [-Wunused-result]
                  fgets ( line, lline,fp);
                  ^~~~~   ~~~~~~~~~~~~~~
util_lib/util.c:7331:3: warning: ignoring return value of function declared with warn_unused_result attribute [-Wunused-result]
  fscanf ( fp, "Version_%f", &new_version);
  ^~~~~~   ~~~~~~~~~~~~~~~~~~~~~~~~~~~~~~
util_lib/util.c:7424:1: warning: control may reach end of non-void function [-Wreturn-type]
}
^
util_lib/util.c:7849:62: warning: logical not is only applied to the left hand side of this comparison [-Wlogical-not-parentheses]
        else if ( check_file_exists (to) && !vremove (to) && !rename ( from, to)==0 );
                                                             ^                  ~~
util_lib/util.c:7849:62: note: add parentheses after the '!' to evaluate the comparison first
        else if ( check_file_exists (to) && !vremove (to) && !rename ( from, to)==0 );
                                                             ^
                                                              (                    )
util_lib/util.c:7849:62: note: add parentheses around left hand side expression to silence this warning
        else if ( check_file_exists (to) && !vremove (to) && !rename ( from, to)==0 );
                                                             ^
                                                             (                  )
util_lib/util.c:9257:1: warning: control may reach end of non-void function [-Wreturn-type]
}
^
util_lib/util.c:9317:6: warning: expression result unused [-Wunused-value]
  n[0];
  ~ ~^
47 warnings generated.
 CC util_lib/util_aln_analyze.c
clang: warning: treating 'c' input as 'c++' when in C++ mode, this behavior is deprecated
In file included from util_lib/util_aln_analyze.c:34:
In file included from ./util_lib_header.h:30:
./util_lib/util.h:54:1: warning: '/*' within block comment [-Wcomment]
/*                                                                   */
^
util_lib/util_aln_analyze.c:713:1: warning: control reaches end of non-void function [-Wreturn-type]
}
^
util_lib/util_aln_analyze.c:4480:1: warning: control reaches end of non-void function [-Wreturn-type]
}
^
util_lib/util_aln_analyze.c:4914:36: warning: operator '?:' has lower precedence than '-'; '-' will be evaluated first [-Wparentheses]
              valP=matP[p][res]-(sar=='I')?1:0;
                   ~~~~~~~~~~~~~~~~~~~~~~~^
util_lib/util_aln_analyze.c:4914:36: note: place parentheses around the '-' expression to silence this warning
              valP=matP[p][res]-(sar=='I')?1:0;
                                          ^
                   (                      )
util_lib/util_aln_analyze.c:4914:36: note: place parentheses around the '?:' expression to evaluate it first
              valP=matP[p][res]-(sar=='I')?1:0;
                                          ^
                                (             )
util_lib/util_aln_analyze.c:4917:36: warning: operator '?:' has lower precedence than '-'; '-' will be evaluated first [-Wparentheses]
              valN=matN[p][res]-(sar=='O')?1:0;
                   ~~~~~~~~~~~~~~~~~~~~~~~^
util_lib/util_aln_analyze.c:4917:36: note: place parentheses around the '-' expression to silence this warning
              valN=matN[p][res]-(sar=='O')?1:0;
                                          ^
                   (                      )
util_lib/util_aln_analyze.c:4917:36: note: place parentheses around the '?:' expression to evaluate it first
              valN=matN[p][res]-(sar=='O')?1:0;
                                          ^
                                (             )
5 warnings generated.
 CC util_lib/util_analyse_constraints_list.c
clang: warning: treating 'c' input as 'c++' when in C++ mode, this behavior is deprecated
In file included from util_lib/util_analyse_constraints_list.c:34:
In file included from ./util_lib_header.h:30:
./util_lib/util.h:54:1: warning: '/*' within block comment [-Wcomment]
/*                                                                   */
^
1 warning generated.
 CC util_lib/util_constraints_list.c
clang: warning: treating 'c' input as 'c++' when in C++ mode, this behavior is deprecated
In file included from util_lib/util_constraints_list.c:38:
In file included from ./util_lib_header.h:30:
./util_lib/util.h:54:1: warning: '/*' within block comment [-Wcomment]
/*                                                                   */
^
util_lib/util_constraints_list.c:577:6: warning: ignoring return value of function declared with warn_unused_result attribute [-Wunused-result]
            chdir (tdir);
            ^~~~~  ~~~~
util_lib/util_constraints_list.c:580:6: warning: ignoring return value of function declared with warn_unused_result attribute [-Wunused-result]
            chdir (cdir);
            ^~~~~  ~~~~
util_lib/util_constraints_list.c:844:119: warning: address of array 'method->executable2' will always evaluate to 'true' [-Wpointer-bool-conversion]
                      add_information(stderr, "Method %s cannot be applied to [%s vs %s], proba_pair will be used instead",(method->executable2)?method->executable2:method->executable, (CL->S)->name[x], (CL->S)->name [y]);
                                                                                                                            ~~~~~~~~^~~~~~~~~~~ ~
util_lib/util_constraints_list.c:1140:3: warning: ignoring return value of function declared with warn_unused_result attribute [-Wunused-result]
                fgets ( line,LONG_STRING, fp);
                ^~~~~   ~~~~~~~~~~~~~~~~~~~~
util_lib/util_constraints_list.c:1182:3: warning: ignoring return value of function declared with warn_unused_result attribute [-Wunused-result]
                fgets ( line,LONG_STRING, fp);
                ^~~~~   ~~~~~~~~~~~~~~~~~~~~
util_lib/util_constraints_list.c:1246:9: warning: address of array 'm->seq_type' will always evaluate to 'true' [-Wpointer-bool-conversion]
        if (m->seq_type)fprintf (fp, "SEQ_TYPE %s\n", m->seq_type);
        ~~  ~~~^~~~~~~~
util_lib/util_constraints_list.c:1294:1: warning: control reaches end of non-void function [-Wreturn-type]
}
^
util_lib/util_constraints_list.c:2163:79: warning: data argument not used by format string [-Wformat-extra-args]
                        fprintf ( local_stderr, "\n\t--- Process Method/Library/Aln %s", fname[a], ns);
                                                ~~~~~~~~~~~~~~~~~~~~~~~~~~~~~~~~~~~~~~~            ^
util_lib/util_constraints_list.c:2525:14: warning: ignoring return value of function declared with warn_unused_result attribute [-Wunused-result]
        if ( c=='C')fscanf( fp, "PU %d\n", &cpu);
                    ^~~~~~  ~~~~~~~~~~~~~~~~~~~
util_lib/util_constraints_list.c:2775:71: warning: data argument not used by format string [-Wformat-extra-args]
                        x=sscanf (buf, "%s %d %d %d %d %d",arg, &length, &r1,&r2,&we,&cons,&misc);
                                       ~~~~~~~~~~~~~~~~~~~                                 ^
util_lib/util_constraints_list.c:2838:3: warning: ignoring return value of function declared with warn_unused_result attribute [-Wunused-result]
                fscanf (fp, "%*s %d %*s\n", &l);
                ^~~~~~  ~~~~~~~~~~~~~~~~~~~~~~
util_lib/util_constraints_list.c:2895:4: warning: ignoring return value of function declared with warn_unused_result attribute [-Wunused-result]
                        fgets (line , 200 , fp);
                        ^~~~~  ~~~~~~~~~~~~~~~
util_lib/util_constraints_list.c:2870:3: warning: ignoring return value of function declared with warn_unused_result attribute [-Wunused-result]
                fscanf ( fp, "%s %d %s\n", name, &seq_len, sequence);
                ^~~~~~   ~~~~~~~~~~~~~~~~~~~~~~~~~~~~~~~~~~~~~~~~~~
util_lib/util_constraints_list.c:2833:2: warning: ignoring return value of function declared with warn_unused_result attribute [-Wunused-result]
        fscanf (fp, "%d\n", &max_nseq);
        ^~~~~~  ~~~~~~~~~~~~~~~~~~~~~
util_lib/util_constraints_list.c:3903:5: warning: ignoring return value of function declared with warn_unused_result attribute [-Wunused-result]
                                fscanf (fp, "%d ", &CL->residue_index[s][r][a+WE]);
                                ^~~~~~  ~~~~~~~~~~~~~~~~~~~~~~~~~~~~~~~~~~~~~~~~~
util_lib/util_constraints_list.c:4956:175: warning: address of array 'NCL->dp_mode' will always evaluate to 'true' [-Wpointer-bool-conversion]
            if (CL->local_stderr && print>0)fprintf ( (CL->local_stderr), "\nCOMPUTE PAIRWISE SIMILARITY [dp_mode: %s] [distance_matrix_mode: %s][Similarity Measure: %s] \n", (NCL->dp_mode)?NCL->dp_mode:"NO_DP",mode, sim_mode);
                                                                                                                                                                                ~~~~~^~~~~~~ ~
17 warnings generated.
 CC util_lib/util_declare.c
clang: warning: treating 'c' input as 'c++' when in C++ mode, this behavior is deprecated
In file included from util_lib/util_declare.c:38:
In file included from ./util_lib_header.h:30:
./util_lib/util.h:54:1: warning: '/*' within block comment [-Wcomment]
/*                                                                   */
^
1 warning generated.
 CC util_lib/util_domain_constraints_list.c
clang: warning: treating 'c' input as 'c++' when in C++ mode, this behavior is deprecated
In file included from util_lib/util_domain_constraints_list.c:34:
In file included from ./util_lib_header.h:30:
./util_lib/util.h:54:1: warning: '/*' within block comment [-Wcomment]
/*                                                                   */
^
util_lib/util_domain_constraints_list.c:52:11: warning: using the result of an assignment as a condition without parentheses [-Wparentheses]
         while (e=extract_entry (CL))
                ~^~~~~~~~~~~~~~~~~~~
util_lib/util_domain_constraints_list.c:52:11: note: place parentheses around the assignment to silence this warning
         while (e=extract_entry (CL))
                 ^
                (                   )
util_lib/util_domain_constraints_list.c:52:11: note: use '==' to turn this assignment into an equality comparison
         while (e=extract_entry (CL))
                 ^
                 ==
2 warnings generated.
 CC util_lib/util_dps.c
clang: warning: treating 'c' input as 'c++' when in C++ mode, this behavior is deprecated
In file included from util_lib/util_dps.c:34:
In file included from ./util_lib_header.h:30:
./util_lib/util.h:54:1: warning: '/*' within block comment [-Wcomment]
/*                                                                   */
^
1 warning generated.
 CC util_lib/util_job_handling.c
clang: warning: treating 'c' input as 'c++' when in C++ mode, this behavior is deprecated
In file included from util_lib/util_job_handling.c:34:
In file included from ./util_lib_header.h:30:
./util_lib/util.h:54:1: warning: '/*' within block comment [-Wcomment]
/*                                                                   */
^
1 warning generated.
 CC util_lib/util_make_tree.c
clang: warning: treating 'c' input as 'c++' when in C++ mode, this behavior is deprecated
In file included from util_lib/util_make_tree.c:34:
In file included from ./util_lib_header.h:30:
./util_lib/util.h:54:1: warning: '/*' within block comment [-Wcomment]
/*                                                                   */
^
util_lib/util_make_tree.c:66:1: warning: control reaches end of non-void function [-Wreturn-type]
}
^
2 warnings generated.
 Linking...
clang: error: no such file or directory: 'dp_lib/evaluate_dirichlet.o'
makefile:8: recipe for target 't_coffee' failed
make[2]: [t_coffee] Error 1 (ignored)
make[2]: Leaving directory '/<<PKGBUILDDIR>>/t_coffee_source'
make[1]: Leaving directory '/<<PKGBUILDDIR>>'
   dh_auto_test -a -O--sourcedirectory=t_coffee_source
 fakeroot debian/rules binary-arch
dh binary-arch --sourcedirectory=t_coffee_source
   dh_testroot -a -O--sourcedirectory=t_coffee_source
   dh_prep -a -O--sourcedirectory=t_coffee_source
   dh_auto_install -a -O--sourcedirectory=t_coffee_source
   dh_install -a -O--sourcedirectory=t_coffee_source
dh_install: Cannot find (any matches for) "t_coffee_source/t_coffee" (tried in "." and "debian/tmp")
dh_install: t-coffee missing files: t_coffee_source/t_coffee
dh_install: missing files, aborting
debian/rules:13: recipe for target 'binary-arch' failed
make: *** [binary-arch] Error 2
dpkg-buildpackage: error: fakeroot debian/rules binary-arch gave error exit status 2
--------------------------------------------------------------------------------
Build finished at 2016-08-29T16:47:01Z

Finished
--------


+------------------------------------------------------------------------------+
| Cleanup                                                                      |
+------------------------------------------------------------------------------+

Purging /<<BUILDDIR>>
Not cleaning session: cloned chroot in use
E: Build failure (dpkg-buildpackage died)

+------------------------------------------------------------------------------+
| Summary                                                                      |
+------------------------------------------------------------------------------+

Build Architecture: amd64
Build-Space: 0
Build-Time: 47
Distribution: unstable
Fail-Stage: build
Host Architecture: amd64
Install-Time: 8
Job: t-coffee_11.00.8cbe486-4
Machine Architecture: amd64
Package: t-coffee
Package-Time: 83
Source-Version: 11.00.8cbe486-4
Space: 0
Status: failed
Version: 11.00.8cbe486-4
--------------------------------------------------------------------------------
Finished at 2016-08-29T16:47:01Z
Build needed 00:00:00, 0k disc space
E: Build failure (dpkg-buildpackage died)
DC-Status: Failed 83.646462758s
DC-Time-Estimation: 83.646462758 versus expected 315 (r/m: 2.7658496201009197 ; m: 83.646462758)
