DC-Build-Header: xmms2 0.8+dfsg-16 / 2016-08-29 16:54:42 +0000
DC-Task: type:rebuild-binarch-only source:xmms2 version:0.8+dfsg-16 chroot:unstable esttime:225 logfile:/tmp/xmms2_0.8+dfsg-16_unstable_clang3.8.log modes:clang:binarch-only
DC-Sbuild-call: su user42 -c 'sbuild -n --arch-any --apt-update -d unstable -v  --chroot-setup-commands=/tmp/clang xmms2_0.8+dfsg-16'
sbuild (Debian sbuild) 0.70.0 (03 Aug 2016) on ip-172-31-6-0.eu-central-1.compute.internal

+==============================================================================+
| xmms2 0.8+dfsg-16 (amd64)                    Mon, 29 Aug 2016 16:54:42 +0000 |
+==============================================================================+

Package: xmms2
Version: 0.8+dfsg-16
Source Version: 0.8+dfsg-16
Distribution: unstable
Machine Architecture: amd64
Host Architecture: amd64
Build Architecture: amd64

I: NOTICE: Log filtering will replace 'var/lib/schroot/mount/unstable-amd64-sbuild-223fcb3e-3685-4c42-9c00-ce0f96632f08' with '<<CHROOT>>'

+------------------------------------------------------------------------------+
| Chroot Setup Commands                                                        |
+------------------------------------------------------------------------------+


/tmp/clang
----------

+ echo 'Entering customization script...'
Entering customization script...
+ CLANG_VERSION=3.8
+ echo 'Install of clang-3.8'
Install of clang-3.8
+ apt-get update
Get:1 http://127.0.0.1:9999/debian unstable InRelease [209 kB]
Get:2 http://127.0.0.1:9999/debian unstable/main Sources.diff/Index [27.9 kB]
Get:3 http://127.0.0.1:9999/debian unstable/main amd64 Packages.diff/Index [27.9 kB]
Get:4 http://127.0.0.1:9999/debian unstable/main Translation-en [5451 kB]
Get:5 http://127.0.0.1:9999/debian unstable/main Sources 2016-08-29-0319.00.pdiff [16.7 kB]
Get:6 http://127.0.0.1:9999/debian unstable/main Sources 2016-08-29-0916.07.pdiff [5442 B]
Get:6 http://127.0.0.1:9999/debian unstable/main Sources 2016-08-29-0916.07.pdiff [5442 B]
Get:7 http://127.0.0.1:9999/debian unstable/main amd64 Packages 2016-08-29-0319.00.pdiff [13.2 kB]
Get:8 http://127.0.0.1:9999/debian unstable/main amd64 Packages 2016-08-29-0916.07.pdiff [3300 B]
Get:8 http://127.0.0.1:9999/debian unstable/main amd64 Packages 2016-08-29-0916.07.pdiff [3300 B]
Fetched 5755 kB in 2s (2040 kB/s)
Reading package lists...
W: No sandbox user '_apt' on the system, can not drop privileges
+ apt-get install --yes --no-install-recommends --force-yes clang-3.8
Reading package lists...
Building dependency tree...
Reading state information...
The following additional packages will be installed:
  libbsd0 libclang-common-3.8-dev libclang1-3.8 libedit2 libffi6 libllvm3.8
  libobjc-6-dev libobjc4
Suggested packages:
  gnustep gnustep-devel clang-3.8-doc
Recommended packages:
  llvm-3.8-dev python
The following NEW packages will be installed:
  clang-3.8 libbsd0 libclang-common-3.8-dev libclang1-3.8 libedit2 libffi6
  libllvm3.8 libobjc-6-dev libobjc4
0 upgraded, 9 newly installed, 0 to remove and 1 not upgraded.
Need to get 38.3 MB of archives.
After this operation, 162 MB of additional disk space will be used.
Get:1 http://127.0.0.1:9999/debian unstable/main amd64 libbsd0 amd64 0.8.3-1 [83.0 kB]
Get:2 http://127.0.0.1:9999/debian unstable/main amd64 libedit2 amd64 3.1-20150325-1+b1 [85.2 kB]
Get:3 http://127.0.0.1:9999/debian unstable/main amd64 libffi6 amd64 3.2.1-4 [20.4 kB]
Get:4 http://127.0.0.1:9999/debian unstable/main amd64 libllvm3.8 amd64 1:3.8.1-9 [10.3 MB]
Get:5 http://127.0.0.1:9999/debian unstable/main amd64 libobjc4 amd64 6.2.0-1 [110 kB]
Get:6 http://127.0.0.1:9999/debian unstable/main amd64 libobjc-6-dev amd64 6.2.0-1 [394 kB]
Get:7 http://127.0.0.1:9999/debian unstable/main amd64 libclang1-3.8 amd64 1:3.8.1-9 [4188 kB]
Get:8 http://127.0.0.1:9999/debian unstable/main amd64 libclang-common-3.8-dev amd64 1:3.8.1-9 [1477 kB]
Get:9 http://127.0.0.1:9999/debian unstable/main amd64 clang-3.8 amd64 1:3.8.1-9 [21.6 MB]
debconf: delaying package configuration, since apt-utils is not installed
Fetched 38.3 MB in 1s (21.1 MB/s)
Selecting previously unselected package libbsd0:amd64.
(Reading database ... (Reading database ... 5%(Reading database ... 10%(Reading database ... 15%(Reading database ... 20%(Reading database ... 25%(Reading database ... 30%(Reading database ... 35%(Reading database ... 40%(Reading database ... 45%(Reading database ... 50%(Reading database ... 55%(Reading database ... 60%(Reading database ... 65%(Reading database ... 70%(Reading database ... 75%(Reading database ... 80%(Reading database ... 85%(Reading database ... 90%(Reading database ... 95%(Reading database ... 100%(Reading database ... 9446 files and directories currently installed.)
Preparing to unpack .../0-libbsd0_0.8.3-1_amd64.deb ...
Unpacking libbsd0:amd64 (0.8.3-1) ...
Selecting previously unselected package libedit2:amd64.
Preparing to unpack .../1-libedit2_3.1-20150325-1+b1_amd64.deb ...
Unpacking libedit2:amd64 (3.1-20150325-1+b1) ...
Selecting previously unselected package libffi6:amd64.
Preparing to unpack .../2-libffi6_3.2.1-4_amd64.deb ...
Unpacking libffi6:amd64 (3.2.1-4) ...
Selecting previously unselected package libllvm3.8:amd64.
Preparing to unpack .../3-libllvm3.8_1%3a3.8.1-9_amd64.deb ...
Unpacking libllvm3.8:amd64 (1:3.8.1-9) ...
Selecting previously unselected package libobjc4:amd64.
Preparing to unpack .../4-libobjc4_6.2.0-1_amd64.deb ...
Unpacking libobjc4:amd64 (6.2.0-1) ...
Selecting previously unselected package libobjc-6-dev:amd64.
Preparing to unpack .../5-libobjc-6-dev_6.2.0-1_amd64.deb ...
Unpacking libobjc-6-dev:amd64 (6.2.0-1) ...
Selecting previously unselected package libclang1-3.8:amd64.
Preparing to unpack .../6-libclang1-3.8_1%3a3.8.1-9_amd64.deb ...
Unpacking libclang1-3.8:amd64 (1:3.8.1-9) ...
Selecting previously unselected package libclang-common-3.8-dev.
Preparing to unpack .../7-libclang-common-3.8-dev_1%3a3.8.1-9_amd64.deb ...
Unpacking libclang-common-3.8-dev (1:3.8.1-9) ...
Selecting previously unselected package clang-3.8.
Preparing to unpack .../8-clang-3.8_1%3a3.8.1-9_amd64.deb ...
Unpacking clang-3.8 (1:3.8.1-9) ...
Setting up libobjc4:amd64 (6.2.0-1) ...
Setting up libbsd0:amd64 (0.8.3-1) ...
Processing triggers for libc-bin (2.23-5) ...
Setting up libobjc-6-dev:amd64 (6.2.0-1) ...
Setting up libffi6:amd64 (3.2.1-4) ...
Setting up libedit2:amd64 (3.1-20150325-1+b1) ...
Setting up libllvm3.8:amd64 (1:3.8.1-9) ...
Setting up libclang-common-3.8-dev (1:3.8.1-9) ...
Setting up libclang1-3.8:amd64 (1:3.8.1-9) ...
Setting up clang-3.8 (1:3.8.1-9) ...
Processing triggers for libc-bin (2.23-5) ...
W: --force-yes is deprecated, use one of the options starting with --allow instead.
W: No sandbox user '_apt' on the system, can not drop privileges
+ echo 'Replace gcc, g++ & cpp by clang'
Replace gcc, g++ & cpp by clang
+ VERSIONS='4.6 4.7 4.8 4.9 5 6'
+ cd /usr/bin
+ for VERSION in '$VERSIONS'
+ rm -f g++-4.6 gcc-4.6 cpp-4.6 gcc
+ ln -s clang++-3.8 g++-4.6
+ ln -s clang-3.8 gcc-4.6
+ ln -s clang-3.8 cpp-4.6
+ ln -s clang-3.8 gcc
+ echo 'gcc-4.6 hold'
+ dpkg --set-selections
dpkg: warning: package not in database at line 1: gcc-4.6
dpkg: warning: found unknown packages; this might mean the available database
is outdated, and needs to be updated through a frontend method
+ echo 'g++-4.6 hold'
+ dpkg --set-selections
dpkg: warning: package not in database at line 1: g++-4.6
dpkg: warning: found unknown packages; this might mean the available database
is outdated, and needs to be updated through a frontend method
+ for VERSION in '$VERSIONS'
+ rm -f g++-4.7 gcc-4.7 cpp-4.7 gcc
+ ln -s clang++-3.8 g++-4.7
+ ln -s clang-3.8 gcc-4.7
+ ln -s clang-3.8 cpp-4.7
+ ln -s clang-3.8 gcc
+ echo 'gcc-4.7 hold'
+ dpkg --set-selections
dpkg: warning: package not in database at line 1: gcc-4.7
dpkg: warning: found unknown packages; this might mean the available database
is outdated, and needs to be updated through a frontend method
+ echo 'g++-4.7 hold'
+ dpkg --set-selections
dpkg: warning: package not in database at line 1: g++-4.7
dpkg: warning: found unknown packages; this might mean the available database
is outdated, and needs to be updated through a frontend method
+ for VERSION in '$VERSIONS'
+ rm -f g++-4.8 gcc-4.8 cpp-4.8 gcc
+ ln -s clang++-3.8 g++-4.8
+ ln -s clang-3.8 gcc-4.8
+ ln -s clang-3.8 cpp-4.8
+ ln -s clang-3.8 gcc
+ echo 'gcc-4.8 hold'
+ dpkg --set-selections
dpkg: warning: package not in database at line 1: gcc-4.8
dpkg: warning: found unknown packages; this might mean the available database
is outdated, and needs to be updated through a frontend method
+ echo 'g++-4.8 hold'
+ dpkg --set-selections
dpkg: warning: package not in database at line 1: g++-4.8
dpkg: warning: found unknown packages; this might mean the available database
is outdated, and needs to be updated through a frontend method
+ for VERSION in '$VERSIONS'
+ rm -f g++-4.9 gcc-4.9 cpp-4.9 gcc
+ ln -s clang++-3.8 g++-4.9
+ ln -s clang-3.8 gcc-4.9
+ ln -s clang-3.8 cpp-4.9
+ ln -s clang-3.8 gcc
+ echo 'gcc-4.9 hold'
+ dpkg --set-selections
dpkg: warning: package not in database at line 1: gcc-4.9
dpkg: warning: found unknown packages; this might mean the available database
is outdated, and needs to be updated through a frontend method
+ echo 'g++-4.9 hold'
+ dpkg --set-selections
dpkg: warning: package not in database at line 1: g++-4.9
dpkg: warning: found unknown packages; this might mean the available database
is outdated, and needs to be updated through a frontend method
+ for VERSION in '$VERSIONS'
+ rm -f g++-5 gcc-5 cpp-5 gcc
+ ln -s clang++-3.8 g++-5
+ ln -s clang-3.8 gcc-5
+ ln -s clang-3.8 cpp-5
+ ln -s clang-3.8 gcc
+ echo 'gcc-5 hold'
+ dpkg --set-selections
+ echo 'g++-5 hold'
+ dpkg --set-selections
+ for VERSION in '$VERSIONS'
+ rm -f g++-6 gcc-6 cpp-6 gcc
+ ln -s clang++-3.8 g++-6
+ ln -s clang-3.8 gcc-6
+ ln -s clang-3.8 cpp-6
+ ln -s clang-3.8 gcc
+ echo 'gcc-6 hold'
+ dpkg --set-selections
+ echo 'g++-6 hold'
+ dpkg --set-selections
+ cd -
/build/xmms2-9x3In6
+ echo 'Check if gcc, g++ & cpp are actually clang'
Check if gcc, g++ & cpp are actually clang
+ gcc --version
+ grep clang
+ cpp --version
+ grep clang
+ g++ --version
+ grep clang

I: Finished running '/tmp/clang'.

Finished processing commands.
--------------------------------------------------------------------------------

+------------------------------------------------------------------------------+
| Update chroot                                                                |
+------------------------------------------------------------------------------+

Hit:1 http://127.0.0.1:9999/debian unstable InRelease
Reading package lists...
W: No sandbox user '_apt' on the system, can not drop privileges
Reading package lists...
Building dependency tree...
Reading state information...
Calculating upgrade...
The following packages will be upgraded:
  linux-libc-dev
1 upgraded, 0 newly installed, 0 to remove and 0 not upgraded.
Need to get 1158 kB of archives.
After this operation, 60.4 kB of additional disk space will be used.
Get:1 http://127.0.0.1:9999/debian unstable/main amd64 linux-libc-dev amd64 4.7.2-1 [1158 kB]
debconf: delaying package configuration, since apt-utils is not installed
Fetched 1158 kB in 0s (70.1 MB/s)
(Reading database ... (Reading database ... 5%(Reading database ... 10%(Reading database ... 15%(Reading database ... 20%(Reading database ... 25%(Reading database ... 30%(Reading database ... 35%(Reading database ... 40%(Reading database ... 45%(Reading database ... 50%(Reading database ... 55%(Reading database ... 60%(Reading database ... 65%(Reading database ... 70%(Reading database ... 75%(Reading database ... 80%(Reading database ... 85%(Reading database ... 90%(Reading database ... 95%(Reading database ... 100%(Reading database ... 9769 files and directories currently installed.)
Preparing to unpack .../linux-libc-dev_4.7.2-1_amd64.deb ...
Unpacking linux-libc-dev:amd64 (4.7.2-1) over (4.6.4-1) ...
Setting up linux-libc-dev:amd64 (4.7.2-1) ...
W: No sandbox user '_apt' on the system, can not drop privileges

+------------------------------------------------------------------------------+
| Fetch source files                                                           |
+------------------------------------------------------------------------------+


Check APT
---------

Checking available source versions...

Download source files with APT
------------------------------

Reading package lists...
NOTICE: 'xmms2' packaging is maintained in the 'Git' version control system at:
git://anonscm.debian.org/pkg-xmms2/xmms2
Please use:
git clone git://anonscm.debian.org/pkg-xmms2/xmms2
to retrieve the latest (possibly unreleased) updates to the package.
Need to get 1297 kB of source archives.
Get:1 http://127.0.0.1:9999/debian unstable/main xmms2 0.8+dfsg-16 (dsc) [6920 B]
Get:2 http://127.0.0.1:9999/debian unstable/main xmms2 0.8+dfsg-16 (tar) [1257 kB]
Get:3 http://127.0.0.1:9999/debian unstable/main xmms2 0.8+dfsg-16 (diff) [32.9 kB]
Fetched 1297 kB in 0s (8378 kB/s)
Download complete and in download only mode
I: NOTICE: Log filtering will replace 'build/xmms2-9x3In6/xmms2-0.8+dfsg' with '<<PKGBUILDDIR>>'
I: NOTICE: Log filtering will replace 'build/xmms2-9x3In6' with '<<BUILDDIR>>'

+------------------------------------------------------------------------------+
| Install build-essential                                                      |
+------------------------------------------------------------------------------+


Setup apt archive
-----------------

Merged Build-Depends: build-essential, fakeroot
Filtered Build-Depends: build-essential, fakeroot
dpkg-deb: building package 'sbuild-build-depends-core-dummy' in '/<<BUILDDIR>>/resolver-cUkH01/apt_archive/sbuild-build-depends-core-dummy.deb'.
dpkg-scanpackages: warning: Packages in archive but missing from override file:
dpkg-scanpackages: warning:   sbuild-build-depends-core-dummy
dpkg-scanpackages: info: Wrote 1 entries to output Packages file.
Ign:1 copy:/<<BUILDDIR>>/resolver-cUkH01/apt_archive ./ InRelease
Get:2 copy:/<<BUILDDIR>>/resolver-cUkH01/apt_archive ./ Release [957 B]
Ign:3 copy:/<<BUILDDIR>>/resolver-cUkH01/apt_archive ./ Release.gpg
Get:4 copy:/<<BUILDDIR>>/resolver-cUkH01/apt_archive ./ Sources [349 B]
Get:5 copy:/<<BUILDDIR>>/resolver-cUkH01/apt_archive ./ Packages [433 B]
Fetched 1739 B in 0s (0 B/s)
Reading package lists...
W: No sandbox user '_apt' on the system, can not drop privileges
Reading package lists...

Install core build dependencies (apt-based resolver)
----------------------------------------------------

Installing build dependencies
Reading package lists...
Building dependency tree...
Reading state information...
The following NEW packages will be installed:
  sbuild-build-depends-core-dummy
0 upgraded, 1 newly installed, 0 to remove and 0 not upgraded.
Need to get 776 B of archives.
After this operation, 0 B of additional disk space will be used.
Get:1 copy:/<<BUILDDIR>>/resolver-cUkH01/apt_archive ./ sbuild-build-depends-core-dummy 0.invalid.0 [776 B]
debconf: delaying package configuration, since apt-utils is not installed
Fetched 776 B in 0s (0 B/s)
Selecting previously unselected package sbuild-build-depends-core-dummy.
(Reading database ... 9775 files and directories currently installed.)
Preparing to unpack .../sbuild-build-depends-core-dummy_0.invalid.0_amd64.deb ...
Unpacking sbuild-build-depends-core-dummy (0.invalid.0) ...
Setting up sbuild-build-depends-core-dummy (0.invalid.0) ...
W: No sandbox user '_apt' on the system, can not drop privileges

+------------------------------------------------------------------------------+
| Check architectures                                                          |
+------------------------------------------------------------------------------+

Arch check ok (amd64 included in any all)

+------------------------------------------------------------------------------+
| Install package build dependencies                                           |
+------------------------------------------------------------------------------+


Setup apt archive
-----------------

Merged Build-Depends: debhelper (>= 9), gem2deb, libao-dev, libasound2-dev, libavahi-client-dev, libavahi-glib-dev, libavcodec-dev (>= 6:10~), libboost-dev, libboost-signals-dev, libcdio-cdda-dev, libcurl4-openssl-dev, libssl-dev, libdiscid-dev, libexpat1-dev, libfaad-dev, libfftw3-dev, libflac-dev, libgamin-dev, libglib2.0-dev, libgme-dev, libjack-dev, libmad0-dev, libmms-dev, libmodplug-dev, libmpcdec-dev, libmpg123-dev (>= 1.5.1), libofa0-dev, libperl-dev, libpulse-dev, libreadline-dev, libresid-builder-dev, libsamplerate-dev, libsdl1.2-dev, libshout-dev, libsidplay2-dev, libsmbclient-dev, libsndfile1-dev, libsqlite3-dev, libvisual-0.4-dev, libvorbis-dev, libwavpack-dev, libxml2-dev, python-all-dev (>= 2.6.6-3~), python-pyrex
Filtered Build-Depends: debhelper (>= 9), gem2deb, libao-dev, libasound2-dev, libavahi-client-dev, libavahi-glib-dev, libavcodec-dev (>= 6:10~), libboost-dev, libboost-signals-dev, libcdio-cdda-dev, libcurl4-openssl-dev, libssl-dev, libdiscid-dev, libexpat1-dev, libfaad-dev, libfftw3-dev, libflac-dev, libgamin-dev, libglib2.0-dev, libgme-dev, libjack-dev, libmad0-dev, libmms-dev, libmodplug-dev, libmpcdec-dev, libmpg123-dev (>= 1.5.1), libofa0-dev, libperl-dev, libpulse-dev, libreadline-dev, libresid-builder-dev, libsamplerate-dev, libsdl1.2-dev, libshout-dev, libsidplay2-dev, libsmbclient-dev, libsndfile1-dev, libsqlite3-dev, libvisual-0.4-dev, libvorbis-dev, libwavpack-dev, libxml2-dev, python-all-dev (>= 2.6.6-3~), python-pyrex
dpkg-deb: building package 'sbuild-build-depends-xmms2-dummy' in '/<<BUILDDIR>>/resolver-VdQGQW/apt_archive/sbuild-build-depends-xmms2-dummy.deb'.
dpkg-scanpackages: warning: Packages in archive but missing from override file:
dpkg-scanpackages: warning:   sbuild-build-depends-xmms2-dummy
dpkg-scanpackages: info: Wrote 1 entries to output Packages file.
Ign:1 copy:/<<BUILDDIR>>/resolver-VdQGQW/apt_archive ./ InRelease
Get:2 copy:/<<BUILDDIR>>/resolver-VdQGQW/apt_archive ./ Release [963 B]
Ign:3 copy:/<<BUILDDIR>>/resolver-VdQGQW/apt_archive ./ Release.gpg
Get:4 copy:/<<BUILDDIR>>/resolver-VdQGQW/apt_archive ./ Sources [634 B]
Get:5 copy:/<<BUILDDIR>>/resolver-VdQGQW/apt_archive ./ Packages [698 B]
Fetched 2295 B in 0s (0 B/s)
Reading package lists...
W: No sandbox user '_apt' on the system, can not drop privileges
Reading package lists...

Install xmms2 build dependencies (apt-based resolver)
-----------------------------------------------------

Installing build dependencies
Reading package lists...
Building dependency tree...
Reading state information...
The following additional packages will be installed:
  autoconf automake autopoint autotools-dev bsdmainutils ca-certificates
  debhelper devscripts dh-autoreconf dh-python dh-strip-nondeterminism file
  fontconfig-config fonts-dejavu-core gamin gem2deb gem2deb-test-runner
  gettext gettext-base groff-base icu-devtools intltool-debian libao-common
  libao-dev libao4 libarchive-zip-perl libasound2 libasound2-data
  libasound2-dev libasyncns0 libavahi-client-dev libavahi-client3
  libavahi-common-data libavahi-common-dev libavahi-common3 libavahi-glib-dev
  libavahi-glib1 libavcodec-dev libavcodec57 libavutil-dev libavutil55
  libboost-dev libboost-signals-dev libboost-signals1.61-dev
  libboost-signals1.61.0 libboost1.61-dev libcaca-dev libcaca0 libcairo2
  libcap2 libcdio-cdda-dev libcdio-cdda1 libcdio-dev libcdio13 libcroco3
  libcrystalhd3 libcups2 libcurl3 libcurl4-openssl-dev libdbus-1-3
  libdbus-1-dev libdiscid-dev libdiscid0 libdrm-amdgpu1 libdrm-dev
  libdrm-intel1 libdrm-nouveau2 libdrm-radeon1 libdrm2 libelf1 libexpat1
  libexpat1-dev libfaad-dev libfaad2 libfftw3-bin libfftw3-dev
  libfftw3-double3 libfftw3-long3 libfftw3-quad3 libfftw3-single3
  libfile-stripnondeterminism-perl libflac-dev libflac8 libfontconfig1
  libfreetype6 libgamin-dev libgamin0 libgl1-mesa-dev libgl1-mesa-glx
  libglapi-mesa libglib2.0-0 libglib2.0-bin libglib2.0-data libglib2.0-dev
  libglu1-mesa libglu1-mesa-dev libgme-dev libgme0 libgmp-dev libgmpxx4ldbl
  libgnutls30 libgsm1 libgssapi-krb5-2 libhogweed4 libice6 libicu-dev libicu57
  libidn11 libjack-dev libjack0 libjson-c3 libk5crypto3 libkeyutils1 libkrb5-3
  libkrb5support0 libldap-2.4-2 libldb1 libmad0 libmad0-dev libmagic-mgc
  libmagic1 libmms-dev libmms0 libmodplug-dev libmodplug1 libmp3lame0
  libmpcdec-dev libmpcdec6 libmpdec2 libmpg123-0 libmpg123-dev libnettle6
  libnghttp2-14 libnuma1 libofa0 libofa0-dev libogg-dev libogg0 libopenjp2-7
  libopus0 liborc-0.4-0 libp11-kit0 libpciaccess0 libpcre16-3 libpcre3-dev
  libpcre32-3 libpcrecpp0v5 libperl-dev libpipeline1 libpixman-1-0 libpng-dev
  libpng16-16 libpopt0 libpthread-stubs0-dev libpulse-dev
  libpulse-mainloop-glib0 libpulse0 libpython-all-dev libpython-dev
  libpython-stdlib libpython2.7 libpython2.7-dev libpython2.7-minimal
  libpython2.7-stdlib libpython3-stdlib libpython3.5-minimal
  libpython3.5-stdlib libreadline-dev libreadline6 libreadline6-dev
  libresid-builder-dev libresid-builder0c2a librtmp1 libruby2.3 libsamplerate0
  libsamplerate0-dev libsasl2-2 libsasl2-modules-db libschroedinger-1.0-0
  libsdl1.2-dev libsdl1.2debian libshine3 libshout3 libshout3-dev libsidplay2
  libsidplay2-dev libsigsegv2 libslang2 libslang2-dev libsm6 libsmbclient
  libsmbclient-dev libsnappy1v5 libsndfile1 libsndfile1-dev libsoxr0
  libspeex-dev libspeex1 libsqlite3-0 libsqlite3-dev libssh2-1 libssl-dev
  libssl1.0.2 libswresample-dev libswresample2 libtalloc2 libtasn1-6 libtdb1
  libtevent0 libtheora-dev libtheora0 libtimedate-perl libtinfo-dev libtool
  libtwolame0 libunistring0 libva-drm1 libva-x11-1 libva1 libvdpau1
  libvisual-0.4-0 libvisual-0.4-dev libvorbis-dev libvorbis0a libvorbisenc2
  libvorbisfile3 libvpx3 libwavpack-dev libwavpack1 libwbclient0 libwebp6
  libwebpmux2 libwrap0 libx11-6 libx11-data libx11-dev libx11-xcb-dev
  libx11-xcb1 libx264-148 libx265-79 libxau-dev libxau6 libxcb-dri2-0
  libxcb-dri2-0-dev libxcb-dri3-0 libxcb-dri3-dev libxcb-glx0 libxcb-glx0-dev
  libxcb-present-dev libxcb-present0 libxcb-randr0 libxcb-randr0-dev
  libxcb-render0 libxcb-render0-dev libxcb-shape0 libxcb-shape0-dev
  libxcb-shm0 libxcb-sync-dev libxcb-sync1 libxcb-xfixes0 libxcb-xfixes0-dev
  libxcb1 libxcb1-dev libxdamage-dev libxdamage1 libxdmcp-dev libxdmcp6
  libxext-dev libxext6 libxfixes-dev libxfixes3 libxi6 libxml2 libxml2-dev
  libxrender1 libxshmfence-dev libxshmfence1 libxtst6 libxvidcore4
  libxxf86vm-dev libxxf86vm1 libyaml-0-2 libzvbi-common libzvbi0 lsb-base m4
  man-db mesa-common-dev mime-support openssl pkg-config po-debconf python
  python-all python-all-dev python-dev python-minimal python-pyrex
  python-talloc python2.7 python2.7-dev python2.7-minimal python3
  python3-minimal python3.5 python3.5-minimal rake readline-common ruby
  ruby-all-dev ruby-did-you-mean ruby-minitest ruby-net-telnet
  ruby-power-assert ruby-setup ruby-test-unit ruby2.3 ruby2.3-dev
  rubygems-integration samba-libs ucf uuid-dev x11-common x11proto-core-dev
  x11proto-damage-dev x11proto-dri2-dev x11proto-fixes-dev x11proto-gl-dev
  x11proto-input-dev x11proto-kb-dev x11proto-xext-dev
  x11proto-xf86vidmode-dev xorg-sgml-doctools xtrans-dev zlib1g-dev
Suggested packages:
  autoconf-archive gnu-standards autoconf-doc wamerican | wordlist whois
  vacation dh-make bsd-mailx | mailx cvs-buildpackage diffoscope devscripts-el
  dose-extra gnuplot libauthen-sasl-perl libfile-desktopentry-perl
  libnet-smtp-ssl-perl libterm-size-perl libyaml-syck-perl mozilla-devscripts
  mutt reprotest ssh-client svn-buildpackage w3m gettext-doc libasprintf-dev
  libgettextpo-dev groff libaudio2 libesd0 | libesd-alsa0 libasound2-plugins
  alsa-utils libasound2-doc libboost-doc libboost1.61-doc
  libboost-atomic1.61-dev libboost-chrono1.61-dev libboost-context1.61-dev
  libboost-coroutine1.61-dev libboost-date-time1.61-dev
  libboost-exception1.61-dev libboost-filesystem1.61-dev
  libboost-graph1.61-dev libboost-graph-parallel1.61-dev
  libboost-iostreams1.61-dev libboost-locale1.61-dev libboost-log1.61-dev
  libboost-math1.61-dev libboost-mpi1.61-dev libboost-mpi-python1.61-dev
  libboost-program-options1.61-dev libboost-python1.61-dev
  libboost-random1.61-dev libboost-regex1.61-dev
  libboost-serialization1.61-dev libboost-system1.61-dev libboost-test1.61-dev
  libboost-thread1.61-dev libboost-timer1.61-dev libboost-wave1.61-dev
  libboost1.61-tools-dev libmpfrc++-dev libntl-dev firmware-crystalhd
  cups-common libcurl4-doc libcurl3-dbg libidn11-dev libkrb5-dev libldap2-dev
  librtmp-dev libssh2-1-dev libdiscid-doc libfftw3-doc libglib2.0-doc gmp-doc
  libgmp10-doc libmpfr-dev gnutls-bin krb5-doc krb5-user icu-doc jackd1
  opus-tools pciutils pulseaudio readline-doc speex sqlite3-doc libtool-doc
  gfortran | fortran95-compiler gcj-jdk libvisual-0.4-plugins libxcb-doc
  libxext-doc less www-browser libmail-box-perl python-doc python-tk
  python2.7-doc binfmt-support python3-doc python3-tk python3-venv
  python3.5-venv python3.5-doc ri ruby-dev bundler
Recommended packages:
  at dctrl-tools dput | dupload gnupg | gnupg2 libdistro-info-perl
  libencode-locale-perl liburi-perl libwww-perl licensecheck lintian
  patchutils python3-debian python3-magic strace unzip wdiff wget | curl
  debian-keyring equivs liblwp-protocol-https-perl libsoap-lite-perl apt-file
  curl | wget | lynx-cur dbus libgl1-mesa-dri shared-mime-info xdg-user-dirs
  krb5-locales libpng-tools libsasl2-modules libssl-doc libltdl-dev
  va-driver-all | va-driver vdpau-driver-all | vdpau-driver tcpd libx11-doc
  xml-core libmail-sendmail-perl zip fonts-lato libjs-jquery
The following NEW packages will be installed:
  autoconf automake autopoint autotools-dev bsdmainutils ca-certificates
  debhelper devscripts dh-autoreconf dh-python dh-strip-nondeterminism file
  fontconfig-config fonts-dejavu-core gamin gem2deb gem2deb-test-runner
  gettext gettext-base groff-base icu-devtools intltool-debian libao-common
  libao-dev libao4 libarchive-zip-perl libasound2 libasound2-data
  libasound2-dev libasyncns0 libavahi-client-dev libavahi-client3
  libavahi-common-data libavahi-common-dev libavahi-common3 libavahi-glib-dev
  libavahi-glib1 libavcodec-dev libavcodec57 libavutil-dev libavutil55
  libboost-dev libboost-signals-dev libboost-signals1.61-dev
  libboost-signals1.61.0 libboost1.61-dev libcaca-dev libcaca0 libcairo2
  libcap2 libcdio-cdda-dev libcdio-cdda1 libcdio-dev libcdio13 libcroco3
  libcrystalhd3 libcups2 libcurl3 libcurl4-openssl-dev libdbus-1-3
  libdbus-1-dev libdiscid-dev libdiscid0 libdrm-amdgpu1 libdrm-dev
  libdrm-intel1 libdrm-nouveau2 libdrm-radeon1 libdrm2 libelf1 libexpat1
  libexpat1-dev libfaad-dev libfaad2 libfftw3-bin libfftw3-dev
  libfftw3-double3 libfftw3-long3 libfftw3-quad3 libfftw3-single3
  libfile-stripnondeterminism-perl libflac-dev libflac8 libfontconfig1
  libfreetype6 libgamin-dev libgamin0 libgl1-mesa-dev libgl1-mesa-glx
  libglapi-mesa libglib2.0-0 libglib2.0-bin libglib2.0-data libglib2.0-dev
  libglu1-mesa libglu1-mesa-dev libgme-dev libgme0 libgmp-dev libgmpxx4ldbl
  libgnutls30 libgsm1 libgssapi-krb5-2 libhogweed4 libice6 libicu-dev libicu57
  libidn11 libjack-dev libjack0 libjson-c3 libk5crypto3 libkeyutils1 libkrb5-3
  libkrb5support0 libldap-2.4-2 libldb1 libmad0 libmad0-dev libmagic-mgc
  libmagic1 libmms-dev libmms0 libmodplug-dev libmodplug1 libmp3lame0
  libmpcdec-dev libmpcdec6 libmpdec2 libmpg123-0 libmpg123-dev libnettle6
  libnghttp2-14 libnuma1 libofa0 libofa0-dev libogg-dev libogg0 libopenjp2-7
  libopus0 liborc-0.4-0 libp11-kit0 libpciaccess0 libpcre16-3 libpcre3-dev
  libpcre32-3 libpcrecpp0v5 libperl-dev libpipeline1 libpixman-1-0 libpng-dev
  libpng16-16 libpopt0 libpthread-stubs0-dev libpulse-dev
  libpulse-mainloop-glib0 libpulse0 libpython-all-dev libpython-dev
  libpython-stdlib libpython2.7 libpython2.7-dev libpython2.7-minimal
  libpython2.7-stdlib libpython3-stdlib libpython3.5-minimal
  libpython3.5-stdlib libreadline-dev libreadline6 libreadline6-dev
  libresid-builder-dev libresid-builder0c2a librtmp1 libruby2.3 libsamplerate0
  libsamplerate0-dev libsasl2-2 libsasl2-modules-db libschroedinger-1.0-0
  libsdl1.2-dev libsdl1.2debian libshine3 libshout3 libshout3-dev libsidplay2
  libsidplay2-dev libsigsegv2 libslang2 libslang2-dev libsm6 libsmbclient
  libsmbclient-dev libsnappy1v5 libsndfile1 libsndfile1-dev libsoxr0
  libspeex-dev libspeex1 libsqlite3-0 libsqlite3-dev libssh2-1 libssl-dev
  libssl1.0.2 libswresample-dev libswresample2 libtalloc2 libtasn1-6 libtdb1
  libtevent0 libtheora-dev libtheora0 libtimedate-perl libtinfo-dev libtool
  libtwolame0 libunistring0 libva-drm1 libva-x11-1 libva1 libvdpau1
  libvisual-0.4-0 libvisual-0.4-dev libvorbis-dev libvorbis0a libvorbisenc2
  libvorbisfile3 libvpx3 libwavpack-dev libwavpack1 libwbclient0 libwebp6
  libwebpmux2 libwrap0 libx11-6 libx11-data libx11-dev libx11-xcb-dev
  libx11-xcb1 libx264-148 libx265-79 libxau-dev libxau6 libxcb-dri2-0
  libxcb-dri2-0-dev libxcb-dri3-0 libxcb-dri3-dev libxcb-glx0 libxcb-glx0-dev
  libxcb-present-dev libxcb-present0 libxcb-randr0 libxcb-randr0-dev
  libxcb-render0 libxcb-render0-dev libxcb-shape0 libxcb-shape0-dev
  libxcb-shm0 libxcb-sync-dev libxcb-sync1 libxcb-xfixes0 libxcb-xfixes0-dev
  libxcb1 libxcb1-dev libxdamage-dev libxdamage1 libxdmcp-dev libxdmcp6
  libxext-dev libxext6 libxfixes-dev libxfixes3 libxi6 libxml2 libxml2-dev
  libxrender1 libxshmfence-dev libxshmfence1 libxtst6 libxvidcore4
  libxxf86vm-dev libxxf86vm1 libyaml-0-2 libzvbi-common libzvbi0 lsb-base m4
  man-db mesa-common-dev mime-support openssl pkg-config po-debconf python
  python-all python-all-dev python-dev python-minimal python-pyrex
  python-talloc python2.7 python2.7-dev python2.7-minimal python3
  python3-minimal python3.5 python3.5-minimal rake readline-common ruby
  ruby-all-dev ruby-did-you-mean ruby-minitest ruby-net-telnet
  ruby-power-assert ruby-setup ruby-test-unit ruby2.3 ruby2.3-dev
  rubygems-integration samba-libs sbuild-build-depends-xmms2-dummy ucf
  uuid-dev x11-common x11proto-core-dev x11proto-damage-dev x11proto-dri2-dev
  x11proto-fixes-dev x11proto-gl-dev x11proto-input-dev x11proto-kb-dev
  x11proto-xext-dev x11proto-xf86vidmode-dev xorg-sgml-doctools xtrans-dev
  zlib1g-dev
0 upgraded, 336 newly installed, 0 to remove and 0 not upgraded.
Need to get 159 MB of archives.
After this operation, 641 MB of additional disk space will be used.
Get:1 copy:/<<BUILDDIR>>/resolver-VdQGQW/apt_archive ./ sbuild-build-depends-xmms2-dummy 0.invalid.0 [1044 B]
Get:2 http://127.0.0.1:9999/debian unstable/main amd64 libpopt0 amd64 1.16-10 [49.2 kB]
Get:3 http://127.0.0.1:9999/debian unstable/main amd64 libwrap0 amd64 7.6.q-25 [58.5 kB]
Get:4 http://127.0.0.1:9999/debian unstable/main amd64 groff-base amd64 1.22.3-8 [1162 kB]
Get:5 http://127.0.0.1:9999/debian unstable/main amd64 bsdmainutils amd64 9.0.10 [184 kB]
Get:6 http://127.0.0.1:9999/debian unstable/main amd64 libpipeline1 amd64 1.4.1-2 [27.6 kB]
Get:7 http://127.0.0.1:9999/debian unstable/main amd64 man-db amd64 2.7.5-1 [1003 kB]
Get:8 http://127.0.0.1:9999/debian unstable/main amd64 libpython2.7-minimal amd64 2.7.12-2 [387 kB]
Get:9 http://127.0.0.1:9999/debian unstable/main amd64 python2.7-minimal amd64 2.7.12-2 [1348 kB]
Get:10 http://127.0.0.1:9999/debian unstable/main amd64 python-minimal amd64 2.7.11-2 [40.3 kB]
Get:11 http://127.0.0.1:9999/debian unstable/main amd64 mime-support all 3.60 [36.7 kB]
Get:12 http://127.0.0.1:9999/debian unstable/main amd64 libexpat1 amd64 2.2.0-1 [82.0 kB]
Get:13 http://127.0.0.1:9999/debian unstable/main amd64 readline-common all 6.3-8 [57.7 kB]
Get:14 http://127.0.0.1:9999/debian unstable/main amd64 libreadline6 amd64 6.3-8+b4 [142 kB]
Get:15 http://127.0.0.1:9999/debian unstable/main amd64 libsqlite3-0 amd64 3.14.1-1 [559 kB]
Get:16 http://127.0.0.1:9999/debian unstable/main amd64 libssl1.0.2 amd64 1.0.2h-1 [1287 kB]
Get:17 http://127.0.0.1:9999/debian unstable/main amd64 libpython2.7-stdlib amd64 2.7.12-2 [1875 kB]
Get:18 http://127.0.0.1:9999/debian unstable/main amd64 python2.7 amd64 2.7.12-2 [277 kB]
Get:19 http://127.0.0.1:9999/debian unstable/main amd64 libpython-stdlib amd64 2.7.11-2 [19.8 kB]
Get:20 http://127.0.0.1:9999/debian unstable/main amd64 python amd64 2.7.11-2 [153 kB]
Get:21 http://127.0.0.1:9999/debian unstable/main amd64 libfaad2 amd64 2.8.0~cvs20150510-1 [167 kB]
Get:22 http://127.0.0.1:9999/debian unstable/main amd64 libfftw3-double3 amd64 3.3.4-2+b1 [731 kB]
Get:23 http://127.0.0.1:9999/debian unstable/main amd64 libfftw3-long3 amd64 3.3.4-2+b1 [313 kB]
Get:24 http://127.0.0.1:9999/debian unstable/main amd64 libfftw3-quad3 amd64 3.3.4-2+b1 [556 kB]
Get:25 http://127.0.0.1:9999/debian unstable/main amd64 libfftw3-single3 amd64 3.3.4-2+b1 [759 kB]
Get:26 http://127.0.0.1:9999/debian unstable/main amd64 libgsm1 amd64 1.0.13-4 [29.7 kB]
Get:27 http://127.0.0.1:9999/debian unstable/main amd64 lsb-base all 9.20160629 [27.6 kB]
Get:28 http://127.0.0.1:9999/debian unstable/main amd64 x11-common all 1:7.7+16 [251 kB]
Get:29 http://127.0.0.1:9999/debian unstable/main amd64 libice6 amd64 2:1.0.9-1+b1 [58.8 kB]
Get:30 http://127.0.0.1:9999/debian unstable/main amd64 libjack0 amd64 1:0.124.1+20140122git5013bed0-3 [55.7 kB]
Get:31 http://127.0.0.1:9999/debian unstable/main amd64 libmad0 amd64 0.15.1b-8 [78.4 kB]
Get:32 http://127.0.0.1:9999/debian unstable/main amd64 libogg0 amd64 1.3.2-1 [19.9 kB]
Get:33 http://127.0.0.1:9999/debian unstable/main amd64 libpcrecpp0v5 amd64 2:8.39-2 [151 kB]
Get:34 http://127.0.0.1:9999/debian unstable/main amd64 libsamplerate0 amd64 0.1.8-8 [949 kB]
Get:35 http://127.0.0.1:9999/debian unstable/main amd64 liborc-0.4-0 amd64 1:0.4.25-1 [140 kB]
Get:36 http://127.0.0.1:9999/debian unstable/main amd64 libschroedinger-1.0-0 amd64 1.0.11-2.1 [295 kB]
Get:37 http://127.0.0.1:9999/debian unstable/main amd64 libspeex1 amd64 1.2~rc1.2-1 [54.9 kB]
Get:38 http://127.0.0.1:9999/debian unstable/main amd64 libpng16-16 amd64 1.6.24-2 [279 kB]
Get:39 http://127.0.0.1:9999/debian unstable/main amd64 libfreetype6 amd64 2.6.3-3+b1 [437 kB]
Get:40 http://127.0.0.1:9999/debian unstable/main amd64 ucf all 3.0036 [70.2 kB]
Get:41 http://127.0.0.1:9999/debian unstable/main amd64 fonts-dejavu-core all 2.37-1 [1068 kB]
Get:42 http://127.0.0.1:9999/debian unstable/main amd64 fontconfig-config all 2.11.0-6.7 [271 kB]
Get:43 http://127.0.0.1:9999/debian unstable/main amd64 libfontconfig1 amd64 2.11.0-6.7 [331 kB]
Get:44 http://127.0.0.1:9999/debian unstable/main amd64 libpixman-1-0 amd64 0.33.6-1 [532 kB]
Get:45 http://127.0.0.1:9999/debian unstable/main amd64 libxau6 amd64 1:1.0.8-1 [20.7 kB]
Get:46 http://127.0.0.1:9999/debian unstable/main amd64 libxdmcp6 amd64 1:1.1.2-1.1 [26.2 kB]
Get:47 http://127.0.0.1:9999/debian unstable/main amd64 libxcb1 amd64 1.11.1-1.1 [45.3 kB]
Get:48 http://127.0.0.1:9999/debian unstable/main amd64 libx11-data all 2:1.6.3-1 [128 kB]
Get:49 http://127.0.0.1:9999/debian unstable/main amd64 libx11-6 amd64 2:1.6.3-1 [742 kB]
Get:50 http://127.0.0.1:9999/debian unstable/main amd64 libxcb-render0 amd64 1.11.1-1.1 [17.5 kB]
Get:51 http://127.0.0.1:9999/debian unstable/main amd64 libxcb-shm0 amd64 1.11.1-1.1 [11.6 kB]
Get:52 http://127.0.0.1:9999/debian unstable/main amd64 libxext6 amd64 2:1.3.3-1 [52.7 kB]
Get:53 http://127.0.0.1:9999/debian unstable/main amd64 libxrender1 amd64 1:0.9.9-2 [31.8 kB]
Get:54 http://127.0.0.1:9999/debian unstable/main amd64 libcairo2 amd64 1.14.6-1+b1 [767 kB]
Get:55 http://127.0.0.1:9999/debian unstable/main amd64 libtheora0 amd64 1.1.1+dfsg.1-14 [177 kB]
Get:56 http://127.0.0.1:9999/debian unstable/main amd64 libvorbis0a amd64 1.3.5-3 [92.9 kB]
Get:57 http://127.0.0.1:9999/debian unstable/main amd64 libshout3 amd64 2.3.1-3 [46.1 kB]
Get:58 http://127.0.0.1:9999/debian unstable/main amd64 libsm6 amd64 2:1.2.2-1+b1 [33.6 kB]
Get:59 http://127.0.0.1:9999/debian unstable/main amd64 libtalloc2 amd64 2.1.7-1 [36.3 kB]
Get:60 http://127.0.0.1:9999/debian unstable/main amd64 libtevent0 amd64 0.9.28-1 [26.5 kB]
Get:61 http://127.0.0.1:9999/debian unstable/main amd64 libcap2 amd64 1:2.25-1 [16.8 kB]
Get:62 http://127.0.0.1:9999/debian unstable/main amd64 libavahi-common-data amd64 0.6.32-1 [118 kB]
Get:63 http://127.0.0.1:9999/debian unstable/main amd64 libavahi-common3 amd64 0.6.32-1 [52.1 kB]
Get:64 http://127.0.0.1:9999/debian unstable/main amd64 libdbus-1-3 amd64 1.10.10-1 [190 kB]
Get:65 http://127.0.0.1:9999/debian unstable/main amd64 libavahi-client3 amd64 0.6.32-1 [55.4 kB]
Get:66 http://127.0.0.1:9999/debian unstable/main amd64 libnettle6 amd64 3.2-1 [191 kB]
Get:67 http://127.0.0.1:9999/debian unstable/main amd64 libhogweed4 amd64 3.2-1 [136 kB]
Get:68 http://127.0.0.1:9999/debian unstable/main amd64 libidn11 amd64 1.33-1 [115 kB]
Get:69 http://127.0.0.1:9999/debian unstable/main amd64 libp11-kit0 amd64 0.23.2-5 [111 kB]
Get:70 http://127.0.0.1:9999/debian unstable/main amd64 libtasn1-6 amd64 4.9-4 [50.0 kB]
Get:71 http://127.0.0.1:9999/debian unstable/main amd64 libgnutls30 amd64 3.5.3-3 [801 kB]
Get:72 http://127.0.0.1:9999/debian unstable/main amd64 libkeyutils1 amd64 1.5.9-9 [12.4 kB]
Get:73 http://127.0.0.1:9999/debian unstable/main amd64 libkrb5support0 amd64 1.14.3+dfsg-1 [61.0 kB]
Get:74 http://127.0.0.1:9999/debian unstable/main amd64 libk5crypto3 amd64 1.14.3+dfsg-1 [115 kB]
Get:75 http://127.0.0.1:9999/debian unstable/main amd64 libkrb5-3 amd64 1.14.3+dfsg-1 [311 kB]
Get:76 http://127.0.0.1:9999/debian unstable/main amd64 libgssapi-krb5-2 amd64 1.14.3+dfsg-1 [154 kB]
Get:77 http://127.0.0.1:9999/debian unstable/main amd64 libcups2 amd64 2.1.4-4 [299 kB]
Get:78 http://127.0.0.1:9999/debian unstable/main amd64 libsasl2-modules-db amd64 2.1.26.dfsg1-15 [66.9 kB]
Get:79 http://127.0.0.1:9999/debian unstable/main amd64 libsasl2-2 amd64 2.1.26.dfsg1-15 [103 kB]
Get:80 http://127.0.0.1:9999/debian unstable/main amd64 libldap-2.4-2 amd64 2.4.42+dfsg-2+b2 [222 kB]
Get:81 http://127.0.0.1:9999/debian unstable/main amd64 libtdb1 amd64 1.3.9-1 [42.5 kB]
Get:82 http://127.0.0.1:9999/debian unstable/main amd64 libldb1 amd64 2:1.1.26-1 [111 kB]
Get:83 http://127.0.0.1:9999/debian unstable/main amd64 libpython2.7 amd64 2.7.12-2 [1070 kB]
Get:84 http://127.0.0.1:9999/debian unstable/main amd64 libwbclient0 amd64 2:4.4.5+dfsg-2 [121 kB]
Get:85 http://127.0.0.1:9999/debian unstable/main amd64 python-talloc amd64 2.1.7-1 [11.8 kB]
Get:86 http://127.0.0.1:9999/debian unstable/main amd64 samba-libs amd64 2:4.4.5+dfsg-2 [5313 kB]
Get:87 http://127.0.0.1:9999/debian unstable/main amd64 libsmbclient amd64 2:4.4.5+dfsg-2 [148 kB]
Get:88 http://127.0.0.1:9999/debian unstable/main amd64 libx11-xcb1 amd64 2:1.6.3-1 [176 kB]
Get:89 http://127.0.0.1:9999/debian unstable/main amd64 libxfixes3 amd64 1:5.0.2-1 [21.3 kB]
Get:90 http://127.0.0.1:9999/debian unstable/main amd64 libxdamage1 amd64 1:1.1.4-2+b1 [14.7 kB]
Get:91 http://127.0.0.1:9999/debian unstable/main amd64 libxshmfence1 amd64 1.2-1 [7836 B]
Get:92 http://127.0.0.1:9999/debian unstable/main amd64 libxi6 amd64 2:1.7.6-1 [80.6 kB]
Get:93 http://127.0.0.1:9999/debian unstable/main amd64 libxtst6 amd64 2:1.2.2-1+b1 [27.3 kB]
Get:94 http://127.0.0.1:9999/debian unstable/main amd64 libxxf86vm1 amd64 1:1.1.4-1 [20.9 kB]
Get:95 http://127.0.0.1:9999/debian unstable/main amd64 libyaml-0-2 amd64 0.1.6-3 [50.4 kB]
Get:96 http://127.0.0.1:9999/debian unstable/main amd64 libpython3.5-minimal amd64 3.5.2-3 [568 kB]
Get:97 http://127.0.0.1:9999/debian unstable/main amd64 python3.5-minimal amd64 3.5.2-3 [1644 kB]
Get:98 http://127.0.0.1:9999/debian unstable/main amd64 python3-minimal amd64 3.5.1-4 [35.3 kB]
Get:99 http://127.0.0.1:9999/debian unstable/main amd64 libmpdec2 amd64 2.4.2-1 [85.2 kB]
Get:100 http://127.0.0.1:9999/debian unstable/main amd64 libpython3.5-stdlib amd64 3.5.2-3 [2126 kB]
Get:101 http://127.0.0.1:9999/debian unstable/main amd64 python3.5 amd64 3.5.2-3 [214 kB]
Get:102 http://127.0.0.1:9999/debian unstable/main amd64 libpython3-stdlib amd64 3.5.1-4 [18.6 kB]
Get:103 http://127.0.0.1:9999/debian unstable/main amd64 dh-python all 2.20160818 [83.0 kB]
Get:104 http://127.0.0.1:9999/debian unstable/main amd64 python3 amd64 3.5.1-4 [21.6 kB]
Get:105 http://127.0.0.1:9999/debian unstable/main amd64 libsmbclient-dev amd64 2:4.4.5+dfsg-2 [135 kB]
Get:106 http://127.0.0.1:9999/debian unstable/main amd64 libslang2 amd64 2.3.0-3 [491 kB]
Get:107 http://127.0.0.1:9999/debian unstable/main amd64 libmagic-mgc amd64 1:5.28-4 [210 kB]
Get:108 http://127.0.0.1:9999/debian unstable/main amd64 libmagic1 amd64 1:5.28-4 [109 kB]
Get:109 http://127.0.0.1:9999/debian unstable/main amd64 file amd64 1:5.28-4 [62.9 kB]
Get:110 http://127.0.0.1:9999/debian unstable/main amd64 gettext-base amd64 0.19.8.1-1 [121 kB]
Get:111 http://127.0.0.1:9999/debian unstable/main amd64 libicu57 amd64 57.1-3 [7676 kB]
Get:112 http://127.0.0.1:9999/debian unstable/main amd64 libxml2 amd64 2.9.4+dfsg1-1+b1 [919 kB]
Get:113 http://127.0.0.1:9999/debian unstable/main amd64 libsigsegv2 amd64 2.10-5 [28.9 kB]
Get:114 http://127.0.0.1:9999/debian unstable/main amd64 m4 amd64 1.4.17-5 [255 kB]
Get:115 http://127.0.0.1:9999/debian unstable/main amd64 autoconf all 2.69-10 [338 kB]
Get:116 http://127.0.0.1:9999/debian unstable/main amd64 autotools-dev all 20160430.1 [72.6 kB]
Get:117 http://127.0.0.1:9999/debian unstable/main amd64 automake all 1:1.15-4 [735 kB]
Get:118 http://127.0.0.1:9999/debian unstable/main amd64 autopoint all 0.19.8.1-1 [433 kB]
Get:119 http://127.0.0.1:9999/debian unstable/main amd64 openssl amd64 1.0.2h-1 [681 kB]
Get:120 http://127.0.0.1:9999/debian unstable/main amd64 ca-certificates all 20160104 [200 kB]
Get:121 http://127.0.0.1:9999/debian unstable/main amd64 libglib2.0-0 amd64 2.48.1-3 [2707 kB]
Get:122 http://127.0.0.1:9999/debian unstable/main amd64 libcroco3 amd64 0.6.11-1 [143 kB]
Get:123 http://127.0.0.1:9999/debian unstable/main amd64 libunistring0 amd64 0.9.6+really0.9.3-0.1 [279 kB]
Get:124 http://127.0.0.1:9999/debian unstable/main amd64 gettext amd64 0.19.8.1-1 [1493 kB]
Get:125 http://127.0.0.1:9999/debian unstable/main amd64 intltool-debian all 0.35.0+20060710.4 [26.3 kB]
Get:126 http://127.0.0.1:9999/debian unstable/main amd64 po-debconf all 1.0.19 [249 kB]
Get:127 http://127.0.0.1:9999/debian unstable/main amd64 libarchive-zip-perl all 1.59-1 [95.5 kB]
Get:128 http://127.0.0.1:9999/debian unstable/main amd64 libfile-stripnondeterminism-perl all 0.023-2 [13.4 kB]
Get:129 http://127.0.0.1:9999/debian unstable/main amd64 libtimedate-perl all 2.3000-2 [42.2 kB]
Get:130 http://127.0.0.1:9999/debian unstable/main amd64 dh-strip-nondeterminism all 0.023-2 [8202 B]
Get:131 http://127.0.0.1:9999/debian unstable/main amd64 libtool all 2.4.6-2 [545 kB]
Get:132 http://127.0.0.1:9999/debian unstable/main amd64 dh-autoreconf all 12 [15.8 kB]
Get:133 http://127.0.0.1:9999/debian unstable/main amd64 debhelper all 9.20160814 [800 kB]
Get:134 http://127.0.0.1:9999/debian unstable/main amd64 devscripts amd64 2.16.7 [925 kB]
Get:135 http://127.0.0.1:9999/debian unstable/main amd64 libgamin0 amd64 0.1.10-5 [39.3 kB]
Get:136 http://127.0.0.1:9999/debian unstable/main amd64 gamin amd64 0.1.10-5 [66.2 kB]
Get:137 http://127.0.0.1:9999/debian unstable/main amd64 rubygems-integration all 1.10 [4882 B]
Get:138 http://127.0.0.1:9999/debian unstable/main amd64 ruby-did-you-mean all 1.0.0-2 [11.2 kB]
Get:139 http://127.0.0.1:9999/debian unstable/main amd64 ruby-minitest all 5.9.0-1 [51.1 kB]
Get:140 http://127.0.0.1:9999/debian unstable/main amd64 ruby-net-telnet all 0.1.1-2 [12.5 kB]
Get:141 http://127.0.0.1:9999/debian unstable/main amd64 ruby-power-assert all 0.3.0-1 [7902 B]
Get:142 http://127.0.0.1:9999/debian unstable/main amd64 ruby-test-unit all 3.1.7-2 [69.6 kB]
Get:143 http://127.0.0.1:9999/debian unstable/main amd64 libruby2.3 amd64 2.3.1-5 [3093 kB]
Get:144 http://127.0.0.1:9999/debian unstable/main amd64 ruby2.3 amd64 2.3.1-5 [178 kB]
Get:145 http://127.0.0.1:9999/debian unstable/main amd64 ruby amd64 1:2.3.0+4 [10.5 kB]
Get:146 http://127.0.0.1:9999/debian unstable/main amd64 rake all 10.5.0-2 [49.4 kB]
Get:147 http://127.0.0.1:9999/debian unstable/main amd64 gem2deb-test-runner amd64 0.32 [20.0 kB]
Get:148 http://127.0.0.1:9999/debian unstable/main amd64 libgmpxx4ldbl amd64 2:6.1.1+dfsg-1 [22.3 kB]
Get:149 http://127.0.0.1:9999/debian unstable/main amd64 libgmp-dev amd64 2:6.1.1+dfsg-1 [629 kB]
Get:150 http://127.0.0.1:9999/debian unstable/main amd64 ruby2.3-dev amd64 2.3.1-5 [1170 kB]
Get:151 http://127.0.0.1:9999/debian unstable/main amd64 ruby-all-dev amd64 1:2.3.0+4 [9996 B]
Get:152 http://127.0.0.1:9999/debian unstable/main amd64 ruby-setup all 3.4.1-9 [34.2 kB]
Get:153 http://127.0.0.1:9999/debian unstable/main amd64 gem2deb amd64 0.32 [56.0 kB]
Get:154 http://127.0.0.1:9999/debian unstable/main amd64 icu-devtools amd64 57.1-3 [172 kB]
Get:155 http://127.0.0.1:9999/debian unstable/main amd64 libao-common amd64 1.1.0-3 [11.1 kB]
Get:156 http://127.0.0.1:9999/debian unstable/main amd64 libao4 amd64 1.1.0-3 [36.7 kB]
Get:157 http://127.0.0.1:9999/debian unstable/main amd64 libao-dev amd64 1.1.0-3 [54.4 kB]
Get:158 http://127.0.0.1:9999/debian unstable/main amd64 libasound2-data all 1.1.2-1 [207 kB]
Get:159 http://127.0.0.1:9999/debian unstable/main amd64 libasound2 amd64 1.1.2-1 [535 kB]
Get:160 http://127.0.0.1:9999/debian unstable/main amd64 libasound2-dev amd64 1.1.2-1 [297 kB]
Get:161 http://127.0.0.1:9999/debian unstable/main amd64 libasyncns0 amd64 0.8-6 [12.5 kB]
Get:162 http://127.0.0.1:9999/debian unstable/main amd64 libavahi-common-dev amd64 0.6.32-1 [66.2 kB]
Get:163 http://127.0.0.1:9999/debian unstable/main amd64 pkg-config amd64 0.29-4 [62.5 kB]
Get:164 http://127.0.0.1:9999/debian unstable/main amd64 libdbus-1-dev amd64 1.10.10-1 [226 kB]
Get:165 http://127.0.0.1:9999/debian unstable/main amd64 libavahi-client-dev amd64 0.6.32-1 [60.2 kB]
Get:166 http://127.0.0.1:9999/debian unstable/main amd64 libavahi-glib1 amd64 0.6.32-1 [37.6 kB]
Get:167 http://127.0.0.1:9999/debian unstable/main amd64 libelf1 amd64 0.166-2 [172 kB]
Get:168 http://127.0.0.1:9999/debian unstable/main amd64 libglib2.0-data all 2.48.1-3 [2502 kB]
Get:169 http://127.0.0.1:9999/debian unstable/main amd64 libglib2.0-bin amd64 2.48.1-3 [1626 kB]
Get:170 http://127.0.0.1:9999/debian unstable/main amd64 libpcre16-3 amd64 2:8.39-2 [258 kB]
Get:171 http://127.0.0.1:9999/debian unstable/main amd64 libpcre32-3 amd64 2:8.39-2 [248 kB]
Get:172 http://127.0.0.1:9999/debian unstable/main amd64 libpcre3-dev amd64 2:8.39-2 [645 kB]
Get:173 http://127.0.0.1:9999/debian unstable/main amd64 zlib1g-dev amd64 1:1.2.8.dfsg-2+b1 [206 kB]
Get:174 http://127.0.0.1:9999/debian unstable/main amd64 libglib2.0-dev amd64 2.48.1-3 [2961 kB]
Get:175 http://127.0.0.1:9999/debian unstable/main amd64 libavahi-glib-dev amd64 0.6.32-1 [38.1 kB]
Get:176 http://127.0.0.1:9999/debian unstable/main amd64 libdrm2 amd64 2.4.70-1 [35.5 kB]
Get:177 http://127.0.0.1:9999/debian unstable/main amd64 libva1 amd64 1.7.1-2 [56.8 kB]
Get:178 http://127.0.0.1:9999/debian unstable/main amd64 libva-drm1 amd64 1.7.1-2 [14.7 kB]
Get:179 http://127.0.0.1:9999/debian unstable/main amd64 libva-x11-1 amd64 1.7.1-2 [19.2 kB]
Get:180 http://127.0.0.1:9999/debian unstable/main amd64 libvdpau1 amd64 1.1.1-3 [41.1 kB]
Get:181 http://127.0.0.1:9999/debian unstable/main amd64 libavutil55 amd64 7:3.1.3-1 [204 kB]
Get:182 http://127.0.0.1:9999/debian unstable/main amd64 libcrystalhd3 amd64 1:0.0~git20110715.fdd2f19-11+b1 [45.8 kB]
Get:183 http://127.0.0.1:9999/debian unstable/main amd64 libmp3lame0 amd64 3.99.5+repack1-9+b1 [353 kB]
Get:184 http://127.0.0.1:9999/debian unstable/main amd64 libopenjp2-7 amd64 2.1.1-1 [120 kB]
Get:185 http://127.0.0.1:9999/debian unstable/main amd64 libopus0 amd64 1.1.2-1 [160 kB]
Get:186 http://127.0.0.1:9999/debian unstable/main amd64 libshine3 amd64 3.1.0-4 [25.9 kB]
Get:187 http://127.0.0.1:9999/debian unstable/main amd64 libsnappy1v5 amd64 1.1.3-3 [51.0 kB]
Get:188 http://127.0.0.1:9999/debian unstable/main amd64 libsoxr0 amd64 0.1.2-1 [70.2 kB]
Get:189 http://127.0.0.1:9999/debian unstable/main amd64 libswresample2 amd64 7:3.1.3-1 [82.1 kB]
Get:190 http://127.0.0.1:9999/debian unstable/main amd64 libtwolame0 amd64 0.3.13-1.2 [52.1 kB]
Get:191 http://127.0.0.1:9999/debian unstable/main amd64 libvorbisenc2 amd64 1.3.5-3 [78.9 kB]
Get:192 http://127.0.0.1:9999/debian unstable/main amd64 libvpx3 amd64 1.5.0-4 [747 kB]
Get:193 http://127.0.0.1:9999/debian unstable/main amd64 libwavpack1 amd64 4.80.0-1 [84.1 kB]
Get:194 http://127.0.0.1:9999/debian unstable/main amd64 libwebp6 amd64 0.5.1-2 [235 kB]
Get:195 http://127.0.0.1:9999/debian unstable/main amd64 libwebpmux2 amd64 0.5.1-2 [82.4 kB]
Get:196 http://127.0.0.1:9999/debian unstable/main amd64 libx264-148 amd64 2:0.148.2699+gita5e06b9-1 [611 kB]
Get:197 http://127.0.0.1:9999/debian unstable/main amd64 libnuma1 amd64 2.0.11-1 [32.5 kB]
Get:198 http://127.0.0.1:9999/debian unstable/main amd64 libx265-79 amd64 1.9-3 [965 kB]
Get:199 http://127.0.0.1:9999/debian unstable/main amd64 libxvidcore4 amd64 2:1.3.4-1 [246 kB]
Get:200 http://127.0.0.1:9999/debian unstable/main amd64 libzvbi-common all 0.2.35-11 [63.7 kB]
Get:201 http://127.0.0.1:9999/debian unstable/main amd64 libzvbi0 amd64 0.2.35-11 [267 kB]
Get:202 http://127.0.0.1:9999/debian unstable/main amd64 libavcodec57 amd64 7:3.1.3-1 [4365 kB]
Get:203 http://127.0.0.1:9999/debian unstable/main amd64 libavutil-dev amd64 7:3.1.3-1 [294 kB]
Get:204 http://127.0.0.1:9999/debian unstable/main amd64 libswresample-dev amd64 7:3.1.3-1 [93.9 kB]
Get:205 http://127.0.0.1:9999/debian unstable/main amd64 libavcodec-dev amd64 7:3.1.3-1 [4816 kB]
Get:206 http://127.0.0.1:9999/debian unstable/main amd64 libboost1.61-dev amd64 1.61.0+dfsg-2.1 [6843 kB]
Get:207 http://127.0.0.1:9999/debian unstable/main amd64 libboost-dev amd64 1.61.0.2 [3746 B]
Get:208 http://127.0.0.1:9999/debian unstable/main amd64 libboost-signals1.61.0 amd64 1.61.0+dfsg-2.1 [53.7 kB]
Get:209 http://127.0.0.1:9999/debian unstable/main amd64 libboost-signals1.61-dev amd64 1.61.0+dfsg-2.1 [57.1 kB]
Get:210 http://127.0.0.1:9999/debian unstable/main amd64 libboost-signals-dev amd64 1.61.0.2 [3450 B]
Get:211 http://127.0.0.1:9999/debian unstable/main amd64 libcaca0 amd64 0.99.beta19-2+b1 [347 kB]
Get:212 http://127.0.0.1:9999/debian unstable/main amd64 libpng-dev amd64 1.6.24-2 [247 kB]
Get:213 http://127.0.0.1:9999/debian unstable/main amd64 libslang2-dev amd64 2.3.0-3 [463 kB]
Get:214 http://127.0.0.1:9999/debian unstable/main amd64 libcaca-dev amd64 0.99.beta19-2+b1 [868 kB]
Get:215 http://127.0.0.1:9999/debian unstable/main amd64 libcdio13 amd64 0.83-4.2+b1 [167 kB]
Get:216 http://127.0.0.1:9999/debian unstable/main amd64 libcdio-cdda1 amd64 0.83-4.2+b1 [132 kB]
Get:217 http://127.0.0.1:9999/debian unstable/main amd64 libcdio-dev amd64 0.83-4.2+b1 [268 kB]
Get:218 http://127.0.0.1:9999/debian unstable/main amd64 libcdio-cdda-dev amd64 0.83-4.2+b1 [136 kB]
Get:219 http://127.0.0.1:9999/debian unstable/main amd64 libnghttp2-14 amd64 1.13.0-1 [79.4 kB]
Get:220 http://127.0.0.1:9999/debian unstable/main amd64 librtmp1 amd64 2.4+20151223.gitfa8646d.1-1 [60.0 kB]
Get:221 http://127.0.0.1:9999/debian unstable/main amd64 libssh2-1 amd64 1.7.0-1 [138 kB]
Get:222 http://127.0.0.1:9999/debian unstable/main amd64 libcurl3 amd64 7.50.1-1 [280 kB]
Get:223 http://127.0.0.1:9999/debian unstable/main amd64 libcurl4-openssl-dev amd64 7.50.1-1 [362 kB]
Get:224 http://127.0.0.1:9999/debian unstable/main amd64 libdiscid0 amd64 0.6.1-5 [17.3 kB]
Get:225 http://127.0.0.1:9999/debian unstable/main amd64 libdiscid-dev amd64 0.6.1-5 [20.9 kB]
Get:226 http://127.0.0.1:9999/debian unstable/main amd64 libdrm-amdgpu1 amd64 2.4.70-1 [24.9 kB]
Get:227 http://127.0.0.1:9999/debian unstable/main amd64 libpciaccess0 amd64 0.13.4-1 [49.8 kB]
Get:228 http://127.0.0.1:9999/debian unstable/main amd64 libdrm-intel1 amd64 2.4.70-1 [64.6 kB]
Get:229 http://127.0.0.1:9999/debian unstable/main amd64 libdrm-radeon1 amd64 2.4.70-1 [30.1 kB]
Get:230 http://127.0.0.1:9999/debian unstable/main amd64 libdrm-nouveau2 amd64 2.4.70-1 [24.9 kB]
Get:231 http://127.0.0.1:9999/debian unstable/main amd64 libdrm-dev amd64 2.4.70-1 [219 kB]
Get:232 http://127.0.0.1:9999/debian unstable/main amd64 libexpat1-dev amd64 2.2.0-1 [128 kB]
Get:233 http://127.0.0.1:9999/debian unstable/main amd64 libfaad-dev amd64 2.8.0~cvs20150510-1 [181 kB]
Get:234 http://127.0.0.1:9999/debian unstable/main amd64 libfftw3-bin amd64 3.3.4-2+b1 [48.8 kB]
Get:235 http://127.0.0.1:9999/debian unstable/main amd64 libfftw3-dev amd64 3.3.4-2+b1 [2126 kB]
Get:236 http://127.0.0.1:9999/debian unstable/main amd64 libflac8 amd64 1.3.1-4 [218 kB]
Get:237 http://127.0.0.1:9999/debian unstable/main amd64 libogg-dev amd64 1.3.2-1 [198 kB]
Get:238 http://127.0.0.1:9999/debian unstable/main amd64 libflac-dev amd64 1.3.1-4 [271 kB]
Get:239 http://127.0.0.1:9999/debian unstable/main amd64 libgamin-dev amd64 0.1.10-5 [42.1 kB]
Get:240 http://127.0.0.1:9999/debian unstable/main amd64 xorg-sgml-doctools all 1:1.11-1 [21.9 kB]
Get:241 http://127.0.0.1:9999/debian unstable/main amd64 x11proto-core-dev all 7.0.29-1 [728 kB]
Get:242 http://127.0.0.1:9999/debian unstable/main amd64 libxau-dev amd64 1:1.0.8-1 [23.6 kB]
Get:243 http://127.0.0.1:9999/debian unstable/main amd64 libxdmcp-dev amd64 1:1.1.2-1.1 [42.0 kB]
Get:244 http://127.0.0.1:9999/debian unstable/main amd64 x11proto-input-dev all 2.3.2-1 [158 kB]
Get:245 http://127.0.0.1:9999/debian unstable/main amd64 x11proto-kb-dev all 1.0.7-1 [233 kB]
Get:246 http://127.0.0.1:9999/debian unstable/main amd64 xtrans-dev all 1.3.5-1 [100 kB]
Get:247 http://127.0.0.1:9999/debian unstable/main amd64 libpthread-stubs0-dev amd64 0.3-4 [3866 B]
Get:248 http://127.0.0.1:9999/debian unstable/main amd64 libxcb1-dev amd64 1.11.1-1.1 [79.9 kB]
Get:249 http://127.0.0.1:9999/debian unstable/main amd64 libx11-dev amd64 2:1.6.3-1 [813 kB]
Get:250 http://127.0.0.1:9999/debian unstable/main amd64 mesa-common-dev amd64 11.2.2-1 [491 kB]
Get:251 http://127.0.0.1:9999/debian unstable/main amd64 libglapi-mesa amd64 11.2.2-1 [56.7 kB]
Get:252 http://127.0.0.1:9999/debian unstable/main amd64 libxcb-dri2-0 amd64 1.11.1-1.1 [12.9 kB]
Get:253 http://127.0.0.1:9999/debian unstable/main amd64 libxcb-dri3-0 amd64 1.11.1-1.1 [11.2 kB]
Get:254 http://127.0.0.1:9999/debian unstable/main amd64 libxcb-glx0 amd64 1.11.1-1.1 [27.0 kB]
Get:255 http://127.0.0.1:9999/debian unstable/main amd64 libxcb-present0 amd64 1.11.1-1.1 [11.2 kB]
Get:256 http://127.0.0.1:9999/debian unstable/main amd64 libxcb-randr0 amd64 1.11.1-1.1 [20.6 kB]
Get:257 http://127.0.0.1:9999/debian unstable/main amd64 libxcb-shape0 amd64 1.11.1-1.1 [11.7 kB]
Get:258 http://127.0.0.1:9999/debian unstable/main amd64 libxcb-sync1 amd64 1.11.1-1.1 [14.4 kB]
Get:259 http://127.0.0.1:9999/debian unstable/main amd64 libxcb-xfixes0 amd64 1.11.1-1.1 [14.8 kB]
Get:260 http://127.0.0.1:9999/debian unstable/main amd64 libgl1-mesa-glx amd64 11.2.2-1 [162 kB]
Get:261 http://127.0.0.1:9999/debian unstable/main amd64 libx11-xcb-dev amd64 2:1.6.3-1 [178 kB]
Get:262 http://127.0.0.1:9999/debian unstable/main amd64 libxcb-dri3-dev amd64 1.11.1-1.1 [11.7 kB]
Get:263 http://127.0.0.1:9999/debian unstable/main amd64 libxcb-render0-dev amd64 1.11.1-1.1 [21.2 kB]
Get:264 http://127.0.0.1:9999/debian unstable/main amd64 libxcb-randr0-dev amd64 1.11.1-1.1 [24.1 kB]
Get:265 http://127.0.0.1:9999/debian unstable/main amd64 libxcb-shape0-dev amd64 1.11.1-1.1 [12.9 kB]
Get:266 http://127.0.0.1:9999/debian unstable/main amd64 libxcb-xfixes0-dev amd64 1.11.1-1.1 [17.2 kB]
Get:267 http://127.0.0.1:9999/debian unstable/main amd64 libxcb-sync-dev amd64 1.11.1-1.1 [16.1 kB]
Get:268 http://127.0.0.1:9999/debian unstable/main amd64 libxcb-present-dev amd64 1.11.1-1.1 [12.6 kB]
Get:269 http://127.0.0.1:9999/debian unstable/main amd64 libxshmfence-dev amd64 1.2-1 [7242 B]
Get:270 http://127.0.0.1:9999/debian unstable/main amd64 libxcb-dri2-0-dev amd64 1.11.1-1.1 [14.4 kB]
Get:271 http://127.0.0.1:9999/debian unstable/main amd64 libxcb-glx0-dev amd64 1.11.1-1.1 [32.8 kB]
Get:272 http://127.0.0.1:9999/debian unstable/main amd64 x11proto-xext-dev all 7.3.0-1 [212 kB]
Get:273 http://127.0.0.1:9999/debian unstable/main amd64 x11proto-fixes-dev all 1:5.0-2 [19.2 kB]
Get:274 http://127.0.0.1:9999/debian unstable/main amd64 libxfixes-dev amd64 1:5.0.2-1 [23.1 kB]
Get:275 http://127.0.0.1:9999/debian unstable/main amd64 x11proto-damage-dev all 1:1.2.1-2 [11.8 kB]
Get:276 http://127.0.0.1:9999/debian unstable/main amd64 libxdamage-dev amd64 1:1.1.4-2+b1 [14.4 kB]
Get:277 http://127.0.0.1:9999/debian unstable/main amd64 libxext-dev amd64 2:1.3.3-1 [107 kB]
Get:278 http://127.0.0.1:9999/debian unstable/main amd64 x11proto-xf86vidmode-dev all 2.3.1-2 [6114 B]
Get:279 http://127.0.0.1:9999/debian unstable/main amd64 libxxf86vm-dev amd64 1:1.1.4-1 [25.4 kB]
Get:280 http://127.0.0.1:9999/debian unstable/main amd64 x11proto-dri2-dev all 2.8-2 [18.2 kB]
Get:281 http://127.0.0.1:9999/debian unstable/main amd64 x11proto-gl-dev all 1.4.17-1 [28.0 kB]
Get:282 http://127.0.0.1:9999/debian unstable/main amd64 libgl1-mesa-dev amd64 11.2.2-1 [39.3 kB]
Get:283 http://127.0.0.1:9999/debian unstable/main amd64 libglu1-mesa amd64 9.0.0-2.1 [168 kB]
Get:284 http://127.0.0.1:9999/debian unstable/main amd64 libglu1-mesa-dev amd64 9.0.0-2.1 [202 kB]
Get:285 http://127.0.0.1:9999/debian unstable/main amd64 libgme0 amd64 0.6.0-3 [126 kB]
Get:286 http://127.0.0.1:9999/debian unstable/main amd64 libgme-dev amd64 0.6.0-3 [11.1 kB]
Get:287 http://127.0.0.1:9999/debian unstable/main amd64 libicu-dev amd64 57.1-3 [16.3 MB]
Get:288 http://127.0.0.1:9999/debian unstable/main amd64 uuid-dev amd64 2.28.1-1 [83.0 kB]
Get:289 http://127.0.0.1:9999/debian unstable/main amd64 libjack-dev amd64 1:0.124.1+20140122git5013bed0-3 [217 kB]
Get:290 http://127.0.0.1:9999/debian unstable/main amd64 libmad0-dev amd64 0.15.1b-8 [90.5 kB]
Get:291 http://127.0.0.1:9999/debian unstable/main amd64 libmms0 amd64 0.6.4-2 [34.5 kB]
Get:292 http://127.0.0.1:9999/debian unstable/main amd64 libmms-dev amd64 0.6.4-2 [38.2 kB]
Get:293 http://127.0.0.1:9999/debian unstable/main amd64 libmodplug1 amd64 1:0.8.8.5-2 [164 kB]
Get:294 http://127.0.0.1:9999/debian unstable/main amd64 libmodplug-dev amd64 1:0.8.8.5-2 [26.4 kB]
Get:295 http://127.0.0.1:9999/debian unstable/main amd64 libmpcdec6 amd64 2:0.1~r475-1 [32.4 kB]
Get:296 http://127.0.0.1:9999/debian unstable/main amd64 libmpcdec-dev amd64 2:0.1~r475-1 [40.0 kB]
Get:297 http://127.0.0.1:9999/debian unstable/main amd64 libmpg123-0 amd64 1.22.4-1 [138 kB]
Get:298 http://127.0.0.1:9999/debian unstable/main amd64 libmpg123-dev amd64 1.22.4-1 [45.0 kB]
Get:299 http://127.0.0.1:9999/debian unstable/main amd64 libofa0 amd64 0.9.3-12 [50.7 kB]
Get:300 http://127.0.0.1:9999/debian unstable/main amd64 libofa0-dev amd64 0.9.3-12 [56.8 kB]
Get:301 http://127.0.0.1:9999/debian unstable/main amd64 libperl-dev amd64 5.22.2-3 [2602 kB]
Get:302 http://127.0.0.1:9999/debian unstable/main amd64 libjson-c3 amd64 0.12-3 [25.5 kB]
Get:303 http://127.0.0.1:9999/debian unstable/main amd64 libsndfile1 amd64 1.0.25-10 [214 kB]
Get:304 http://127.0.0.1:9999/debian unstable/main amd64 libpulse0 amd64 9.0-2 [272 kB]
Get:305 http://127.0.0.1:9999/debian unstable/main amd64 libpulse-mainloop-glib0 amd64 9.0-2 [32.4 kB]
Get:306 http://127.0.0.1:9999/debian unstable/main amd64 libpulse-dev amd64 9.0-2 [92.4 kB]
Get:307 http://127.0.0.1:9999/debian unstable/main amd64 libpython2.7-dev amd64 2.7.12-2 [28.1 MB]
Get:308 http://127.0.0.1:9999/debian unstable/main amd64 libpython-dev amd64 2.7.11-2 [19.8 kB]
Get:309 http://127.0.0.1:9999/debian unstable/main amd64 libpython-all-dev amd64 2.7.11-2 [952 B]
Get:310 http://127.0.0.1:9999/debian unstable/main amd64 libtinfo-dev amd64 6.0+20160625-1 [77.1 kB]
Get:311 http://127.0.0.1:9999/debian unstable/main amd64 libreadline6-dev amd64 6.3-8+b4 [123 kB]
Get:312 http://127.0.0.1:9999/debian unstable/main amd64 libreadline-dev amd64 6.3-8+b4 [956 B]
Get:313 http://127.0.0.1:9999/debian unstable/main amd64 libresid-builder0c2a amd64 2.1.1-14 [39.8 kB]
Get:314 http://127.0.0.1:9999/debian unstable/main amd64 libresid-builder-dev amd64 2.1.1-14 [43.0 kB]
Get:315 http://127.0.0.1:9999/debian unstable/main amd64 libsamplerate0-dev amd64 0.1.8-8 [1005 kB]
Get:316 http://127.0.0.1:9999/debian unstable/main amd64 libsdl1.2debian amd64 1.2.15+dfsg1-4 [185 kB]
Get:317 http://127.0.0.1:9999/debian unstable/main amd64 libsdl1.2-dev amd64 1.2.15+dfsg1-4 [721 kB]
Get:318 http://127.0.0.1:9999/debian unstable/main amd64 libspeex-dev amd64 1.2~rc1.2-1 [67.7 kB]
Get:319 http://127.0.0.1:9999/debian unstable/main amd64 libtheora-dev amd64 1.1.1+dfsg.1-14 [193 kB]
Get:320 http://127.0.0.1:9999/debian unstable/main amd64 libvorbisfile3 amd64 1.3.5-3 [24.1 kB]
Get:321 http://127.0.0.1:9999/debian unstable/main amd64 libvorbis-dev amd64 1.3.5-3 [333 kB]
Get:322 http://127.0.0.1:9999/debian unstable/main amd64 libshout3-dev amd64 2.3.1-3 [51.3 kB]
Get:323 http://127.0.0.1:9999/debian unstable/main amd64 libsidplay2 amd64 2.1.1-14 [113 kB]
Get:324 http://127.0.0.1:9999/debian unstable/main amd64 libsidplay2-dev amd64 2.1.1-14 [158 kB]
Get:325 http://127.0.0.1:9999/debian unstable/main amd64 libsndfile1-dev amd64 1.0.25-10 [723 kB]
Get:326 http://127.0.0.1:9999/debian unstable/main amd64 libsqlite3-dev amd64 3.14.1-1 [689 kB]
Get:327 http://127.0.0.1:9999/debian unstable/main amd64 libssl-dev amd64 1.0.2h-1 [1544 kB]
Get:328 http://127.0.0.1:9999/debian unstable/main amd64 libvisual-0.4-0 amd64 0.4.0-8 [132 kB]
Get:329 http://127.0.0.1:9999/debian unstable/main amd64 libvisual-0.4-dev amd64 0.4.0-8 [165 kB]
Get:330 http://127.0.0.1:9999/debian unstable/main amd64 libwavpack-dev amd64 4.80.0-1 [95.5 kB]
Get:331 http://127.0.0.1:9999/debian unstable/main amd64 libxml2-dev amd64 2.9.4+dfsg1-1+b1 [812 kB]
Get:332 http://127.0.0.1:9999/debian unstable/main amd64 python-all amd64 2.7.11-2 [938 B]
Get:333 http://127.0.0.1:9999/debian unstable/main amd64 python2.7-dev amd64 2.7.12-2 [281 kB]
Get:334 http://127.0.0.1:9999/debian unstable/main amd64 python-dev amd64 2.7.11-2 [1128 B]
Get:335 http://127.0.0.1:9999/debian unstable/main amd64 python-all-dev amd64 2.7.11-2 [954 B]
Get:336 http://127.0.0.1:9999/debian unstable/main amd64 python-pyrex all 0.9.8.5-2.1 [222 kB]
debconf: delaying package configuration, since apt-utils is not installed
Fetched 159 MB in 2s (65.5 MB/s)
Selecting previously unselected package libpopt0:amd64.
(Reading database ... 9775 files and directories currently installed.)
Preparing to unpack .../00-libpopt0_1.16-10_amd64.deb ...
Unpacking libpopt0:amd64 (1.16-10) ...
Selecting previously unselected package libwrap0:amd64.
Preparing to unpack .../01-libwrap0_7.6.q-25_amd64.deb ...
Unpacking libwrap0:amd64 (7.6.q-25) ...
Selecting previously unselected package groff-base.
Preparing to unpack .../02-groff-base_1.22.3-8_amd64.deb ...
Unpacking groff-base (1.22.3-8) ...
Selecting previously unselected package bsdmainutils.
Preparing to unpack .../03-bsdmainutils_9.0.10_amd64.deb ...
Unpacking bsdmainutils (9.0.10) ...
Selecting previously unselected package libpipeline1:amd64.
Preparing to unpack .../04-libpipeline1_1.4.1-2_amd64.deb ...
Unpacking libpipeline1:amd64 (1.4.1-2) ...
Selecting previously unselected package man-db.
Preparing to unpack .../05-man-db_2.7.5-1_amd64.deb ...
Unpacking man-db (2.7.5-1) ...
Selecting previously unselected package libpython2.7-minimal:amd64.
Preparing to unpack .../06-libpython2.7-minimal_2.7.12-2_amd64.deb ...
Unpacking libpython2.7-minimal:amd64 (2.7.12-2) ...
Selecting previously unselected package python2.7-minimal.
Preparing to unpack .../07-python2.7-minimal_2.7.12-2_amd64.deb ...
Unpacking python2.7-minimal (2.7.12-2) ...
Selecting previously unselected package python-minimal.
Preparing to unpack .../08-python-minimal_2.7.11-2_amd64.deb ...
Unpacking python-minimal (2.7.11-2) ...
Selecting previously unselected package mime-support.
Preparing to unpack .../09-mime-support_3.60_all.deb ...
Unpacking mime-support (3.60) ...
Selecting previously unselected package libexpat1:amd64.
Preparing to unpack .../10-libexpat1_2.2.0-1_amd64.deb ...
Unpacking libexpat1:amd64 (2.2.0-1) ...
Selecting previously unselected package readline-common.
Preparing to unpack .../11-readline-common_6.3-8_all.deb ...
Unpacking readline-common (6.3-8) ...
Selecting previously unselected package libreadline6:amd64.
Preparing to unpack .../12-libreadline6_6.3-8+b4_amd64.deb ...
Unpacking libreadline6:amd64 (6.3-8+b4) ...
Selecting previously unselected package libsqlite3-0:amd64.
Preparing to unpack .../13-libsqlite3-0_3.14.1-1_amd64.deb ...
Unpacking libsqlite3-0:amd64 (3.14.1-1) ...
Selecting previously unselected package libssl1.0.2:amd64.
Preparing to unpack .../14-libssl1.0.2_1.0.2h-1_amd64.deb ...
Unpacking libssl1.0.2:amd64 (1.0.2h-1) ...
Selecting previously unselected package libpython2.7-stdlib:amd64.
Preparing to unpack .../15-libpython2.7-stdlib_2.7.12-2_amd64.deb ...
Unpacking libpython2.7-stdlib:amd64 (2.7.12-2) ...
Selecting previously unselected package python2.7.
Preparing to unpack .../16-python2.7_2.7.12-2_amd64.deb ...
Unpacking python2.7 (2.7.12-2) ...
Selecting previously unselected package libpython-stdlib:amd64.
Preparing to unpack .../17-libpython-stdlib_2.7.11-2_amd64.deb ...
Unpacking libpython-stdlib:amd64 (2.7.11-2) ...
Setting up libpython2.7-minimal:amd64 (2.7.12-2) ...
Setting up python2.7-minimal (2.7.12-2) ...
Setting up python-minimal (2.7.11-2) ...
Selecting previously unselected package python.
(Reading database ... 11211 files and directories currently installed.)
Preparing to unpack .../00-python_2.7.11-2_amd64.deb ...
Unpacking python (2.7.11-2) ...
Selecting previously unselected package libfaad2:amd64.
Preparing to unpack .../01-libfaad2_2.8.0~cvs20150510-1_amd64.deb ...
Unpacking libfaad2:amd64 (2.8.0~cvs20150510-1) ...
Selecting previously unselected package libfftw3-double3:amd64.
Preparing to unpack .../02-libfftw3-double3_3.3.4-2+b1_amd64.deb ...
Unpacking libfftw3-double3:amd64 (3.3.4-2+b1) ...
Selecting previously unselected package libfftw3-long3:amd64.
Preparing to unpack .../03-libfftw3-long3_3.3.4-2+b1_amd64.deb ...
Unpacking libfftw3-long3:amd64 (3.3.4-2+b1) ...
Selecting previously unselected package libfftw3-quad3:amd64.
Preparing to unpack .../04-libfftw3-quad3_3.3.4-2+b1_amd64.deb ...
Unpacking libfftw3-quad3:amd64 (3.3.4-2+b1) ...
Selecting previously unselected package libfftw3-single3:amd64.
Preparing to unpack .../05-libfftw3-single3_3.3.4-2+b1_amd64.deb ...
Unpacking libfftw3-single3:amd64 (3.3.4-2+b1) ...
Selecting previously unselected package libgsm1:amd64.
Preparing to unpack .../06-libgsm1_1.0.13-4_amd64.deb ...
Unpacking libgsm1:amd64 (1.0.13-4) ...
Selecting previously unselected package lsb-base.
Preparing to unpack .../07-lsb-base_9.20160629_all.deb ...
Unpacking lsb-base (9.20160629) ...
Selecting previously unselected package x11-common.
Preparing to unpack .../08-x11-common_1%3a7.7+16_all.deb ...
Unpacking x11-common (1:7.7+16) ...
Selecting previously unselected package libice6:amd64.
Preparing to unpack .../09-libice6_2%3a1.0.9-1+b1_amd64.deb ...
Unpacking libice6:amd64 (2:1.0.9-1+b1) ...
Selecting previously unselected package libjack0:amd64.
Preparing to unpack .../10-libjack0_1%3a0.124.1+20140122git5013bed0-3_amd64.deb ...
Unpacking libjack0:amd64 (1:0.124.1+20140122git5013bed0-3) ...
Selecting previously unselected package libmad0:amd64.
Preparing to unpack .../11-libmad0_0.15.1b-8_amd64.deb ...
Unpacking libmad0:amd64 (0.15.1b-8) ...
Selecting previously unselected package libogg0:amd64.
Preparing to unpack .../12-libogg0_1.3.2-1_amd64.deb ...
Unpacking libogg0:amd64 (1.3.2-1) ...
Selecting previously unselected package libpcrecpp0v5:amd64.
Preparing to unpack .../13-libpcrecpp0v5_2%3a8.39-2_amd64.deb ...
Unpacking libpcrecpp0v5:amd64 (2:8.39-2) ...
Selecting previously unselected package libsamplerate0:amd64.
Preparing to unpack .../14-libsamplerate0_0.1.8-8_amd64.deb ...
Unpacking libsamplerate0:amd64 (0.1.8-8) ...
Selecting previously unselected package liborc-0.4-0:amd64.
Preparing to unpack .../15-liborc-0.4-0_1%3a0.4.25-1_amd64.deb ...
Unpacking liborc-0.4-0:amd64 (1:0.4.25-1) ...
Selecting previously unselected package libschroedinger-1.0-0:amd64.
Preparing to unpack .../16-libschroedinger-1.0-0_1.0.11-2.1_amd64.deb ...
Unpacking libschroedinger-1.0-0:amd64 (1.0.11-2.1) ...
Selecting previously unselected package libspeex1:amd64.
Preparing to unpack .../17-libspeex1_1.2~rc1.2-1_amd64.deb ...
Unpacking libspeex1:amd64 (1.2~rc1.2-1) ...
Selecting previously unselected package libpng16-16:amd64.
Preparing to unpack .../18-libpng16-16_1.6.24-2_amd64.deb ...
Unpacking libpng16-16:amd64 (1.6.24-2) ...
Selecting previously unselected package libfreetype6:amd64.
Preparing to unpack .../19-libfreetype6_2.6.3-3+b1_amd64.deb ...
Unpacking libfreetype6:amd64 (2.6.3-3+b1) ...
Selecting previously unselected package ucf.
Preparing to unpack .../20-ucf_3.0036_all.deb ...
Moving old data out of the way
Unpacking ucf (3.0036) ...
Selecting previously unselected package fonts-dejavu-core.
Preparing to unpack .../21-fonts-dejavu-core_2.37-1_all.deb ...
Unpacking fonts-dejavu-core (2.37-1) ...
Selecting previously unselected package fontconfig-config.
Preparing to unpack .../22-fontconfig-config_2.11.0-6.7_all.deb ...
Unpacking fontconfig-config (2.11.0-6.7) ...
Selecting previously unselected package libfontconfig1:amd64.
Preparing to unpack .../23-libfontconfig1_2.11.0-6.7_amd64.deb ...
Unpacking libfontconfig1:amd64 (2.11.0-6.7) ...
Selecting previously unselected package libpixman-1-0:amd64.
Preparing to unpack .../24-libpixman-1-0_0.33.6-1_amd64.deb ...
Unpacking libpixman-1-0:amd64 (0.33.6-1) ...
Selecting previously unselected package libxau6:amd64.
Preparing to unpack .../25-libxau6_1%3a1.0.8-1_amd64.deb ...
Unpacking libxau6:amd64 (1:1.0.8-1) ...
Selecting previously unselected package libxdmcp6:amd64.
Preparing to unpack .../26-libxdmcp6_1%3a1.1.2-1.1_amd64.deb ...
Unpacking libxdmcp6:amd64 (1:1.1.2-1.1) ...
Selecting previously unselected package libxcb1:amd64.
Preparing to unpack .../27-libxcb1_1.11.1-1.1_amd64.deb ...
Unpacking libxcb1:amd64 (1.11.1-1.1) ...
Selecting previously unselected package libx11-data.
Preparing to unpack .../28-libx11-data_2%3a1.6.3-1_all.deb ...
Unpacking libx11-data (2:1.6.3-1) ...
Selecting previously unselected package libx11-6:amd64.
Preparing to unpack .../29-libx11-6_2%3a1.6.3-1_amd64.deb ...
Unpacking libx11-6:amd64 (2:1.6.3-1) ...
Selecting previously unselected package libxcb-render0:amd64.
Preparing to unpack .../30-libxcb-render0_1.11.1-1.1_amd64.deb ...
Unpacking libxcb-render0:amd64 (1.11.1-1.1) ...
Selecting previously unselected package libxcb-shm0:amd64.
Preparing to unpack .../31-libxcb-shm0_1.11.1-1.1_amd64.deb ...
Unpacking libxcb-shm0:amd64 (1.11.1-1.1) ...
Selecting previously unselected package libxext6:amd64.
Preparing to unpack .../32-libxext6_2%3a1.3.3-1_amd64.deb ...
Unpacking libxext6:amd64 (2:1.3.3-1) ...
Selecting previously unselected package libxrender1:amd64.
Preparing to unpack .../33-libxrender1_1%3a0.9.9-2_amd64.deb ...
Unpacking libxrender1:amd64 (1:0.9.9-2) ...
Selecting previously unselected package libcairo2:amd64.
Preparing to unpack .../34-libcairo2_1.14.6-1+b1_amd64.deb ...
Unpacking libcairo2:amd64 (1.14.6-1+b1) ...
Selecting previously unselected package libtheora0:amd64.
Preparing to unpack .../35-libtheora0_1.1.1+dfsg.1-14_amd64.deb ...
Unpacking libtheora0:amd64 (1.1.1+dfsg.1-14) ...
Selecting previously unselected package libvorbis0a:amd64.
Preparing to unpack .../36-libvorbis0a_1.3.5-3_amd64.deb ...
Unpacking libvorbis0a:amd64 (1.3.5-3) ...
Selecting previously unselected package libshout3:amd64.
Preparing to unpack .../37-libshout3_2.3.1-3_amd64.deb ...
Unpacking libshout3:amd64 (2.3.1-3) ...
Selecting previously unselected package libsm6:amd64.
Preparing to unpack .../38-libsm6_2%3a1.2.2-1+b1_amd64.deb ...
Unpacking libsm6:amd64 (2:1.2.2-1+b1) ...
Selecting previously unselected package libtalloc2:amd64.
Preparing to unpack .../39-libtalloc2_2.1.7-1_amd64.deb ...
Unpacking libtalloc2:amd64 (2.1.7-1) ...
Selecting previously unselected package libtevent0:amd64.
Preparing to unpack .../40-libtevent0_0.9.28-1_amd64.deb ...
Unpacking libtevent0:amd64 (0.9.28-1) ...
Selecting previously unselected package libcap2:amd64.
Preparing to unpack .../41-libcap2_1%3a2.25-1_amd64.deb ...
Unpacking libcap2:amd64 (1:2.25-1) ...
Selecting previously unselected package libavahi-common-data:amd64.
Preparing to unpack .../42-libavahi-common-data_0.6.32-1_amd64.deb ...
Unpacking libavahi-common-data:amd64 (0.6.32-1) ...
Selecting previously unselected package libavahi-common3:amd64.
Preparing to unpack .../43-libavahi-common3_0.6.32-1_amd64.deb ...
Unpacking libavahi-common3:amd64 (0.6.32-1) ...
Selecting previously unselected package libdbus-1-3:amd64.
Preparing to unpack .../44-libdbus-1-3_1.10.10-1_amd64.deb ...
Unpacking libdbus-1-3:amd64 (1.10.10-1) ...
Selecting previously unselected package libavahi-client3:amd64.
Preparing to unpack .../45-libavahi-client3_0.6.32-1_amd64.deb ...
Unpacking libavahi-client3:amd64 (0.6.32-1) ...
Selecting previously unselected package libnettle6:amd64.
Preparing to unpack .../46-libnettle6_3.2-1_amd64.deb ...
Unpacking libnettle6:amd64 (3.2-1) ...
Selecting previously unselected package libhogweed4:amd64.
Preparing to unpack .../47-libhogweed4_3.2-1_amd64.deb ...
Unpacking libhogweed4:amd64 (3.2-1) ...
Selecting previously unselected package libidn11:amd64.
Preparing to unpack .../48-libidn11_1.33-1_amd64.deb ...
Unpacking libidn11:amd64 (1.33-1) ...
Selecting previously unselected package libp11-kit0:amd64.
Preparing to unpack .../49-libp11-kit0_0.23.2-5_amd64.deb ...
Unpacking libp11-kit0:amd64 (0.23.2-5) ...
Selecting previously unselected package libtasn1-6:amd64.
Preparing to unpack .../50-libtasn1-6_4.9-4_amd64.deb ...
Unpacking libtasn1-6:amd64 (4.9-4) ...
Selecting previously unselected package libgnutls30:amd64.
Preparing to unpack .../51-libgnutls30_3.5.3-3_amd64.deb ...
Unpacking libgnutls30:amd64 (3.5.3-3) ...
Selecting previously unselected package libkeyutils1:amd64.
Preparing to unpack .../52-libkeyutils1_1.5.9-9_amd64.deb ...
Unpacking libkeyutils1:amd64 (1.5.9-9) ...
Selecting previously unselected package libkrb5support0:amd64.
Preparing to unpack .../53-libkrb5support0_1.14.3+dfsg-1_amd64.deb ...
Unpacking libkrb5support0:amd64 (1.14.3+dfsg-1) ...
Selecting previously unselected package libk5crypto3:amd64.
Preparing to unpack .../54-libk5crypto3_1.14.3+dfsg-1_amd64.deb ...
Unpacking libk5crypto3:amd64 (1.14.3+dfsg-1) ...
Selecting previously unselected package libkrb5-3:amd64.
Preparing to unpack .../55-libkrb5-3_1.14.3+dfsg-1_amd64.deb ...
Unpacking libkrb5-3:amd64 (1.14.3+dfsg-1) ...
Selecting previously unselected package libgssapi-krb5-2:amd64.
Preparing to unpack .../56-libgssapi-krb5-2_1.14.3+dfsg-1_amd64.deb ...
Unpacking libgssapi-krb5-2:amd64 (1.14.3+dfsg-1) ...
Selecting previously unselected package libcups2:amd64.
Preparing to unpack .../57-libcups2_2.1.4-4_amd64.deb ...
Unpacking libcups2:amd64 (2.1.4-4) ...
Selecting previously unselected package libsasl2-modules-db:amd64.
Preparing to unpack .../58-libsasl2-modules-db_2.1.26.dfsg1-15_amd64.deb ...
Unpacking libsasl2-modules-db:amd64 (2.1.26.dfsg1-15) ...
Selecting previously unselected package libsasl2-2:amd64.
Preparing to unpack .../59-libsasl2-2_2.1.26.dfsg1-15_amd64.deb ...
Unpacking libsasl2-2:amd64 (2.1.26.dfsg1-15) ...
Selecting previously unselected package libldap-2.4-2:amd64.
Preparing to unpack .../60-libldap-2.4-2_2.4.42+dfsg-2+b2_amd64.deb ...
Unpacking libldap-2.4-2:amd64 (2.4.42+dfsg-2+b2) ...
Selecting previously unselected package libtdb1:amd64.
Preparing to unpack .../61-libtdb1_1.3.9-1_amd64.deb ...
Unpacking libtdb1:amd64 (1.3.9-1) ...
Selecting previously unselected package libldb1:amd64.
Preparing to unpack .../62-libldb1_2%3a1.1.26-1_amd64.deb ...
Unpacking libldb1:amd64 (2:1.1.26-1) ...
Selecting previously unselected package libpython2.7:amd64.
Preparing to unpack .../63-libpython2.7_2.7.12-2_amd64.deb ...
Unpacking libpython2.7:amd64 (2.7.12-2) ...
Selecting previously unselected package libwbclient0:amd64.
Preparing to unpack .../64-libwbclient0_2%3a4.4.5+dfsg-2_amd64.deb ...
Unpacking libwbclient0:amd64 (2:4.4.5+dfsg-2) ...
Selecting previously unselected package python-talloc.
Preparing to unpack .../65-python-talloc_2.1.7-1_amd64.deb ...
Unpacking python-talloc (2.1.7-1) ...
Selecting previously unselected package samba-libs:amd64.
Preparing to unpack .../66-samba-libs_2%3a4.4.5+dfsg-2_amd64.deb ...
Unpacking samba-libs:amd64 (2:4.4.5+dfsg-2) ...
Selecting previously unselected package libsmbclient:amd64.
Preparing to unpack .../67-libsmbclient_2%3a4.4.5+dfsg-2_amd64.deb ...
Unpacking libsmbclient:amd64 (2:4.4.5+dfsg-2) ...
Selecting previously unselected package libx11-xcb1:amd64.
Preparing to unpack .../68-libx11-xcb1_2%3a1.6.3-1_amd64.deb ...
Unpacking libx11-xcb1:amd64 (2:1.6.3-1) ...
Selecting previously unselected package libxfixes3:amd64.
Preparing to unpack .../69-libxfixes3_1%3a5.0.2-1_amd64.deb ...
Unpacking libxfixes3:amd64 (1:5.0.2-1) ...
Selecting previously unselected package libxdamage1:amd64.
Preparing to unpack .../70-libxdamage1_1%3a1.1.4-2+b1_amd64.deb ...
Unpacking libxdamage1:amd64 (1:1.1.4-2+b1) ...
Selecting previously unselected package libxshmfence1:amd64.
Preparing to unpack .../71-libxshmfence1_1.2-1_amd64.deb ...
Unpacking libxshmfence1:amd64 (1.2-1) ...
Selecting previously unselected package libxi6:amd64.
Preparing to unpack .../72-libxi6_2%3a1.7.6-1_amd64.deb ...
Unpacking libxi6:amd64 (2:1.7.6-1) ...
Selecting previously unselected package libxtst6:amd64.
Preparing to unpack .../73-libxtst6_2%3a1.2.2-1+b1_amd64.deb ...
Unpacking libxtst6:amd64 (2:1.2.2-1+b1) ...
Selecting previously unselected package libxxf86vm1:amd64.
Preparing to unpack .../74-libxxf86vm1_1%3a1.1.4-1_amd64.deb ...
Unpacking libxxf86vm1:amd64 (1:1.1.4-1) ...
Selecting previously unselected package libyaml-0-2:amd64.
Preparing to unpack .../75-libyaml-0-2_0.1.6-3_amd64.deb ...
Unpacking libyaml-0-2:amd64 (0.1.6-3) ...
Selecting previously unselected package libpython3.5-minimal:amd64.
Preparing to unpack .../76-libpython3.5-minimal_3.5.2-3_amd64.deb ...
Unpacking libpython3.5-minimal:amd64 (3.5.2-3) ...
Selecting previously unselected package python3.5-minimal.
Preparing to unpack .../77-python3.5-minimal_3.5.2-3_amd64.deb ...
Unpacking python3.5-minimal (3.5.2-3) ...
Selecting previously unselected package python3-minimal.
Preparing to unpack .../78-python3-minimal_3.5.1-4_amd64.deb ...
Unpacking python3-minimal (3.5.1-4) ...
Selecting previously unselected package libmpdec2:amd64.
Preparing to unpack .../79-libmpdec2_2.4.2-1_amd64.deb ...
Unpacking libmpdec2:amd64 (2.4.2-1) ...
Selecting previously unselected package libpython3.5-stdlib:amd64.
Preparing to unpack .../80-libpython3.5-stdlib_3.5.2-3_amd64.deb ...
Unpacking libpython3.5-stdlib:amd64 (3.5.2-3) ...
Selecting previously unselected package python3.5.
Preparing to unpack .../81-python3.5_3.5.2-3_amd64.deb ...
Unpacking python3.5 (3.5.2-3) ...
Selecting previously unselected package libpython3-stdlib:amd64.
Preparing to unpack .../82-libpython3-stdlib_3.5.1-4_amd64.deb ...
Unpacking libpython3-stdlib:amd64 (3.5.1-4) ...
Selecting previously unselected package dh-python.
Preparing to unpack .../83-dh-python_2.20160818_all.deb ...
Unpacking dh-python (2.20160818) ...
Setting up libssl1.0.2:amd64 (1.0.2h-1) ...
Setting up libpython3.5-minimal:amd64 (3.5.2-3) ...
Setting up libexpat1:amd64 (2.2.0-1) ...
Setting up python3.5-minimal (3.5.2-3) ...
Setting up python3-minimal (3.5.1-4) ...
Selecting previously unselected package python3.
(Reading database ... 13378 files and directories currently installed.)
Preparing to unpack .../000-python3_3.5.1-4_amd64.deb ...
Unpacking python3 (3.5.1-4) ...
Selecting previously unselected package libsmbclient-dev:amd64.
Preparing to unpack .../001-libsmbclient-dev_2%3a4.4.5+dfsg-2_amd64.deb ...
Unpacking libsmbclient-dev:amd64 (2:4.4.5+dfsg-2) ...
Selecting previously unselected package libslang2:amd64.
Preparing to unpack .../002-libslang2_2.3.0-3_amd64.deb ...
Unpacking libslang2:amd64 (2.3.0-3) ...
Selecting previously unselected package libmagic-mgc.
Preparing to unpack .../003-libmagic-mgc_1%3a5.28-4_amd64.deb ...
Unpacking libmagic-mgc (1:5.28-4) ...
Selecting previously unselected package libmagic1:amd64.
Preparing to unpack .../004-libmagic1_1%3a5.28-4_amd64.deb ...
Unpacking libmagic1:amd64 (1:5.28-4) ...
Selecting previously unselected package file.
Preparing to unpack .../005-file_1%3a5.28-4_amd64.deb ...
Unpacking file (1:5.28-4) ...
Selecting previously unselected package gettext-base.
Preparing to unpack .../006-gettext-base_0.19.8.1-1_amd64.deb ...
Unpacking gettext-base (0.19.8.1-1) ...
Selecting previously unselected package libicu57:amd64.
Preparing to unpack .../007-libicu57_57.1-3_amd64.deb ...
Unpacking libicu57:amd64 (57.1-3) ...
Selecting previously unselected package libxml2:amd64.
Preparing to unpack .../008-libxml2_2.9.4+dfsg1-1+b1_amd64.deb ...
Unpacking libxml2:amd64 (2.9.4+dfsg1-1+b1) ...
Selecting previously unselected package libsigsegv2:amd64.
Preparing to unpack .../009-libsigsegv2_2.10-5_amd64.deb ...
Unpacking libsigsegv2:amd64 (2.10-5) ...
Selecting previously unselected package m4.
Preparing to unpack .../010-m4_1.4.17-5_amd64.deb ...
Unpacking m4 (1.4.17-5) ...
Selecting previously unselected package autoconf.
Preparing to unpack .../011-autoconf_2.69-10_all.deb ...
Unpacking autoconf (2.69-10) ...
Selecting previously unselected package autotools-dev.
Preparing to unpack .../012-autotools-dev_20160430.1_all.deb ...
Unpacking autotools-dev (20160430.1) ...
Selecting previously unselected package automake.
Preparing to unpack .../013-automake_1%3a1.15-4_all.deb ...
Unpacking automake (1:1.15-4) ...
Selecting previously unselected package autopoint.
Preparing to unpack .../014-autopoint_0.19.8.1-1_all.deb ...
Unpacking autopoint (0.19.8.1-1) ...
Selecting previously unselected package openssl.
Preparing to unpack .../015-openssl_1.0.2h-1_amd64.deb ...
Unpacking openssl (1.0.2h-1) ...
Selecting previously unselected package ca-certificates.
Preparing to unpack .../016-ca-certificates_20160104_all.deb ...
Unpacking ca-certificates (20160104) ...
Selecting previously unselected package libglib2.0-0:amd64.
Preparing to unpack .../017-libglib2.0-0_2.48.1-3_amd64.deb ...
Unpacking libglib2.0-0:amd64 (2.48.1-3) ...
Selecting previously unselected package libcroco3:amd64.
Preparing to unpack .../018-libcroco3_0.6.11-1_amd64.deb ...
Unpacking libcroco3:amd64 (0.6.11-1) ...
Selecting previously unselected package libunistring0:amd64.
Preparing to unpack .../019-libunistring0_0.9.6+really0.9.3-0.1_amd64.deb ...
Unpacking libunistring0:amd64 (0.9.6+really0.9.3-0.1) ...
Selecting previously unselected package gettext.
Preparing to unpack .../020-gettext_0.19.8.1-1_amd64.deb ...
Unpacking gettext (0.19.8.1-1) ...
Selecting previously unselected package intltool-debian.
Preparing to unpack .../021-intltool-debian_0.35.0+20060710.4_all.deb ...
Unpacking intltool-debian (0.35.0+20060710.4) ...
Selecting previously unselected package po-debconf.
Preparing to unpack .../022-po-debconf_1.0.19_all.deb ...
Unpacking po-debconf (1.0.19) ...
Selecting previously unselected package libarchive-zip-perl.
Preparing to unpack .../023-libarchive-zip-perl_1.59-1_all.deb ...
Unpacking libarchive-zip-perl (1.59-1) ...
Selecting previously unselected package libfile-stripnondeterminism-perl.
Preparing to unpack .../024-libfile-stripnondeterminism-perl_0.023-2_all.deb ...
Unpacking libfile-stripnondeterminism-perl (0.023-2) ...
Selecting previously unselected package libtimedate-perl.
Preparing to unpack .../025-libtimedate-perl_2.3000-2_all.deb ...
Unpacking libtimedate-perl (2.3000-2) ...
Selecting previously unselected package dh-strip-nondeterminism.
Preparing to unpack .../026-dh-strip-nondeterminism_0.023-2_all.deb ...
Unpacking dh-strip-nondeterminism (0.023-2) ...
Selecting previously unselected package libtool.
Preparing to unpack .../027-libtool_2.4.6-2_all.deb ...
Unpacking libtool (2.4.6-2) ...
Selecting previously unselected package dh-autoreconf.
Preparing to unpack .../028-dh-autoreconf_12_all.deb ...
Unpacking dh-autoreconf (12) ...
Selecting previously unselected package debhelper.
Preparing to unpack .../029-debhelper_9.20160814_all.deb ...
Unpacking debhelper (9.20160814) ...
Selecting previously unselected package devscripts.
Preparing to unpack .../030-devscripts_2.16.7_amd64.deb ...
Unpacking devscripts (2.16.7) ...
Selecting previously unselected package libgamin0.
Preparing to unpack .../031-libgamin0_0.1.10-5_amd64.deb ...
Unpacking libgamin0 (0.1.10-5) ...
Selecting previously unselected package gamin.
Preparing to unpack .../032-gamin_0.1.10-5_amd64.deb ...
Unpacking gamin (0.1.10-5) ...
Selecting previously unselected package rubygems-integration.
Preparing to unpack .../033-rubygems-integration_1.10_all.deb ...
Unpacking rubygems-integration (1.10) ...
Selecting previously unselected package ruby-did-you-mean.
Preparing to unpack .../034-ruby-did-you-mean_1.0.0-2_all.deb ...
Unpacking ruby-did-you-mean (1.0.0-2) ...
Selecting previously unselected package ruby-minitest.
Preparing to unpack .../035-ruby-minitest_5.9.0-1_all.deb ...
Unpacking ruby-minitest (5.9.0-1) ...
Selecting previously unselected package ruby-net-telnet.
Preparing to unpack .../036-ruby-net-telnet_0.1.1-2_all.deb ...
Unpacking ruby-net-telnet (0.1.1-2) ...
Selecting previously unselected package ruby-power-assert.
Preparing to unpack .../037-ruby-power-assert_0.3.0-1_all.deb ...
Unpacking ruby-power-assert (0.3.0-1) ...
Selecting previously unselected package ruby-test-unit.
Preparing to unpack .../038-ruby-test-unit_3.1.7-2_all.deb ...
Unpacking ruby-test-unit (3.1.7-2) ...
Selecting previously unselected package libruby2.3:amd64.
Preparing to unpack .../039-libruby2.3_2.3.1-5_amd64.deb ...
Unpacking libruby2.3:amd64 (2.3.1-5) ...
Selecting previously unselected package ruby2.3.
Preparing to unpack .../040-ruby2.3_2.3.1-5_amd64.deb ...
Unpacking ruby2.3 (2.3.1-5) ...
Selecting previously unselected package ruby.
Preparing to unpack .../041-ruby_1%3a2.3.0+4_amd64.deb ...
Unpacking ruby (1:2.3.0+4) ...
Selecting previously unselected package rake.
Preparing to unpack .../042-rake_10.5.0-2_all.deb ...
Unpacking rake (10.5.0-2) ...
Selecting previously unselected package gem2deb-test-runner.
Preparing to unpack .../043-gem2deb-test-runner_0.32_amd64.deb ...
Unpacking gem2deb-test-runner (0.32) ...
Selecting previously unselected package libgmpxx4ldbl:amd64.
Preparing to unpack .../044-libgmpxx4ldbl_2%3a6.1.1+dfsg-1_amd64.deb ...
Unpacking libgmpxx4ldbl:amd64 (2:6.1.1+dfsg-1) ...
Selecting previously unselected package libgmp-dev:amd64.
Preparing to unpack .../045-libgmp-dev_2%3a6.1.1+dfsg-1_amd64.deb ...
Unpacking libgmp-dev:amd64 (2:6.1.1+dfsg-1) ...
Selecting previously unselected package ruby2.3-dev:amd64.
Preparing to unpack .../046-ruby2.3-dev_2.3.1-5_amd64.deb ...
Unpacking ruby2.3-dev:amd64 (2.3.1-5) ...
Selecting previously unselected package ruby-all-dev:amd64.
Preparing to unpack .../047-ruby-all-dev_1%3a2.3.0+4_amd64.deb ...
Unpacking ruby-all-dev:amd64 (1:2.3.0+4) ...
Selecting previously unselected package ruby-setup.
Preparing to unpack .../048-ruby-setup_3.4.1-9_all.deb ...
Unpacking ruby-setup (3.4.1-9) ...
Selecting previously unselected package gem2deb.
Preparing to unpack .../049-gem2deb_0.32_amd64.deb ...
Unpacking gem2deb (0.32) ...
Selecting previously unselected package icu-devtools.
Preparing to unpack .../050-icu-devtools_57.1-3_amd64.deb ...
Unpacking icu-devtools (57.1-3) ...
Selecting previously unselected package libao-common.
Preparing to unpack .../051-libao-common_1.1.0-3_amd64.deb ...
Unpacking libao-common (1.1.0-3) ...
Selecting previously unselected package libao4.
Preparing to unpack .../052-libao4_1.1.0-3_amd64.deb ...
Unpacking libao4 (1.1.0-3) ...
Selecting previously unselected package libao-dev.
Preparing to unpack .../053-libao-dev_1.1.0-3_amd64.deb ...
Unpacking libao-dev (1.1.0-3) ...
Selecting previously unselected package libasound2-data.
Preparing to unpack .../054-libasound2-data_1.1.2-1_all.deb ...
Unpacking libasound2-data (1.1.2-1) ...
Selecting previously unselected package libasound2:amd64.
Preparing to unpack .../055-libasound2_1.1.2-1_amd64.deb ...
Unpacking libasound2:amd64 (1.1.2-1) ...
Selecting previously unselected package libasound2-dev:amd64.
Preparing to unpack .../056-libasound2-dev_1.1.2-1_amd64.deb ...
Unpacking libasound2-dev:amd64 (1.1.2-1) ...
Selecting previously unselected package libasyncns0:amd64.
Preparing to unpack .../057-libasyncns0_0.8-6_amd64.deb ...
Unpacking libasyncns0:amd64 (0.8-6) ...
Selecting previously unselected package libavahi-common-dev:amd64.
Preparing to unpack .../058-libavahi-common-dev_0.6.32-1_amd64.deb ...
Unpacking libavahi-common-dev:amd64 (0.6.32-1) ...
Selecting previously unselected package pkg-config.
Preparing to unpack .../059-pkg-config_0.29-4_amd64.deb ...
Unpacking pkg-config (0.29-4) ...
Selecting previously unselected package libdbus-1-dev:amd64.
Preparing to unpack .../060-libdbus-1-dev_1.10.10-1_amd64.deb ...
Unpacking libdbus-1-dev:amd64 (1.10.10-1) ...
Selecting previously unselected package libavahi-client-dev:amd64.
Preparing to unpack .../061-libavahi-client-dev_0.6.32-1_amd64.deb ...
Unpacking libavahi-client-dev:amd64 (0.6.32-1) ...
Selecting previously unselected package libavahi-glib1:amd64.
Preparing to unpack .../062-libavahi-glib1_0.6.32-1_amd64.deb ...
Unpacking libavahi-glib1:amd64 (0.6.32-1) ...
Selecting previously unselected package libelf1:amd64.
Preparing to unpack .../063-libelf1_0.166-2_amd64.deb ...
Unpacking libelf1:amd64 (0.166-2) ...
Selecting previously unselected package libglib2.0-data.
Preparing to unpack .../064-libglib2.0-data_2.48.1-3_all.deb ...
Unpacking libglib2.0-data (2.48.1-3) ...
Selecting previously unselected package libglib2.0-bin.
Preparing to unpack .../065-libglib2.0-bin_2.48.1-3_amd64.deb ...
Unpacking libglib2.0-bin (2.48.1-3) ...
Selecting previously unselected package libpcre16-3:amd64.
Preparing to unpack .../066-libpcre16-3_2%3a8.39-2_amd64.deb ...
Unpacking libpcre16-3:amd64 (2:8.39-2) ...
Selecting previously unselected package libpcre32-3:amd64.
Preparing to unpack .../067-libpcre32-3_2%3a8.39-2_amd64.deb ...
Unpacking libpcre32-3:amd64 (2:8.39-2) ...
Selecting previously unselected package libpcre3-dev:amd64.
Preparing to unpack .../068-libpcre3-dev_2%3a8.39-2_amd64.deb ...
Unpacking libpcre3-dev:amd64 (2:8.39-2) ...
Selecting previously unselected package zlib1g-dev:amd64.
Preparing to unpack .../069-zlib1g-dev_1%3a1.2.8.dfsg-2+b1_amd64.deb ...
Unpacking zlib1g-dev:amd64 (1:1.2.8.dfsg-2+b1) ...
Selecting previously unselected package libglib2.0-dev.
Preparing to unpack .../070-libglib2.0-dev_2.48.1-3_amd64.deb ...
Unpacking libglib2.0-dev (2.48.1-3) ...
Selecting previously unselected package libavahi-glib-dev:amd64.
Preparing to unpack .../071-libavahi-glib-dev_0.6.32-1_amd64.deb ...
Unpacking libavahi-glib-dev:amd64 (0.6.32-1) ...
Selecting previously unselected package libdrm2:amd64.
Preparing to unpack .../072-libdrm2_2.4.70-1_amd64.deb ...
Unpacking libdrm2:amd64 (2.4.70-1) ...
Selecting previously unselected package libva1:amd64.
Preparing to unpack .../073-libva1_1.7.1-2_amd64.deb ...
Unpacking libva1:amd64 (1.7.1-2) ...
Selecting previously unselected package libva-drm1:amd64.
Preparing to unpack .../074-libva-drm1_1.7.1-2_amd64.deb ...
Unpacking libva-drm1:amd64 (1.7.1-2) ...
Selecting previously unselected package libva-x11-1:amd64.
Preparing to unpack .../075-libva-x11-1_1.7.1-2_amd64.deb ...
Unpacking libva-x11-1:amd64 (1.7.1-2) ...
Selecting previously unselected package libvdpau1:amd64.
Preparing to unpack .../076-libvdpau1_1.1.1-3_amd64.deb ...
Unpacking libvdpau1:amd64 (1.1.1-3) ...
Selecting previously unselected package libavutil55:amd64.
Preparing to unpack .../077-libavutil55_7%3a3.1.3-1_amd64.deb ...
Unpacking libavutil55:amd64 (7:3.1.3-1) ...
Selecting previously unselected package libcrystalhd3:amd64.
Preparing to unpack .../078-libcrystalhd3_1%3a0.0~git20110715.fdd2f19-11+b1_amd64.deb ...
Unpacking libcrystalhd3:amd64 (1:0.0~git20110715.fdd2f19-11+b1) ...
Selecting previously unselected package libmp3lame0:amd64.
Preparing to unpack .../079-libmp3lame0_3.99.5+repack1-9+b1_amd64.deb ...
Unpacking libmp3lame0:amd64 (3.99.5+repack1-9+b1) ...
Selecting previously unselected package libopenjp2-7:amd64.
Preparing to unpack .../080-libopenjp2-7_2.1.1-1_amd64.deb ...
Unpacking libopenjp2-7:amd64 (2.1.1-1) ...
Selecting previously unselected package libopus0:amd64.
Preparing to unpack .../081-libopus0_1.1.2-1_amd64.deb ...
Unpacking libopus0:amd64 (1.1.2-1) ...
Selecting previously unselected package libshine3:amd64.
Preparing to unpack .../082-libshine3_3.1.0-4_amd64.deb ...
Unpacking libshine3:amd64 (3.1.0-4) ...
Selecting previously unselected package libsnappy1v5:amd64.
Preparing to unpack .../083-libsnappy1v5_1.1.3-3_amd64.deb ...
Unpacking libsnappy1v5:amd64 (1.1.3-3) ...
Selecting previously unselected package libsoxr0:amd64.
Preparing to unpack .../084-libsoxr0_0.1.2-1_amd64.deb ...
Unpacking libsoxr0:amd64 (0.1.2-1) ...
Selecting previously unselected package libswresample2:amd64.
Preparing to unpack .../085-libswresample2_7%3a3.1.3-1_amd64.deb ...
Unpacking libswresample2:amd64 (7:3.1.3-1) ...
Selecting previously unselected package libtwolame0:amd64.
Preparing to unpack .../086-libtwolame0_0.3.13-1.2_amd64.deb ...
Unpacking libtwolame0:amd64 (0.3.13-1.2) ...
Selecting previously unselected package libvorbisenc2:amd64.
Preparing to unpack .../087-libvorbisenc2_1.3.5-3_amd64.deb ...
Unpacking libvorbisenc2:amd64 (1.3.5-3) ...
Selecting previously unselected package libvpx3:amd64.
Preparing to unpack .../088-libvpx3_1.5.0-4_amd64.deb ...
Unpacking libvpx3:amd64 (1.5.0-4) ...
Selecting previously unselected package libwavpack1:amd64.
Preparing to unpack .../089-libwavpack1_4.80.0-1_amd64.deb ...
Unpacking libwavpack1:amd64 (4.80.0-1) ...
Selecting previously unselected package libwebp6:amd64.
Preparing to unpack .../090-libwebp6_0.5.1-2_amd64.deb ...
Unpacking libwebp6:amd64 (0.5.1-2) ...
Selecting previously unselected package libwebpmux2:amd64.
Preparing to unpack .../091-libwebpmux2_0.5.1-2_amd64.deb ...
Unpacking libwebpmux2:amd64 (0.5.1-2) ...
Selecting previously unselected package libx264-148:amd64.
Preparing to unpack .../092-libx264-148_2%3a0.148.2699+gita5e06b9-1_amd64.deb ...
Unpacking libx264-148:amd64 (2:0.148.2699+gita5e06b9-1) ...
Selecting previously unselected package libnuma1:amd64.
Preparing to unpack .../093-libnuma1_2.0.11-1_amd64.deb ...
Unpacking libnuma1:amd64 (2.0.11-1) ...
Selecting previously unselected package libx265-79:amd64.
Preparing to unpack .../094-libx265-79_1.9-3_amd64.deb ...
Unpacking libx265-79:amd64 (1.9-3) ...
Selecting previously unselected package libxvidcore4:amd64.
Preparing to unpack .../095-libxvidcore4_2%3a1.3.4-1_amd64.deb ...
Unpacking libxvidcore4:amd64 (2:1.3.4-1) ...
Selecting previously unselected package libzvbi-common.
Preparing to unpack .../096-libzvbi-common_0.2.35-11_all.deb ...
Unpacking libzvbi-common (0.2.35-11) ...
Selecting previously unselected package libzvbi0:amd64.
Preparing to unpack .../097-libzvbi0_0.2.35-11_amd64.deb ...
Unpacking libzvbi0:amd64 (0.2.35-11) ...
Selecting previously unselected package libavcodec57:amd64.
Preparing to unpack .../098-libavcodec57_7%3a3.1.3-1_amd64.deb ...
Unpacking libavcodec57:amd64 (7:3.1.3-1) ...
Selecting previously unselected package libavutil-dev:amd64.
Preparing to unpack .../099-libavutil-dev_7%3a3.1.3-1_amd64.deb ...
Unpacking libavutil-dev:amd64 (7:3.1.3-1) ...
Selecting previously unselected package libswresample-dev:amd64.
Preparing to unpack .../100-libswresample-dev_7%3a3.1.3-1_amd64.deb ...
Unpacking libswresample-dev:amd64 (7:3.1.3-1) ...
Selecting previously unselected package libavcodec-dev:amd64.
Preparing to unpack .../101-libavcodec-dev_7%3a3.1.3-1_amd64.deb ...
Unpacking libavcodec-dev:amd64 (7:3.1.3-1) ...
Selecting previously unselected package libboost1.61-dev:amd64.
Preparing to unpack .../102-libboost1.61-dev_1.61.0+dfsg-2.1_amd64.deb ...
Unpacking libboost1.61-dev:amd64 (1.61.0+dfsg-2.1) ...
Selecting previously unselected package libboost-dev:amd64.
Preparing to unpack .../103-libboost-dev_1.61.0.2_amd64.deb ...
Unpacking libboost-dev:amd64 (1.61.0.2) ...
Selecting previously unselected package libboost-signals1.61.0:amd64.
Preparing to unpack .../104-libboost-signals1.61.0_1.61.0+dfsg-2.1_amd64.deb ...
Unpacking libboost-signals1.61.0:amd64 (1.61.0+dfsg-2.1) ...
Selecting previously unselected package libboost-signals1.61-dev:amd64.
Preparing to unpack .../105-libboost-signals1.61-dev_1.61.0+dfsg-2.1_amd64.deb ...
Unpacking libboost-signals1.61-dev:amd64 (1.61.0+dfsg-2.1) ...
Selecting previously unselected package libboost-signals-dev:amd64.
Preparing to unpack .../106-libboost-signals-dev_1.61.0.2_amd64.deb ...
Unpacking libboost-signals-dev:amd64 (1.61.0.2) ...
Selecting previously unselected package libcaca0:amd64.
Preparing to unpack .../107-libcaca0_0.99.beta19-2+b1_amd64.deb ...
Unpacking libcaca0:amd64 (0.99.beta19-2+b1) ...
Selecting previously unselected package libpng-dev:amd64.
Preparing to unpack .../108-libpng-dev_1.6.24-2_amd64.deb ...
Unpacking libpng-dev:amd64 (1.6.24-2) ...
Selecting previously unselected package libslang2-dev:amd64.
Preparing to unpack .../109-libslang2-dev_2.3.0-3_amd64.deb ...
Unpacking libslang2-dev:amd64 (2.3.0-3) ...
Selecting previously unselected package libcaca-dev.
Preparing to unpack .../110-libcaca-dev_0.99.beta19-2+b1_amd64.deb ...
Unpacking libcaca-dev (0.99.beta19-2+b1) ...
Selecting previously unselected package libcdio13.
Preparing to unpack .../111-libcdio13_0.83-4.2+b1_amd64.deb ...
Unpacking libcdio13 (0.83-4.2+b1) ...
Selecting previously unselected package libcdio-cdda1.
Preparing to unpack .../112-libcdio-cdda1_0.83-4.2+b1_amd64.deb ...
Unpacking libcdio-cdda1 (0.83-4.2+b1) ...
Selecting previously unselected package libcdio-dev.
Preparing to unpack .../113-libcdio-dev_0.83-4.2+b1_amd64.deb ...
Unpacking libcdio-dev (0.83-4.2+b1) ...
Selecting previously unselected package libcdio-cdda-dev.
Preparing to unpack .../114-libcdio-cdda-dev_0.83-4.2+b1_amd64.deb ...
Unpacking libcdio-cdda-dev (0.83-4.2+b1) ...
Selecting previously unselected package libnghttp2-14:amd64.
Preparing to unpack .../115-libnghttp2-14_1.13.0-1_amd64.deb ...
Unpacking libnghttp2-14:amd64 (1.13.0-1) ...
Selecting previously unselected package librtmp1:amd64.
Preparing to unpack .../116-librtmp1_2.4+20151223.gitfa8646d.1-1_amd64.deb ...
Unpacking librtmp1:amd64 (2.4+20151223.gitfa8646d.1-1) ...
Selecting previously unselected package libssh2-1:amd64.
Preparing to unpack .../117-libssh2-1_1.7.0-1_amd64.deb ...
Unpacking libssh2-1:amd64 (1.7.0-1) ...
Selecting previously unselected package libcurl3:amd64.
Preparing to unpack .../118-libcurl3_7.50.1-1_amd64.deb ...
Unpacking libcurl3:amd64 (7.50.1-1) ...
Selecting previously unselected package libcurl4-openssl-dev:amd64.
Preparing to unpack .../119-libcurl4-openssl-dev_7.50.1-1_amd64.deb ...
Unpacking libcurl4-openssl-dev:amd64 (7.50.1-1) ...
Selecting previously unselected package libdiscid0:amd64.
Preparing to unpack .../120-libdiscid0_0.6.1-5_amd64.deb ...
Unpacking libdiscid0:amd64 (0.6.1-5) ...
Selecting previously unselected package libdiscid-dev:amd64.
Preparing to unpack .../121-libdiscid-dev_0.6.1-5_amd64.deb ...
Unpacking libdiscid-dev:amd64 (0.6.1-5) ...
Selecting previously unselected package libdrm-amdgpu1:amd64.
Preparing to unpack .../122-libdrm-amdgpu1_2.4.70-1_amd64.deb ...
Unpacking libdrm-amdgpu1:amd64 (2.4.70-1) ...
Selecting previously unselected package libpciaccess0:amd64.
Preparing to unpack .../123-libpciaccess0_0.13.4-1_amd64.deb ...
Unpacking libpciaccess0:amd64 (0.13.4-1) ...
Selecting previously unselected package libdrm-intel1:amd64.
Preparing to unpack .../124-libdrm-intel1_2.4.70-1_amd64.deb ...
Unpacking libdrm-intel1:amd64 (2.4.70-1) ...
Selecting previously unselected package libdrm-radeon1:amd64.
Preparing to unpack .../125-libdrm-radeon1_2.4.70-1_amd64.deb ...
Unpacking libdrm-radeon1:amd64 (2.4.70-1) ...
Selecting previously unselected package libdrm-nouveau2:amd64.
Preparing to unpack .../126-libdrm-nouveau2_2.4.70-1_amd64.deb ...
Unpacking libdrm-nouveau2:amd64 (2.4.70-1) ...
Selecting previously unselected package libdrm-dev:amd64.
Preparing to unpack .../127-libdrm-dev_2.4.70-1_amd64.deb ...
Unpacking libdrm-dev:amd64 (2.4.70-1) ...
Selecting previously unselected package libexpat1-dev:amd64.
Preparing to unpack .../128-libexpat1-dev_2.2.0-1_amd64.deb ...
Unpacking libexpat1-dev:amd64 (2.2.0-1) ...
Selecting previously unselected package libfaad-dev:amd64.
Preparing to unpack .../129-libfaad-dev_2.8.0~cvs20150510-1_amd64.deb ...
Unpacking libfaad-dev:amd64 (2.8.0~cvs20150510-1) ...
Selecting previously unselected package libfftw3-bin.
Preparing to unpack .../130-libfftw3-bin_3.3.4-2+b1_amd64.deb ...
Unpacking libfftw3-bin (3.3.4-2+b1) ...
Selecting previously unselected package libfftw3-dev:amd64.
Preparing to unpack .../131-libfftw3-dev_3.3.4-2+b1_amd64.deb ...
Unpacking libfftw3-dev:amd64 (3.3.4-2+b1) ...
Selecting previously unselected package libflac8:amd64.
Preparing to unpack .../132-libflac8_1.3.1-4_amd64.deb ...
Unpacking libflac8:amd64 (1.3.1-4) ...
Selecting previously unselected package libogg-dev:amd64.
Preparing to unpack .../133-libogg-dev_1.3.2-1_amd64.deb ...
Unpacking libogg-dev:amd64 (1.3.2-1) ...
Selecting previously unselected package libflac-dev:amd64.
Preparing to unpack .../134-libflac-dev_1.3.1-4_amd64.deb ...
Unpacking libflac-dev:amd64 (1.3.1-4) ...
Selecting previously unselected package libgamin-dev.
Preparing to unpack .../135-libgamin-dev_0.1.10-5_amd64.deb ...
Unpacking libgamin-dev (0.1.10-5) ...
Selecting previously unselected package xorg-sgml-doctools.
Preparing to unpack .../136-xorg-sgml-doctools_1%3a1.11-1_all.deb ...
Unpacking xorg-sgml-doctools (1:1.11-1) ...
Selecting previously unselected package x11proto-core-dev.
Preparing to unpack .../137-x11proto-core-dev_7.0.29-1_all.deb ...
Unpacking x11proto-core-dev (7.0.29-1) ...
Selecting previously unselected package libxau-dev:amd64.
Preparing to unpack .../138-libxau-dev_1%3a1.0.8-1_amd64.deb ...
Unpacking libxau-dev:amd64 (1:1.0.8-1) ...
Selecting previously unselected package libxdmcp-dev:amd64.
Preparing to unpack .../139-libxdmcp-dev_1%3a1.1.2-1.1_amd64.deb ...
Unpacking libxdmcp-dev:amd64 (1:1.1.2-1.1) ...
Selecting previously unselected package x11proto-input-dev.
Preparing to unpack .../140-x11proto-input-dev_2.3.2-1_all.deb ...
Unpacking x11proto-input-dev (2.3.2-1) ...
Selecting previously unselected package x11proto-kb-dev.
Preparing to unpack .../141-x11proto-kb-dev_1.0.7-1_all.deb ...
Unpacking x11proto-kb-dev (1.0.7-1) ...
Selecting previously unselected package xtrans-dev.
Preparing to unpack .../142-xtrans-dev_1.3.5-1_all.deb ...
Unpacking xtrans-dev (1.3.5-1) ...
Selecting previously unselected package libpthread-stubs0-dev:amd64.
Preparing to unpack .../143-libpthread-stubs0-dev_0.3-4_amd64.deb ...
Unpacking libpthread-stubs0-dev:amd64 (0.3-4) ...
Selecting previously unselected package libxcb1-dev:amd64.
Preparing to unpack .../144-libxcb1-dev_1.11.1-1.1_amd64.deb ...
Unpacking libxcb1-dev:amd64 (1.11.1-1.1) ...
Selecting previously unselected package libx11-dev:amd64.
Preparing to unpack .../145-libx11-dev_2%3a1.6.3-1_amd64.deb ...
Unpacking libx11-dev:amd64 (2:1.6.3-1) ...
Selecting previously unselected package mesa-common-dev:amd64.
Preparing to unpack .../146-mesa-common-dev_11.2.2-1_amd64.deb ...
Unpacking mesa-common-dev:amd64 (11.2.2-1) ...
Selecting previously unselected package libglapi-mesa:amd64.
Preparing to unpack .../147-libglapi-mesa_11.2.2-1_amd64.deb ...
Unpacking libglapi-mesa:amd64 (11.2.2-1) ...
Selecting previously unselected package libxcb-dri2-0:amd64.
Preparing to unpack .../148-libxcb-dri2-0_1.11.1-1.1_amd64.deb ...
Unpacking libxcb-dri2-0:amd64 (1.11.1-1.1) ...
Selecting previously unselected package libxcb-dri3-0:amd64.
Preparing to unpack .../149-libxcb-dri3-0_1.11.1-1.1_amd64.deb ...
Unpacking libxcb-dri3-0:amd64 (1.11.1-1.1) ...
Selecting previously unselected package libxcb-glx0:amd64.
Preparing to unpack .../150-libxcb-glx0_1.11.1-1.1_amd64.deb ...
Unpacking libxcb-glx0:amd64 (1.11.1-1.1) ...
Selecting previously unselected package libxcb-present0:amd64.
Preparing to unpack .../151-libxcb-present0_1.11.1-1.1_amd64.deb ...
Unpacking libxcb-present0:amd64 (1.11.1-1.1) ...
Selecting previously unselected package libxcb-randr0:amd64.
Preparing to unpack .../152-libxcb-randr0_1.11.1-1.1_amd64.deb ...
Unpacking libxcb-randr0:amd64 (1.11.1-1.1) ...
Selecting previously unselected package libxcb-shape0:amd64.
Preparing to unpack .../153-libxcb-shape0_1.11.1-1.1_amd64.deb ...
Unpacking libxcb-shape0:amd64 (1.11.1-1.1) ...
Selecting previously unselected package libxcb-sync1:amd64.
Preparing to unpack .../154-libxcb-sync1_1.11.1-1.1_amd64.deb ...
Unpacking libxcb-sync1:amd64 (1.11.1-1.1) ...
Selecting previously unselected package libxcb-xfixes0:amd64.
Preparing to unpack .../155-libxcb-xfixes0_1.11.1-1.1_amd64.deb ...
Unpacking libxcb-xfixes0:amd64 (1.11.1-1.1) ...
Selecting previously unselected package libgl1-mesa-glx:amd64.
Preparing to unpack .../156-libgl1-mesa-glx_11.2.2-1_amd64.deb ...
Unpacking libgl1-mesa-glx:amd64 (11.2.2-1) ...
Selecting previously unselected package libx11-xcb-dev:amd64.
Preparing to unpack .../157-libx11-xcb-dev_2%3a1.6.3-1_amd64.deb ...
Unpacking libx11-xcb-dev:amd64 (2:1.6.3-1) ...
Selecting previously unselected package libxcb-dri3-dev:amd64.
Preparing to unpack .../158-libxcb-dri3-dev_1.11.1-1.1_amd64.deb ...
Unpacking libxcb-dri3-dev:amd64 (1.11.1-1.1) ...
Selecting previously unselected package libxcb-render0-dev:amd64.
Preparing to unpack .../159-libxcb-render0-dev_1.11.1-1.1_amd64.deb ...
Unpacking libxcb-render0-dev:amd64 (1.11.1-1.1) ...
Selecting previously unselected package libxcb-randr0-dev:amd64.
Preparing to unpack .../160-libxcb-randr0-dev_1.11.1-1.1_amd64.deb ...
Unpacking libxcb-randr0-dev:amd64 (1.11.1-1.1) ...
Selecting previously unselected package libxcb-shape0-dev:amd64.
Preparing to unpack .../161-libxcb-shape0-dev_1.11.1-1.1_amd64.deb ...
Unpacking libxcb-shape0-dev:amd64 (1.11.1-1.1) ...
Selecting previously unselected package libxcb-xfixes0-dev:amd64.
Preparing to unpack .../162-libxcb-xfixes0-dev_1.11.1-1.1_amd64.deb ...
Unpacking libxcb-xfixes0-dev:amd64 (1.11.1-1.1) ...
Selecting previously unselected package libxcb-sync-dev:amd64.
Preparing to unpack .../163-libxcb-sync-dev_1.11.1-1.1_amd64.deb ...
Unpacking libxcb-sync-dev:amd64 (1.11.1-1.1) ...
Selecting previously unselected package libxcb-present-dev:amd64.
Preparing to unpack .../164-libxcb-present-dev_1.11.1-1.1_amd64.deb ...
Unpacking libxcb-present-dev:amd64 (1.11.1-1.1) ...
Selecting previously unselected package libxshmfence-dev:amd64.
Preparing to unpack .../165-libxshmfence-dev_1.2-1_amd64.deb ...
Unpacking libxshmfence-dev:amd64 (1.2-1) ...
Selecting previously unselected package libxcb-dri2-0-dev:amd64.
Preparing to unpack .../166-libxcb-dri2-0-dev_1.11.1-1.1_amd64.deb ...
Unpacking libxcb-dri2-0-dev:amd64 (1.11.1-1.1) ...
Selecting previously unselected package libxcb-glx0-dev:amd64.
Preparing to unpack .../167-libxcb-glx0-dev_1.11.1-1.1_amd64.deb ...
Unpacking libxcb-glx0-dev:amd64 (1.11.1-1.1) ...
Selecting previously unselected package x11proto-xext-dev.
Preparing to unpack .../168-x11proto-xext-dev_7.3.0-1_all.deb ...
Unpacking x11proto-xext-dev (7.3.0-1) ...
Selecting previously unselected package x11proto-fixes-dev.
Preparing to unpack .../169-x11proto-fixes-dev_1%3a5.0-2_all.deb ...
Unpacking x11proto-fixes-dev (1:5.0-2) ...
Selecting previously unselected package libxfixes-dev:amd64.
Preparing to unpack .../170-libxfixes-dev_1%3a5.0.2-1_amd64.deb ...
Unpacking libxfixes-dev:amd64 (1:5.0.2-1) ...
Selecting previously unselected package x11proto-damage-dev.
Preparing to unpack .../171-x11proto-damage-dev_1%3a1.2.1-2_all.deb ...
Unpacking x11proto-damage-dev (1:1.2.1-2) ...
Selecting previously unselected package libxdamage-dev:amd64.
Preparing to unpack .../172-libxdamage-dev_1%3a1.1.4-2+b1_amd64.deb ...
Unpacking libxdamage-dev:amd64 (1:1.1.4-2+b1) ...
Selecting previously unselected package libxext-dev:amd64.
Preparing to unpack .../173-libxext-dev_2%3a1.3.3-1_amd64.deb ...
Unpacking libxext-dev:amd64 (2:1.3.3-1) ...
Selecting previously unselected package x11proto-xf86vidmode-dev.
Preparing to unpack .../174-x11proto-xf86vidmode-dev_2.3.1-2_all.deb ...
Unpacking x11proto-xf86vidmode-dev (2.3.1-2) ...
Selecting previously unselected package libxxf86vm-dev:amd64.
Preparing to unpack .../175-libxxf86vm-dev_1%3a1.1.4-1_amd64.deb ...
Unpacking libxxf86vm-dev:amd64 (1:1.1.4-1) ...
Selecting previously unselected package x11proto-dri2-dev.
Preparing to unpack .../176-x11proto-dri2-dev_2.8-2_all.deb ...
Unpacking x11proto-dri2-dev (2.8-2) ...
Selecting previously unselected package x11proto-gl-dev.
Preparing to unpack .../177-x11proto-gl-dev_1.4.17-1_all.deb ...
Unpacking x11proto-gl-dev (1.4.17-1) ...
Selecting previously unselected package libgl1-mesa-dev:amd64.
Preparing to unpack .../178-libgl1-mesa-dev_11.2.2-1_amd64.deb ...
Unpacking libgl1-mesa-dev:amd64 (11.2.2-1) ...
Selecting previously unselected package libglu1-mesa:amd64.
Preparing to unpack .../179-libglu1-mesa_9.0.0-2.1_amd64.deb ...
Unpacking libglu1-mesa:amd64 (9.0.0-2.1) ...
Selecting previously unselected package libglu1-mesa-dev:amd64.
Preparing to unpack .../180-libglu1-mesa-dev_9.0.0-2.1_amd64.deb ...
Unpacking libglu1-mesa-dev:amd64 (9.0.0-2.1) ...
Selecting previously unselected package libgme0:amd64.
Preparing to unpack .../181-libgme0_0.6.0-3_amd64.deb ...
Unpacking libgme0:amd64 (0.6.0-3) ...
Selecting previously unselected package libgme-dev:amd64.
Preparing to unpack .../182-libgme-dev_0.6.0-3_amd64.deb ...
Unpacking libgme-dev:amd64 (0.6.0-3) ...
Selecting previously unselected package libicu-dev.
Preparing to unpack .../183-libicu-dev_57.1-3_amd64.deb ...
Unpacking libicu-dev (57.1-3) ...
Selecting previously unselected package uuid-dev:amd64.
Preparing to unpack .../184-uuid-dev_2.28.1-1_amd64.deb ...
Unpacking uuid-dev:amd64 (2.28.1-1) ...
Selecting previously unselected package libjack-dev.
Preparing to unpack .../185-libjack-dev_1%3a0.124.1+20140122git5013bed0-3_amd64.deb ...
Unpacking libjack-dev (1:0.124.1+20140122git5013bed0-3) ...
Selecting previously unselected package libmad0-dev.
Preparing to unpack .../186-libmad0-dev_0.15.1b-8_amd64.deb ...
Unpacking libmad0-dev (0.15.1b-8) ...
Selecting previously unselected package libmms0:amd64.
Preparing to unpack .../187-libmms0_0.6.4-2_amd64.deb ...
Unpacking libmms0:amd64 (0.6.4-2) ...
Selecting previously unselected package libmms-dev:amd64.
Preparing to unpack .../188-libmms-dev_0.6.4-2_amd64.deb ...
Unpacking libmms-dev:amd64 (0.6.4-2) ...
Selecting previously unselected package libmodplug1:amd64.
Preparing to unpack .../189-libmodplug1_1%3a0.8.8.5-2_amd64.deb ...
Unpacking libmodplug1:amd64 (1:0.8.8.5-2) ...
Selecting previously unselected package libmodplug-dev:amd64.
Preparing to unpack .../190-libmodplug-dev_1%3a0.8.8.5-2_amd64.deb ...
Unpacking libmodplug-dev:amd64 (1:0.8.8.5-2) ...
Selecting previously unselected package libmpcdec6:amd64.
Preparing to unpack .../191-libmpcdec6_2%3a0.1~r475-1_amd64.deb ...
Unpacking libmpcdec6:amd64 (2:0.1~r475-1) ...
Selecting previously unselected package libmpcdec-dev:amd64.
Preparing to unpack .../192-libmpcdec-dev_2%3a0.1~r475-1_amd64.deb ...
Unpacking libmpcdec-dev:amd64 (2:0.1~r475-1) ...
Selecting previously unselected package libmpg123-0:amd64.
Preparing to unpack .../193-libmpg123-0_1.22.4-1_amd64.deb ...
Unpacking libmpg123-0:amd64 (1.22.4-1) ...
Selecting previously unselected package libmpg123-dev:amd64.
Preparing to unpack .../194-libmpg123-dev_1.22.4-1_amd64.deb ...
Unpacking libmpg123-dev:amd64 (1.22.4-1) ...
Selecting previously unselected package libofa0:amd64.
Preparing to unpack .../195-libofa0_0.9.3-12_amd64.deb ...
Unpacking libofa0:amd64 (0.9.3-12) ...
Selecting previously unselected package libofa0-dev:amd64.
Preparing to unpack .../196-libofa0-dev_0.9.3-12_amd64.deb ...
Unpacking libofa0-dev:amd64 (0.9.3-12) ...
Selecting previously unselected package libperl-dev.
Preparing to unpack .../197-libperl-dev_5.22.2-3_amd64.deb ...
Unpacking libperl-dev (5.22.2-3) ...
Selecting previously unselected package libjson-c3:amd64.
Preparing to unpack .../198-libjson-c3_0.12-3_amd64.deb ...
Unpacking libjson-c3:amd64 (0.12-3) ...
Selecting previously unselected package libsndfile1:amd64.
Preparing to unpack .../199-libsndfile1_1.0.25-10_amd64.deb ...
Unpacking libsndfile1:amd64 (1.0.25-10) ...
Selecting previously unselected package libpulse0:amd64.
Preparing to unpack .../200-libpulse0_9.0-2_amd64.deb ...
Unpacking libpulse0:amd64 (9.0-2) ...
Selecting previously unselected package libpulse-mainloop-glib0:amd64.
Preparing to unpack .../201-libpulse-mainloop-glib0_9.0-2_amd64.deb ...
Unpacking libpulse-mainloop-glib0:amd64 (9.0-2) ...
Selecting previously unselected package libpulse-dev:amd64.
Preparing to unpack .../202-libpulse-dev_9.0-2_amd64.deb ...
Unpacking libpulse-dev:amd64 (9.0-2) ...
Selecting previously unselected package libpython2.7-dev:amd64.
Preparing to unpack .../203-libpython2.7-dev_2.7.12-2_amd64.deb ...
Unpacking libpython2.7-dev:amd64 (2.7.12-2) ...
Selecting previously unselected package libpython-dev:amd64.
Preparing to unpack .../204-libpython-dev_2.7.11-2_amd64.deb ...
Unpacking libpython-dev:amd64 (2.7.11-2) ...
Selecting previously unselected package libpython-all-dev:amd64.
Preparing to unpack .../205-libpython-all-dev_2.7.11-2_amd64.deb ...
Unpacking libpython-all-dev:amd64 (2.7.11-2) ...
Selecting previously unselected package libtinfo-dev:amd64.
Preparing to unpack .../206-libtinfo-dev_6.0+20160625-1_amd64.deb ...
Unpacking libtinfo-dev:amd64 (6.0+20160625-1) ...
Selecting previously unselected package libreadline6-dev:amd64.
Preparing to unpack .../207-libreadline6-dev_6.3-8+b4_amd64.deb ...
Unpacking libreadline6-dev:amd64 (6.3-8+b4) ...
Selecting previously unselected package libreadline-dev:amd64.
Preparing to unpack .../208-libreadline-dev_6.3-8+b4_amd64.deb ...
Unpacking libreadline-dev:amd64 (6.3-8+b4) ...
Selecting previously unselected package libresid-builder0c2a.
Preparing to unpack .../209-libresid-builder0c2a_2.1.1-14_amd64.deb ...
Unpacking libresid-builder0c2a (2.1.1-14) ...
Selecting previously unselected package libresid-builder-dev.
Preparing to unpack .../210-libresid-builder-dev_2.1.1-14_amd64.deb ...
Unpacking libresid-builder-dev (2.1.1-14) ...
Selecting previously unselected package libsamplerate0-dev:amd64.
Preparing to unpack .../211-libsamplerate0-dev_0.1.8-8_amd64.deb ...
Unpacking libsamplerate0-dev:amd64 (0.1.8-8) ...
Selecting previously unselected package libsdl1.2debian:amd64.
Preparing to unpack .../212-libsdl1.2debian_1.2.15+dfsg1-4_amd64.deb ...
Unpacking libsdl1.2debian:amd64 (1.2.15+dfsg1-4) ...
Selecting previously unselected package libsdl1.2-dev.
Preparing to unpack .../213-libsdl1.2-dev_1.2.15+dfsg1-4_amd64.deb ...
Unpacking libsdl1.2-dev (1.2.15+dfsg1-4) ...
Selecting previously unselected package libspeex-dev:amd64.
Preparing to unpack .../214-libspeex-dev_1.2~rc1.2-1_amd64.deb ...
Unpacking libspeex-dev:amd64 (1.2~rc1.2-1) ...
Selecting previously unselected package libtheora-dev:amd64.
Preparing to unpack .../215-libtheora-dev_1.1.1+dfsg.1-14_amd64.deb ...
Unpacking libtheora-dev:amd64 (1.1.1+dfsg.1-14) ...
Selecting previously unselected package libvorbisfile3:amd64.
Preparing to unpack .../216-libvorbisfile3_1.3.5-3_amd64.deb ...
Unpacking libvorbisfile3:amd64 (1.3.5-3) ...
Selecting previously unselected package libvorbis-dev:amd64.
Preparing to unpack .../217-libvorbis-dev_1.3.5-3_amd64.deb ...
Unpacking libvorbis-dev:amd64 (1.3.5-3) ...
Selecting previously unselected package libshout3-dev:amd64.
Preparing to unpack .../218-libshout3-dev_2.3.1-3_amd64.deb ...
Unpacking libshout3-dev:amd64 (2.3.1-3) ...
Selecting previously unselected package libsidplay2.
Preparing to unpack .../219-libsidplay2_2.1.1-14_amd64.deb ...
Unpacking libsidplay2 (2.1.1-14) ...
Selecting previously unselected package libsidplay2-dev.
Preparing to unpack .../220-libsidplay2-dev_2.1.1-14_amd64.deb ...
Unpacking libsidplay2-dev (2.1.1-14) ...
Selecting previously unselected package libsndfile1-dev.
Preparing to unpack .../221-libsndfile1-dev_1.0.25-10_amd64.deb ...
Unpacking libsndfile1-dev (1.0.25-10) ...
Selecting previously unselected package libsqlite3-dev:amd64.
Preparing to unpack .../222-libsqlite3-dev_3.14.1-1_amd64.deb ...
Unpacking libsqlite3-dev:amd64 (3.14.1-1) ...
Selecting previously unselected package libssl-dev:amd64.
Preparing to unpack .../223-libssl-dev_1.0.2h-1_amd64.deb ...
Unpacking libssl-dev:amd64 (1.0.2h-1) ...
Selecting previously unselected package libvisual-0.4-0:amd64.
Preparing to unpack .../224-libvisual-0.4-0_0.4.0-8_amd64.deb ...
Unpacking libvisual-0.4-0:amd64 (0.4.0-8) ...
Selecting previously unselected package libvisual-0.4-dev.
Preparing to unpack .../225-libvisual-0.4-dev_0.4.0-8_amd64.deb ...
Unpacking libvisual-0.4-dev (0.4.0-8) ...
Selecting previously unselected package libwavpack-dev:amd64.
Preparing to unpack .../226-libwavpack-dev_4.80.0-1_amd64.deb ...
Unpacking libwavpack-dev:amd64 (4.80.0-1) ...
Selecting previously unselected package libxml2-dev:amd64.
Preparing to unpack .../227-libxml2-dev_2.9.4+dfsg1-1+b1_amd64.deb ...
Unpacking libxml2-dev:amd64 (2.9.4+dfsg1-1+b1) ...
Selecting previously unselected package python-all.
Preparing to unpack .../228-python-all_2.7.11-2_amd64.deb ...
Unpacking python-all (2.7.11-2) ...
Selecting previously unselected package python2.7-dev.
Preparing to unpack .../229-python2.7-dev_2.7.12-2_amd64.deb ...
Unpacking python2.7-dev (2.7.12-2) ...
Selecting previously unselected package python-dev.
Preparing to unpack .../230-python-dev_2.7.11-2_amd64.deb ...
Unpacking python-dev (2.7.11-2) ...
Selecting previously unselected package python-all-dev.
Preparing to unpack .../231-python-all-dev_2.7.11-2_amd64.deb ...
Unpacking python-all-dev (2.7.11-2) ...
Selecting previously unselected package python-pyrex.
Preparing to unpack .../232-python-pyrex_0.9.8.5-2.1_all.deb ...
Unpacking python-pyrex (0.9.8.5-2.1) ...
Selecting previously unselected package sbuild-build-depends-xmms2-dummy.
Preparing to unpack .../233-sbuild-build-depends-xmms2-dummy_0.invalid.0_amd64.deb ...
Unpacking sbuild-build-depends-xmms2-dummy (0.invalid.0) ...
Setting up readline-common (6.3-8) ...
Setting up x11proto-dri2-dev (2.8-2) ...
Setting up libnettle6:amd64 (3.2-1) ...
Setting up libtdb1:amd64 (1.3.9-1) ...
Setting up libmms0:amd64 (0.6.4-2) ...
Setting up libboost-signals1.61.0:amd64 (1.61.0+dfsg-2.1) ...
Setting up libpopt0:amd64 (1.16-10) ...
Setting up libwbclient0:amd64 (2:4.4.5+dfsg-2) ...
Setting up libtwolame0:amd64 (0.3.13-1.2) ...
Setting up libperl-dev (5.22.2-3) ...
Setting up libopenjp2-7:amd64 (2.1.1-1) ...
Setting up libasyncns0:amd64 (0.8-6) ...
Setting up libjack0:amd64 (1:0.124.1+20140122git5013bed0-3) ...
Setting up libcdio13 (0.83-4.2+b1) ...
Setting up libx264-148:amd64 (2:0.148.2699+gita5e06b9-1) ...
Setting up libmms-dev:amd64 (0.6.4-2) ...
Setting up libarchive-zip-perl (1.59-1) ...
Setting up libmodplug1:amd64 (1:0.8.8.5-2) ...
Setting up libnghttp2-14:amd64 (1.13.0-1) ...
Setting up mime-support (3.60) ...
Setting up libpng16-16:amd64 (1.6.24-2) ...
Setting up libtimedate-perl (2.3000-2) ...
Setting up libwavpack1:amd64 (4.80.0-1) ...
Setting up libmpcdec6:amd64 (2:0.1~r475-1) ...
Setting up libsigsegv2:amd64 (2.10-5) ...
Setting up libpthread-stubs0-dev:amd64 (0.3-4) ...
Setting up fonts-dejavu-core (2.37-1) ...
Setting up libjson-c3:amd64 (0.12-3) ...
Setting up libnuma1:amd64 (2.0.11-1) ...
Setting up libelf1:amd64 (0.166-2) ...
Setting up groff-base (1.22.3-8) ...
Setting up libcdio-cdda1 (0.83-4.2+b1) ...
Setting up libsoxr0:amd64 (0.1.2-1) ...
Setting up libglib2.0-0:amd64 (2.48.1-3) ...
No schema files found: doing nothing.
Setting up libasound2-data (1.1.2-1) ...
Setting up libxshmfence1:amd64 (1.2-1) ...
Setting up xorg-sgml-doctools (1:1.11-1) ...
Setting up libcap2:amd64 (1:2.25-1) ...
Setting up libsasl2-modules-db:amd64 (2.1.26.dfsg1-15) ...
Setting up libfaad2:amd64 (2.8.0~cvs20150510-1) ...
Setting up libsasl2-2:amd64 (2.1.26.dfsg1-15) ...
Setting up uuid-dev:amd64 (2.28.1-1) ...
Setting up libtinfo-dev:amd64 (6.0+20160625-1) ...
Setting up libao-common (1.1.0-3) ...
Setting up libvpx3:amd64 (1.5.0-4) ...
Setting up x11proto-xf86vidmode-dev (2.3.1-2) ...
Setting up gettext-base (0.19.8.1-1) ...
Setting up libshine3:amd64 (3.1.0-4) ...
Setting up libpipeline1:amd64 (1.4.1-2) ...
Setting up x11proto-kb-dev (1.0.7-1) ...
Setting up libglapi-mesa:amd64 (11.2.2-1) ...
Setting up libspeex1:amd64 (1.2~rc1.2-1) ...
Setting up m4 (1.4.17-5) ...
Setting up libspeex-dev:amd64 (1.2~rc1.2-1) ...
Setting up libfftw3-double3:amd64 (3.3.4-2+b1) ...
Setting up libxvidcore4:amd64 (2:1.3.4-1) ...
Setting up libicu57:amd64 (57.1-3) ...
Setting up libboost1.61-dev:amd64 (1.61.0+dfsg-2.1) ...
Setting up ucf (3.0036) ...
Setting up libxml2:amd64 (2.9.4+dfsg1-1+b1) ...
Setting up libopus0:amd64 (1.1.2-1) ...
Setting up libfreetype6:amd64 (2.6.3-3+b1) ...
Setting up libtasn1-6:amd64 (4.9-4) ...
Setting up libmagic-mgc (1:5.28-4) ...
Setting up libva1:amd64 (1.7.1-2) ...
Setting up libasound2:amd64 (1.1.2-1) ...
Setting up libdrm2:amd64 (2.4.70-1) ...
Setting up libmagic1:amd64 (1:5.28-4) ...
Setting up libx265-79:amd64 (1.9-3) ...
Setting up libhogweed4:amd64 (3.2-1) ...
Setting up lsb-base (9.20160629) ...
Setting up libcroco3:amd64 (0.6.11-1) ...
Setting up libogg0:amd64 (1.3.2-1) ...
Setting up libfftw3-quad3:amd64 (3.3.4-2+b1) ...
Setting up pkg-config (0.29-4) ...
Setting up ruby-did-you-mean (1.0.0-2) ...
Setting up libyaml-0-2:amd64 (0.1.6-3) ...
Setting up libpixman-1-0:amd64 (0.33.6-1) ...
Setting up xtrans-dev (1.3.5-1) ...
Setting up libmp3lame0:amd64 (3.99.5+repack1-9+b1) ...
Setting up libssh2-1:amd64 (1.7.0-1) ...
Setting up libglib2.0-data (2.48.1-3) ...
Setting up libcrystalhd3:amd64 (1:0.0~git20110715.fdd2f19-11+b1) ...
Processing triggers for libc-bin (2.23-5) ...
Setting up autotools-dev (20160430.1) ...
Setting up libunistring0:amd64 (0.9.6+really0.9.3-0.1) ...
Setting up libdiscid0:amd64 (0.6.1-5) ...
Setting up libsnappy1v5:amd64 (1.1.3-3) ...
Setting up libp11-kit0:amd64 (0.23.2-5) ...
Setting up x11proto-gl-dev (1.4.17-1) ...
Setting up libfaad-dev:amd64 (2.8.0~cvs20150510-1) ...
Setting up openssl (1.0.2h-1) ...
Setting up ruby-net-telnet (0.1.1-2) ...
Setting up libsqlite3-0:amd64 (3.14.1-1) ...
Setting up libofa0:amd64 (0.9.3-12) ...
Setting up libvisual-0.4-0:amd64 (0.4.0-8) ...
Setting up libzvbi-common (0.2.35-11) ...
Setting up libdiscid-dev:amd64 (0.6.1-5) ...
Setting up libexpat1-dev:amd64 (2.2.0-1) ...
Setting up libpciaccess0:amd64 (0.13.4-1) ...
Setting up libfftw3-single3:amd64 (3.3.4-2+b1) ...
Setting up libpcrecpp0v5:amd64 (2:8.39-2) ...
Setting up libpcre32-3:amd64 (2:8.39-2) ...
Setting up libtalloc2:amd64 (2.1.7-1) ...
Setting up libva-drm1:amd64 (1.7.1-2) ...
Setting up icu-devtools (57.1-3) ...
Setting up libdrm-radeon1:amd64 (2.4.70-1) ...
Setting up liborc-0.4-0:amd64 (1:0.4.25-1) ...
Setting up libpcre16-3:amd64 (2:8.39-2) ...
Setting up libboost-dev:amd64 (1.61.0.2) ...
Setting up libgme0:amd64 (0.6.0-3) ...
Setting up libxdmcp6:amd64 (1:1.1.2-1.1) ...
Setting up libmad0:amd64 (0.15.1b-8) ...
Setting up libresid-builder0c2a (2.1.1-14) ...
Setting up libzvbi0:amd64 (0.2.35-11) ...
Setting up libkeyutils1:amd64 (1.5.9-9) ...
Setting up libsidplay2 (2.1.1-14) ...
Setting up libdrm-nouveau2:amd64 (2.4.70-1) ...
Setting up bsdmainutils (9.0.10) ...
update-alternatives: using /usr/bin/bsd-write to provide /usr/bin/write (write) in auto mode
update-alternatives: using /usr/bin/bsd-from to provide /usr/bin/from (from) in auto mode
Setting up libgmpxx4ldbl:amd64 (2:6.1.1+dfsg-1) ...
Setting up libwavpack-dev:amd64 (4.80.0-1) ...
Setting up libsamplerate0:amd64 (0.1.8-8) ...
Setting up ruby-minitest (5.9.0-1) ...
Setting up libvorbis0a:amd64 (1.3.5-3) ...
Setting up x11-common (1:7.7+16) ...
update-rc.d: warning: start and stop actions are no longer supported; falling back to defaults
invoke-rc.d: could not determine current runlevel
All runlevel operations denied by policy
invoke-rc.d: policy-rc.d denied execution of start.
Setting up ca-certificates (20160104) ...
Setting up libmodplug-dev:amd64 (1:0.8.8.5-2) ...
Setting up libschroedinger-1.0-0:amd64 (1.0.11-2.1) ...
Setting up libmpg123-0:amd64 (1.22.4-1) ...
Setting up libfftw3-long3:amd64 (3.3.4-2+b1) ...
Setting up libglib2.0-bin (2.48.1-3) ...
Setting up libogg-dev:amd64 (1.3.2-1) ...
Setting up libslang2:amd64 (2.3.0-3) ...
Setting up libgsm1:amd64 (1.0.13-4) ...
Setting up libx11-data (2:1.6.3-1) ...
Setting up libxau6:amd64 (1:1.0.8-1) ...
Setting up autopoint (0.19.8.1-1) ...
Setting up libidn11:amd64 (1.33-1) ...
Setting up libmpdec2:amd64 (2.4.2-1) ...
Setting up libdbus-1-3:amd64 (1.10.10-1) ...
Setting up libreadline6:amd64 (6.3-8+b4) ...
Setting up libwrap0:amd64 (7.6.q-25) ...
Setting up ruby-power-assert (0.3.0-1) ...
Setting up libavahi-common-data:amd64 (0.6.32-1) ...
Setting up libwebp6:amd64 (0.5.1-2) ...
Setting up zlib1g-dev:amd64 (1:1.2.8.dfsg-2+b1) ...
Setting up libfile-stripnondeterminism-perl (0.023-2) ...
Setting up libvorbisfile3:amd64 (1.3.5-3) ...
Setting up libmpcdec-dev:amd64 (2:0.1~r475-1) ...
Setting up libgmp-dev:amd64 (2:6.1.1+dfsg-1) ...
Setting up libmad0-dev (0.15.1b-8) ...
Setting up libvisual-0.4-dev (0.4.0-8) ...
Setting up libasound2-dev:amd64 (1.1.2-1) ...
Setting up libdbus-1-dev:amd64 (1.10.10-1) ...
Setting up libsamplerate0-dev:amd64 (0.1.8-8) ...
Setting up libjack-dev (1:0.124.1+20140122git5013bed0-3) ...
Setting up libfftw3-bin (3.3.4-2+b1) ...
Setting up libpcre3-dev:amd64 (2:8.39-2) ...
Setting up fontconfig-config (2.11.0-6.7) ...
Setting up libcdio-dev (0.83-4.2+b1) ...
Setting up x11proto-core-dev (7.0.29-1) ...
Setting up libdrm-amdgpu1:amd64 (2.4.70-1) ...
Setting up libxshmfence-dev:amd64 (1.2-1) ...
Setting up ruby-test-unit (3.1.7-2) ...
Setting up gettext (0.19.8.1-1) ...
Setting up libsqlite3-dev:amd64 (3.14.1-1) ...
Setting up libboost-signals1.61-dev:amd64 (1.61.0+dfsg-2.1) ...
Setting up libgme-dev:amd64 (0.6.0-3) ...
Setting up libssl-dev:amd64 (1.0.2h-1) ...
Setting up libmpg123-dev:amd64 (1.22.4-1) ...
Setting up libao4 (1.1.0-3) ...
Setting up libpython3.5-stdlib:amd64 (3.5.2-3) ...
Setting up libgnutls30:amd64 (3.5.3-3) ...
Setting up libflac8:amd64 (1.3.1-4) ...
Setting up libwebpmux2:amd64 (0.5.1-2) ...
Setting up libreadline6-dev:amd64 (6.3-8+b4) ...
Setting up libxau-dev:amd64 (1:1.0.8-1) ...
Setting up autoconf (2.69-10) ...
Setting up librtmp1:amd64 (2.4+20151223.gitfa8646d.1-1) ...
Setting up libicu-dev (57.1-3) ...
Setting up file (1:5.28-4) ...
Setting up libresid-builder-dev (2.1.1-14) ...
Setting up libkrb5support0:amd64 (1.14.3+dfsg-1) ...
Setting up libxml2-dev:amd64 (2.9.4+dfsg1-1+b1) ...
Setting up libtevent0:amd64 (0.9.28-1) ...
Setting up intltool-debian (0.35.0+20060710.4) ...
Setting up libdrm-intel1:amd64 (2.4.70-1) ...
Setting up libxdmcp-dev:amd64 (1:1.1.2-1.1) ...
Setting up libldap-2.4-2:amd64 (2.4.42+dfsg-2+b2) ...
Setting up libsidplay2-dev (2.1.1-14) ...
Setting up libfftw3-dev:amd64 (3.3.4-2+b1) ...
Setting up automake (1:1.15-4) ...
update-alternatives: using /usr/bin/automake-1.15 to provide /usr/bin/automake (automake) in auto mode
Setting up libreadline-dev:amd64 (6.3-8+b4) ...
Setting up libao-dev (1.1.0-3) ...
Setting up libice6:amd64 (2:1.0.9-1+b1) ...
Setting up rubygems-integration (1.10) ...
Setting up man-db (2.7.5-1) ...
Not building database; man-db/auto-update is not 'true'.
Setting up libavahi-common3:amd64 (0.6.32-1) ...
Setting up libavahi-glib1:amd64 (0.6.32-1) ...
Setting up libpng-dev:amd64 (1.6.24-2) ...
Setting up libvorbisenc2:amd64 (1.3.5-3) ...
Setting up libcaca0:amd64 (0.99.beta19-2+b1) ...
Setting up libslang2-dev:amd64 (2.3.0-3) ...
Setting up libxcb1:amd64 (1.11.1-1.1) ...
Setting up x11proto-input-dev (2.3.2-1) ...
Setting up libpython2.7-stdlib:amd64 (2.7.12-2) ...
Setting up libboost-signals-dev:amd64 (1.61.0.2) ...
Setting up libcdio-cdda-dev (0.83-4.2+b1) ...
Setting up libvorbis-dev:amd64 (1.3.5-3) ...
Setting up libtool (2.4.6-2) ...
Setting up python3.5 (3.5.2-3) ...
Setting up libpython3-stdlib:amd64 (3.5.1-4) ...
Setting up libxcb-present0:amd64 (1.11.1-1.1) ...
Setting up libfontconfig1:amd64 (2.11.0-6.7) ...
Setting up libxcb-dri2-0:amd64 (1.11.1-1.1) ...
Setting up libsm6:amd64 (2:1.2.2-1+b1) ...
Setting up libxcb-dri3-0:amd64 (1.11.1-1.1) ...
Setting up libk5crypto3:amd64 (1.14.3+dfsg-1) ...
Setting up libxcb-glx0:amd64 (1.11.1-1.1) ...
Setting up libxcb-randr0:amd64 (1.11.1-1.1) ...
Setting up libxcb-xfixes0:amd64 (1.11.1-1.1) ...
Setting up libxcb-render0:amd64 (1.11.1-1.1) ...
Setting up po-debconf (1.0.19) ...
Setting up libofa0-dev:amd64 (0.9.3-12) ...
Setting up libavahi-common-dev:amd64 (0.6.32-1) ...
Setting up libdrm-dev:amd64 (2.4.70-1) ...
Setting up libldb1:amd64 (2:1.1.26-1) ...
Setting up libx11-6:amd64 (2:1.6.3-1) ...
Setting up libflac-dev:amd64 (1.3.1-4) ...
Setting up python2.7 (2.7.12-2) ...
Setting up libxcb-sync1:amd64 (1.11.1-1.1) ...
Setting up libpython-stdlib:amd64 (2.7.11-2) ...
Setting up libsndfile1:amd64 (1.0.25-10) ...
Setting up libx11-xcb1:amd64 (2:1.6.3-1) ...
Setting up libcaca-dev (0.99.beta19-2+b1) ...
Setting up x11proto-xext-dev (7.3.0-1) ...
Setting up libpython2.7:amd64 (2.7.12-2) ...
Setting up libxcb-shm0:amd64 (1.11.1-1.1) ...
Setting up libxcb-shape0:amd64 (1.11.1-1.1) ...
Setting up libxrender1:amd64 (1:0.9.9-2) ...
Setting up libxcb1-dev:amd64 (1.11.1-1.1) ...
Setting up libxcb-glx0-dev:amd64 (1.11.1-1.1) ...
Setting up libavahi-client3:amd64 (0.6.32-1) ...
Setting up libkrb5-3:amd64 (1.14.3+dfsg-1) ...
Setting up libpython2.7-dev:amd64 (2.7.12-2) ...
Setting up libx11-dev:amd64 (2:1.6.3-1) ...
Setting up python2.7-dev (2.7.12-2) ...
Setting up python (2.7.11-2) ...
Setting up libxcb-sync-dev:amd64 (1.11.1-1.1) ...
Setting up python-talloc (2.1.7-1) ...
Setting up libx11-xcb-dev:amd64 (2:1.6.3-1) ...
Setting up libpython-dev:amd64 (2.7.11-2) ...
Setting up libsndfile1-dev (1.0.25-10) ...
Setting up mesa-common-dev:amd64 (11.2.2-1) ...
Setting up libxext6:amd64 (2:1.3.3-1) ...
Setting up libxfixes3:amd64 (1:5.0.2-1) ...
Setting up python-dev (2.7.11-2) ...
Setting up libavahi-client-dev:amd64 (0.6.32-1) ...
Setting up python-pyrex (0.9.8.5-2.1) ...
Setting up x11proto-fixes-dev (1:5.0-2) ...
Setting up libpython-all-dev:amd64 (2.7.11-2) ...
Setting up libvdpau1:amd64 (1.1.1-3) ...
Setting up libgssapi-krb5-2:amd64 (1.14.3+dfsg-1) ...
Setting up libxcb-dri2-0-dev:amd64 (1.11.1-1.1) ...
Setting up libxcb-render0-dev:amd64 (1.11.1-1.1) ...
Setting up x11proto-damage-dev (1:1.2.1-2) ...
Setting up libxcb-dri3-dev:amd64 (1.11.1-1.1) ...
Setting up libxext-dev:amd64 (2:1.3.3-1) ...
Setting up libxcb-shape0-dev:amd64 (1.11.1-1.1) ...
Setting up libxxf86vm1:amd64 (1:1.1.4-1) ...
Setting up libxxf86vm-dev:amd64 (1:1.1.4-1) ...
Setting up libxfixes-dev:amd64 (1:5.0.2-1) ...
Setting up python-all (2.7.11-2) ...
Setting up libva-x11-1:amd64 (1.7.1-2) ...
Setting up libcups2:amd64 (2.1.4-4) ...
Setting up libxi6:amd64 (2:1.7.6-1) ...
Setting up libcairo2:amd64 (1.14.6-1+b1) ...
Setting up libxcb-randr0-dev:amd64 (1.11.1-1.1) ...
Setting up samba-libs:amd64 (2:4.4.5+dfsg-2) ...
Setting up libxdamage1:amd64 (1:1.1.4-2+b1) ...
Setting up libavutil55:amd64 (7:3.1.3-1) ...
Setting up libcurl3:amd64 (7.50.1-1) ...
Setting up libxcb-xfixes0-dev:amd64 (1.11.1-1.1) ...
Setting up libxdamage-dev:amd64 (1:1.1.4-2+b1) ...
Setting up libswresample2:amd64 (7:3.1.3-1) ...
Setting up libxtst6:amd64 (2:1.2.2-1+b1) ...
Setting up libsmbclient:amd64 (2:4.4.5+dfsg-2) ...
Setting up libsmbclient-dev:amd64 (2:4.4.5+dfsg-2) ...
Setting up python-all-dev (2.7.11-2) ...
Setting up libgl1-mesa-glx:amd64 (11.2.2-1) ...
Setting up libglu1-mesa:amd64 (9.0.0-2.1) ...
Setting up libxcb-present-dev:amd64 (1.11.1-1.1) ...
Setting up libtheora0:amd64 (1.1.1+dfsg.1-14) ...
Setting up libshout3:amd64 (2.3.1-3) ...
Setting up libcurl4-openssl-dev:amd64 (7.50.1-1) ...
Setting up libavutil-dev:amd64 (7:3.1.3-1) ...
Setting up libtheora-dev:amd64 (1.1.1+dfsg.1-14) ...
Setting up libavcodec57:amd64 (7:3.1.3-1) ...
Setting up libpulse0:amd64 (9.0-2) ...
Setting up libgl1-mesa-dev:amd64 (11.2.2-1) ...
Setting up libshout3-dev:amd64 (2.3.1-3) ...
Setting up libswresample-dev:amd64 (7:3.1.3-1) ...
Setting up libglu1-mesa-dev:amd64 (9.0.0-2.1) ...
Setting up libpulse-mainloop-glib0:amd64 (9.0-2) ...
Setting up libavcodec-dev:amd64 (7:3.1.3-1) ...
Setting up libsdl1.2debian:amd64 (1.2.15+dfsg1-4) ...
Setting up gamin (0.1.10-5) ...
Setting up dh-autoreconf (12) ...
Setting up python3 (3.5.1-4) ...
Setting up rake (10.5.0-2) ...
Setting up devscripts (2.16.7) ...
Setting up libglib2.0-dev (2.48.1-3) ...
Setting up libgamin0 (0.1.10-5) ...
Setting up libruby2.3:amd64 (2.3.1-5) ...
Setting up dh-python (2.20160818) ...
Setting up debhelper (9.20160814) ...
Setting up libgamin-dev (0.1.10-5) ...
Setting up libpulse-dev:amd64 (9.0-2) ...
Setting up libavahi-glib-dev:amd64 (0.6.32-1) ...
Setting up ruby2.3 (2.3.1-5) ...
Setting up ruby2.3-dev:amd64 (2.3.1-5) ...
Setting up dh-strip-nondeterminism (0.023-2) ...
Setting up libsdl1.2-dev (1.2.15+dfsg1-4) ...
Setting up ruby (1:2.3.0+4) ...
Setting up gem2deb-test-runner (0.32) ...
Setting up ruby-all-dev:amd64 (1:2.3.0+4) ...
Setting up ruby-setup (3.4.1-9) ...
Setting up gem2deb (0.32) ...
Setting up sbuild-build-depends-xmms2-dummy (0.invalid.0) ...
Processing triggers for libc-bin (2.23-5) ...
Processing triggers for ca-certificates (20160104) ...
Updating certificates in /etc/ssl/certs...
173 added, 0 removed; done.
Running hooks in /etc/ca-certificates/update.d...
done.
W: No sandbox user '_apt' on the system, can not drop privileges

+------------------------------------------------------------------------------+
| Build environment                                                            |
+------------------------------------------------------------------------------+

Kernel: Linux 3.16.0-4-amd64 amd64 (x86_64)
Toolchain package versions: binutils_2.27-6 dpkg-dev_1.18.10 g++-6_6.2.0-1 gcc-6_6.2.0-1 libc6-dev_2.23-5 libstdc++-6-dev_6.2.0-1 libstdc++6_6.2.0-1 linux-libc-dev_4.7.2-1
Package versions: adduser_3.115 apt_1.3~rc2 autoconf_2.69-10 automake_1:1.15-4 autopoint_0.19.8.1-1 autotools-dev_20160430.1 base-files_9.6 base-passwd_3.5.40 bash_4.3-15 binutils_2.27-6 bsdmainutils_9.0.10 bsdutils_1:2.28.1-1 build-essential_12.2 bzip2_1.0.6-8 ca-certificates_20160104 clang-3.8_1:3.8.1-9 coreutils_8.25-2 cpp_4:6.1.1-1 cpp-6_6.2.0-1 dash_0.5.8-2.3 debconf_1.5.59 debfoster_2.7-2.1 debhelper_9.20160814 debian-archive-keyring_2014.3 debianutils_4.8 devscripts_2.16.7 dh-autoreconf_12 dh-python_2.20160818 dh-strip-nondeterminism_0.023-2 diffutils_1:3.3-3 dpkg_1.18.10 dpkg-dev_1.18.10 e2fslibs_1.43.1-1 e2fsprogs_1.43.1-1 eatmydata_105-3 fakeroot_1.21-1 file_1:5.28-4 findutils_4.6.0+git+20160703-2 fontconfig-config_2.11.0-6.7 fonts-dejavu-core_2.37-1 g++_4:6.1.1-1 g++-6_6.2.0-1 gamin_0.1.10-5 gcc_4:6.1.1-1 gcc-6_6.2.0-1 gcc-6-base_6.2.0-1 gem2deb_0.32 gem2deb-test-runner_0.32 gettext_0.19.8.1-1 gettext-base_0.19.8.1-1 gpgv_2.1.14-5 grep_2.25-6 groff-base_1.22.3-8 gzip_1.6-5 hostname_3.18 icu-devtools_57.1-3 init-system-helpers_1.42 intltool-debian_0.35.0+20060710.4 libacl1_2.2.52-3 libao-common_1.1.0-3 libao-dev_1.1.0-3 libao4_1.1.0-3 libapt-pkg5.0_1.3~rc2 libarchive-zip-perl_1.59-1 libasan3_6.2.0-1 libasound2_1.1.2-1 libasound2-data_1.1.2-1 libasound2-dev_1.1.2-1 libasyncns0_0.8-6 libatomic1_6.2.0-1 libattr1_1:2.4.47-2 libaudit-common_1:2.6.6-1 libaudit1_1:2.6.6-1 libavahi-client-dev_0.6.32-1 libavahi-client3_0.6.32-1 libavahi-common-data_0.6.32-1 libavahi-common-dev_0.6.32-1 libavahi-common3_0.6.32-1 libavahi-glib-dev_0.6.32-1 libavahi-glib1_0.6.32-1 libavcodec-dev_7:3.1.3-1 libavcodec57_7:3.1.3-1 libavutil-dev_7:3.1.3-1 libavutil55_7:3.1.3-1 libblkid1_2.28.1-1 libboost-dev_1.61.0.2 libboost-signals-dev_1.61.0.2 libboost-signals1.61-dev_1.61.0+dfsg-2.1 libboost-signals1.61.0_1.61.0+dfsg-2.1 libboost1.61-dev_1.61.0+dfsg-2.1 libbsd0_0.8.3-1 libbz2-1.0_1.0.6-8 libc-bin_2.23-5 libc-dev-bin_2.23-5 libc6_2.23-5 libc6-dev_2.23-5 libcaca-dev_0.99.beta19-2+b1 libcaca0_0.99.beta19-2+b1 libcairo2_1.14.6-1+b1 libcap-ng0_0.7.7-3 libcap2_1:2.25-1 libcc1-0_6.2.0-1 libcdio-cdda-dev_0.83-4.2+b1 libcdio-cdda1_0.83-4.2+b1 libcdio-dev_0.83-4.2+b1 libcdio13_0.83-4.2+b1 libcilkrts5_6.2.0-1 libclang-common-3.8-dev_1:3.8.1-9 libclang1-3.8_1:3.8.1-9 libcomerr2_1.43.1-1 libcroco3_0.6.11-1 libcrystalhd3_1:0.0~git20110715.fdd2f19-11+b1 libcups2_2.1.4-4 libcurl3_7.50.1-1 libcurl4-openssl-dev_7.50.1-1 libdb5.3_5.3.28-12 libdbus-1-3_1.10.10-1 libdbus-1-dev_1.10.10-1 libdebconfclient0_0.215 libdiscid-dev_0.6.1-5 libdiscid0_0.6.1-5 libdpkg-perl_1.18.10 libdrm-amdgpu1_2.4.70-1 libdrm-dev_2.4.70-1 libdrm-intel1_2.4.70-1 libdrm-nouveau2_2.4.70-1 libdrm-radeon1_2.4.70-1 libdrm2_2.4.70-1 libeatmydata1_105-3 libedit2_3.1-20150325-1+b1 libelf1_0.166-2 libexpat1_2.2.0-1 libexpat1-dev_2.2.0-1 libfaad-dev_2.8.0~cvs20150510-1 libfaad2_2.8.0~cvs20150510-1 libfakeroot_1.21-1 libfdisk1_2.28.1-1 libffi6_3.2.1-4 libfftw3-bin_3.3.4-2+b1 libfftw3-dev_3.3.4-2+b1 libfftw3-double3_3.3.4-2+b1 libfftw3-long3_3.3.4-2+b1 libfftw3-quad3_3.3.4-2+b1 libfftw3-single3_3.3.4-2+b1 libfile-stripnondeterminism-perl_0.023-2 libflac-dev_1.3.1-4 libflac8_1.3.1-4 libfontconfig1_2.11.0-6.7 libfreetype6_2.6.3-3+b1 libgamin-dev_0.1.10-5 libgamin0_0.1.10-5 libgc1c2_1:7.4.2-8 libgcc-6-dev_6.2.0-1 libgcc1_1:6.2.0-1 libgcrypt20_1.7.3-1 libgdbm3_1.8.3-14 libgl1-mesa-dev_11.2.2-1 libgl1-mesa-glx_11.2.2-1 libglapi-mesa_11.2.2-1 libglib2.0-0_2.48.1-3 libglib2.0-bin_2.48.1-3 libglib2.0-data_2.48.1-3 libglib2.0-dev_2.48.1-3 libglu1-mesa_9.0.0-2.1 libglu1-mesa-dev_9.0.0-2.1 libgme-dev_0.6.0-3 libgme0_0.6.0-3 libgmp-dev_2:6.1.1+dfsg-1 libgmp10_2:6.1.1+dfsg-1 libgmpxx4ldbl_2:6.1.1+dfsg-1 libgnutls30_3.5.3-3 libgomp1_6.2.0-1 libgpg-error0_1.24-1 libgsm1_1.0.13-4 libgssapi-krb5-2_1.14.3+dfsg-1 libhogweed4_3.2-1 libice6_2:1.0.9-1+b1 libicu-dev_57.1-3 libicu57_57.1-3 libidn11_1.33-1 libisl15_0.17.1-1 libitm1_6.2.0-1 libjack-dev_1:0.124.1+20140122git5013bed0-3 libjack0_1:0.124.1+20140122git5013bed0-3 libjson-c3_0.12-3 libk5crypto3_1.14.3+dfsg-1 libkeyutils1_1.5.9-9 libkrb5-3_1.14.3+dfsg-1 libkrb5support0_1.14.3+dfsg-1 libldap-2.4-2_2.4.42+dfsg-2+b2 libldb1_2:1.1.26-1 libllvm3.8_1:3.8.1-9 liblsan0_6.2.0-1 liblz4-1_0.0~r131-2 liblzma5_5.1.1alpha+20120614-2.1 libmad0_0.15.1b-8 libmad0-dev_0.15.1b-8 libmagic-mgc_1:5.28-4 libmagic1_1:5.28-4 libmms-dev_0.6.4-2 libmms0_0.6.4-2 libmodplug-dev_1:0.8.8.5-2 libmodplug1_1:0.8.8.5-2 libmount1_2.28.1-1 libmp3lame0_3.99.5+repack1-9+b1 libmpc3_1.0.3-1 libmpcdec-dev_2:0.1~r475-1 libmpcdec6_2:0.1~r475-1 libmpdec2_2.4.2-1 libmpfr4_3.1.4-2 libmpg123-0_1.22.4-1 libmpg123-dev_1.22.4-1 libmpx2_6.2.0-1 libncurses5_6.0+20160625-1 libncursesw5_6.0+20160625-1 libnettle6_3.2-1 libnghttp2-14_1.13.0-1 libnuma1_2.0.11-1 libobjc-6-dev_6.2.0-1 libobjc4_6.2.0-1 libofa0_0.9.3-12 libofa0-dev_0.9.3-12 libogg-dev_1.3.2-1 libogg0_1.3.2-1 libopenjp2-7_2.1.1-1 libopus0_1.1.2-1 liborc-0.4-0_1:0.4.25-1 libp11-kit0_0.23.2-5 libpam-modules_1.1.8-3.3 libpam-modules-bin_1.1.8-3.3 libpam-runtime_1.1.8-3.3 libpam0g_1.1.8-3.3 libpciaccess0_0.13.4-1 libpcre16-3_2:8.39-2 libpcre3_2:8.39-2 libpcre3-dev_2:8.39-2 libpcre32-3_2:8.39-2 libpcrecpp0v5_2:8.39-2 libperl-dev_5.22.2-3 libperl5.22_5.22.2-3 libpipeline1_1.4.1-2 libpixman-1-0_0.33.6-1 libpng-dev_1.6.24-2 libpng16-16_1.6.24-2 libpopt0_1.16-10 libpthread-stubs0-dev_0.3-4 libpulse-dev_9.0-2 libpulse-mainloop-glib0_9.0-2 libpulse0_9.0-2 libpython-all-dev_2.7.11-2 libpython-dev_2.7.11-2 libpython-stdlib_2.7.11-2 libpython2.7_2.7.12-2 libpython2.7-dev_2.7.12-2 libpython2.7-minimal_2.7.12-2 libpython2.7-stdlib_2.7.12-2 libpython3-stdlib_3.5.1-4 libpython3.5-minimal_3.5.2-3 libpython3.5-stdlib_3.5.2-3 libquadmath0_6.2.0-1 libreadline-dev_6.3-8+b4 libreadline6_6.3-8+b4 libreadline6-dev_6.3-8+b4 libresid-builder-dev_2.1.1-14 libresid-builder0c2a_2.1.1-14 librtmp1_2.4+20151223.gitfa8646d.1-1 libruby2.3_2.3.1-5 libsamplerate0_0.1.8-8 libsamplerate0-dev_0.1.8-8 libsasl2-2_2.1.26.dfsg1-15 libsasl2-modules-db_2.1.26.dfsg1-15 libschroedinger-1.0-0_1.0.11-2.1 libsdl1.2-dev_1.2.15+dfsg1-4 libsdl1.2debian_1.2.15+dfsg1-4 libselinux1_2.5-3 libsemanage-common_2.5-1 libsemanage1_2.5-1 libsepol1_2.5-1 libshine3_3.1.0-4 libshout3_2.3.1-3 libshout3-dev_2.3.1-3 libsidplay2_2.1.1-14 libsidplay2-dev_2.1.1-14 libsigsegv2_2.10-5 libslang2_2.3.0-3 libslang2-dev_2.3.0-3 libsm6_2:1.2.2-1+b1 libsmartcols1_2.28.1-1 libsmbclient_2:4.4.5+dfsg-2 libsmbclient-dev_2:4.4.5+dfsg-2 libsnappy1v5_1.1.3-3 libsndfile1_1.0.25-10 libsndfile1-dev_1.0.25-10 libsoxr0_0.1.2-1 libspeex-dev_1.2~rc1.2-1 libspeex1_1.2~rc1.2-1 libsqlite3-0_3.14.1-1 libsqlite3-dev_3.14.1-1 libss2_1.43.1-1 libssh2-1_1.7.0-1 libssl-dev_1.0.2h-1 libssl1.0.2_1.0.2h-1 libstdc++-6-dev_6.2.0-1 libstdc++6_6.2.0-1 libswresample-dev_7:3.1.3-1 libswresample2_7:3.1.3-1 libsystemd0_231-5 libtalloc2_2.1.7-1 libtasn1-6_4.9-4 libtdb1_1.3.9-1 libtevent0_0.9.28-1 libtheora-dev_1.1.1+dfsg.1-14 libtheora0_1.1.1+dfsg.1-14 libtimedate-perl_2.3000-2 libtinfo-dev_6.0+20160625-1 libtinfo5_6.0+20160625-1 libtool_2.4.6-2 libtsan0_6.2.0-1 libtwolame0_0.3.13-1.2 libubsan0_6.2.0-1 libudev1_231-5 libunistring0_0.9.6+really0.9.3-0.1 libustr-1.0-1_1.0.4-5 libuuid1_2.28.1-1 libva-drm1_1.7.1-2 libva-x11-1_1.7.1-2 libva1_1.7.1-2 libvdpau1_1.1.1-3 libvisual-0.4-0_0.4.0-8 libvisual-0.4-dev_0.4.0-8 libvorbis-dev_1.3.5-3 libvorbis0a_1.3.5-3 libvorbisenc2_1.3.5-3 libvorbisfile3_1.3.5-3 libvpx3_1.5.0-4 libwavpack-dev_4.80.0-1 libwavpack1_4.80.0-1 libwbclient0_2:4.4.5+dfsg-2 libwebp6_0.5.1-2 libwebpmux2_0.5.1-2 libwrap0_7.6.q-25 libx11-6_2:1.6.3-1 libx11-data_2:1.6.3-1 libx11-dev_2:1.6.3-1 libx11-xcb-dev_2:1.6.3-1 libx11-xcb1_2:1.6.3-1 libx264-148_2:0.148.2699+gita5e06b9-1 libx265-79_1.9-3 libxau-dev_1:1.0.8-1 libxau6_1:1.0.8-1 libxcb-dri2-0_1.11.1-1.1 libxcb-dri2-0-dev_1.11.1-1.1 libxcb-dri3-0_1.11.1-1.1 libxcb-dri3-dev_1.11.1-1.1 libxcb-glx0_1.11.1-1.1 libxcb-glx0-dev_1.11.1-1.1 libxcb-present-dev_1.11.1-1.1 libxcb-present0_1.11.1-1.1 libxcb-randr0_1.11.1-1.1 libxcb-randr0-dev_1.11.1-1.1 libxcb-render0_1.11.1-1.1 libxcb-render0-dev_1.11.1-1.1 libxcb-shape0_1.11.1-1.1 libxcb-shape0-dev_1.11.1-1.1 libxcb-shm0_1.11.1-1.1 libxcb-sync-dev_1.11.1-1.1 libxcb-sync1_1.11.1-1.1 libxcb-xfixes0_1.11.1-1.1 libxcb-xfixes0-dev_1.11.1-1.1 libxcb1_1.11.1-1.1 libxcb1-dev_1.11.1-1.1 libxdamage-dev_1:1.1.4-2+b1 libxdamage1_1:1.1.4-2+b1 libxdmcp-dev_1:1.1.2-1.1 libxdmcp6_1:1.1.2-1.1 libxext-dev_2:1.3.3-1 libxext6_2:1.3.3-1 libxfixes-dev_1:5.0.2-1 libxfixes3_1:5.0.2-1 libxi6_2:1.7.6-1 libxml2_2.9.4+dfsg1-1+b1 libxml2-dev_2.9.4+dfsg1-1+b1 libxrender1_1:0.9.9-2 libxshmfence-dev_1.2-1 libxshmfence1_1.2-1 libxtst6_2:1.2.2-1+b1 libxvidcore4_2:1.3.4-1 libxxf86vm-dev_1:1.1.4-1 libxxf86vm1_1:1.1.4-1 libyaml-0-2_0.1.6-3 libzvbi-common_0.2.35-11 libzvbi0_0.2.35-11 linux-libc-dev_4.7.2-1 login_1:4.2-3.1 lsb-base_9.20160629 m4_1.4.17-5 make_4.1-9 man-db_2.7.5-1 mawk_1.3.3-17 mesa-common-dev_11.2.2-1 mime-support_3.60 mount_2.28.1-1 multiarch-support_2.23-5 ncurses-base_6.0+20160625-1 ncurses-bin_6.0+20160625-1 openssl_1.0.2h-1 passwd_1:4.2-3.1 patch_2.7.5-1 perl_5.22.2-3 perl-base_5.22.2-3 perl-modules-5.22_5.22.2-3 pkg-config_0.29-4 po-debconf_1.0.19 python_2.7.11-2 python-all_2.7.11-2 python-all-dev_2.7.11-2 python-dev_2.7.11-2 python-minimal_2.7.11-2 python-pyrex_0.9.8.5-2.1 python-talloc_2.1.7-1 python2.7_2.7.12-2 python2.7-dev_2.7.12-2 python2.7-minimal_2.7.12-2 python3_3.5.1-4 python3-minimal_3.5.1-4 python3.5_3.5.2-3 python3.5-minimal_3.5.2-3 rake_10.5.0-2 readline-common_6.3-8 ruby_1:2.3.0+4 ruby-all-dev_1:2.3.0+4 ruby-did-you-mean_1.0.0-2 ruby-minitest_5.9.0-1 ruby-net-telnet_0.1.1-2 ruby-power-assert_0.3.0-1 ruby-setup_3.4.1-9 ruby-test-unit_3.1.7-2 ruby2.3_2.3.1-5 ruby2.3-dev_2.3.1-5 rubygems-integration_1.10 samba-libs_2:4.4.5+dfsg-2 sbuild-build-depends-core-dummy_0.invalid.0 sbuild-build-depends-xmms2-dummy_0.invalid.0 sed_4.2.2-7.1 sensible-utils_0.0.9 sysvinit-utils_2.88dsf-59.8 tar_1.29b-1 ucf_3.0036 util-linux_2.28.1-1 uuid-dev_2.28.1-1 x11-common_1:7.7+16 x11proto-core-dev_7.0.29-1 x11proto-damage-dev_1:1.2.1-2 x11proto-dri2-dev_2.8-2 x11proto-fixes-dev_1:5.0-2 x11proto-gl-dev_1.4.17-1 x11proto-input-dev_2.3.2-1 x11proto-kb-dev_1.0.7-1 x11proto-xext-dev_7.3.0-1 x11proto-xf86vidmode-dev_2.3.1-2 xorg-sgml-doctools_1:1.11-1 xtrans-dev_1.3.5-1 xz-utils_5.1.1alpha+20120614-2.1 zlib1g_1:1.2.8.dfsg-2+b1 zlib1g-dev_1:1.2.8.dfsg-2+b1

+------------------------------------------------------------------------------+
| Build                                                                        |
+------------------------------------------------------------------------------+


Unpack source
-------------

gpgv: unknown type of key resource 'trustedkeys.kbx'
gpgv: keyblock resource '/sbuild-nonexistent/.gnupg/trustedkeys.kbx': General error
gpgv: Signature made Sun May 22 23:24:21 2016 UTC using RSA key ID 
gpgv: Can't check signature: No public key
dpkg-source: warning: failed to verify signature on ./xmms2_0.8+dfsg-16.dsc
dpkg-source: info: extracting xmms2 in /<<BUILDDIR>>/xmms2-0.8+dfsg
dpkg-source: info: unpacking xmms2_0.8+dfsg.orig.tar.xz
dpkg-source: info: unpacking xmms2_0.8+dfsg-16.debian.tar.xz
dpkg-source: info: applying bp-fix-avcodec-init.patch
dpkg-source: info: applying bp-fix-alloc-context.patch
dpkg-source: info: applying bp-fix-missing-include.patch
dpkg-source: info: applying bp-Get-rid-of-superfluous-argument-self.patch
dpkg-source: info: applying spelling-error.patch
dpkg-source: info: applying linker-flags.patch
dpkg-source: info: applying plugin-tta-segment-with-startms.patch
dpkg-source: info: applying nycli-man-page-symlink.patch
dpkg-source: info: applying rpath.patch
dpkg-source: info: applying fix-manpage-errors.patch
dpkg-source: info: applying fix-typos.patch
dpkg-source: info: applying hardening-flags.patch
dpkg-source: info: applying fix-libmodplug-include.patch
dpkg-source: info: applying samba-with-pkg-cfg.patch
dpkg-source: info: applying ruby2-multiarch.patch
dpkg-source: info: applying libav10.patch
dpkg-source: info: applying ruby2.2-RbConfig.patch
dpkg-source: info: applying 0018-OTHER-Let-the-compiler-figure-out-what-to-inline.patch

Check disc space
----------------

Sufficient free space for build

User Environment
----------------

APT_CONFIG=/var/lib/sbuild/apt.conf
HOME=/sbuild-nonexistent
LC_ALL=POSIX
LOGNAME=user42
PATH=/usr/local/sbin:/usr/local/bin:/usr/sbin:/usr/bin:/sbin:/bin:/usr/games
SCHROOT_ALIAS_NAME=unstable-amd64-sbuild
SCHROOT_CHROOT_NAME=unstable-amd64-sbuild
SCHROOT_COMMAND=env
SCHROOT_GID=1001
SCHROOT_GROUP=user42
SCHROOT_SESSION_ID=unstable-amd64-sbuild-223fcb3e-3685-4c42-9c00-ce0f96632f08
SCHROOT_UID=1001
SCHROOT_USER=user42
SHELL=/bin/sh
USER=user42

dpkg-buildpackage
-----------------

dpkg-buildpackage: info: source package xmms2
dpkg-buildpackage: info: source version 0.8+dfsg-16
dpkg-buildpackage: info: source distribution unstable
dpkg-buildpackage: info: source changed by Rmi Vanicat <vanicat@debian.org>
 dpkg-source --before-build xmms2-0.8+dfsg
dpkg-buildpackage: info: host architecture amd64
 fakeroot debian/rules clean
dh clean --with python2
   dh_testdir
   debian/rules override_dh_auto_clean
make[1]: Entering directory '/<<BUILDDIR>>/xmms2-0.8+dfsg'
rm -rf _build_*_
./waf distclean
'distclean' finished successfully (0.000s)
# Clean up after waf
find waflib waftools -name '*.pyc' -delete
make[1]: Leaving directory '/<<BUILDDIR>>/xmms2-0.8+dfsg'
   dh_clean
 debian/rules build-arch
dh build-arch --with python2
   dh_testdir -a
   dh_update_autotools_config -a
   debian/rules override_dh_auto_configure
make[1]: Entering directory '/<<BUILDDIR>>/xmms2-0.8+dfsg'
./waf configure --nocache --prefix=/usr -j 1 \
	--with-perl-archdir=/usr/lib/x86_64-linux-gnu/perl5/5.22 \
	--with-perl-binary=/usr/bin/perl \
	--without-optionals=ruby,et,python,vistest 
Setting top to                           : /<<BUILDDIR>>/xmms2-0.8+dfsg 
Setting out to                           : /<<BUILDDIR>>/xmms2-0.8+dfsg/_build_ 
Platform code for posix                  : ok 
Checking for program gcc,cc              : /usr/bin/gcc 
Checking for program ar                  : /usr/bin/ar 
Checking for program g++,c++             : /usr/bin/g++ 
git commit id                            : Unknown 
uncommited changed                       : no 
Checking for compiler flags -Wall        : yes 
Checking for compiler flags -Wempty-body : yes 
Checking for compiler flags -Wformat=2   : yes 
Checking for compiler flags -Wformat-nonliteral : yes 
Checking for compiler flags -Wformat-security   : yes 
Checking for compiler flags -Wignored-qualifiers : yes 
Checking for compiler flags -Wmissing-prototypes : yes 
Checking for compiler flags -Wstrict-prototypes  : yes 
Checking for compiler flags -Wtype-limits        : yes 
Checking for compiler flags -Wwrite-strings      : yes 
Checking for compiler flags -Wformat-extra-args  : yes 
Checking for compiler flags -Wformat-zero-length : yes 
Checking for compiler flags -fdiagnostics-show-option : yes 
Checking for compiler flags -fdiagnostics-show-option : yes 
Checking for compiler flags -Werror=implicit-function-declaration : yes 
Checking for program pkg-config                                   : /usr/bin/pkg-config 
Checking for 'glib-2.0'                                           : yes 
Checking for 'speex'                                              : yes 
Checking for 'ogg'                                                : yes 
Checking for 'libxml-2.0'                                         : yes 
Checking for library m                                            : yes 
Checking for header sys/soundcard.h                               : yes 
Checking for library ossaudio                                     : not found 
Checking for 'ao'                                                 : yes 
Checking for 'vorbisfile'                                         : yes 
Checking for library m                                            : yes 
Checking for function fstatat                                     : yes 
Checking for function dirfd                                       : yes 
Checking for 'sndfile'                                            : yes 
Checking for 'libcurl'                                            : yes 
Checking for function curl_multi_strerror                         : yes 
Checking for 'neuros-cooler-media'                                : not found 
Checking for 'shout'                                              : yes 
Checking for 'ogg'                                                : yes 
Checking for 'vorbisenc'                                          : yes 
Checking for 'smbclient'                                          : yes 
Checking for 'avahi-glib'                                         : yes 
Checking for 'avahi-client'                                       : yes 
Selected daap backend                                             : avahi 
Checking for 'wavpack'                                            : yes 
Checking for 'libavcodec'                                         : yes 
Checking for header avcodec.h                                     : not found 
Checking for header libavcodec/avcodec.h                          : yes 
Checking for function avcodec_decode_audio4                       : yes 
Checking for function avcodec_free_frame                          : no 
Checking for 'libcdio_cdda'                                       : yes 
Checking for 'libdiscid'                                          : yes 
Checking for header sys/select.h                                  : yes 
Checking for 'openssl'                                            : yes 
Checking for 'libgme'                                             : not found 
Checking for header gme/gme.h                                     : yes 
Checking for 'libmpg123' >= 1.5.1                                 : yes 
Testing mpg123 with default off_t                                 : yes 
Checking for 'sc68' >= 2.3.0                                      : not found 
Checking for 'libsidplay2'                                        : yes 
Checking for library sidplay2                                     : yes 
Checking for 'libsidplay2'                                        : yes 
Checking for header sidplay/builders/resid.h                      : yes 
Checking for 'gio-2.0'                                            : yes 
Checking for 'modplug'                                            : not found 
Checking for 'libmodplug'                                         : yes 
Checking for header AudioUnit/AudioUnit.h                         : not found 
Checking for header mpc/mpcdec.h                                  : yes 
Checking for library mpcdec                                       : yes 
Checking for 'libpulse'                                           : yes 
Checking for 'mad'                                                : yes 
Checking for 'mms'                                                : not found 
Checking for 'libmms'                                             : yes 
Checking for header mac/All.h                                     : not found 
Checking for 'flac'                                               : yes 
Checking for header tremor/ivorbisfile.h                          : not found 
Checking for library m                                            : yes 
Checking for 'libxml-2.0'                                         : yes 
Checking for 'libofa'                                             : yes 
Checking for library m                                            : yes 
Checking for header faad.h                                        : yes 
Checking for library faad                                         : yes 
Checking for library m                                            : yes 
Checking for header windows.h                                     : not found 
Checking for 'fftw3f'                                             : yes 
Checking for 'samplerate'                                         : yes 
Checking for 'alsa'                                               : yes 
Checking for 'jack'                                               : yes 
Checking for 'avahi-client'                                       : yes 
Checking for 'avahi-glib'                                         : yes 
Checking for 'ecore'                                              : not found 
Checking boost includes                                           : 1_61 
Checking for header ['stdio.h', 'readline/readline.h']            : yes 
Checking for function rl_filename_dequoting_function              : yes 
Checking for program valgrind                                     : not found 
Checking for program lcov                                         : not found 
Checking for program genhtml                                      : not found 
Checking for header CUnit/CUnit.h                                 : not found 
Checking for perl version                                         : 5.7.3 
Checking for 'gio-2.0'                                            : yes 
Checking for 'gthread-2.0'                                        : yes 
Checking for function g_file_query_file_type                      : yes 
Checking for 'gmodule-2.0' >= 2.6.0                               : yes 
Checking for 'gthread-2.0' >= 2.6.0                               : yes 
Checking for 'sqlite3' >= 3.5                                     : yes 
Checking for function sin                                         : yes 
Checking for header sys/vfs.h                                     : yes 
Checking for function localtime_r                                 : yes 
Checking for header sys/prctl.h                                   : yes 
Checking for prctl(PR_SET_NAME)                                   : yes 
Checking for function semctl                                      : yes 
Checking for union semun                                          : no 
Checking for 'valgrind'                                           : not found 
Checking for function nanosleep                                   : yes 
Checking for function modf                                        : yes 
Checking for function semtimedop                                  : yes 

Default output plugin:  alsa 

 
Optional configuration:
======================= 
Enabled:  launcher, mdns, medialib-updater, nycli, perl, pixmaps, xmmsclient++, xmmsclient++-glib 
Disabled:  et, python, ruby, tests, vistest, xmmsclient-cf, xmmsclient-ecore 
Plugins configuration:
====================== 
Output:  airplay, alsa, ao, diskwrite, ices, jack, null, oss, pulse 
XForm/Other:  apefile, asf, asx, avcodec, cdda, cue, curl, daap, equalizer, faad, file, flac, flv, gme, gvfs, html, icymetaint, id3v2, karaoke, m3u, mad, mms, modplug, mp4, mpg123, musepack, normalize, nulstripper, ofa, pls, replaygain, rss, samba, sid, sndfile, speex, tta, vocoder, vorbis, wave, wavpack, xml, xspf 
Disabled:  coreaudio, mac, nms, sc68, sun, tremor, waveout 
'configure' finished successfully (3.349s)
mv _build_ _build_without_python_
PYTHON=python2.7 ./waf configure --nocache --prefix=/usr -j 1 --without-xmms2d --with-optionals=python && mv _build_ _build_python2.7_
Setting top to                           : /<<BUILDDIR>>/xmms2-0.8+dfsg 
Setting out to                           : /<<BUILDDIR>>/xmms2-0.8+dfsg/_build_ 
Platform code for posix                  : ok 
Checking for program gcc,cc              : /usr/bin/gcc 
Checking for program ar                  : /usr/bin/ar 
Checking for program g++,c++             : /usr/bin/g++ 
git commit id                            : Unknown 
uncommited changed                       : no 
Checking for compiler flags -Wall        : yes 
Checking for compiler flags -Wempty-body : yes 
Checking for compiler flags -Wformat=2   : yes 
Checking for compiler flags -Wformat-nonliteral : yes 
Checking for compiler flags -Wformat-security   : yes 
Checking for compiler flags -Wignored-qualifiers : yes 
Checking for compiler flags -Wmissing-prototypes : yes 
Checking for compiler flags -Wstrict-prototypes  : yes 
Checking for compiler flags -Wtype-limits        : yes 
Checking for compiler flags -Wwrite-strings      : yes 
Checking for compiler flags -Wformat-extra-args  : yes 
Checking for compiler flags -Wformat-zero-length : yes 
Checking for compiler flags -fdiagnostics-show-option : yes 
Checking for compiler flags -fdiagnostics-show-option : yes 
Checking for compiler flags -Werror=implicit-function-declaration : yes 
Checking for program pkg-config                                   : /usr/bin/pkg-config 
Checking for 'glib-2.0'                                           : yes 
Checking for program python                                       : python2.7 
python executable 'python2.7' different from sys.executable '/usr/bin/python'
Checking for python version                                       : 2.7.12 
Checking for library python2.7 in LIBDIR                          : yes 
Checking for program python2.7-config,python-config-2.7,python2.7m-config : /usr/bin/python2.7-config 
Checking for header Python.h                                              : yes 
Checking for program cython                                               : not found 
Checking for function nanosleep                                           : yes 
Checking for function modf                                                : yes 
Checking for function semtimedop                                          : yes 

 
Optional configuration:
======================= 
Enabled:  python 
Disabled:  et, launcher, mdns, medialib-updater, nycli, perl, pixmaps, ruby, tests, vistest, xmmsclient++, xmmsclient++-glib, xmmsclient-cf, xmmsclient-ecore 
Plugins configuration:
====================== 
Output:   
XForm/Other:   
Disabled:  airplay, alsa, ao, apefile, asf, asx, avcodec, cdda, coreaudio, cue, curl, daap, diskwrite, equalizer, faad, file, flac, flv, gme, gvfs, html, ices, icymetaint, id3v2, jack, karaoke, m3u, mac, mad, mms, modplug, mp4, mpg123, musepack, nms, normalize, null, nulstripper, ofa, oss, pls, pulse, replaygain, rss, samba, sc68, sid, sndfile, speex, sun, tremor, tta, vocoder, vorbis, wave, waveout, wavpack, xml, xspf 
'configure' finished successfully (1.252s)
RUBY=/usr/bin/ruby2.3 ./waf configure --nocache --prefix=/usr -j 1 --without-xmms2d --with-optionals=ruby --with-ruby-archdir=/usr/lib/x86_64-linux-gnu/ruby/vendor_ruby/2.3.0 --with-ruby-libdir=/usr/lib/ruby/vendor_ruby && mv _build_ _build_ruby2.3_
Setting top to                           : /<<BUILDDIR>>/xmms2-0.8+dfsg 
Setting out to                           : /<<BUILDDIR>>/xmms2-0.8+dfsg/_build_ 
Platform code for posix                  : ok 
Checking for program gcc,cc              : /usr/bin/gcc 
Checking for program ar                  : /usr/bin/ar 
Checking for program g++,c++             : /usr/bin/g++ 
git commit id                            : Unknown 
uncommited changed                       : no 
Checking for compiler flags -Wall        : yes 
Checking for compiler flags -Wempty-body : yes 
Checking for compiler flags -Wformat=2   : yes 
Checking for compiler flags -Wformat-nonliteral : yes 
Checking for compiler flags -Wformat-security   : yes 
Checking for compiler flags -Wignored-qualifiers : yes 
Checking for compiler flags -Wmissing-prototypes : yes 
Checking for compiler flags -Wstrict-prototypes  : yes 
Checking for compiler flags -Wtype-limits        : yes 
Checking for compiler flags -Wwrite-strings      : yes 
Checking for compiler flags -Wformat-extra-args  : yes 
Checking for compiler flags -Wformat-zero-length : yes 
Checking for compiler flags -fdiagnostics-show-option : yes 
Checking for compiler flags -fdiagnostics-show-option : yes 
Checking for compiler flags -Werror=implicit-function-declaration : yes 
Checking for program pkg-config                                   : /usr/bin/pkg-config 
Checking for 'glib-2.0'                                           : yes 
Checking for program ruby                                         : /usr/bin/ruby2.3 
ruby                                                              : 1.8.0 
Checking for header ruby.h                                        : yes 
Checking for function rb_protect_inspect                          : not found 
Checking for function nanosleep                                   : yes 
Checking for function modf                                        : yes 
Checking for function semtimedop                                  : yes 

 
Optional configuration:
======================= 
Enabled:  ruby 
Disabled:  et, launcher, mdns, medialib-updater, nycli, perl, pixmaps, python, tests, vistest, xmmsclient++, xmmsclient++-glib, xmmsclient-cf, xmmsclient-ecore 
Plugins configuration:
====================== 
Output:   
XForm/Other:   
Disabled:  airplay, alsa, ao, apefile, asf, asx, avcodec, cdda, coreaudio, cue, curl, daap, diskwrite, equalizer, faad, file, flac, flv, gme, gvfs, html, ices, icymetaint, id3v2, jack, karaoke, m3u, mac, mad, mms, modplug, mp4, mpg123, musepack, nms, normalize, null, nulstripper, ofa, oss, pls, pulse, replaygain, rss, samba, sc68, sid, sndfile, speex, sun, tremor, tta, vocoder, vorbis, wave, waveout, wavpack, xml, xspf 
'configure' finished successfully (1.530s)
make[1]: Leaving directory '/<<BUILDDIR>>/xmms2-0.8+dfsg'
   debian/rules override_dh_auto_build
make[1]: Entering directory '/<<BUILDDIR>>/xmms2-0.8+dfsg'
mv _build_without_python_ _build_ && ./waf -v && mv _build_ _build_without_python_
Waf: Entering directory `/<<BUILDDIR>>/xmms2-0.8+dfsg/_build_'
[  1/311] xsubpp: src/clients/lib/perl/XMMSClient.xs -> _build_/src/clients/lib/perl/XMMSClient.c
16:56:14 runner ' /usr/bin/perl /usr/share/perl/5.22/ExtUtils/xsubpp -noprototypes -typemap /usr/share/perl/5.22/ExtUtils/typemap ../src/clients/lib/perl/XMMSClient.xs > src/clients/lib/perl/XMMSClient.c '
[  2/311] mediainfo_ipc.c: src/ipc.xml src/xmms/mediainfo_ipc.py -> _build_/src/xmms/mediainfo_ipc.c
16:56:14 runner ' /usr/bin/python /<<BUILDDIR>>/xmms2-0.8+dfsg/src/xmms/mediainfo_ipc.py > src/xmms/mediainfo_ipc.c '
[  3/311] main_ipc.c: src/ipc.xml src/xmms/main_ipc.py -> _build_/src/xmms/main_ipc.c
16:56:14 runner ' /usr/bin/python /<<BUILDDIR>>/xmms2-0.8+dfsg/src/xmms/main_ipc.py > src/xmms/main_ipc.c '
[  4/311] playlist_ipc.c: src/ipc.xml src/xmms/playlist_ipc.py -> _build_/src/xmms/playlist_ipc.c
16:56:14 runner ' /usr/bin/python /<<BUILDDIR>>/xmms2-0.8+dfsg/src/xmms/playlist_ipc.py > src/xmms/playlist_ipc.c '
[  5/311] xsubpp: src/clients/lib/perl/XMMSClientCollection.xs -> _build_/src/clients/lib/perl/XMMSClientCollection.c
16:56:14 runner ' /usr/bin/perl /usr/share/perl/5.22/ExtUtils/xsubpp -noprototypes -typemap /usr/share/perl/5.22/ExtUtils/typemap ../src/clients/lib/perl/XMMSClientCollection.xs > src/clients/lib/perl/XMMSClientCollection.c '
[  6/311] collection_ipc.c: src/ipc.xml src/xmms/collection_ipc.py -> _build_/src/xmms/collection_ipc.c
16:56:14 runner ' /usr/bin/python /<<BUILDDIR>>/xmms2-0.8+dfsg/src/xmms/collection_ipc.py > src/xmms/collection_ipc.c '
[  7/311] genpy: src/xmms/sample.genpy -> _build_/src/xmms/sample.c
16:56:14 runner ' /usr/bin/python ../src/xmms/sample.genpy > src/xmms/sample.c '
[  8/311] bindata_ipc.c: src/ipc.xml src/xmms/bindata_ipc.py -> _build_/src/xmms/bindata_ipc.c
16:56:14 runner ' /usr/bin/python /<<BUILDDIR>>/xmms2-0.8+dfsg/src/xmms/bindata_ipc.py > src/xmms/bindata_ipc.c '
[  9/311] xsubpp: src/clients/lib/perl/XMMSClientResult.xs -> _build_/src/clients/lib/perl/XMMSClientResult.c
16:56:14 runner ' /usr/bin/perl /usr/share/perl/5.22/ExtUtils/xsubpp -noprototypes -typemap /usr/share/perl/5.22/ExtUtils/typemap ../src/clients/lib/perl/XMMSClientResult.xs > src/clients/lib/perl/XMMSClientResult.c '
[ 10/311] output_ipc.c: src/ipc.xml src/xmms/output_ipc.py -> _build_/src/xmms/output_ipc.c
16:56:14 runner ' /usr/bin/python /<<BUILDDIR>>/xmms2-0.8+dfsg/src/xmms/output_ipc.py > src/xmms/output_ipc.c '
[ 11/311] medialib_ipc.c: src/ipc.xml src/xmms/medialib_ipc.py -> _build_/src/xmms/medialib_ipc.c
16:56:14 runner ' /usr/bin/python /<<BUILDDIR>>/xmms2-0.8+dfsg/src/xmms/medialib_ipc.py > src/xmms/medialib_ipc.c '
[ 12/311] xform_ipc.c: src/ipc.xml src/xmms/xform_ipc.py -> _build_/src/xmms/xform_ipc.c
16:56:14 runner ' /usr/bin/python /<<BUILDDIR>>/xmms2-0.8+dfsg/src/xmms/xform_ipc.py > src/xmms/xform_ipc.c '
[ 13/311] xsubpp: src/clients/lib/perl/XMMSClientPlaylist.xs -> _build_/src/clients/lib/perl/XMMSClientPlaylist.c
16:56:14 runner ' /usr/bin/perl /usr/share/perl/5.22/ExtUtils/xsubpp -noprototypes -typemap /usr/share/perl/5.22/ExtUtils/typemap ../src/clients/lib/perl/XMMSClientPlaylist.xs > src/clients/lib/perl/XMMSClientPlaylist.c '
[ 14/311] visualization/object_ipc.c: src/ipc.xml src/xmms/visualization/object_ipc.py -> _build_/src/xmms/visualization/object_ipc.c
16:56:14 runner ' /usr/bin/python /<<BUILDDIR>>/xmms2-0.8+dfsg/src/xmms/visualization/object_ipc.py > src/xmms/visualization/object_ipc.c '
[ 15/311] config_ipc.c: src/ipc.xml src/xmms/config_ipc.py -> _build_/src/xmms/config_ipc.c
16:56:14 runner ' /usr/bin/python /<<BUILDDIR>>/xmms2-0.8+dfsg/src/xmms/config_ipc.py > src/xmms/config_ipc.c '
[ 16/311] man: src/xmms/xmms2d.1 -> _build_/src/xmms/xmms2d.1.gz
[ 17/311] subst: src/clients/mdns/avahi/xmms2-mdns-launcher.sh.in -> _build_/src/clients/mdns/avahi/xmms2-mdns-launcher.sh
[ 18/311] man: src/clients/mdns/avahi/xmms2-mdns-avahi.1 -> _build_/src/clients/mdns/avahi/xmms2-mdns-avahi.1.gz
[ 19/311] man: src/clients/launcher/xmms2-launcher.1 -> _build_/src/clients/launcher/xmms2-launcher.1.gz
[ 20/311] man: src/clients/nycli/xmms2.1 -> _build_/src/clients/nycli/xmms2.1.gz
[ 21/311] perldoc: src/clients/lib/perl/XMMSClient.xs -> _build_/src/clients/lib/perl/Audio/XMMSClient.pod
16:56:15 runner ' podselect ../src/clients/lib/perl/XMMSClient.xs > src/clients/lib/perl/Audio/XMMSClient.pod '
[ 22/311] perldoc: src/clients/lib/perl/XMMSClientPlaylist.xs -> _build_/src/clients/lib/perl/Audio/XMMSClient/Playlist.pod
16:56:15 runner ' podselect ../src/clients/lib/perl/XMMSClientPlaylist.xs > src/clients/lib/perl/Audio/XMMSClient/Playlist.pod '
[ 23/311] perldoc: src/clients/lib/perl/XMMSClientCollection.xs -> _build_/src/clients/lib/perl/Audio/XMMSClient/Collection.pod
16:56:15 runner ' podselect ../src/clients/lib/perl/XMMSClientCollection.xs > src/clients/lib/perl/Audio/XMMSClient/Collection.pod '
[ 24/311] perldoc: src/clients/lib/perl/XMMSClientResult.xs -> _build_/src/clients/lib/perl/Audio/XMMSClient/Result.pod
16:56:15 runner ' podselect ../src/clients/lib/perl/XMMSClientResult.xs > src/clients/lib/perl/Audio/XMMSClient/Result.pod '
[ 25/311] subst: src/clients/medialib-updater/xmms2-mlib-updater.sh.in -> _build_/src/clients/medialib-updater/xmms2-mlib-updater.sh
[ 26/311] subst: xmms2.pc.in -> _build_/xmms2-client-cpp.pc
[ 27/311] subst: xmms2.pc.in -> _build_/xmms2-client-cpp-glib.pc
[ 28/311] subst: xmms2.pc.in -> _build_/xmms2-plugin.pc
[ 29/311] subst: xmms2.pc.in -> _build_/xmms2-client.pc
[ 30/311] subst: xmms2.pc.in -> _build_/xmms2-client-glib.pc
[ 31/311] cxx: src/clients/lib/xmmsclient++/bindata.cpp -> _build_/src/clients/lib/xmmsclient++/bindata.cpp.1.o
16:56:15 runner ['/usr/bin/g++', '-Wdate-time', '-D_FORTIFY_SOURCE=2', '-g', '-O2', '-fdebug-prefix-map=/<<BUILDDIR>>/xmms2-0.8+dfsg=.', '-fstack-protector-strong', '-Wformat', '-Werror=format-security', '-fdiagnostics-show-option', '-fPIC', '-fPIC', '-DPIC', '-I/<<BUILDDIR>>/xmms2-0.8+dfsg/_build_', '-I/<<BUILDDIR>>/xmms2-0.8+dfsg', '-I/<<BUILDDIR>>/xmms2-0.8+dfsg/_build_/src/include', '-I/<<BUILDDIR>>/xmms2-0.8+dfsg/src/include', '-I/<<BUILDDIR>>/xmms2-0.8+dfsg/_build_/src/includepriv', '-I/<<BUILDDIR>>/xmms2-0.8+dfsg/src/includepriv', '-I/usr/include', '../src/clients/lib/xmmsclient++/bindata.cpp', '-c', '-o', 'src/clients/lib/xmmsclient++/bindata.cpp.1.o']
[ 32/311] cxx: src/clients/lib/xmmsclient++/coll.cpp -> _build_/src/clients/lib/xmmsclient++/coll.cpp.1.o
16:56:15 runner ['/usr/bin/g++', '-Wdate-time', '-D_FORTIFY_SOURCE=2', '-g', '-O2', '-fdebug-prefix-map=/<<BUILDDIR>>/xmms2-0.8+dfsg=.', '-fstack-protector-strong', '-Wformat', '-Werror=format-security', '-fdiagnostics-show-option', '-fPIC', '-fPIC', '-DPIC', '-I/<<BUILDDIR>>/xmms2-0.8+dfsg/_build_', '-I/<<BUILDDIR>>/xmms2-0.8+dfsg', '-I/<<BUILDDIR>>/xmms2-0.8+dfsg/_build_/src/include', '-I/<<BUILDDIR>>/xmms2-0.8+dfsg/src/include', '-I/<<BUILDDIR>>/xmms2-0.8+dfsg/_build_/src/includepriv', '-I/<<BUILDDIR>>/xmms2-0.8+dfsg/src/includepriv', '-I/usr/include', '../src/clients/lib/xmmsclient++/coll.cpp', '-c', '-o', 'src/clients/lib/xmmsclient++/coll.cpp.1.o']
In file included from ../src/clients/lib/xmmsclient++/bindata.cpp:18:
In file included from /<<BUILDDIR>>/xmms2-0.8+dfsg/src/include/xmmsclient/xmmsclient++/bindata.h:21:
/<<BUILDDIR>>/xmms2-0.8+dfsg/src/include/xmmsclient/xmmsclient++/mainloop.h:45:31: warning: binding reference member 'conn_' to stack allocated parameter 'conn' [-Wdangling-field]
                                running_( false ), conn_( conn ) { }
                                                          ^~~~
/<<BUILDDIR>>/xmms2-0.8+dfsg/src/include/xmmsclient/xmmsclient++/mainloop.h:66:25: note: reference member declared here
                        xmmsc_connection_t*& conn_;
                                             ^
In file included from ../src/clients/lib/xmmsclient++/coll.cpp:18:
In file included from /<<BUILDDIR>>/xmms2-0.8+dfsg/src/include/xmmsclient/xmmsclient++/client.h:22:
In file included from /<<BUILDDIR>>/xmms2-0.8+dfsg/src/include/xmmsclient/xmmsclient++/playback.h:21:
/<<BUILDDIR>>/xmms2-0.8+dfsg/src/include/xmmsclient/xmmsclient++/mainloop.h:45:31: warning: binding reference member 'conn_' to stack allocated parameter 'conn' [-Wdangling-field]
                                running_( false ), conn_( conn ) { }
                                                          ^~~~
/<<BUILDDIR>>/xmms2-0.8+dfsg/src/include/xmmsclient/xmmsclient++/mainloop.h:66:25: note: reference member declared here
                        xmmsc_connection_t*& conn_;
                                             ^
In file included from ../src/clients/lib/xmmsclient++/bindata.cpp:18:
In file included from /<<BUILDDIR>>/xmms2-0.8+dfsg/src/include/xmmsclient/xmmsclient++/bindata.h:22:
In file included from /<<BUILDDIR>>/xmms2-0.8+dfsg/src/include/xmmsclient/xmmsclient++/result.h:23:
/<<BUILDDIR>>/xmms2-0.8+dfsg/src/include/xmmsclient/xmmsclient++/coll.h:615:6: error: binding value of type 'const Xmms::Coll::Coll' to reference to type 'Xmms::Coll::Coll' drops 'const' qualifier
                        : coll_ (coll), index_( index )
                          ^      ~~~~
In file included from ../src/clients/lib/xmmsclient++/coll.cpp:18:
In file included from /<<BUILDDIR>>/xmms2-0.8+dfsg/src/include/xmmsclient/xmmsclient++/client.h:22:
In file included from /<<BUILDDIR>>/xmms2-0.8+dfsg/src/include/xmmsclient/xmmsclient++/playback.h:24:
In file included from /<<BUILDDIR>>/xmms2-0.8+dfsg/src/include/xmmsclient/xmmsclient++/result.h:23:
/<<BUILDDIR>>/xmms2-0.8+dfsg/src/include/xmmsclient/xmmsclient++/coll.h:615:6: error: binding value of type 'const Xmms::Coll::Coll' to reference to type 'Xmms::Coll::Coll' drops 'const' qualifier
                        : coll_ (coll), index_( index )
                          ^      ~~~~
1 warning and 1 error generated.
1 warning and 1 error generated.
Waf: Leaving directory `/<<BUILDDIR>>/xmms2-0.8+dfsg/_build_'
Build failed
 -> task failed (exit status 1): 
	{task 140627276918544: cxx bindata.cpp -> bindata.cpp.1.o}
['/usr/bin/g++', '-Wdate-time', '-D_FORTIFY_SOURCE=2', '-g', '-O2', '-fdebug-prefix-map=/<<BUILDDIR>>/xmms2-0.8+dfsg=.', '-fstack-protector-strong', '-Wformat', '-Werror=format-security', '-fdiagnostics-show-option', '-fPIC', '-fPIC', '-DPIC', '-I/<<BUILDDIR>>/xmms2-0.8+dfsg/_build_', '-I/<<BUILDDIR>>/xmms2-0.8+dfsg', '-I/<<BUILDDIR>>/xmms2-0.8+dfsg/_build_/src/include', '-I/<<BUILDDIR>>/xmms2-0.8+dfsg/src/include', '-I/<<BUILDDIR>>/xmms2-0.8+dfsg/_build_/src/includepriv', '-I/<<BUILDDIR>>/xmms2-0.8+dfsg/src/includepriv', '-I/usr/include', '../src/clients/lib/xmmsclient++/bindata.cpp', '-c', '-o', 'src/clients/lib/xmmsclient++/bindata.cpp.1.o']
 -> task failed (exit status 1): 
	{task 140627276988624: cxx coll.cpp -> coll.cpp.1.o}
['/usr/bin/g++', '-Wdate-time', '-D_FORTIFY_SOURCE=2', '-g', '-O2', '-fdebug-prefix-map=/<<BUILDDIR>>/xmms2-0.8+dfsg=.', '-fstack-protector-strong', '-Wformat', '-Werror=format-security', '-fdiagnostics-show-option', '-fPIC', '-fPIC', '-DPIC', '-I/<<BUILDDIR>>/xmms2-0.8+dfsg/_build_', '-I/<<BUILDDIR>>/xmms2-0.8+dfsg', '-I/<<BUILDDIR>>/xmms2-0.8+dfsg/_build_/src/include', '-I/<<BUILDDIR>>/xmms2-0.8+dfsg/src/include', '-I/<<BUILDDIR>>/xmms2-0.8+dfsg/_build_/src/includepriv', '-I/<<BUILDDIR>>/xmms2-0.8+dfsg/src/includepriv', '-I/usr/include', '../src/clients/lib/xmmsclient++/coll.cpp', '-c', '-o', 'src/clients/lib/xmmsclient++/coll.cpp.1.o']
debian/rules:54: recipe for target 'override_dh_auto_build' failed
make[1]: *** [override_dh_auto_build] Error 1
make[1]: Leaving directory '/<<BUILDDIR>>/xmms2-0.8+dfsg'
debian/rules:30: recipe for target 'build-arch' failed
make: *** [build-arch] Error 2
dpkg-buildpackage: error: debian/rules build-arch gave error exit status 2
--------------------------------------------------------------------------------
Build finished at 2016-08-29T16:56:17Z

Finished
--------


+------------------------------------------------------------------------------+
| Cleanup                                                                      |
+------------------------------------------------------------------------------+

Purging /<<BUILDDIR>>
Not cleaning session: cloned chroot in use
E: Build failure (dpkg-buildpackage died)

+------------------------------------------------------------------------------+
| Summary                                                                      |
+------------------------------------------------------------------------------+

Build Architecture: amd64
Build-Space: 0
Build-Time: 13
Distribution: unstable
Fail-Stage: build
Host Architecture: amd64
Install-Time: 56
Job: xmms2_0.8+dfsg-16
Machine Architecture: amd64
Package: xmms2
Package-Time: 95
Source-Version: 0.8+dfsg-16
Space: 0
Status: failed
Version: 0.8+dfsg-16
--------------------------------------------------------------------------------
Finished at 2016-08-29T16:56:17Z
Build needed 00:00:00, 0k disc space
E: Build failure (dpkg-buildpackage died)
DC-Status: Failed 96.141034629s
DC-Time-Estimation: 96.141034629 versus expected 225 (r/m: 1.340311822815884 ; m: 96.141034629)
