DC-Build-Header: aflplusplus 3.14c-2 / 2021-10-26 21:38:52 +0000
DC-Task: type:rebuild-binarch-only source:aflplusplus version:3.14c-2 chroot:unstable esttime:341 logfile:/tmp/aflplusplus_3.14c-2_unstable_clang12.log modes:clang12:binarch-only
DC-Sbuild-call: su user42 -c 'sbuild -n --arch-any --apt-update -d unstable -v --no-run-lintian --chroot-setup-commands=/tmp/clang12 aflplusplus_3.14c-2'
sbuild (Debian sbuild) 0.78.1 (09 February 2019) on ip-172-31-8-136.eu-central-1.compute.internal

+==============================================================================+
| aflplusplus 3.14c-2 (amd64)                  Tue, 26 Oct 2021 21:38:52 +0000 |
+==============================================================================+

Package: aflplusplus
Version: 3.14c-2
Source Version: 3.14c-2
Distribution: unstable
Machine Architecture: amd64
Host Architecture: amd64
Build Architecture: amd64
Build Type: binary

I: NOTICE: Log filtering will replace 'var/run/schroot/mount/sid-amd64-sbuild-286d29a4-2f33-40af-95d3-d0959c35d21a' with '<<CHROOT>>'

+------------------------------------------------------------------------------+
| Chroot Setup Commands                                                        |
+------------------------------------------------------------------------------+


/tmp/clang12
------------

+ echo 'Entering customization script...'
Entering customization script...
+ CLANG_VERSION=12
+ echo 'Install of clang-12'
Install of clang-12
+ apt-get update
Get:1 http://127.0.0.1:12990/debian sid InRelease [165 kB]
Get:2 http://127.0.0.1:12990/debian sid/main Sources.diff/Index [63.6 kB]
Get:3 http://127.0.0.1:12990/debian sid/main amd64 Packages.diff/Index [63.6 kB]
Get:4 http://127.0.0.1:12990/debian sid/main Sources T-2021-10-26-2004.40-F-2021-10-26-0202.15.pdiff [47.3 kB]
Get:4 http://127.0.0.1:12990/debian sid/main Sources T-2021-10-26-2004.40-F-2021-10-26-0202.15.pdiff [47.3 kB]
Get:5 http://127.0.0.1:12990/debian sid/main amd64 Packages T-2021-10-26-2004.40-F-2021-10-26-0202.15.pdiff [55.9 kB]
Get:5 http://127.0.0.1:12990/debian sid/main amd64 Packages T-2021-10-26-2004.40-F-2021-10-26-0202.15.pdiff [55.9 kB]
Get:6 http://127.0.0.1:12990/debian sid/main Translation-en [6586 kB]
Fetched 6981 kB in 3s (2755 kB/s)
Reading package lists...
+ apt-get install --yes --no-install-recommends --force-yes clang-12 libomp-12-dev libobjc-9-dev
Reading package lists...
Building dependency tree...
The following additional packages will be installed:
  lib32gcc-s1 lib32stdc++6 libasan5 libbsd0 libc6-i386 libclang-common-12-dev
  libclang-cpp12 libclang1-12 libedit2 libelf1 libgc1 libgcc-9-dev libicu67
  libllvm12 libmd0 libobjc-11-dev libobjc4 libomp5-12 libunwind-12 libxml2
  libz3-4 llvm-12-linker-tools
Suggested packages:
  clang-12-doc libomp-12-doc
Recommended packages:
  llvm-12-dev python3
The following NEW packages will be installed:
  clang-12 lib32gcc-s1 lib32stdc++6 libasan5 libbsd0 libc6-i386
  libclang-common-12-dev libclang-cpp12 libclang1-12 libedit2 libelf1 libgc1
  libgcc-9-dev libicu67 libllvm12 libmd0 libobjc-11-dev libobjc-9-dev libobjc4
  libomp-12-dev libomp5-12 libunwind-12 libxml2 libz3-4 llvm-12-linker-tools
0 upgraded, 25 newly installed, 0 to remove and 0 not upgraded.
Need to get 67.6 MB of archives.
After this operation, 349 MB of additional disk space will be used.
Get:1 http://127.0.0.1:12990/debian sid/main amd64 libmd0 amd64 1.0.4-1 [29.6 kB]
Get:2 http://127.0.0.1:12990/debian sid/main amd64 libbsd0 amd64 0.11.3-1 [108 kB]
Get:3 http://127.0.0.1:12990/debian sid/main amd64 libedit2 amd64 3.1-20210910-1 [97.5 kB]
Get:4 http://127.0.0.1:12990/debian sid/main amd64 libicu67 amd64 67.1-7 [8622 kB]
Get:5 http://127.0.0.1:12990/debian sid/main amd64 libxml2 amd64 2.9.12+dfsg-5 [696 kB]
Get:6 http://127.0.0.1:12990/debian sid/main amd64 libz3-4 amd64 4.8.12-1+b1 [6997 kB]
Get:7 http://127.0.0.1:12990/debian sid/main amd64 libllvm12 amd64 1:12.0.1-15 [19.4 MB]
Get:8 http://127.0.0.1:12990/debian sid/main amd64 libclang-cpp12 amd64 1:12.0.1-15 [9996 kB]
Get:9 http://127.0.0.1:12990/debian sid/main amd64 libgc1 amd64 1:8.0.4-3 [239 kB]
Get:10 http://127.0.0.1:12990/debian sid/main amd64 libobjc4 amd64 11.2.0-10 [43.2 kB]
Get:11 http://127.0.0.1:12990/debian sid/main amd64 libobjc-11-dev amd64 11.2.0-10 [170 kB]
Get:12 http://127.0.0.1:12990/debian sid/main amd64 libc6-i386 amd64 2.32-4 [2624 kB]
Get:13 http://127.0.0.1:12990/debian sid/main amd64 lib32gcc-s1 amd64 11.2.0-10 [49.9 kB]
Get:14 http://127.0.0.1:12990/debian sid/main amd64 lib32stdc++6 amd64 11.2.0-10 [601 kB]
Get:15 http://127.0.0.1:12990/debian sid/main amd64 libclang-common-12-dev amd64 1:12.0.1-15 [4819 kB]
Get:16 http://127.0.0.1:12990/debian sid/main amd64 llvm-12-linker-tools amd64 1:12.0.1-15 [1222 kB]
Get:17 http://127.0.0.1:12990/debian sid/main amd64 libclang1-12 amd64 1:12.0.1-15 [5644 kB]
Get:18 http://127.0.0.1:12990/debian sid/main amd64 clang-12 amd64 1:12.0.1-15 [117 kB]
Get:19 http://127.0.0.1:12990/debian sid/main amd64 libasan5 amd64 9.4.0-3 [2734 kB]
Get:20 http://127.0.0.1:12990/debian sid/main amd64 libelf1 amd64 0.185-2 [172 kB]
Get:21 http://127.0.0.1:12990/debian sid/main amd64 libgcc-9-dev amd64 9.4.0-3 [2343 kB]
Get:22 http://127.0.0.1:12990/debian sid/main amd64 libobjc-9-dev amd64 9.4.0-3 [219 kB]
Get:23 http://127.0.0.1:12990/debian sid/main amd64 libunwind-12 amd64 1:12.0.1-15 [63.9 kB]
Get:24 http://127.0.0.1:12990/debian sid/main amd64 libomp5-12 amd64 1:12.0.1-15 [405 kB]
Get:25 http://127.0.0.1:12990/debian sid/main amd64 libomp-12-dev amd64 1:12.0.1-15 [104 kB]
debconf: delaying package configuration, since apt-utils is not installed
Fetched 67.6 MB in 0s (156 MB/s)
Selecting previously unselected package libmd0:amd64.
(Reading database ... (Reading database ... 5%(Reading database ... 10%(Reading database ... 15%(Reading database ... 20%(Reading database ... 25%(Reading database ... 30%(Reading database ... 35%(Reading database ... 40%(Reading database ... 45%(Reading database ... 50%(Reading database ... 55%(Reading database ... 60%(Reading database ... 65%(Reading database ... 70%(Reading database ... 75%(Reading database ... 80%(Reading database ... 85%(Reading database ... 90%(Reading database ... 95%(Reading database ... 100%(Reading database ... 12431 files and directories currently installed.)
Preparing to unpack .../00-libmd0_1.0.4-1_amd64.deb ...
Unpacking libmd0:amd64 (1.0.4-1) ...
Selecting previously unselected package libbsd0:amd64.
Preparing to unpack .../01-libbsd0_0.11.3-1_amd64.deb ...
Unpacking libbsd0:amd64 (0.11.3-1) ...
Selecting previously unselected package libedit2:amd64.
Preparing to unpack .../02-libedit2_3.1-20210910-1_amd64.deb ...
Unpacking libedit2:amd64 (3.1-20210910-1) ...
Selecting previously unselected package libicu67:amd64.
Preparing to unpack .../03-libicu67_67.1-7_amd64.deb ...
Unpacking libicu67:amd64 (67.1-7) ...
Selecting previously unselected package libxml2:amd64.
Preparing to unpack .../04-libxml2_2.9.12+dfsg-5_amd64.deb ...
Unpacking libxml2:amd64 (2.9.12+dfsg-5) ...
Selecting previously unselected package libz3-4:amd64.
Preparing to unpack .../05-libz3-4_4.8.12-1+b1_amd64.deb ...
Unpacking libz3-4:amd64 (4.8.12-1+b1) ...
Selecting previously unselected package libllvm12:amd64.
Preparing to unpack .../06-libllvm12_1%3a12.0.1-15_amd64.deb ...
Unpacking libllvm12:amd64 (1:12.0.1-15) ...
Selecting previously unselected package libclang-cpp12.
Preparing to unpack .../07-libclang-cpp12_1%3a12.0.1-15_amd64.deb ...
Unpacking libclang-cpp12 (1:12.0.1-15) ...
Selecting previously unselected package libgc1:amd64.
Preparing to unpack .../08-libgc1_1%3a8.0.4-3_amd64.deb ...
Unpacking libgc1:amd64 (1:8.0.4-3) ...
Selecting previously unselected package libobjc4:amd64.
Preparing to unpack .../09-libobjc4_11.2.0-10_amd64.deb ...
Unpacking libobjc4:amd64 (11.2.0-10) ...
Selecting previously unselected package libobjc-11-dev:amd64.
Preparing to unpack .../10-libobjc-11-dev_11.2.0-10_amd64.deb ...
Unpacking libobjc-11-dev:amd64 (11.2.0-10) ...
Selecting previously unselected package libc6-i386.
Preparing to unpack .../11-libc6-i386_2.32-4_amd64.deb ...
Unpacking libc6-i386 (2.32-4) ...
Selecting previously unselected package lib32gcc-s1.
Preparing to unpack .../12-lib32gcc-s1_11.2.0-10_amd64.deb ...
Unpacking lib32gcc-s1 (11.2.0-10) ...
Selecting previously unselected package lib32stdc++6.
Preparing to unpack .../13-lib32stdc++6_11.2.0-10_amd64.deb ...
Unpacking lib32stdc++6 (11.2.0-10) ...
Selecting previously unselected package libclang-common-12-dev.
Preparing to unpack .../14-libclang-common-12-dev_1%3a12.0.1-15_amd64.deb ...
Unpacking libclang-common-12-dev (1:12.0.1-15) ...
Selecting previously unselected package llvm-12-linker-tools.
Preparing to unpack .../15-llvm-12-linker-tools_1%3a12.0.1-15_amd64.deb ...
Unpacking llvm-12-linker-tools (1:12.0.1-15) ...
Selecting previously unselected package libclang1-12.
Preparing to unpack .../16-libclang1-12_1%3a12.0.1-15_amd64.deb ...
Unpacking libclang1-12 (1:12.0.1-15) ...
Selecting previously unselected package clang-12.
Preparing to unpack .../17-clang-12_1%3a12.0.1-15_amd64.deb ...
Unpacking clang-12 (1:12.0.1-15) ...
Selecting previously unselected package libasan5:amd64.
Preparing to unpack .../18-libasan5_9.4.0-3_amd64.deb ...
Unpacking libasan5:amd64 (9.4.0-3) ...
Selecting previously unselected package libelf1:amd64.
Preparing to unpack .../19-libelf1_0.185-2_amd64.deb ...
Unpacking libelf1:amd64 (0.185-2) ...
Selecting previously unselected package libgcc-9-dev:amd64.
Preparing to unpack .../20-libgcc-9-dev_9.4.0-3_amd64.deb ...
Unpacking libgcc-9-dev:amd64 (9.4.0-3) ...
Selecting previously unselected package libobjc-9-dev:amd64.
Preparing to unpack .../21-libobjc-9-dev_9.4.0-3_amd64.deb ...
Unpacking libobjc-9-dev:amd64 (9.4.0-3) ...
Selecting previously unselected package libunwind-12:amd64.
Preparing to unpack .../22-libunwind-12_1%3a12.0.1-15_amd64.deb ...
Unpacking libunwind-12:amd64 (1:12.0.1-15) ...
Selecting previously unselected package libomp5-12:amd64.
Preparing to unpack .../23-libomp5-12_1%3a12.0.1-15_amd64.deb ...
Unpacking libomp5-12:amd64 (1:12.0.1-15) ...
Selecting previously unselected package libomp-12-dev.
Preparing to unpack .../24-libomp-12-dev_1%3a12.0.1-15_amd64.deb ...
Unpacking libomp-12-dev (1:12.0.1-15) ...
Setting up libicu67:amd64 (67.1-7) ...
Setting up libasan5:amd64 (9.4.0-3) ...
Setting up libz3-4:amd64 (4.8.12-1+b1) ...
Setting up libunwind-12:amd64 (1:12.0.1-15) ...
Setting up libgc1:amd64 (1:8.0.4-3) ...
Setting up libmd0:amd64 (1.0.4-1) ...
Setting up libc6-i386 (2.32-4) ...
Setting up libbsd0:amd64 (0.11.3-1) ...
Setting up libelf1:amd64 (0.185-2) ...
Setting up libxml2:amd64 (2.9.12+dfsg-5) ...
Setting up libedit2:amd64 (3.1-20210910-1) ...
Setting up libobjc4:amd64 (11.2.0-10) ...
Setting up libgcc-9-dev:amd64 (9.4.0-3) ...
Setting up lib32gcc-s1 (11.2.0-10) ...
Setting up lib32stdc++6 (11.2.0-10) ...
Setting up libllvm12:amd64 (1:12.0.1-15) ...
Setting up libobjc-9-dev:amd64 (9.4.0-3) ...
Setting up libclang-common-12-dev (1:12.0.1-15) ...
Setting up libomp5-12:amd64 (1:12.0.1-15) ...
Setting up libobjc-11-dev:amd64 (11.2.0-10) ...
Setting up llvm-12-linker-tools (1:12.0.1-15) ...
Setting up libclang1-12 (1:12.0.1-15) ...
Setting up libclang-cpp12 (1:12.0.1-15) ...
Setting up libomp-12-dev (1:12.0.1-15) ...
Setting up clang-12 (1:12.0.1-15) ...
Processing triggers for libc-bin (2.32-4) ...
W: --force-yes is deprecated, use one of the options starting with --allow instead.
+ echo 'Replace gcc, g++ & cpp by clang'
Replace gcc, g++ & cpp by clang
+ VERSIONS='4.6 4.7 4.8 4.9 5 6 7 8 9 10 11'
+ cd /usr/bin
+ for VERSION in $VERSIONS
+ rm -f g++-4.6 gcc-4.6 cpp-4.6 gcc
+ ln -s clang++-12 g++-4.6
+ ln -s clang-12 gcc-4.6
+ ln -s clang-12 cpp-4.6
+ ln -s clang-12 gcc
+ echo 'gcc-4.6 hold'
+ dpkg --set-selections
dpkg: warning: package not in status nor available database at line 1: gcc-4.6
dpkg: warning: found unknown packages; this might mean the available database
is outdated, and needs to be updated through a frontend method;
please see the FAQ <https://wiki.debian.org/Teams/Dpkg/FAQ>
+ echo 'g++-4.6 hold'
+ dpkg --set-selections
dpkg: warning: package not in status nor available database at line 1: g++-4.6
dpkg: warning: found unknown packages; this might mean the available database
is outdated, and needs to be updated through a frontend method;
please see the FAQ <https://wiki.debian.org/Teams/Dpkg/FAQ>
+ for VERSION in $VERSIONS
+ rm -f g++-4.7 gcc-4.7 cpp-4.7 gcc
+ ln -s clang++-12 g++-4.7
+ ln -s clang-12 gcc-4.7
+ ln -s clang-12 cpp-4.7
+ ln -s clang-12 gcc
+ echo 'gcc-4.7 hold'
+ dpkg --set-selections
dpkg: warning: package not in status nor available database at line 1: gcc-4.7
dpkg: warning: found unknown packages; this might mean the available database
is outdated, and needs to be updated through a frontend method;
please see the FAQ <https://wiki.debian.org/Teams/Dpkg/FAQ>
+ echo 'g++-4.7 hold'
+ dpkg --set-selections
dpkg: warning: package not in status nor available database at line 1: g++-4.7
dpkg: warning: found unknown packages; this might mean the available database
is outdated, and needs to be updated through a frontend method;
please see the FAQ <https://wiki.debian.org/Teams/Dpkg/FAQ>
+ for VERSION in $VERSIONS
+ rm -f g++-4.8 gcc-4.8 cpp-4.8 gcc
+ ln -s clang++-12 g++-4.8
+ ln -s clang-12 gcc-4.8
+ ln -s clang-12 cpp-4.8
+ ln -s clang-12 gcc
+ echo 'gcc-4.8 hold'
+ dpkg --set-selections
dpkg: warning: package not in status nor available database at line 1: gcc-4.8
dpkg: warning: found unknown packages; this might mean the available database
is outdated, and needs to be updated through a frontend method;
please see the FAQ <https://wiki.debian.org/Teams/Dpkg/FAQ>
+ echo 'g++-4.8 hold'
+ dpkg --set-selections
dpkg: warning: package not in status nor available database at line 1: g++-4.8
dpkg: warning: found unknown packages; this might mean the available database
is outdated, and needs to be updated through a frontend method;
please see the FAQ <https://wiki.debian.org/Teams/Dpkg/FAQ>
+ for VERSION in $VERSIONS
+ rm -f g++-4.9 gcc-4.9 cpp-4.9 gcc
+ ln -s clang++-12 g++-4.9
+ ln -s clang-12 gcc-4.9
+ ln -s clang-12 cpp-4.9
+ ln -s clang-12 gcc
+ echo 'gcc-4.9 hold'
+ dpkg --set-selections
dpkg: warning: package not in status nor available database at line 1: gcc-4.9
dpkg: warning: found unknown packages; this might mean the available database
is outdated, and needs to be updated through a frontend method;
please see the FAQ <https://wiki.debian.org/Teams/Dpkg/FAQ>
+ echo 'g++-4.9 hold'
+ dpkg --set-selections
dpkg: warning: package not in status nor available database at line 1: g++-4.9
dpkg: warning: found unknown packages; this might mean the available database
is outdated, and needs to be updated through a frontend method;
please see the FAQ <https://wiki.debian.org/Teams/Dpkg/FAQ>
+ for VERSION in $VERSIONS
+ rm -f g++-5 gcc-5 cpp-5 gcc
+ ln -s clang++-12 g++-5
+ ln -s clang-12 gcc-5
+ ln -s clang-12 cpp-5
+ ln -s clang-12 gcc
+ echo 'gcc-5 hold'
+ dpkg --set-selections
dpkg: warning: package not in status nor available database at line 1: gcc-5
dpkg: warning: found unknown packages; this might mean the available database
is outdated, and needs to be updated through a frontend method;
please see the FAQ <https://wiki.debian.org/Teams/Dpkg/FAQ>
+ echo 'g++-5 hold'
+ dpkg --set-selections
dpkg: warning: package not in status nor available database at line 1: g++-5
dpkg: warning: found unknown packages; this might mean the available database
is outdated, and needs to be updated through a frontend method;
please see the FAQ <https://wiki.debian.org/Teams/Dpkg/FAQ>
+ for VERSION in $VERSIONS
+ rm -f g++-6 gcc-6 cpp-6 gcc
+ ln -s clang++-12 g++-6
+ ln -s clang-12 gcc-6
+ ln -s clang-12 cpp-6
+ ln -s clang-12 gcc
+ echo 'gcc-6 hold'
+ dpkg --set-selections
dpkg: warning: package not in status nor available database at line 1: gcc-6
dpkg: warning: found unknown packages; this might mean the available database
is outdated, and needs to be updated through a frontend method;
please see the FAQ <https://wiki.debian.org/Teams/Dpkg/FAQ>
+ echo 'g++-6 hold'
+ dpkg --set-selections
dpkg: warning: package not in status nor available database at line 1: g++-6
dpkg: warning: found unknown packages; this might mean the available database
is outdated, and needs to be updated through a frontend method;
please see the FAQ <https://wiki.debian.org/Teams/Dpkg/FAQ>
+ for VERSION in $VERSIONS
+ rm -f g++-7 gcc-7 cpp-7 gcc
+ ln -s clang++-12 g++-7
+ ln -s clang-12 gcc-7
+ ln -s clang-12 cpp-7
+ ln -s clang-12 gcc
+ echo 'gcc-7 hold'
+ dpkg --set-selections
dpkg: warning: package not in status nor available database at line 1: gcc-7
dpkg: warning: found unknown packages; this might mean the available database
is outdated, and needs to be updated through a frontend method;
please see the FAQ <https://wiki.debian.org/Teams/Dpkg/FAQ>
+ echo 'g++-7 hold'
+ dpkg --set-selections
dpkg: warning: package not in status nor available database at line 1: g++-7
dpkg: warning: found unknown packages; this might mean the available database
is outdated, and needs to be updated through a frontend method;
please see the FAQ <https://wiki.debian.org/Teams/Dpkg/FAQ>
+ for VERSION in $VERSIONS
+ rm -f g++-8 gcc-8 cpp-8 gcc
+ ln -s clang++-12 g++-8
+ ln -s clang-12 gcc-8
+ ln -s clang-12 cpp-8
+ ln -s clang-12 gcc
+ echo 'gcc-8 hold'
+ dpkg --set-selections
dpkg: warning: package not in status nor available database at line 1: gcc-8
dpkg: warning: found unknown packages; this might mean the available database
is outdated, and needs to be updated through a frontend method;
please see the FAQ <https://wiki.debian.org/Teams/Dpkg/FAQ>
+ echo 'g++-8 hold'
+ dpkg --set-selections
dpkg: warning: package not in status nor available database at line 1: g++-8
dpkg: warning: found unknown packages; this might mean the available database
is outdated, and needs to be updated through a frontend method;
please see the FAQ <https://wiki.debian.org/Teams/Dpkg/FAQ>
+ for VERSION in $VERSIONS
+ rm -f g++-9 gcc-9 cpp-9 gcc
+ ln -s clang++-12 g++-9
+ ln -s clang-12 gcc-9
+ ln -s clang-12 cpp-9
+ ln -s clang-12 gcc
+ echo 'gcc-9 hold'
+ dpkg --set-selections
dpkg: warning: package not in status nor available database at line 1: gcc-9
dpkg: warning: found unknown packages; this might mean the available database
is outdated, and needs to be updated through a frontend method;
please see the FAQ <https://wiki.debian.org/Teams/Dpkg/FAQ>
+ echo 'g++-9 hold'
+ dpkg --set-selections
dpkg: warning: package not in status nor available database at line 1: g++-9
dpkg: warning: found unknown packages; this might mean the available database
is outdated, and needs to be updated through a frontend method;
please see the FAQ <https://wiki.debian.org/Teams/Dpkg/FAQ>
+ for VERSION in $VERSIONS
+ rm -f g++-10 gcc-10 cpp-10 gcc
+ ln -s clang++-12 g++-10
+ ln -s clang-12 gcc-10
+ ln -s clang-12 cpp-10
+ ln -s clang-12 gcc
+ echo 'gcc-10 hold'
+ dpkg --set-selections
dpkg: warning: package not in status nor available database at line 1: gcc-10
dpkg: warning: found unknown packages; this might mean the available database
is outdated, and needs to be updated through a frontend method;
please see the FAQ <https://wiki.debian.org/Teams/Dpkg/FAQ>
+ echo 'g++-10 hold'
+ dpkg --set-selections
dpkg: warning: package not in status nor available database at line 1: g++-10
dpkg: warning: found unknown packages; this might mean the available database
is outdated, and needs to be updated through a frontend method;
please see the FAQ <https://wiki.debian.org/Teams/Dpkg/FAQ>
+ for VERSION in $VERSIONS
+ rm -f g++-11 gcc-11 cpp-11 gcc
+ ln -s clang++-12 g++-11
+ ln -s clang-12 gcc-11
+ ln -s clang-12 cpp-11
+ ln -s clang-12 gcc
+ echo 'gcc-11 hold'
+ dpkg --set-selections
+ echo 'g++-11 hold'
+ dpkg --set-selections
+ cd -
/build/aflplusplus-fXfzfK
+ echo 'Check if gcc, g++ & cpp are actually clang'
Check if gcc, g++ & cpp are actually clang
+ gcc --version
+ grep clang
+ cpp --version
+ grep clang
+ g++ --version
+ grep clang
+ cd /usr/bin/
+ rm -f clang++ clang
+ ln -s clang-12 clang++
+ ln -s clang-12 clang
+ clang++ --version
Debian clang version 12.0.1-15
Target: x86_64-pc-linux-gnu
Thread model: posix
InstalledDir: /usr/bin
+ clang --version
Debian clang version 12.0.1-15
Target: x86_64-pc-linux-gnu
Thread model: posix
InstalledDir: /usr/bin
+ cd -
/build/aflplusplus-fXfzfK
+ apt install --yes --no-install-recommends --force-yes qt5-qmake

WARNING: apt does not have a stable CLI interface. Use with caution in scripts.

Reading package lists...
Building dependency tree...
Reading state information...
The following additional packages will be installed:
  qt5-qmake-bin qtchooser
The following NEW packages will be installed:
  qt5-qmake qt5-qmake-bin qtchooser
0 upgraded, 3 newly installed, 0 to remove and 0 not upgraded.
Need to get 1322 kB of archives.
After this operation, 4914 kB of additional disk space will be used.
Get:1 http://127.0.0.1:12990/debian sid/main amd64 qt5-qmake-bin amd64 5.15.2+dfsg-12 [1046 kB]
Get:2 http://127.0.0.1:12990/debian sid/main amd64 qtchooser amd64 66-2 [26.3 kB]
Get:3 http://127.0.0.1:12990/debian sid/main amd64 qt5-qmake amd64 5.15.2+dfsg-12 [249 kB]
debconf: delaying package configuration, since apt-utils is not installed
Fetched 1322 kB in 0s (20.5 MB/s)
Selecting previously unselected package qt5-qmake-bin.
(Reading database ... (Reading database ... 5%(Reading database ... 10%(Reading database ... 15%(Reading database ... 20%(Reading database ... 25%(Reading database ... 30%(Reading database ... 35%(Reading database ... 40%(Reading database ... 45%(Reading database ... 50%(Reading database ... 55%(Reading database ... 60%(Reading database ... 65%(Reading database ... 70%(Reading database ... 75%(Reading database ... 80%(Reading database ... 85%(Reading database ... 90%(Reading database ... 95%(Reading database ... 100%(Reading database ... 13527 files and directories currently installed.)
Preparing to unpack .../qt5-qmake-bin_5.15.2+dfsg-12_amd64.deb ...
Unpacking qt5-qmake-bin (5.15.2+dfsg-12) ...
Selecting previously unselected package qtchooser.
Preparing to unpack .../qtchooser_66-2_amd64.deb ...
Unpacking qtchooser (66-2) ...
Selecting previously unselected package qt5-qmake:amd64.
Preparing to unpack .../qt5-qmake_5.15.2+dfsg-12_amd64.deb ...
Unpacking qt5-qmake:amd64 (5.15.2+dfsg-12) ...
Setting up qt5-qmake-bin (5.15.2+dfsg-12) ...
Setting up qtchooser (66-2) ...
Setting up qt5-qmake:amd64 (5.15.2+dfsg-12) ...
W: --force-yes is deprecated, use one of the options starting with --allow instead.
+ cp /usr/lib/x86_64-linux-gnu/qt5/mkspecs/linux-clang/qmake.conf /usr/lib/x86_64-linux-gnu/qt5/mkspecs/linux-clang/qplatformdefs.h /usr/lib/x86_64-linux-gnu/qt5/mkspecs/linux-g++/
+ ls -al /usr/lib/x86_64-linux-gnu/qt5/mkspecs/linux-g++/
total 16
drwxr-xr-x  2 root root 4096 Oct 26 21:39 .
drwxr-xr-x 76 root root 4096 Oct 26 21:39 ..
-rw-r--r--  1 root root  276 Oct 26 21:39 qmake.conf
-rw-r--r--  1 root root 3218 Oct 26 21:39 qplatformdefs.h
+ cat /usr/lib/x86_64-linux-gnu/qt5/mkspecs/linux-g++/qmake.conf
#
# qmake configuration for linux-clang
#

MAKEFILE_GENERATOR = UNIX
CONFIG += incremental

QMAKE_INCREMENTAL_STYLE = sublib

include(../common/linux.conf)
include(../common/gcc-base-unix.conf)
include(../common/clang.conf)

QMAKE_LFLAGS += -ccc-gcc-name g++

load(qt_config)
+ export QMAKESPEC=/usr/lib/x86_64-linux-gnu/qt5/mkspecs/linux-clang/
+ QMAKESPEC=/usr/lib/x86_64-linux-gnu/qt5/mkspecs/linux-clang/
+ sed -i -e 's|compare_problem(2,|compare_problem(0,|g' /usr/bin/dpkg-gensymbols
+ sed -i -e 's|compare_problem(1,|compare_problem(0,|g' /usr/bin/dpkg-gensymbols
+ grep 'compare_problem(' /usr/bin/dpkg-gensymbols
        compare_problem(4, g_('new libraries appeared in the symbols file: %s'), "@libs");
        compare_problem(3, g_('some libraries disappeared in the symbols file: %s'), "@libs");
        compare_problem(0, g_('some new symbols appeared in the symbols file: %s'),
        compare_problem(0, g_('some symbols or patterns disappeared in the symbols file: %s'),

I: Finished running '/tmp/clang12'.

Finished processing commands.
--------------------------------------------------------------------------------
I: NOTICE: Log filtering will replace 'build/aflplusplus-fXfzfK/resolver-kNeBZj' with '<<RESOLVERDIR>>'

+------------------------------------------------------------------------------+
| Update chroot                                                                |
+------------------------------------------------------------------------------+

Hit:1 http://127.0.0.1:12990/debian sid InRelease
Reading package lists...
Reading package lists...
Building dependency tree...
Reading state information...
Calculating upgrade...
0 upgraded, 0 newly installed, 0 to remove and 0 not upgraded.

+------------------------------------------------------------------------------+
| Fetch source files                                                           |
+------------------------------------------------------------------------------+


Check APT
---------

Checking available source versions...

Download source files with APT
------------------------------

Reading package lists...
NOTICE: 'aflplusplus' packaging is maintained in the 'Git' version control system at:
https://salsa.debian.org/pkg-security-team/aflplusplus.git
Please use:
git clone https://salsa.debian.org/pkg-security-team/aflplusplus.git
to retrieve the latest (possibly unreleased) updates to the package.
Need to get 2173 kB of source archives.
Get:1 http://127.0.0.1:12990/debian sid/main aflplusplus 3.14c-2 (dsc) [2466 B]
Get:2 http://127.0.0.1:12990/debian sid/main aflplusplus 3.14c-2 (tar) [2163 kB]
Get:3 http://127.0.0.1:12990/debian sid/main aflplusplus 3.14c-2 (diff) [7968 B]
Fetched 2173 kB in 0s (23.5 MB/s)
Download complete and in download only mode
I: NOTICE: Log filtering will replace 'build/aflplusplus-fXfzfK/aflplusplus-3.14c' with '<<PKGBUILDDIR>>'
I: NOTICE: Log filtering will replace 'build/aflplusplus-fXfzfK' with '<<BUILDDIR>>'

+------------------------------------------------------------------------------+
| Install package build dependencies                                           |
+------------------------------------------------------------------------------+


Setup apt archive
-----------------

Merged Build-Depends: clang-12, debhelper-compat (= 13), dh-buildinfo, gcc-10-plugin-dev (>= 10.2.1-16), llvm-12-dev, python3-dev, clang, libcmocka-dev, build-essential, fakeroot
Filtered Build-Depends: clang-12, debhelper-compat (= 13), dh-buildinfo, gcc-10-plugin-dev (>= 10.2.1-16), llvm-12-dev, python3-dev, clang, libcmocka-dev, build-essential, fakeroot
dpkg-deb: building package 'sbuild-build-depends-main-dummy' in '/<<RESOLVERDIR>>/apt_archive/sbuild-build-depends-main-dummy.deb'.
Ign:1 copy:/<<RESOLVERDIR>>/apt_archive ./ InRelease
Get:2 copy:/<<RESOLVERDIR>>/apt_archive ./ Release [957 B]
Ign:3 copy:/<<RESOLVERDIR>>/apt_archive ./ Release.gpg
Get:4 copy:/<<RESOLVERDIR>>/apt_archive ./ Sources [432 B]
Get:5 copy:/<<RESOLVERDIR>>/apt_archive ./ Packages [513 B]
Fetched 1902 B in 0s (0 B/s)
Reading package lists...
Reading package lists...

Install main build dependencies (apt-based resolver)
----------------------------------------------------

Installing build dependencies
Reading package lists...
Building dependency tree...
Reading state information...
The following additional packages will be installed:
  autoconf automake autopoint autotools-dev bsdextrautils clang clang-11
  cpp-10 debhelper dh-autoreconf dh-buildinfo dh-strip-nondeterminism dwz file
  gcc-10 gcc-10-plugin-dev gettext gettext-base groff-base icu-devtools
  intltool-debian libarchive-zip-perl libclang-common-11-dev libclang-cpp11
  libclang1-11 libcmocka-dev libcmocka0 libdebhelper-perl libexpat1
  libexpat1-dev libffi-dev libfile-stripnondeterminism-perl libgcc-10-dev
  libgmp-dev libgmpxx4ldbl libicu-dev libjs-jquery libjs-sphinxdoc
  libjs-underscore libllvm11 libmagic-mgc libmagic1 libmpc-dev libmpdec3
  libmpfr-dev libncurses-dev libncurses6 libncursesw6 libobjc-10-dev libpfm4
  libpipeline1 libpython3-dev libpython3-stdlib libpython3.9 libpython3.9-dev
  libpython3.9-minimal libpython3.9-stdlib libreadline8 libsigsegv2
  libsqlite3-0 libstdc++-10-dev libsub-override-perl libtinfo-dev libtool
  libuchardet0 libxml2-dev libyaml-0-2 libz3-dev llvm-11-linker-tools llvm-12
  llvm-12-dev llvm-12-runtime llvm-12-tools m4 man-db media-types po-debconf
  python3 python3-dev python3-distutils python3-lib2to3 python3-minimal
  python3-pkg-resources python3-pygments python3-yaml python3.9 python3.9-dev
  python3.9-minimal readline-common sensible-utils zlib1g-dev
Suggested packages:
  autoconf-archive gnu-standards autoconf-doc clang-11-doc gcc-10-locales
  dh-make gcc-10-multilib gcc-10-doc gettext-doc libasprintf-dev
  libgettextpo-dev groff gmp-doc libgmp10-doc icu-doc libmpfr-doc ncurses-doc
  libstdc++-10-doc libtool-doc gfortran | fortran95-compiler gcj-jdk
  pkg-config llvm-12-doc m4-doc apparmor less www-browser libmail-box-perl
  python3-doc python3-tk python3-venv python3-setuptools python-pygments-doc
  ttf-bitstream-vera python3.9-venv python3.9-doc binfmt-support readline-doc
Recommended packages:
  llvm-11-dev curl | wget | lynx cmocka-doc libarchive-cpio-perl
  javascript-common libgpm2 ca-certificates libltdl-dev binfmt-support
  libmail-sendmail-perl
The following NEW packages will be installed:
  autoconf automake autopoint autotools-dev bsdextrautils clang clang-11
  cpp-10 debhelper dh-autoreconf dh-buildinfo dh-strip-nondeterminism dwz file
  gcc-10 gcc-10-plugin-dev gettext gettext-base groff-base icu-devtools
  intltool-debian libarchive-zip-perl libclang-common-11-dev libclang-cpp11
  libclang1-11 libcmocka-dev libcmocka0 libdebhelper-perl libexpat1
  libexpat1-dev libffi-dev libfile-stripnondeterminism-perl libgcc-10-dev
  libgmp-dev libgmpxx4ldbl libicu-dev libjs-jquery libjs-sphinxdoc
  libjs-underscore libllvm11 libmagic-mgc libmagic1 libmpc-dev libmpdec3
  libmpfr-dev libncurses-dev libncurses6 libncursesw6 libobjc-10-dev libpfm4
  libpipeline1 libpython3-dev libpython3-stdlib libpython3.9 libpython3.9-dev
  libpython3.9-minimal libpython3.9-stdlib libreadline8 libsigsegv2
  libsqlite3-0 libstdc++-10-dev libsub-override-perl libtinfo-dev libtool
  libuchardet0 libxml2-dev libyaml-0-2 libz3-dev llvm-11-linker-tools llvm-12
  llvm-12-dev llvm-12-runtime llvm-12-tools m4 man-db media-types po-debconf
  python3 python3-dev python3-distutils python3-lib2to3 python3-minimal
  python3-pkg-resources python3-pygments python3-yaml python3.9 python3.9-dev
  python3.9-minimal readline-common sbuild-build-depends-main-dummy
  sensible-utils zlib1g-dev
0 upgraded, 92 newly installed, 0 to remove and 0 not upgraded.
Need to get 148 MB of archives.
After this operation, 783 MB of additional disk space will be used.
Get:1 copy:/<<RESOLVERDIR>>/apt_archive ./ sbuild-build-depends-main-dummy 0.invalid.0 [940 B]
Get:2 http://127.0.0.1:12990/debian sid/main amd64 bsdextrautils amd64 2.37.2-4 [143 kB]
Get:3 http://127.0.0.1:12990/debian sid/main amd64 libuchardet0 amd64 0.0.7-1 [67.8 kB]
Get:4 http://127.0.0.1:12990/debian sid/main amd64 groff-base amd64 1.22.4-7 [935 kB]
Get:5 http://127.0.0.1:12990/debian sid/main amd64 libpipeline1 amd64 1.5.3-1 [34.3 kB]
Get:6 http://127.0.0.1:12990/debian sid/main amd64 man-db amd64 2.9.4-2 [1354 kB]
Get:7 http://127.0.0.1:12990/debian sid/main amd64 libpython3.9-minimal amd64 3.9.7-4 [804 kB]
Get:8 http://127.0.0.1:12990/debian sid/main amd64 libexpat1 amd64 2.4.1-3 [104 kB]
Get:9 http://127.0.0.1:12990/debian sid/main amd64 python3.9-minimal amd64 3.9.7-4 [1963 kB]
Get:10 http://127.0.0.1:12990/debian sid/main amd64 python3-minimal amd64 3.9.2-3 [38.2 kB]
Get:11 http://127.0.0.1:12990/debian sid/main amd64 media-types all 4.0.0 [30.3 kB]
Get:12 http://127.0.0.1:12990/debian sid/main amd64 libmpdec3 amd64 2.5.1-2 [87.8 kB]
Get:13 http://127.0.0.1:12990/debian sid/main amd64 libncursesw6 amd64 6.2+20210905-1 [133 kB]
Get:14 http://127.0.0.1:12990/debian sid/main amd64 readline-common all 8.1-2 [73.8 kB]
Get:15 http://127.0.0.1:12990/debian sid/main amd64 libreadline8 amd64 8.1-2 [168 kB]
Get:16 http://127.0.0.1:12990/debian sid/main amd64 libsqlite3-0 amd64 3.36.0-2 [815 kB]
Get:17 http://127.0.0.1:12990/debian sid/main amd64 libpython3.9-stdlib amd64 3.9.7-4 [1688 kB]
Get:18 http://127.0.0.1:12990/debian sid/main amd64 python3.9 amd64 3.9.7-4 [480 kB]
Get:19 http://127.0.0.1:12990/debian sid/main amd64 libpython3-stdlib amd64 3.9.2-3 [21.4 kB]
Get:20 http://127.0.0.1:12990/debian sid/main amd64 python3 amd64 3.9.2-3 [37.9 kB]
Get:21 http://127.0.0.1:12990/debian sid/main amd64 sensible-utils all 0.0.17 [21.5 kB]
Get:22 http://127.0.0.1:12990/debian sid/main amd64 libmagic-mgc amd64 1:5.39-3 [273 kB]
Get:23 http://127.0.0.1:12990/debian sid/main amd64 libmagic1 amd64 1:5.39-3 [126 kB]
Get:24 http://127.0.0.1:12990/debian sid/main amd64 file amd64 1:5.39-3 [69.1 kB]
Get:25 http://127.0.0.1:12990/debian sid/main amd64 gettext-base amd64 0.21-4 [175 kB]
Get:26 http://127.0.0.1:12990/debian sid/main amd64 libsigsegv2 amd64 2.13-1 [34.8 kB]
Get:27 http://127.0.0.1:12990/debian sid/main amd64 m4 amd64 1.4.18-5 [204 kB]
Get:28 http://127.0.0.1:12990/debian sid/main amd64 autoconf all 2.71-2 [343 kB]
Get:29 http://127.0.0.1:12990/debian sid/main amd64 autotools-dev all 20180224.1+nmu1 [77.1 kB]
Get:30 http://127.0.0.1:12990/debian sid/main amd64 automake all 1:1.16.5-1 [823 kB]
Get:31 http://127.0.0.1:12990/debian sid/main amd64 autopoint all 0.21-4 [510 kB]
Get:32 http://127.0.0.1:12990/debian sid/main amd64 libllvm11 amd64 1:11.1.0-4 [17.9 MB]
Get:33 http://127.0.0.1:12990/debian sid/main amd64 libclang-cpp11 amd64 1:11.1.0-4 [9662 kB]
Get:34 http://127.0.0.1:12990/debian sid/main amd64 libgcc-10-dev amd64 10.3.0-11 [2323 kB]
Get:35 http://127.0.0.1:12990/debian sid/main amd64 libstdc++-10-dev amd64 10.3.0-11 [1750 kB]
Get:36 http://127.0.0.1:12990/debian sid/main amd64 libobjc-10-dev amd64 10.3.0-11 [170 kB]
Get:37 http://127.0.0.1:12990/debian sid/main amd64 libclang-common-11-dev amd64 1:11.1.0-4 [4827 kB]
Get:38 http://127.0.0.1:12990/debian sid/main amd64 llvm-11-linker-tools amd64 1:11.1.0-4 [1189 kB]
Get:39 http://127.0.0.1:12990/debian sid/main amd64 libclang1-11 amd64 1:11.1.0-4 [5522 kB]
Get:40 http://127.0.0.1:12990/debian sid/main amd64 clang-11 amd64 1:11.1.0-4 [110 kB]
Get:41 http://127.0.0.1:12990/debian sid/main amd64 clang amd64 1:11.0-51+nmu5 [8872 B]
Get:42 http://127.0.0.1:12990/debian sid/main amd64 cpp-10 amd64 10.3.0-11 [8569 kB]
Get:43 http://127.0.0.1:12990/debian sid/main amd64 libdebhelper-perl all 13.5.2 [192 kB]
Get:44 http://127.0.0.1:12990/debian sid/main amd64 gcc-10 amd64 10.3.0-11 [17.1 MB]
Get:45 http://127.0.0.1:12990/debian sid/main amd64 libtool all 2.4.6-15 [513 kB]
Get:46 http://127.0.0.1:12990/debian sid/main amd64 dh-autoreconf all 20 [17.1 kB]
Get:47 http://127.0.0.1:12990/debian sid/main amd64 libarchive-zip-perl all 1.68-1 [104 kB]
Get:48 http://127.0.0.1:12990/debian sid/main amd64 libsub-override-perl all 0.09-2 [10.2 kB]
Get:49 http://127.0.0.1:12990/debian sid/main amd64 libfile-stripnondeterminism-perl all 1.12.0-2 [26.3 kB]
Get:50 http://127.0.0.1:12990/debian sid/main amd64 dh-strip-nondeterminism all 1.12.0-2 [15.5 kB]
Get:51 http://127.0.0.1:12990/debian sid/main amd64 dwz amd64 0.14-1 [98.3 kB]
Get:52 http://127.0.0.1:12990/debian sid/main amd64 gettext amd64 0.21-4 [1311 kB]
Get:53 http://127.0.0.1:12990/debian sid/main amd64 intltool-debian all 0.35.0+20060710.5 [26.8 kB]
Get:54 http://127.0.0.1:12990/debian sid/main amd64 po-debconf all 1.0.21+nmu1 [248 kB]
Get:55 http://127.0.0.1:12990/debian sid/main amd64 debhelper all 13.5.2 [1056 kB]
Get:56 http://127.0.0.1:12990/debian sid/main amd64 dh-buildinfo all 0.11+nmu2 [18.4 kB]
Get:57 http://127.0.0.1:12990/debian sid/main amd64 libgmpxx4ldbl amd64 2:6.2.1+dfsg-2 [338 kB]
Get:58 http://127.0.0.1:12990/debian sid/main amd64 libgmp-dev amd64 2:6.2.1+dfsg-2 [641 kB]
Get:59 http://127.0.0.1:12990/debian sid/main amd64 libmpfr-dev amd64 4.1.0-3 [252 kB]
Get:60 http://127.0.0.1:12990/debian sid/main amd64 libmpc-dev amd64 1.2.1-1 [56.1 kB]
Get:61 http://127.0.0.1:12990/debian sid/main amd64 gcc-10-plugin-dev amd64 10.3.0-11 [1301 kB]
Get:62 http://127.0.0.1:12990/debian sid/main amd64 icu-devtools amd64 67.1-7 [201 kB]
Get:63 http://127.0.0.1:12990/debian sid/main amd64 libcmocka0 amd64 1.1.5-2 [22.6 kB]
Get:64 http://127.0.0.1:12990/debian sid/main amd64 libcmocka-dev amd64 1.1.5-2 [19.0 kB]
Get:65 http://127.0.0.1:12990/debian sid/main amd64 libexpat1-dev amd64 2.4.1-3 [156 kB]
Get:66 http://127.0.0.1:12990/debian sid/main amd64 libffi-dev amd64 3.4.2-3 [60.4 kB]
Get:67 http://127.0.0.1:12990/debian sid/main amd64 libicu-dev amd64 67.1-7 [9597 kB]
Get:68 http://127.0.0.1:12990/debian sid/main amd64 libjs-jquery all 3.5.1+dfsg+~3.5.5-8 [315 kB]
Get:69 http://127.0.0.1:12990/debian sid/main amd64 libjs-underscore all 1.9.1~dfsg-4 [100 kB]
Get:70 http://127.0.0.1:12990/debian sid/main amd64 libjs-sphinxdoc all 4.2.0-5 [137 kB]
Get:71 http://127.0.0.1:12990/debian sid/main amd64 libncurses6 amd64 6.2+20210905-1 [102 kB]
Get:72 http://127.0.0.1:12990/debian sid/main amd64 libncurses-dev amd64 6.2+20210905-1 [344 kB]
Get:73 http://127.0.0.1:12990/debian sid/main amd64 libpfm4 amd64 4.11.1+git32-gd0b85fb-1 [286 kB]
Get:74 http://127.0.0.1:12990/debian sid/main amd64 libpython3.9 amd64 3.9.7-4 [1693 kB]
Get:75 http://127.0.0.1:12990/debian sid/main amd64 zlib1g-dev amd64 1:1.2.11.dfsg-2 [190 kB]
Get:76 http://127.0.0.1:12990/debian sid/main amd64 libpython3.9-dev amd64 3.9.7-4 [4032 kB]
Get:77 http://127.0.0.1:12990/debian sid/main amd64 libpython3-dev amd64 3.9.2-3 [21.7 kB]
Get:78 http://127.0.0.1:12990/debian sid/main amd64 libtinfo-dev amd64 6.2+20210905-1 [932 B]
Get:79 http://127.0.0.1:12990/debian sid/main amd64 libxml2-dev amd64 2.9.12+dfsg-5 [792 kB]
Get:80 http://127.0.0.1:12990/debian sid/main amd64 libyaml-0-2 amd64 0.2.2-1 [49.6 kB]
Get:81 http://127.0.0.1:12990/debian sid/main amd64 libz3-dev amd64 4.8.12-1+b1 [92.2 kB]
Get:82 http://127.0.0.1:12990/debian sid/main amd64 llvm-12-runtime amd64 1:12.0.1-15 [230 kB]
Get:83 http://127.0.0.1:12990/debian sid/main amd64 llvm-12 amd64 1:12.0.1-15 [10.7 MB]
Get:84 http://127.0.0.1:12990/debian sid/main amd64 python3-pkg-resources all 58.2.0-1 [192 kB]
Get:85 http://127.0.0.1:12990/debian sid/main amd64 python3-pygments all 2.7.1+dfsg-2.1 [657 kB]
Get:86 http://127.0.0.1:12990/debian sid/main amd64 python3-yaml amd64 5.4.1-1 [128 kB]
Get:87 http://127.0.0.1:12990/debian sid/main amd64 llvm-12-tools amd64 1:12.0.1-15 [402 kB]
Get:88 http://127.0.0.1:12990/debian sid/main amd64 llvm-12-dev amd64 1:12.0.1-15 [29.8 MB]
Get:89 http://127.0.0.1:12990/debian sid/main amd64 python3.9-dev amd64 3.9.7-4 [508 kB]
Get:90 http://127.0.0.1:12990/debian sid/main amd64 python3-lib2to3 all 3.9.7-1 [79.4 kB]
Get:91 http://127.0.0.1:12990/debian sid/main amd64 python3-distutils all 3.9.7-1 [146 kB]
Get:92 http://127.0.0.1:12990/debian sid/main amd64 python3-dev amd64 3.9.2-3 [24.8 kB]
debconf: delaying package configuration, since apt-utils is not installed
Fetched 148 MB in 1s (149 MB/s)
Selecting previously unselected package bsdextrautils.
(Reading database ... 14272 files and directories currently installed.)
Preparing to unpack .../0-bsdextrautils_2.37.2-4_amd64.deb ...
Unpacking bsdextrautils (2.37.2-4) ...
Selecting previously unselected package libuchardet0:amd64.
Preparing to unpack .../1-libuchardet0_0.0.7-1_amd64.deb ...
Unpacking libuchardet0:amd64 (0.0.7-1) ...
Selecting previously unselected package groff-base.
Preparing to unpack .../2-groff-base_1.22.4-7_amd64.deb ...
Unpacking groff-base (1.22.4-7) ...
Selecting previously unselected package libpipeline1:amd64.
Preparing to unpack .../3-libpipeline1_1.5.3-1_amd64.deb ...
Unpacking libpipeline1:amd64 (1.5.3-1) ...
Selecting previously unselected package man-db.
Preparing to unpack .../4-man-db_2.9.4-2_amd64.deb ...
Unpacking man-db (2.9.4-2) ...
Selecting previously unselected package libpython3.9-minimal:amd64.
Preparing to unpack .../5-libpython3.9-minimal_3.9.7-4_amd64.deb ...
Unpacking libpython3.9-minimal:amd64 (3.9.7-4) ...
Selecting previously unselected package libexpat1:amd64.
Preparing to unpack .../6-libexpat1_2.4.1-3_amd64.deb ...
Unpacking libexpat1:amd64 (2.4.1-3) ...
Selecting previously unselected package python3.9-minimal.
Preparing to unpack .../7-python3.9-minimal_3.9.7-4_amd64.deb ...
Unpacking python3.9-minimal (3.9.7-4) ...
Setting up libpython3.9-minimal:amd64 (3.9.7-4) ...
Setting up libexpat1:amd64 (2.4.1-3) ...
Setting up python3.9-minimal (3.9.7-4) ...
Selecting previously unselected package python3-minimal.
(Reading database ... 15139 files and directories currently installed.)
Preparing to unpack .../0-python3-minimal_3.9.2-3_amd64.deb ...
Unpacking python3-minimal (3.9.2-3) ...
Selecting previously unselected package media-types.
Preparing to unpack .../1-media-types_4.0.0_all.deb ...
Unpacking media-types (4.0.0) ...
Selecting previously unselected package libmpdec3:amd64.
Preparing to unpack .../2-libmpdec3_2.5.1-2_amd64.deb ...
Unpacking libmpdec3:amd64 (2.5.1-2) ...
Selecting previously unselected package libncursesw6:amd64.
Preparing to unpack .../3-libncursesw6_6.2+20210905-1_amd64.deb ...
Unpacking libncursesw6:amd64 (6.2+20210905-1) ...
Selecting previously unselected package readline-common.
Preparing to unpack .../4-readline-common_8.1-2_all.deb ...
Unpacking readline-common (8.1-2) ...
Selecting previously unselected package libreadline8:amd64.
Preparing to unpack .../5-libreadline8_8.1-2_amd64.deb ...
Unpacking libreadline8:amd64 (8.1-2) ...
Selecting previously unselected package libsqlite3-0:amd64.
Preparing to unpack .../6-libsqlite3-0_3.36.0-2_amd64.deb ...
Unpacking libsqlite3-0:amd64 (3.36.0-2) ...
Selecting previously unselected package libpython3.9-stdlib:amd64.
Preparing to unpack .../7-libpython3.9-stdlib_3.9.7-4_amd64.deb ...
Unpacking libpython3.9-stdlib:amd64 (3.9.7-4) ...
Selecting previously unselected package python3.9.
Preparing to unpack .../8-python3.9_3.9.7-4_amd64.deb ...
Unpacking python3.9 (3.9.7-4) ...
Selecting previously unselected package libpython3-stdlib:amd64.
Preparing to unpack .../9-libpython3-stdlib_3.9.2-3_amd64.deb ...
Unpacking libpython3-stdlib:amd64 (3.9.2-3) ...
Setting up python3-minimal (3.9.2-3) ...
Selecting previously unselected package python3.
(Reading database ... 15578 files and directories currently installed.)
Preparing to unpack .../00-python3_3.9.2-3_amd64.deb ...
Unpacking python3 (3.9.2-3) ...
Selecting previously unselected package sensible-utils.
Preparing to unpack .../01-sensible-utils_0.0.17_all.deb ...
Unpacking sensible-utils (0.0.17) ...
Selecting previously unselected package libmagic-mgc.
Preparing to unpack .../02-libmagic-mgc_1%3a5.39-3_amd64.deb ...
Unpacking libmagic-mgc (1:5.39-3) ...
Selecting previously unselected package libmagic1:amd64.
Preparing to unpack .../03-libmagic1_1%3a5.39-3_amd64.deb ...
Unpacking libmagic1:amd64 (1:5.39-3) ...
Selecting previously unselected package file.
Preparing to unpack .../04-file_1%3a5.39-3_amd64.deb ...
Unpacking file (1:5.39-3) ...
Selecting previously unselected package gettext-base.
Preparing to unpack .../05-gettext-base_0.21-4_amd64.deb ...
Unpacking gettext-base (0.21-4) ...
Selecting previously unselected package libsigsegv2:amd64.
Preparing to unpack .../06-libsigsegv2_2.13-1_amd64.deb ...
Unpacking libsigsegv2:amd64 (2.13-1) ...
Selecting previously unselected package m4.
Preparing to unpack .../07-m4_1.4.18-5_amd64.deb ...
Unpacking m4 (1.4.18-5) ...
Selecting previously unselected package autoconf.
Preparing to unpack .../08-autoconf_2.71-2_all.deb ...
Unpacking autoconf (2.71-2) ...
Selecting previously unselected package autotools-dev.
Preparing to unpack .../09-autotools-dev_20180224.1+nmu1_all.deb ...
Unpacking autotools-dev (20180224.1+nmu1) ...
Selecting previously unselected package automake.
Preparing to unpack .../10-automake_1%3a1.16.5-1_all.deb ...
Unpacking automake (1:1.16.5-1) ...
Selecting previously unselected package autopoint.
Preparing to unpack .../11-autopoint_0.21-4_all.deb ...
Unpacking autopoint (0.21-4) ...
Selecting previously unselected package libllvm11:amd64.
Preparing to unpack .../12-libllvm11_1%3a11.1.0-4_amd64.deb ...
Unpacking libllvm11:amd64 (1:11.1.0-4) ...
Selecting previously unselected package libclang-cpp11.
Preparing to unpack .../13-libclang-cpp11_1%3a11.1.0-4_amd64.deb ...
Unpacking libclang-cpp11 (1:11.1.0-4) ...
Selecting previously unselected package libgcc-10-dev:amd64.
Preparing to unpack .../14-libgcc-10-dev_10.3.0-11_amd64.deb ...
Unpacking libgcc-10-dev:amd64 (10.3.0-11) ...
Selecting previously unselected package libstdc++-10-dev:amd64.
Preparing to unpack .../15-libstdc++-10-dev_10.3.0-11_amd64.deb ...
Unpacking libstdc++-10-dev:amd64 (10.3.0-11) ...
Selecting previously unselected package libobjc-10-dev:amd64.
Preparing to unpack .../16-libobjc-10-dev_10.3.0-11_amd64.deb ...
Unpacking libobjc-10-dev:amd64 (10.3.0-11) ...
Selecting previously unselected package libclang-common-11-dev.
Preparing to unpack .../17-libclang-common-11-dev_1%3a11.1.0-4_amd64.deb ...
Unpacking libclang-common-11-dev (1:11.1.0-4) ...
Selecting previously unselected package llvm-11-linker-tools.
Preparing to unpack .../18-llvm-11-linker-tools_1%3a11.1.0-4_amd64.deb ...
Unpacking llvm-11-linker-tools (1:11.1.0-4) ...
Selecting previously unselected package libclang1-11.
Preparing to unpack .../19-libclang1-11_1%3a11.1.0-4_amd64.deb ...
Unpacking libclang1-11 (1:11.1.0-4) ...
Selecting previously unselected package clang-11.
Preparing to unpack .../20-clang-11_1%3a11.1.0-4_amd64.deb ...
Unpacking clang-11 (1:11.1.0-4) ...
Selecting previously unselected package clang.
Preparing to unpack .../21-clang_1%3a11.0-51+nmu5_amd64.deb ...
Unpacking clang (1:11.0-51+nmu5) ...
Selecting previously unselected package cpp-10.
Preparing to unpack .../22-cpp-10_10.3.0-11_amd64.deb ...
Unpacking cpp-10 (10.3.0-11) ...
Selecting previously unselected package libdebhelper-perl.
Preparing to unpack .../23-libdebhelper-perl_13.5.2_all.deb ...
Unpacking libdebhelper-perl (13.5.2) ...
Selecting previously unselected package gcc-10.
Preparing to unpack .../24-gcc-10_10.3.0-11_amd64.deb ...
Unpacking gcc-10 (10.3.0-11) ...
Selecting previously unselected package libtool.
Preparing to unpack .../25-libtool_2.4.6-15_all.deb ...
Unpacking libtool (2.4.6-15) ...
Selecting previously unselected package dh-autoreconf.
Preparing to unpack .../26-dh-autoreconf_20_all.deb ...
Unpacking dh-autoreconf (20) ...
Selecting previously unselected package libarchive-zip-perl.
Preparing to unpack .../27-libarchive-zip-perl_1.68-1_all.deb ...
Unpacking libarchive-zip-perl (1.68-1) ...
Selecting previously unselected package libsub-override-perl.
Preparing to unpack .../28-libsub-override-perl_0.09-2_all.deb ...
Unpacking libsub-override-perl (0.09-2) ...
Selecting previously unselected package libfile-stripnondeterminism-perl.
Preparing to unpack .../29-libfile-stripnondeterminism-perl_1.12.0-2_all.deb ...
Unpacking libfile-stripnondeterminism-perl (1.12.0-2) ...
Selecting previously unselected package dh-strip-nondeterminism.
Preparing to unpack .../30-dh-strip-nondeterminism_1.12.0-2_all.deb ...
Unpacking dh-strip-nondeterminism (1.12.0-2) ...
Selecting previously unselected package dwz.
Preparing to unpack .../31-dwz_0.14-1_amd64.deb ...
Unpacking dwz (0.14-1) ...
Selecting previously unselected package gettext.
Preparing to unpack .../32-gettext_0.21-4_amd64.deb ...
Unpacking gettext (0.21-4) ...
Selecting previously unselected package intltool-debian.
Preparing to unpack .../33-intltool-debian_0.35.0+20060710.5_all.deb ...
Unpacking intltool-debian (0.35.0+20060710.5) ...
Selecting previously unselected package po-debconf.
Preparing to unpack .../34-po-debconf_1.0.21+nmu1_all.deb ...
Unpacking po-debconf (1.0.21+nmu1) ...
Selecting previously unselected package debhelper.
Preparing to unpack .../35-debhelper_13.5.2_all.deb ...
Unpacking debhelper (13.5.2) ...
Selecting previously unselected package dh-buildinfo.
Preparing to unpack .../36-dh-buildinfo_0.11+nmu2_all.deb ...
Unpacking dh-buildinfo (0.11+nmu2) ...
Selecting previously unselected package libgmpxx4ldbl:amd64.
Preparing to unpack .../37-libgmpxx4ldbl_2%3a6.2.1+dfsg-2_amd64.deb ...
Unpacking libgmpxx4ldbl:amd64 (2:6.2.1+dfsg-2) ...
Selecting previously unselected package libgmp-dev:amd64.
Preparing to unpack .../38-libgmp-dev_2%3a6.2.1+dfsg-2_amd64.deb ...
Unpacking libgmp-dev:amd64 (2:6.2.1+dfsg-2) ...
Selecting previously unselected package libmpfr-dev:amd64.
Preparing to unpack .../39-libmpfr-dev_4.1.0-3_amd64.deb ...
Unpacking libmpfr-dev:amd64 (4.1.0-3) ...
Selecting previously unselected package libmpc-dev:amd64.
Preparing to unpack .../40-libmpc-dev_1.2.1-1_amd64.deb ...
Unpacking libmpc-dev:amd64 (1.2.1-1) ...
Selecting previously unselected package gcc-10-plugin-dev.
Preparing to unpack .../41-gcc-10-plugin-dev_10.3.0-11_amd64.deb ...
Unpacking gcc-10-plugin-dev (10.3.0-11) ...
Selecting previously unselected package icu-devtools.
Preparing to unpack .../42-icu-devtools_67.1-7_amd64.deb ...
Unpacking icu-devtools (67.1-7) ...
Selecting previously unselected package libcmocka0:amd64.
Preparing to unpack .../43-libcmocka0_1.1.5-2_amd64.deb ...
Unpacking libcmocka0:amd64 (1.1.5-2) ...
Selecting previously unselected package libcmocka-dev:amd64.
Preparing to unpack .../44-libcmocka-dev_1.1.5-2_amd64.deb ...
Unpacking libcmocka-dev:amd64 (1.1.5-2) ...
Selecting previously unselected package libexpat1-dev:amd64.
Preparing to unpack .../45-libexpat1-dev_2.4.1-3_amd64.deb ...
Unpacking libexpat1-dev:amd64 (2.4.1-3) ...
Selecting previously unselected package libffi-dev:amd64.
Preparing to unpack .../46-libffi-dev_3.4.2-3_amd64.deb ...
Unpacking libffi-dev:amd64 (3.4.2-3) ...
Selecting previously unselected package libicu-dev:amd64.
Preparing to unpack .../47-libicu-dev_67.1-7_amd64.deb ...
Unpacking libicu-dev:amd64 (67.1-7) ...
Selecting previously unselected package libjs-jquery.
Preparing to unpack .../48-libjs-jquery_3.5.1+dfsg+~3.5.5-8_all.deb ...
Unpacking libjs-jquery (3.5.1+dfsg+~3.5.5-8) ...
Selecting previously unselected package libjs-underscore.
Preparing to unpack .../49-libjs-underscore_1.9.1~dfsg-4_all.deb ...
Unpacking libjs-underscore (1.9.1~dfsg-4) ...
Selecting previously unselected package libjs-sphinxdoc.
Preparing to unpack .../50-libjs-sphinxdoc_4.2.0-5_all.deb ...
Unpacking libjs-sphinxdoc (4.2.0-5) ...
Selecting previously unselected package libncurses6:amd64.
Preparing to unpack .../51-libncurses6_6.2+20210905-1_amd64.deb ...
Unpacking libncurses6:amd64 (6.2+20210905-1) ...
Selecting previously unselected package libncurses-dev:amd64.
Preparing to unpack .../52-libncurses-dev_6.2+20210905-1_amd64.deb ...
Unpacking libncurses-dev:amd64 (6.2+20210905-1) ...
Selecting previously unselected package libpfm4:amd64.
Preparing to unpack .../53-libpfm4_4.11.1+git32-gd0b85fb-1_amd64.deb ...
Unpacking libpfm4:amd64 (4.11.1+git32-gd0b85fb-1) ...
Selecting previously unselected package libpython3.9:amd64.
Preparing to unpack .../54-libpython3.9_3.9.7-4_amd64.deb ...
Unpacking libpython3.9:amd64 (3.9.7-4) ...
Selecting previously unselected package zlib1g-dev:amd64.
Preparing to unpack .../55-zlib1g-dev_1%3a1.2.11.dfsg-2_amd64.deb ...
Unpacking zlib1g-dev:amd64 (1:1.2.11.dfsg-2) ...
Selecting previously unselected package libpython3.9-dev:amd64.
Preparing to unpack .../56-libpython3.9-dev_3.9.7-4_amd64.deb ...
Unpacking libpython3.9-dev:amd64 (3.9.7-4) ...
Selecting previously unselected package libpython3-dev:amd64.
Preparing to unpack .../57-libpython3-dev_3.9.2-3_amd64.deb ...
Unpacking libpython3-dev:amd64 (3.9.2-3) ...
Selecting previously unselected package libtinfo-dev:amd64.
Preparing to unpack .../58-libtinfo-dev_6.2+20210905-1_amd64.deb ...
Unpacking libtinfo-dev:amd64 (6.2+20210905-1) ...
Selecting previously unselected package libxml2-dev:amd64.
Preparing to unpack .../59-libxml2-dev_2.9.12+dfsg-5_amd64.deb ...
Unpacking libxml2-dev:amd64 (2.9.12+dfsg-5) ...
Selecting previously unselected package libyaml-0-2:amd64.
Preparing to unpack .../60-libyaml-0-2_0.2.2-1_amd64.deb ...
Unpacking libyaml-0-2:amd64 (0.2.2-1) ...
Selecting previously unselected package libz3-dev:amd64.
Preparing to unpack .../61-libz3-dev_4.8.12-1+b1_amd64.deb ...
Unpacking libz3-dev:amd64 (4.8.12-1+b1) ...
Selecting previously unselected package llvm-12-runtime.
Preparing to unpack .../62-llvm-12-runtime_1%3a12.0.1-15_amd64.deb ...
Unpacking llvm-12-runtime (1:12.0.1-15) ...
Selecting previously unselected package llvm-12.
Preparing to unpack .../63-llvm-12_1%3a12.0.1-15_amd64.deb ...
Unpacking llvm-12 (1:12.0.1-15) ...
Selecting previously unselected package python3-pkg-resources.
Preparing to unpack .../64-python3-pkg-resources_58.2.0-1_all.deb ...
Unpacking python3-pkg-resources (58.2.0-1) ...
Selecting previously unselected package python3-pygments.
Preparing to unpack .../65-python3-pygments_2.7.1+dfsg-2.1_all.deb ...
Unpacking python3-pygments (2.7.1+dfsg-2.1) ...
Selecting previously unselected package python3-yaml.
Preparing to unpack .../66-python3-yaml_5.4.1-1_amd64.deb ...
Unpacking python3-yaml (5.4.1-1) ...
Selecting previously unselected package llvm-12-tools.
Preparing to unpack .../67-llvm-12-tools_1%3a12.0.1-15_amd64.deb ...
Unpacking llvm-12-tools (1:12.0.1-15) ...
Selecting previously unselected package llvm-12-dev.
Preparing to unpack .../68-llvm-12-dev_1%3a12.0.1-15_amd64.deb ...
Unpacking llvm-12-dev (1:12.0.1-15) ...
Selecting previously unselected package python3.9-dev.
Preparing to unpack .../69-python3.9-dev_3.9.7-4_amd64.deb ...
Unpacking python3.9-dev (3.9.7-4) ...
Selecting previously unselected package python3-lib2to3.
Preparing to unpack .../70-python3-lib2to3_3.9.7-1_all.deb ...
Unpacking python3-lib2to3 (3.9.7-1) ...
Selecting previously unselected package python3-distutils.
Preparing to unpack .../71-python3-distutils_3.9.7-1_all.deb ...
Unpacking python3-distutils (3.9.7-1) ...
Selecting previously unselected package python3-dev.
Preparing to unpack .../72-python3-dev_3.9.2-3_amd64.deb ...
Unpacking python3-dev (3.9.2-3) ...
Selecting previously unselected package sbuild-build-depends-main-dummy.
Preparing to unpack .../73-sbuild-build-depends-main-dummy_0.invalid.0_amd64.deb ...
Unpacking sbuild-build-depends-main-dummy (0.invalid.0) ...
Setting up media-types (4.0.0) ...
Setting up libpipeline1:amd64 (1.5.3-1) ...
Setting up libz3-dev:amd64 (4.8.12-1+b1) ...
Setting up bsdextrautils (2.37.2-4) ...
update-alternatives: using /usr/bin/write.ul to provide /usr/bin/write (write) in auto mode
Setting up libmagic-mgc (1:5.39-3) ...
Setting up libarchive-zip-perl (1.68-1) ...
Setting up libyaml-0-2:amd64 (0.2.2-1) ...
Setting up libgcc-10-dev:amd64 (10.3.0-11) ...
Setting up libdebhelper-perl (13.5.2) ...
Setting up libsqlite3-0:amd64 (3.36.0-2) ...
Setting up libmagic1:amd64 (1:5.39-3) ...
Setting up gettext-base (0.21-4) ...
Setting up file (1:5.39-3) ...
Setting up libffi-dev:amd64 (3.4.2-3) ...
Setting up libcmocka0:amd64 (1.1.5-2) ...
Setting up autotools-dev (20180224.1+nmu1) ...
Setting up libgmpxx4ldbl:amd64 (2:6.2.1+dfsg-2) ...
Setting up llvm-12-runtime (1:12.0.1-15) ...
/usr/bin/which: this version of `which' is deprecated; use `command -v' in scripts instead.
Setting up libpfm4:amd64 (4.11.1+git32-gd0b85fb-1) ...
Setting up libllvm11:amd64 (1:11.1.0-4) ...
Setting up libexpat1-dev:amd64 (2.4.1-3) ...
Setting up libncurses6:amd64 (6.2+20210905-1) ...
Setting up libsigsegv2:amd64 (2.13-1) ...
Setting up libclang1-11 (1:11.1.0-4) ...
Setting up autopoint (0.21-4) ...
Setting up icu-devtools (67.1-7) ...
Setting up libncursesw6:amd64 (6.2+20210905-1) ...
Setting up libcmocka-dev:amd64 (1.1.5-2) ...
Setting up llvm-11-linker-tools (1:11.1.0-4) ...
Setting up zlib1g-dev:amd64 (1:1.2.11.dfsg-2) ...
Setting up libobjc-10-dev:amd64 (10.3.0-11) ...
Setting up dwz (0.14-1) ...
Setting up sensible-utils (0.0.17) ...
Setting up libuchardet0:amd64 (0.0.7-1) ...
Setting up libclang-common-11-dev (1:11.1.0-4) ...
Setting up libmpdec3:amd64 (2.5.1-2) ...
Setting up libsub-override-perl (0.09-2) ...
Setting up libjs-jquery (3.5.1+dfsg+~3.5.5-8) ...
Setting up readline-common (8.1-2) ...
Setting up libicu-dev:amd64 (67.1-7) ...
Setting up cpp-10 (10.3.0-11) ...
Setting up libjs-underscore (1.9.1~dfsg-4) ...
Setting up libfile-stripnondeterminism-perl (1.12.0-2) ...
Setting up libncurses-dev:amd64 (6.2+20210905-1) ...
Setting up gettext (0.21-4) ...
Setting up libstdc++-10-dev:amd64 (10.3.0-11) ...
Setting up libgmp-dev:amd64 (2:6.2.1+dfsg-2) ...
Setting up llvm-12 (1:12.0.1-15) ...
Setting up libtool (2.4.6-15) ...
Setting up libreadline8:amd64 (8.1-2) ...
Setting up m4 (1.4.18-5) ...
Setting up libmpfr-dev:amd64 (4.1.0-3) ...
Setting up intltool-debian (0.35.0+20060710.5) ...
Setting up libclang-cpp11 (1:11.1.0-4) ...
Setting up libxml2-dev:amd64 (2.9.12+dfsg-5) ...
Setting up libmpc-dev:amd64 (1.2.1-1) ...
Setting up gcc-10 (10.3.0-11) ...
Setting up libjs-sphinxdoc (4.2.0-5) ...
Setting up autoconf (2.71-2) ...
Setting up dh-strip-nondeterminism (1.12.0-2) ...
Setting up groff-base (1.22.4-7) ...
Setting up gcc-10-plugin-dev (10.3.0-11) ...
Setting up clang-11 (1:11.1.0-4) ...
Setting up libpython3.9-stdlib:amd64 (3.9.7-4) ...
Setting up libpython3-stdlib:amd64 (3.9.2-3) ...
Setting up automake (1:1.16.5-1) ...
update-alternatives: using /usr/bin/automake-1.16 to provide /usr/bin/automake (automake) in auto mode
Setting up libtinfo-dev:amd64 (6.2+20210905-1) ...
Setting up po-debconf (1.0.21+nmu1) ...
Setting up man-db (2.9.4-2) ...
Not building database; man-db/auto-update is not 'true'.
Setting up dh-autoreconf (20) ...
Setting up libpython3.9:amd64 (3.9.7-4) ...
Setting up clang (1:11.0-51+nmu5) ...
Setting up python3.9 (3.9.7-4) ...
Setting up libpython3.9-dev:amd64 (3.9.7-4) ...
Setting up debhelper (13.5.2) ...
Setting up python3 (3.9.2-3) ...
Setting up dh-buildinfo (0.11+nmu2) ...
Setting up python3.9-dev (3.9.7-4) ...
Setting up python3-lib2to3 (3.9.7-1) ...
Setting up python3-pkg-resources (58.2.0-1) ...
Setting up python3-distutils (3.9.7-1) ...
Setting up libpython3-dev:amd64 (3.9.2-3) ...
Setting up python3-yaml (5.4.1-1) ...
Setting up python3-pygments (2.7.1+dfsg-2.1) ...
Setting up python3-dev (3.9.2-3) ...
Setting up llvm-12-tools (1:12.0.1-15) ...
Setting up llvm-12-dev (1:12.0.1-15) ...
Setting up sbuild-build-depends-main-dummy (0.invalid.0) ...
Processing triggers for libc-bin (2.32-4) ...

+------------------------------------------------------------------------------+
| Check architectures                                                          |
+------------------------------------------------------------------------------+

Arch check ok (amd64 included in any all)

+------------------------------------------------------------------------------+
| Build environment                                                            |
+------------------------------------------------------------------------------+

Kernel: Linux 4.19.0-6-cloud-amd64 #1 SMP Debian 4.19.67-2+deb10u2 (2019-11-11) amd64 (x86_64)
Toolchain package versions: binutils_2.37-7 dpkg-dev_1.20.9 g++-11_11.2.0-10 gcc-10_10.3.0-11 gcc-11_11.2.0-10 libc6-dev_2.32-4 libstdc++-10-dev_10.3.0-11 libstdc++-11-dev_11.2.0-10 libstdc++6_11.2.0-10 linux-libc-dev_5.14.12-1
Package versions: adduser_3.118 apt_2.3.11 autoconf_2.71-2 automake_1:1.16.5-1 autopoint_0.21-4 autotools-dev_20180224.1+nmu1 base-files_12 base-passwd_3.5.52 bash_5.1-3+b2 binutils_2.37-7 binutils-common_2.37-7 binutils-x86-64-linux-gnu_2.37-7 bsdextrautils_2.37.2-4 bsdutils_1:2.37.2-4 build-essential_12.9 bzip2_1.0.8-4 clang_1:11.0-51+nmu5 clang-11_1:11.1.0-4 clang-12_1:12.0.1-15 coreutils_8.32-4+b1 cpp_4:11.2.0-2 cpp-10_10.3.0-11 cpp-11_11.2.0-10 dash_0.5.11+git20210120+802ebd4-2 debconf_1.5.78 debhelper_13.5.2 debian-archive-keyring_2021.1.1 debianutils_5.5-1 dh-autoreconf_20 dh-buildinfo_0.11+nmu2 dh-strip-nondeterminism_1.12.0-2 diffutils_1:3.7-5 dpkg_1.20.9 dpkg-dev_1.20.9 dwz_0.14-1 e2fsprogs_1.46.4-1 fakeroot_1.26-1 file_1:5.39-3 findutils_4.8.0-1 g++_4:11.2.0-2 g++-11_11.2.0-10 gcc_4:11.2.0-2 gcc-10_10.3.0-11 gcc-10-base_10.3.0-11 gcc-10-plugin-dev_10.3.0-11 gcc-11_11.2.0-10 gcc-11-base_11.2.0-10 gcc-9-base_9.4.0-3 gettext_0.21-4 gettext-base_0.21-4 gpgv_2.2.27-2 grep_3.7-1 groff-base_1.22.4-7 gzip_1.10-4 hostname_3.23 icu-devtools_67.1-7 init-system-helpers_1.60 intltool-debian_0.35.0+20060710.5 lib32gcc-s1_11.2.0-10 lib32stdc++6_11.2.0-10 libacl1_2.3.1-1 libapt-pkg6.0_2.3.11 libarchive-zip-perl_1.68-1 libasan5_9.4.0-3 libasan6_11.2.0-10 libatomic1_11.2.0-10 libattr1_1:2.5.1-1 libaudit-common_1:3.0.6-1 libaudit1_1:3.0.6-1 libbinutils_2.37-7 libblkid1_2.37.2-4 libbsd0_0.11.3-1 libbz2-1.0_1.0.8-4 libc-bin_2.32-4 libc-dev-bin_2.32-4 libc6_2.32-4 libc6-dev_2.32-4 libc6-i386_2.32-4 libcap-ng0_0.7.9-2.2+b1 libcap2_1:2.44-1 libcc1-0_11.2.0-10 libclang-common-11-dev_1:11.1.0-4 libclang-common-12-dev_1:12.0.1-15 libclang-cpp11_1:11.1.0-4 libclang-cpp12_1:12.0.1-15 libclang1-11_1:11.1.0-4 libclang1-12_1:12.0.1-15 libcmocka-dev_1.1.5-2 libcmocka0_1.1.5-2 libcom-err2_1.46.4-1 libcrypt-dev_1:4.4.25-2 libcrypt1_1:4.4.25-2 libctf-nobfd0_2.37-7 libctf0_2.37-7 libdb5.3_5.3.28+dfsg1-0.8 libdebconfclient0_0.260 libdebhelper-perl_13.5.2 libdpkg-perl_1.20.9 libedit2_3.1-20210910-1 libelf1_0.185-2 libexpat1_2.4.1-3 libexpat1-dev_2.4.1-3 libext2fs2_1.46.4-1 libfakeroot_1.26-1 libffi-dev_3.4.2-3 libffi8_3.4.2-3 libfile-stripnondeterminism-perl_1.12.0-2 libgc1_1:8.0.4-3 libgcc-10-dev_10.3.0-11 libgcc-11-dev_11.2.0-10 libgcc-9-dev_9.4.0-3 libgcc-s1_11.2.0-10 libgcrypt20_1.9.4-3+b1 libgdbm-compat4_1.22-1 libgdbm6_1.22-1 libgmp-dev_2:6.2.1+dfsg-2 libgmp10_2:6.2.1+dfsg-2 libgmpxx4ldbl_2:6.2.1+dfsg-2 libgnutls30_3.7.2-2 libgomp1_11.2.0-10 libgpg-error0_1.42-3 libgssapi-krb5-2_1.18.3-7 libhogweed6_3.7.3-1 libicu-dev_67.1-7 libicu67_67.1-7 libidn2-0_2.3.2-2 libisl23_0.24-2 libitm1_11.2.0-10 libjs-jquery_3.5.1+dfsg+~3.5.5-8 libjs-sphinxdoc_4.2.0-5 libjs-underscore_1.9.1~dfsg-4 libk5crypto3_1.18.3-7 libkeyutils1_1.6.1-2 libkrb5-3_1.18.3-7 libkrb5support0_1.18.3-7 libllvm11_1:11.1.0-4 libllvm12_1:12.0.1-15 liblsan0_11.2.0-10 liblz4-1_1.9.3-2 liblzma5_5.2.5-2 libmagic-mgc_1:5.39-3 libmagic1_1:5.39-3 libmd0_1.0.4-1 libmount1_2.37.2-4 libmpc-dev_1.2.1-1 libmpc3_1.2.1-1 libmpdec3_2.5.1-2 libmpfr-dev_4.1.0-3 libmpfr6_4.1.0-3 libncurses-dev_6.2+20210905-1 libncurses6_6.2+20210905-1 libncursesw6_6.2+20210905-1 libnettle8_3.7.3-1 libnsl-dev_1.3.0-2 libnsl2_1.3.0-2 libobjc-10-dev_10.3.0-11 libobjc-11-dev_11.2.0-10 libobjc-9-dev_9.4.0-3 libobjc4_11.2.0-10 libomp-12-dev_1:12.0.1-15 libomp5-12_1:12.0.1-15 libp11-kit0_0.24.0-5 libpam-modules_1.4.0-10 libpam-modules-bin_1.4.0-10 libpam-runtime_1.4.0-10 libpam0g_1.4.0-10 libpcre2-8-0_10.36-2 libpcre3_2:8.39-13 libperl5.32_5.32.1-6 libpfm4_4.11.1+git32-gd0b85fb-1 libpipeline1_1.5.3-1 libpython3-dev_3.9.2-3 libpython3-stdlib_3.9.2-3 libpython3.9_3.9.7-4 libpython3.9-dev_3.9.7-4 libpython3.9-minimal_3.9.7-4 libpython3.9-stdlib_3.9.7-4 libquadmath0_11.2.0-10 libreadline8_8.1-2 libseccomp2_2.5.2-2 libselinux1_3.1-3 libsemanage-common_3.1-1 libsemanage1_3.1-1+b2 libsepol1_3.1-1 libsigsegv2_2.13-1 libsmartcols1_2.37.2-4 libsqlite3-0_3.36.0-2 libss2_1.46.4-1 libssl1.1_1.1.1l-1 libstdc++-10-dev_10.3.0-11 libstdc++-11-dev_11.2.0-10 libstdc++6_11.2.0-10 libsub-override-perl_0.09-2 libsystemd0_249.5-1 libtasn1-6_4.17.0-2 libtinfo-dev_6.2+20210905-1 libtinfo6_6.2+20210905-1 libtirpc-common_1.3.2-2 libtirpc-dev_1.3.2-2 libtirpc3_1.3.2-2 libtool_2.4.6-15 libtsan0_11.2.0-10 libubsan1_11.2.0-10 libuchardet0_0.0.7-1 libudev1_249.5-1 libunistring2_0.9.10-6 libunwind-12_1:12.0.1-15 libuuid1_2.37.2-4 libxml2_2.9.12+dfsg-5 libxml2-dev_2.9.12+dfsg-5 libxxhash0_0.8.0-2 libyaml-0-2_0.2.2-1 libz3-4_4.8.12-1+b1 libz3-dev_4.8.12-1+b1 libzstd1_1.4.8+dfsg-3 linux-libc-dev_5.14.12-1 llvm-11-linker-tools_1:11.1.0-4 llvm-12_1:12.0.1-15 llvm-12-dev_1:12.0.1-15 llvm-12-linker-tools_1:12.0.1-15 llvm-12-runtime_1:12.0.1-15 llvm-12-tools_1:12.0.1-15 login_1:4.8.1-1 logsave_1.46.4-1 lsb-base_11.1.0 m4_1.4.18-5 make_4.3-4.1 man-db_2.9.4-2 mawk_1.3.4.20200120-2 media-types_4.0.0 mount_2.37.2-4 ncurses-base_6.2+20210905-1 ncurses-bin_6.2+20210905-1 passwd_1:4.8.1-1 patch_2.7.6-7 perl_5.32.1-6 perl-base_5.32.1-6 perl-modules-5.32_5.32.1-6 po-debconf_1.0.21+nmu1 python3_3.9.2-3 python3-dev_3.9.2-3 python3-distutils_3.9.7-1 python3-lib2to3_3.9.7-1 python3-minimal_3.9.2-3 python3-pkg-resources_58.2.0-1 python3-pygments_2.7.1+dfsg-2.1 python3-yaml_5.4.1-1 python3.9_3.9.7-4 python3.9-dev_3.9.7-4 python3.9-minimal_3.9.7-4 qt5-qmake_5.15.2+dfsg-12 qt5-qmake-bin_5.15.2+dfsg-12 qtchooser_66-2 readline-common_8.1-2 rpcsvc-proto_1.4.2-4 sbuild-build-depends-main-dummy_0.invalid.0 sed_4.8-1 sensible-utils_0.0.17 sysvinit-utils_3.00-1 tar_1.34+dfsg-1 tzdata_2021e-1 util-linux_2.37.2-4 xz-utils_5.2.5-2 zlib1g_1:1.2.11.dfsg-2 zlib1g-dev_1:1.2.11.dfsg-2

+------------------------------------------------------------------------------+
| Build                                                                        |
+------------------------------------------------------------------------------+


Unpack source
-------------

-----BEGIN PGP SIGNED MESSAGE-----
Hash: SHA512

Format: 3.0 (quilt)
Source: aflplusplus
Binary: afl++, afl++-clang, afl++-doc, afl, afl-clang, afl-doc
Architecture: any all
Version: 3.14c-2
Maintainer: Debian Security Tools <team+pkg-security@tracker.debian.org>
Uploaders:  Sophie Brun <sophie@offensive-security.com>, Raphal Hertzog <raphael@offensive-security.com>
Homepage: https://github.com/vanhauser-thc/AFLplusplus
Standards-Version: 4.6.0
Vcs-Browser: https://salsa.debian.org/pkg-security-team/aflplusplus
Vcs-Git: https://salsa.debian.org/pkg-security-team/aflplusplus.git
Testsuite: autopkgtest
Testsuite-Triggers: adequate, build-essential
Build-Depends: clang-12, debhelper-compat (= 13), dh-buildinfo, gcc-10-plugin-dev (>= 10.2.1-16), llvm-12-dev, python3-dev, clang, libcmocka-dev
Package-List:
 afl deb oldlibs optional arch=all
 afl++ deb devel optional arch=any
 afl++-clang deb oldlibs optional arch=any
 afl++-doc deb doc optional arch=all
 afl-clang deb oldlibs optional arch=all
 afl-doc deb oldlibs optional arch=all
Checksums-Sha1:
 dd97c5f14051c4eb655740148db6ba69ce98778b 2162934 aflplusplus_3.14c.orig.tar.gz
 1745e0b3fc65b2967bd4b05ae35aa511dda5a1b6 7968 aflplusplus_3.14c-2.debian.tar.xz
Checksums-Sha256:
 36552e3aac5c390dfec4f75d0dd60dc802c3e97b8baf042aa1edb6529dba0766 2162934 aflplusplus_3.14c.orig.tar.gz
 acbc2b04a7245d7d02eb8532fbc3692d6793a0dee44c1a04d390a85a10192117 7968 aflplusplus_3.14c-2.debian.tar.xz
Files:
 b59357f4afa849fef2cd652c4b0fcaae 2162934 aflplusplus_3.14c.orig.tar.gz
 83fa47735e653e2baaf465120584c8bf 7968 aflplusplus_3.14c-2.debian.tar.xz

-----BEGIN PGP SIGNATURE-----
Comment: Signed by Sophie Brun

iQIzBAEBCgAdFiEEOyG45orlwW+H9TItV5J4OyBv7jAFAmFBoV8ACgkQV5J4OyBv
7jBR2g//aChHtOJGc8udkx4F/SkNV6FsFLMqq+KgKDz5QsgkzMM8hz4dDAXsVfbI
28OVQlFF2n8Qk9/7qD+PzdR7vxdAxHpmbrhu6RjMmv3eTobx+B6zUv0Xsv4zYkhV
0UuRD1oq30dAKuB9PhKf0ixGR4MQ+vetRrvfqSZ+Q7345a53qd1tKQHHBRUyUG5A
PHli8bCslQkS13mPsMVgSnOaXdd6mti5kwRVIqwqU76kx0z9TuLRHMw97jO9zmxU
wv6tnSx8TR25ve+rF+5jPMzXFqk1sATA2RlBMsHpowvd5cNz6XfVXJADSKcwL/O4
BgCqXuoh0dO83IE29NK9yd8rNBFGcZxUjmZclurQtjWwziuzYeRMQZT2d6uakGuM
FtlzZ28aIpGnsLhMXptdM+aiilRYwXajWoDGNH7YYudoaRiQt6suETkmfFm+KtcP
8plplpMw/ZztUPEzh88l6Vanj9VSoHh+XAWyw+AOtxIrAvNqpMSIWJpy2eYaaXEa
u6p1rfJXdjGFc6okN5MClTnRouHgqjtMXynLBvF/rNQg+FR8/LY2YTJvRWABDwlr
BY87F8Wwh0jUKxwFZeaEulC8VKwXvUUn9Onl7O2g7MAoJ9KZX5PVQ/+BWJ67iwVs
h+tVtOq3dm2OXNrRGgscqeeBNwtB8Ghqr4FNkCjrzzdIVzR35rA=
=GmJA
-----END PGP SIGNATURE-----

gpgv: unknown type of key resource 'trustedkeys.kbx'
gpgv: keyblock resource '/tmp/dpkg-verify-sig.zwrM9R66/trustedkeys.kbx': General error
gpgv: Signature made Wed Sep 15 07:31:43 2021 UTC
gpgv:                using RSA key 3B21B8E68AE5C16F87F5322D5792783B206FEE30
gpgv: Can't check signature: No public key
dpkg-source: warning: failed to verify signature on ./aflplusplus_3.14c-2.dsc
dpkg-source: info: extracting aflplusplus in /<<PKGBUILDDIR>>
dpkg-source: info: unpacking aflplusplus_3.14c.orig.tar.gz
dpkg-source: info: unpacking aflplusplus_3.14c-2.debian.tar.xz
dpkg-source: info: using patch list from debian/patches/series
dpkg-source: info: applying change-cflags-for-test.patch

Check disk space
----------------

Sufficient free space for build

User Environment
----------------

APT_CONFIG=/var/lib/sbuild/apt.conf
HOME=/sbuild-nonexistent
LANG=C.UTF-8
LC_ALL=C.UTF-8
LOGNAME=user42
PATH=/usr/local/sbin:/usr/local/bin:/usr/sbin:/usr/bin:/sbin:/bin:/usr/games
SCHROOT_ALIAS_NAME=unstable
SCHROOT_CHROOT_NAME=sid-amd64-sbuild
SCHROOT_COMMAND=env
SCHROOT_GID=1001
SCHROOT_GROUP=user42
SCHROOT_SESSION_ID=sid-amd64-sbuild-286d29a4-2f33-40af-95d3-d0959c35d21a
SCHROOT_UID=1001
SCHROOT_USER=user42
SHELL=/bin/sh
USER=user42

dpkg-buildpackage
-----------------

Command: dpkg-buildpackage -us -uc -b -rfakeroot
dpkg-buildpackage: info: source package aflplusplus
dpkg-buildpackage: info: source version 3.14c-2
dpkg-buildpackage: info: source distribution unstable
dpkg-buildpackage: info: source changed by Sophie Brun <sophie@offensive-security.com>
 dpkg-source --before-build .
dpkg-buildpackage: info: host architecture amd64
 fakeroot debian/rules clean
dh clean --with buildinfo
   dh_auto_clean
	install -d /<<PKGBUILDDIR>>/debian/.debhelper/generated/_source/home
	make -j4 clean
make[1]: Entering directory '/<<PKGBUILDDIR>>'
[*] Compiling afl++ for OS Linux on ARCH x86_64
rm -f afl-fuzz afl-showmap afl-tmin afl-gotcpu afl-analyze libradamsa.so afl-fuzz-document afl-as as afl-g++ afl-clang afl-clang++ *.o src/*.o *~ a.out core core.[1-9][0-9]* *.stackdump .test .test1 .test2 test-instr .test-instr0 .test-instr1 afl-qemu-trace afl-gcc-fast afl-gcc-pass.so afl-g++-fast ld *.so *.8 test/unittests/*.o test/unittests/unit_maybe_alloc test/unittests/preallocable .afl-* afl-gcc afl-g++ afl-clang afl-clang++ test/unittests/unit_hash test/unittests/unit_rand
make -f GNUmakefile.llvm clean
make[2]: Entering directory '/<<PKGBUILDDIR>>'
[+] llvm_mode detected llvm 10+, enabling neverZero implementation and c++14
[+] llvm_mode detected llvm 11+, enabling afl-lto LTO implementation
GNUmakefile.llvm:218: ld.lld not found, cannot enable LTO mode
rm -f *.o *.so *~ a.out core core.[1-9][0-9]* .test2 test-instr .test-instr0 .test-instr1 *.dwo
rm -f ./afl-cc ./afl-compiler-rt.o ./afl-compiler-rt-32.o ./afl-compiler-rt-64.o  ./afl-llvm-pass.so ./SanitizerCoveragePCGUARD.so ./split-compares-pass.so ./split-switches-pass.so ./cmplog-routines-pass.so ./cmplog-instructions-pass.so ./cmplog-switches-pass.so ./afl-llvm-dict2file.so ./compare-transform-pass.so ./afl-ld-lto ./afl-llvm-lto-instrumentlist.so ./afl-llvm-lto-instrumentation.so ./SanitizerCoverageLTO.so afl-common.o ./afl-c++ ./afl-lto ./afl-lto++ ./afl-clang-lto* ./afl-clang-fast* ./afl-clang*.8 ./ld ./afl-ld ./afl-llvm-rt*.o instrumentation/*.o
make[2]: Leaving directory '/<<PKGBUILDDIR>>'
make -f GNUmakefile.gcc_plugin clean
make[2]: Entering directory '/<<PKGBUILDDIR>>'
rm -f *.o *.so *~ a.out core core.[1-9][0-9]* test-instr .test-instr0 .test-instr1 .test2
rm -f ./afl-gcc-pass.so ./afl-compiler-rt.o ./afl-compiler-rt-32.o ./afl-compiler-rt-64.o afl-common.o ./afl-g++-fast ./afl-g*-fast.8 instrumentation/*.o
make[2]: Leaving directory '/<<PKGBUILDDIR>>'
make -C utils/libdislocator clean
make[2]: Entering directory '/<<PKGBUILDDIR>>/utils/libdislocator'
rm -f *.o *.so *~ a.out core core.[1-9][0-9]*
rm -f ../../libdislocator.so
make[2]: Leaving directory '/<<PKGBUILDDIR>>/utils/libdislocator'
make -C utils/libtokencap clean
make[2]: Entering directory '/<<PKGBUILDDIR>>/utils/libtokencap'
rm -f *.o *.so *~ a.out core core.[1-9][0-9]*
rm -fv ../../libtokencap.so
make[2]: Leaving directory '/<<PKGBUILDDIR>>/utils/libtokencap'
make -C utils/aflpp_driver clean
make[2]: Entering directory '/<<PKGBUILDDIR>>/utils/aflpp_driver'
rm -f *.o libAFLDriver*.a libAFLQemuDriver.a aflpp_qemu_driver_hook.so *~ core aflpp_driver_test
make[2]: Leaving directory '/<<PKGBUILDDIR>>/utils/aflpp_driver'
make -C utils/afl_network_proxy clean
make[2]: Entering directory '/<<PKGBUILDDIR>>/utils/afl_network_proxy'
rm -f afl-network-client afl-network-server *~ core
make[2]: Leaving directory '/<<PKGBUILDDIR>>/utils/afl_network_proxy'
make -C utils/socket_fuzzing clean
make[2]: Entering directory '/<<PKGBUILDDIR>>/utils/socket_fuzzing'
rm -f socketfuzz32.so socketfuzz64.so
make[2]: Leaving directory '/<<PKGBUILDDIR>>/utils/socket_fuzzing'
make -C utils/argv_fuzzing clean
make[2]: Entering directory '/<<PKGBUILDDIR>>/utils/argv_fuzzing'
rm -f argvfuzz32.so argvfuzz64.so
make[2]: Leaving directory '/<<PKGBUILDDIR>>/utils/argv_fuzzing'
make -C qemu_mode/unsigaction clean
make[2]: Entering directory '/<<PKGBUILDDIR>>/qemu_mode/unsigaction'
rm -f unsigaction.so
make[2]: Leaving directory '/<<PKGBUILDDIR>>/qemu_mode/unsigaction'
make -C qemu_mode/libcompcov clean
make[2]: Entering directory '/<<PKGBUILDDIR>>/qemu_mode/libcompcov'
rm -f *.o *.so *~ a.out core core.[1-9][0-9]*
rm -f ../../libcompcov.so compcovtest
make[2]: Leaving directory '/<<PKGBUILDDIR>>/qemu_mode/libcompcov'
make -C qemu_mode/libqasan clean
make[2]: Entering directory '/<<PKGBUILDDIR>>/qemu_mode/libqasan'
rm -f *.o *.so *~ a.out core core.[1-9][0-9]*
rm -f ../../libqasan.so
make[2]: Leaving directory '/<<PKGBUILDDIR>>/qemu_mode/libqasan'
make -C frida_mode clean
make[2]: Entering directory '/<<PKGBUILDDIR>>/frida_mode'
rm -rf /<<PKGBUILDDIR>>/frida_mode/build/
make[2]: Leaving directory '/<<PKGBUILDDIR>>/frida_mode'
rm -rf qemu_mode/qemuafl
rm -rf unicorn_mode/unicornafl
make[1]: Leaving directory '/<<PKGBUILDDIR>>'
   dh_clean
	rm -f debian/debhelper-build-stamp
	rm -rf debian/.debhelper/
	rm -f -- debian/afl\+\+.substvars debian/afl\+\+-clang.substvars debian/afl\+\+-doc.substvars debian/afl.substvars debian/afl-clang.substvars debian/afl-doc.substvars debian/files
	rm -fr -- debian/afl\+\+/ debian/tmp/ debian/afl\+\+-clang/ debian/afl\+\+-doc/ debian/afl/ debian/afl-clang/ debian/afl-doc/
	find .  \( \( \
		\( -path .\*/.git -o -path .\*/.svn -o -path .\*/.bzr -o -path .\*/.hg -o -path .\*/CVS -o -path .\*/.pc -o -path .\*/_darcs \) -prune -o -type f -a \
	        \( -name '#*#' -o -name '.*~' -o -name '*~' -o -name DEADJOE \
		 -o -name '*.orig' -o -name '*.rej' -o -name '*.bak' \
		 -o -name '.*.orig' -o -name .*.rej -o -name '.SUMS' \
		 -o -name TAGS -o \( -path '*/.deps/*' -a -name '*.P' \) \
		\) -exec rm -f {} + \) -o \
		\( -type d -a -name autom4te.cache -prune -exec rm -rf {} + \) \)
 debian/rules build
dh build --with buildinfo
   dh_update_autotools_config
   dh_autoreconf
   dh_auto_configure
	install -d /<<PKGBUILDDIR>>/debian/.debhelper/generated/_source/home
   debian/rules override_dh_auto_build
make[1]: Entering directory '/<<PKGBUILDDIR>>'
/usr/bin/make distrib
make[2]: Entering directory '/<<PKGBUILDDIR>>'
[*] Compiling afl++ for OS Linux on ARCH x86_64
[*] Checking for the default compiler cc...
[*] Testing the PATH environment variable...
[*] Checking for the ability to compile x86 code...
[+] shmat seems to be working.
[+] Python 3.9.7 support seems to be working.
[+] Everything seems to be working, ready to compile.
cc -g -O2 -ffile-prefix-map=/<<PKGBUILDDIR>>=. -fstack-protector-strong -Wformat -Werror=format-security -g -Wno-pointer-sign -Wno-variadic-macros -Wall -Wextra -Wpointer-arith -I include/ -DAFL_PATH=\"/usr/lib/afl\" -DBIN_PATH=\"/usr/bin\" -DDOC_PATH=\"/usr/share/doc/afl\" -D_FORTIFY_SOURCE=2 -flto=full -c src/afl-common.c -o src/afl-common.o
cc -g -O2 -ffile-prefix-map=/<<PKGBUILDDIR>>=. -fstack-protector-strong -Wformat -Werror=format-security -g -Wno-pointer-sign -Wno-variadic-macros -Wall -Wextra -Wpointer-arith -I include/ -DAFL_PATH=\"/usr/lib/afl\" -DBIN_PATH=\"/usr/bin\" -DDOC_PATH=\"/usr/share/doc/afl\" -D_FORTIFY_SOURCE=2 -flto=full -c src/afl-sharedmem.c -o src/afl-sharedmem.o
cc -g -O2 -ffile-prefix-map=/<<PKGBUILDDIR>>=. -fstack-protector-strong -Wformat -Werror=format-security -g -Wno-pointer-sign -Wno-variadic-macros -Wall -Wextra -Wpointer-arith -I include/ -DAFL_PATH=\"/usr/lib/afl\" -DBIN_PATH=\"/usr/bin\" -DDOC_PATH=\"/usr/share/doc/afl\" -D_FORTIFY_SOURCE=2 -flto=full -c src/afl-forkserver.c -o src/afl-forkserver.o
cc -g -O2 -ffile-prefix-map=/<<PKGBUILDDIR>>=. -fstack-protector-strong -Wformat -Werror=format-security -g -Wno-pointer-sign -Wno-variadic-macros -Wall -Wextra -Wpointer-arith -I include/ -DAFL_PATH=\"/usr/lib/afl\" -DBIN_PATH=\"/usr/bin\" -DDOC_PATH=\"/usr/share/doc/afl\" -D_FORTIFY_SOURCE=2 -Iinclude  -O3 -fno-unroll-loops -c src/afl-performance.c -o src/afl-performance.o
cc -g -O2 -ffile-prefix-map=/<<PKGBUILDDIR>>=. -fstack-protector-strong -Wformat -Werror=format-security -g -Wno-pointer-sign -Wno-variadic-macros -Wall -Wextra -Wpointer-arith -I include/ -DAFL_PATH=\"/usr/lib/afl\" -DBIN_PATH=\"/usr/bin\" -DDOC_PATH=\"/usr/share/doc/afl\" -D_FORTIFY_SOURCE=2  -flto=full src/afl-fuzz-bitmap.c src/afl-fuzz-cmplog.c src/afl-fuzz-extras.c src/afl-fuzz-init.c src/afl-fuzz-mutators.c src/afl-fuzz-one.c src/afl-fuzz-python.c src/afl-fuzz-queue.c src/afl-fuzz-redqueen.c src/afl-fuzz-run.c src/afl-fuzz-state.c src/afl-fuzz-stats.c src/afl-fuzz-statsd.c src/afl-fuzz.c src/afl-common.o src/afl-sharedmem.o src/afl-forkserver.o src/afl-performance.o -o afl-fuzz -DUSE_PYTHON -I/usr/include/python3.9 -I/usr/include/python3.9 -Wl,-z,relro -Wl,-z,now -ldl -lrt -lm -lpython3.9 -lcrypt -lpthread -ldl  -lutil -lm -lm  -L/usr/lib/python3.9/config-3.9-x86_64-linux-gnu -L/usr/lib/x86_64-linux-gnu -lpython3.9 -lcrypt -lpthread -ldl  -lutil -lm -lm  -DPYTHON_VERSION="\"Python 3.9.7\"" -Wl,-z,relro -Wl,-z,now -ldl -lrt -lm -lm
cc -g -O2 -ffile-prefix-map=/<<PKGBUILDDIR>>=. -fstack-protector-strong -Wformat -Werror=format-security -g -Wno-pointer-sign -Wno-variadic-macros -Wall -Wextra -Wpointer-arith -I include/ -DAFL_PATH=\"/usr/lib/afl\" -DBIN_PATH=\"/usr/bin\" -DDOC_PATH=\"/usr/share/doc/afl\" -D_FORTIFY_SOURCE=2  -flto=full src/afl-showmap.c src/afl-common.o src/afl-sharedmem.o src/afl-forkserver.o src/afl-performance.o -o afl-showmap -Wl,-z,relro -Wl,-z,now -ldl -lrt -lm
cc -g -O2 -ffile-prefix-map=/<<PKGBUILDDIR>>=. -fstack-protector-strong -Wformat -Werror=format-security -g -Wno-pointer-sign -Wno-variadic-macros -Wall -Wextra -Wpointer-arith -I include/ -DAFL_PATH=\"/usr/lib/afl\" -DBIN_PATH=\"/usr/bin\" -DDOC_PATH=\"/usr/share/doc/afl\" -D_FORTIFY_SOURCE=2  -flto=full src/afl-tmin.c src/afl-common.o src/afl-sharedmem.o src/afl-forkserver.o src/afl-performance.o -o afl-tmin -Wl,-z,relro -Wl,-z,now -ldl -lrt -lm
cc -g -O2 -ffile-prefix-map=/<<PKGBUILDDIR>>=. -fstack-protector-strong -Wformat -Werror=format-security -g -Wno-pointer-sign -Wno-variadic-macros -Wall -Wextra -Wpointer-arith -I include/ -DAFL_PATH=\"/usr/lib/afl\" -DBIN_PATH=\"/usr/bin\" -DDOC_PATH=\"/usr/share/doc/afl\" -D_FORTIFY_SOURCE=2  -flto=full src/afl-gotcpu.c src/afl-common.o -o afl-gotcpu -Wl,-z,relro -Wl,-z,now -ldl -lrt -lm
cc -g -O2 -ffile-prefix-map=/<<PKGBUILDDIR>>=. -fstack-protector-strong -Wformat -Werror=format-security -g -Wno-pointer-sign -Wno-variadic-macros -Wall -Wextra -Wpointer-arith -I include/ -DAFL_PATH=\"/usr/lib/afl\" -DBIN_PATH=\"/usr/bin\" -DDOC_PATH=\"/usr/share/doc/afl\" -D_FORTIFY_SOURCE=2  -flto=full src/afl-analyze.c src/afl-common.o src/afl-sharedmem.o src/afl-performance.o src/afl-forkserver.o -o afl-analyze -Wl,-z,relro -Wl,-z,now -ldl -lrt -lm
cc -g -O2 -ffile-prefix-map=/<<PKGBUILDDIR>>=. -fstack-protector-strong -Wformat -Werror=format-security -g -Wno-pointer-sign -Wno-variadic-macros -Wall -Wextra -Wpointer-arith -I include/ -DAFL_PATH=\"/usr/lib/afl\" -DBIN_PATH=\"/usr/bin\" -DDOC_PATH=\"/usr/share/doc/afl\" -D_FORTIFY_SOURCE=2 src/afl-as.c -o afl-as -Wl,-z,relro -Wl,-z,now -ldl -lrt -lm
/usr/bin/make -j -f GNUmakefile.llvm
make[3]: Entering directory '/<<PKGBUILDDIR>>'
[+] llvm_mode detected llvm 10+, enabling neverZero implementation and c++14
[+] llvm_mode detected llvm 11+, enabling afl-lto LTO implementation
GNUmakefile.llvm:218: ld.lld not found, cannot enable LTO mode
[+] shmat seems to be working.
[*] Checking for working 'llvm-config'...
[*] Checking for working '/usr/lib/llvm-12/bin/clang'...
[*] Checking for matching versions of '/usr/lib/llvm-12/bin/clang' and 'llvm-config-12'
[*] We have llvm-config version 12.0.1 with a clang version 12.0.1, good.
[*] Checking for './afl-showmap'...
[+] All set and ready to build.
/usr/lib/llvm-12/bin/clang -g -O2 -ffile-prefix-map=/<<PKGBUILDDIR>>=. -fstack-protector-strong -Wformat -Werror=format-security -g -Wno-pointer-sign -Wno-variadic-macros -Wall -Wextra -Wpointer-arith -I include/ -DAFL_PATH=\"/usr/lib/afl\" -DBIN_PATH=\"/usr/bin\" -DDOC_PATH=\"/usr/share/doc/afl\" -D_FORTIFY_SOURCE=2 -Wall -g -Wno-cast-qual -Wno-variadic-macros -Wno-pointer-sign -I ./include/ -I ./instrumentation/ -DAFL_PATH=\"/usr/lib/afl\" -DBIN_PATH=\"/usr/bin\" -DLLVM_BINDIR=\"/usr/lib/llvm-12/bin\" -DVERSION=\"++3.14c\" -DLLVM_LIBDIR=\"/usr/lib/llvm-12/lib\" -DLLVM_VERSION=\"12.0.1\" -Wno-deprecated -DAFL_CLANG_FLTO=\"-flto=full\" -DAFL_REAL_LD=\"\" -DAFL_CLANG_LDPATH=\"\" -DAFL_CLANG_FUSELD=\"\" -DCLANG_BIN=\"/usr/lib/llvm-12/bin/clang\" -DCLANGPP_BIN=\"/usr/lib/llvm-12/bin/clang++\" -DUSE_BINDIR=1 -Wno-unused-function -fdebug-prefix-map="/<<PKGBUILDDIR>>=llvm_mode" -Wdate-time -D_FORTIFY_SOURCE=2 -c src/afl-common.c -o instrumentation/afl-common.o -Wl,-z,relro -Wl,-z,now -ldl -lrt -lm
clang: warning: -Wl,-z,relro: 'linker' input unused [-Wunused-command-line-argument]
clang: warning: -Wl,-z,now: 'linker' input unused [-Wunused-command-line-argument]
clang: warning: -ldl: 'linker' input unused [-Wunused-command-line-argument]
clang: warning: -lrt: 'linker' input unused [-Wunused-command-line-argument]
clang: warning: -lm: 'linker' input unused [-Wunused-command-line-argument]
/usr/lib/llvm-12/bin/clang -I/usr/lib/llvm-12/include -I./../include -g -O2 -ffile-prefix-map=/<<PKGBUILDDIR>>=. -fstack-protector-strong -Wformat -Werror=format-security -g -Wno-pointer-sign -Wno-variadic-macros -Wall -Wextra -Wpointer-arith -I include/ -DAFL_PATH=\"/usr/lib/afl\" -DBIN_PATH=\"/usr/bin\" -DDOC_PATH=\"/usr/share/doc/afl\" -D_FORTIFY_SOURCE=2 -Wall -g -Wno-cast-qual -Wno-variadic-macros -Wno-pointer-sign -I ./include/ -I ./instrumentation/ -DAFL_PATH=\"/usr/lib/afl\" -DBIN_PATH=\"/usr/bin\" -DLLVM_BINDIR=\"/usr/lib/llvm-12/bin\" -DVERSION=\"++3.14c\" -DLLVM_LIBDIR=\"/usr/lib/llvm-12/lib\" -DLLVM_VERSION=\"12.0.1\" -Wno-deprecated -DAFL_CLANG_FLTO=\"-flto=full\" -DAFL_REAL_LD=\"\" -DAFL_CLANG_LDPATH=\"\" -DAFL_CLANG_FUSELD=\"\" -DCLANG_BIN=\"/usr/lib/llvm-12/bin/clang\" -DCLANGPP_BIN=\"/usr/lib/llvm-12/bin/clang++\" -DUSE_BINDIR=1 -Wno-unused-function -fdebug-prefix-map="/<<PKGBUILDDIR>>=llvm_mode" -Wdate-time -D_FORTIFY_SOURCE=2 src/afl-cc.c instrumentation/afl-common.o -o afl-cc -DLLVM_MINOR=1 -DLLVM_MAJOR=12 -Wl,-z,relro -Wl,-z,now -ldl -lrt -lm -DCFLAGS_OPT=\"\" -lm
/usr/lib/llvm-12/bin/clang -I/usr/lib/llvm-12/include -I./../include -Wall -g -Wno-cast-qual -Wno-variadic-macros -Wno-pointer-sign -I ./include/ -I ./instrumentation/ -DAFL_PATH=\"/usr/lib/afl\" -DBIN_PATH=\"/usr/bin\" -DLLVM_BINDIR=\"/usr/lib/llvm-12/bin\" -DVERSION=\"++3.14c\" -DLLVM_LIBDIR=\"/usr/lib/llvm-12/lib\" -DLLVM_VERSION=\"12.0.1\" -Wno-deprecated -DAFL_CLANG_FLTO=\"-flto=full\" -DAFL_REAL_LD=\"\" -DAFL_CLANG_LDPATH=\"\" -DAFL_CLANG_FUSELD=\"\" -DCLANG_BIN=\"/usr/lib/llvm-12/bin/clang\" -DCLANGPP_BIN=\"/usr/lib/llvm-12/bin/clang++\" -DUSE_BINDIR=1 -Wno-unused-function -fdebug-prefix-map="/<<PKGBUILDDIR>>=llvm_mode" -Wdate-time -D_FORTIFY_SOURCE=2 -O3 -Wno-unused-result -fPIC -c instrumentation/afl-compiler-rt.o.c -o afl-compiler-rt.o
[*] Building 32-bit variant of the runtime (-m32)... failed (that's fine)
[*] Building 64-bit variant of the runtime (-m64)... success!
/usr/lib/llvm-12/bin/clang++ -g -O2 -ffile-prefix-map=/<<PKGBUILDDIR>>=. -fstack-protector-strong -Wformat -Werror=format-security -g -Wno-pointer-sign -Wno-variadic-macros -Wall -Wextra -Wpointer-arith -I include/ -DAFL_PATH=\"/usr/lib/afl\" -DBIN_PATH=\"/usr/bin\" -DDOC_PATH=\"/usr/share/doc/afl\" -D_FORTIFY_SOURCE=2 -Wall -g -Wno-cast-qual -Wno-variadic-macros -Wno-pointer-sign -I ./include/ -I ./instrumentation/ -DAFL_PATH=\"/usr/lib/afl\" -DBIN_PATH=\"/usr/bin\" -DLLVM_BINDIR=\"/usr/lib/llvm-12/bin\" -DVERSION=\"++3.14c\" -DLLVM_LIBDIR=\"/usr/lib/llvm-12/lib\" -DLLVM_VERSION=\"12.0.1\" -Wno-deprecated -DAFL_CLANG_FLTO=\"-flto=full\" -DAFL_REAL_LD=\"\" -DAFL_CLANG_LDPATH=\"\" -DAFL_CLANG_FUSELD=\"\" -DCLANG_BIN=\"/usr/lib/llvm-12/bin/clang\" -DCLANGPP_BIN=\"/usr/lib/llvm-12/bin/clang++\" -DUSE_BINDIR=1 -Wno-unused-function -fdebug-prefix-map="/<<PKGBUILDDIR>>=llvm_mode" -Wdate-time -D_FORTIFY_SOURCE=2 `llvm-config-12 --cxxflags` -fno-rtti -fPIC -std=c++14 -c instrumentation/afl-llvm-common.cc -o instrumentation/afl-llvm-common.o 
In file included from instrumentation/afl-llvm-common.cc:16:
In file included from /usr/lib/llvm-12/include/llvm/Support/raw_ostream.h:16:
In file included from /usr/lib/llvm-12/include/llvm/ADT/SmallVector.h:19:
/usr/lib/llvm-12/include/llvm/Support/MathExtras.h:401:66: warning: unused parameter 'X' [-Wunused-parameter]
constexpr inline std::enable_if_t<N >= 64, bool> isUInt(uint64_t X) {
                                                                 ^
In file included from instrumentation/afl-llvm-common.cc:16:
In file included from /usr/lib/llvm-12/include/llvm/Support/raw_ostream.h:17:
In file included from /usr/lib/llvm-12/include/llvm/ADT/StringRef.h:12:
In file included from /usr/lib/llvm-12/include/llvm/ADT/STLExtras.h:19:
In file included from /usr/lib/llvm-12/include/llvm/ADT/Optional.h:18:
/usr/lib/llvm-12/include/llvm/ADT/Hashing.h:659:67: warning: unused parameter 'indices' [-Wunused-parameter]
                                  std::index_sequence<Indices...> indices) {
                                                                  ^
In file included from instrumentation/afl-llvm-common.cc:16:
In file included from /usr/lib/llvm-12/include/llvm/Support/raw_ostream.h:17:
In file included from /usr/lib/llvm-12/include/llvm/ADT/StringRef.h:12:
In file included from /usr/lib/llvm-12/include/llvm/ADT/STLExtras.h:19:
/usr/lib/llvm-12/include/llvm/ADT/Optional.h:384:67: warning: unused parameter 'X' [-Wunused-parameter]
template <typename T> constexpr bool operator<(const Optional<T> &X, NoneType) {
                                                                  ^
In file included from instrumentation/afl-llvm-common.cc:19:
In file included from ./instrumentation/afl-llvm-common.h:18:
In file included from /usr/lib/llvm-12/include/llvm/IR/IRBuilder.h:23:
In file included from /usr/lib/llvm-12/include/llvm/IR/BasicBlock.h:18:
/usr/lib/llvm-12/include/llvm/ADT/ilist.h:57:34: warning: unused parameter 'V' [-Wunused-parameter]
  static void deleteNode(NodeTy *V) {}
                                 ^
In file included from instrumentation/afl-llvm-common.cc:19:
In file included from ./instrumentation/afl-llvm-common.h:18:
In file included from /usr/lib/llvm-12/include/llvm/IR/IRBuilder.h:23:
In file included from /usr/lib/llvm-12/include/llvm/IR/BasicBlock.h:22:
In file included from /usr/lib/llvm-12/include/llvm/IR/Instruction.h:22:
In file included from /usr/lib/llvm-12/include/llvm/IR/DebugLoc.h:17:
In file included from /usr/lib/llvm-12/include/llvm/IR/TrackingMDRef.h:16:
In file included from /usr/lib/llvm-12/include/llvm/IR/Metadata.h:19:
In file included from /usr/lib/llvm-12/include/llvm/ADT/DenseMap.h:16:
/usr/lib/llvm-12/include/llvm/ADT/DenseMapInfo.h:261:49: warning: unused parameter 'values' [-Wunused-parameter]
  static unsigned getHashValueImpl(const Tuple &values, std::true_type) {
                                                ^
/usr/lib/llvm-12/include/llvm/ADT/DenseMapInfo.h:279:40: warning: unused parameter 'lhs' [-Wunused-parameter]
  static bool isEqualImpl(const Tuple &lhs, const Tuple &rhs, std::true_type) {
                                       ^
/usr/lib/llvm-12/include/llvm/ADT/DenseMapInfo.h:279:58: warning: unused parameter 'rhs' [-Wunused-parameter]
  static bool isEqualImpl(const Tuple &lhs, const Tuple &rhs, std::true_type) {
                                                         ^
In file included from instrumentation/afl-llvm-common.cc:19:
In file included from ./instrumentation/afl-llvm-common.h:18:
In file included from /usr/lib/llvm-12/include/llvm/IR/IRBuilder.h:23:
In file included from /usr/lib/llvm-12/include/llvm/IR/BasicBlock.h:22:
In file included from /usr/lib/llvm-12/include/llvm/IR/Instruction.h:22:
In file included from /usr/lib/llvm-12/include/llvm/IR/DebugLoc.h:17:
In file included from /usr/lib/llvm-12/include/llvm/IR/TrackingMDRef.h:16:
In file included from /usr/lib/llvm-12/include/llvm/IR/Metadata.h:19:
/usr/lib/llvm-12/include/llvm/ADT/DenseMap.h:565:45: warning: unused parameter 'Key' [-Wunused-parameter]
  BucketT *InsertIntoBucketImpl(const KeyT &Key, const LookupKeyT &Lookup,
                                            ^
In file included from instrumentation/afl-llvm-common.cc:19:
In file included from ./instrumentation/afl-llvm-common.h:18:
In file included from /usr/lib/llvm-12/include/llvm/IR/IRBuilder.h:23:
In file included from /usr/lib/llvm-12/include/llvm/IR/BasicBlock.h:22:
In file included from /usr/lib/llvm-12/include/llvm/IR/Instruction.h:22:
In file included from /usr/lib/llvm-12/include/llvm/IR/DebugLoc.h:17:
In file included from /usr/lib/llvm-12/include/llvm/IR/TrackingMDRef.h:16:
In file included from /usr/lib/llvm-12/include/llvm/IR/Metadata.h:25:
In file included from /usr/lib/llvm-12/include/llvm/ADT/StringMap.h:16:
/usr/lib/llvm-12/include/llvm/ADT/StringMapEntry.h:58:61: warning: unused parameter 'none' [-Wunused-parameter]
  explicit StringMapEntryStorage(size_t keyLength, NoneType none = None)
                                                            ^
In file included from instrumentation/afl-llvm-common.cc:19:
In file included from ./instrumentation/afl-llvm-common.h:18:
In file included from /usr/lib/llvm-12/include/llvm/IR/IRBuilder.h:25:
In file included from /usr/lib/llvm-12/include/llvm/IR/ConstantFolder.h:20:
/usr/lib/llvm-12/include/llvm/IR/Constants.h:54:41: warning: unused parameter 'From' [-Wunused-parameter]
  Value *handleOperandChangeImpl(Value *From, Value *To) {
                                        ^
/usr/lib/llvm-12/include/llvm/IR/Constants.h:54:54: warning: unused parameter 'To' [-Wunused-parameter]
  Value *handleOperandChangeImpl(Value *From, Value *To) {
                                                     ^
In file included from instrumentation/afl-llvm-common.cc:19:
In file included from ./instrumentation/afl-llvm-common.h:18:
In file included from /usr/lib/llvm-12/include/llvm/IR/IRBuilder.h:25:
In file included from /usr/lib/llvm-12/include/llvm/IR/ConstantFolder.h:21:
/usr/lib/llvm-12/include/llvm/IR/InstrTypes.h:2042:47: warning: unused parameter 'S' [-Wunused-parameter]
  bool isFnAttrDisallowedByOpBundle(StringRef S) const {
                                              ^
In file included from instrumentation/afl-llvm-common.cc:19:
In file included from ./instrumentation/afl-llvm-common.h:18:
In file included from /usr/lib/llvm-12/include/llvm/IR/IRBuilder.h:28:
In file included from /usr/lib/llvm-12/include/llvm/IR/DebugInfoMetadata.h:25:
In file included from /usr/lib/llvm-12/include/llvm/BinaryFormat/Dwarf.h:27:
/usr/lib/llvm-12/include/llvm/Support/FormatVariadicDetails.h:51:47: warning: unused parameter 'Options' [-Wunused-parameter]
  void format(llvm::raw_ostream &S, StringRef Options) override { S << Item; }
                                              ^
/usr/lib/llvm-12/include/llvm/Support/FormatVariadicDetails.h:156:26: warning: unused parameter 'Item' [-Wunused-parameter]
build_format_adapter(T &&Item) {
                         ^
In file included from instrumentation/afl-llvm-common.cc:19:
In file included from ./instrumentation/afl-llvm-common.h:18:
In file included from /usr/lib/llvm-12/include/llvm/IR/IRBuilder.h:28:
In file included from /usr/lib/llvm-12/include/llvm/IR/DebugInfoMetadata.h:25:
/usr/lib/llvm-12/include/llvm/BinaryFormat/Dwarf.h:765:64: warning: unused parameter 'Style' [-Wunused-parameter]
  static void format(const Enum &E, raw_ostream &OS, StringRef Style) {
                                                               ^
In file included from instrumentation/afl-llvm-common.cc:19:
In file included from ./instrumentation/afl-llvm-common.h:18:
In file included from /usr/lib/llvm-12/include/llvm/IR/IRBuilder.h:35:
/usr/lib/llvm-12/include/llvm/IR/Instructions.h:2993:37: warning: unused parameter 'idx' [-Wunused-parameter]
  BasicBlock *getSuccessor(unsigned idx) const {
                                    ^
/usr/lib/llvm-12/include/llvm/IR/Instructions.h:2997:30: warning: unused parameter 'idx' [-Wunused-parameter]
  void setSuccessor(unsigned idx, BasicBlock *B) {
                             ^
/usr/lib/llvm-12/include/llvm/IR/Instructions.h:2997:47: warning: unused parameter 'B' [-Wunused-parameter]
  void setSuccessor(unsigned idx, BasicBlock *B) {
                                              ^
/usr/lib/llvm-12/include/llvm/IR/Instructions.h:4194:37: warning: unused parameter 'idx' [-Wunused-parameter]
  BasicBlock *getSuccessor(unsigned idx) const {
                                    ^
/usr/lib/llvm-12/include/llvm/IR/Instructions.h:4198:30: warning: unused parameter 'idx' [-Wunused-parameter]
  void setSuccessor(unsigned idx, BasicBlock *NewSucc) {
                             ^
/usr/lib/llvm-12/include/llvm/IR/Instructions.h:4198:47: warning: unused parameter 'NewSucc' [-Wunused-parameter]
  void setSuccessor(unsigned idx, BasicBlock *NewSucc) {
                                              ^
/usr/lib/llvm-12/include/llvm/IR/Instructions.h:4697:37: warning: unused parameter 'idx' [-Wunused-parameter]
  BasicBlock *getSuccessor(unsigned idx) const {
                                    ^
/usr/lib/llvm-12/include/llvm/IR/Instructions.h:4701:30: warning: unused parameter 'idx' [-Wunused-parameter]
  void setSuccessor(unsigned idx, BasicBlock *B) {
                             ^
/usr/lib/llvm-12/include/llvm/IR/Instructions.h:4701:47: warning: unused parameter 'B' [-Wunused-parameter]
  void setSuccessor(unsigned idx, BasicBlock *B) {
                                              ^
In file included from instrumentation/afl-llvm-common.cc:19:
In file included from ./instrumentation/afl-llvm-common.h:18:
/usr/lib/llvm-12/include/llvm/IR/IRBuilder.h:1161:55: warning: unused parameter 'OpBundles' [-Wunused-parameter]
                           ArrayRef<OperandBundleDef> OpBundles,
                                                      ^
25 warnings generated.
/usr/lib/llvm-12/bin/clang++ `llvm-config-12 --cxxflags` -fno-rtti -fPIC -g -O2 -ffile-prefix-map=/<<PKGBUILDDIR>>=. -fstack-protector-strong -Wformat -Werror=format-security -Wall -g -I ./include/ -DVERSION=\"++3.14c\" -Wno-variadic-macros -DLLVM_MINOR=1 -DLLVM_MAJOR=12 -Wno-deprecated-declarations -Wl,-znodelete -DLLVMInsTrim_EXPORTS -fno-rtti -fPIC -std=c++14 -shared instrumentation/afl-llvm-pass.so.cc -o afl-llvm-pass.so `llvm-config-12 --ldflags` -Wl,-z,relro -Wl,-z,now -ldl -lrt -lm instrumentation/afl-llvm-common.o
/usr/lib/llvm-12/bin/clang++ `llvm-config-12 --cxxflags` -fno-rtti -fPIC -g -O2 -ffile-prefix-map=/<<PKGBUILDDIR>>=. -fstack-protector-strong -Wformat -Werror=format-security -Wall -g -I ./include/ -DVERSION=\"++3.14c\" -Wno-variadic-macros -DLLVM_MINOR=1 -DLLVM_MAJOR=12 -Wno-deprecated-declarations -Wl,-znodelete -fno-rtti -fPIC -std=c++14 -shared instrumentation/SanitizerCoveragePCGUARD.so.cc -o SanitizerCoveragePCGUARD.so `llvm-config-12 --ldflags` -Wl,-z,relro -Wl,-z,now -ldl -lrt -lm instrumentation/afl-llvm-common.o
/usr/lib/llvm-12/bin/clang++ `llvm-config-12 --cxxflags` -fno-rtti -fPIC -g -O2 -ffile-prefix-map=/<<PKGBUILDDIR>>=. -fstack-protector-strong -Wformat -Werror=format-security -Wall -g -I ./include/ -DVERSION=\"++3.14c\" -Wno-variadic-macros -DLLVM_MINOR=1 -DLLVM_MAJOR=12 -Wno-deprecated-declarations -Wl,-znodelete -shared instrumentation/split-compares-pass.so.cc -o split-compares-pass.so `llvm-config-12 --ldflags` -Wl,-z,relro -Wl,-z,now -ldl -lrt -lm instrumentation/afl-llvm-common.o
/usr/lib/llvm-12/bin/clang++ `llvm-config-12 --cxxflags` -fno-rtti -fPIC -g -O2 -ffile-prefix-map=/<<PKGBUILDDIR>>=. -fstack-protector-strong -Wformat -Werror=format-security -Wall -g -I ./include/ -DVERSION=\"++3.14c\" -Wno-variadic-macros -DLLVM_MINOR=1 -DLLVM_MAJOR=12 -Wno-deprecated-declarations -Wl,-znodelete -shared instrumentation/split-switches-pass.so.cc -o split-switches-pass.so `llvm-config-12 --ldflags` -Wl,-z,relro -Wl,-z,now -ldl -lrt -lm instrumentation/afl-llvm-common.o
/usr/lib/llvm-12/bin/clang++ `llvm-config-12 --cxxflags` -fno-rtti -fPIC -g -O2 -ffile-prefix-map=/<<PKGBUILDDIR>>=. -fstack-protector-strong -Wformat -Werror=format-security -Wall -g -I ./include/ -DVERSION=\"++3.14c\" -Wno-variadic-macros -DLLVM_MINOR=1 -DLLVM_MAJOR=12 -Wno-deprecated-declarations -Wl,-znodelete -shared instrumentation/cmplog-routines-pass.cc -o cmplog-routines-pass.so `llvm-config-12 --ldflags` -Wl,-z,relro -Wl,-z,now -ldl -lrt -lm instrumentation/afl-llvm-common.o
/usr/lib/llvm-12/bin/clang++ `llvm-config-12 --cxxflags` -fno-rtti -fPIC -g -O2 -ffile-prefix-map=/<<PKGBUILDDIR>>=. -fstack-protector-strong -Wformat -Werror=format-security -Wall -g -I ./include/ -DVERSION=\"++3.14c\" -Wno-variadic-macros -DLLVM_MINOR=1 -DLLVM_MAJOR=12 -Wno-deprecated-declarations -Wl,-znodelete -shared instrumentation/cmplog-instructions-pass.cc -o cmplog-instructions-pass.so `llvm-config-12 --ldflags` -Wl,-z,relro -Wl,-z,now -ldl -lrt -lm instrumentation/afl-llvm-common.o
/usr/lib/llvm-12/bin/clang++ `llvm-config-12 --cxxflags` -fno-rtti -fPIC -g -O2 -ffile-prefix-map=/<<PKGBUILDDIR>>=. -fstack-protector-strong -Wformat -Werror=format-security -Wall -g -I ./include/ -DVERSION=\"++3.14c\" -Wno-variadic-macros -DLLVM_MINOR=1 -DLLVM_MAJOR=12 -Wno-deprecated-declarations -Wl,-znodelete -shared instrumentation/cmplog-switches-pass.cc -o cmplog-switches-pass.so `llvm-config-12 --ldflags` -Wl,-z,relro -Wl,-z,now -ldl -lrt -lm instrumentation/afl-llvm-common.o
/usr/lib/llvm-12/bin/clang++ `llvm-config-12 --cxxflags` -fno-rtti -fPIC -g -O2 -ffile-prefix-map=/<<PKGBUILDDIR>>=. -fstack-protector-strong -Wformat -Werror=format-security -Wall -g -I ./include/ -DVERSION=\"++3.14c\" -Wno-variadic-macros -DLLVM_MINOR=1 -DLLVM_MAJOR=12 -Wno-deprecated-declarations -Wl,-znodelete -shared instrumentation/afl-llvm-dict2file.so.cc -o afl-llvm-dict2file.so `llvm-config-12 --ldflags` -Wl,-z,relro -Wl,-z,now -ldl -lrt -lm instrumentation/afl-llvm-common.o
/usr/lib/llvm-12/bin/clang++ `llvm-config-12 --cxxflags` -fno-rtti -fPIC -g -O2 -ffile-prefix-map=/<<PKGBUILDDIR>>=. -fstack-protector-strong -Wformat -Werror=format-security -Wall -g -I ./include/ -DVERSION=\"++3.14c\" -Wno-variadic-macros -DLLVM_MINOR=1 -DLLVM_MAJOR=12 -Wno-deprecated-declarations -Wl,-znodelete -shared instrumentation/compare-transform-pass.so.cc -o compare-transform-pass.so `llvm-config-12 --ldflags` -Wl,-z,relro -Wl,-z,now -ldl -lrt -lm instrumentation/afl-llvm-common.o
[*] Testing the CC wrapper and instrumentation output...
unset AFL_USE_ASAN AFL_USE_MSAN AFL_INST_RATIO; ASAN_OPTIONS=detect_leaks=0 AFL_QUIET=1 AFL_PATH=. AFL_LLVM_LAF_ALL=1 ./afl-cc -g -O2 -ffile-prefix-map=/<<PKGBUILDDIR>>=. -fstack-protector-strong -Wformat -Werror=format-security -g -Wno-pointer-sign -Wno-variadic-macros -Wall -Wextra -Wpointer-arith -I include/ -DAFL_PATH=\"/usr/lib/afl\" -DBIN_PATH=\"/usr/bin\" -DDOC_PATH=\"/usr/share/doc/afl\" -D_FORTIFY_SOURCE=2 -Wall -g -Wno-cast-qual -Wno-variadic-macros -Wno-pointer-sign -I ./include/ -I ./instrumentation/ -DAFL_PATH=\"/usr/lib/afl\" -DBIN_PATH=\"/usr/bin\" -DLLVM_BINDIR=\"/usr/lib/llvm-12/bin\" -DVERSION=\"++3.14c\" -DLLVM_LIBDIR=\"/usr/lib/llvm-12/lib\" -DLLVM_VERSION=\"12.0.1\" -Wno-deprecated -DAFL_CLANG_FLTO=\"-flto=full\" -DAFL_REAL_LD=\"\" -DAFL_CLANG_LDPATH=\"\" -DAFL_CLANG_FUSELD=\"\" -DCLANG_BIN=\"/usr/lib/llvm-12/bin/clang\" -DCLANGPP_BIN=\"/usr/lib/llvm-12/bin/clang++\" -DUSE_BINDIR=1 -Wno-unused-function -fdebug-prefix-map="/<<PKGBUILDDIR>>=llvm_mode" -Wdate-time -D_FORTIFY_SOURCE=2 ./test-instr.c -o test-instr -Wl,-z,relro -Wl,-z,now -ldl -lrt -lm
ASAN_OPTIONS=detect_leaks=0 ./afl-showmap -m none -q -o .test-instr0 ./test-instr < /dev/null
echo 1 | ASAN_OPTIONS=detect_leaks=0 ./afl-showmap -m none -q -o .test-instr1 ./test-instr
[+] All right, the instrumentation seems to be working!
[+] All done! You can now use './afl-cc' to compile programs.
make[3]: Leaving directory '/<<PKGBUILDDIR>>'
/usr/bin/make -f GNUmakefile.gcc_plugin
make[3]: Entering directory '/<<PKGBUILDDIR>>'
[+] shmat seems to be working.
[*] Checking for working 'gcc'...
[*] Checking for gcc plugin development header files...
[-] Oops, can't find gcc header files. Be sure to install 'gcc-X-plugin-dev'.
make[3]: *** [GNUmakefile.gcc_plugin:123: test_deps] Error 1
make[3]: Leaving directory '/<<PKGBUILDDIR>>'
make[2]: [GNUmakefile:318: gcc_plugin] Error 2 (ignored)
[*] Testing the CC wrapper afl-cc and its instrumentation output...
ASAN_OPTIONS=detect_leaks=0 ./afl-showmap -m none -q -o .test-instr0 ./test-instr < /dev/null
echo 1 | ASAN_OPTIONS=detect_leaks=0 ./afl-showmap -m none -q -o .test-instr1 ./test-instr

[+] All right, the instrumentation of afl-cc seems to be working!
[+] Main compiler 'afl-cc' successfully built!
[+] LLVM mode for 'afl-cc' successfully built!
[-] LLVM LTO mode for 'afl-cc'  failed to build, this would need LLVM 11+, see instrumentation/README.lto.md how to build it
[-] gcc_plugin for 'afl-cc'  failed to build, unless you really need it that is fine - or read instrumentation/README.gcc_plugin.md how to build it
[+] All done! Be sure to review the README.md - it's pretty short and useful.
/usr/bin/make -C utils/aflpp_driver
make[3]: Entering directory '/<<PKGBUILDDIR>>/utils/aflpp_driver'
/usr/lib/llvm-12/bin/clang -I. -I../../include -O3 -funroll-loops -g -fPIC -c aflpp_driver.c
'libAFLDriver.a' -> '../../libAFLDriver.a'
/usr/lib/llvm-12/bin/clang -O3 -funroll-loops -g -fPIC -O0 -funroll-loops -c aflpp_qemu_driver.c
'libAFLQemuDriver.a' -> '../../libAFLQemuDriver.a'
Note: Optional aflpp_qemu_driver_hook.o not built.
Note: Optional aflpp_qemu_driver_hook.so not built.
make[3]: Leaving directory '/<<PKGBUILDDIR>>/utils/aflpp_driver'
/usr/bin/make -j -f GNUmakefile.llvm
make[3]: Entering directory '/<<PKGBUILDDIR>>'
[+] llvm_mode detected llvm 10+, enabling neverZero implementation and c++14
[+] llvm_mode detected llvm 11+, enabling afl-lto LTO implementation
GNUmakefile.llvm:218: ld.lld not found, cannot enable LTO mode
[+] shmat seems to be working.
[*] Checking for working 'llvm-config'...
[*] Checking for working '/usr/lib/llvm-12/bin/clang'...
[*] Checking for matching versions of '/usr/lib/llvm-12/bin/clang' and 'llvm-config-12'
[*] We have llvm-config version 12.0.1 with a clang version 12.0.1, good.
[*] Checking for './afl-showmap'...
[+] All set and ready to build.
[*] Building 32-bit variant of the runtime (-m32)... failed (that's fine)
[*] Testing the CC wrapper and instrumentation output...
unset AFL_USE_ASAN AFL_USE_MSAN AFL_INST_RATIO; ASAN_OPTIONS=detect_leaks=0 AFL_QUIET=1 AFL_PATH=. AFL_LLVM_LAF_ALL=1 ./afl-cc -g -O2 -ffile-prefix-map=/<<PKGBUILDDIR>>=. -fstack-protector-strong -Wformat -Werror=format-security -g -Wno-pointer-sign -Wno-variadic-macros -Wall -Wextra -Wpointer-arith -I include/ -DAFL_PATH=\"/usr/lib/afl\" -DBIN_PATH=\"/usr/bin\" -DDOC_PATH=\"/usr/share/doc/afl\" -D_FORTIFY_SOURCE=2 -Wall -g -Wno-cast-qual -Wno-variadic-macros -Wno-pointer-sign -I ./include/ -I ./instrumentation/ -DAFL_PATH=\"/usr/lib/afl\" -DBIN_PATH=\"/usr/bin\" -DLLVM_BINDIR=\"/usr/lib/llvm-12/bin\" -DVERSION=\"++3.14c\" -DLLVM_LIBDIR=\"/usr/lib/llvm-12/lib\" -DLLVM_VERSION=\"12.0.1\" -Wno-deprecated -DAFL_CLANG_FLTO=\"-flto=full\" -DAFL_REAL_LD=\"\" -DAFL_CLANG_LDPATH=\"\" -DAFL_CLANG_FUSELD=\"\" -DCLANG_BIN=\"/usr/lib/llvm-12/bin/clang\" -DCLANGPP_BIN=\"/usr/lib/llvm-12/bin/clang++\" -DUSE_BINDIR=1 -Wno-unused-function -fdebug-prefix-map="/<<PKGBUILDDIR>>=llvm_mode" -Wdate-time -D_FORTIFY_SOURCE=2 ./test-instr.c -o test-instr -Wl,-z,relro -Wl,-z,now -ldl -lrt -lm
ASAN_OPTIONS=detect_leaks=0 ./afl-showmap -m none -q -o .test-instr0 ./test-instr < /dev/null
echo 1 | ASAN_OPTIONS=detect_leaks=0 ./afl-showmap -m none -q -o .test-instr1 ./test-instr
[+] All right, the instrumentation seems to be working!
[+] All done! You can now use './afl-cc' to compile programs.
make[3]: Leaving directory '/<<PKGBUILDDIR>>'
/usr/bin/make -f GNUmakefile.gcc_plugin
make[3]: Entering directory '/<<PKGBUILDDIR>>'
[+] shmat seems to be working.
[*] Checking for working 'gcc'...
[*] Checking for gcc plugin development header files...
[-] Oops, can't find gcc header files. Be sure to install 'gcc-X-plugin-dev'.
make[3]: *** [GNUmakefile.gcc_plugin:123: test_deps] Error 1
make[3]: Leaving directory '/<<PKGBUILDDIR>>'
make[2]: [GNUmakefile:598: distrib] Error 2 (ignored)
/usr/bin/make -C utils/libdislocator
make[3]: Entering directory '/<<PKGBUILDDIR>>/utils/libdislocator'
cc -g -O2 -ffile-prefix-map=/<<PKGBUILDDIR>>=. -fstack-protector-strong -Wformat -Werror=format-security -g -Wno-pointer-sign -Wno-variadic-macros -Wall -Wextra -Wpointer-arith -I include/ -DAFL_PATH=\"/usr/lib/afl\" -DBIN_PATH=\"/usr/bin\" -DDOC_PATH=\"/usr/share/doc/afl\" -D_FORTIFY_SOURCE=2 -I ../../include/ -Wall -g -Wno-pointer-sign -Wdate-time -D_FORTIFY_SOURCE=2 -shared -fPIC libdislocator.so.c -o libdislocator.so -Wl,-z,relro -Wl,-z,now -ldl -lrt -lm
libdislocator.so.c:529:24: warning: unused parameter 'fn' [-Wunused-parameter]
void (*esetfunc(void (*fn)(int, const char *, ...)))(int, const char *, ...) {
                       ^
1 warning generated.
cp -fv libdislocator.so ../../
'libdislocator.so' -> '../../libdislocator.so'
make[3]: Leaving directory '/<<PKGBUILDDIR>>/utils/libdislocator'
/usr/bin/make -C utils/libtokencap
make[3]: Entering directory '/<<PKGBUILDDIR>>/utils/libtokencap'
cc -g -O2 -ffile-prefix-map=/<<PKGBUILDDIR>>=. -fstack-protector-strong -Wformat -Werror=format-security -g -Wno-pointer-sign -Wno-variadic-macros -Wall -Wextra -Wpointer-arith -I include/ -DAFL_PATH=\"/usr/lib/afl\" -DBIN_PATH=\"/usr/bin\" -DDOC_PATH=\"/usr/share/doc/afl\" -D_FORTIFY_SOURCE=2 -I ../../include/ -Wall -g -Wno-pointer-sign -Wdate-time -D_FORTIFY_SOURCE=2 -shared -fPIC libtokencap.so.c -o libtokencap.so -Wl,-z,relro -Wl,-z,now -ldl -lrt -lm "-ldl"
cp -f libtokencap.so ../../
make[3]: Leaving directory '/<<PKGBUILDDIR>>/utils/libtokencap'
/usr/bin/make -C utils/afl_network_proxy
make[3]: Entering directory '/<<PKGBUILDDIR>>/utils/afl_network_proxy'
cc -g -O2 -ffile-prefix-map=/<<PKGBUILDDIR>>=. -fstack-protector-strong -Wformat -Werror=format-security -g -Wno-pointer-sign -Wno-variadic-macros -Wall -Wextra -Wpointer-arith -I include/ -DAFL_PATH=\"/usr/lib/afl\" -DBIN_PATH=\"/usr/bin\" -DDOC_PATH=\"/usr/share/doc/afl\" -D_FORTIFY_SOURCE=2 -Wno-pointer-sign -I../../include -o afl-network-client afl-network-client.c -Wl,-z,relro -Wl,-z,now -ldl -lrt -lm
afl-network-client.c:319:7: warning: unused variable 'i' [-Wunused-variable]
  int i = 1, j, status, ret, received;
      ^
afl-network-client.c:319:14: warning: unused variable 'j' [-Wunused-variable]
  int i = 1, j, status, ret, received;
             ^
afl-network-client.c:392:21: warning: comparison of integers of different signs: 'int' and 'u32' (aka 'unsigned int') [-Wsign-compare]
    while (received < __afl_map_size &&
           ~~~~~~~~ ^ ~~~~~~~~~~~~~~
afl-network-client.c:396:18: warning: comparison of integers of different signs: 'int' and 'u32' (aka 'unsigned int') [-Wsign-compare]
    if (received != __afl_map_size)
        ~~~~~~~~ ^  ~~~~~~~~~~~~~~
4 warnings generated.
cc -g -O2 -ffile-prefix-map=/<<PKGBUILDDIR>>=. -fstack-protector-strong -Wformat -Werror=format-security -g -Wno-pointer-sign -Wno-variadic-macros -Wall -Wextra -Wpointer-arith -I include/ -DAFL_PATH=\"/usr/lib/afl\" -DBIN_PATH=\"/usr/bin\" -DDOC_PATH=\"/usr/share/doc/afl\" -D_FORTIFY_SOURCE=2 -Wno-pointer-sign -I../../include -o afl-network-server afl-network-server.c ../../src/afl-forkserver.c ../../src/afl-sharedmem.c ../../src/afl-common.c -DAFL_PATH=\"/usr/lib/afl\" -DBIN_PATH=\"/usr/bin\" -Wl,-z,relro -Wl,-z,now -ldl -lrt -lm
afl-network-server.c:125:53: warning: unused parameter 'argv' [-Wunused-parameter]
static u8 run_target(afl_forkserver_t *fsrv, char **argv, u8 *mem, u32 len,
                                                    ^
afl-network-server.c:126:25: warning: unused parameter 'first_run' [-Wunused-parameter]
                     u8 first_run) {
                        ^
afl-network-server.c:148:33: warning: unused parameter 'sig' [-Wunused-parameter]
static void handle_stop_sig(int sig) {
                                ^
afl-network-server.c:388:23: warning: unused variable 'addrlen' [-Wunused-variable]
  int                 addrlen = sizeof(clientaddr);
                      ^
afl-network-server.c:389:23: warning: unused variable 'str' [-Wunused-variable]
  char                str[INET6_ADDRSTRLEN];
                      ^
afl-network-server.c:67:12: warning: unused variable 'in_file' [-Wunused-variable]
static u8 *in_file,                    /* Minimizer input test case         */
           ^
afl-network-server.c:71:12: warning: unused variable 'buf2' [-Wunused-variable]
static u8 *buf2;
           ^
afl-network-server.c:74:12: warning: unused variable 'buf2_len' [-Wunused-variable]
static s32 buf2_len;
           ^
afl-network-server.c:81:18: warning: unused function 'anything_set' [-Wunused-function]
static inline u8 anything_set(afl_forkserver_t *fsrv) {
                 ^
afl-network-server.c:104:12: warning: unused function 'write_to_file' [-Wunused-function]
static s32 write_to_file(u8 *path, u8 *mem, u32 len) {
           ^
10 warnings generated.
make[3]: Leaving directory '/<<PKGBUILDDIR>>/utils/afl_network_proxy'
/usr/bin/make -C utils/socket_fuzzing
make[3]: Entering directory '/<<PKGBUILDDIR>>/utils/socket_fuzzing'
socketfuzz32 build failure (that's fine)
make[3]: Leaving directory '/<<PKGBUILDDIR>>/utils/socket_fuzzing'
/usr/bin/make -C utils/argv_fuzzing
make[3]: Entering directory '/<<PKGBUILDDIR>>/utils/argv_fuzzing'
argvfuzz32 build failure (that's fine)
make[3]: Leaving directory '/<<PKGBUILDDIR>>/utils/argv_fuzzing'
/usr/bin/make -C frida_mode
make[3]: Entering directory '/<<PKGBUILDDIR>>/frida_mode'
mkdir -p /<<PKGBUILDDIR>>/frida_mode/build/
mkdir -p /<<PKGBUILDDIR>>/frida_mode/build/frida/
wget -O /<<PKGBUILDDIR>>/frida_mode/build/frida/frida-gumjs-devkit-15.0.0-linux-x86_64.tar.xz "https://github.com/frida/frida/releases/download/15.0.0/frida-gumjs-devkit-15.0.0-linux-x86_64.tar.xz"
/bin/sh: 1: wget: not found
make[3]: *** [GNUmakefile:169: /<<PKGBUILDDIR>>/frida_mode/build/frida/frida-gumjs-devkit-15.0.0-linux-x86_64.tar.xz] Error 127
make[3]: Leaving directory '/<<PKGBUILDDIR>>/frida_mode'
make[2]: [GNUmakefile:604: distrib] Error 2 (ignored)
cd qemu_mode && sh ./build_qemu_support.sh
=================================================
           QemuAFL build script
=================================================

[*] Performing basic sanity checks...
[+] All checks passed!
[*] Making sure qemuafl is checked out
[*] cloning qemuafl
Trying to clone qemuafl (attempt 1/3)
./build_qemu_support.sh: 84: git: not found
Trying to clone qemuafl (attempt 2/3)
./build_qemu_support.sh: 84: git: not found
Trying to clone qemuafl (attempt 3/3)
./build_qemu_support.sh: 84: git: not found
[-] Not checked out, please install git or check your internet connection.
make[2]: [GNUmakefile:605: distrib] Error 1 (ignored)
cd unicorn_mode && unset CFLAGS && sh ./build_unicorn_support.sh
=================================================
UnicornAFL build script
=================================================

[*] Performing basic sanity checks...
[-] Error: 'git' not found. Run 'sudo apt-get install git' or similar.
Traceback (most recent call last):
  File "<string>", line 1, in <module>
ModuleNotFoundError: No module named 'setuptools'
[-] Error: Python setup-tools not found. Run 'sudo apt-get install python-setuptools', or install python3-setuptools, or run '/usr/bin/python3 -m ensurepip', or create a virtualenv, or ...
make[2]: [GNUmakefile:606: distrib] Error 1 (ignored)
make[2]: Leaving directory '/<<PKGBUILDDIR>>'
make[1]: Leaving directory '/<<PKGBUILDDIR>>'
   debian/rules override_dh_auto_test
make[1]: Entering directory '/<<PKGBUILDDIR>>'
/usr/bin/make test
make[2]: Entering directory '/<<PKGBUILDDIR>>'
[*] Compiling afl++ for OS Linux on ARCH x86_64
[*] Checking for the default compiler cc...
[*] Testing the PATH environment variable...
[*] Checking for the ability to compile x86 code...
[+] shmat seems to be working.
[+] Python 3.9.7 support seems to be working.
[+] Everything seems to be working, ready to compile.
/usr/bin/make -j -f GNUmakefile.llvm
make[3]: Entering directory '/<<PKGBUILDDIR>>'
[+] llvm_mode detected llvm 10+, enabling neverZero implementation and c++14
[+] llvm_mode detected llvm 11+, enabling afl-lto LTO implementation
GNUmakefile.llvm:218: ld.lld not found, cannot enable LTO mode
[+] shmat seems to be working.
[*] Checking for working 'llvm-config'...
[*] Checking for working '/usr/lib/llvm-12/bin/clang'...
[*] Checking for matching versions of '/usr/lib/llvm-12/bin/clang' and 'llvm-config-12'
[*] We have llvm-config version 12.0.1 with a clang version 12.0.1, good.
[*] Checking for './afl-showmap'...
[+] All set and ready to build.
[*] Building 32-bit variant of the runtime (-m32)... failed (that's fine)
[*] Testing the CC wrapper and instrumentation output...
unset AFL_USE_ASAN AFL_USE_MSAN AFL_INST_RATIO; ASAN_OPTIONS=detect_leaks=0 AFL_QUIET=1 AFL_PATH=. AFL_LLVM_LAF_ALL=1 ./afl-cc -g -O2 -ffile-prefix-map=/<<PKGBUILDDIR>>=. -fstack-protector-strong -Wformat -Werror=format-security -g -Wno-pointer-sign -Wno-variadic-macros -Wall -Wextra -Wpointer-arith -I include/ -DAFL_PATH=\"/usr/lib/afl\" -DBIN_PATH=\"/usr/bin\" -DDOC_PATH=\"/usr/share/doc/afl\" -D_FORTIFY_SOURCE=2 -Wall -g -Wno-cast-qual -Wno-variadic-macros -Wno-pointer-sign -I ./include/ -I ./instrumentation/ -DAFL_PATH=\"/usr/lib/afl\" -DBIN_PATH=\"/usr/bin\" -DLLVM_BINDIR=\"/usr/lib/llvm-12/bin\" -DVERSION=\"++3.14c\" -DLLVM_LIBDIR=\"/usr/lib/llvm-12/lib\" -DLLVM_VERSION=\"12.0.1\" -Wno-deprecated -DAFL_CLANG_FLTO=\"-flto=full\" -DAFL_REAL_LD=\"\" -DAFL_CLANG_LDPATH=\"\" -DAFL_CLANG_FUSELD=\"\" -DCLANG_BIN=\"/usr/lib/llvm-12/bin/clang\" -DCLANGPP_BIN=\"/usr/lib/llvm-12/bin/clang++\" -DUSE_BINDIR=1 -Wno-unused-function -fdebug-prefix-map="/<<PKGBUILDDIR>>=llvm_mode" -Wdate-time -D_FORTIFY_SOURCE=2 ./test-instr.c -o test-instr -Wl,-z,relro -Wl,-z,now -ldl -lrt -lm
ASAN_OPTIONS=detect_leaks=0 ./afl-showmap -m none -q -o .test-instr0 ./test-instr < /dev/null
echo 1 | ASAN_OPTIONS=detect_leaks=0 ./afl-showmap -m none -q -o .test-instr1 ./test-instr
[+] All right, the instrumentation seems to be working!
[+] All done! You can now use './afl-cc' to compile programs.
make[3]: Leaving directory '/<<PKGBUILDDIR>>'
/usr/bin/make -f GNUmakefile.gcc_plugin
make[3]: Entering directory '/<<PKGBUILDDIR>>'
[+] shmat seems to be working.
[*] Checking for working 'gcc'...
[*] Checking for gcc plugin development header files...
[-] Oops, can't find gcc header files. Be sure to install 'gcc-X-plugin-dev'.
make[3]: *** [GNUmakefile.gcc_plugin:123: test_deps] Error 1
make[3]: Leaving directory '/<<PKGBUILDDIR>>'
make[2]: [GNUmakefile:318: gcc_plugin] Error 2 (ignored)
[*] Testing the CC wrapper afl-cc and its instrumentation output...
ASAN_OPTIONS=detect_leaks=0 ./afl-showmap -m none -q -o .test-instr0 ./test-instr < /dev/null
echo 1 | ASAN_OPTIONS=detect_leaks=0 ./afl-showmap -m none -q -o .test-instr1 ./test-instr

[+] All right, the instrumentation of afl-cc seems to be working!
[+] Main compiler 'afl-cc' successfully built!
[+] LLVM mode for 'afl-cc' successfully built!
[-] LLVM LTO mode for 'afl-cc'  failed to build, this would need LLVM 11+, see instrumentation/README.lto.md how to build it
[-] gcc_plugin for 'afl-cc'  failed to build, unless you really need it that is fine - or read instrumentation/README.gcc_plugin.md how to build it
[+] All done! Be sure to review the README.md - it's pretty short and useful.
/usr/bin/make -C utils/aflpp_driver
make[3]: Entering directory '/<<PKGBUILDDIR>>/utils/aflpp_driver'
Note: Optional aflpp_qemu_driver_hook.o not built.
Note: Optional aflpp_qemu_driver_hook.so not built.
make[3]: Leaving directory '/<<PKGBUILDDIR>>/utils/aflpp_driver'
/usr/bin/make -j -f GNUmakefile.llvm
make[3]: Entering directory '/<<PKGBUILDDIR>>'
[+] llvm_mode detected llvm 10+, enabling neverZero implementation and c++14
[+] llvm_mode detected llvm 11+, enabling afl-lto LTO implementation
GNUmakefile.llvm:218: ld.lld not found, cannot enable LTO mode
[+] shmat seems to be working.
[*] Checking for working 'llvm-config'...
[*] Checking for working '/usr/lib/llvm-12/bin/clang'...
[*] Checking for matching versions of '/usr/lib/llvm-12/bin/clang' and 'llvm-config-12'
[*] We have llvm-config version 12.0.1 with a clang version 12.0.1, good.
[*] Checking for './afl-showmap'...
[+] All set and ready to build.
[*] Building 32-bit variant of the runtime (-m32)... failed (that's fine)
[*] Testing the CC wrapper and instrumentation output...
unset AFL_USE_ASAN AFL_USE_MSAN AFL_INST_RATIO; ASAN_OPTIONS=detect_leaks=0 AFL_QUIET=1 AFL_PATH=. AFL_LLVM_LAF_ALL=1 ./afl-cc -g -O2 -ffile-prefix-map=/<<PKGBUILDDIR>>=. -fstack-protector-strong -Wformat -Werror=format-security -g -Wno-pointer-sign -Wno-variadic-macros -Wall -Wextra -Wpointer-arith -I include/ -DAFL_PATH=\"/usr/lib/afl\" -DBIN_PATH=\"/usr/bin\" -DDOC_PATH=\"/usr/share/doc/afl\" -D_FORTIFY_SOURCE=2 -Wall -g -Wno-cast-qual -Wno-variadic-macros -Wno-pointer-sign -I ./include/ -I ./instrumentation/ -DAFL_PATH=\"/usr/lib/afl\" -DBIN_PATH=\"/usr/bin\" -DLLVM_BINDIR=\"/usr/lib/llvm-12/bin\" -DVERSION=\"++3.14c\" -DLLVM_LIBDIR=\"/usr/lib/llvm-12/lib\" -DLLVM_VERSION=\"12.0.1\" -Wno-deprecated -DAFL_CLANG_FLTO=\"-flto=full\" -DAFL_REAL_LD=\"\" -DAFL_CLANG_LDPATH=\"\" -DAFL_CLANG_FUSELD=\"\" -DCLANG_BIN=\"/usr/lib/llvm-12/bin/clang\" -DCLANGPP_BIN=\"/usr/lib/llvm-12/bin/clang++\" -DUSE_BINDIR=1 -Wno-unused-function -fdebug-prefix-map="/<<PKGBUILDDIR>>=llvm_mode" -Wdate-time -D_FORTIFY_SOURCE=2 ./test-instr.c -o test-instr -Wl,-z,relro -Wl,-z,now -ldl -lrt -lm
ASAN_OPTIONS=detect_leaks=0 ./afl-showmap -m none -q -o .test-instr0 ./test-instr < /dev/null
echo 1 | ASAN_OPTIONS=detect_leaks=0 ./afl-showmap -m none -q -o .test-instr1 ./test-instr
[+] All right, the instrumentation seems to be working!
[+] All done! You can now use './afl-cc' to compile programs.
make[3]: Leaving directory '/<<PKGBUILDDIR>>'
/usr/bin/make -f GNUmakefile.gcc_plugin
make[3]: Entering directory '/<<PKGBUILDDIR>>'
[+] shmat seems to be working.
[*] Checking for working 'gcc'...
[*] Checking for gcc plugin development header files...
[-] Oops, can't find gcc header files. Be sure to install 'gcc-X-plugin-dev'.
make[3]: *** [GNUmakefile.gcc_plugin:123: test_deps] Error 1
make[3]: Leaving directory '/<<PKGBUILDDIR>>'
make[2]: [GNUmakefile:622: source-only] Error 2 (ignored)
/usr/bin/make -C utils/libdislocator
make[3]: Entering directory '/<<PKGBUILDDIR>>/utils/libdislocator'
make[3]: Nothing to be done for 'all'.
make[3]: Leaving directory '/<<PKGBUILDDIR>>/utils/libdislocator'
/usr/bin/make -C utils/libtokencap
make[3]: Entering directory '/<<PKGBUILDDIR>>/utils/libtokencap'
make[3]: Nothing to be done for 'all'.
make[3]: Leaving directory '/<<PKGBUILDDIR>>/utils/libtokencap'
[0m[1;90m[*] starting afl++ test framework ...
[1;94m[*] Testing: afl-gcc, afl-showmap, afl-fuzz, afl-cmin and afl-tmin
[0;32m[+] afl-gcc compilation succeeded
[0;31m[!] afl-gcc instrumentation failed
./test-all.sh: 30: test: Illegal number: 
[0;31m[!] afl-gcc instrumentation produces weird numbers: 
./test-all.sh: 36: test: Illegal number: 
[0;32m[+] afl-gcc hardened mode succeeded and is working
[1;90m[*] running afl-fuzz for afl-gcc, this will take approx 10 seconds
CUT------------------------------------------------------------------CUT
[1;92m[+] [0mLoaded environment variable AFL_PATH with value /<<PKGBUILDDIR>>/test/..[0m
[1;92m[+] [0mLoaded environment variable AFL_EXIT_ON_TIME with value 60[0m
[1;92m[+] [0mLoaded environment variable AFL_NO_AFFINITY with value 1[0m
[1;92m[+] [0mLoaded environment variable AFL_SKIP_CPUFREQ with value 1[0m
[1;92m[+] [0mLoaded environment variable AFL_I_DONT_CARE_ABOUT_MISSING_CRASHES with value 1[0m
[1;92m[+] [0mLoaded environment variable AFL_EXIT_WHEN_DONE with value 1[0m
[0;36mafl-fuzz++3.14c[0m based on afl by Michal Zalewski and a large online community
[1;92m[+] [0mafl++ is maintained by Marc "van Hauser" Heuse, Heiko "hexcoder" Eifeldt, Andrea Fioraldi and Dominik Maier[0m
[1;92m[+] [0mafl++ is open source, get it at https://github.com/AFLplusplus/AFLplusplus[0m
[1;92m[+] [0mNOTE: This is v3.x which changes defaults and behaviours - see README.md[0m
[1;92m[+] [0mLoaded environment variable ASAN_OPTIONS with value detect_leaks=0:allocator_may_return_null=1:abort_on_error=1:symbolize=0[0m
[1;92m[+] [0mNo -M/-S set, autoconfiguring for "-S default"[0m
[1;94m[*] [0mGetting to work...[0m
[1;92m[+] [0mUsing exponential power schedule (FAST)[0m
[1;92m[+] [0mEnabled testcache with 50 MB[0m
[1;92m[+] [0mLooks like we're not running on a tty, so I'll be a bit less verbose.[0m
[1;94m[*] [0mChecking core_pattern...[0m
[1;92m[+] [0mYou have 4 CPU cores and 1 runnable tasks (utilization: 25%).[0m
[1;92m[+] [0mTry parallel jobs - see docs/parallel_fuzzing.md.[0m
[1;94m[*] [0mSetting up output directories...[0m
[1;93m[!] [1;97mWARNING: [0mNot binding to a CPU core (AFL_NO_AFFINITY set).[0m
[1;94m[*] [0mScanning 'in'...[0m
[1;92m[+] [0mLoaded a total of 1 seeds.[0m
[1;94m[*] [0mCreating hard links for all input files...[0m
[1;94m[*] [0mValidating target binary...[0m

[1;91m[-] [0mLooks like the target binary is not instrumented! The fuzzer depends on
    compile-time instrumentation to isolate interesting test cases while
    mutating the input data. For more information, and for tips on how to
    instrument binaries, please see docs/README.md.

    When source code is not available, you may be able to leverage QEMU
    mode support. Consult the README.md for tips on how to enable this.

    If your target is an instrumented binary (e.g. with zafl, retrowrite,
    etc.) then set 'AFL_SKIP_BIN_CHECK=1'

    (It is also possible to use afl-fuzz as a traditional, non-instrumented
    fuzzer. For that use the -n option - but expect much worse results.)
)B[?25h[0m[1;91m
[-] PROGRAM ABORT : [0mNo instrumentation detected[1;91m
         Location : [0mcheck_binary(), src/afl-fuzz-init.c:2749

CUT------------------------------------------------------------------CUT
[0;31m[!] afl-fuzz is not working correctly with afl-gcc
[0;31m[!] afl-cmin did not correctly minimize the number of testcases (0)
[-] Error: binary './test-instr.plain' doesn't appear to be instrumented.
[0;31m[!] afl-cmin.bash did not correctly minimize the number of testcases (0)
[0;31m[!] afl-tmin did incorrectly minimize the testcase to 
[1;94m[*] Testing: afl-clang, afl-showmap, afl-fuzz, afl-cmin and afl-tmin
[0;32m[+] afl-clang compilation succeeded
[0;32m[+] afl-clang instrumentation present and working correctly
[0;32m[+] afl-clang run reported 10 instrumented locations which is fine
[0;32m[+] afl-clang hardened mode succeeded and is working
[1;90m[*] running afl-fuzz for afl-clang, this will take approx 10 seconds
[0;32m[+] afl-fuzz is working correctly with afl-clang
[0;32m[+] afl-cmin correctly minimized the number of testcases
[0;32m[+] afl-cmin.bash correctly minimized the number of testcases
[0;32m[+] afl-tmin correctly minimized the testcase
[1;94m[*] Testing: llvm_mode, afl-showmap, afl-fuzz, afl-cmin and afl-tmin
[0;32m[+] llvm_mode compilation succeeded
[0;32m[+] llvm_mode instrumentation present and working correctly
[0;32m[+] llvm_mode run reported 4 instrumented locations which is fine
[0;32m[+] llvm_mode threadsafe compilation succeeded
[0;32m[+] llvm_mode threadsafe instrumentation present and working correctly
[0;32m[+] llvm_mode run reported 4 threadsafe instrumented locations which is fine
[0;32m[+] llvm_mode shared object with -z defs compilation succeeded
[0;32m[+] llvm_mode test-dlopen compilation succeeded
[0;32m[+] llvm_mode test-dlopen instrumentation present and working correctly
[0;32m[+] llvm_mode test-dlopen run reported 8 instrumented locations which is fine
[0;32m[+] llvm_mode hardened mode succeeded and is working
[1;90m[*] running afl-fuzz for llvm_mode, this will take approx 10 seconds
[0;32m[+] afl-fuzz is working correctly with llvm_mode
[1;90m[*] llvm_mode laf-intel/compcov testing splitting integer types (this might take some time)
[0;32m[+] llvm_mode laf-intel/compcov feature works correctly
[1;90m[*] running afl-fuzz with floating point splitting, this will take max. 45 seconds
[0;32m[+] llvm_mode laf-intel floatingpoint splitting feature works correctly
[0;32m[+] llvm_mode instrumentlist feature works correctly
[1;90m[*] running afl-fuzz for llvm_mode cmplog, this will take approx 10 seconds
[0;32m[+] afl-fuzz is working correctly with llvm_mode cmplog
[0;32m[+] llvm_mode persistent mode feature works correctly
[1;94m[*] Testing: LTO llvm_mode
[1;93m[-] LTO llvm_mode not compiled, cannot test
[1;94m[*] Testing: gcc_plugin
[1;93m[-] gcc_plugin not compiled, cannot test
[1;94m[*] Testing: shared library extensions
[0;32m[+] libtokencap did successfully capture tokens
[0;32m[+] libdislocator did successfully detect the memory corruption
[1;94m[*] Testing: qemu_mode
[1;93m[-] qemu_mode is not compiled, cannot test
[1;94m[*] Testing: frida_mode
[1;93m[-] frida_mode is not compiled, cannot test
[1;94m[*] Testing: unicorn_mode
[1;93m[-] unicorn_mode is not compiled, cannot test
[1;94m[*] Testing: custom mutator
[1;90m[*] running afl-fuzz for the C mutator, this will take approx 10 seconds
[0;32m[+] afl-fuzz is working correctly with the C mutator
[1;90m[*] running afl-fuzz with multiple custom C mutators, this will take approx 10 seconds
[0;32m[+] afl-fuzz is working correctly with multiple C mutators
[1;90m[*] running afl-fuzz for the Python mutator, this will take approx 10 seconds
[0;32m[+] afl-fuzz is working correctly with the Python mutator
[1;94m[*] Execution cmocka Unit-Tests [1;90m
make[3]: Entering directory '/<<PKGBUILDDIR>>'
[*] Compiling afl++ for OS Linux on ARCH x86_64
./test/unittests/unit_maybe_alloc
[==========] Running 6 test(s).
[ RUN      ] test_pow2
[       OK ] test_pow2
[ RUN      ] test_null_allocs
[       OK ] test_null_allocs
[ RUN      ] test_nonpow2_size
[       OK ] test_nonpow2_size
[ RUN      ] test_zero_size
[       OK ] test_zero_size
[ RUN      ] test_unchanged_size
[       OK ] test_unchanged_size
[ RUN      ] test_grow_multiple
[       OK ] test_grow_multiple
[==========] 6 test(s) run.
[  PASSED  ] 6 test(s).
./test/unittests/unit_preallocable
[==========] Running 2 test(s).
[ RUN      ] test_alloc_free
[       OK ] test_alloc_free
[ RUN      ] test_prealloc_overflow
[       OK ] test_prealloc_overflow
[==========] 2 test(s) run.
[  PASSED  ] 2 test(s).
./test/unittests/unit_list
[==========] Running 3 test(s).
[ RUN      ] test_contains
[       OK ] test_contains
[ RUN      ] test_foreach
[       OK ] test_foreach
[ RUN      ] test_long_list
[       OK ] test_long_list
[==========] 3 test(s) run.
[  PASSED  ] 3 test(s).
src/afl-common.o: file not recognized: file format not recognized
clang: error: linker command failed with exit code 1 (use -v to see invocation)
make[3]: *** [GNUmakefile:471: unit_rand] Error 1
make[3]: Leaving directory '/<<PKGBUILDDIR>>'
[1;90m[*] 11 test cases completed.[0m
[1;93m[-] not all test cases were executed
[0;31m[!] failure in tests :-([0m
make[2]: *** [GNUmakefile:328: tests] Error 1
make[2]: Leaving directory '/<<PKGBUILDDIR>>'
make[1]: *** [debian/rules:46: override_dh_auto_test] Error 2
make[1]: Leaving directory '/<<PKGBUILDDIR>>'
make: *** [debian/rules:24: build] Error 2
dpkg-buildpackage: error: debian/rules build subprocess returned exit status 2
--------------------------------------------------------------------------------
Build finished at 2021-10-26T21:43:12Z

Finished
--------


+------------------------------------------------------------------------------+
| Cleanup                                                                      |
+------------------------------------------------------------------------------+

Purging /<<BUILDDIR>>
Not cleaning session: cloned chroot in use
E: Build failure (dpkg-buildpackage died)

+------------------------------------------------------------------------------+
| Summary                                                                      |
+------------------------------------------------------------------------------+

Build Architecture: amd64
Build Type: binary
Build-Space: 30760
Build-Time: 213
Distribution: unstable
Fail-Stage: build
Host Architecture: amd64
Install-Time: 27
Job: aflplusplus_3.14c-2
Machine Architecture: amd64
Package: aflplusplus
Package-Time: 260
Source-Version: 3.14c-2
Space: 30760
Status: attempted
Version: 3.14c-2
--------------------------------------------------------------------------------
Finished at 2021-10-26T21:43:12Z
Build needed 00:04:20, 30760k disk space
E: Build failure (dpkg-buildpackage died)
DC-Status: Failed 261.186358133s
