DC-Build-Header: axc 0.3.6-2 / 2021-10-26 22:31:30 +0000
DC-Task: type:rebuild-binarch-only source:axc version:0.3.6-2 chroot:unstable esttime:123 logfile:/tmp/axc_0.3.6-2_unstable_clang12.log modes:clang12:binarch-only
DC-Sbuild-call: su user42 -c 'sbuild -n --arch-any --apt-update -d unstable -v --no-run-lintian --chroot-setup-commands=/tmp/clang12 axc_0.3.6-2'
sbuild (Debian sbuild) 0.78.1 (09 February 2019) on ip-172-31-11-8.eu-central-1.compute.internal

+==============================================================================+
| axc 0.3.6-2 (amd64)                          Tue, 26 Oct 2021 22:31:31 +0000 |
+==============================================================================+

Package: axc
Version: 0.3.6-2
Source Version: 0.3.6-2
Distribution: unstable
Machine Architecture: amd64
Host Architecture: amd64
Build Architecture: amd64
Build Type: binary

I: NOTICE: Log filtering will replace 'var/run/schroot/mount/sid-amd64-sbuild-ede48caf-e0c9-4dc2-82a8-b1868b557230' with '<<CHROOT>>'

+------------------------------------------------------------------------------+
| Chroot Setup Commands                                                        |
+------------------------------------------------------------------------------+


/tmp/clang12
------------

+ echo 'Entering customization script...'
Entering customization script...
+ CLANG_VERSION=12
+ echo 'Install of clang-12'
Install of clang-12
+ apt-get update
Get:1 http://127.0.0.1:12990/debian sid InRelease [165 kB]
Get:2 http://127.0.0.1:12990/debian sid/main Sources.diff/Index [63.6 kB]
Get:3 http://127.0.0.1:12990/debian sid/main amd64 Packages.diff/Index [63.6 kB]
Get:4 http://127.0.0.1:12990/debian sid/main Sources T-2021-10-26-2004.40-F-2021-10-26-0202.15.pdiff [47.3 kB]
Get:4 http://127.0.0.1:12990/debian sid/main Sources T-2021-10-26-2004.40-F-2021-10-26-0202.15.pdiff [47.3 kB]
Get:5 http://127.0.0.1:12990/debian sid/main amd64 Packages T-2021-10-26-2004.40-F-2021-10-26-0202.15.pdiff [55.9 kB]
Get:5 http://127.0.0.1:12990/debian sid/main amd64 Packages T-2021-10-26-2004.40-F-2021-10-26-0202.15.pdiff [55.9 kB]
Get:6 http://127.0.0.1:12990/debian sid/main Translation-en [6586 kB]
Fetched 6981 kB in 3s (2756 kB/s)
Reading package lists...
+ apt-get install --yes --no-install-recommends --force-yes clang-12 libomp-12-dev libobjc-9-dev
Reading package lists...
Building dependency tree...
The following additional packages will be installed:
  lib32gcc-s1 lib32stdc++6 libasan5 libbsd0 libc6-i386 libclang-common-12-dev
  libclang-cpp12 libclang1-12 libedit2 libelf1 libgc1 libgcc-9-dev libicu67
  libllvm12 libmd0 libobjc-11-dev libobjc4 libomp5-12 libunwind-12 libxml2
  libz3-4 llvm-12-linker-tools
Suggested packages:
  clang-12-doc libomp-12-doc
Recommended packages:
  llvm-12-dev python3
The following NEW packages will be installed:
  clang-12 lib32gcc-s1 lib32stdc++6 libasan5 libbsd0 libc6-i386
  libclang-common-12-dev libclang-cpp12 libclang1-12 libedit2 libelf1 libgc1
  libgcc-9-dev libicu67 libllvm12 libmd0 libobjc-11-dev libobjc-9-dev libobjc4
  libomp-12-dev libomp5-12 libunwind-12 libxml2 libz3-4 llvm-12-linker-tools
0 upgraded, 25 newly installed, 0 to remove and 0 not upgraded.
Need to get 67.6 MB of archives.
After this operation, 349 MB of additional disk space will be used.
Get:1 http://127.0.0.1:12990/debian sid/main amd64 libmd0 amd64 1.0.4-1 [29.6 kB]
Get:2 http://127.0.0.1:12990/debian sid/main amd64 libbsd0 amd64 0.11.3-1 [108 kB]
Get:3 http://127.0.0.1:12990/debian sid/main amd64 libedit2 amd64 3.1-20210910-1 [97.5 kB]
Get:4 http://127.0.0.1:12990/debian sid/main amd64 libicu67 amd64 67.1-7 [8622 kB]
Get:5 http://127.0.0.1:12990/debian sid/main amd64 libxml2 amd64 2.9.12+dfsg-5 [696 kB]
Get:6 http://127.0.0.1:12990/debian sid/main amd64 libz3-4 amd64 4.8.12-1+b1 [6997 kB]
Get:7 http://127.0.0.1:12990/debian sid/main amd64 libllvm12 amd64 1:12.0.1-15 [19.4 MB]
Get:8 http://127.0.0.1:12990/debian sid/main amd64 libclang-cpp12 amd64 1:12.0.1-15 [9996 kB]
Get:9 http://127.0.0.1:12990/debian sid/main amd64 libgc1 amd64 1:8.0.4-3 [239 kB]
Get:10 http://127.0.0.1:12990/debian sid/main amd64 libobjc4 amd64 11.2.0-10 [43.2 kB]
Get:11 http://127.0.0.1:12990/debian sid/main amd64 libobjc-11-dev amd64 11.2.0-10 [170 kB]
Get:12 http://127.0.0.1:12990/debian sid/main amd64 libc6-i386 amd64 2.32-4 [2624 kB]
Get:13 http://127.0.0.1:12990/debian sid/main amd64 lib32gcc-s1 amd64 11.2.0-10 [49.9 kB]
Get:14 http://127.0.0.1:12990/debian sid/main amd64 lib32stdc++6 amd64 11.2.0-10 [601 kB]
Get:15 http://127.0.0.1:12990/debian sid/main amd64 libclang-common-12-dev amd64 1:12.0.1-15 [4819 kB]
Get:16 http://127.0.0.1:12990/debian sid/main amd64 llvm-12-linker-tools amd64 1:12.0.1-15 [1222 kB]
Get:17 http://127.0.0.1:12990/debian sid/main amd64 libclang1-12 amd64 1:12.0.1-15 [5644 kB]
Get:18 http://127.0.0.1:12990/debian sid/main amd64 clang-12 amd64 1:12.0.1-15 [117 kB]
Get:19 http://127.0.0.1:12990/debian sid/main amd64 libasan5 amd64 9.4.0-3 [2734 kB]
Get:20 http://127.0.0.1:12990/debian sid/main amd64 libelf1 amd64 0.185-2 [172 kB]
Get:21 http://127.0.0.1:12990/debian sid/main amd64 libgcc-9-dev amd64 9.4.0-3 [2343 kB]
Get:22 http://127.0.0.1:12990/debian sid/main amd64 libobjc-9-dev amd64 9.4.0-3 [219 kB]
Get:23 http://127.0.0.1:12990/debian sid/main amd64 libunwind-12 amd64 1:12.0.1-15 [63.9 kB]
Get:24 http://127.0.0.1:12990/debian sid/main amd64 libomp5-12 amd64 1:12.0.1-15 [405 kB]
Get:25 http://127.0.0.1:12990/debian sid/main amd64 libomp-12-dev amd64 1:12.0.1-15 [104 kB]
debconf: delaying package configuration, since apt-utils is not installed
Fetched 67.6 MB in 0s (154 MB/s)
Selecting previously unselected package libmd0:amd64.
(Reading database ... (Reading database ... 5%(Reading database ... 10%(Reading database ... 15%(Reading database ... 20%(Reading database ... 25%(Reading database ... 30%(Reading database ... 35%(Reading database ... 40%(Reading database ... 45%(Reading database ... 50%(Reading database ... 55%(Reading database ... 60%(Reading database ... 65%(Reading database ... 70%(Reading database ... 75%(Reading database ... 80%(Reading database ... 85%(Reading database ... 90%(Reading database ... 95%(Reading database ... 100%(Reading database ... 12431 files and directories currently installed.)
Preparing to unpack .../00-libmd0_1.0.4-1_amd64.deb ...
Unpacking libmd0:amd64 (1.0.4-1) ...
Selecting previously unselected package libbsd0:amd64.
Preparing to unpack .../01-libbsd0_0.11.3-1_amd64.deb ...
Unpacking libbsd0:amd64 (0.11.3-1) ...
Selecting previously unselected package libedit2:amd64.
Preparing to unpack .../02-libedit2_3.1-20210910-1_amd64.deb ...
Unpacking libedit2:amd64 (3.1-20210910-1) ...
Selecting previously unselected package libicu67:amd64.
Preparing to unpack .../03-libicu67_67.1-7_amd64.deb ...
Unpacking libicu67:amd64 (67.1-7) ...
Selecting previously unselected package libxml2:amd64.
Preparing to unpack .../04-libxml2_2.9.12+dfsg-5_amd64.deb ...
Unpacking libxml2:amd64 (2.9.12+dfsg-5) ...
Selecting previously unselected package libz3-4:amd64.
Preparing to unpack .../05-libz3-4_4.8.12-1+b1_amd64.deb ...
Unpacking libz3-4:amd64 (4.8.12-1+b1) ...
Selecting previously unselected package libllvm12:amd64.
Preparing to unpack .../06-libllvm12_1%3a12.0.1-15_amd64.deb ...
Unpacking libllvm12:amd64 (1:12.0.1-15) ...
Selecting previously unselected package libclang-cpp12.
Preparing to unpack .../07-libclang-cpp12_1%3a12.0.1-15_amd64.deb ...
Unpacking libclang-cpp12 (1:12.0.1-15) ...
Selecting previously unselected package libgc1:amd64.
Preparing to unpack .../08-libgc1_1%3a8.0.4-3_amd64.deb ...
Unpacking libgc1:amd64 (1:8.0.4-3) ...
Selecting previously unselected package libobjc4:amd64.
Preparing to unpack .../09-libobjc4_11.2.0-10_amd64.deb ...
Unpacking libobjc4:amd64 (11.2.0-10) ...
Selecting previously unselected package libobjc-11-dev:amd64.
Preparing to unpack .../10-libobjc-11-dev_11.2.0-10_amd64.deb ...
Unpacking libobjc-11-dev:amd64 (11.2.0-10) ...
Selecting previously unselected package libc6-i386.
Preparing to unpack .../11-libc6-i386_2.32-4_amd64.deb ...
Unpacking libc6-i386 (2.32-4) ...
Selecting previously unselected package lib32gcc-s1.
Preparing to unpack .../12-lib32gcc-s1_11.2.0-10_amd64.deb ...
Unpacking lib32gcc-s1 (11.2.0-10) ...
Selecting previously unselected package lib32stdc++6.
Preparing to unpack .../13-lib32stdc++6_11.2.0-10_amd64.deb ...
Unpacking lib32stdc++6 (11.2.0-10) ...
Selecting previously unselected package libclang-common-12-dev.
Preparing to unpack .../14-libclang-common-12-dev_1%3a12.0.1-15_amd64.deb ...
Unpacking libclang-common-12-dev (1:12.0.1-15) ...
Selecting previously unselected package llvm-12-linker-tools.
Preparing to unpack .../15-llvm-12-linker-tools_1%3a12.0.1-15_amd64.deb ...
Unpacking llvm-12-linker-tools (1:12.0.1-15) ...
Selecting previously unselected package libclang1-12.
Preparing to unpack .../16-libclang1-12_1%3a12.0.1-15_amd64.deb ...
Unpacking libclang1-12 (1:12.0.1-15) ...
Selecting previously unselected package clang-12.
Preparing to unpack .../17-clang-12_1%3a12.0.1-15_amd64.deb ...
Unpacking clang-12 (1:12.0.1-15) ...
Selecting previously unselected package libasan5:amd64.
Preparing to unpack .../18-libasan5_9.4.0-3_amd64.deb ...
Unpacking libasan5:amd64 (9.4.0-3) ...
Selecting previously unselected package libelf1:amd64.
Preparing to unpack .../19-libelf1_0.185-2_amd64.deb ...
Unpacking libelf1:amd64 (0.185-2) ...
Selecting previously unselected package libgcc-9-dev:amd64.
Preparing to unpack .../20-libgcc-9-dev_9.4.0-3_amd64.deb ...
Unpacking libgcc-9-dev:amd64 (9.4.0-3) ...
Selecting previously unselected package libobjc-9-dev:amd64.
Preparing to unpack .../21-libobjc-9-dev_9.4.0-3_amd64.deb ...
Unpacking libobjc-9-dev:amd64 (9.4.0-3) ...
Selecting previously unselected package libunwind-12:amd64.
Preparing to unpack .../22-libunwind-12_1%3a12.0.1-15_amd64.deb ...
Unpacking libunwind-12:amd64 (1:12.0.1-15) ...
Selecting previously unselected package libomp5-12:amd64.
Preparing to unpack .../23-libomp5-12_1%3a12.0.1-15_amd64.deb ...
Unpacking libomp5-12:amd64 (1:12.0.1-15) ...
Selecting previously unselected package libomp-12-dev.
Preparing to unpack .../24-libomp-12-dev_1%3a12.0.1-15_amd64.deb ...
Unpacking libomp-12-dev (1:12.0.1-15) ...
Setting up libicu67:amd64 (67.1-7) ...
Setting up libasan5:amd64 (9.4.0-3) ...
Setting up libz3-4:amd64 (4.8.12-1+b1) ...
Setting up libunwind-12:amd64 (1:12.0.1-15) ...
Setting up libgc1:amd64 (1:8.0.4-3) ...
Setting up libmd0:amd64 (1.0.4-1) ...
Setting up libc6-i386 (2.32-4) ...
Setting up libbsd0:amd64 (0.11.3-1) ...
Setting up libelf1:amd64 (0.185-2) ...
Setting up libxml2:amd64 (2.9.12+dfsg-5) ...
Setting up libedit2:amd64 (3.1-20210910-1) ...
Setting up libobjc4:amd64 (11.2.0-10) ...
Setting up libgcc-9-dev:amd64 (9.4.0-3) ...
Setting up lib32gcc-s1 (11.2.0-10) ...
Setting up lib32stdc++6 (11.2.0-10) ...
Setting up libllvm12:amd64 (1:12.0.1-15) ...
Setting up libobjc-9-dev:amd64 (9.4.0-3) ...
Setting up libclang-common-12-dev (1:12.0.1-15) ...
Setting up libomp5-12:amd64 (1:12.0.1-15) ...
Setting up libobjc-11-dev:amd64 (11.2.0-10) ...
Setting up llvm-12-linker-tools (1:12.0.1-15) ...
Setting up libclang1-12 (1:12.0.1-15) ...
Setting up libclang-cpp12 (1:12.0.1-15) ...
Setting up libomp-12-dev (1:12.0.1-15) ...
Setting up clang-12 (1:12.0.1-15) ...
Processing triggers for libc-bin (2.32-4) ...
W: --force-yes is deprecated, use one of the options starting with --allow instead.
+ echo 'Replace gcc, g++ & cpp by clang'
Replace gcc, g++ & cpp by clang
+ VERSIONS='4.6 4.7 4.8 4.9 5 6 7 8 9 10 11'
+ cd /usr/bin
+ for VERSION in $VERSIONS
+ rm -f g++-4.6 gcc-4.6 cpp-4.6 gcc
+ ln -s clang++-12 g++-4.6
+ ln -s clang-12 gcc-4.6
+ ln -s clang-12 cpp-4.6
+ ln -s clang-12 gcc
+ echo 'gcc-4.6 hold'
+ dpkg --set-selections
dpkg: warning: package not in status nor available database at line 1: gcc-4.6
dpkg: warning: found unknown packages; this might mean the available database
is outdated, and needs to be updated through a frontend method;
please see the FAQ <https://wiki.debian.org/Teams/Dpkg/FAQ>
+ echo 'g++-4.6 hold'
+ dpkg --set-selections
dpkg: warning: package not in status nor available database at line 1: g++-4.6
dpkg: warning: found unknown packages; this might mean the available database
is outdated, and needs to be updated through a frontend method;
please see the FAQ <https://wiki.debian.org/Teams/Dpkg/FAQ>
+ for VERSION in $VERSIONS
+ rm -f g++-4.7 gcc-4.7 cpp-4.7 gcc
+ ln -s clang++-12 g++-4.7
+ ln -s clang-12 gcc-4.7
+ ln -s clang-12 cpp-4.7
+ ln -s clang-12 gcc
+ echo 'gcc-4.7 hold'
+ dpkg --set-selections
dpkg: warning: package not in status nor available database at line 1: gcc-4.7
dpkg: warning: found unknown packages; this might mean the available database
is outdated, and needs to be updated through a frontend method;
please see the FAQ <https://wiki.debian.org/Teams/Dpkg/FAQ>
+ echo 'g++-4.7 hold'
+ dpkg --set-selections
dpkg: warning: package not in status nor available database at line 1: g++-4.7
dpkg: warning: found unknown packages; this might mean the available database
is outdated, and needs to be updated through a frontend method;
please see the FAQ <https://wiki.debian.org/Teams/Dpkg/FAQ>
+ for VERSION in $VERSIONS
+ rm -f g++-4.8 gcc-4.8 cpp-4.8 gcc
+ ln -s clang++-12 g++-4.8
+ ln -s clang-12 gcc-4.8
+ ln -s clang-12 cpp-4.8
+ ln -s clang-12 gcc
+ echo 'gcc-4.8 hold'
+ dpkg --set-selections
dpkg: warning: package not in status nor available database at line 1: gcc-4.8
dpkg: warning: found unknown packages; this might mean the available database
is outdated, and needs to be updated through a frontend method;
please see the FAQ <https://wiki.debian.org/Teams/Dpkg/FAQ>
+ echo 'g++-4.8 hold'
+ dpkg --set-selections
dpkg: warning: package not in status nor available database at line 1: g++-4.8
dpkg: warning: found unknown packages; this might mean the available database
is outdated, and needs to be updated through a frontend method;
please see the FAQ <https://wiki.debian.org/Teams/Dpkg/FAQ>
+ for VERSION in $VERSIONS
+ rm -f g++-4.9 gcc-4.9 cpp-4.9 gcc
+ ln -s clang++-12 g++-4.9
+ ln -s clang-12 gcc-4.9
+ ln -s clang-12 cpp-4.9
+ ln -s clang-12 gcc
+ echo 'gcc-4.9 hold'
+ dpkg --set-selections
dpkg: warning: package not in status nor available database at line 1: gcc-4.9
dpkg: warning: found unknown packages; this might mean the available database
is outdated, and needs to be updated through a frontend method;
please see the FAQ <https://wiki.debian.org/Teams/Dpkg/FAQ>
+ echo 'g++-4.9 hold'
+ dpkg --set-selections
dpkg: warning: package not in status nor available database at line 1: g++-4.9
dpkg: warning: found unknown packages; this might mean the available database
is outdated, and needs to be updated through a frontend method;
please see the FAQ <https://wiki.debian.org/Teams/Dpkg/FAQ>
+ for VERSION in $VERSIONS
+ rm -f g++-5 gcc-5 cpp-5 gcc
+ ln -s clang++-12 g++-5
+ ln -s clang-12 gcc-5
+ ln -s clang-12 cpp-5
+ ln -s clang-12 gcc
+ echo 'gcc-5 hold'
+ dpkg --set-selections
dpkg: warning: package not in status nor available database at line 1: gcc-5
dpkg: warning: found unknown packages; this might mean the available database
is outdated, and needs to be updated through a frontend method;
please see the FAQ <https://wiki.debian.org/Teams/Dpkg/FAQ>
+ echo 'g++-5 hold'
+ dpkg --set-selections
dpkg: warning: package not in status nor available database at line 1: g++-5
dpkg: warning: found unknown packages; this might mean the available database
is outdated, and needs to be updated through a frontend method;
please see the FAQ <https://wiki.debian.org/Teams/Dpkg/FAQ>
+ for VERSION in $VERSIONS
+ rm -f g++-6 gcc-6 cpp-6 gcc
+ ln -s clang++-12 g++-6
+ ln -s clang-12 gcc-6
+ ln -s clang-12 cpp-6
+ ln -s clang-12 gcc
+ echo 'gcc-6 hold'
+ dpkg --set-selections
dpkg: warning: package not in status nor available database at line 1: gcc-6
dpkg: warning: found unknown packages; this might mean the available database
is outdated, and needs to be updated through a frontend method;
please see the FAQ <https://wiki.debian.org/Teams/Dpkg/FAQ>
+ echo 'g++-6 hold'
+ dpkg --set-selections
dpkg: warning: package not in status nor available database at line 1: g++-6
dpkg: warning: found unknown packages; this might mean the available database
is outdated, and needs to be updated through a frontend method;
please see the FAQ <https://wiki.debian.org/Teams/Dpkg/FAQ>
+ for VERSION in $VERSIONS
+ rm -f g++-7 gcc-7 cpp-7 gcc
+ ln -s clang++-12 g++-7
+ ln -s clang-12 gcc-7
+ ln -s clang-12 cpp-7
+ ln -s clang-12 gcc
+ echo 'gcc-7 hold'
+ dpkg --set-selections
dpkg: warning: package not in status nor available database at line 1: gcc-7
dpkg: warning: found unknown packages; this might mean the available database
is outdated, and needs to be updated through a frontend method;
please see the FAQ <https://wiki.debian.org/Teams/Dpkg/FAQ>
+ echo 'g++-7 hold'
+ dpkg --set-selections
dpkg: warning: package not in status nor available database at line 1: g++-7
dpkg: warning: found unknown packages; this might mean the available database
is outdated, and needs to be updated through a frontend method;
please see the FAQ <https://wiki.debian.org/Teams/Dpkg/FAQ>
+ for VERSION in $VERSIONS
+ rm -f g++-8 gcc-8 cpp-8 gcc
+ ln -s clang++-12 g++-8
+ ln -s clang-12 gcc-8
+ ln -s clang-12 cpp-8
+ ln -s clang-12 gcc
+ echo 'gcc-8 hold'
+ dpkg --set-selections
dpkg: warning: package not in status nor available database at line 1: gcc-8
dpkg: warning: found unknown packages; this might mean the available database
is outdated, and needs to be updated through a frontend method;
please see the FAQ <https://wiki.debian.org/Teams/Dpkg/FAQ>
+ echo 'g++-8 hold'
+ dpkg --set-selections
dpkg: warning: package not in status nor available database at line 1: g++-8
dpkg: warning: found unknown packages; this might mean the available database
is outdated, and needs to be updated through a frontend method;
please see the FAQ <https://wiki.debian.org/Teams/Dpkg/FAQ>
+ for VERSION in $VERSIONS
+ rm -f g++-9 gcc-9 cpp-9 gcc
+ ln -s clang++-12 g++-9
+ ln -s clang-12 gcc-9
+ ln -s clang-12 cpp-9
+ ln -s clang-12 gcc
+ echo 'gcc-9 hold'
+ dpkg --set-selections
dpkg: warning: package not in status nor available database at line 1: gcc-9
dpkg: warning: found unknown packages; this might mean the available database
is outdated, and needs to be updated through a frontend method;
please see the FAQ <https://wiki.debian.org/Teams/Dpkg/FAQ>
+ echo 'g++-9 hold'
+ dpkg --set-selections
dpkg: warning: package not in status nor available database at line 1: g++-9
dpkg: warning: found unknown packages; this might mean the available database
is outdated, and needs to be updated through a frontend method;
please see the FAQ <https://wiki.debian.org/Teams/Dpkg/FAQ>
+ for VERSION in $VERSIONS
+ rm -f g++-10 gcc-10 cpp-10 gcc
+ ln -s clang++-12 g++-10
+ ln -s clang-12 gcc-10
+ ln -s clang-12 cpp-10
+ ln -s clang-12 gcc
+ echo 'gcc-10 hold'
+ dpkg --set-selections
dpkg: warning: package not in status nor available database at line 1: gcc-10
dpkg: warning: found unknown packages; this might mean the available database
is outdated, and needs to be updated through a frontend method;
please see the FAQ <https://wiki.debian.org/Teams/Dpkg/FAQ>
+ echo 'g++-10 hold'
+ dpkg --set-selections
dpkg: warning: package not in status nor available database at line 1: g++-10
dpkg: warning: found unknown packages; this might mean the available database
is outdated, and needs to be updated through a frontend method;
please see the FAQ <https://wiki.debian.org/Teams/Dpkg/FAQ>
+ for VERSION in $VERSIONS
+ rm -f g++-11 gcc-11 cpp-11 gcc
+ ln -s clang++-12 g++-11
+ ln -s clang-12 gcc-11
+ ln -s clang-12 cpp-11
+ ln -s clang-12 gcc
+ echo 'gcc-11 hold'
+ dpkg --set-selections
+ echo 'g++-11 hold'
+ dpkg --set-selections
+ cd -
/build/axc-8n4PLD
+ echo 'Check if gcc, g++ & cpp are actually clang'
Check if gcc, g++ & cpp are actually clang
+ gcc --version
+ grep clang
+ cpp --version
+ grep clang
+ g++ --version
+ grep clang
+ cd /usr/bin/
+ rm -f clang++ clang
+ ln -s clang-12 clang++
+ ln -s clang-12 clang
+ clang++ --version
Debian clang version 12.0.1-15
Target: x86_64-pc-linux-gnu
Thread model: posix
InstalledDir: /usr/bin
+ clang --version
Debian clang version 12.0.1-15
Target: x86_64-pc-linux-gnu
Thread model: posix
InstalledDir: /usr/bin
+ cd -
/build/axc-8n4PLD
+ apt install --yes --no-install-recommends --force-yes qt5-qmake

WARNING: apt does not have a stable CLI interface. Use with caution in scripts.

Reading package lists...
Building dependency tree...
Reading state information...
The following additional packages will be installed:
  qt5-qmake-bin qtchooser
The following NEW packages will be installed:
  qt5-qmake qt5-qmake-bin qtchooser
0 upgraded, 3 newly installed, 0 to remove and 0 not upgraded.
Need to get 1322 kB of archives.
After this operation, 4914 kB of additional disk space will be used.
Get:1 http://127.0.0.1:12990/debian sid/main amd64 qt5-qmake-bin amd64 5.15.2+dfsg-12 [1046 kB]
Get:2 http://127.0.0.1:12990/debian sid/main amd64 qtchooser amd64 66-2 [26.3 kB]
Get:3 http://127.0.0.1:12990/debian sid/main amd64 qt5-qmake amd64 5.15.2+dfsg-12 [249 kB]
debconf: delaying package configuration, since apt-utils is not installed
Fetched 1322 kB in 0s (56.0 MB/s)
Selecting previously unselected package qt5-qmake-bin.
(Reading database ... (Reading database ... 5%(Reading database ... 10%(Reading database ... 15%(Reading database ... 20%(Reading database ... 25%(Reading database ... 30%(Reading database ... 35%(Reading database ... 40%(Reading database ... 45%(Reading database ... 50%(Reading database ... 55%(Reading database ... 60%(Reading database ... 65%(Reading database ... 70%(Reading database ... 75%(Reading database ... 80%(Reading database ... 85%(Reading database ... 90%(Reading database ... 95%(Reading database ... 100%(Reading database ... 13527 files and directories currently installed.)
Preparing to unpack .../qt5-qmake-bin_5.15.2+dfsg-12_amd64.deb ...
Unpacking qt5-qmake-bin (5.15.2+dfsg-12) ...
Selecting previously unselected package qtchooser.
Preparing to unpack .../qtchooser_66-2_amd64.deb ...
Unpacking qtchooser (66-2) ...
Selecting previously unselected package qt5-qmake:amd64.
Preparing to unpack .../qt5-qmake_5.15.2+dfsg-12_amd64.deb ...
Unpacking qt5-qmake:amd64 (5.15.2+dfsg-12) ...
Setting up qt5-qmake-bin (5.15.2+dfsg-12) ...
Setting up qtchooser (66-2) ...
Setting up qt5-qmake:amd64 (5.15.2+dfsg-12) ...
W: --force-yes is deprecated, use one of the options starting with --allow instead.
+ cp /usr/lib/x86_64-linux-gnu/qt5/mkspecs/linux-clang/qmake.conf /usr/lib/x86_64-linux-gnu/qt5/mkspecs/linux-clang/qplatformdefs.h /usr/lib/x86_64-linux-gnu/qt5/mkspecs/linux-g++/
+ ls -al /usr/lib/x86_64-linux-gnu/qt5/mkspecs/linux-g++/
total 16
drwxr-xr-x  2 root root 4096 Oct 26 22:31 .
drwxr-xr-x 76 root root 4096 Oct 26 22:31 ..
-rw-r--r--  1 root root  276 Oct 26 22:31 qmake.conf
-rw-r--r--  1 root root 3218 Oct 26 22:31 qplatformdefs.h
+ cat /usr/lib/x86_64-linux-gnu/qt5/mkspecs/linux-g++/qmake.conf
#
# qmake configuration for linux-clang
#

MAKEFILE_GENERATOR = UNIX
CONFIG += incremental

QMAKE_INCREMENTAL_STYLE = sublib

include(../common/linux.conf)
include(../common/gcc-base-unix.conf)
include(../common/clang.conf)

QMAKE_LFLAGS += -ccc-gcc-name g++

load(qt_config)
+ export QMAKESPEC=/usr/lib/x86_64-linux-gnu/qt5/mkspecs/linux-clang/
+ QMAKESPEC=/usr/lib/x86_64-linux-gnu/qt5/mkspecs/linux-clang/
+ sed -i -e 's|compare_problem(2,|compare_problem(0,|g' /usr/bin/dpkg-gensymbols
+ sed -i -e 's|compare_problem(1,|compare_problem(0,|g' /usr/bin/dpkg-gensymbols
+ grep 'compare_problem(' /usr/bin/dpkg-gensymbols
        compare_problem(4, g_('new libraries appeared in the symbols file: %s'), "@libs");
        compare_problem(3, g_('some libraries disappeared in the symbols file: %s'), "@libs");
        compare_problem(0, g_('some new symbols appeared in the symbols file: %s'),
        compare_problem(0, g_('some symbols or patterns disappeared in the symbols file: %s'),

I: Finished running '/tmp/clang12'.

Finished processing commands.
--------------------------------------------------------------------------------
I: NOTICE: Log filtering will replace 'build/axc-8n4PLD/resolver-7wfna1' with '<<RESOLVERDIR>>'

+------------------------------------------------------------------------------+
| Update chroot                                                                |
+------------------------------------------------------------------------------+

Hit:1 http://127.0.0.1:12990/debian sid InRelease
Reading package lists...
Reading package lists...
Building dependency tree...
Reading state information...
Calculating upgrade...
0 upgraded, 0 newly installed, 0 to remove and 0 not upgraded.

+------------------------------------------------------------------------------+
| Fetch source files                                                           |
+------------------------------------------------------------------------------+


Check APT
---------

Checking available source versions...

Download source files with APT
------------------------------

Reading package lists...
NOTICE: 'axc' packaging is maintained in the 'Git' version control system at:
https://salsa.debian.org/DebianOnMobile-team/libaxc.git
Please use:
git clone https://salsa.debian.org/DebianOnMobile-team/libaxc.git
to retrieve the latest (possibly unreleased) updates to the package.
Need to get 46.1 kB of source archives.
Get:1 http://127.0.0.1:12990/debian sid/main axc 0.3.6-2 (dsc) [2080 B]
Get:2 http://127.0.0.1:12990/debian sid/main axc 0.3.6-2 (tar) [40.5 kB]
Get:3 http://127.0.0.1:12990/debian sid/main axc 0.3.6-2 (diff) [3564 B]
Fetched 46.1 kB in 0s (602 kB/s)
Download complete and in download only mode
I: NOTICE: Log filtering will replace 'build/axc-8n4PLD/axc-0.3.6' with '<<PKGBUILDDIR>>'
I: NOTICE: Log filtering will replace 'build/axc-8n4PLD' with '<<BUILDDIR>>'

+------------------------------------------------------------------------------+
| Install package build dependencies                                           |
+------------------------------------------------------------------------------+


Setup apt archive
-----------------

Merged Build-Depends: debhelper-compat (= 13), libcmocka-dev, libgcrypt20-dev, libglib2.0-dev, libsignal-protocol-c-dev, libsqlite3-dev, pkg-config, build-essential, fakeroot
Filtered Build-Depends: debhelper-compat (= 13), libcmocka-dev, libgcrypt20-dev, libglib2.0-dev, libsignal-protocol-c-dev, libsqlite3-dev, pkg-config, build-essential, fakeroot
dpkg-deb: building package 'sbuild-build-depends-main-dummy' in '/<<RESOLVERDIR>>/apt_archive/sbuild-build-depends-main-dummy.deb'.
Ign:1 copy:/<<RESOLVERDIR>>/apt_archive ./ InRelease
Get:2 copy:/<<RESOLVERDIR>>/apt_archive ./ Release [957 B]
Ign:3 copy:/<<RESOLVERDIR>>/apt_archive ./ Release.gpg
Get:4 copy:/<<RESOLVERDIR>>/apt_archive ./ Sources [419 B]
Get:5 copy:/<<RESOLVERDIR>>/apt_archive ./ Packages [501 B]
Fetched 1877 B in 0s (0 B/s)
Reading package lists...
Reading package lists...

Install main build dependencies (apt-based resolver)
----------------------------------------------------

Installing build dependencies
Reading package lists...
Building dependency tree...
Reading state information...
The following additional packages will be installed:
  autoconf automake autopoint autotools-dev bsdextrautils debhelper
  dh-autoreconf dh-strip-nondeterminism dwz file gettext gettext-base
  groff-base intltool-debian libarchive-zip-perl libblkid-dev libcmocka-dev
  libcmocka0 libdebhelper-perl libexpat1 libffi-dev
  libfile-stripnondeterminism-perl libgcrypt20-dev libglib2.0-0 libglib2.0-bin
  libglib2.0-data libglib2.0-dev libglib2.0-dev-bin libgpg-error-dev
  libmagic-mgc libmagic1 libmount-dev libmpdec3 libncursesw6 libpcre16-3
  libpcre2-16-0 libpcre2-32-0 libpcre2-dev libpcre2-posix2 libpcre3-dev
  libpcre32-3 libpcrecpp0v5 libpipeline1 libpython3-stdlib
  libpython3.9-minimal libpython3.9-stdlib libreadline8 libselinux1-dev
  libsepol1-dev libsignal-protocol-c-dev libsignal-protocol-c2.3.2 libsigsegv2
  libsqlite3-0 libsqlite3-dev libsub-override-perl libtool libuchardet0 m4
  man-db media-types pkg-config po-debconf python3 python3-distutils
  python3-lib2to3 python3-minimal python3.9 python3.9-minimal readline-common
  sensible-utils uuid-dev zlib1g-dev
Suggested packages:
  autoconf-archive gnu-standards autoconf-doc dh-make gettext-doc
  libasprintf-dev libgettextpo-dev groff libgcrypt20-doc
  libgirepository1.0-dev libglib2.0-doc libgdk-pixbuf2.0-bin
  | libgdk-pixbuf2.0-dev libxml2-utils sqlite3-doc libtool-doc gfortran
  | fortran95-compiler gcj-jdk m4-doc apparmor less www-browser
  libmail-box-perl python3-doc python3-tk python3-venv python3.9-venv
  python3.9-doc binfmt-support readline-doc
Recommended packages:
  curl | wget | lynx cmocka-doc libarchive-cpio-perl shared-mime-info
  xdg-user-dirs libgpm2 ca-certificates libltdl-dev libmail-sendmail-perl
The following NEW packages will be installed:
  autoconf automake autopoint autotools-dev bsdextrautils debhelper
  dh-autoreconf dh-strip-nondeterminism dwz file gettext gettext-base
  groff-base intltool-debian libarchive-zip-perl libblkid-dev libcmocka-dev
  libcmocka0 libdebhelper-perl libexpat1 libffi-dev
  libfile-stripnondeterminism-perl libgcrypt20-dev libglib2.0-0 libglib2.0-bin
  libglib2.0-data libglib2.0-dev libglib2.0-dev-bin libgpg-error-dev
  libmagic-mgc libmagic1 libmount-dev libmpdec3 libncursesw6 libpcre16-3
  libpcre2-16-0 libpcre2-32-0 libpcre2-dev libpcre2-posix2 libpcre3-dev
  libpcre32-3 libpcrecpp0v5 libpipeline1 libpython3-stdlib
  libpython3.9-minimal libpython3.9-stdlib libreadline8 libselinux1-dev
  libsepol1-dev libsignal-protocol-c-dev libsignal-protocol-c2.3.2 libsigsegv2
  libsqlite3-0 libsqlite3-dev libsub-override-perl libtool libuchardet0 m4
  man-db media-types pkg-config po-debconf python3 python3-distutils
  python3-lib2to3 python3-minimal python3.9 python3.9-minimal readline-common
  sbuild-build-depends-main-dummy sensible-utils uuid-dev zlib1g-dev
0 upgraded, 73 newly installed, 0 to remove and 0 not upgraded.
Need to get 25.8 MB of archives.
After this operation, 98.3 MB of additional disk space will be used.
Get:1 copy:/<<RESOLVERDIR>>/apt_archive ./ sbuild-build-depends-main-dummy 0.invalid.0 [932 B]
Get:2 http://127.0.0.1:12990/debian sid/main amd64 bsdextrautils amd64 2.37.2-4 [143 kB]
Get:3 http://127.0.0.1:12990/debian sid/main amd64 libuchardet0 amd64 0.0.7-1 [67.8 kB]
Get:4 http://127.0.0.1:12990/debian sid/main amd64 groff-base amd64 1.22.4-7 [935 kB]
Get:5 http://127.0.0.1:12990/debian sid/main amd64 libpipeline1 amd64 1.5.3-1 [34.3 kB]
Get:6 http://127.0.0.1:12990/debian sid/main amd64 man-db amd64 2.9.4-2 [1354 kB]
Get:7 http://127.0.0.1:12990/debian sid/main amd64 libpython3.9-minimal amd64 3.9.7-4 [804 kB]
Get:8 http://127.0.0.1:12990/debian sid/main amd64 libexpat1 amd64 2.4.1-3 [104 kB]
Get:9 http://127.0.0.1:12990/debian sid/main amd64 python3.9-minimal amd64 3.9.7-4 [1963 kB]
Get:10 http://127.0.0.1:12990/debian sid/main amd64 python3-minimal amd64 3.9.2-3 [38.2 kB]
Get:11 http://127.0.0.1:12990/debian sid/main amd64 media-types all 4.0.0 [30.3 kB]
Get:12 http://127.0.0.1:12990/debian sid/main amd64 libmpdec3 amd64 2.5.1-2 [87.8 kB]
Get:13 http://127.0.0.1:12990/debian sid/main amd64 libncursesw6 amd64 6.2+20210905-1 [133 kB]
Get:14 http://127.0.0.1:12990/debian sid/main amd64 readline-common all 8.1-2 [73.8 kB]
Get:15 http://127.0.0.1:12990/debian sid/main amd64 libreadline8 amd64 8.1-2 [168 kB]
Get:16 http://127.0.0.1:12990/debian sid/main amd64 libsqlite3-0 amd64 3.36.0-2 [815 kB]
Get:17 http://127.0.0.1:12990/debian sid/main amd64 libpython3.9-stdlib amd64 3.9.7-4 [1688 kB]
Get:18 http://127.0.0.1:12990/debian sid/main amd64 python3.9 amd64 3.9.7-4 [480 kB]
Get:19 http://127.0.0.1:12990/debian sid/main amd64 libpython3-stdlib amd64 3.9.2-3 [21.4 kB]
Get:20 http://127.0.0.1:12990/debian sid/main amd64 python3 amd64 3.9.2-3 [37.9 kB]
Get:21 http://127.0.0.1:12990/debian sid/main amd64 sensible-utils all 0.0.17 [21.5 kB]
Get:22 http://127.0.0.1:12990/debian sid/main amd64 libmagic-mgc amd64 1:5.39-3 [273 kB]
Get:23 http://127.0.0.1:12990/debian sid/main amd64 libmagic1 amd64 1:5.39-3 [126 kB]
Get:24 http://127.0.0.1:12990/debian sid/main amd64 file amd64 1:5.39-3 [69.1 kB]
Get:25 http://127.0.0.1:12990/debian sid/main amd64 gettext-base amd64 0.21-4 [175 kB]
Get:26 http://127.0.0.1:12990/debian sid/main amd64 libsigsegv2 amd64 2.13-1 [34.8 kB]
Get:27 http://127.0.0.1:12990/debian sid/main amd64 m4 amd64 1.4.18-5 [204 kB]
Get:28 http://127.0.0.1:12990/debian sid/main amd64 autoconf all 2.71-2 [343 kB]
Get:29 http://127.0.0.1:12990/debian sid/main amd64 autotools-dev all 20180224.1+nmu1 [77.1 kB]
Get:30 http://127.0.0.1:12990/debian sid/main amd64 automake all 1:1.16.5-1 [823 kB]
Get:31 http://127.0.0.1:12990/debian sid/main amd64 autopoint all 0.21-4 [510 kB]
Get:32 http://127.0.0.1:12990/debian sid/main amd64 libdebhelper-perl all 13.5.2 [192 kB]
Get:33 http://127.0.0.1:12990/debian sid/main amd64 libtool all 2.4.6-15 [513 kB]
Get:34 http://127.0.0.1:12990/debian sid/main amd64 dh-autoreconf all 20 [17.1 kB]
Get:35 http://127.0.0.1:12990/debian sid/main amd64 libarchive-zip-perl all 1.68-1 [104 kB]
Get:36 http://127.0.0.1:12990/debian sid/main amd64 libsub-override-perl all 0.09-2 [10.2 kB]
Get:37 http://127.0.0.1:12990/debian sid/main amd64 libfile-stripnondeterminism-perl all 1.12.0-2 [26.3 kB]
Get:38 http://127.0.0.1:12990/debian sid/main amd64 dh-strip-nondeterminism all 1.12.0-2 [15.5 kB]
Get:39 http://127.0.0.1:12990/debian sid/main amd64 dwz amd64 0.14-1 [98.3 kB]
Get:40 http://127.0.0.1:12990/debian sid/main amd64 gettext amd64 0.21-4 [1311 kB]
Get:41 http://127.0.0.1:12990/debian sid/main amd64 intltool-debian all 0.35.0+20060710.5 [26.8 kB]
Get:42 http://127.0.0.1:12990/debian sid/main amd64 po-debconf all 1.0.21+nmu1 [248 kB]
Get:43 http://127.0.0.1:12990/debian sid/main amd64 debhelper all 13.5.2 [1056 kB]
Get:44 http://127.0.0.1:12990/debian sid/main amd64 uuid-dev amd64 2.37.2-4 [95.8 kB]
Get:45 http://127.0.0.1:12990/debian sid/main amd64 libblkid-dev amd64 2.37.2-4 [232 kB]
Get:46 http://127.0.0.1:12990/debian sid/main amd64 libcmocka0 amd64 1.1.5-2 [22.6 kB]
Get:47 http://127.0.0.1:12990/debian sid/main amd64 libcmocka-dev amd64 1.1.5-2 [19.0 kB]
Get:48 http://127.0.0.1:12990/debian sid/main amd64 libffi-dev amd64 3.4.2-3 [60.4 kB]
Get:49 http://127.0.0.1:12990/debian sid/main amd64 libgpg-error-dev amd64 1.42-3 [135 kB]
Get:50 http://127.0.0.1:12990/debian sid/main amd64 libgcrypt20-dev amd64 1.9.4-3+b1 [716 kB]
Get:51 http://127.0.0.1:12990/debian sid/main amd64 libglib2.0-0 amd64 2.70.0-3 [1401 kB]
Get:52 http://127.0.0.1:12990/debian sid/main amd64 libglib2.0-data all 2.70.0-3 [1189 kB]
Get:53 http://127.0.0.1:12990/debian sid/main amd64 libglib2.0-bin amd64 2.70.0-3 [145 kB]
Get:54 http://127.0.0.1:12990/debian sid/main amd64 python3-lib2to3 all 3.9.7-1 [79.4 kB]
Get:55 http://127.0.0.1:12990/debian sid/main amd64 python3-distutils all 3.9.7-1 [146 kB]
Get:56 http://127.0.0.1:12990/debian sid/main amd64 libglib2.0-dev-bin amd64 2.70.0-3 [183 kB]
Get:57 http://127.0.0.1:12990/debian sid/main amd64 libsepol1-dev amd64 3.1-1 [338 kB]
Get:58 http://127.0.0.1:12990/debian sid/main amd64 libpcre2-16-0 amd64 10.36-2 [231 kB]
Get:59 http://127.0.0.1:12990/debian sid/main amd64 libpcre2-32-0 amd64 10.36-2 [220 kB]
Get:60 http://127.0.0.1:12990/debian sid/main amd64 libpcre2-posix2 amd64 10.36-2 [49.1 kB]
Get:61 http://127.0.0.1:12990/debian sid/main amd64 libpcre2-dev amd64 10.36-2 [731 kB]
Get:62 http://127.0.0.1:12990/debian sid/main amd64 libselinux1-dev amd64 3.1-3 [168 kB]
Get:63 http://127.0.0.1:12990/debian sid/main amd64 libmount-dev amd64 2.37.2-4 [79.0 kB]
Get:64 http://127.0.0.1:12990/debian sid/main amd64 libpcre16-3 amd64 2:8.39-13 [259 kB]
Get:65 http://127.0.0.1:12990/debian sid/main amd64 libpcre32-3 amd64 2:8.39-13 [250 kB]
Get:66 http://127.0.0.1:12990/debian sid/main amd64 libpcrecpp0v5 amd64 2:8.39-13 [152 kB]
Get:67 http://127.0.0.1:12990/debian sid/main amd64 libpcre3-dev amd64 2:8.39-13 [650 kB]
Get:68 http://127.0.0.1:12990/debian sid/main amd64 pkg-config amd64 0.29.2-1 [65.1 kB]
Get:69 http://127.0.0.1:12990/debian sid/main amd64 zlib1g-dev amd64 1:1.2.11.dfsg-2 [190 kB]
Get:70 http://127.0.0.1:12990/debian sid/main amd64 libglib2.0-dev amd64 2.70.0-3 [1599 kB]
Get:71 http://127.0.0.1:12990/debian sid/main amd64 libsignal-protocol-c2.3.2 amd64 2.3.3-1 [140 kB]
Get:72 http://127.0.0.1:12990/debian sid/main amd64 libsignal-protocol-c-dev amd64 2.3.3-1 [18.0 kB]
Get:73 http://127.0.0.1:12990/debian sid/main amd64 libsqlite3-dev amd64 3.36.0-2 [984 kB]
debconf: delaying package configuration, since apt-utils is not installed
Fetched 25.8 MB in 0s (116 MB/s)
Selecting previously unselected package bsdextrautils.
(Reading database ... 14272 files and directories currently installed.)
Preparing to unpack .../0-bsdextrautils_2.37.2-4_amd64.deb ...
Unpacking bsdextrautils (2.37.2-4) ...
Selecting previously unselected package libuchardet0:amd64.
Preparing to unpack .../1-libuchardet0_0.0.7-1_amd64.deb ...
Unpacking libuchardet0:amd64 (0.0.7-1) ...
Selecting previously unselected package groff-base.
Preparing to unpack .../2-groff-base_1.22.4-7_amd64.deb ...
Unpacking groff-base (1.22.4-7) ...
Selecting previously unselected package libpipeline1:amd64.
Preparing to unpack .../3-libpipeline1_1.5.3-1_amd64.deb ...
Unpacking libpipeline1:amd64 (1.5.3-1) ...
Selecting previously unselected package man-db.
Preparing to unpack .../4-man-db_2.9.4-2_amd64.deb ...
Unpacking man-db (2.9.4-2) ...
Selecting previously unselected package libpython3.9-minimal:amd64.
Preparing to unpack .../5-libpython3.9-minimal_3.9.7-4_amd64.deb ...
Unpacking libpython3.9-minimal:amd64 (3.9.7-4) ...
Selecting previously unselected package libexpat1:amd64.
Preparing to unpack .../6-libexpat1_2.4.1-3_amd64.deb ...
Unpacking libexpat1:amd64 (2.4.1-3) ...
Selecting previously unselected package python3.9-minimal.
Preparing to unpack .../7-python3.9-minimal_3.9.7-4_amd64.deb ...
Unpacking python3.9-minimal (3.9.7-4) ...
Setting up libpython3.9-minimal:amd64 (3.9.7-4) ...
Setting up libexpat1:amd64 (2.4.1-3) ...
Setting up python3.9-minimal (3.9.7-4) ...
Selecting previously unselected package python3-minimal.
(Reading database ... 15139 files and directories currently installed.)
Preparing to unpack .../0-python3-minimal_3.9.2-3_amd64.deb ...
Unpacking python3-minimal (3.9.2-3) ...
Selecting previously unselected package media-types.
Preparing to unpack .../1-media-types_4.0.0_all.deb ...
Unpacking media-types (4.0.0) ...
Selecting previously unselected package libmpdec3:amd64.
Preparing to unpack .../2-libmpdec3_2.5.1-2_amd64.deb ...
Unpacking libmpdec3:amd64 (2.5.1-2) ...
Selecting previously unselected package libncursesw6:amd64.
Preparing to unpack .../3-libncursesw6_6.2+20210905-1_amd64.deb ...
Unpacking libncursesw6:amd64 (6.2+20210905-1) ...
Selecting previously unselected package readline-common.
Preparing to unpack .../4-readline-common_8.1-2_all.deb ...
Unpacking readline-common (8.1-2) ...
Selecting previously unselected package libreadline8:amd64.
Preparing to unpack .../5-libreadline8_8.1-2_amd64.deb ...
Unpacking libreadline8:amd64 (8.1-2) ...
Selecting previously unselected package libsqlite3-0:amd64.
Preparing to unpack .../6-libsqlite3-0_3.36.0-2_amd64.deb ...
Unpacking libsqlite3-0:amd64 (3.36.0-2) ...
Selecting previously unselected package libpython3.9-stdlib:amd64.
Preparing to unpack .../7-libpython3.9-stdlib_3.9.7-4_amd64.deb ...
Unpacking libpython3.9-stdlib:amd64 (3.9.7-4) ...
Selecting previously unselected package python3.9.
Preparing to unpack .../8-python3.9_3.9.7-4_amd64.deb ...
Unpacking python3.9 (3.9.7-4) ...
Selecting previously unselected package libpython3-stdlib:amd64.
Preparing to unpack .../9-libpython3-stdlib_3.9.2-3_amd64.deb ...
Unpacking libpython3-stdlib:amd64 (3.9.2-3) ...
Setting up python3-minimal (3.9.2-3) ...
Selecting previously unselected package python3.
(Reading database ... 15578 files and directories currently installed.)
Preparing to unpack .../00-python3_3.9.2-3_amd64.deb ...
Unpacking python3 (3.9.2-3) ...
Selecting previously unselected package sensible-utils.
Preparing to unpack .../01-sensible-utils_0.0.17_all.deb ...
Unpacking sensible-utils (0.0.17) ...
Selecting previously unselected package libmagic-mgc.
Preparing to unpack .../02-libmagic-mgc_1%3a5.39-3_amd64.deb ...
Unpacking libmagic-mgc (1:5.39-3) ...
Selecting previously unselected package libmagic1:amd64.
Preparing to unpack .../03-libmagic1_1%3a5.39-3_amd64.deb ...
Unpacking libmagic1:amd64 (1:5.39-3) ...
Selecting previously unselected package file.
Preparing to unpack .../04-file_1%3a5.39-3_amd64.deb ...
Unpacking file (1:5.39-3) ...
Selecting previously unselected package gettext-base.
Preparing to unpack .../05-gettext-base_0.21-4_amd64.deb ...
Unpacking gettext-base (0.21-4) ...
Selecting previously unselected package libsigsegv2:amd64.
Preparing to unpack .../06-libsigsegv2_2.13-1_amd64.deb ...
Unpacking libsigsegv2:amd64 (2.13-1) ...
Selecting previously unselected package m4.
Preparing to unpack .../07-m4_1.4.18-5_amd64.deb ...
Unpacking m4 (1.4.18-5) ...
Selecting previously unselected package autoconf.
Preparing to unpack .../08-autoconf_2.71-2_all.deb ...
Unpacking autoconf (2.71-2) ...
Selecting previously unselected package autotools-dev.
Preparing to unpack .../09-autotools-dev_20180224.1+nmu1_all.deb ...
Unpacking autotools-dev (20180224.1+nmu1) ...
Selecting previously unselected package automake.
Preparing to unpack .../10-automake_1%3a1.16.5-1_all.deb ...
Unpacking automake (1:1.16.5-1) ...
Selecting previously unselected package autopoint.
Preparing to unpack .../11-autopoint_0.21-4_all.deb ...
Unpacking autopoint (0.21-4) ...
Selecting previously unselected package libdebhelper-perl.
Preparing to unpack .../12-libdebhelper-perl_13.5.2_all.deb ...
Unpacking libdebhelper-perl (13.5.2) ...
Selecting previously unselected package libtool.
Preparing to unpack .../13-libtool_2.4.6-15_all.deb ...
Unpacking libtool (2.4.6-15) ...
Selecting previously unselected package dh-autoreconf.
Preparing to unpack .../14-dh-autoreconf_20_all.deb ...
Unpacking dh-autoreconf (20) ...
Selecting previously unselected package libarchive-zip-perl.
Preparing to unpack .../15-libarchive-zip-perl_1.68-1_all.deb ...
Unpacking libarchive-zip-perl (1.68-1) ...
Selecting previously unselected package libsub-override-perl.
Preparing to unpack .../16-libsub-override-perl_0.09-2_all.deb ...
Unpacking libsub-override-perl (0.09-2) ...
Selecting previously unselected package libfile-stripnondeterminism-perl.
Preparing to unpack .../17-libfile-stripnondeterminism-perl_1.12.0-2_all.deb ...
Unpacking libfile-stripnondeterminism-perl (1.12.0-2) ...
Selecting previously unselected package dh-strip-nondeterminism.
Preparing to unpack .../18-dh-strip-nondeterminism_1.12.0-2_all.deb ...
Unpacking dh-strip-nondeterminism (1.12.0-2) ...
Selecting previously unselected package dwz.
Preparing to unpack .../19-dwz_0.14-1_amd64.deb ...
Unpacking dwz (0.14-1) ...
Selecting previously unselected package gettext.
Preparing to unpack .../20-gettext_0.21-4_amd64.deb ...
Unpacking gettext (0.21-4) ...
Selecting previously unselected package intltool-debian.
Preparing to unpack .../21-intltool-debian_0.35.0+20060710.5_all.deb ...
Unpacking intltool-debian (0.35.0+20060710.5) ...
Selecting previously unselected package po-debconf.
Preparing to unpack .../22-po-debconf_1.0.21+nmu1_all.deb ...
Unpacking po-debconf (1.0.21+nmu1) ...
Selecting previously unselected package debhelper.
Preparing to unpack .../23-debhelper_13.5.2_all.deb ...
Unpacking debhelper (13.5.2) ...
Selecting previously unselected package uuid-dev:amd64.
Preparing to unpack .../24-uuid-dev_2.37.2-4_amd64.deb ...
Unpacking uuid-dev:amd64 (2.37.2-4) ...
Selecting previously unselected package libblkid-dev:amd64.
Preparing to unpack .../25-libblkid-dev_2.37.2-4_amd64.deb ...
Unpacking libblkid-dev:amd64 (2.37.2-4) ...
Selecting previously unselected package libcmocka0:amd64.
Preparing to unpack .../26-libcmocka0_1.1.5-2_amd64.deb ...
Unpacking libcmocka0:amd64 (1.1.5-2) ...
Selecting previously unselected package libcmocka-dev:amd64.
Preparing to unpack .../27-libcmocka-dev_1.1.5-2_amd64.deb ...
Unpacking libcmocka-dev:amd64 (1.1.5-2) ...
Selecting previously unselected package libffi-dev:amd64.
Preparing to unpack .../28-libffi-dev_3.4.2-3_amd64.deb ...
Unpacking libffi-dev:amd64 (3.4.2-3) ...
Selecting previously unselected package libgpg-error-dev.
Preparing to unpack .../29-libgpg-error-dev_1.42-3_amd64.deb ...
Unpacking libgpg-error-dev (1.42-3) ...
Selecting previously unselected package libgcrypt20-dev.
Preparing to unpack .../30-libgcrypt20-dev_1.9.4-3+b1_amd64.deb ...
Unpacking libgcrypt20-dev (1.9.4-3+b1) ...
Selecting previously unselected package libglib2.0-0:amd64.
Preparing to unpack .../31-libglib2.0-0_2.70.0-3_amd64.deb ...
Unpacking libglib2.0-0:amd64 (2.70.0-3) ...
Selecting previously unselected package libglib2.0-data.
Preparing to unpack .../32-libglib2.0-data_2.70.0-3_all.deb ...
Unpacking libglib2.0-data (2.70.0-3) ...
Selecting previously unselected package libglib2.0-bin.
Preparing to unpack .../33-libglib2.0-bin_2.70.0-3_amd64.deb ...
Unpacking libglib2.0-bin (2.70.0-3) ...
Selecting previously unselected package python3-lib2to3.
Preparing to unpack .../34-python3-lib2to3_3.9.7-1_all.deb ...
Unpacking python3-lib2to3 (3.9.7-1) ...
Selecting previously unselected package python3-distutils.
Preparing to unpack .../35-python3-distutils_3.9.7-1_all.deb ...
Unpacking python3-distutils (3.9.7-1) ...
Selecting previously unselected package libglib2.0-dev-bin.
Preparing to unpack .../36-libglib2.0-dev-bin_2.70.0-3_amd64.deb ...
Unpacking libglib2.0-dev-bin (2.70.0-3) ...
Selecting previously unselected package libsepol1-dev:amd64.
Preparing to unpack .../37-libsepol1-dev_3.1-1_amd64.deb ...
Unpacking libsepol1-dev:amd64 (3.1-1) ...
Selecting previously unselected package libpcre2-16-0:amd64.
Preparing to unpack .../38-libpcre2-16-0_10.36-2_amd64.deb ...
Unpacking libpcre2-16-0:amd64 (10.36-2) ...
Selecting previously unselected package libpcre2-32-0:amd64.
Preparing to unpack .../39-libpcre2-32-0_10.36-2_amd64.deb ...
Unpacking libpcre2-32-0:amd64 (10.36-2) ...
Selecting previously unselected package libpcre2-posix2:amd64.
Preparing to unpack .../40-libpcre2-posix2_10.36-2_amd64.deb ...
Unpacking libpcre2-posix2:amd64 (10.36-2) ...
Selecting previously unselected package libpcre2-dev:amd64.
Preparing to unpack .../41-libpcre2-dev_10.36-2_amd64.deb ...
Unpacking libpcre2-dev:amd64 (10.36-2) ...
Selecting previously unselected package libselinux1-dev:amd64.
Preparing to unpack .../42-libselinux1-dev_3.1-3_amd64.deb ...
Unpacking libselinux1-dev:amd64 (3.1-3) ...
Selecting previously unselected package libmount-dev:amd64.
Preparing to unpack .../43-libmount-dev_2.37.2-4_amd64.deb ...
Unpacking libmount-dev:amd64 (2.37.2-4) ...
Selecting previously unselected package libpcre16-3:amd64.
Preparing to unpack .../44-libpcre16-3_2%3a8.39-13_amd64.deb ...
Unpacking libpcre16-3:amd64 (2:8.39-13) ...
Selecting previously unselected package libpcre32-3:amd64.
Preparing to unpack .../45-libpcre32-3_2%3a8.39-13_amd64.deb ...
Unpacking libpcre32-3:amd64 (2:8.39-13) ...
Selecting previously unselected package libpcrecpp0v5:amd64.
Preparing to unpack .../46-libpcrecpp0v5_2%3a8.39-13_amd64.deb ...
Unpacking libpcrecpp0v5:amd64 (2:8.39-13) ...
Selecting previously unselected package libpcre3-dev:amd64.
Preparing to unpack .../47-libpcre3-dev_2%3a8.39-13_amd64.deb ...
Unpacking libpcre3-dev:amd64 (2:8.39-13) ...
Selecting previously unselected package pkg-config.
Preparing to unpack .../48-pkg-config_0.29.2-1_amd64.deb ...
Unpacking pkg-config (0.29.2-1) ...
Selecting previously unselected package zlib1g-dev:amd64.
Preparing to unpack .../49-zlib1g-dev_1%3a1.2.11.dfsg-2_amd64.deb ...
Unpacking zlib1g-dev:amd64 (1:1.2.11.dfsg-2) ...
Selecting previously unselected package libglib2.0-dev:amd64.
Preparing to unpack .../50-libglib2.0-dev_2.70.0-3_amd64.deb ...
Unpacking libglib2.0-dev:amd64 (2.70.0-3) ...
Selecting previously unselected package libsignal-protocol-c2.3.2:amd64.
Preparing to unpack .../51-libsignal-protocol-c2.3.2_2.3.3-1_amd64.deb ...
Unpacking libsignal-protocol-c2.3.2:amd64 (2.3.3-1) ...
Selecting previously unselected package libsignal-protocol-c-dev:amd64.
Preparing to unpack .../52-libsignal-protocol-c-dev_2.3.3-1_amd64.deb ...
Unpacking libsignal-protocol-c-dev:amd64 (2.3.3-1) ...
Selecting previously unselected package libsqlite3-dev:amd64.
Preparing to unpack .../53-libsqlite3-dev_3.36.0-2_amd64.deb ...
Unpacking libsqlite3-dev:amd64 (3.36.0-2) ...
Selecting previously unselected package sbuild-build-depends-main-dummy.
Preparing to unpack .../54-sbuild-build-depends-main-dummy_0.invalid.0_amd64.deb ...
Unpacking sbuild-build-depends-main-dummy (0.invalid.0) ...
Setting up media-types (4.0.0) ...
Setting up libpcrecpp0v5:amd64 (2:8.39-13) ...
Setting up libpipeline1:amd64 (1.5.3-1) ...
Setting up bsdextrautils (2.37.2-4) ...
update-alternatives: using /usr/bin/write.ul to provide /usr/bin/write (write) in auto mode
Setting up libpcre16-3:amd64 (2:8.39-13) ...
Setting up libmagic-mgc (1:5.39-3) ...
Setting up libarchive-zip-perl (1.68-1) ...
Setting up libglib2.0-0:amd64 (2.70.0-3) ...
No schema files found: doing nothing.
Setting up libdebhelper-perl (13.5.2) ...
Setting up libsqlite3-0:amd64 (3.36.0-2) ...
Setting up libmagic1:amd64 (1:5.39-3) ...
Setting up libsepol1-dev:amd64 (3.1-1) ...
Setting up gettext-base (0.21-4) ...
Setting up file (1:5.39-3) ...
Setting up libffi-dev:amd64 (3.4.2-3) ...
Setting up libpcre2-16-0:amd64 (10.36-2) ...
Setting up libcmocka0:amd64 (1.1.5-2) ...
Setting up autotools-dev (20180224.1+nmu1) ...
Setting up libpcre2-32-0:amd64 (10.36-2) ...
Setting up libglib2.0-data (2.70.0-3) ...
Setting up libsqlite3-dev:amd64 (3.36.0-2) ...
Setting up libgpg-error-dev (1.42-3) ...
Setting up uuid-dev:amd64 (2.37.2-4) ...
Setting up libsigsegv2:amd64 (2.13-1) ...
Setting up libpcre32-3:amd64 (2:8.39-13) ...
Setting up autopoint (0.21-4) ...
Setting up pkg-config (0.29.2-1) ...
Setting up libpcre2-posix2:amd64 (10.36-2) ...
Setting up libncursesw6:amd64 (6.2+20210905-1) ...
Setting up libcmocka-dev:amd64 (1.1.5-2) ...
Setting up zlib1g-dev:amd64 (1:1.2.11.dfsg-2) ...
Setting up dwz (0.14-1) ...
Setting up sensible-utils (0.0.17) ...
Setting up libuchardet0:amd64 (0.0.7-1) ...
Setting up libmpdec3:amd64 (2.5.1-2) ...
Setting up libsub-override-perl (0.09-2) ...
Setting up readline-common (8.1-2) ...
Setting up libsignal-protocol-c2.3.2:amd64 (2.3.3-1) ...
Setting up libfile-stripnondeterminism-perl (1.12.0-2) ...
Setting up libblkid-dev:amd64 (2.37.2-4) ...
Setting up gettext (0.21-4) ...
Setting up libpcre2-dev:amd64 (10.36-2) ...
Setting up libtool (2.4.6-15) ...
Setting up libselinux1-dev:amd64 (3.1-3) ...
Setting up libpcre3-dev:amd64 (2:8.39-13) ...
Setting up libreadline8:amd64 (8.1-2) ...
Setting up libglib2.0-bin (2.70.0-3) ...
Setting up m4 (1.4.18-5) ...
Setting up libsignal-protocol-c-dev:amd64 (2.3.3-1) ...
Setting up intltool-debian (0.35.0+20060710.5) ...
Setting up libgcrypt20-dev (1.9.4-3+b1) ...
Setting up autoconf (2.71-2) ...
Setting up dh-strip-nondeterminism (1.12.0-2) ...
Setting up groff-base (1.22.4-7) ...
Setting up libmount-dev:amd64 (2.37.2-4) ...
Setting up libpython3.9-stdlib:amd64 (3.9.7-4) ...
Setting up libpython3-stdlib:amd64 (3.9.2-3) ...
Setting up automake (1:1.16.5-1) ...
update-alternatives: using /usr/bin/automake-1.16 to provide /usr/bin/automake (automake) in auto mode
Setting up po-debconf (1.0.21+nmu1) ...
Setting up man-db (2.9.4-2) ...
Not building database; man-db/auto-update is not 'true'.
Setting up dh-autoreconf (20) ...
Setting up python3.9 (3.9.7-4) ...
Setting up debhelper (13.5.2) ...
Setting up python3 (3.9.2-3) ...
Setting up python3-lib2to3 (3.9.7-1) ...
Setting up python3-distutils (3.9.7-1) ...
Setting up libglib2.0-dev-bin (2.70.0-3) ...
Setting up libglib2.0-dev:amd64 (2.70.0-3) ...
Setting up sbuild-build-depends-main-dummy (0.invalid.0) ...
Processing triggers for libc-bin (2.32-4) ...

+------------------------------------------------------------------------------+
| Check architectures                                                          |
+------------------------------------------------------------------------------+

Arch check ok (amd64 included in any)

+------------------------------------------------------------------------------+
| Build environment                                                            |
+------------------------------------------------------------------------------+

Kernel: Linux 4.19.0-6-cloud-amd64 #1 SMP Debian 4.19.67-2+deb10u2 (2019-11-11) amd64 (x86_64)
Toolchain package versions: binutils_2.37-7 dpkg-dev_1.20.9 g++-11_11.2.0-10 gcc-11_11.2.0-10 libc6-dev_2.32-4 libstdc++-11-dev_11.2.0-10 libstdc++6_11.2.0-10 linux-libc-dev_5.14.12-1
Package versions: adduser_3.118 apt_2.3.11 autoconf_2.71-2 automake_1:1.16.5-1 autopoint_0.21-4 autotools-dev_20180224.1+nmu1 base-files_12 base-passwd_3.5.52 bash_5.1-3+b2 binutils_2.37-7 binutils-common_2.37-7 binutils-x86-64-linux-gnu_2.37-7 bsdextrautils_2.37.2-4 bsdutils_1:2.37.2-4 build-essential_12.9 bzip2_1.0.8-4 clang-12_1:12.0.1-15 coreutils_8.32-4+b1 cpp_4:11.2.0-2 cpp-11_11.2.0-10 dash_0.5.11+git20210120+802ebd4-2 debconf_1.5.78 debhelper_13.5.2 debian-archive-keyring_2021.1.1 debianutils_5.5-1 dh-autoreconf_20 dh-strip-nondeterminism_1.12.0-2 diffutils_1:3.7-5 dpkg_1.20.9 dpkg-dev_1.20.9 dwz_0.14-1 e2fsprogs_1.46.4-1 fakeroot_1.26-1 file_1:5.39-3 findutils_4.8.0-1 g++_4:11.2.0-2 g++-11_11.2.0-10 gcc_4:11.2.0-2 gcc-10-base_10.3.0-11 gcc-11_11.2.0-10 gcc-11-base_11.2.0-10 gcc-9-base_9.4.0-3 gettext_0.21-4 gettext-base_0.21-4 gpgv_2.2.27-2 grep_3.7-1 groff-base_1.22.4-7 gzip_1.10-4 hostname_3.23 init-system-helpers_1.60 intltool-debian_0.35.0+20060710.5 lib32gcc-s1_11.2.0-10 lib32stdc++6_11.2.0-10 libacl1_2.3.1-1 libapt-pkg6.0_2.3.11 libarchive-zip-perl_1.68-1 libasan5_9.4.0-3 libasan6_11.2.0-10 libatomic1_11.2.0-10 libattr1_1:2.5.1-1 libaudit-common_1:3.0.6-1 libaudit1_1:3.0.6-1 libbinutils_2.37-7 libblkid-dev_2.37.2-4 libblkid1_2.37.2-4 libbsd0_0.11.3-1 libbz2-1.0_1.0.8-4 libc-bin_2.32-4 libc-dev-bin_2.32-4 libc6_2.32-4 libc6-dev_2.32-4 libc6-i386_2.32-4 libcap-ng0_0.7.9-2.2+b1 libcap2_1:2.44-1 libcc1-0_11.2.0-10 libclang-common-12-dev_1:12.0.1-15 libclang-cpp12_1:12.0.1-15 libclang1-12_1:12.0.1-15 libcmocka-dev_1.1.5-2 libcmocka0_1.1.5-2 libcom-err2_1.46.4-1 libcrypt-dev_1:4.4.25-2 libcrypt1_1:4.4.25-2 libctf-nobfd0_2.37-7 libctf0_2.37-7 libdb5.3_5.3.28+dfsg1-0.8 libdebconfclient0_0.260 libdebhelper-perl_13.5.2 libdpkg-perl_1.20.9 libedit2_3.1-20210910-1 libelf1_0.185-2 libexpat1_2.4.1-3 libext2fs2_1.46.4-1 libfakeroot_1.26-1 libffi-dev_3.4.2-3 libffi8_3.4.2-3 libfile-stripnondeterminism-perl_1.12.0-2 libgc1_1:8.0.4-3 libgcc-11-dev_11.2.0-10 libgcc-9-dev_9.4.0-3 libgcc-s1_11.2.0-10 libgcrypt20_1.9.4-3+b1 libgcrypt20-dev_1.9.4-3+b1 libgdbm-compat4_1.22-1 libgdbm6_1.22-1 libglib2.0-0_2.70.0-3 libglib2.0-bin_2.70.0-3 libglib2.0-data_2.70.0-3 libglib2.0-dev_2.70.0-3 libglib2.0-dev-bin_2.70.0-3 libgmp10_2:6.2.1+dfsg-2 libgnutls30_3.7.2-2 libgomp1_11.2.0-10 libgpg-error-dev_1.42-3 libgpg-error0_1.42-3 libgssapi-krb5-2_1.18.3-7 libhogweed6_3.7.3-1 libicu67_67.1-7 libidn2-0_2.3.2-2 libisl23_0.24-2 libitm1_11.2.0-10 libk5crypto3_1.18.3-7 libkeyutils1_1.6.1-2 libkrb5-3_1.18.3-7 libkrb5support0_1.18.3-7 libllvm12_1:12.0.1-15 liblsan0_11.2.0-10 liblz4-1_1.9.3-2 liblzma5_5.2.5-2 libmagic-mgc_1:5.39-3 libmagic1_1:5.39-3 libmd0_1.0.4-1 libmount-dev_2.37.2-4 libmount1_2.37.2-4 libmpc3_1.2.1-1 libmpdec3_2.5.1-2 libmpfr6_4.1.0-3 libncursesw6_6.2+20210905-1 libnettle8_3.7.3-1 libnsl-dev_1.3.0-2 libnsl2_1.3.0-2 libobjc-11-dev_11.2.0-10 libobjc-9-dev_9.4.0-3 libobjc4_11.2.0-10 libomp-12-dev_1:12.0.1-15 libomp5-12_1:12.0.1-15 libp11-kit0_0.24.0-5 libpam-modules_1.4.0-10 libpam-modules-bin_1.4.0-10 libpam-runtime_1.4.0-10 libpam0g_1.4.0-10 libpcre16-3_2:8.39-13 libpcre2-16-0_10.36-2 libpcre2-32-0_10.36-2 libpcre2-8-0_10.36-2 libpcre2-dev_10.36-2 libpcre2-posix2_10.36-2 libpcre3_2:8.39-13 libpcre3-dev_2:8.39-13 libpcre32-3_2:8.39-13 libpcrecpp0v5_2:8.39-13 libperl5.32_5.32.1-6 libpipeline1_1.5.3-1 libpython3-stdlib_3.9.2-3 libpython3.9-minimal_3.9.7-4 libpython3.9-stdlib_3.9.7-4 libquadmath0_11.2.0-10 libreadline8_8.1-2 libseccomp2_2.5.2-2 libselinux1_3.1-3 libselinux1-dev_3.1-3 libsemanage-common_3.1-1 libsemanage1_3.1-1+b2 libsepol1_3.1-1 libsepol1-dev_3.1-1 libsignal-protocol-c-dev_2.3.3-1 libsignal-protocol-c2.3.2_2.3.3-1 libsigsegv2_2.13-1 libsmartcols1_2.37.2-4 libsqlite3-0_3.36.0-2 libsqlite3-dev_3.36.0-2 libss2_1.46.4-1 libssl1.1_1.1.1l-1 libstdc++-11-dev_11.2.0-10 libstdc++6_11.2.0-10 libsub-override-perl_0.09-2 libsystemd0_249.5-1 libtasn1-6_4.17.0-2 libtinfo6_6.2+20210905-1 libtirpc-common_1.3.2-2 libtirpc-dev_1.3.2-2 libtirpc3_1.3.2-2 libtool_2.4.6-15 libtsan0_11.2.0-10 libubsan1_11.2.0-10 libuchardet0_0.0.7-1 libudev1_249.5-1 libunistring2_0.9.10-6 libunwind-12_1:12.0.1-15 libuuid1_2.37.2-4 libxml2_2.9.12+dfsg-5 libxxhash0_0.8.0-2 libz3-4_4.8.12-1+b1 libzstd1_1.4.8+dfsg-3 linux-libc-dev_5.14.12-1 llvm-12-linker-tools_1:12.0.1-15 login_1:4.8.1-1 logsave_1.46.4-1 lsb-base_11.1.0 m4_1.4.18-5 make_4.3-4.1 man-db_2.9.4-2 mawk_1.3.4.20200120-2 media-types_4.0.0 mount_2.37.2-4 ncurses-base_6.2+20210905-1 ncurses-bin_6.2+20210905-1 passwd_1:4.8.1-1 patch_2.7.6-7 perl_5.32.1-6 perl-base_5.32.1-6 perl-modules-5.32_5.32.1-6 pkg-config_0.29.2-1 po-debconf_1.0.21+nmu1 python3_3.9.2-3 python3-distutils_3.9.7-1 python3-lib2to3_3.9.7-1 python3-minimal_3.9.2-3 python3.9_3.9.7-4 python3.9-minimal_3.9.7-4 qt5-qmake_5.15.2+dfsg-12 qt5-qmake-bin_5.15.2+dfsg-12 qtchooser_66-2 readline-common_8.1-2 rpcsvc-proto_1.4.2-4 sbuild-build-depends-main-dummy_0.invalid.0 sed_4.8-1 sensible-utils_0.0.17 sysvinit-utils_3.00-1 tar_1.34+dfsg-1 tzdata_2021e-1 util-linux_2.37.2-4 uuid-dev_2.37.2-4 xz-utils_5.2.5-2 zlib1g_1:1.2.11.dfsg-2 zlib1g-dev_1:1.2.11.dfsg-2

+------------------------------------------------------------------------------+
| Build                                                                        |
+------------------------------------------------------------------------------+


Unpack source
-------------

-----BEGIN PGP SIGNED MESSAGE-----
Hash: SHA512

Format: 3.0 (quilt)
Source: axc
Binary: libaxc0, libaxc-dev
Architecture: any
Version: 0.3.6-2
Maintainer: DebianOnMobile Maintainers <debian-on-mobile-maintainers@alioth-lists.debian.net>
Uploaders:  Henry-Nicolas Tourneur <debian@nilux.be>,
Homepage: https://github.com/gkdr/axc
Standards-Version: 4.5.1
Vcs-Browser: https://salsa.debian.org/DebianOnMobile-team/libaxc
Vcs-Git: https://salsa.debian.org/DebianOnMobile-team/libaxc.git
Build-Depends: debhelper-compat (= 13), libcmocka-dev, libgcrypt20-dev, libglib2.0-dev, libsignal-protocol-c-dev, libsqlite3-dev, pkg-config
Package-List:
 libaxc-dev deb libdevel optional arch=any
 libaxc0 deb libs optional arch=any
Checksums-Sha1:
 7b6bafc49cd20c3913c8744863ef366d48b6923f 40488 axc_0.3.6.orig.tar.gz
 0b4826320aff56bb34dfe02e5e1a86cca6041f23 3564 axc_0.3.6-2.debian.tar.xz
Checksums-Sha256:
 2ef0683061b71b04c175f334b419e04a4149d9b9ed77d9363eb17f769da6c6fd 40488 axc_0.3.6.orig.tar.gz
 95088db3ce1470e85d27c09760f455e65c1a720df7fff53003321ab367917fee 3564 axc_0.3.6-2.debian.tar.xz
Files:
 4592c4e09fb49e7f2849e4a602c24fbd 40488 axc_0.3.6.orig.tar.gz
 dd3786a56ea4da76d534f2352cd917b4 3564 axc_0.3.6-2.debian.tar.xz

-----BEGIN PGP SIGNATURE-----

iQJEBAEBCgAuFiEENS+/LT+kHSXcqokQ3QyVlN+SbJAFAmFHSRMQHGRlYmlhbkBu
aWx1eC5iZQAKCRDdDJWU35JskNaSEACe4yX2jN7CGET+0e72eGvZaqEhFfvKrlQj
vvn71GqBUSazVVemc+2IhydJPgguo8vizSRsnBk8egFRSBoxrttqzocWo5mdzgxH
sW6WZQnHzDcW1ZJoxx5+Jl9bBfPCHtD0evRjgmzx7iXlWX08cz9ZmYxMNYTV3ij3
6NKDpcayGm3zGpLyQAztMezv4XbrLKDvd4LOSHz6Pry0iQkJqRtYNCDHMcbKN9JH
8kXM3RcQbzm7xO6StXyup0rgXKo0y2m7hBd0p7bC7TggCX8L5DmE5p6AsvafVCwi
lRgKy5uyegsqkMIUX/JnwxijWubucVk6Fl6gUJmC5KZ8fUmZMIZtFmGFFK9OUSKB
g0akL49Zwp4eZMKZP8OO4tm68UR3a0i22UnbDNUlfhYTv2BRTxfbiXox8Fbf0zC3
sZW6pbKCiUZeczJwIgAucNx/dL2TJkHm4+1ylxVOkqiP0+b2xXUPkFG8XjT/WiCD
hVMOPA/LCoIORKkavhoKmpR9SavEd0F35/UVwr2nWlSvNy2jTJxXZEqxW/5snmQB
brqjjNFJXQI80Jdi4+Zoyhps+0dpA1CR+bMSn6JI3LMjxkxgDS/XAsqxafLaI0CD
8YTHcG9bw0flwC23BIIXjP7VVhQYGEbXB4RseBu7V4yvy4C4ehfIe2jjnBztwUjU
ikW2kgUD1Q==
=Ib90
-----END PGP SIGNATURE-----

gpgv: unknown type of key resource 'trustedkeys.kbx'
gpgv: keyblock resource '/tmp/dpkg-verify-sig.qwCq7ISJ/trustedkeys.kbx': General error
gpgv: Signature made Sun Sep 19 14:28:35 2021 UTC
gpgv:                using RSA key 352FBF2D3FA41D25DCAA8910DD0C9594DF926C90
gpgv:                issuer "debian@nilux.be"
gpgv: Can't check signature: No public key
dpkg-source: warning: failed to verify signature on ./axc_0.3.6-2.dsc
dpkg-source: info: extracting axc in /<<PKGBUILDDIR>>
dpkg-source: info: unpacking axc_0.3.6.orig.tar.gz
dpkg-source: info: unpacking axc_0.3.6-2.debian.tar.xz
dpkg-source: info: using patch list from debian/patches/series
dpkg-source: info: applying 0001_fix_ftcbfs.patch

Check disk space
----------------

Sufficient free space for build

User Environment
----------------

APT_CONFIG=/var/lib/sbuild/apt.conf
HOME=/sbuild-nonexistent
LANG=C.UTF-8
LC_ALL=C.UTF-8
LOGNAME=user42
PATH=/usr/local/sbin:/usr/local/bin:/usr/sbin:/usr/bin:/sbin:/bin:/usr/games
SCHROOT_ALIAS_NAME=unstable
SCHROOT_CHROOT_NAME=sid-amd64-sbuild
SCHROOT_COMMAND=env
SCHROOT_GID=1001
SCHROOT_GROUP=user42
SCHROOT_SESSION_ID=sid-amd64-sbuild-ede48caf-e0c9-4dc2-82a8-b1868b557230
SCHROOT_UID=1001
SCHROOT_USER=user42
SHELL=/bin/sh
USER=user42

dpkg-buildpackage
-----------------

Command: dpkg-buildpackage -us -uc -b -rfakeroot
dpkg-buildpackage: info: source package axc
dpkg-buildpackage: info: source version 0.3.6-2
dpkg-buildpackage: info: source distribution unstable
dpkg-buildpackage: info: source changed by Henry-Nicolas Tourneur <debian@nilux.be>
 dpkg-source --before-build .
dpkg-buildpackage: info: host architecture amd64
 debian/rules clean
dh clean
   dh_auto_clean
	make -j4 clean
make[1]: Entering directory '/<<PKGBUILDDIR>>'
clang: error: unknown argument: '-print-multiarch'
clang: error: no input files
rm -f test/*.o
rm -f test/*.gcno test/*.gcda test/*.sqlite
make[1]: Leaving directory '/<<PKGBUILDDIR>>'
   dh_clean
 debian/rules binary
dh binary
   dh_update_autotools_config
   dh_autoreconf
   dh_auto_configure
   debian/rules override_dh_auto_build
make[1]: Entering directory '/<<PKGBUILDDIR>>'
PREFIX=/usr dh_auto_build
	make -j4 "INSTALL=install --strip-program=true"
make[2]: Entering directory '/<<PKGBUILDDIR>>'
clang: error: unknown argument: '-print-multiarch'
clang: error: no input files
mkdir -p build
x86_64-linux-gnu-gcc -fPIC -g -O2 -ffile-prefix-map=/<<PKGBUILDDIR>>=. -fstack-protector-strong -Wformat -Werror=format-security -I/usr/include/glib-2.0 -I/usr/lib/x86_64-linux-gnu/glib-2.0/include   -I/usr/include/signal -std=c11 -g -Wall -Wextra -Wpedantic -Wstrict-overflow -fno-strict-aliasing -funsigned-char -fno-builtin-memset -fstack-protector-strong -Wformat -Werror=format-security -Wdate-time -D_FORTIFY_SOURCE=2 -D_XOPEN_SOURCE=700 -D_BSD_SOURCE -D_POSIX_SOURCE -D_GNU_SOURCE -D_DEFAULT_SOURCE -c src/axc.c -o build/axc.o
x86_64-linux-gnu-gcc -fPIC -g -O2 -ffile-prefix-map=/<<PKGBUILDDIR>>=. -fstack-protector-strong -Wformat -Werror=format-security -I/usr/include/glib-2.0 -I/usr/lib/x86_64-linux-gnu/glib-2.0/include   -I/usr/include/signal -std=c11 -g -Wall -Wextra -Wpedantic -Wstrict-overflow -fno-strict-aliasing -funsigned-char -fno-builtin-memset -fstack-protector-strong -Wformat -Werror=format-security -Wdate-time -D_FORTIFY_SOURCE=2 -D_XOPEN_SOURCE=700 -D_BSD_SOURCE -D_POSIX_SOURCE -D_GNU_SOURCE -D_DEFAULT_SOURCE -c src/axc_crypto.c -o build/axc_crypto.o
x86_64-linux-gnu-gcc -fPIC -g -O2 -ffile-prefix-map=/<<PKGBUILDDIR>>=. -fstack-protector-strong -Wformat -Werror=format-security -I/usr/include/glib-2.0 -I/usr/lib/x86_64-linux-gnu/glib-2.0/include   -I/usr/include/signal -std=c11 -g -Wall -Wextra -Wpedantic -Wstrict-overflow -fno-strict-aliasing -funsigned-char -fno-builtin-memset -fstack-protector-strong -Wformat -Werror=format-security -Wdate-time -D_FORTIFY_SOURCE=2 -D_XOPEN_SOURCE=700 -D_BSD_SOURCE -D_POSIX_SOURCE -D_GNU_SOURCE -D_DEFAULT_SOURCE -c src/axc_store.c -o build/axc_store.o
x86_64-linux-gnu-gcc -shared -Wl,-soname,libaxc.so.0 -o build/libaxc.so -fPIC -g -O2 -ffile-prefix-map=/<<PKGBUILDDIR>>=. -fstack-protector-strong -Wformat -Werror=format-security -I/usr/include/glib-2.0 -I/usr/lib/x86_64-linux-gnu/glib-2.0/include   -I/usr/include/signal -std=c11 -g -Wall -Wextra -Wpedantic -Wstrict-overflow -fno-strict-aliasing -funsigned-char -fno-builtin-memset -fstack-protector-strong -Wformat -Werror=format-security src/axc.c src/axc_crypto.c src/axc_store.c -Wl,-z,relro -Wl,-z,now -pthread -ldl -lglib-2.0 -lsqlite3 -L/usr/lib/x86_64-linux-gnu -lgcrypt -lsignal-protocol-c -lm -Wdate-time -D_FORTIFY_SOURCE=2 -D_XOPEN_SOURCE=700 -D_BSD_SOURCE -D_POSIX_SOURCE -D_GNU_SOURCE -D_DEFAULT_SOURCE
echo 'prefix='/usr > build/libaxc.pc
echo 'exec_prefix=${prefix}' >> build/libaxc.pc
echo 'libdir=${prefix}/lib/' >> build/libaxc.pc
echo 'includedir=${prefix}/include' >> build/libaxc.pc
echo 'Name: libaxc' >> build/libaxc.pc
echo 'Version: 0.3.6' >> build/libaxc.pc
echo 'Description: client library for libsignal-protocol-c' >> build/libaxc.pc
echo 'Requires: libsignal-protocol-c' >> build/libaxc.pc
echo 'Cflags: -I${includedir}/axc' >> build/libaxc.pc
echo 'Libs: -L${libdir} -laxc' >> build/libaxc.pc
x86_64-linux-gnu-ar rcs build/libaxc.a build/axc.o build/axc_crypto.o build/axc_store.o
make[2]: Leaving directory '/<<PKGBUILDDIR>>'
make[1]: Leaving directory '/<<PKGBUILDDIR>>'
   debian/rules override_dh_auto_test
make[1]: Entering directory '/<<PKGBUILDDIR>>'
dh_auto_test -- -j1
	make -j4 test -j1
make[2]: Entering directory '/<<PKGBUILDDIR>>'
clang: error: unknown argument: '-print-multiarch'
clang: error: no input files
x86_64-linux-gnu-gcc -I/usr/include/glib-2.0 -I/usr/lib/x86_64-linux-gnu/glib-2.0/include   -I/usr/include/signal -g -O0 --coverage -fstack-protector-strong -Wformat -Werror=format-security -o test/test_store.o  test/test_store.c src/axc_crypto.c -lcmocka -Wl,-z,relro -Wl,-z,now -pthread -ldl -lglib-2.0 -lsqlite3 -L/usr/lib/x86_64-linux-gnu -lgcrypt -lsignal-protocol-c -lm
test/test_store.c:421:40: warning: passing 'char [6]' to parameter of type 'const uint8_t *' (aka 'const unsigned char *') converts between pointers to integer types where one is of the unique plain 'char' type and the other is not [-Wpointer-sign]
  axc_buf * msg_buf_p = axc_buf_create("hello", strlen("hello") + 1);
                                       ^~~~~~~
test/../src/axc.c:447:42: note: passing argument to parameter 'data' here
axc_buf * axc_buf_create(const uint8_t * data, size_t len) {
                                         ^
test/test_store.c:704:76: warning: passing 'int *' to parameter of type 'uint32_t *' (aka 'unsigned int *') converts between pointers to integer types with different sign [-Wpointer-sign]
  assert_int_equal(axc_db_identity_get_local_registration_id(ctx_global_p, &result), 0);
                                                                           ^~~~~~~
/usr/include/cmocka.h:1215:53: note: expanded from macro 'assert_int_equal'
    _assert_int_equal(cast_to_largest_integral_type(a), \
                                                    ^
/usr/include/cmocka.h:116:28: note: expanded from macro 'cast_to_largest_integral_type'
    ((LargestIntegralType)(value))
                           ^~~~~
test/../src/axc_store.c:1258:76: note: passing argument to parameter 'registration_id' here
int axc_db_identity_get_local_registration_id(void * user_data, uint32_t * registration_id) {
                                                                           ^
2 warnings generated.
test/test_store.o
[==========] Running 36 test(s).
[ RUN      ] test_db_conn_open_should_create_db_default_filename
[       OK ] test_db_conn_open_should_create_db_default_filename
[ RUN      ] test_db_conn_open_should_create_db
[       OK ] test_db_conn_open_should_create_db
[ RUN      ] test_db_conn_open_should_prepare_statement
[       OK ] test_db_conn_open_should_prepare_statement
[ RUN      ] test_db_conn_open_should_fail_on_null_pointer
[       OK ] test_db_conn_open_should_fail_on_null_pointer
[ RUN      ] test_db_exec_single_change_should_only_succeed_on_correct_number_of_changes
[       OK ] test_db_exec_single_change_should_only_succeed_on_correct_number_of_changes
[ RUN      ] test_db_exec_quick_should_exec
[       OK ] test_db_exec_quick_should_exec
[ RUN      ] test_db_create_should_create_necessary_tables
[       OK ] test_db_create_should_create_necessary_tables
[ RUN      ] test_db_destroy_should_drop_all_tables
[       OK ] test_db_destroy_should_drop_all_tables
[ RUN      ] test_db_property_set_should_set_property_correctly
[       OK ] test_db_property_set_should_set_property_correctly
[ RUN      ] test_db_property_get_should_get_correctly
[       OK ] test_db_property_get_should_get_correctly
[ RUN      ] test_db_property_get_should_fail_on_no_results
[       OK ] test_db_property_get_should_fail_on_no_results
[ RUN      ] test_db_init_status_set_should_work
[       OK ] test_db_init_status_set_should_work
[ RUN      ] test_db_init_status_get_should_work
[       OK ] test_db_init_status_get_should_work
[ RUN      ] test_db_session_store_should_work
[       OK ] test_db_session_store_should_work
[ RUN      ] test_db_session_load_should_find_session
[       OK ] test_db_session_load_should_find_session
[ RUN      ] test_db_session_load_should_not_find_session
[       OK ] test_db_session_load_should_not_find_session
[ RUN      ] test_db_session_get_sub_device_sessions_should_find_and_return_correct_number
[       OK ] test_db_session_get_sub_device_sessions_should_find_and_return_correct_number
[ RUN      ] test_db_session_contains_should_return_correct_values
[       OK ] test_db_session_contains_should_return_correct_values
[ RUN      ] test_db_session_delete_should_return_correct_values
[       OK ] test_db_session_delete_should_return_correct_values
[ RUN      ] test_db_session_delete_all_should_return_correct_values
[       OK ] test_db_session_delete_all_should_return_correct_values
[ RUN      ] test_db_pre_key_store_should_work
[       OK ] test_db_pre_key_store_should_work
[ RUN      ] test_db_pre_key_store_list
[       OK ] test_db_pre_key_store_list
[ RUN      ] test_db_pre_key_get_list
[       OK ] test_db_pre_key_get_list
[ RUN      ] test_db_pre_key_load_should_return_correct_values_and_key
[       OK ] test_db_pre_key_load_should_return_correct_values_and_key
[ RUN      ] test_db_pre_key_contains_should_return_correct_values
[       OK ] test_db_pre_key_contains_should_return_correct_values
[ RUN      ] test_db_pre_key_remove
[       OK ] test_db_pre_key_remove
[ RUN      ] test_db_pre_key_get_max_id
[       OK ] test_db_pre_key_get_max_id
[ RUN      ] test_db_signed_pre_key_store_should_work
[       OK ] test_db_signed_pre_key_store_should_work
[ RUN      ] test_db_signed_pre_key_load_should_return_correct_values_and_key
[       OK ] test_db_signed_pre_key_load_should_return_correct_values_and_key
[ RUN      ] test_db_signed_pre_key_contains_should_return_correct_values
[       OK ] test_db_signed_pre_key_contains_should_return_correct_values
[ RUN      ] test_db_signed_pre_key_remove
[       OK ] test_db_signed_pre_key_remove
[ RUN      ] test_db_identity_set_local_registration_id
[       OK ] test_db_identity_set_local_registration_id
[ RUN      ] test_db_identity_get_local_registration_id
[       OK ] test_db_identity_get_local_registration_id
[ RUN      ] test_db_identity_set_and_get_key_pair
[       OK ] test_db_identity_set_and_get_key_pair
[ RUN      ] test_db_identity_save
[       OK ] test_db_identity_save
[ RUN      ] test_db_identity_get_key_pair_keys_not_found
[       OK ] test_db_identity_get_key_pair_keys_not_found
[==========] 36 test(s) run.
[  PASSED  ] 36 test(s).
find . -maxdepth 1 -iname 'test*.g*' -exec mv {} test \;
x86_64-linux-gnu-gcc -I/usr/include/glib-2.0 -I/usr/lib/x86_64-linux-gnu/glib-2.0/include   -I/usr/include/signal -g -O0 --coverage -fstack-protector-strong -Wformat -Werror=format-security -o test/test_client.o src/axc_crypto.c test/test_client.c -lcmocka -Wl,-z,relro -Wl,-z,now -pthread -ldl -lglib-2.0 -lsqlite3 -L/usr/lib/x86_64-linux-gnu -lgcrypt -lsignal-protocol-c -lm
test/test_client.c:113:40: warning: passing 'char [6]' to parameter of type 'const uint8_t *' (aka 'const unsigned char *') converts between pointers to integer types where one is of the unique plain 'char' type and the other is not [-Wpointer-sign]
  axc_buf * msg_buf_p = axc_buf_create("hello", strlen("hello") + 1);
                                       ^~~~~~~
test/../src/axc.c:447:42: note: passing argument to parameter 'data' here
axc_buf * axc_buf_create(const uint8_t * data, size_t len) {
                                         ^
test/test_client.c:254:76: warning: passing 'int *' to parameter of type 'uint32_t *' (aka 'unsigned int *') converts between pointers to integer types with different sign [-Wpointer-sign]
  assert_int_equal(axc_db_identity_get_local_registration_id(ctx_global_p, &reg_id_1), 0);
                                                                           ^~~~~~~~~
/usr/include/cmocka.h:1215:53: note: expanded from macro 'assert_int_equal'
    _assert_int_equal(cast_to_largest_integral_type(a), \
                                                    ^
/usr/include/cmocka.h:116:28: note: expanded from macro 'cast_to_largest_integral_type'
    ((LargestIntegralType)(value))
                           ^~~~~
test/../src/axc_store.c:1258:76: note: passing argument to parameter 'registration_id' here
int axc_db_identity_get_local_registration_id(void * user_data, uint32_t * registration_id) {
                                                                           ^
test/test_client.c:259:76: warning: passing 'int *' to parameter of type 'uint32_t *' (aka 'unsigned int *') converts between pointers to integer types with different sign [-Wpointer-sign]
  assert_int_equal(axc_db_identity_get_local_registration_id(ctx_global_p, &reg_id_2), 0);
                                                                           ^~~~~~~~~
/usr/include/cmocka.h:1215:53: note: expanded from macro 'assert_int_equal'
    _assert_int_equal(cast_to_largest_integral_type(a), \
                                                    ^
/usr/include/cmocka.h:116:28: note: expanded from macro 'cast_to_largest_integral_type'
    ((LargestIntegralType)(value))
                           ^~~~~
test/../src/axc_store.c:1258:76: note: passing argument to parameter 'registration_id' here
int axc_db_identity_get_local_registration_id(void * user_data, uint32_t * registration_id) {
                                                                           ^
test/test_client.c:270:76: warning: passing 'int *' to parameter of type 'uint32_t *' (aka 'unsigned int *') converts between pointers to integer types with different sign [-Wpointer-sign]
  assert_int_equal(axc_db_identity_get_local_registration_id(ctx_global_p, &reg_id_1), 0);
                                                                           ^~~~~~~~~
/usr/include/cmocka.h:1215:53: note: expanded from macro 'assert_int_equal'
    _assert_int_equal(cast_to_largest_integral_type(a), \
                                                    ^
/usr/include/cmocka.h:116:28: note: expanded from macro 'cast_to_largest_integral_type'
    ((LargestIntegralType)(value))
                           ^~~~~
test/../src/axc_store.c:1258:76: note: passing argument to parameter 'registration_id' here
int axc_db_identity_get_local_registration_id(void * user_data, uint32_t * registration_id) {
                                                                           ^
test/test_client.c:277:76: warning: passing 'int *' to parameter of type 'uint32_t *' (aka 'unsigned int *') converts between pointers to integer types with different sign [-Wpointer-sign]
  assert_int_equal(axc_db_identity_get_local_registration_id(ctx_global_p, &reg_id_2), 0);
                                                                           ^~~~~~~~~
/usr/include/cmocka.h:1215:53: note: expanded from macro 'assert_int_equal'
    _assert_int_equal(cast_to_largest_integral_type(a), \
                                                    ^
/usr/include/cmocka.h:116:28: note: expanded from macro 'cast_to_largest_integral_type'
    ((LargestIntegralType)(value))
                           ^~~~~
test/../src/axc_store.c:1258:76: note: passing argument to parameter 'registration_id' here
int axc_db_identity_get_local_registration_id(void * user_data, uint32_t * registration_id) {
                                                                           ^
test/test_client.c:373:40: warning: passing 'char [6]' to parameter of type 'const uint8_t *' (aka 'const unsigned char *') converts between pointers to integer types where one is of the unique plain 'char' type and the other is not [-Wpointer-sign]
  axc_buf * msg_buf_p = axc_buf_create("hello", strlen("hello") + 1);
                                       ^~~~~~~
test/../src/axc.c:447:42: note: passing argument to parameter 'data' here
axc_buf * axc_buf_create(const uint8_t * data, size_t len) {
                                         ^
test/test_client.c:397:71: warning: passing 'int32_t *' (aka 'int *') to parameter of type 'uint32_t *' (aka 'unsigned int *') converts between pointers to integer types with different sign [-Wpointer-sign]
  assert_int_equal(axc_db_identity_get_local_registration_id(ctx_b_p, &(addr_bob.device_id)), 0);
                                                                      ^~~~~~~~~~~~~~~~~~~~~
/usr/include/cmocka.h:1215:53: note: expanded from macro 'assert_int_equal'
    _assert_int_equal(cast_to_largest_integral_type(a), \
                                                    ^
/usr/include/cmocka.h:116:28: note: expanded from macro 'cast_to_largest_integral_type'
    ((LargestIntegralType)(value))
                           ^~~~~
test/../src/axc_store.c:1258:76: note: passing argument to parameter 'registration_id' here
int axc_db_identity_get_local_registration_id(void * user_data, uint32_t * registration_id) {
                                                                           ^
test/test_client.c:517:40: warning: passing 'char [6]' to parameter of type 'const uint8_t *' (aka 'const unsigned char *') converts between pointers to integer types where one is of the unique plain 'char' type and the other is not [-Wpointer-sign]
  axc_buf * msg_buf_p = axc_buf_create("hello", strlen("hello") + 1);
                                       ^~~~~~~
test/../src/axc.c:447:42: note: passing argument to parameter 'data' here
axc_buf * axc_buf_create(const uint8_t * data, size_t len) {
                                         ^
test/test_client.c:541:30: warning: passing 'char [10]' to parameter of type 'const uint8_t *' (aka 'const unsigned char *') converts between pointers to integer types where one is of the unique plain 'char' type and the other is not [-Wpointer-sign]
  msg_buf_p = axc_buf_create("hello 234", strlen("hello 234") + 1);
                             ^~~~~~~~~~~
test/../src/axc.c:447:42: note: passing argument to parameter 'data' here
axc_buf * axc_buf_create(const uint8_t * data, size_t len) {
                                         ^
9 warnings generated.
test/test_client.o
[==========] Running 13 test(s).
[ RUN      ] test_init
[       OK ] test_init
[ RUN      ] test_recursive_mutex_lock
[       OK ] test_recursive_mutex_lock
[ RUN      ] test_recursive_mutex_unlock
[       OK ] test_recursive_mutex_unlock
[ RUN      ] test_install_should_generate_necessary_data
[       OK ] test_install_should_generate_necessary_data
[ RUN      ] test_install_should_not_do_anything_if_already_initialiased
[       OK ] test_install_should_not_do_anything_if_already_initialiased
[ RUN      ] test_install_should_reset_if_needed
[       OK ] test_install_should_reset_if_needed
[ RUN      ] test_message_encrypt_decrypt
axc_message_encrypt_and_serialize: axc ctx is null!
axc_message_encrypt_and_serialize: axc ctx is null!
axc_message_encrypt_and_serialize: axc ctx is null!
axc_message_decrypt_from_serialized: axc ctx is null!
axc_message_decrypt_from_serialized: axc ctx is null!
axc_message_decrypt_from_serialized: axc ctx is null!
[       OK ] test_message_encrypt_decrypt
[ RUN      ] test_session_exists_any
[       OK ] test_session_exists_any
[ RUN      ] test_session_exists_prekeys
[       OK ] test_session_exists_prekeys
[ RUN      ] test_session_from_bundle_and_handle_prekey_message
[       OK ] test_session_from_bundle_and_handle_prekey_message
[ RUN      ] test_bundle_collect
[       OK ] test_bundle_collect
[ RUN      ] test_key_load_public_own
[       OK ] test_key_load_public_own
[ RUN      ] test_key_load_public_addr
[       OK ] test_key_load_public_addr
[==========] 13 test(s) run.
[  PASSED  ] 13 test(s).
find . -maxdepth 1 -iname 'test*.g*' -exec mv {} test \;
make[2]: Leaving directory '/<<PKGBUILDDIR>>'
make[1]: Leaving directory '/<<PKGBUILDDIR>>'
   create-stamp debian/debhelper-build-stamp
   dh_prep
   debian/rules override_dh_auto_install
make[1]: Entering directory '/<<PKGBUILDDIR>>'
PREFIX=/usr dh_auto_install
	make -j4 install DESTDIR=/<<PKGBUILDDIR>>/debian/tmp AM_UPDATE_INFO_DIR=no "INSTALL=install --strip-program=true"
make[2]: Entering directory '/<<PKGBUILDDIR>>'
clang: error: unknown argument: '-print-multiarch'
clang: error: no input files
install -d /<<PKGBUILDDIR>>/debian/tmp//usr/lib//pkgconfig/
install -m 644 build/libaxc.a  /<<PKGBUILDDIR>>/debian/tmp//usr/lib//libaxc.a
install -m 644 build/libaxc.so /<<PKGBUILDDIR>>/debian/tmp//usr/lib//libaxc.so.0.3.6
ln -s libaxc.so.0.3.6 /<<PKGBUILDDIR>>/debian/tmp//usr/lib//libaxc.so.0
ln -s libaxc.so.0.3.6 /<<PKGBUILDDIR>>/debian/tmp//usr/lib//libaxc.so
install -m 644 build/libaxc.pc /<<PKGBUILDDIR>>/debian/tmp//usr/lib//pkgconfig/
install -d /<<PKGBUILDDIR>>/debian/tmp//usr/include/axc/
install -m 644 src/axc.h /<<PKGBUILDDIR>>/debian/tmp//usr/include/axc/
install -m 644 src/axc_crypto.h /<<PKGBUILDDIR>>/debian/tmp//usr/include/axc/
install -m 644 src/axc_store.h /<<PKGBUILDDIR>>/debian/tmp//usr/include/axc/
make[2]: Leaving directory '/<<PKGBUILDDIR>>'
make[1]: Leaving directory '/<<PKGBUILDDIR>>'
   dh_install
dh_install: warning: Cannot find (any matches for) "usr/lib/*/libaxc.so.*" (tried in ., debian/tmp)

dh_install: warning: libaxc0 missing files: usr/lib/*/libaxc.so.*
dh_install: warning: Cannot find (any matches for) "usr/lib/*/libaxc.a" (tried in ., debian/tmp)

dh_install: warning: libaxc-dev missing files: usr/lib/*/libaxc.a
dh_install: warning: Cannot find (any matches for) "usr/lib/*/libaxc.so" (tried in ., debian/tmp)

dh_install: warning: libaxc-dev missing files: usr/lib/*/libaxc.so
dh_install: warning: Cannot find (any matches for) "usr/lib/*/pkgconfig/libaxc.pc" (tried in ., debian/tmp)

dh_install: warning: libaxc-dev missing files: usr/lib/*/pkgconfig/libaxc.pc
dh_install: error: missing files, aborting
make: *** [debian/rules:8: binary] Error 25
dpkg-buildpackage: error: debian/rules binary subprocess returned exit status 2
--------------------------------------------------------------------------------
Build finished at 2021-10-26T22:32:10Z

Finished
--------


+------------------------------------------------------------------------------+
| Cleanup                                                                      |
+------------------------------------------------------------------------------+

Purging /<<BUILDDIR>>
Not cleaning session: cloned chroot in use
E: Build failure (dpkg-buildpackage died)

+------------------------------------------------------------------------------+
| Summary                                                                      |
+------------------------------------------------------------------------------+

Build Architecture: amd64
Build Type: binary
Build-Space: 2508
Build-Time: 10
Distribution: unstable
Fail-Stage: build
Host Architecture: amd64
Install-Time: 9
Job: axc_0.3.6-2
Machine Architecture: amd64
Package: axc
Package-Time: 39
Source-Version: 0.3.6-2
Space: 2508
Status: attempted
Version: 0.3.6-2
--------------------------------------------------------------------------------
Finished at 2021-10-26T22:32:10Z
Build needed 00:00:39, 2508k disk space
E: Build failure (dpkg-buildpackage died)
DC-Status: Failed 40.181533078s
DC-Time-Estimation: 40.181533078 versus expected 123 (r/m: 2.0611076924624454 ; m: 40.181533078)
