DC-Build-Header: clucene-core 2.3.3.4+dfsg-1 / 2021-10-26 22:41:39 +0000
DC-Task: type:rebuild-binarch-only source:clucene-core version:2.3.3.4+dfsg-1 chroot:unstable esttime:104 logfile:/tmp/clucene-core_2.3.3.4+dfsg-1_unstable_clang12.log modes:clang12:binarch-only
DC-Sbuild-call: su user42 -c 'sbuild -n --arch-any --apt-update -d unstable -v --no-run-lintian --chroot-setup-commands=/tmp/clang12 clucene-core_2.3.3.4+dfsg-1'
sbuild (Debian sbuild) 0.78.1 (09 February 2019) on ip-172-31-2-129.eu-central-1.compute.internal

+==============================================================================+
| clucene-core 2.3.3.4+dfsg-1 (amd64)          Tue, 26 Oct 2021 22:41:39 +0000 |
+==============================================================================+

Package: clucene-core
Version: 2.3.3.4+dfsg-1
Source Version: 2.3.3.4+dfsg-1
Distribution: unstable
Machine Architecture: amd64
Host Architecture: amd64
Build Architecture: amd64
Build Type: binary

I: NOTICE: Log filtering will replace 'var/run/schroot/mount/sid-amd64-sbuild-d0efd557-dd1a-4f0d-a951-65ab3ddd320d' with '<<CHROOT>>'

+------------------------------------------------------------------------------+
| Chroot Setup Commands                                                        |
+------------------------------------------------------------------------------+


/tmp/clang12
------------

+ echo 'Entering customization script...'
Entering customization script...
+ CLANG_VERSION=12
+ echo 'Install of clang-12'
Install of clang-12
+ apt-get update
Get:1 http://127.0.0.1:12990/debian sid InRelease [165 kB]
Get:2 http://127.0.0.1:12990/debian sid/main Sources.diff/Index [63.6 kB]
Get:3 http://127.0.0.1:12990/debian sid/main amd64 Packages.diff/Index [63.6 kB]
Get:4 http://127.0.0.1:12990/debian sid/main Sources T-2021-10-26-2004.40-F-2021-10-26-0202.15.pdiff [47.3 kB]
Get:4 http://127.0.0.1:12990/debian sid/main Sources T-2021-10-26-2004.40-F-2021-10-26-0202.15.pdiff [47.3 kB]
Get:5 http://127.0.0.1:12990/debian sid/main amd64 Packages T-2021-10-26-2004.40-F-2021-10-26-0202.15.pdiff [55.9 kB]
Get:5 http://127.0.0.1:12990/debian sid/main amd64 Packages T-2021-10-26-2004.40-F-2021-10-26-0202.15.pdiff [55.9 kB]
Get:6 http://127.0.0.1:12990/debian sid/main Translation-en [6586 kB]
Fetched 6981 kB in 3s (2776 kB/s)
Reading package lists...
+ apt-get install --yes --no-install-recommends --force-yes clang-12 libomp-12-dev libobjc-9-dev
Reading package lists...
Building dependency tree...
The following additional packages will be installed:
  lib32gcc-s1 lib32stdc++6 libasan5 libbsd0 libc6-i386 libclang-common-12-dev
  libclang-cpp12 libclang1-12 libedit2 libelf1 libgc1 libgcc-9-dev libicu67
  libllvm12 libmd0 libobjc-11-dev libobjc4 libomp5-12 libunwind-12 libxml2
  libz3-4 llvm-12-linker-tools
Suggested packages:
  clang-12-doc libomp-12-doc
Recommended packages:
  llvm-12-dev python3
The following NEW packages will be installed:
  clang-12 lib32gcc-s1 lib32stdc++6 libasan5 libbsd0 libc6-i386
  libclang-common-12-dev libclang-cpp12 libclang1-12 libedit2 libelf1 libgc1
  libgcc-9-dev libicu67 libllvm12 libmd0 libobjc-11-dev libobjc-9-dev libobjc4
  libomp-12-dev libomp5-12 libunwind-12 libxml2 libz3-4 llvm-12-linker-tools
0 upgraded, 25 newly installed, 0 to remove and 0 not upgraded.
Need to get 67.6 MB of archives.
After this operation, 349 MB of additional disk space will be used.
Get:1 http://127.0.0.1:12990/debian sid/main amd64 libmd0 amd64 1.0.4-1 [29.6 kB]
Get:2 http://127.0.0.1:12990/debian sid/main amd64 libbsd0 amd64 0.11.3-1 [108 kB]
Get:3 http://127.0.0.1:12990/debian sid/main amd64 libedit2 amd64 3.1-20210910-1 [97.5 kB]
Get:4 http://127.0.0.1:12990/debian sid/main amd64 libicu67 amd64 67.1-7 [8622 kB]
Get:5 http://127.0.0.1:12990/debian sid/main amd64 libxml2 amd64 2.9.12+dfsg-5 [696 kB]
Get:6 http://127.0.0.1:12990/debian sid/main amd64 libz3-4 amd64 4.8.12-1+b1 [6997 kB]
Get:7 http://127.0.0.1:12990/debian sid/main amd64 libllvm12 amd64 1:12.0.1-15 [19.4 MB]
Get:8 http://127.0.0.1:12990/debian sid/main amd64 libclang-cpp12 amd64 1:12.0.1-15 [9996 kB]
Get:9 http://127.0.0.1:12990/debian sid/main amd64 libgc1 amd64 1:8.0.4-3 [239 kB]
Get:10 http://127.0.0.1:12990/debian sid/main amd64 libobjc4 amd64 11.2.0-10 [43.2 kB]
Get:11 http://127.0.0.1:12990/debian sid/main amd64 libobjc-11-dev amd64 11.2.0-10 [170 kB]
Get:12 http://127.0.0.1:12990/debian sid/main amd64 libc6-i386 amd64 2.32-4 [2624 kB]
Get:13 http://127.0.0.1:12990/debian sid/main amd64 lib32gcc-s1 amd64 11.2.0-10 [49.9 kB]
Get:14 http://127.0.0.1:12990/debian sid/main amd64 lib32stdc++6 amd64 11.2.0-10 [601 kB]
Get:15 http://127.0.0.1:12990/debian sid/main amd64 libclang-common-12-dev amd64 1:12.0.1-15 [4819 kB]
Get:16 http://127.0.0.1:12990/debian sid/main amd64 llvm-12-linker-tools amd64 1:12.0.1-15 [1222 kB]
Get:17 http://127.0.0.1:12990/debian sid/main amd64 libclang1-12 amd64 1:12.0.1-15 [5644 kB]
Get:18 http://127.0.0.1:12990/debian sid/main amd64 clang-12 amd64 1:12.0.1-15 [117 kB]
Get:19 http://127.0.0.1:12990/debian sid/main amd64 libasan5 amd64 9.4.0-3 [2734 kB]
Get:20 http://127.0.0.1:12990/debian sid/main amd64 libelf1 amd64 0.185-2 [172 kB]
Get:21 http://127.0.0.1:12990/debian sid/main amd64 libgcc-9-dev amd64 9.4.0-3 [2343 kB]
Get:22 http://127.0.0.1:12990/debian sid/main amd64 libobjc-9-dev amd64 9.4.0-3 [219 kB]
Get:23 http://127.0.0.1:12990/debian sid/main amd64 libunwind-12 amd64 1:12.0.1-15 [63.9 kB]
Get:24 http://127.0.0.1:12990/debian sid/main amd64 libomp5-12 amd64 1:12.0.1-15 [405 kB]
Get:25 http://127.0.0.1:12990/debian sid/main amd64 libomp-12-dev amd64 1:12.0.1-15 [104 kB]
debconf: delaying package configuration, since apt-utils is not installed
Fetched 67.6 MB in 0s (152 MB/s)
Selecting previously unselected package libmd0:amd64.
(Reading database ... (Reading database ... 5%(Reading database ... 10%(Reading database ... 15%(Reading database ... 20%(Reading database ... 25%(Reading database ... 30%(Reading database ... 35%(Reading database ... 40%(Reading database ... 45%(Reading database ... 50%(Reading database ... 55%(Reading database ... 60%(Reading database ... 65%(Reading database ... 70%(Reading database ... 75%(Reading database ... 80%(Reading database ... 85%(Reading database ... 90%(Reading database ... 95%(Reading database ... 100%(Reading database ... 12431 files and directories currently installed.)
Preparing to unpack .../00-libmd0_1.0.4-1_amd64.deb ...
Unpacking libmd0:amd64 (1.0.4-1) ...
Selecting previously unselected package libbsd0:amd64.
Preparing to unpack .../01-libbsd0_0.11.3-1_amd64.deb ...
Unpacking libbsd0:amd64 (0.11.3-1) ...
Selecting previously unselected package libedit2:amd64.
Preparing to unpack .../02-libedit2_3.1-20210910-1_amd64.deb ...
Unpacking libedit2:amd64 (3.1-20210910-1) ...
Selecting previously unselected package libicu67:amd64.
Preparing to unpack .../03-libicu67_67.1-7_amd64.deb ...
Unpacking libicu67:amd64 (67.1-7) ...
Selecting previously unselected package libxml2:amd64.
Preparing to unpack .../04-libxml2_2.9.12+dfsg-5_amd64.deb ...
Unpacking libxml2:amd64 (2.9.12+dfsg-5) ...
Selecting previously unselected package libz3-4:amd64.
Preparing to unpack .../05-libz3-4_4.8.12-1+b1_amd64.deb ...
Unpacking libz3-4:amd64 (4.8.12-1+b1) ...
Selecting previously unselected package libllvm12:amd64.
Preparing to unpack .../06-libllvm12_1%3a12.0.1-15_amd64.deb ...
Unpacking libllvm12:amd64 (1:12.0.1-15) ...
Selecting previously unselected package libclang-cpp12.
Preparing to unpack .../07-libclang-cpp12_1%3a12.0.1-15_amd64.deb ...
Unpacking libclang-cpp12 (1:12.0.1-15) ...
Selecting previously unselected package libgc1:amd64.
Preparing to unpack .../08-libgc1_1%3a8.0.4-3_amd64.deb ...
Unpacking libgc1:amd64 (1:8.0.4-3) ...
Selecting previously unselected package libobjc4:amd64.
Preparing to unpack .../09-libobjc4_11.2.0-10_amd64.deb ...
Unpacking libobjc4:amd64 (11.2.0-10) ...
Selecting previously unselected package libobjc-11-dev:amd64.
Preparing to unpack .../10-libobjc-11-dev_11.2.0-10_amd64.deb ...
Unpacking libobjc-11-dev:amd64 (11.2.0-10) ...
Selecting previously unselected package libc6-i386.
Preparing to unpack .../11-libc6-i386_2.32-4_amd64.deb ...
Unpacking libc6-i386 (2.32-4) ...
Selecting previously unselected package lib32gcc-s1.
Preparing to unpack .../12-lib32gcc-s1_11.2.0-10_amd64.deb ...
Unpacking lib32gcc-s1 (11.2.0-10) ...
Selecting previously unselected package lib32stdc++6.
Preparing to unpack .../13-lib32stdc++6_11.2.0-10_amd64.deb ...
Unpacking lib32stdc++6 (11.2.0-10) ...
Selecting previously unselected package libclang-common-12-dev.
Preparing to unpack .../14-libclang-common-12-dev_1%3a12.0.1-15_amd64.deb ...
Unpacking libclang-common-12-dev (1:12.0.1-15) ...
Selecting previously unselected package llvm-12-linker-tools.
Preparing to unpack .../15-llvm-12-linker-tools_1%3a12.0.1-15_amd64.deb ...
Unpacking llvm-12-linker-tools (1:12.0.1-15) ...
Selecting previously unselected package libclang1-12.
Preparing to unpack .../16-libclang1-12_1%3a12.0.1-15_amd64.deb ...
Unpacking libclang1-12 (1:12.0.1-15) ...
Selecting previously unselected package clang-12.
Preparing to unpack .../17-clang-12_1%3a12.0.1-15_amd64.deb ...
Unpacking clang-12 (1:12.0.1-15) ...
Selecting previously unselected package libasan5:amd64.
Preparing to unpack .../18-libasan5_9.4.0-3_amd64.deb ...
Unpacking libasan5:amd64 (9.4.0-3) ...
Selecting previously unselected package libelf1:amd64.
Preparing to unpack .../19-libelf1_0.185-2_amd64.deb ...
Unpacking libelf1:amd64 (0.185-2) ...
Selecting previously unselected package libgcc-9-dev:amd64.
Preparing to unpack .../20-libgcc-9-dev_9.4.0-3_amd64.deb ...
Unpacking libgcc-9-dev:amd64 (9.4.0-3) ...
Selecting previously unselected package libobjc-9-dev:amd64.
Preparing to unpack .../21-libobjc-9-dev_9.4.0-3_amd64.deb ...
Unpacking libobjc-9-dev:amd64 (9.4.0-3) ...
Selecting previously unselected package libunwind-12:amd64.
Preparing to unpack .../22-libunwind-12_1%3a12.0.1-15_amd64.deb ...
Unpacking libunwind-12:amd64 (1:12.0.1-15) ...
Selecting previously unselected package libomp5-12:amd64.
Preparing to unpack .../23-libomp5-12_1%3a12.0.1-15_amd64.deb ...
Unpacking libomp5-12:amd64 (1:12.0.1-15) ...
Selecting previously unselected package libomp-12-dev.
Preparing to unpack .../24-libomp-12-dev_1%3a12.0.1-15_amd64.deb ...
Unpacking libomp-12-dev (1:12.0.1-15) ...
Setting up libicu67:amd64 (67.1-7) ...
Setting up libasan5:amd64 (9.4.0-3) ...
Setting up libz3-4:amd64 (4.8.12-1+b1) ...
Setting up libunwind-12:amd64 (1:12.0.1-15) ...
Setting up libgc1:amd64 (1:8.0.4-3) ...
Setting up libmd0:amd64 (1.0.4-1) ...
Setting up libc6-i386 (2.32-4) ...
Setting up libbsd0:amd64 (0.11.3-1) ...
Setting up libelf1:amd64 (0.185-2) ...
Setting up libxml2:amd64 (2.9.12+dfsg-5) ...
Setting up libedit2:amd64 (3.1-20210910-1) ...
Setting up libobjc4:amd64 (11.2.0-10) ...
Setting up libgcc-9-dev:amd64 (9.4.0-3) ...
Setting up lib32gcc-s1 (11.2.0-10) ...
Setting up lib32stdc++6 (11.2.0-10) ...
Setting up libllvm12:amd64 (1:12.0.1-15) ...
Setting up libobjc-9-dev:amd64 (9.4.0-3) ...
Setting up libclang-common-12-dev (1:12.0.1-15) ...
Setting up libomp5-12:amd64 (1:12.0.1-15) ...
Setting up libobjc-11-dev:amd64 (11.2.0-10) ...
Setting up llvm-12-linker-tools (1:12.0.1-15) ...
Setting up libclang1-12 (1:12.0.1-15) ...
Setting up libclang-cpp12 (1:12.0.1-15) ...
Setting up libomp-12-dev (1:12.0.1-15) ...
Setting up clang-12 (1:12.0.1-15) ...
Processing triggers for libc-bin (2.32-4) ...
W: --force-yes is deprecated, use one of the options starting with --allow instead.
+ echo 'Replace gcc, g++ & cpp by clang'
Replace gcc, g++ & cpp by clang
+ VERSIONS='4.6 4.7 4.8 4.9 5 6 7 8 9 10 11'
+ cd /usr/bin
+ for VERSION in $VERSIONS
+ rm -f g++-4.6 gcc-4.6 cpp-4.6 gcc
+ ln -s clang++-12 g++-4.6
+ ln -s clang-12 gcc-4.6
+ ln -s clang-12 cpp-4.6
+ ln -s clang-12 gcc
+ echo 'gcc-4.6 hold'
+ dpkg --set-selections
dpkg: warning: package not in status nor available database at line 1: gcc-4.6
dpkg: warning: found unknown packages; this might mean the available database
is outdated, and needs to be updated through a frontend method;
please see the FAQ <https://wiki.debian.org/Teams/Dpkg/FAQ>
+ echo 'g++-4.6 hold'
+ dpkg --set-selections
dpkg: warning: package not in status nor available database at line 1: g++-4.6
dpkg: warning: found unknown packages; this might mean the available database
is outdated, and needs to be updated through a frontend method;
please see the FAQ <https://wiki.debian.org/Teams/Dpkg/FAQ>
+ for VERSION in $VERSIONS
+ rm -f g++-4.7 gcc-4.7 cpp-4.7 gcc
+ ln -s clang++-12 g++-4.7
+ ln -s clang-12 gcc-4.7
+ ln -s clang-12 cpp-4.7
+ ln -s clang-12 gcc
+ echo 'gcc-4.7 hold'
+ dpkg --set-selections
dpkg: warning: package not in status nor available database at line 1: gcc-4.7
dpkg: warning: found unknown packages; this might mean the available database
is outdated, and needs to be updated through a frontend method;
please see the FAQ <https://wiki.debian.org/Teams/Dpkg/FAQ>
+ echo 'g++-4.7 hold'
+ dpkg --set-selections
dpkg: warning: package not in status nor available database at line 1: g++-4.7
dpkg: warning: found unknown packages; this might mean the available database
is outdated, and needs to be updated through a frontend method;
please see the FAQ <https://wiki.debian.org/Teams/Dpkg/FAQ>
+ for VERSION in $VERSIONS
+ rm -f g++-4.8 gcc-4.8 cpp-4.8 gcc
+ ln -s clang++-12 g++-4.8
+ ln -s clang-12 gcc-4.8
+ ln -s clang-12 cpp-4.8
+ ln -s clang-12 gcc
+ echo 'gcc-4.8 hold'
+ dpkg --set-selections
dpkg: warning: package not in status nor available database at line 1: gcc-4.8
dpkg: warning: found unknown packages; this might mean the available database
is outdated, and needs to be updated through a frontend method;
please see the FAQ <https://wiki.debian.org/Teams/Dpkg/FAQ>
+ echo 'g++-4.8 hold'
+ dpkg --set-selections
dpkg: warning: package not in status nor available database at line 1: g++-4.8
dpkg: warning: found unknown packages; this might mean the available database
is outdated, and needs to be updated through a frontend method;
please see the FAQ <https://wiki.debian.org/Teams/Dpkg/FAQ>
+ for VERSION in $VERSIONS
+ rm -f g++-4.9 gcc-4.9 cpp-4.9 gcc
+ ln -s clang++-12 g++-4.9
+ ln -s clang-12 gcc-4.9
+ ln -s clang-12 cpp-4.9
+ ln -s clang-12 gcc
+ echo 'gcc-4.9 hold'
+ dpkg --set-selections
dpkg: warning: package not in status nor available database at line 1: gcc-4.9
dpkg: warning: found unknown packages; this might mean the available database
is outdated, and needs to be updated through a frontend method;
please see the FAQ <https://wiki.debian.org/Teams/Dpkg/FAQ>
+ echo 'g++-4.9 hold'
+ dpkg --set-selections
dpkg: warning: package not in status nor available database at line 1: g++-4.9
dpkg: warning: found unknown packages; this might mean the available database
is outdated, and needs to be updated through a frontend method;
please see the FAQ <https://wiki.debian.org/Teams/Dpkg/FAQ>
+ for VERSION in $VERSIONS
+ rm -f g++-5 gcc-5 cpp-5 gcc
+ ln -s clang++-12 g++-5
+ ln -s clang-12 gcc-5
+ ln -s clang-12 cpp-5
+ ln -s clang-12 gcc
+ echo 'gcc-5 hold'
+ dpkg --set-selections
dpkg: warning: package not in status nor available database at line 1: gcc-5
dpkg: warning: found unknown packages; this might mean the available database
is outdated, and needs to be updated through a frontend method;
please see the FAQ <https://wiki.debian.org/Teams/Dpkg/FAQ>
+ echo 'g++-5 hold'
+ dpkg --set-selections
dpkg: warning: package not in status nor available database at line 1: g++-5
dpkg: warning: found unknown packages; this might mean the available database
is outdated, and needs to be updated through a frontend method;
please see the FAQ <https://wiki.debian.org/Teams/Dpkg/FAQ>
+ for VERSION in $VERSIONS
+ rm -f g++-6 gcc-6 cpp-6 gcc
+ ln -s clang++-12 g++-6
+ ln -s clang-12 gcc-6
+ ln -s clang-12 cpp-6
+ ln -s clang-12 gcc
+ echo 'gcc-6 hold'
+ dpkg --set-selections
dpkg: warning: package not in status nor available database at line 1: gcc-6
dpkg: warning: found unknown packages; this might mean the available database
is outdated, and needs to be updated through a frontend method;
please see the FAQ <https://wiki.debian.org/Teams/Dpkg/FAQ>
+ echo 'g++-6 hold'
+ dpkg --set-selections
dpkg: warning: package not in status nor available database at line 1: g++-6
dpkg: warning: found unknown packages; this might mean the available database
is outdated, and needs to be updated through a frontend method;
please see the FAQ <https://wiki.debian.org/Teams/Dpkg/FAQ>
+ for VERSION in $VERSIONS
+ rm -f g++-7 gcc-7 cpp-7 gcc
+ ln -s clang++-12 g++-7
+ ln -s clang-12 gcc-7
+ ln -s clang-12 cpp-7
+ ln -s clang-12 gcc
+ echo 'gcc-7 hold'
+ dpkg --set-selections
dpkg: warning: package not in status nor available database at line 1: gcc-7
dpkg: warning: found unknown packages; this might mean the available database
is outdated, and needs to be updated through a frontend method;
please see the FAQ <https://wiki.debian.org/Teams/Dpkg/FAQ>
+ echo 'g++-7 hold'
+ dpkg --set-selections
dpkg: warning: package not in status nor available database at line 1: g++-7
dpkg: warning: found unknown packages; this might mean the available database
is outdated, and needs to be updated through a frontend method;
please see the FAQ <https://wiki.debian.org/Teams/Dpkg/FAQ>
+ for VERSION in $VERSIONS
+ rm -f g++-8 gcc-8 cpp-8 gcc
+ ln -s clang++-12 g++-8
+ ln -s clang-12 gcc-8
+ ln -s clang-12 cpp-8
+ ln -s clang-12 gcc
+ echo 'gcc-8 hold'
+ dpkg --set-selections
dpkg: warning: package not in status nor available database at line 1: gcc-8
dpkg: warning: found unknown packages; this might mean the available database
is outdated, and needs to be updated through a frontend method;
please see the FAQ <https://wiki.debian.org/Teams/Dpkg/FAQ>
+ echo 'g++-8 hold'
+ dpkg --set-selections
dpkg: warning: package not in status nor available database at line 1: g++-8
dpkg: warning: found unknown packages; this might mean the available database
is outdated, and needs to be updated through a frontend method;
please see the FAQ <https://wiki.debian.org/Teams/Dpkg/FAQ>
+ for VERSION in $VERSIONS
+ rm -f g++-9 gcc-9 cpp-9 gcc
+ ln -s clang++-12 g++-9
+ ln -s clang-12 gcc-9
+ ln -s clang-12 cpp-9
+ ln -s clang-12 gcc
+ echo 'gcc-9 hold'
+ dpkg --set-selections
dpkg: warning: package not in status nor available database at line 1: gcc-9
dpkg: warning: found unknown packages; this might mean the available database
is outdated, and needs to be updated through a frontend method;
please see the FAQ <https://wiki.debian.org/Teams/Dpkg/FAQ>
+ echo 'g++-9 hold'
+ dpkg --set-selections
dpkg: warning: package not in status nor available database at line 1: g++-9
dpkg: warning: found unknown packages; this might mean the available database
is outdated, and needs to be updated through a frontend method;
please see the FAQ <https://wiki.debian.org/Teams/Dpkg/FAQ>
+ for VERSION in $VERSIONS
+ rm -f g++-10 gcc-10 cpp-10 gcc
+ ln -s clang++-12 g++-10
+ ln -s clang-12 gcc-10
+ ln -s clang-12 cpp-10
+ ln -s clang-12 gcc
+ echo 'gcc-10 hold'
+ dpkg --set-selections
dpkg: warning: package not in status nor available database at line 1: gcc-10
dpkg: warning: found unknown packages; this might mean the available database
is outdated, and needs to be updated through a frontend method;
please see the FAQ <https://wiki.debian.org/Teams/Dpkg/FAQ>
+ echo 'g++-10 hold'
+ dpkg --set-selections
dpkg: warning: package not in status nor available database at line 1: g++-10
dpkg: warning: found unknown packages; this might mean the available database
is outdated, and needs to be updated through a frontend method;
please see the FAQ <https://wiki.debian.org/Teams/Dpkg/FAQ>
+ for VERSION in $VERSIONS
+ rm -f g++-11 gcc-11 cpp-11 gcc
+ ln -s clang++-12 g++-11
+ ln -s clang-12 gcc-11
+ ln -s clang-12 cpp-11
+ ln -s clang-12 gcc
+ echo 'gcc-11 hold'
+ dpkg --set-selections
+ echo 'g++-11 hold'
+ dpkg --set-selections
+ cd -
/build/clucene-core-yXCZqp
+ echo 'Check if gcc, g++ & cpp are actually clang'
Check if gcc, g++ & cpp are actually clang
+ gcc --version
+ grep clang
+ cpp --version
+ grep clang
+ g++ --version
+ grep clang
+ cd /usr/bin/
+ rm -f clang++ clang
+ ln -s clang-12 clang++
+ ln -s clang-12 clang
+ clang++ --version
Debian clang version 12.0.1-15
Target: x86_64-pc-linux-gnu
Thread model: posix
InstalledDir: /usr/bin
+ clang --version
Debian clang version 12.0.1-15
Target: x86_64-pc-linux-gnu
Thread model: posix
InstalledDir: /usr/bin
+ cd -
/build/clucene-core-yXCZqp
+ apt install --yes --no-install-recommends --force-yes qt5-qmake

WARNING: apt does not have a stable CLI interface. Use with caution in scripts.

Reading package lists...
Building dependency tree...
Reading state information...
The following additional packages will be installed:
  qt5-qmake-bin qtchooser
The following NEW packages will be installed:
  qt5-qmake qt5-qmake-bin qtchooser
0 upgraded, 3 newly installed, 0 to remove and 0 not upgraded.
Need to get 1322 kB of archives.
After this operation, 4914 kB of additional disk space will be used.
Get:1 http://127.0.0.1:12990/debian sid/main amd64 qt5-qmake-bin amd64 5.15.2+dfsg-12 [1046 kB]
Get:2 http://127.0.0.1:12990/debian sid/main amd64 qtchooser amd64 66-2 [26.3 kB]
Get:3 http://127.0.0.1:12990/debian sid/main amd64 qt5-qmake amd64 5.15.2+dfsg-12 [249 kB]
debconf: delaying package configuration, since apt-utils is not installed
Fetched 1322 kB in 0s (21.3 MB/s)
Selecting previously unselected package qt5-qmake-bin.
(Reading database ... (Reading database ... 5%(Reading database ... 10%(Reading database ... 15%(Reading database ... 20%(Reading database ... 25%(Reading database ... 30%(Reading database ... 35%(Reading database ... 40%(Reading database ... 45%(Reading database ... 50%(Reading database ... 55%(Reading database ... 60%(Reading database ... 65%(Reading database ... 70%(Reading database ... 75%(Reading database ... 80%(Reading database ... 85%(Reading database ... 90%(Reading database ... 95%(Reading database ... 100%(Reading database ... 13527 files and directories currently installed.)
Preparing to unpack .../qt5-qmake-bin_5.15.2+dfsg-12_amd64.deb ...
Unpacking qt5-qmake-bin (5.15.2+dfsg-12) ...
Selecting previously unselected package qtchooser.
Preparing to unpack .../qtchooser_66-2_amd64.deb ...
Unpacking qtchooser (66-2) ...
Selecting previously unselected package qt5-qmake:amd64.
Preparing to unpack .../qt5-qmake_5.15.2+dfsg-12_amd64.deb ...
Unpacking qt5-qmake:amd64 (5.15.2+dfsg-12) ...
Setting up qt5-qmake-bin (5.15.2+dfsg-12) ...
Setting up qtchooser (66-2) ...
Setting up qt5-qmake:amd64 (5.15.2+dfsg-12) ...
W: --force-yes is deprecated, use one of the options starting with --allow instead.
+ cp /usr/lib/x86_64-linux-gnu/qt5/mkspecs/linux-clang/qmake.conf /usr/lib/x86_64-linux-gnu/qt5/mkspecs/linux-clang/qplatformdefs.h /usr/lib/x86_64-linux-gnu/qt5/mkspecs/linux-g++/
+ ls -al /usr/lib/x86_64-linux-gnu/qt5/mkspecs/linux-g++/
total 16
drwxr-xr-x  2 root root 4096 Oct 26 22:41 .
drwxr-xr-x 76 root root 4096 Oct 26 22:41 ..
-rw-r--r--  1 root root  276 Oct 26 22:41 qmake.conf
-rw-r--r--  1 root root 3218 Oct 26 22:41 qplatformdefs.h
+ cat /usr/lib/x86_64-linux-gnu/qt5/mkspecs/linux-g++/qmake.conf
#
# qmake configuration for linux-clang
#

MAKEFILE_GENERATOR = UNIX
CONFIG += incremental

QMAKE_INCREMENTAL_STYLE = sublib

include(../common/linux.conf)
include(../common/gcc-base-unix.conf)
include(../common/clang.conf)

QMAKE_LFLAGS += -ccc-gcc-name g++

load(qt_config)
+ export QMAKESPEC=/usr/lib/x86_64-linux-gnu/qt5/mkspecs/linux-clang/
+ QMAKESPEC=/usr/lib/x86_64-linux-gnu/qt5/mkspecs/linux-clang/
+ sed -i -e 's|compare_problem(2,|compare_problem(0,|g' /usr/bin/dpkg-gensymbols
+ sed -i -e 's|compare_problem(1,|compare_problem(0,|g' /usr/bin/dpkg-gensymbols
+ grep 'compare_problem(' /usr/bin/dpkg-gensymbols
        compare_problem(4, g_('new libraries appeared in the symbols file: %s'), "@libs");
        compare_problem(3, g_('some libraries disappeared in the symbols file: %s'), "@libs");
        compare_problem(0, g_('some new symbols appeared in the symbols file: %s'),
        compare_problem(0, g_('some symbols or patterns disappeared in the symbols file: %s'),

I: Finished running '/tmp/clang12'.

Finished processing commands.
--------------------------------------------------------------------------------
I: NOTICE: Log filtering will replace 'build/clucene-core-yXCZqp/resolver-MpZJ9J' with '<<RESOLVERDIR>>'

+------------------------------------------------------------------------------+
| Update chroot                                                                |
+------------------------------------------------------------------------------+

Hit:1 http://127.0.0.1:12990/debian sid InRelease
Reading package lists...
Reading package lists...
Building dependency tree...
Reading state information...
Calculating upgrade...
0 upgraded, 0 newly installed, 0 to remove and 0 not upgraded.

+------------------------------------------------------------------------------+
| Fetch source files                                                           |
+------------------------------------------------------------------------------+


Check APT
---------

Checking available source versions...

Download source files with APT
------------------------------

Reading package lists...
Need to get 837 kB of source archives.
Get:1 http://127.0.0.1:12990/debian sid/main clucene-core 2.3.3.4+dfsg-1 (dsc) [2019 B]
Get:2 http://127.0.0.1:12990/debian sid/main clucene-core 2.3.3.4+dfsg-1 (tar) [827 kB]
Get:3 http://127.0.0.1:12990/debian sid/main clucene-core 2.3.3.4+dfsg-1 (diff) [8736 B]
Fetched 837 kB in 0s (8901 kB/s)
Download complete and in download only mode
I: NOTICE: Log filtering will replace 'build/clucene-core-yXCZqp/clucene-core-2.3.3.4+dfsg' with '<<PKGBUILDDIR>>'
I: NOTICE: Log filtering will replace 'build/clucene-core-yXCZqp' with '<<BUILDDIR>>'

+------------------------------------------------------------------------------+
| Install package build dependencies                                           |
+------------------------------------------------------------------------------+


Setup apt archive
-----------------

Merged Build-Depends: cmake (>= 2.8.5), debhelper (>= 9), libboost-dev, libz-dev, build-essential, fakeroot
Filtered Build-Depends: cmake (>= 2.8.5), debhelper (>= 9), libboost-dev, libz-dev, build-essential, fakeroot
dpkg-deb: building package 'sbuild-build-depends-main-dummy' in '/<<RESOLVERDIR>>/apt_archive/sbuild-build-depends-main-dummy.deb'.
Ign:1 copy:/<<RESOLVERDIR>>/apt_archive ./ InRelease
Get:2 copy:/<<RESOLVERDIR>>/apt_archive ./ Release [957 B]
Ign:3 copy:/<<RESOLVERDIR>>/apt_archive ./ Release.gpg
Get:4 copy:/<<RESOLVERDIR>>/apt_archive ./ Sources [387 B]
Get:5 copy:/<<RESOLVERDIR>>/apt_archive ./ Packages [469 B]
Fetched 1813 B in 0s (0 B/s)
Reading package lists...
Reading package lists...

Install main build dependencies (apt-based resolver)
----------------------------------------------------

Installing build dependencies
Reading package lists...
Building dependency tree...
Reading state information...
The following additional packages will be installed:
  autoconf automake autopoint autotools-dev bsdextrautils cmake cmake-data
  debhelper dh-autoreconf dh-elpa-helper dh-strip-nondeterminism dwz
  emacsen-common file gettext gettext-base groff-base intltool-debian
  libarchive-zip-perl libarchive13 libboost-dev libboost1.74-dev libbrotli1
  libcurl4 libdebhelper-perl libexpat1 libfile-stripnondeterminism-perl
  libgcc-10-dev libjsoncpp24 libldap-2.4-2 libmagic-mgc libmagic1 libncurses6
  libncursesw6 libnghttp2-14 libpipeline1 libprocps8 libpsl5 librhash0
  librtmp1 libsasl2-2 libsasl2-modules-db libsigsegv2 libssh2-1
  libstdc++-10-dev libsub-override-perl libtool libuchardet0 libuv1 m4 man-db
  po-debconf procps sensible-utils zlib1g-dev
Suggested packages:
  autoconf-archive gnu-standards autoconf-doc cmake-doc ninja-build dh-make
  gettext-doc libasprintf-dev libgettextpo-dev groff lrzip libboost-doc
  libboost1.74-doc libboost-atomic1.74-dev libboost-chrono1.74-dev
  libboost-container1.74-dev libboost-context1.74-dev
  libboost-contract1.74-dev libboost-coroutine1.74-dev
  libboost-date-time1.74-dev libboost-exception1.74-dev libboost-fiber1.74-dev
  libboost-filesystem1.74-dev libboost-graph1.74-dev
  libboost-graph-parallel1.74-dev libboost-iostreams1.74-dev
  libboost-locale1.74-dev libboost-log1.74-dev libboost-math1.74-dev
  libboost-mpi1.74-dev libboost-mpi-python1.74-dev libboost-numpy1.74-dev
  libboost-program-options1.74-dev libboost-python1.74-dev
  libboost-random1.74-dev libboost-regex1.74-dev
  libboost-serialization1.74-dev libboost-stacktrace1.74-dev
  libboost-system1.74-dev libboost-test1.74-dev libboost-thread1.74-dev
  libboost-timer1.74-dev libboost-type-erasure1.74-dev libboost-wave1.74-dev
  libboost1.74-tools-dev libmpfrc++-dev libntl-dev libboost-nowide1.74-dev
  libstdc++-10-doc libtool-doc gfortran | fortran95-compiler gcj-jdk m4-doc
  apparmor less www-browser libmail-box-perl
Recommended packages:
  curl | wget | lynx ca-certificates libarchive-cpio-perl libldap-common
  libgpm2 publicsuffix libsasl2-modules libltdl-dev libmail-sendmail-perl
  psmisc
The following NEW packages will be installed:
  autoconf automake autopoint autotools-dev bsdextrautils cmake cmake-data
  debhelper dh-autoreconf dh-elpa-helper dh-strip-nondeterminism dwz
  emacsen-common file gettext gettext-base groff-base intltool-debian
  libarchive-zip-perl libarchive13 libboost-dev libboost1.74-dev libbrotli1
  libcurl4 libdebhelper-perl libexpat1 libfile-stripnondeterminism-perl
  libgcc-10-dev libjsoncpp24 libldap-2.4-2 libmagic-mgc libmagic1 libncurses6
  libncursesw6 libnghttp2-14 libpipeline1 libprocps8 libpsl5 librhash0
  librtmp1 libsasl2-2 libsasl2-modules-db libsigsegv2 libssh2-1
  libstdc++-10-dev libsub-override-perl libtool libuchardet0 libuv1 m4 man-db
  po-debconf procps sbuild-build-depends-main-dummy sensible-utils zlib1g-dev
0 upgraded, 56 newly installed, 0 to remove and 0 not upgraded.
Need to get 35.4 MB of archives.
After this operation, 250 MB of additional disk space will be used.
Get:1 copy:/<<RESOLVERDIR>>/apt_archive ./ sbuild-build-depends-main-dummy 0.invalid.0 [892 B]
Get:2 http://127.0.0.1:12990/debian sid/main amd64 bsdextrautils amd64 2.37.2-4 [143 kB]
Get:3 http://127.0.0.1:12990/debian sid/main amd64 libuchardet0 amd64 0.0.7-1 [67.8 kB]
Get:4 http://127.0.0.1:12990/debian sid/main amd64 groff-base amd64 1.22.4-7 [935 kB]
Get:5 http://127.0.0.1:12990/debian sid/main amd64 libpipeline1 amd64 1.5.3-1 [34.3 kB]
Get:6 http://127.0.0.1:12990/debian sid/main amd64 man-db amd64 2.9.4-2 [1354 kB]
Get:7 http://127.0.0.1:12990/debian sid/main amd64 libncurses6 amd64 6.2+20210905-1 [102 kB]
Get:8 http://127.0.0.1:12990/debian sid/main amd64 libncursesw6 amd64 6.2+20210905-1 [133 kB]
Get:9 http://127.0.0.1:12990/debian sid/main amd64 libprocps8 amd64 2:3.3.17-5 [63.9 kB]
Get:10 http://127.0.0.1:12990/debian sid/main amd64 procps amd64 2:3.3.17-5 [502 kB]
Get:11 http://127.0.0.1:12990/debian sid/main amd64 sensible-utils all 0.0.17 [21.5 kB]
Get:12 http://127.0.0.1:12990/debian sid/main amd64 libmagic-mgc amd64 1:5.39-3 [273 kB]
Get:13 http://127.0.0.1:12990/debian sid/main amd64 libmagic1 amd64 1:5.39-3 [126 kB]
Get:14 http://127.0.0.1:12990/debian sid/main amd64 file amd64 1:5.39-3 [69.1 kB]
Get:15 http://127.0.0.1:12990/debian sid/main amd64 gettext-base amd64 0.21-4 [175 kB]
Get:16 http://127.0.0.1:12990/debian sid/main amd64 libsigsegv2 amd64 2.13-1 [34.8 kB]
Get:17 http://127.0.0.1:12990/debian sid/main amd64 m4 amd64 1.4.18-5 [204 kB]
Get:18 http://127.0.0.1:12990/debian sid/main amd64 autoconf all 2.71-2 [343 kB]
Get:19 http://127.0.0.1:12990/debian sid/main amd64 autotools-dev all 20180224.1+nmu1 [77.1 kB]
Get:20 http://127.0.0.1:12990/debian sid/main amd64 automake all 1:1.16.5-1 [823 kB]
Get:21 http://127.0.0.1:12990/debian sid/main amd64 autopoint all 0.21-4 [510 kB]
Get:22 http://127.0.0.1:12990/debian sid/main amd64 libarchive13 amd64 3.4.3-2+b1 [343 kB]
Get:23 http://127.0.0.1:12990/debian sid/main amd64 libbrotli1 amd64 1.0.9-2+b2 [279 kB]
Get:24 http://127.0.0.1:12990/debian sid/main amd64 libsasl2-modules-db amd64 2.1.27+dfsg-2.1 [69.1 kB]
Get:25 http://127.0.0.1:12990/debian sid/main amd64 libsasl2-2 amd64 2.1.27+dfsg-2.1 [106 kB]
Get:26 http://127.0.0.1:12990/debian sid/main amd64 libldap-2.4-2 amd64 2.4.59+dfsg-1 [232 kB]
Get:27 http://127.0.0.1:12990/debian sid/main amd64 libnghttp2-14 amd64 1.43.0-1 [77.1 kB]
Get:28 http://127.0.0.1:12990/debian sid/main amd64 libpsl5 amd64 0.21.0-1.2 [57.3 kB]
Get:29 http://127.0.0.1:12990/debian sid/main amd64 librtmp1 amd64 2.4+20151223.gitfa8646d.1-2+b2 [60.8 kB]
Get:30 http://127.0.0.1:12990/debian sid/main amd64 libssh2-1 amd64 1.10.0-2 [178 kB]
Get:31 http://127.0.0.1:12990/debian sid/main amd64 libcurl4 amd64 7.74.0-1.3+b1 [341 kB]
Get:32 http://127.0.0.1:12990/debian sid/main amd64 libexpat1 amd64 2.4.1-3 [104 kB]
Get:33 http://127.0.0.1:12990/debian sid/main amd64 libjsoncpp24 amd64 1.9.4-5 [78.8 kB]
Get:34 http://127.0.0.1:12990/debian sid/main amd64 librhash0 amd64 1.4.2-1 [129 kB]
Get:35 http://127.0.0.1:12990/debian sid/main amd64 libuv1 amd64 1.42.0-1 [135 kB]
Get:36 http://127.0.0.1:12990/debian sid/main amd64 dh-elpa-helper all 2.0.9 [11.2 kB]
Get:37 http://127.0.0.1:12990/debian sid/main amd64 emacsen-common all 3.0.4 [19.3 kB]
Get:38 http://127.0.0.1:12990/debian sid/main amd64 cmake-data all 3.21.3-5 [1878 kB]
Get:39 http://127.0.0.1:12990/debian sid/main amd64 cmake amd64 3.21.3-5 [7907 kB]
Get:40 http://127.0.0.1:12990/debian sid/main amd64 libdebhelper-perl all 13.5.2 [192 kB]
Get:41 http://127.0.0.1:12990/debian sid/main amd64 libtool all 2.4.6-15 [513 kB]
Get:42 http://127.0.0.1:12990/debian sid/main amd64 dh-autoreconf all 20 [17.1 kB]
Get:43 http://127.0.0.1:12990/debian sid/main amd64 libarchive-zip-perl all 1.68-1 [104 kB]
Get:44 http://127.0.0.1:12990/debian sid/main amd64 libsub-override-perl all 0.09-2 [10.2 kB]
Get:45 http://127.0.0.1:12990/debian sid/main amd64 libfile-stripnondeterminism-perl all 1.12.0-2 [26.3 kB]
Get:46 http://127.0.0.1:12990/debian sid/main amd64 dh-strip-nondeterminism all 1.12.0-2 [15.5 kB]
Get:47 http://127.0.0.1:12990/debian sid/main amd64 dwz amd64 0.14-1 [98.3 kB]
Get:48 http://127.0.0.1:12990/debian sid/main amd64 gettext amd64 0.21-4 [1311 kB]
Get:49 http://127.0.0.1:12990/debian sid/main amd64 intltool-debian all 0.35.0+20060710.5 [26.8 kB]
Get:50 http://127.0.0.1:12990/debian sid/main amd64 po-debconf all 1.0.21+nmu1 [248 kB]
Get:51 http://127.0.0.1:12990/debian sid/main amd64 debhelper all 13.5.2 [1056 kB]
Get:52 http://127.0.0.1:12990/debian sid/main amd64 libgcc-10-dev amd64 10.3.0-11 [2323 kB]
Get:53 http://127.0.0.1:12990/debian sid/main amd64 libstdc++-10-dev amd64 10.3.0-11 [1750 kB]
Get:54 http://127.0.0.1:12990/debian sid/main amd64 libboost1.74-dev amd64 1.74.0-11 [9533 kB]
Get:55 http://127.0.0.1:12990/debian sid/main amd64 libboost-dev amd64 1.74.0.3 [4548 B]
Get:56 http://127.0.0.1:12990/debian sid/main amd64 zlib1g-dev amd64 1:1.2.11.dfsg-2 [190 kB]
debconf: delaying package configuration, since apt-utils is not installed
Fetched 35.4 MB in 0s (149 MB/s)
Selecting previously unselected package bsdextrautils.
(Reading database ... 14272 files and directories currently installed.)
Preparing to unpack .../00-bsdextrautils_2.37.2-4_amd64.deb ...
Unpacking bsdextrautils (2.37.2-4) ...
Selecting previously unselected package libuchardet0:amd64.
Preparing to unpack .../01-libuchardet0_0.0.7-1_amd64.deb ...
Unpacking libuchardet0:amd64 (0.0.7-1) ...
Selecting previously unselected package groff-base.
Preparing to unpack .../02-groff-base_1.22.4-7_amd64.deb ...
Unpacking groff-base (1.22.4-7) ...
Selecting previously unselected package libpipeline1:amd64.
Preparing to unpack .../03-libpipeline1_1.5.3-1_amd64.deb ...
Unpacking libpipeline1:amd64 (1.5.3-1) ...
Selecting previously unselected package man-db.
Preparing to unpack .../04-man-db_2.9.4-2_amd64.deb ...
Unpacking man-db (2.9.4-2) ...
Selecting previously unselected package libncurses6:amd64.
Preparing to unpack .../05-libncurses6_6.2+20210905-1_amd64.deb ...
Unpacking libncurses6:amd64 (6.2+20210905-1) ...
Selecting previously unselected package libncursesw6:amd64.
Preparing to unpack .../06-libncursesw6_6.2+20210905-1_amd64.deb ...
Unpacking libncursesw6:amd64 (6.2+20210905-1) ...
Selecting previously unselected package libprocps8:amd64.
Preparing to unpack .../07-libprocps8_2%3a3.3.17-5_amd64.deb ...
Unpacking libprocps8:amd64 (2:3.3.17-5) ...
Selecting previously unselected package procps.
Preparing to unpack .../08-procps_2%3a3.3.17-5_amd64.deb ...
Unpacking procps (2:3.3.17-5) ...
Selecting previously unselected package sensible-utils.
Preparing to unpack .../09-sensible-utils_0.0.17_all.deb ...
Unpacking sensible-utils (0.0.17) ...
Selecting previously unselected package libmagic-mgc.
Preparing to unpack .../10-libmagic-mgc_1%3a5.39-3_amd64.deb ...
Unpacking libmagic-mgc (1:5.39-3) ...
Selecting previously unselected package libmagic1:amd64.
Preparing to unpack .../11-libmagic1_1%3a5.39-3_amd64.deb ...
Unpacking libmagic1:amd64 (1:5.39-3) ...
Selecting previously unselected package file.
Preparing to unpack .../12-file_1%3a5.39-3_amd64.deb ...
Unpacking file (1:5.39-3) ...
Selecting previously unselected package gettext-base.
Preparing to unpack .../13-gettext-base_0.21-4_amd64.deb ...
Unpacking gettext-base (0.21-4) ...
Selecting previously unselected package libsigsegv2:amd64.
Preparing to unpack .../14-libsigsegv2_2.13-1_amd64.deb ...
Unpacking libsigsegv2:amd64 (2.13-1) ...
Selecting previously unselected package m4.
Preparing to unpack .../15-m4_1.4.18-5_amd64.deb ...
Unpacking m4 (1.4.18-5) ...
Selecting previously unselected package autoconf.
Preparing to unpack .../16-autoconf_2.71-2_all.deb ...
Unpacking autoconf (2.71-2) ...
Selecting previously unselected package autotools-dev.
Preparing to unpack .../17-autotools-dev_20180224.1+nmu1_all.deb ...
Unpacking autotools-dev (20180224.1+nmu1) ...
Selecting previously unselected package automake.
Preparing to unpack .../18-automake_1%3a1.16.5-1_all.deb ...
Unpacking automake (1:1.16.5-1) ...
Selecting previously unselected package autopoint.
Preparing to unpack .../19-autopoint_0.21-4_all.deb ...
Unpacking autopoint (0.21-4) ...
Selecting previously unselected package libarchive13:amd64.
Preparing to unpack .../20-libarchive13_3.4.3-2+b1_amd64.deb ...
Unpacking libarchive13:amd64 (3.4.3-2+b1) ...
Selecting previously unselected package libbrotli1:amd64.
Preparing to unpack .../21-libbrotli1_1.0.9-2+b2_amd64.deb ...
Unpacking libbrotli1:amd64 (1.0.9-2+b2) ...
Selecting previously unselected package libsasl2-modules-db:amd64.
Preparing to unpack .../22-libsasl2-modules-db_2.1.27+dfsg-2.1_amd64.deb ...
Unpacking libsasl2-modules-db:amd64 (2.1.27+dfsg-2.1) ...
Selecting previously unselected package libsasl2-2:amd64.
Preparing to unpack .../23-libsasl2-2_2.1.27+dfsg-2.1_amd64.deb ...
Unpacking libsasl2-2:amd64 (2.1.27+dfsg-2.1) ...
Selecting previously unselected package libldap-2.4-2:amd64.
Preparing to unpack .../24-libldap-2.4-2_2.4.59+dfsg-1_amd64.deb ...
Unpacking libldap-2.4-2:amd64 (2.4.59+dfsg-1) ...
Selecting previously unselected package libnghttp2-14:amd64.
Preparing to unpack .../25-libnghttp2-14_1.43.0-1_amd64.deb ...
Unpacking libnghttp2-14:amd64 (1.43.0-1) ...
Selecting previously unselected package libpsl5:amd64.
Preparing to unpack .../26-libpsl5_0.21.0-1.2_amd64.deb ...
Unpacking libpsl5:amd64 (0.21.0-1.2) ...
Selecting previously unselected package librtmp1:amd64.
Preparing to unpack .../27-librtmp1_2.4+20151223.gitfa8646d.1-2+b2_amd64.deb ...
Unpacking librtmp1:amd64 (2.4+20151223.gitfa8646d.1-2+b2) ...
Selecting previously unselected package libssh2-1:amd64.
Preparing to unpack .../28-libssh2-1_1.10.0-2_amd64.deb ...
Unpacking libssh2-1:amd64 (1.10.0-2) ...
Selecting previously unselected package libcurl4:amd64.
Preparing to unpack .../29-libcurl4_7.74.0-1.3+b1_amd64.deb ...
Unpacking libcurl4:amd64 (7.74.0-1.3+b1) ...
Selecting previously unselected package libexpat1:amd64.
Preparing to unpack .../30-libexpat1_2.4.1-3_amd64.deb ...
Unpacking libexpat1:amd64 (2.4.1-3) ...
Selecting previously unselected package libjsoncpp24:amd64.
Preparing to unpack .../31-libjsoncpp24_1.9.4-5_amd64.deb ...
Unpacking libjsoncpp24:amd64 (1.9.4-5) ...
Selecting previously unselected package librhash0:amd64.
Preparing to unpack .../32-librhash0_1.4.2-1_amd64.deb ...
Unpacking librhash0:amd64 (1.4.2-1) ...
Selecting previously unselected package libuv1:amd64.
Preparing to unpack .../33-libuv1_1.42.0-1_amd64.deb ...
Unpacking libuv1:amd64 (1.42.0-1) ...
Selecting previously unselected package dh-elpa-helper.
Preparing to unpack .../34-dh-elpa-helper_2.0.9_all.deb ...
Unpacking dh-elpa-helper (2.0.9) ...
Selecting previously unselected package emacsen-common.
Preparing to unpack .../35-emacsen-common_3.0.4_all.deb ...
Unpacking emacsen-common (3.0.4) ...
Selecting previously unselected package cmake-data.
Preparing to unpack .../36-cmake-data_3.21.3-5_all.deb ...
Unpacking cmake-data (3.21.3-5) ...
Selecting previously unselected package cmake.
Preparing to unpack .../37-cmake_3.21.3-5_amd64.deb ...
Unpacking cmake (3.21.3-5) ...
Selecting previously unselected package libdebhelper-perl.
Preparing to unpack .../38-libdebhelper-perl_13.5.2_all.deb ...
Unpacking libdebhelper-perl (13.5.2) ...
Selecting previously unselected package libtool.
Preparing to unpack .../39-libtool_2.4.6-15_all.deb ...
Unpacking libtool (2.4.6-15) ...
Selecting previously unselected package dh-autoreconf.
Preparing to unpack .../40-dh-autoreconf_20_all.deb ...
Unpacking dh-autoreconf (20) ...
Selecting previously unselected package libarchive-zip-perl.
Preparing to unpack .../41-libarchive-zip-perl_1.68-1_all.deb ...
Unpacking libarchive-zip-perl (1.68-1) ...
Selecting previously unselected package libsub-override-perl.
Preparing to unpack .../42-libsub-override-perl_0.09-2_all.deb ...
Unpacking libsub-override-perl (0.09-2) ...
Selecting previously unselected package libfile-stripnondeterminism-perl.
Preparing to unpack .../43-libfile-stripnondeterminism-perl_1.12.0-2_all.deb ...
Unpacking libfile-stripnondeterminism-perl (1.12.0-2) ...
Selecting previously unselected package dh-strip-nondeterminism.
Preparing to unpack .../44-dh-strip-nondeterminism_1.12.0-2_all.deb ...
Unpacking dh-strip-nondeterminism (1.12.0-2) ...
Selecting previously unselected package dwz.
Preparing to unpack .../45-dwz_0.14-1_amd64.deb ...
Unpacking dwz (0.14-1) ...
Selecting previously unselected package gettext.
Preparing to unpack .../46-gettext_0.21-4_amd64.deb ...
Unpacking gettext (0.21-4) ...
Selecting previously unselected package intltool-debian.
Preparing to unpack .../47-intltool-debian_0.35.0+20060710.5_all.deb ...
Unpacking intltool-debian (0.35.0+20060710.5) ...
Selecting previously unselected package po-debconf.
Preparing to unpack .../48-po-debconf_1.0.21+nmu1_all.deb ...
Unpacking po-debconf (1.0.21+nmu1) ...
Selecting previously unselected package debhelper.
Preparing to unpack .../49-debhelper_13.5.2_all.deb ...
Unpacking debhelper (13.5.2) ...
Selecting previously unselected package libgcc-10-dev:amd64.
Preparing to unpack .../50-libgcc-10-dev_10.3.0-11_amd64.deb ...
Unpacking libgcc-10-dev:amd64 (10.3.0-11) ...
Selecting previously unselected package libstdc++-10-dev:amd64.
Preparing to unpack .../51-libstdc++-10-dev_10.3.0-11_amd64.deb ...
Unpacking libstdc++-10-dev:amd64 (10.3.0-11) ...
Selecting previously unselected package libboost1.74-dev:amd64.
Preparing to unpack .../52-libboost1.74-dev_1.74.0-11_amd64.deb ...
Unpacking libboost1.74-dev:amd64 (1.74.0-11) ...
Selecting previously unselected package libboost-dev:amd64.
Preparing to unpack .../53-libboost-dev_1.74.0.3_amd64.deb ...
Unpacking libboost-dev:amd64 (1.74.0.3) ...
Selecting previously unselected package zlib1g-dev:amd64.
Preparing to unpack .../54-zlib1g-dev_1%3a1.2.11.dfsg-2_amd64.deb ...
Unpacking zlib1g-dev:amd64 (1:1.2.11.dfsg-2) ...
Selecting previously unselected package sbuild-build-depends-main-dummy.
Preparing to unpack .../55-sbuild-build-depends-main-dummy_0.invalid.0_amd64.deb ...
Unpacking sbuild-build-depends-main-dummy (0.invalid.0) ...
Setting up libexpat1:amd64 (2.4.1-3) ...
Setting up libpipeline1:amd64 (1.5.3-1) ...
Setting up libpsl5:amd64 (0.21.0-1.2) ...
Setting up bsdextrautils (2.37.2-4) ...
update-alternatives: using /usr/bin/write.ul to provide /usr/bin/write (write) in auto mode
Setting up libmagic-mgc (1:5.39-3) ...
Setting up libarchive13:amd64 (3.4.3-2+b1) ...
Setting up libarchive-zip-perl (1.68-1) ...
Setting up libgcc-10-dev:amd64 (10.3.0-11) ...
Setting up libdebhelper-perl (13.5.2) ...
Setting up libbrotli1:amd64 (1.0.9-2+b2) ...
Setting up libnghttp2-14:amd64 (1.43.0-1) ...
Setting up libmagic1:amd64 (1:5.39-3) ...
Setting up gettext-base (0.21-4) ...
Setting up file (1:5.39-3) ...
Setting up libsasl2-modules-db:amd64 (2.1.27+dfsg-2.1) ...
Setting up autotools-dev (20180224.1+nmu1) ...
Setting up libuv1:amd64 (1.42.0-1) ...
Setting up emacsen-common (3.0.4) ...
Setting up librtmp1:amd64 (2.4+20151223.gitfa8646d.1-2+b2) ...
Setting up dh-elpa-helper (2.0.9) ...
Setting up libncurses6:amd64 (6.2+20210905-1) ...
Setting up libsigsegv2:amd64 (2.13-1) ...
Setting up autopoint (0.21-4) ...
Setting up libncursesw6:amd64 (6.2+20210905-1) ...
Setting up libsasl2-2:amd64 (2.1.27+dfsg-2.1) ...
Setting up libjsoncpp24:amd64 (1.9.4-5) ...
Setting up zlib1g-dev:amd64 (1:1.2.11.dfsg-2) ...
Setting up dwz (0.14-1) ...
Setting up sensible-utils (0.0.17) ...
Setting up librhash0:amd64 (1.4.2-1) ...
Setting up libuchardet0:amd64 (0.0.7-1) ...
Setting up libsub-override-perl (0.09-2) ...
Setting up libssh2-1:amd64 (1.10.0-2) ...
Setting up cmake-data (3.21.3-5) ...
Setting up libprocps8:amd64 (2:3.3.17-5) ...
Setting up libfile-stripnondeterminism-perl (1.12.0-2) ...
Setting up gettext (0.21-4) ...
Setting up libstdc++-10-dev:amd64 (10.3.0-11) ...
Setting up libboost1.74-dev:amd64 (1.74.0-11) ...
Setting up libtool (2.4.6-15) ...
Setting up libldap-2.4-2:amd64 (2.4.59+dfsg-1) ...
Setting up m4 (1.4.18-5) ...
Setting up intltool-debian (0.35.0+20060710.5) ...
Setting up autoconf (2.71-2) ...
Setting up dh-strip-nondeterminism (1.12.0-2) ...
Setting up groff-base (1.22.4-7) ...
Setting up procps (2:3.3.17-5) ...
Setting up libcurl4:amd64 (7.74.0-1.3+b1) ...
Setting up libboost-dev:amd64 (1.74.0.3) ...
Setting up automake (1:1.16.5-1) ...
update-alternatives: using /usr/bin/automake-1.16 to provide /usr/bin/automake (automake) in auto mode
Setting up po-debconf (1.0.21+nmu1) ...
Setting up man-db (2.9.4-2) ...
Not building database; man-db/auto-update is not 'true'.
Setting up dh-autoreconf (20) ...
Setting up cmake (3.21.3-5) ...
Setting up debhelper (13.5.2) ...
Setting up sbuild-build-depends-main-dummy (0.invalid.0) ...
Processing triggers for libc-bin (2.32-4) ...

+------------------------------------------------------------------------------+
| Check architectures                                                          |
+------------------------------------------------------------------------------+

Arch check ok (amd64 included in any)

+------------------------------------------------------------------------------+
| Build environment                                                            |
+------------------------------------------------------------------------------+

Kernel: Linux 4.19.0-6-cloud-amd64 #1 SMP Debian 4.19.67-2+deb10u2 (2019-11-11) amd64 (x86_64)
Toolchain package versions: binutils_2.37-7 dpkg-dev_1.20.9 g++-11_11.2.0-10 gcc-11_11.2.0-10 libc6-dev_2.32-4 libstdc++-10-dev_10.3.0-11 libstdc++-11-dev_11.2.0-10 libstdc++6_11.2.0-10 linux-libc-dev_5.14.12-1
Package versions: adduser_3.118 apt_2.3.11 autoconf_2.71-2 automake_1:1.16.5-1 autopoint_0.21-4 autotools-dev_20180224.1+nmu1 base-files_12 base-passwd_3.5.52 bash_5.1-3+b2 binutils_2.37-7 binutils-common_2.37-7 binutils-x86-64-linux-gnu_2.37-7 bsdextrautils_2.37.2-4 bsdutils_1:2.37.2-4 build-essential_12.9 bzip2_1.0.8-4 clang-12_1:12.0.1-15 cmake_3.21.3-5 cmake-data_3.21.3-5 coreutils_8.32-4+b1 cpp_4:11.2.0-2 cpp-11_11.2.0-10 dash_0.5.11+git20210120+802ebd4-2 debconf_1.5.78 debhelper_13.5.2 debian-archive-keyring_2021.1.1 debianutils_5.5-1 dh-autoreconf_20 dh-elpa-helper_2.0.9 dh-strip-nondeterminism_1.12.0-2 diffutils_1:3.7-5 dpkg_1.20.9 dpkg-dev_1.20.9 dwz_0.14-1 e2fsprogs_1.46.4-1 emacsen-common_3.0.4 fakeroot_1.26-1 file_1:5.39-3 findutils_4.8.0-1 g++_4:11.2.0-2 g++-11_11.2.0-10 gcc_4:11.2.0-2 gcc-10-base_10.3.0-11 gcc-11_11.2.0-10 gcc-11-base_11.2.0-10 gcc-9-base_9.4.0-3 gettext_0.21-4 gettext-base_0.21-4 gpgv_2.2.27-2 grep_3.7-1 groff-base_1.22.4-7 gzip_1.10-4 hostname_3.23 init-system-helpers_1.60 intltool-debian_0.35.0+20060710.5 lib32gcc-s1_11.2.0-10 lib32stdc++6_11.2.0-10 libacl1_2.3.1-1 libapt-pkg6.0_2.3.11 libarchive-zip-perl_1.68-1 libarchive13_3.4.3-2+b1 libasan5_9.4.0-3 libasan6_11.2.0-10 libatomic1_11.2.0-10 libattr1_1:2.5.1-1 libaudit-common_1:3.0.6-1 libaudit1_1:3.0.6-1 libbinutils_2.37-7 libblkid1_2.37.2-4 libboost-dev_1.74.0.3 libboost1.74-dev_1.74.0-11 libbrotli1_1.0.9-2+b2 libbsd0_0.11.3-1 libbz2-1.0_1.0.8-4 libc-bin_2.32-4 libc-dev-bin_2.32-4 libc6_2.32-4 libc6-dev_2.32-4 libc6-i386_2.32-4 libcap-ng0_0.7.9-2.2+b1 libcap2_1:2.44-1 libcc1-0_11.2.0-10 libclang-common-12-dev_1:12.0.1-15 libclang-cpp12_1:12.0.1-15 libclang1-12_1:12.0.1-15 libcom-err2_1.46.4-1 libcrypt-dev_1:4.4.25-2 libcrypt1_1:4.4.25-2 libctf-nobfd0_2.37-7 libctf0_2.37-7 libcurl4_7.74.0-1.3+b1 libdb5.3_5.3.28+dfsg1-0.8 libdebconfclient0_0.260 libdebhelper-perl_13.5.2 libdpkg-perl_1.20.9 libedit2_3.1-20210910-1 libelf1_0.185-2 libexpat1_2.4.1-3 libext2fs2_1.46.4-1 libfakeroot_1.26-1 libffi8_3.4.2-3 libfile-stripnondeterminism-perl_1.12.0-2 libgc1_1:8.0.4-3 libgcc-10-dev_10.3.0-11 libgcc-11-dev_11.2.0-10 libgcc-9-dev_9.4.0-3 libgcc-s1_11.2.0-10 libgcrypt20_1.9.4-3+b1 libgdbm-compat4_1.22-1 libgdbm6_1.22-1 libgmp10_2:6.2.1+dfsg-2 libgnutls30_3.7.2-2 libgomp1_11.2.0-10 libgpg-error0_1.42-3 libgssapi-krb5-2_1.18.3-7 libhogweed6_3.7.3-1 libicu67_67.1-7 libidn2-0_2.3.2-2 libisl23_0.24-2 libitm1_11.2.0-10 libjsoncpp24_1.9.4-5 libk5crypto3_1.18.3-7 libkeyutils1_1.6.1-2 libkrb5-3_1.18.3-7 libkrb5support0_1.18.3-7 libldap-2.4-2_2.4.59+dfsg-1 libllvm12_1:12.0.1-15 liblsan0_11.2.0-10 liblz4-1_1.9.3-2 liblzma5_5.2.5-2 libmagic-mgc_1:5.39-3 libmagic1_1:5.39-3 libmd0_1.0.4-1 libmount1_2.37.2-4 libmpc3_1.2.1-1 libmpfr6_4.1.0-3 libncurses6_6.2+20210905-1 libncursesw6_6.2+20210905-1 libnettle8_3.7.3-1 libnghttp2-14_1.43.0-1 libnsl-dev_1.3.0-2 libnsl2_1.3.0-2 libobjc-11-dev_11.2.0-10 libobjc-9-dev_9.4.0-3 libobjc4_11.2.0-10 libomp-12-dev_1:12.0.1-15 libomp5-12_1:12.0.1-15 libp11-kit0_0.24.0-5 libpam-modules_1.4.0-10 libpam-modules-bin_1.4.0-10 libpam-runtime_1.4.0-10 libpam0g_1.4.0-10 libpcre2-8-0_10.36-2 libpcre3_2:8.39-13 libperl5.32_5.32.1-6 libpipeline1_1.5.3-1 libprocps8_2:3.3.17-5 libpsl5_0.21.0-1.2 libquadmath0_11.2.0-10 librhash0_1.4.2-1 librtmp1_2.4+20151223.gitfa8646d.1-2+b2 libsasl2-2_2.1.27+dfsg-2.1 libsasl2-modules-db_2.1.27+dfsg-2.1 libseccomp2_2.5.2-2 libselinux1_3.1-3 libsemanage-common_3.1-1 libsemanage1_3.1-1+b2 libsepol1_3.1-1 libsigsegv2_2.13-1 libsmartcols1_2.37.2-4 libss2_1.46.4-1 libssh2-1_1.10.0-2 libssl1.1_1.1.1l-1 libstdc++-10-dev_10.3.0-11 libstdc++-11-dev_11.2.0-10 libstdc++6_11.2.0-10 libsub-override-perl_0.09-2 libsystemd0_249.5-1 libtasn1-6_4.17.0-2 libtinfo6_6.2+20210905-1 libtirpc-common_1.3.2-2 libtirpc-dev_1.3.2-2 libtirpc3_1.3.2-2 libtool_2.4.6-15 libtsan0_11.2.0-10 libubsan1_11.2.0-10 libuchardet0_0.0.7-1 libudev1_249.5-1 libunistring2_0.9.10-6 libunwind-12_1:12.0.1-15 libuuid1_2.37.2-4 libuv1_1.42.0-1 libxml2_2.9.12+dfsg-5 libxxhash0_0.8.0-2 libz3-4_4.8.12-1+b1 libzstd1_1.4.8+dfsg-3 linux-libc-dev_5.14.12-1 llvm-12-linker-tools_1:12.0.1-15 login_1:4.8.1-1 logsave_1.46.4-1 lsb-base_11.1.0 m4_1.4.18-5 make_4.3-4.1 man-db_2.9.4-2 mawk_1.3.4.20200120-2 mount_2.37.2-4 ncurses-base_6.2+20210905-1 ncurses-bin_6.2+20210905-1 passwd_1:4.8.1-1 patch_2.7.6-7 perl_5.32.1-6 perl-base_5.32.1-6 perl-modules-5.32_5.32.1-6 po-debconf_1.0.21+nmu1 procps_2:3.3.17-5 qt5-qmake_5.15.2+dfsg-12 qt5-qmake-bin_5.15.2+dfsg-12 qtchooser_66-2 rpcsvc-proto_1.4.2-4 sbuild-build-depends-main-dummy_0.invalid.0 sed_4.8-1 sensible-utils_0.0.17 sysvinit-utils_3.00-1 tar_1.34+dfsg-1 tzdata_2021e-1 util-linux_2.37.2-4 xz-utils_5.2.5-2 zlib1g_1:1.2.11.dfsg-2 zlib1g-dev_1:1.2.11.dfsg-2

+------------------------------------------------------------------------------+
| Build                                                                        |
+------------------------------------------------------------------------------+


Unpack source
-------------

-----BEGIN PGP SIGNED MESSAGE-----
Hash: SHA256

Format: 3.0 (quilt)
Source: clucene-core
Binary: libclucene-dev, libclucene-core1v5, libclucene-contribs1v5
Architecture: any
Version: 2.3.3.4+dfsg-1
Maintainer: Fathi Boudra <fabo@debian.org>
Uploaders: Daniel Glassey <wdg@debian.org>
Homepage: http://clucene.sourceforge.net
Standards-Version: 3.9.8
Build-Depends: cmake (>= 2.8.5), debhelper (>= 9), libboost-dev, libz-dev
Package-List:
 libclucene-contribs1v5 deb libs optional arch=any
 libclucene-core1v5 deb libs optional arch=any
 libclucene-dev deb libdevel optional arch=any
Checksums-Sha1:
 28c86f39461835d7fa96de64989b9572eb863a7d 826688 clucene-core_2.3.3.4+dfsg.orig.tar.xz
 82607f05e8c81ee6aad544c3985e2763352caea1 8736 clucene-core_2.3.3.4+dfsg-1.debian.tar.xz
Checksums-Sha256:
 c70b8202c0afca27f9fa2f1a5d09a41bc4cc57a8f68c854379891ea2e24f1490 826688 clucene-core_2.3.3.4+dfsg.orig.tar.xz
 a7d25d096e70105464a911e908fee7e5eb25adf3682ae75b1b514d6a5846b076 8736 clucene-core_2.3.3.4+dfsg-1.debian.tar.xz
Files:
 af48f4858b4690a3632c86c86ed9c8f2 826688 clucene-core_2.3.3.4+dfsg.orig.tar.xz
 26c2ba8d89feffeff234dae4f70e97e2 8736 clucene-core_2.3.3.4+dfsg-1.debian.tar.xz

-----BEGIN PGP SIGNATURE-----

iQIzBAEBCAAdFiEErgXg8j6f/HimcCpY/zQ5qUgYqYwFAlhbiXAACgkQ/zQ5qUgY
qYzvNw/+OqZpbCHVgGdK7uvJOGgicDKsn6hGgSJyvh92YD2vjjUYtFKz1weg1Mrc
vMSYrvB57FR16lwCD6oisu5Hvmg2hRypfo116icjoc4yoaza4mtb/vhqerWwFmIO
7ce4CY7ahwL8V8yH4wDGP9imi3TgEr20XtKSDeXJzE+4L3IUKRcU+9tXJo5stcfM
H5eXJPHjfKmmzkqpYXXpFTyQb78r9F1zAhT7khgn7+NpGG+IFiY+gA8IxZNUp4Pm
KpwSaBGD7AMKzTj4UqLx/4CpInr3LB6vue5nHx/3kktcez5xGsB5aVEbQ8Lysbf9
6rRAMVsZy5sYFhrffWj5KKoKzq9oPsVmi3hvpbDTK0NIkQJ2DW/Q2tEG7Ljq+Y5e
tTDrX9CNq3ZbJjazn0BYmjlo+pGmmXjI4hi5pkIHZWN6ihv9iT4to9o0e/5NTEAW
roRd20y9xjY94v504sYwV3FsofM8l3FRQofNA9QSusbAanSTgbxUJB0kRd6Vr2D+
OCjl80gPSfexCE4f3lMADpvUML9Lcj9WecEPVnEgYMA0hszjsuUzkLoItwNkZAQu
rvI6hAp2cXdxp8TXPhux3naPjzAleEZCeLegK6zksOqZcJjIY/ujx8mWX54OCKGO
lE61Q8wRNw3juKLfxQz90zNhI09H+3AR1HBRz1F4LsvOK+h9QCU=
=lwu5
-----END PGP SIGNATURE-----

gpgv: unknown type of key resource 'trustedkeys.kbx'
gpgv: keyblock resource '/tmp/dpkg-verify-sig.z881av9q/trustedkeys.kbx': General error
gpgv: Signature made Thu Dec 22 08:06:08 2016 UTC
gpgv:                using RSA key AE05E0F23E9FFC78A6702A58FF3439A94818A98C
gpgv: Can't check signature: No public key
dpkg-source: warning: failed to verify signature on ./clucene-core_2.3.3.4+dfsg-1.dsc
dpkg-source: info: extracting clucene-core in /<<PKGBUILDDIR>>
dpkg-source: info: unpacking clucene-core_2.3.3.4+dfsg.orig.tar.xz
dpkg-source: info: unpacking clucene-core_2.3.3.4+dfsg-1.debian.tar.xz
dpkg-source: info: using patch list from debian/patches/series
dpkg-source: info: applying Fixing_ZLIB_configuration_in_shared_CMakeLists.patch
dpkg-source: info: applying Fix-pkgconfig-file-by-adding-clucene-shared-library.patch
dpkg-source: info: applying Install-contribs-lib.patch
dpkg-source: info: applying multiarch.patch
dpkg-source: info: applying bug715474-no-boost-headers.patch
dpkg-source: info: applying bug718187-ftbfs-hurd.patch
dpkg-source: info: applying gcc-version.diff

Check disk space
----------------

Sufficient free space for build

User Environment
----------------

APT_CONFIG=/var/lib/sbuild/apt.conf
HOME=/sbuild-nonexistent
LANG=C.UTF-8
LC_ALL=C.UTF-8
LOGNAME=user42
PATH=/usr/local/sbin:/usr/local/bin:/usr/sbin:/usr/bin:/sbin:/bin:/usr/games
SCHROOT_ALIAS_NAME=unstable
SCHROOT_CHROOT_NAME=sid-amd64-sbuild
SCHROOT_COMMAND=env
SCHROOT_GID=1001
SCHROOT_GROUP=user42
SCHROOT_SESSION_ID=sid-amd64-sbuild-d0efd557-dd1a-4f0d-a951-65ab3ddd320d
SCHROOT_UID=1001
SCHROOT_USER=user42
SHELL=/bin/sh
USER=user42

dpkg-buildpackage
-----------------

Command: dpkg-buildpackage -us -uc -b -rfakeroot
dpkg-buildpackage: info: source package clucene-core
dpkg-buildpackage: info: source version 2.3.3.4+dfsg-1
dpkg-buildpackage: info: source distribution unstable
dpkg-buildpackage: info: source changed by Fathi Boudra <fabo@debian.org>
 dpkg-source --before-build .
dpkg-buildpackage: info: host architecture amd64
 fakeroot debian/rules clean
dh clean --list-missing --parallel
dh: warning: Compatibility levels before 10 are deprecated (level 9 in use)
   dh_auto_clean -O--list-missing -O--parallel
dh_auto_clean: warning: Compatibility levels before 10 are deprecated (level 9 in use)
   dh_clean -O--list-missing -O--parallel
dh_clean: warning: Compatibility levels before 10 are deprecated (level 9 in use)
 debian/rules build
dh build --list-missing --parallel
dh: warning: Compatibility levels before 10 are deprecated (level 9 in use)
   dh_update_autotools_config -O--list-missing -O--parallel
   debian/rules override_dh_auto_configure
make[1]: Entering directory '/<<PKGBUILDDIR>>'
dh_auto_configure -- \
-DBUILD_CONTRIBS_LIB=ON \
-DLIB_DESTINATION:PATH=/usr/lib/x86_64-linux-gnu \
-DLUCENE_SYS_INCLUDES:PATH=/usr/lib/x86_64-linux-gnu
dh_auto_configure: warning: Compatibility levels before 10 are deprecated (level 9 in use)
	cd obj-x86_64-linux-gnu && cmake -DCMAKE_INSTALL_PREFIX=/usr -DCMAKE_BUILD_TYPE=None -DCMAKE_INSTALL_SYSCONFDIR=/etc -DCMAKE_INSTALL_LOCALSTATEDIR=/var -DCMAKE_EXPORT_NO_PACKAGE_REGISTRY=ON -DCMAKE_FIND_USE_PACKAGE_REGISTRY=OFF -DCMAKE_FIND_PACKAGE_NO_PACKAGE_REGISTRY=ON "-GUnix Makefiles" -DCMAKE_VERBOSE_MAKEFILE=ON -DCMAKE_INSTALL_LIBDIR=lib/x86_64-linux-gnu -DBUILD_CONTRIBS_LIB=ON -DLIB_DESTINATION:PATH=/usr/lib/x86_64-linux-gnu -DLUCENE_SYS_INCLUDES:PATH=/usr/lib/x86_64-linux-gnu ..
-- The C compiler identification is Clang 12.0.1
-- The CXX compiler identification is Clang 12.0.1
-- Detecting C compiler ABI info
-- Detecting C compiler ABI info - done
-- Check for working C compiler: /usr/bin/cc - skipped
-- Detecting C compile features
-- Detecting C compile features - done
-- Detecting CXX compiler ABI info
-- Detecting CXX compiler ABI info - done
-- Check for working CXX compiler: /usr/bin/c++ - skipped
-- Detecting CXX compile features
-- Detecting CXX compile features - done
CMake Deprecation Warning at CMakeLists.txt:20 (CMAKE_MINIMUM_REQUIRED):
  Compatibility with CMake < 2.8.12 will be removed from a future version of
  CMake.

  Update the VERSION argument <min> value or use a ...<max> suffix to tell
  CMake that the project does not need compatibility with older versions.


-- Looking for pthread.h
-- Looking for pthread.h - found
-- Performing Test CMAKE_HAVE_LIBC_PTHREAD
-- Performing Test CMAKE_HAVE_LIBC_PTHREAD - Failed
-- Looking for pthread_create in pthreads
-- Looking for pthread_create in pthreads - not found
-- Looking for pthread_create in pthread
-- Looking for pthread_create in pthread - found
-- Found Threads: TRUE  
Compiling as None
CMake Warning (dev) at CMakeLists.txt:74 (OPTION):
  Policy CMP0077 is not set: option() honors normal variables.  Run "cmake
  --help-policy CMP0077" for policy details.  Use the cmake_policy command to
  set the policy and suppress this warning.

  For compatibility with older versions of CMake, option is clearing the
  normal variable 'ENABLE_ANSI_MODE'.
This warning is for project developers.  Use -Wno-dev to suppress it.

-- Found Boost: /usr/lib/x86_64-linux-gnu/cmake/Boost-1.74.0/BoostConfig.cmake (found version "1.74.0")  
Boost found
-- Boost_INCLUDE_DIR    : /usr/include
-- Found ZLIB: /usr/lib/x86_64-linux-gnu/libz.so (found version "1.2.11") 
-- Looking for include files sys/time.h, time.h
-- Looking for include files sys/time.h, time.h - found
-- Looking for C++ include stdlib.h
-- Looking for C++ include stdlib.h - found
-- Looking for C++ include stdarg.h
-- Looking for C++ include stdarg.h - found
-- Looking for C++ include stdio.h
-- Looking for C++ include stdio.h - found
-- Looking for C++ include stddef.h
-- Looking for C++ include stddef.h - found
-- Looking for C++ include ctype.h
-- Looking for C++ include ctype.h - found
-- Looking for C++ include algorithm
-- Looking for C++ include algorithm - found
-- Looking for C++ include functional
-- Looking for C++ include functional - found
-- Looking for C++ include map
-- Looking for C++ include map - found
-- Looking for C++ include vector
-- Looking for C++ include vector - found
-- Looking for C++ include list
-- Looking for C++ include list - found
-- Looking for C++ include set
-- Looking for C++ include set - found
-- Looking for C++ include math.h
-- Looking for C++ include math.h - found
-- Looking for C++ include fcntl.h
-- Looking for C++ include fcntl.h - found
-- Looking for C++ include limits.h
-- Looking for C++ include limits.h - found
-- Looking for C++ include string.h
-- Looking for C++ include string.h - found
-- Looking for C++ include sys/time.h
-- Looking for C++ include sys/time.h - found
-- Looking for C++ include memory.h
-- Looking for C++ include memory.h - found
-- Looking for C++ include sys/types.h
-- Looking for C++ include sys/types.h - found
-- Looking for C++ include stdint.h
-- Looking for C++ include stdint.h - found
-- Looking for C++ include unistd.h
-- Looking for C++ include unistd.h - found
-- Looking for C++ include io.h
-- Looking for C++ include io.h - not found
-- Looking for C++ include direct.h
-- Looking for C++ include direct.h - not found
-- Looking for C++ include sys/dir.h
-- Looking for C++ include sys/dir.h - found
-- Looking for C++ include sys/ndir.h
-- Looking for C++ include sys/ndir.h - not found
-- Looking for C++ include dirent.h
-- Looking for C++ include dirent.h - found
-- Looking for C++ include wctype.h
-- Looking for C++ include wctype.h - found
-- Looking for C++ include stat.h
-- Looking for C++ include stat.h - not found
-- Looking for C++ include sys/stat.h
-- Looking for C++ include sys/stat.h - found
-- Looking for C++ include stdexcept
-- Looking for C++ include stdexcept - found
-- Looking for C++ include errno.h
-- Looking for C++ include errno.h - found
-- Looking for C++ include windef.h
-- Looking for C++ include windef.h - not found
-- Looking for C++ include windows.h
-- Looking for C++ include windows.h - not found
-- Looking for C++ include wchar.h
-- Looking for C++ include wchar.h - found
-- Looking for C++ include hash_map
-- Looking for C++ include hash_map - found
-- Looking for C++ include hash_set
-- Looking for C++ include hash_set - found
-- Looking for C++ include ext/hash_map
-- Looking for C++ include ext/hash_map - found
-- Looking for C++ include tr1/unordered_set
-- Looking for C++ include tr1/unordered_set - found
-- Looking for C++ include tr1/unordered_map
-- Looking for C++ include tr1/unordered_map - found
-- Looking for C++ include sys/timeb.h
-- Looking for C++ include sys/timeb.h - found
-- Looking for C++ include tchar.h
-- Looking for C++ include tchar.h - not found
-- Looking for C++ include strings.h
-- Looking for C++ include strings.h - found
-- Looking for C++ include sys/mman.h
-- Looking for C++ include sys/mman.h - found
-- Looking for C++ include winerror.h
-- Looking for C++ include winerror.h - not found
-- Choosing type for int8_t
-- Check size of int8_t
-- Check size of int8_t - done
-- Choosing type for int8_t - signed int8_t
-- Choosing type for uint8_t
-- Check size of uint8_t
-- Check size of uint8_t - done
-- Choosing type for uint8_t - unsigned uint8_t
-- Choosing type for int16_t
-- Check size of int16_t
-- Check size of int16_t - done
-- Choosing type for int16_t - signed int16_t
-- Choosing type for uint16_t
-- Check size of uint16_t
-- Check size of uint16_t - done
-- Choosing type for uint16_t - unsigned uint16_t
-- Choosing type for int32_t
-- Check size of int32_t
-- Check size of int32_t - done
-- Choosing type for int32_t - signed int32_t
-- Choosing type for uint32_t
-- Check size of uint32_t
-- Check size of uint32_t - done
-- Choosing type for uint32_t - unsigned uint32_t
-- Choosing type for int64_t
-- Check size of int64_t
-- Check size of int64_t - done
-- Choosing type for int64_t - signed int64_t
-- Choosing type for uint64_t
-- Check size of uint64_t
-- Check size of uint64_t - done
-- Choosing type for uint64_t - unsigned uint64_t
-- Choosing type for size_t
-- Check size of size_t
-- Check size of size_t - done
-- Choosing type for size_t - unsigned size_t
-- Choosing option for HAVE_TYPE__TIMEB
-- Performing Test _CL_HAVE_OPTION__TIMEB
-- Performing Test _CL_HAVE_OPTION__TIMEB - Failed
-- Performing Test _CL_HAVE_OPTION_TIMEB
-- Performing Test _CL_HAVE_OPTION_TIMEB - Success
-- Choosing option for HAVE_TYPE__TIMEB - timeb
-- Performing Test HAVE_SYMBOL_FLOAT_T
-- Performing Test HAVE_SYMBOL_FLOAT_T - Success
-- Check size of DWORD
-- Check size of DWORD - failed
-- Looking for printf
-- Looking for printf - found
-- Looking for strftime
-- Looking for strftime - found
-- Looking for wcscpy
-- Looking for wcscpy - found
-- Looking for wcsncpy
-- Looking for wcsncpy - found
-- Looking for wcscat
-- Looking for wcscat - found
-- Looking for wcschr
-- Looking for wcschr - found
-- Looking for wcsstr
-- Looking for wcsstr - found
-- Looking for wcslen
-- Looking for wcslen - found
-- Looking for wcscmp
-- Looking for wcscmp - found
-- Looking for wcsncmp
-- Looking for wcsncmp - found
-- Looking for wcscspn
-- Looking for wcscspn - found
-- Looking for wcsupr
-- Looking for wcsupr - not found
-- Looking for wcscasecmp
-- Looking for wcscasecmp - found
-- Looking for wcsicmp
-- Looking for wcsicmp - not found
-- Looking for wcstoll
-- Looking for wcstoll - found
-- Looking for wprintf
-- Looking for wprintf - found
-- Looking for lltow
-- Looking for lltow - not found
-- Looking for wcstod
-- Looking for wcstod - found
-- Looking for wcsdup
-- Looking for wcsdup - found
-- Looking for strupr
-- Looking for strupr - not found
-- Looking for strlwr
-- Looking for strlwr - not found
-- Looking for lltoa
-- Looking for lltoa - not found
-- Looking for strtoll
-- Looking for strtoll - found
-- Looking for gettimeofday
-- Looking for gettimeofday - found
-- Looking for _vsnwprintf
-- Looking for _vsnwprintf - not found
-- Looking for mmap
-- Looking for mmap - found
-- Looking for MapViewOfFile
-- Looking for MapViewOfFile(0,0,0,0,0) - not found
-- Choosing function for fileHandleStat
-- Looking for fstati64
-- Looking for fstati64 - not found
-- Looking for _fstati64
-- Looking for _fstati64 - not found
-- Looking for fstat64
-- Looking for fstat64 - found
-- Choosing function for fileHandleStat - fstat64
-- Choosing function for fileStat
-- Looking for stati64
-- Looking for stati64 - not found
-- Looking for _stati64
-- Looking for _stati64 - not found
-- Looking for stat64
-- Looking for stat64 - found
-- Choosing function for fileStat - stat64
-- Choosing function for fileSize
-- Looking for filelengthi64
-- Looking for filelengthi64 - not found
-- Looking for _filelengthi64
-- Looking for _filelengthi64 - not found
-- Looking for filelength
-- Looking for filelength - not found
-- Looking for _filelength
-- Looking for _filelength - not found
-- Choosing function for fileSize - using default
-- Choosing function for fileSeek
-- Looking for lseeki64
-- Looking for lseeki64 - not found
-- Looking for _lseeki64
-- Looking for _lseeki64 - not found
-- Looking for lseek64
-- Looking for lseek64 - found
-- Choosing function for fileSeek - lseek64
-- Choosing option for HAVE_TYPE_CL_STAT_T
-- Performing Test _CL_HAVE_OPTION_STATI64
-- Performing Test _CL_HAVE_OPTION_STATI64 - Failed
-- Performing Test _CL_HAVE_OPTION__STATI64
-- Performing Test _CL_HAVE_OPTION__STATI64 - Failed
-- Performing Test _CL_HAVE_OPTION_STAT64
-- Performing Test _CL_HAVE_OPTION_STAT64 - Success
-- Choosing option for HAVE_TYPE_CL_STAT_T - stat64
-- Choosing function for fileTell
-- Looking for telli64
-- Looking for telli64 - not found
-- Looking for _telli64
-- Looking for _telli64 - not found
-- Looking for tell64
-- Looking for tell64 - not found
-- Looking for tell
-- Looking for tell - not found
-- Looking for _tell
-- Looking for _tell - not found
-- Choosing function for fileTell - using default
-- Choosing function for _realpath
-- Looking for realpath
-- Looking for realpath - found
-- Choosing function for _realpath - realpath
-- Choosing function for _rename
-- Looking for rename
-- Looking for rename - found
-- Choosing function for _rename - rename
-- Choosing function for _close
-- Looking for _close
-- Looking for _close((int)0) - not found
-- Looking for close
-- Looking for close - found
-- Choosing function for _close - close
-- Choosing function for _read
-- Looking for _read
-- Looking for _read((int)0, (void*)0, (unsigned int)0) - not found
-- Looking for read
-- Looking for read - found
-- Choosing function for _read - read
-- Choosing function for _cl_open
-- Looking for _open
-- Looking for _open(0,0,0) - not found
-- Looking for open
-- Looking for open - found
-- Choosing function for _cl_open - open
-- Choosing function for _write
-- Looking for _write
-- Looking for _write((int)0, (const void*)0, (unsigned int)0) - not found
-- Looking for write
-- Looking for write - found
-- Choosing function for _write - write
-- Choosing function for _unlink
-- Looking for _unlink
-- Looking for _unlink((const char*)0) - not found
-- Looking for unlink
-- Looking for unlink - found
-- Choosing function for _unlink - unlink
-- Choosing function for _ftime
-- Looking for _ftime
-- Looking for _ftime(0) - not found
-- Looking for ftime
-- Looking for ftime - found
-- Choosing function for _ftime - ftime
-- Choosing function for _mkdir
-- Looking for _mkdir
-- Looking for _mkdir((const char*)0) - not found
-- Choosing function for _mkdir - using default
-- Choosing function for SLEEPFUNCTION
-- Looking for usleep
-- Looking for usleep - found
-- Choosing function for SLEEPFUNCTION - usleep
-- Choosing function for _snprintf
-- Looking for snprintf
-- Looking for snprintf - found
-- Choosing function for _snprintf - snprintf
-- Choosing function for _snwprintf
-- Looking for snwprintf
-- Looking for snwprintf - not found
-- Looking for _snwprintf
-- Looking for _snwprintf - not found
-- Choosing function for _snwprintf - not found
-- Choosing symbol for _O_RANDOM
-- Looking for _O_RANDOM
-- Looking for _O_RANDOM - not found
-- Looking for O_RANDOM
-- Looking for O_RANDOM - not found
-- Choosing symbol for _O_RANDOM - not found
-- Choosing symbol for _O_BINARY
-- Looking for _O_BINARY
-- Looking for _O_BINARY - not found
-- Looking for O_BINARY
-- Looking for O_BINARY - not found
-- Choosing symbol for _O_BINARY - not found
-- Choosing symbol for _S_IREAD
-- Looking for _S_IREAD
-- Looking for _S_IREAD - not found
-- Looking for S_IREAD
-- Looking for S_IREAD - found
-- Choosing symbol for _S_IREAD - S_IREAD
-- Choosing symbol for _S_IWRITE
-- Looking for _S_IWRITE
-- Looking for _S_IWRITE - not found
-- Looking for S_IWRITE
-- Looking for S_IWRITE - found
-- Choosing symbol for _S_IWRITE - S_IWRITE
-- Choosing type for TCHAR
-- Check size of TCHAR
-- Check size of TCHAR - failed
-- Check size of wchar_t
-- Check size of wchar_t - done
-- Choosing type for TCHAR -  wchar_t
-- Choosing symbol for _T
-- Looking for _T
-- Looking for _T - not found
-- Choosing symbol for _T - not found
-- Performing Test _CL_HAVE_PTHREAD_MUTEX_RECURSIVE
-- Performing Test _CL_HAVE_PTHREAD_MUTEX_RECURSIVE - Success
-- Performing Test _CL_HAVE_GCC_ATOMIC_FUNCTIONS
-- Performing Test _CL_HAVE_GCC_ATOMIC_FUNCTIONS - Success
-- Performing Test _CL_HAVE_TRY_BLOCKS
-- Performing Test _CL_HAVE_TRY_BLOCKS - Success
-- Checking support new float byte<->float conversions
-- Checking support new float byte<->float conversions - yes
-- Choosing namespace for hashmaps
-- Performing Test _CL_HAVE_STD__TR1_HASHMAP
-- Performing Test _CL_HAVE_STD__TR1_HASHMAP - Success
-- Choosing namespace for hashmaps - std::tr1::func
-- Performing Test _CL_HAVE_NAMESPACES
-- Performing Test _CL_HAVE_NAMESPACES - Success
-- Performing Test _CL_HAVE_NO_SNPRINTF_BUG
-- Performing Test _CL_HAVE_NO_SNPRINTF_BUG - Success
-- Performing Test _CL_ILONGLONG_LL
-- Performing Test _CL_ILONGLONG_LL - Success
-- Performing Test LUCENE_STATIC_CONSTANT_SYNTAX
-- Performing Test LUCENE_STATIC_CONSTANT_SYNTAX - Success
-- Check for ANSI scope
-- Check for ANSI scope - found
-- Checking to see if CXX compiler accepts flag -fprofile-arcs -ftest-coverage
-- Checking to see if CXX compiler accepts flag -fprofile-arcs -ftest-coverage - yes
-- Performing Test ICONV_SECOND_ARGUMENT_IS_CONST
-- Performing Test ICONV_SECOND_ARGUMENT_IS_CONST - Failed
-- Found Iconv: /usr/lib/x86_64-linux-gnu/libc.so
-- Configuring done
-- Generating done
CMake Warning:
  Manually-specified variables were not used by the project:

    CMAKE_EXPORT_NO_PACKAGE_REGISTRY
    CMAKE_FIND_PACKAGE_NO_PACKAGE_REGISTRY
    CMAKE_INSTALL_LIBDIR
    CMAKE_INSTALL_LOCALSTATEDIR
    CMAKE_INSTALL_SYSCONFDIR


-- Build files have been written to: /<<PKGBUILDDIR>>/obj-x86_64-linux-gnu
make[1]: Leaving directory '/<<PKGBUILDDIR>>'
   dh_auto_build -O--list-missing -O--parallel
dh_auto_build: warning: Compatibility levels before 10 are deprecated (level 9 in use)
	cd obj-x86_64-linux-gnu && make -j4 VERBOSE=1
make[1]: Entering directory '/<<PKGBUILDDIR>>/obj-x86_64-linux-gnu'
/usr/bin/cmake -S/<<PKGBUILDDIR>> -B/<<PKGBUILDDIR>>/obj-x86_64-linux-gnu --check-build-system CMakeFiles/Makefile.cmake 0
/usr/bin/cmake -E cmake_progress_start /<<PKGBUILDDIR>>/obj-x86_64-linux-gnu/CMakeFiles /<<PKGBUILDDIR>>/obj-x86_64-linux-gnu//CMakeFiles/progress.marks
make  -f CMakeFiles/Makefile2 all
make[2]: Entering directory '/<<PKGBUILDDIR>>/obj-x86_64-linux-gnu'
make  -f src/shared/CMakeFiles/clucene-shared.dir/build.make src/shared/CMakeFiles/clucene-shared.dir/depend
make[3]: Entering directory '/<<PKGBUILDDIR>>/obj-x86_64-linux-gnu'
cd /<<PKGBUILDDIR>>/obj-x86_64-linux-gnu && /usr/bin/cmake -E cmake_depends "Unix Makefiles" /<<PKGBUILDDIR>> /<<PKGBUILDDIR>>/src/shared /<<PKGBUILDDIR>>/obj-x86_64-linux-gnu /<<PKGBUILDDIR>>/obj-x86_64-linux-gnu/src/shared /<<PKGBUILDDIR>>/obj-x86_64-linux-gnu/src/shared/CMakeFiles/clucene-shared.dir/DependInfo.cmake --color=
make[3]: Leaving directory '/<<PKGBUILDDIR>>/obj-x86_64-linux-gnu'
make  -f src/shared/CMakeFiles/clucene-shared.dir/build.make src/shared/CMakeFiles/clucene-shared.dir/build
make[3]: Entering directory '/<<PKGBUILDDIR>>/obj-x86_64-linux-gnu'
[  0%] Building CXX object src/shared/CMakeFiles/clucene-shared.dir/CLucene/SharedHeader.o
cd /<<PKGBUILDDIR>>/obj-x86_64-linux-gnu/src/shared && /usr/bin/c++ -DMAKE_CLUCENE_SHARED_LIB -Dclucene_shared_EXPORTS -I/<<PKGBUILDDIR>>/src/shared -I/<<PKGBUILDDIR>>/obj-x86_64-linux-gnu/src/shared -I/<<PKGBUILDDIR>>/src/core -g -O2 -ffile-prefix-map=/<<PKGBUILDDIR>>=. -fstack-protector-strong -Wformat -Werror=format-security -Wdate-time -D_FORTIFY_SOURCE=2 -fPIC    -D_REENTRANT -D_UCS2 -D_UNICODE -MD -MT src/shared/CMakeFiles/clucene-shared.dir/CLucene/SharedHeader.o -MF CMakeFiles/clucene-shared.dir/CLucene/SharedHeader.o.d -o CMakeFiles/clucene-shared.dir/CLucene/SharedHeader.o -c /<<PKGBUILDDIR>>/src/shared/CLucene/SharedHeader.cpp
[  1%] Building CXX object src/shared/CMakeFiles/clucene-shared.dir/CLucene/config/repl_tcslwr.o
[  1%] Building CXX object src/shared/CMakeFiles/clucene-shared.dir/CLucene/config/gunichartables.o
cd /<<PKGBUILDDIR>>/obj-x86_64-linux-gnu/src/shared && /usr/bin/c++ -DMAKE_CLUCENE_SHARED_LIB -Dclucene_shared_EXPORTS -I/<<PKGBUILDDIR>>/src/shared -I/<<PKGBUILDDIR>>/obj-x86_64-linux-gnu/src/shared -I/<<PKGBUILDDIR>>/src/core -g -O2 -ffile-prefix-map=/<<PKGBUILDDIR>>=. -fstack-protector-strong -Wformat -Werror=format-security -Wdate-time -D_FORTIFY_SOURCE=2 -fPIC    -D_REENTRANT -D_UCS2 -D_UNICODE -MD -MT src/shared/CMakeFiles/clucene-shared.dir/CLucene/config/repl_tcslwr.o -MF CMakeFiles/clucene-shared.dir/CLucene/config/repl_tcslwr.o.d -o CMakeFiles/clucene-shared.dir/CLucene/config/repl_tcslwr.o -c /<<PKGBUILDDIR>>/src/shared/CLucene/config/repl_tcslwr.cpp
cd /<<PKGBUILDDIR>>/obj-x86_64-linux-gnu/src/shared && /usr/bin/c++ -DMAKE_CLUCENE_SHARED_LIB -Dclucene_shared_EXPORTS -I/<<PKGBUILDDIR>>/src/shared -I/<<PKGBUILDDIR>>/obj-x86_64-linux-gnu/src/shared -I/<<PKGBUILDDIR>>/src/core -g -O2 -ffile-prefix-map=/<<PKGBUILDDIR>>=. -fstack-protector-strong -Wformat -Werror=format-security -Wdate-time -D_FORTIFY_SOURCE=2 -fPIC    -D_REENTRANT -D_UCS2 -D_UNICODE -MD -MT src/shared/CMakeFiles/clucene-shared.dir/CLucene/config/gunichartables.o -MF CMakeFiles/clucene-shared.dir/CLucene/config/gunichartables.o.d -o CMakeFiles/clucene-shared.dir/CLucene/config/gunichartables.o -c /<<PKGBUILDDIR>>/src/shared/CLucene/config/gunichartables.cpp
[  1%] Building CXX object src/shared/CMakeFiles/clucene-shared.dir/CLucene/config/repl_tcstoll.o
cd /<<PKGBUILDDIR>>/obj-x86_64-linux-gnu/src/shared && /usr/bin/c++ -DMAKE_CLUCENE_SHARED_LIB -Dclucene_shared_EXPORTS -I/<<PKGBUILDDIR>>/src/shared -I/<<PKGBUILDDIR>>/obj-x86_64-linux-gnu/src/shared -I/<<PKGBUILDDIR>>/src/core -g -O2 -ffile-prefix-map=/<<PKGBUILDDIR>>=. -fstack-protector-strong -Wformat -Werror=format-security -Wdate-time -D_FORTIFY_SOURCE=2 -fPIC    -D_REENTRANT -D_UCS2 -D_UNICODE -MD -MT src/shared/CMakeFiles/clucene-shared.dir/CLucene/config/repl_tcstoll.o -MF CMakeFiles/clucene-shared.dir/CLucene/config/repl_tcstoll.o.d -o CMakeFiles/clucene-shared.dir/CLucene/config/repl_tcstoll.o -c /<<PKGBUILDDIR>>/src/shared/CLucene/config/repl_tcstoll.cpp
[  1%] Building CXX object src/shared/CMakeFiles/clucene-shared.dir/CLucene/config/repl_tcscasecmp.o
cd /<<PKGBUILDDIR>>/obj-x86_64-linux-gnu/src/shared && /usr/bin/c++ -DMAKE_CLUCENE_SHARED_LIB -Dclucene_shared_EXPORTS -I/<<PKGBUILDDIR>>/src/shared -I/<<PKGBUILDDIR>>/obj-x86_64-linux-gnu/src/shared -I/<<PKGBUILDDIR>>/src/core -g -O2 -ffile-prefix-map=/<<PKGBUILDDIR>>=. -fstack-protector-strong -Wformat -Werror=format-security -Wdate-time -D_FORTIFY_SOURCE=2 -fPIC    -D_REENTRANT -D_UCS2 -D_UNICODE -MD -MT src/shared/CMakeFiles/clucene-shared.dir/CLucene/config/repl_tcscasecmp.o -MF CMakeFiles/clucene-shared.dir/CLucene/config/repl_tcscasecmp.o.d -o CMakeFiles/clucene-shared.dir/CLucene/config/repl_tcscasecmp.o -c /<<PKGBUILDDIR>>/src/shared/CLucene/config/repl_tcscasecmp.cpp
[  2%] Building CXX object src/shared/CMakeFiles/clucene-shared.dir/CLucene/config/repl_tprintf.o
cd /<<PKGBUILDDIR>>/obj-x86_64-linux-gnu/src/shared && /usr/bin/c++ -DMAKE_CLUCENE_SHARED_LIB -Dclucene_shared_EXPORTS -I/<<PKGBUILDDIR>>/src/shared -I/<<PKGBUILDDIR>>/obj-x86_64-linux-gnu/src/shared -I/<<PKGBUILDDIR>>/src/core -g -O2 -ffile-prefix-map=/<<PKGBUILDDIR>>=. -fstack-protector-strong -Wformat -Werror=format-security -Wdate-time -D_FORTIFY_SOURCE=2 -fPIC    -D_REENTRANT -D_UCS2 -D_UNICODE -MD -MT src/shared/CMakeFiles/clucene-shared.dir/CLucene/config/repl_tprintf.o -MF CMakeFiles/clucene-shared.dir/CLucene/config/repl_tprintf.o.d -o CMakeFiles/clucene-shared.dir/CLucene/config/repl_tprintf.o -c /<<PKGBUILDDIR>>/src/shared/CLucene/config/repl_tprintf.cpp
[  2%] Building CXX object src/shared/CMakeFiles/clucene-shared.dir/CLucene/config/repl_lltot.o
cd /<<PKGBUILDDIR>>/obj-x86_64-linux-gnu/src/shared && /usr/bin/c++ -DMAKE_CLUCENE_SHARED_LIB -Dclucene_shared_EXPORTS -I/<<PKGBUILDDIR>>/src/shared -I/<<PKGBUILDDIR>>/obj-x86_64-linux-gnu/src/shared -I/<<PKGBUILDDIR>>/src/core -g -O2 -ffile-prefix-map=/<<PKGBUILDDIR>>=. -fstack-protector-strong -Wformat -Werror=format-security -Wdate-time -D_FORTIFY_SOURCE=2 -fPIC    -D_REENTRANT -D_UCS2 -D_UNICODE -MD -MT src/shared/CMakeFiles/clucene-shared.dir/CLucene/config/repl_lltot.o -MF CMakeFiles/clucene-shared.dir/CLucene/config/repl_lltot.o.d -o CMakeFiles/clucene-shared.dir/CLucene/config/repl_lltot.o -c /<<PKGBUILDDIR>>/src/shared/CLucene/config/repl_lltot.cpp
/<<PKGBUILDDIR>>/src/shared/CLucene/config/gunichartables.cpp:132:3: warning: "===== Note: using internal character function for compatibility =====" [-W#warnings]
 #warning "===== Note: using internal character function for compatibility ====="
  ^
[  2%] Building CXX object src/shared/CMakeFiles/clucene-shared.dir/CLucene/config/repl_tcstod.o
cd /<<PKGBUILDDIR>>/obj-x86_64-linux-gnu/src/shared && /usr/bin/c++ -DMAKE_CLUCENE_SHARED_LIB -Dclucene_shared_EXPORTS -I/<<PKGBUILDDIR>>/src/shared -I/<<PKGBUILDDIR>>/obj-x86_64-linux-gnu/src/shared -I/<<PKGBUILDDIR>>/src/core -g -O2 -ffile-prefix-map=/<<PKGBUILDDIR>>=. -fstack-protector-strong -Wformat -Werror=format-security -Wdate-time -D_FORTIFY_SOURCE=2 -fPIC    -D_REENTRANT -D_UCS2 -D_UNICODE -MD -MT src/shared/CMakeFiles/clucene-shared.dir/CLucene/config/repl_tcstod.o -MF CMakeFiles/clucene-shared.dir/CLucene/config/repl_tcstod.o.d -o CMakeFiles/clucene-shared.dir/CLucene/config/repl_tcstod.o -c /<<PKGBUILDDIR>>/src/shared/CLucene/config/repl_tcstod.cpp
1 warning generated.
[  4%] Building CXX object src/shared/CMakeFiles/clucene-shared.dir/CLucene/config/utf8.o
cd /<<PKGBUILDDIR>>/obj-x86_64-linux-gnu/src/shared && /usr/bin/c++ -DMAKE_CLUCENE_SHARED_LIB -Dclucene_shared_EXPORTS -I/<<PKGBUILDDIR>>/src/shared -I/<<PKGBUILDDIR>>/obj-x86_64-linux-gnu/src/shared -I/<<PKGBUILDDIR>>/src/core -g -O2 -ffile-prefix-map=/<<PKGBUILDDIR>>=. -fstack-protector-strong -Wformat -Werror=format-security -Wdate-time -D_FORTIFY_SOURCE=2 -fPIC    -D_REENTRANT -D_UCS2 -D_UNICODE -MD -MT src/shared/CMakeFiles/clucene-shared.dir/CLucene/config/utf8.o -MF CMakeFiles/clucene-shared.dir/CLucene/config/utf8.o.d -o CMakeFiles/clucene-shared.dir/CLucene/config/utf8.o -c /<<PKGBUILDDIR>>/src/shared/CLucene/config/utf8.cpp
[  4%] Building CXX object src/shared/CMakeFiles/clucene-shared.dir/CLucene/config/threads.o
cd /<<PKGBUILDDIR>>/obj-x86_64-linux-gnu/src/shared && /usr/bin/c++ -DMAKE_CLUCENE_SHARED_LIB -Dclucene_shared_EXPORTS -I/<<PKGBUILDDIR>>/src/shared -I/<<PKGBUILDDIR>>/obj-x86_64-linux-gnu/src/shared -I/<<PKGBUILDDIR>>/src/core -g -O2 -ffile-prefix-map=/<<PKGBUILDDIR>>=. -fstack-protector-strong -Wformat -Werror=format-security -Wdate-time -D_FORTIFY_SOURCE=2 -fPIC    -D_REENTRANT -D_UCS2 -D_UNICODE -MD -MT src/shared/CMakeFiles/clucene-shared.dir/CLucene/config/threads.o -MF CMakeFiles/clucene-shared.dir/CLucene/config/threads.o.d -o CMakeFiles/clucene-shared.dir/CLucene/config/threads.o -c /<<PKGBUILDDIR>>/src/shared/CLucene/config/threads.cpp
[  4%] Building CXX object src/shared/CMakeFiles/clucene-shared.dir/CLucene/debug/condition.o
cd /<<PKGBUILDDIR>>/obj-x86_64-linux-gnu/src/shared && /usr/bin/c++ -DMAKE_CLUCENE_SHARED_LIB -Dclucene_shared_EXPORTS -I/<<PKGBUILDDIR>>/src/shared -I/<<PKGBUILDDIR>>/obj-x86_64-linux-gnu/src/shared -I/<<PKGBUILDDIR>>/src/core -g -O2 -ffile-prefix-map=/<<PKGBUILDDIR>>=. -fstack-protector-strong -Wformat -Werror=format-security -Wdate-time -D_FORTIFY_SOURCE=2 -fPIC    -D_REENTRANT -D_UCS2 -D_UNICODE -MD -MT src/shared/CMakeFiles/clucene-shared.dir/CLucene/debug/condition.o -MF CMakeFiles/clucene-shared.dir/CLucene/debug/condition.o.d -o CMakeFiles/clucene-shared.dir/CLucene/debug/condition.o -c /<<PKGBUILDDIR>>/src/shared/CLucene/debug/condition.cpp
[  5%] Building CXX object src/shared/CMakeFiles/clucene-shared.dir/CLucene/util/StringBuffer.o
cd /<<PKGBUILDDIR>>/obj-x86_64-linux-gnu/src/shared && /usr/bin/c++ -DMAKE_CLUCENE_SHARED_LIB -Dclucene_shared_EXPORTS -I/<<PKGBUILDDIR>>/src/shared -I/<<PKGBUILDDIR>>/obj-x86_64-linux-gnu/src/shared -I/<<PKGBUILDDIR>>/src/core -g -O2 -ffile-prefix-map=/<<PKGBUILDDIR>>=. -fstack-protector-strong -Wformat -Werror=format-security -Wdate-time -D_FORTIFY_SOURCE=2 -fPIC    -D_REENTRANT -D_UCS2 -D_UNICODE -MD -MT src/shared/CMakeFiles/clucene-shared.dir/CLucene/util/StringBuffer.o -MF CMakeFiles/clucene-shared.dir/CLucene/util/StringBuffer.o.d -o CMakeFiles/clucene-shared.dir/CLucene/util/StringBuffer.o -c /<<PKGBUILDDIR>>/src/shared/CLucene/util/StringBuffer.cpp
[  5%] Building CXX object src/shared/CMakeFiles/clucene-shared.dir/CLucene/util/Misc.o
cd /<<PKGBUILDDIR>>/obj-x86_64-linux-gnu/src/shared && /usr/bin/c++ -DMAKE_CLUCENE_SHARED_LIB -Dclucene_shared_EXPORTS -I/<<PKGBUILDDIR>>/src/shared -I/<<PKGBUILDDIR>>/obj-x86_64-linux-gnu/src/shared -I/<<PKGBUILDDIR>>/src/core -g -O2 -ffile-prefix-map=/<<PKGBUILDDIR>>=. -fstack-protector-strong -Wformat -Werror=format-security -Wdate-time -D_FORTIFY_SOURCE=2 -fPIC    -D_REENTRANT -D_UCS2 -D_UNICODE -MD -MT src/shared/CMakeFiles/clucene-shared.dir/CLucene/util/Misc.o -MF CMakeFiles/clucene-shared.dir/CLucene/util/Misc.o.d -o CMakeFiles/clucene-shared.dir/CLucene/util/Misc.o -c /<<PKGBUILDDIR>>/src/shared/CLucene/util/Misc.cpp
[  5%] Building CXX object src/shared/CMakeFiles/clucene-shared.dir/CLucene/util/dirent.o
cd /<<PKGBUILDDIR>>/obj-x86_64-linux-gnu/src/shared && /usr/bin/c++ -DMAKE_CLUCENE_SHARED_LIB -Dclucene_shared_EXPORTS -I/<<PKGBUILDDIR>>/src/shared -I/<<PKGBUILDDIR>>/obj-x86_64-linux-gnu/src/shared -I/<<PKGBUILDDIR>>/src/core -g -O2 -ffile-prefix-map=/<<PKGBUILDDIR>>=. -fstack-protector-strong -Wformat -Werror=format-security -Wdate-time -D_FORTIFY_SOURCE=2 -fPIC    -D_REENTRANT -D_UCS2 -D_UNICODE -MD -MT src/shared/CMakeFiles/clucene-shared.dir/CLucene/util/dirent.o -MF CMakeFiles/clucene-shared.dir/CLucene/util/dirent.o.d -o CMakeFiles/clucene-shared.dir/CLucene/util/dirent.o -c /<<PKGBUILDDIR>>/src/shared/CLucene/util/dirent.cpp
[  7%] Linking CXX shared library ../../bin/libclucene-shared.so
cd /<<PKGBUILDDIR>>/obj-x86_64-linux-gnu/src/shared && /usr/bin/cmake -E cmake_link_script CMakeFiles/clucene-shared.dir/link.txt --verbose=1
/usr/bin/c++ -fPIC -g -O2 -ffile-prefix-map=/<<PKGBUILDDIR>>=. -fstack-protector-strong -Wformat -Werror=format-security -Wdate-time -D_FORTIFY_SOURCE=2 -Wl,-z,relro -shared -Wl,-soname,libclucene-shared.so.1 -o ../../bin/libclucene-shared.so.2.3.3.4 CMakeFiles/clucene-shared.dir/CLucene/SharedHeader.o CMakeFiles/clucene-shared.dir/CLucene/config/gunichartables.o CMakeFiles/clucene-shared.dir/CLucene/config/repl_tcslwr.o CMakeFiles/clucene-shared.dir/CLucene/config/repl_tcstoll.o CMakeFiles/clucene-shared.dir/CLucene/config/repl_tcscasecmp.o CMakeFiles/clucene-shared.dir/CLucene/config/repl_tprintf.o CMakeFiles/clucene-shared.dir/CLucene/config/repl_lltot.o CMakeFiles/clucene-shared.dir/CLucene/config/repl_tcstod.o CMakeFiles/clucene-shared.dir/CLucene/config/utf8.o CMakeFiles/clucene-shared.dir/CLucene/config/threads.o CMakeFiles/clucene-shared.dir/CLucene/debug/condition.o CMakeFiles/clucene-shared.dir/CLucene/util/StringBuffer.o CMakeFiles/clucene-shared.dir/CLucene/util/Misc.o CMakeFiles/clucene-shared.dir/CLucene/util/dirent.o  -lpthread -lz 
cd /<<PKGBUILDDIR>>/obj-x86_64-linux-gnu/src/shared && /usr/bin/cmake -E cmake_symlink_library ../../bin/libclucene-shared.so.2.3.3.4 ../../bin/libclucene-shared.so.1 ../../bin/libclucene-shared.so
make[3]: Leaving directory '/<<PKGBUILDDIR>>/obj-x86_64-linux-gnu'
[  7%] Built target clucene-shared
make  -f src/core/CMakeFiles/clucene-core.dir/build.make src/core/CMakeFiles/clucene-core.dir/depend
make[3]: Entering directory '/<<PKGBUILDDIR>>/obj-x86_64-linux-gnu'
cd /<<PKGBUILDDIR>>/obj-x86_64-linux-gnu && /usr/bin/cmake -E cmake_depends "Unix Makefiles" /<<PKGBUILDDIR>> /<<PKGBUILDDIR>>/src/core /<<PKGBUILDDIR>>/obj-x86_64-linux-gnu /<<PKGBUILDDIR>>/obj-x86_64-linux-gnu/src/core /<<PKGBUILDDIR>>/obj-x86_64-linux-gnu/src/core/CMakeFiles/clucene-core.dir/DependInfo.cmake --color=
make[3]: Leaving directory '/<<PKGBUILDDIR>>/obj-x86_64-linux-gnu'
make  -f src/core/CMakeFiles/clucene-core.dir/build.make src/core/CMakeFiles/clucene-core.dir/build
make[3]: Entering directory '/<<PKGBUILDDIR>>/obj-x86_64-linux-gnu'
[  8%] Building CXX object src/core/CMakeFiles/clucene-core.dir/CLucene/debug/error.o
[  8%] Building CXX object src/core/CMakeFiles/clucene-core.dir/CLucene/StdHeader.o
[  8%] Building CXX object src/core/CMakeFiles/clucene-core.dir/CLucene/util/ThreadLocal.o
cd /<<PKGBUILDDIR>>/obj-x86_64-linux-gnu/src/core && /usr/bin/c++ -DMAKE_CLUCENE_CORE_LIB -Dclucene_core_EXPORTS -I/<<PKGBUILDDIR>>/src/shared -I/<<PKGBUILDDIR>>/obj-x86_64-linux-gnu/src/shared -I/<<PKGBUILDDIR>>/src/core -g -O2 -ffile-prefix-map=/<<PKGBUILDDIR>>=. -fstack-protector-strong -Wformat -Werror=format-security -Wdate-time -D_FORTIFY_SOURCE=2 -fPIC    -D_REENTRANT -D_UCS2 -D_UNICODE -MD -MT src/core/CMakeFiles/clucene-core.dir/CLucene/debug/error.o -MF CMakeFiles/clucene-core.dir/CLucene/debug/error.o.d -o CMakeFiles/clucene-core.dir/CLucene/debug/error.o -c /<<PKGBUILDDIR>>/src/core/CLucene/debug/error.cpp
cd /<<PKGBUILDDIR>>/obj-x86_64-linux-gnu/src/core && /usr/bin/c++ -DMAKE_CLUCENE_CORE_LIB -Dclucene_core_EXPORTS -I/<<PKGBUILDDIR>>/src/shared -I/<<PKGBUILDDIR>>/obj-x86_64-linux-gnu/src/shared -I/<<PKGBUILDDIR>>/src/core -g -O2 -ffile-prefix-map=/<<PKGBUILDDIR>>=. -fstack-protector-strong -Wformat -Werror=format-security -Wdate-time -D_FORTIFY_SOURCE=2 -fPIC    -D_REENTRANT -D_UCS2 -D_UNICODE -MD -MT src/core/CMakeFiles/clucene-core.dir/CLucene/StdHeader.o -MF CMakeFiles/clucene-core.dir/CLucene/StdHeader.o.d -o CMakeFiles/clucene-core.dir/CLucene/StdHeader.o -c /<<PKGBUILDDIR>>/src/core/CLucene/StdHeader.cpp
cd /<<PKGBUILDDIR>>/obj-x86_64-linux-gnu/src/core && /usr/bin/c++ -DMAKE_CLUCENE_CORE_LIB -Dclucene_core_EXPORTS -I/<<PKGBUILDDIR>>/src/shared -I/<<PKGBUILDDIR>>/obj-x86_64-linux-gnu/src/shared -I/<<PKGBUILDDIR>>/src/core -g -O2 -ffile-prefix-map=/<<PKGBUILDDIR>>=. -fstack-protector-strong -Wformat -Werror=format-security -Wdate-time -D_FORTIFY_SOURCE=2 -fPIC    -D_REENTRANT -D_UCS2 -D_UNICODE -MD -MT src/core/CMakeFiles/clucene-core.dir/CLucene/util/ThreadLocal.o -MF CMakeFiles/clucene-core.dir/CLucene/util/ThreadLocal.o.d -o CMakeFiles/clucene-core.dir/CLucene/util/ThreadLocal.o -c /<<PKGBUILDDIR>>/src/core/CLucene/util/ThreadLocal.cpp
[  8%] Building CXX object src/core/CMakeFiles/clucene-core.dir/CLucene/util/Reader.o
cd /<<PKGBUILDDIR>>/obj-x86_64-linux-gnu/src/core && /usr/bin/c++ -DMAKE_CLUCENE_CORE_LIB -Dclucene_core_EXPORTS -I/<<PKGBUILDDIR>>/src/shared -I/<<PKGBUILDDIR>>/obj-x86_64-linux-gnu/src/shared -I/<<PKGBUILDDIR>>/src/core -g -O2 -ffile-prefix-map=/<<PKGBUILDDIR>>=. -fstack-protector-strong -Wformat -Werror=format-security -Wdate-time -D_FORTIFY_SOURCE=2 -fPIC    -D_REENTRANT -D_UCS2 -D_UNICODE -MD -MT src/core/CMakeFiles/clucene-core.dir/CLucene/util/Reader.o -MF CMakeFiles/clucene-core.dir/CLucene/util/Reader.o.d -o CMakeFiles/clucene-core.dir/CLucene/util/Reader.o -c /<<PKGBUILDDIR>>/src/core/CLucene/util/Reader.cpp
[ 10%] Building CXX object src/core/CMakeFiles/clucene-core.dir/CLucene/util/Equators.o
cd /<<PKGBUILDDIR>>/obj-x86_64-linux-gnu/src/core && /usr/bin/c++ -DMAKE_CLUCENE_CORE_LIB -Dclucene_core_EXPORTS -I/<<PKGBUILDDIR>>/src/shared -I/<<PKGBUILDDIR>>/obj-x86_64-linux-gnu/src/shared -I/<<PKGBUILDDIR>>/src/core -g -O2 -ffile-prefix-map=/<<PKGBUILDDIR>>=. -fstack-protector-strong -Wformat -Werror=format-security -Wdate-time -D_FORTIFY_SOURCE=2 -fPIC    -D_REENTRANT -D_UCS2 -D_UNICODE -MD -MT src/core/CMakeFiles/clucene-core.dir/CLucene/util/Equators.o -MF CMakeFiles/clucene-core.dir/CLucene/util/Equators.o.d -o CMakeFiles/clucene-core.dir/CLucene/util/Equators.o -c /<<PKGBUILDDIR>>/src/core/CLucene/util/Equators.cpp
/<<PKGBUILDDIR>>/src/core/CLucene/util/Reader.cpp:208:6: warning: '~JStreamsBuffer' has a non-throwing exception specification but can still throw [-Wexceptions]
                                        _CLTHROWA(CL_ERR_IO, "File IO Close error");
                                        ^
/<<PKGBUILDDIR>>/src/core/CLucene/debug/error.h:94:33: note: expanded from macro '_CLTHROWA'
 #define _CLTHROWA(number, str) throw CLuceneError(number, str,false)
                                ^
/<<PKGBUILDDIR>>/src/core/CLucene/util/Reader.cpp:205:3: note: destructor has a implicit non-throwing exception specification
                ~JStreamsBuffer(){
                ^
[ 10%] Building CXX object src/core/CMakeFiles/clucene-core.dir/CLucene/util/FastCharStream.o
cd /<<PKGBUILDDIR>>/obj-x86_64-linux-gnu/src/core && /usr/bin/c++ -DMAKE_CLUCENE_CORE_LIB -Dclucene_core_EXPORTS -I/<<PKGBUILDDIR>>/src/shared -I/<<PKGBUILDDIR>>/obj-x86_64-linux-gnu/src/shared -I/<<PKGBUILDDIR>>/src/core -g -O2 -ffile-prefix-map=/<<PKGBUILDDIR>>=. -fstack-protector-strong -Wformat -Werror=format-security -Wdate-time -D_FORTIFY_SOURCE=2 -fPIC    -D_REENTRANT -D_UCS2 -D_UNICODE -MD -MT src/core/CMakeFiles/clucene-core.dir/CLucene/util/FastCharStream.o -MF CMakeFiles/clucene-core.dir/CLucene/util/FastCharStream.o.d -o CMakeFiles/clucene-core.dir/CLucene/util/FastCharStream.o -c /<<PKGBUILDDIR>>/src/core/CLucene/util/FastCharStream.cpp
[ 10%] Building CXX object src/core/CMakeFiles/clucene-core.dir/CLucene/util/MD5Digester.o
cd /<<PKGBUILDDIR>>/obj-x86_64-linux-gnu/src/core && /usr/bin/c++ -DMAKE_CLUCENE_CORE_LIB -Dclucene_core_EXPORTS -I/<<PKGBUILDDIR>>/src/shared -I/<<PKGBUILDDIR>>/obj-x86_64-linux-gnu/src/shared -I/<<PKGBUILDDIR>>/src/core -g -O2 -ffile-prefix-map=/<<PKGBUILDDIR>>=. -fstack-protector-strong -Wformat -Werror=format-security -Wdate-time -D_FORTIFY_SOURCE=2 -fPIC    -D_REENTRANT -D_UCS2 -D_UNICODE -MD -MT src/core/CMakeFiles/clucene-core.dir/CLucene/util/MD5Digester.o -MF CMakeFiles/clucene-core.dir/CLucene/util/MD5Digester.o.d -o CMakeFiles/clucene-core.dir/CLucene/util/MD5Digester.o -c /<<PKGBUILDDIR>>/src/core/CLucene/util/MD5Digester.cpp
1 warning generated.
[ 11%] Building CXX object src/core/CMakeFiles/clucene-core.dir/CLucene/util/StringIntern.o
cd /<<PKGBUILDDIR>>/obj-x86_64-linux-gnu/src/core && /usr/bin/c++ -DMAKE_CLUCENE_CORE_LIB -Dclucene_core_EXPORTS -I/<<PKGBUILDDIR>>/src/shared -I/<<PKGBUILDDIR>>/obj-x86_64-linux-gnu/src/shared -I/<<PKGBUILDDIR>>/src/core -g -O2 -ffile-prefix-map=/<<PKGBUILDDIR>>=. -fstack-protector-strong -Wformat -Werror=format-security -Wdate-time -D_FORTIFY_SOURCE=2 -fPIC    -D_REENTRANT -D_UCS2 -D_UNICODE -MD -MT src/core/CMakeFiles/clucene-core.dir/CLucene/util/StringIntern.o -MF CMakeFiles/clucene-core.dir/CLucene/util/StringIntern.o.d -o CMakeFiles/clucene-core.dir/CLucene/util/StringIntern.o -c /<<PKGBUILDDIR>>/src/core/CLucene/util/StringIntern.cpp
[ 11%] Building CXX object src/core/CMakeFiles/clucene-core.dir/CLucene/util/BitSet.o
cd /<<PKGBUILDDIR>>/obj-x86_64-linux-gnu/src/core && /usr/bin/c++ -DMAKE_CLUCENE_CORE_LIB -Dclucene_core_EXPORTS -I/<<PKGBUILDDIR>>/src/shared -I/<<PKGBUILDDIR>>/obj-x86_64-linux-gnu/src/shared -I/<<PKGBUILDDIR>>/src/core -g -O2 -ffile-prefix-map=/<<PKGBUILDDIR>>=. -fstack-protector-strong -Wformat -Werror=format-security -Wdate-time -D_FORTIFY_SOURCE=2 -fPIC    -D_REENTRANT -D_UCS2 -D_UNICODE -MD -MT src/core/CMakeFiles/clucene-core.dir/CLucene/util/BitSet.o -MF CMakeFiles/clucene-core.dir/CLucene/util/BitSet.o.d -o CMakeFiles/clucene-core.dir/CLucene/util/BitSet.o -c /<<PKGBUILDDIR>>/src/core/CLucene/util/BitSet.cpp
[ 13%] Building CXX object src/core/CMakeFiles/clucene-core.dir/CLucene/queryParser/FastCharStream.o
cd /<<PKGBUILDDIR>>/obj-x86_64-linux-gnu/src/core && /usr/bin/c++ -DMAKE_CLUCENE_CORE_LIB -Dclucene_core_EXPORTS -I/<<PKGBUILDDIR>>/src/shared -I/<<PKGBUILDDIR>>/obj-x86_64-linux-gnu/src/shared -I/<<PKGBUILDDIR>>/src/core -g -O2 -ffile-prefix-map=/<<PKGBUILDDIR>>=. -fstack-protector-strong -Wformat -Werror=format-security -Wdate-time -D_FORTIFY_SOURCE=2 -fPIC    -D_REENTRANT -D_UCS2 -D_UNICODE -MD -MT src/core/CMakeFiles/clucene-core.dir/CLucene/queryParser/FastCharStream.o -MF CMakeFiles/clucene-core.dir/CLucene/queryParser/FastCharStream.o.d -o CMakeFiles/clucene-core.dir/CLucene/queryParser/FastCharStream.o -c /<<PKGBUILDDIR>>/src/core/CLucene/queryParser/FastCharStream.cpp
/<<PKGBUILDDIR>>/src/core/CLucene/util/MD5Digester.cpp:85:29: warning: size argument in 'strncat' call appears to be size of the source [-Wstrncat-size]
                strncat(chBuffer, chEach, sizeof(chEach));
                                          ^~~~~~~~~~~~~~
/<<PKGBUILDDIR>>/src/core/CLucene/util/MD5Digester.cpp:85:29: note: change the argument to be the free space in the destination buffer minus the terminating null byte
                strncat(chBuffer, chEach, sizeof(chEach));
                                          ^~~~~~~~~~~~~~
                                          sizeof(chBuffer) - strlen(chBuffer) - 1
1 warning generated.
[ 13%] Building CXX object src/core/CMakeFiles/clucene-core.dir/CLucene/queryParser/MultiFieldQueryParser.o
cd /<<PKGBUILDDIR>>/obj-x86_64-linux-gnu/src/core && /usr/bin/c++ -DMAKE_CLUCENE_CORE_LIB -Dclucene_core_EXPORTS -I/<<PKGBUILDDIR>>/src/shared -I/<<PKGBUILDDIR>>/obj-x86_64-linux-gnu/src/shared -I/<<PKGBUILDDIR>>/src/core -g -O2 -ffile-prefix-map=/<<PKGBUILDDIR>>=. -fstack-protector-strong -Wformat -Werror=format-security -Wdate-time -D_FORTIFY_SOURCE=2 -fPIC    -D_REENTRANT -D_UCS2 -D_UNICODE -MD -MT src/core/CMakeFiles/clucene-core.dir/CLucene/queryParser/MultiFieldQueryParser.o -MF CMakeFiles/clucene-core.dir/CLucene/queryParser/MultiFieldQueryParser.o.d -o CMakeFiles/clucene-core.dir/CLucene/queryParser/MultiFieldQueryParser.o -c /<<PKGBUILDDIR>>/src/core/CLucene/queryParser/MultiFieldQueryParser.cpp
[ 13%] Building CXX object src/core/CMakeFiles/clucene-core.dir/CLucene/queryParser/QueryParser.o
cd /<<PKGBUILDDIR>>/obj-x86_64-linux-gnu/src/core && /usr/bin/c++ -DMAKE_CLUCENE_CORE_LIB -Dclucene_core_EXPORTS -I/<<PKGBUILDDIR>>/src/shared -I/<<PKGBUILDDIR>>/obj-x86_64-linux-gnu/src/shared -I/<<PKGBUILDDIR>>/src/core -g -O2 -ffile-prefix-map=/<<PKGBUILDDIR>>=. -fstack-protector-strong -Wformat -Werror=format-security -Wdate-time -D_FORTIFY_SOURCE=2 -fPIC    -D_REENTRANT -D_UCS2 -D_UNICODE -MD -MT src/core/CMakeFiles/clucene-core.dir/CLucene/queryParser/QueryParser.o -MF CMakeFiles/clucene-core.dir/CLucene/queryParser/QueryParser.o.d -o CMakeFiles/clucene-core.dir/CLucene/queryParser/QueryParser.o -c /<<PKGBUILDDIR>>/src/core/CLucene/queryParser/QueryParser.cpp
[ 14%] Building CXX object src/core/CMakeFiles/clucene-core.dir/CLucene/queryParser/QueryParserTokenManager.o
cd /<<PKGBUILDDIR>>/obj-x86_64-linux-gnu/src/core && /usr/bin/c++ -DMAKE_CLUCENE_CORE_LIB -Dclucene_core_EXPORTS -I/<<PKGBUILDDIR>>/src/shared -I/<<PKGBUILDDIR>>/obj-x86_64-linux-gnu/src/shared -I/<<PKGBUILDDIR>>/src/core -g -O2 -ffile-prefix-map=/<<PKGBUILDDIR>>=. -fstack-protector-strong -Wformat -Werror=format-security -Wdate-time -D_FORTIFY_SOURCE=2 -fPIC    -D_REENTRANT -D_UCS2 -D_UNICODE -MD -MT src/core/CMakeFiles/clucene-core.dir/CLucene/queryParser/QueryParserTokenManager.o -MF CMakeFiles/clucene-core.dir/CLucene/queryParser/QueryParserTokenManager.o.d -o CMakeFiles/clucene-core.dir/CLucene/queryParser/QueryParserTokenManager.o -c /<<PKGBUILDDIR>>/src/core/CLucene/queryParser/QueryParserTokenManager.cpp
[ 14%] Building CXX object src/core/CMakeFiles/clucene-core.dir/CLucene/queryParser/QueryToken.o
cd /<<PKGBUILDDIR>>/obj-x86_64-linux-gnu/src/core && /usr/bin/c++ -DMAKE_CLUCENE_CORE_LIB -Dclucene_core_EXPORTS -I/<<PKGBUILDDIR>>/src/shared -I/<<PKGBUILDDIR>>/obj-x86_64-linux-gnu/src/shared -I/<<PKGBUILDDIR>>/src/core -g -O2 -ffile-prefix-map=/<<PKGBUILDDIR>>=. -fstack-protector-strong -Wformat -Werror=format-security -Wdate-time -D_FORTIFY_SOURCE=2 -fPIC    -D_REENTRANT -D_UCS2 -D_UNICODE -MD -MT src/core/CMakeFiles/clucene-core.dir/CLucene/queryParser/QueryToken.o -MF CMakeFiles/clucene-core.dir/CLucene/queryParser/QueryToken.o.d -o CMakeFiles/clucene-core.dir/CLucene/queryParser/QueryToken.o -c /<<PKGBUILDDIR>>/src/core/CLucene/queryParser/QueryToken.cpp
/<<PKGBUILDDIR>>/src/core/CLucene/queryParser/QueryParser.cpp:82:176: error: constant expression evaluates to 2147483648 which cannot be narrowed to type 'int32_t' (aka 'int') [-Wc++11-narrowing]
const int32_t QueryParser::jj_la1_0[] = {0x180,0x180,0xe00,0xe00,0x1f69f80,0x48000,0x10000,0x1f69000,0x1348000,0x80000,0x80000,0x10000,0x18000000,0x2000000,0x18000000,0x10000,0x80000000,0x20000000,0x80000000,0x10000,0x80000,0x10000,0x1f68000};
                                                                                                                                                                               ^~~~~~~~~~
/<<PKGBUILDDIR>>/src/core/CLucene/queryParser/QueryParser.cpp:82:176: note: insert an explicit cast to silence this issue
const int32_t QueryParser::jj_la1_0[] = {0x180,0x180,0xe00,0xe00,0x1f69f80,0x48000,0x10000,0x1f69000,0x1348000,0x80000,0x80000,0x10000,0x18000000,0x2000000,0x18000000,0x10000,0x80000000,0x20000000,0x80000000,0x10000,0x80000,0x10000,0x1f68000};
                                                                                                                                                                               ^~~~~~~~~~
                                                                                                                                                                               static_cast<int32_t>( )
/<<PKGBUILDDIR>>/src/core/CLucene/queryParser/QueryParser.cpp:82:198: error: constant expression evaluates to 2147483648 which cannot be narrowed to type 'int32_t' (aka 'int') [-Wc++11-narrowing]
const int32_t QueryParser::jj_la1_0[] = {0x180,0x180,0xe00,0xe00,0x1f69f80,0x48000,0x10000,0x1f69000,0x1348000,0x80000,0x80000,0x10000,0x18000000,0x2000000,0x18000000,0x10000,0x80000000,0x20000000,0x80000000,0x10000,0x80000,0x10000,0x1f68000};
                                                                                                                                                                                                     ^~~~~~~~~~
/<<PKGBUILDDIR>>/src/core/CLucene/queryParser/QueryParser.cpp:82:198: note: insert an explicit cast to silence this issue
const int32_t QueryParser::jj_la1_0[] = {0x180,0x180,0xe00,0xe00,0x1f69f80,0x48000,0x10000,0x1f69000,0x1348000,0x80000,0x80000,0x10000,0x18000000,0x2000000,0x18000000,0x10000,0x80000000,0x20000000,0x80000000,0x10000,0x80000,0x10000,0x1f68000};
                                                                                                                                                                                                     ^~~~~~~~~~
                                                                                                                                                                                                     static_cast<int32_t>( )
/<<PKGBUILDDIR>>/src/core/CLucene/queryParser/QueryParserTokenManager.cpp:18:65: error: constant expression evaluates to 18446744073709551615 which cannot be narrowed to type 'int64_t' (aka 'long') [-Wc++11-narrowing]
const int64_t QueryParserTokenManager::jjbitVec2[]={0x0L, 0x0L, _ILONGLONG(0xffffffffffffffff), _ILONGLONG(0xffffffffffffffff)};
                                                                ^~~~~~~~~~~~~~~~~~~~~~~~~~~~~~
/<<PKGBUILDDIR>>/obj-x86_64-linux-gnu/src/shared/CLucene/_clucene-config.h:57:23: note: expanded from macro '_ILONGLONG'
#define _ILONGLONG(x) x ## LL
                      ^~~~~~~
<scratch space>:302:1: note: expanded from here
0xffffffffffffffffLL
^~~~~~~~~~~~~~~~~~~~
/<<PKGBUILDDIR>>/src/core/CLucene/queryParser/QueryParserTokenManager.cpp:18:65: note: insert an explicit cast to silence this issue
const int64_t QueryParserTokenManager::jjbitVec2[]={0x0L, 0x0L, _ILONGLONG(0xffffffffffffffff), _ILONGLONG(0xffffffffffffffff)};
                                                                ^~~~~~~~~~~~~~~~~~~~~~~~~~~~~~
                                                                static_cast<int64_t>(         )
/<<PKGBUILDDIR>>/obj-x86_64-linux-gnu/src/shared/CLucene/_clucene-config.h:57:23: note: expanded from macro '_ILONGLONG'
#define _ILONGLONG(x) x ## LL
                      ^~~~~~~
<scratch space>:302:1: note: expanded from here
0xffffffffffffffffLL
^~~~~~~~~~~~~~~~~~~~
/<<PKGBUILDDIR>>/src/core/CLucene/queryParser/QueryParserTokenManager.cpp:18:97: error: constant expression evaluates to 18446744073709551615 which cannot be narrowed to type 'int64_t' (aka 'long') [-Wc++11-narrowing]
const int64_t QueryParserTokenManager::jjbitVec2[]={0x0L, 0x0L, _ILONGLONG(0xffffffffffffffff), _ILONGLONG(0xffffffffffffffff)};
                                                                                                ^~~~~~~~~~~~~~~~~~~~~~~~~~~~~~
/<<PKGBUILDDIR>>/obj-x86_64-linux-gnu/src/shared/CLucene/_clucene-config.h:57:23: note: expanded from macro '_ILONGLONG'
#define _ILONGLONG(x) x ## LL
                      ^~~~~~~
<scratch space>:303:1: note: expanded from here
0xffffffffffffffffLL
^~~~~~~~~~~~~~~~~~~~
/<<PKGBUILDDIR>>/src/core/CLucene/queryParser/QueryParserTokenManager.cpp:18:97: note: insert an explicit cast to silence this issue
const int64_t QueryParserTokenManager::jjbitVec2[]={0x0L, 0x0L, _ILONGLONG(0xffffffffffffffff), _ILONGLONG(0xffffffffffffffff)};
                                                                                                ^~~~~~~~~~~~~~~~~~~~~~~~~~~~~~
                                                                                                static_cast<int64_t>(         )
/<<PKGBUILDDIR>>/obj-x86_64-linux-gnu/src/shared/CLucene/_clucene-config.h:57:23: note: expanded from macro '_ILONGLONG'
#define _ILONGLONG(x) x ## LL
                      ^~~~~~~
<scratch space>:303:1: note: expanded from here
0xffffffffffffffffLL
^~~~~~~~~~~~~~~~~~~~
/<<PKGBUILDDIR>>/src/core/CLucene/queryParser/QueryParserTokenManager.cpp:20:2: error: constant expression evaluates to 18446744073709551614 which cannot be narrowed to type 'int64_t' (aka 'long') [-Wc++11-narrowing]
        _ILONGLONG(0xfffffffffffffffe), _ILONGLONG(0xffffffffffffffff), _ILONGLONG(0xffffffffffffffff), _ILONGLONG(0xffffffffffffffff)
        ^~~~~~~~~~~~~~~~~~~~~~~~~~~~~~
/<<PKGBUILDDIR>>/obj-x86_64-linux-gnu/src/shared/CLucene/_clucene-config.h:57:23: note: expanded from macro '_ILONGLONG'
#define _ILONGLONG(x) x ## LL
                      ^~~~~~~
<scratch space>:304:1: note: expanded from here
0xfffffffffffffffeLL
^~~~~~~~~~~~~~~~~~~~
/<<PKGBUILDDIR>>/src/core/CLucene/queryParser/QueryParserTokenManager.cpp:20:2: note: insert an explicit cast to silence this issue
        _ILONGLONG(0xfffffffffffffffe), _ILONGLONG(0xffffffffffffffff), _ILONGLONG(0xffffffffffffffff), _ILONGLONG(0xffffffffffffffff)
        ^~~~~~~~~~~~~~~~~~~~~~~~~~~~~~
        static_cast<int64_t>(         )
/<<PKGBUILDDIR>>/obj-x86_64-linux-gnu/src/shared/CLucene/_clucene-config.h:57:23: note: expanded from macro '_ILONGLONG'
#define _ILONGLONG(x) x ## LL
                      ^~~~~~~
<scratch space>:304:1: note: expanded from here
0xfffffffffffffffeLL
^~~~~~~~~~~~~~~~~~~~
/<<PKGBUILDDIR>>/src/core/CLucene/queryParser/QueryParserTokenManager.cpp:20:34: error: constant expression evaluates to 18446744073709551615 which cannot be narrowed to type 'int64_t' (aka 'long') [-Wc++11-narrowing]
        _ILONGLONG(0xfffffffffffffffe), _ILONGLONG(0xffffffffffffffff), _ILONGLONG(0xffffffffffffffff), _ILONGLONG(0xffffffffffffffff)
                                        ^~~~~~~~~~~~~~~~~~~~~~~~~~~~~~
/<<PKGBUILDDIR>>/obj-x86_64-linux-gnu/src/shared/CLucene/_clucene-config.h:57:23: note: expanded from macro '_ILONGLONG'
#define _ILONGLONG(x) x ## LL
                      ^~~~~~~
<scratch space>:305:1: note: expanded from here
0xffffffffffffffffLL
^~~~~~~~~~~~~~~~~~~~
/<<PKGBUILDDIR>>/src/core/CLucene/queryParser/QueryParserTokenManager.cpp:20:34: note: insert an explicit cast to silence this issue
        _ILONGLONG(0xfffffffffffffffe), _ILONGLONG(0xffffffffffffffff), _ILONGLONG(0xffffffffffffffff), _ILONGLONG(0xffffffffffffffff)
                                        ^~~~~~~~~~~~~~~~~~~~~~~~~~~~~~
                                        static_cast<int64_t>(         )
/<<PKGBUILDDIR>>/obj-x86_64-linux-gnu/src/shared/CLucene/_clucene-config.h:57:23: note: expanded from macro '_ILONGLONG'
#define _ILONGLONG(x) x ## LL
                      ^~~~~~~
<scratch space>:305:1: note: expanded from here
0xffffffffffffffffLL
^~~~~~~~~~~~~~~~~~~~
/<<PKGBUILDDIR>>/src/core/CLucene/queryParser/QueryParserTokenManager.cpp:20:66: error: constant expression evaluates to 18446744073709551615 which cannot be narrowed to type 'int64_t' (aka 'long') [-Wc++11-narrowing]
        _ILONGLONG(0xfffffffffffffffe), _ILONGLONG(0xffffffffffffffff), _ILONGLONG(0xffffffffffffffff), _ILONGLONG(0xffffffffffffffff)
                                                                        ^~~~~~~~~~~~~~~~~~~~~~~~~~~~~~
/<<PKGBUILDDIR>>/obj-x86_64-linux-gnu/src/shared/CLucene/_clucene-config.h:57:23: note: expanded from macro '_ILONGLONG'
#define _ILONGLONG(x) x ## LL
                      ^~~~~~~
<scratch space>:306:1: note: expanded from here
0xffffffffffffffffLL
^~~~~~~~~~~~~~~~~~~~
/<<PKGBUILDDIR>>/src/core/CLucene/queryParser/QueryParserTokenManager.cpp:20:66: note: insert an explicit cast to silence this issue
        _ILONGLONG(0xfffffffffffffffe), _ILONGLONG(0xffffffffffffffff), _ILONGLONG(0xffffffffffffffff), _ILONGLONG(0xffffffffffffffff)
                                                                        ^~~~~~~~~~~~~~~~~~~~~~~~~~~~~~
                                                                        static_cast<int64_t>(         )
/<<PKGBUILDDIR>>/obj-x86_64-linux-gnu/src/shared/CLucene/_clucene-config.h:57:23: note: expanded from macro '_ILONGLONG'
#define _ILONGLONG(x) x ## LL
                      ^~~~~~~
<scratch space>:306:1: note: expanded from here
0xffffffffffffffffLL
^~~~~~~~~~~~~~~~~~~~
/<<PKGBUILDDIR>>/src/core/CLucene/queryParser/QueryParserTokenManager.cpp:20:98: error: constant expression evaluates to 18446744073709551615 which cannot be narrowed to type 'int64_t' (aka 'long') [-Wc++11-narrowing]
        _ILONGLONG(0xfffffffffffffffe), _ILONGLONG(0xffffffffffffffff), _ILONGLONG(0xffffffffffffffff), _ILONGLONG(0xffffffffffffffff)
                                                                                                        ^~~~~~~~~~~~~~~~~~~~~~~~~~~~~~
/<<PKGBUILDDIR>>/obj-x86_64-linux-gnu/src/shared/CLucene/_clucene-config.h:57:23: note: expanded from macro '_ILONGLONG'
#define _ILONGLONG(x) x ## LL
                      ^~~~~~~
<scratch space>:307:1: note: expanded from here
0xffffffffffffffffLL
^~~~~~~~~~~~~~~~~~~~
/<<PKGBUILDDIR>>/src/core/CLucene/queryParser/QueryParserTokenManager.cpp:20:98: note: insert an explicit cast to silence this issue
        _ILONGLONG(0xfffffffffffffffe), _ILONGLONG(0xffffffffffffffff), _ILONGLONG(0xffffffffffffffff), _ILONGLONG(0xffffffffffffffff)
                                                                                                        ^~~~~~~~~~~~~~~~~~~~~~~~~~~~~~
                                                                                                        static_cast<int64_t>(         )
/<<PKGBUILDDIR>>/obj-x86_64-linux-gnu/src/shared/CLucene/_clucene-config.h:57:23: note: expanded from macro '_ILONGLONG'
#define _ILONGLONG(x) x ## LL
                      ^~~~~~~
<scratch space>:307:1: note: expanded from here
0xffffffffffffffffLL
^~~~~~~~~~~~~~~~~~~~
/<<PKGBUILDDIR>>/src/core/CLucene/queryParser/QueryParserTokenManager.cpp:547:62: warning: unsequenced modification and access to 'jjnewStateCnt' [-Wunsequenced]
                if ((i = jjnewStateCnt) == (startsAt = 36 - (jjnewStateCnt = startsAt)))
                         ~~~~~~~~~~~~~                                     ^
/<<PKGBUILDDIR>>/src/core/CLucene/queryParser/QueryParserTokenManager.cpp:759:61: warning: unsequenced modification and access to 'jjnewStateCnt' [-Wunsequenced]
                if ((i = jjnewStateCnt) == (startsAt = 7 - (jjnewStateCnt = startsAt)))
                         ~~~~~~~~~~~~~                                    ^
/<<PKGBUILDDIR>>/src/core/CLucene/queryParser/QueryParserTokenManager.cpp:857:61: warning: unsequenced modification and access to 'jjnewStateCnt' [-Wunsequenced]
                if ((i = jjnewStateCnt) == (startsAt = 3 - (jjnewStateCnt = startsAt)))
                         ~~~~~~~~~~~~~                                    ^
/<<PKGBUILDDIR>>/src/core/CLucene/queryParser/QueryParserTokenManager.cpp:1069:61: warning: unsequenced modification and access to 'jjnewStateCnt' [-Wunsequenced]
                if ((i = jjnewStateCnt) == (startsAt = 7 - (jjnewStateCnt = startsAt)))
                         ~~~~~~~~~~~~~                                    ^
4 warnings and 6 errors generated.
make[3]: *** [src/core/CMakeFiles/clucene-core.dir/build.make:247: src/core/CMakeFiles/clucene-core.dir/CLucene/queryParser/QueryParserTokenManager.o] Error 1
make[3]: *** Waiting for unfinished jobs....
2 errors generated.
make[3]: *** [src/core/CMakeFiles/clucene-core.dir/build.make:233: src/core/CMakeFiles/clucene-core.dir/CLucene/queryParser/QueryParser.o] Error 1
make[3]: Leaving directory '/<<PKGBUILDDIR>>/obj-x86_64-linux-gnu'
make[2]: *** [CMakeFiles/Makefile2:259: src/core/CMakeFiles/clucene-core.dir/all] Error 2
make[2]: Leaving directory '/<<PKGBUILDDIR>>/obj-x86_64-linux-gnu'
make[1]: *** [Makefile:149: all] Error 2
make[1]: Leaving directory '/<<PKGBUILDDIR>>/obj-x86_64-linux-gnu'
dh_auto_build: error: cd obj-x86_64-linux-gnu && make -j4 VERBOSE=1 returned exit code 2
make: *** [debian/rules:14: build] Error 25
dpkg-buildpackage: error: debian/rules build subprocess returned exit status 2
--------------------------------------------------------------------------------
Build finished at 2021-10-26T22:42:35Z

Finished
--------


+------------------------------------------------------------------------------+
| Cleanup                                                                      |
+------------------------------------------------------------------------------+

Purging /<<BUILDDIR>>
Not cleaning session: cloned chroot in use
E: Build failure (dpkg-buildpackage died)

+------------------------------------------------------------------------------+
| Summary                                                                      |
+------------------------------------------------------------------------------+

Build Architecture: amd64
Build Type: binary
Build-Space: 14740
Build-Time: 25
Distribution: unstable
Fail-Stage: build
Host Architecture: amd64
Install-Time: 10
Job: clucene-core_2.3.3.4+dfsg-1
Machine Architecture: amd64
Package: clucene-core
Package-Time: 56
Source-Version: 2.3.3.4+dfsg-1
Space: 14740
Status: attempted
Version: 2.3.3.4+dfsg-1
--------------------------------------------------------------------------------
Finished at 2021-10-26T22:42:35Z
Build needed 00:00:56, 14740k disk space
E: Build failure (dpkg-buildpackage died)
DC-Status: Failed 57.938549494s
