DC-Build-Header: cpp-hocon 0.3.0-1 / 2021-10-26 21:35:07 +0000
DC-Task: type:rebuild-binarch-only source:cpp-hocon version:0.3.0-1 chroot:unstable esttime:359 logfile:/tmp/cpp-hocon_0.3.0-1_unstable_clang12.log modes:clang12:binarch-only
DC-Sbuild-call: su user42 -c 'sbuild -n --arch-any --apt-update -d unstable -v --no-run-lintian --chroot-setup-commands=/tmp/clang12 cpp-hocon_0.3.0-1'
sbuild (Debian sbuild) 0.78.1 (09 February 2019) on ip-172-31-9-143.eu-central-1.compute.internal

+==============================================================================+
| cpp-hocon 0.3.0-1 (amd64)                    Tue, 26 Oct 2021 21:35:07 +0000 |
+==============================================================================+

Package: cpp-hocon
Version: 0.3.0-1
Source Version: 0.3.0-1
Distribution: unstable
Machine Architecture: amd64
Host Architecture: amd64
Build Architecture: amd64
Build Type: binary

I: NOTICE: Log filtering will replace 'var/run/schroot/mount/sid-amd64-sbuild-8a4b9daf-2f53-4747-9b06-f7ee7320f339' with '<<CHROOT>>'

+------------------------------------------------------------------------------+
| Chroot Setup Commands                                                        |
+------------------------------------------------------------------------------+


/tmp/clang12
------------

+ echo 'Entering customization script...'
Entering customization script...
+ CLANG_VERSION=12
+ echo 'Install of clang-12'
Install of clang-12
+ apt-get update
Get:1 http://127.0.0.1:12990/debian sid InRelease [165 kB]
Get:2 http://127.0.0.1:12990/debian sid/main Sources.diff/Index [63.6 kB]
Get:3 http://127.0.0.1:12990/debian sid/main amd64 Packages.diff/Index [63.6 kB]
Get:4 http://127.0.0.1:12990/debian sid/main Sources T-2021-10-26-2004.40-F-2021-10-26-0202.15.pdiff [47.3 kB]
Get:4 http://127.0.0.1:12990/debian sid/main Sources T-2021-10-26-2004.40-F-2021-10-26-0202.15.pdiff [47.3 kB]
Get:5 http://127.0.0.1:12990/debian sid/main amd64 Packages T-2021-10-26-2004.40-F-2021-10-26-0202.15.pdiff [55.9 kB]
Get:5 http://127.0.0.1:12990/debian sid/main amd64 Packages T-2021-10-26-2004.40-F-2021-10-26-0202.15.pdiff [55.9 kB]
Get:6 http://127.0.0.1:12990/debian sid/main Translation-en [6586 kB]
Fetched 6981 kB in 3s (2756 kB/s)
Reading package lists...
+ apt-get install --yes --no-install-recommends --force-yes clang-12 libomp-12-dev libobjc-9-dev
Reading package lists...
Building dependency tree...
The following additional packages will be installed:
  lib32gcc-s1 lib32stdc++6 libasan5 libbsd0 libc6-i386 libclang-common-12-dev
  libclang-cpp12 libclang1-12 libedit2 libelf1 libgc1 libgcc-9-dev libicu67
  libllvm12 libmd0 libobjc-11-dev libobjc4 libomp5-12 libunwind-12 libxml2
  libz3-4 llvm-12-linker-tools
Suggested packages:
  clang-12-doc libomp-12-doc
Recommended packages:
  llvm-12-dev python3
The following NEW packages will be installed:
  clang-12 lib32gcc-s1 lib32stdc++6 libasan5 libbsd0 libc6-i386
  libclang-common-12-dev libclang-cpp12 libclang1-12 libedit2 libelf1 libgc1
  libgcc-9-dev libicu67 libllvm12 libmd0 libobjc-11-dev libobjc-9-dev libobjc4
  libomp-12-dev libomp5-12 libunwind-12 libxml2 libz3-4 llvm-12-linker-tools
0 upgraded, 25 newly installed, 0 to remove and 0 not upgraded.
Need to get 67.6 MB of archives.
After this operation, 349 MB of additional disk space will be used.
Get:1 http://127.0.0.1:12990/debian sid/main amd64 libmd0 amd64 1.0.4-1 [29.6 kB]
Get:2 http://127.0.0.1:12990/debian sid/main amd64 libbsd0 amd64 0.11.3-1 [108 kB]
Get:3 http://127.0.0.1:12990/debian sid/main amd64 libedit2 amd64 3.1-20210910-1 [97.5 kB]
Get:4 http://127.0.0.1:12990/debian sid/main amd64 libicu67 amd64 67.1-7 [8622 kB]
Get:5 http://127.0.0.1:12990/debian sid/main amd64 libxml2 amd64 2.9.12+dfsg-5 [696 kB]
Get:6 http://127.0.0.1:12990/debian sid/main amd64 libz3-4 amd64 4.8.12-1+b1 [6997 kB]
Get:7 http://127.0.0.1:12990/debian sid/main amd64 libllvm12 amd64 1:12.0.1-15 [19.4 MB]
Get:8 http://127.0.0.1:12990/debian sid/main amd64 libclang-cpp12 amd64 1:12.0.1-15 [9996 kB]
Get:9 http://127.0.0.1:12990/debian sid/main amd64 libgc1 amd64 1:8.0.4-3 [239 kB]
Get:10 http://127.0.0.1:12990/debian sid/main amd64 libobjc4 amd64 11.2.0-10 [43.2 kB]
Get:11 http://127.0.0.1:12990/debian sid/main amd64 libobjc-11-dev amd64 11.2.0-10 [170 kB]
Get:12 http://127.0.0.1:12990/debian sid/main amd64 libc6-i386 amd64 2.32-4 [2624 kB]
Get:13 http://127.0.0.1:12990/debian sid/main amd64 lib32gcc-s1 amd64 11.2.0-10 [49.9 kB]
Get:14 http://127.0.0.1:12990/debian sid/main amd64 lib32stdc++6 amd64 11.2.0-10 [601 kB]
Get:15 http://127.0.0.1:12990/debian sid/main amd64 libclang-common-12-dev amd64 1:12.0.1-15 [4819 kB]
Get:16 http://127.0.0.1:12990/debian sid/main amd64 llvm-12-linker-tools amd64 1:12.0.1-15 [1222 kB]
Get:17 http://127.0.0.1:12990/debian sid/main amd64 libclang1-12 amd64 1:12.0.1-15 [5644 kB]
Get:18 http://127.0.0.1:12990/debian sid/main amd64 clang-12 amd64 1:12.0.1-15 [117 kB]
Get:19 http://127.0.0.1:12990/debian sid/main amd64 libasan5 amd64 9.4.0-3 [2734 kB]
Get:20 http://127.0.0.1:12990/debian sid/main amd64 libelf1 amd64 0.185-2 [172 kB]
Get:21 http://127.0.0.1:12990/debian sid/main amd64 libgcc-9-dev amd64 9.4.0-3 [2343 kB]
Get:22 http://127.0.0.1:12990/debian sid/main amd64 libobjc-9-dev amd64 9.4.0-3 [219 kB]
Get:23 http://127.0.0.1:12990/debian sid/main amd64 libunwind-12 amd64 1:12.0.1-15 [63.9 kB]
Get:24 http://127.0.0.1:12990/debian sid/main amd64 libomp5-12 amd64 1:12.0.1-15 [405 kB]
Get:25 http://127.0.0.1:12990/debian sid/main amd64 libomp-12-dev amd64 1:12.0.1-15 [104 kB]
debconf: delaying package configuration, since apt-utils is not installed
Fetched 67.6 MB in 0s (156 MB/s)
Selecting previously unselected package libmd0:amd64.
(Reading database ... (Reading database ... 5%(Reading database ... 10%(Reading database ... 15%(Reading database ... 20%(Reading database ... 25%(Reading database ... 30%(Reading database ... 35%(Reading database ... 40%(Reading database ... 45%(Reading database ... 50%(Reading database ... 55%(Reading database ... 60%(Reading database ... 65%(Reading database ... 70%(Reading database ... 75%(Reading database ... 80%(Reading database ... 85%(Reading database ... 90%(Reading database ... 95%(Reading database ... 100%(Reading database ... 12431 files and directories currently installed.)
Preparing to unpack .../00-libmd0_1.0.4-1_amd64.deb ...
Unpacking libmd0:amd64 (1.0.4-1) ...
Selecting previously unselected package libbsd0:amd64.
Preparing to unpack .../01-libbsd0_0.11.3-1_amd64.deb ...
Unpacking libbsd0:amd64 (0.11.3-1) ...
Selecting previously unselected package libedit2:amd64.
Preparing to unpack .../02-libedit2_3.1-20210910-1_amd64.deb ...
Unpacking libedit2:amd64 (3.1-20210910-1) ...
Selecting previously unselected package libicu67:amd64.
Preparing to unpack .../03-libicu67_67.1-7_amd64.deb ...
Unpacking libicu67:amd64 (67.1-7) ...
Selecting previously unselected package libxml2:amd64.
Preparing to unpack .../04-libxml2_2.9.12+dfsg-5_amd64.deb ...
Unpacking libxml2:amd64 (2.9.12+dfsg-5) ...
Selecting previously unselected package libz3-4:amd64.
Preparing to unpack .../05-libz3-4_4.8.12-1+b1_amd64.deb ...
Unpacking libz3-4:amd64 (4.8.12-1+b1) ...
Selecting previously unselected package libllvm12:amd64.
Preparing to unpack .../06-libllvm12_1%3a12.0.1-15_amd64.deb ...
Unpacking libllvm12:amd64 (1:12.0.1-15) ...
Selecting previously unselected package libclang-cpp12.
Preparing to unpack .../07-libclang-cpp12_1%3a12.0.1-15_amd64.deb ...
Unpacking libclang-cpp12 (1:12.0.1-15) ...
Selecting previously unselected package libgc1:amd64.
Preparing to unpack .../08-libgc1_1%3a8.0.4-3_amd64.deb ...
Unpacking libgc1:amd64 (1:8.0.4-3) ...
Selecting previously unselected package libobjc4:amd64.
Preparing to unpack .../09-libobjc4_11.2.0-10_amd64.deb ...
Unpacking libobjc4:amd64 (11.2.0-10) ...
Selecting previously unselected package libobjc-11-dev:amd64.
Preparing to unpack .../10-libobjc-11-dev_11.2.0-10_amd64.deb ...
Unpacking libobjc-11-dev:amd64 (11.2.0-10) ...
Selecting previously unselected package libc6-i386.
Preparing to unpack .../11-libc6-i386_2.32-4_amd64.deb ...
Unpacking libc6-i386 (2.32-4) ...
Selecting previously unselected package lib32gcc-s1.
Preparing to unpack .../12-lib32gcc-s1_11.2.0-10_amd64.deb ...
Unpacking lib32gcc-s1 (11.2.0-10) ...
Selecting previously unselected package lib32stdc++6.
Preparing to unpack .../13-lib32stdc++6_11.2.0-10_amd64.deb ...
Unpacking lib32stdc++6 (11.2.0-10) ...
Selecting previously unselected package libclang-common-12-dev.
Preparing to unpack .../14-libclang-common-12-dev_1%3a12.0.1-15_amd64.deb ...
Unpacking libclang-common-12-dev (1:12.0.1-15) ...
Selecting previously unselected package llvm-12-linker-tools.
Preparing to unpack .../15-llvm-12-linker-tools_1%3a12.0.1-15_amd64.deb ...
Unpacking llvm-12-linker-tools (1:12.0.1-15) ...
Selecting previously unselected package libclang1-12.
Preparing to unpack .../16-libclang1-12_1%3a12.0.1-15_amd64.deb ...
Unpacking libclang1-12 (1:12.0.1-15) ...
Selecting previously unselected package clang-12.
Preparing to unpack .../17-clang-12_1%3a12.0.1-15_amd64.deb ...
Unpacking clang-12 (1:12.0.1-15) ...
Selecting previously unselected package libasan5:amd64.
Preparing to unpack .../18-libasan5_9.4.0-3_amd64.deb ...
Unpacking libasan5:amd64 (9.4.0-3) ...
Selecting previously unselected package libelf1:amd64.
Preparing to unpack .../19-libelf1_0.185-2_amd64.deb ...
Unpacking libelf1:amd64 (0.185-2) ...
Selecting previously unselected package libgcc-9-dev:amd64.
Preparing to unpack .../20-libgcc-9-dev_9.4.0-3_amd64.deb ...
Unpacking libgcc-9-dev:amd64 (9.4.0-3) ...
Selecting previously unselected package libobjc-9-dev:amd64.
Preparing to unpack .../21-libobjc-9-dev_9.4.0-3_amd64.deb ...
Unpacking libobjc-9-dev:amd64 (9.4.0-3) ...
Selecting previously unselected package libunwind-12:amd64.
Preparing to unpack .../22-libunwind-12_1%3a12.0.1-15_amd64.deb ...
Unpacking libunwind-12:amd64 (1:12.0.1-15) ...
Selecting previously unselected package libomp5-12:amd64.
Preparing to unpack .../23-libomp5-12_1%3a12.0.1-15_amd64.deb ...
Unpacking libomp5-12:amd64 (1:12.0.1-15) ...
Selecting previously unselected package libomp-12-dev.
Preparing to unpack .../24-libomp-12-dev_1%3a12.0.1-15_amd64.deb ...
Unpacking libomp-12-dev (1:12.0.1-15) ...
Setting up libicu67:amd64 (67.1-7) ...
Setting up libasan5:amd64 (9.4.0-3) ...
Setting up libz3-4:amd64 (4.8.12-1+b1) ...
Setting up libunwind-12:amd64 (1:12.0.1-15) ...
Setting up libgc1:amd64 (1:8.0.4-3) ...
Setting up libmd0:amd64 (1.0.4-1) ...
Setting up libc6-i386 (2.32-4) ...
Setting up libbsd0:amd64 (0.11.3-1) ...
Setting up libelf1:amd64 (0.185-2) ...
Setting up libxml2:amd64 (2.9.12+dfsg-5) ...
Setting up libedit2:amd64 (3.1-20210910-1) ...
Setting up libobjc4:amd64 (11.2.0-10) ...
Setting up libgcc-9-dev:amd64 (9.4.0-3) ...
Setting up lib32gcc-s1 (11.2.0-10) ...
Setting up lib32stdc++6 (11.2.0-10) ...
Setting up libllvm12:amd64 (1:12.0.1-15) ...
Setting up libobjc-9-dev:amd64 (9.4.0-3) ...
Setting up libclang-common-12-dev (1:12.0.1-15) ...
Setting up libomp5-12:amd64 (1:12.0.1-15) ...
Setting up libobjc-11-dev:amd64 (11.2.0-10) ...
Setting up llvm-12-linker-tools (1:12.0.1-15) ...
Setting up libclang1-12 (1:12.0.1-15) ...
Setting up libclang-cpp12 (1:12.0.1-15) ...
Setting up libomp-12-dev (1:12.0.1-15) ...
Setting up clang-12 (1:12.0.1-15) ...
Processing triggers for libc-bin (2.32-4) ...
W: --force-yes is deprecated, use one of the options starting with --allow instead.
+ echo 'Replace gcc, g++ & cpp by clang'
Replace gcc, g++ & cpp by clang
+ VERSIONS='4.6 4.7 4.8 4.9 5 6 7 8 9 10 11'
+ cd /usr/bin
+ for VERSION in $VERSIONS
+ rm -f g++-4.6 gcc-4.6 cpp-4.6 gcc
+ ln -s clang++-12 g++-4.6
+ ln -s clang-12 gcc-4.6
+ ln -s clang-12 cpp-4.6
+ ln -s clang-12 gcc
+ echo 'gcc-4.6 hold'
+ dpkg --set-selections
dpkg: warning: package not in status nor available database at line 1: gcc-4.6
dpkg: warning: found unknown packages; this might mean the available database
is outdated, and needs to be updated through a frontend method;
please see the FAQ <https://wiki.debian.org/Teams/Dpkg/FAQ>
+ echo 'g++-4.6 hold'
+ dpkg --set-selections
dpkg: warning: package not in status nor available database at line 1: g++-4.6
dpkg: warning: found unknown packages; this might mean the available database
is outdated, and needs to be updated through a frontend method;
please see the FAQ <https://wiki.debian.org/Teams/Dpkg/FAQ>
+ for VERSION in $VERSIONS
+ rm -f g++-4.7 gcc-4.7 cpp-4.7 gcc
+ ln -s clang++-12 g++-4.7
+ ln -s clang-12 gcc-4.7
+ ln -s clang-12 cpp-4.7
+ ln -s clang-12 gcc
+ echo 'gcc-4.7 hold'
+ dpkg --set-selections
dpkg: warning: package not in status nor available database at line 1: gcc-4.7
dpkg: warning: found unknown packages; this might mean the available database
is outdated, and needs to be updated through a frontend method;
please see the FAQ <https://wiki.debian.org/Teams/Dpkg/FAQ>
+ echo 'g++-4.7 hold'
+ dpkg --set-selections
dpkg: warning: package not in status nor available database at line 1: g++-4.7
dpkg: warning: found unknown packages; this might mean the available database
is outdated, and needs to be updated through a frontend method;
please see the FAQ <https://wiki.debian.org/Teams/Dpkg/FAQ>
+ for VERSION in $VERSIONS
+ rm -f g++-4.8 gcc-4.8 cpp-4.8 gcc
+ ln -s clang++-12 g++-4.8
+ ln -s clang-12 gcc-4.8
+ ln -s clang-12 cpp-4.8
+ ln -s clang-12 gcc
+ echo 'gcc-4.8 hold'
+ dpkg --set-selections
dpkg: warning: package not in status nor available database at line 1: gcc-4.8
dpkg: warning: found unknown packages; this might mean the available database
is outdated, and needs to be updated through a frontend method;
please see the FAQ <https://wiki.debian.org/Teams/Dpkg/FAQ>
+ echo 'g++-4.8 hold'
+ dpkg --set-selections
dpkg: warning: package not in status nor available database at line 1: g++-4.8
dpkg: warning: found unknown packages; this might mean the available database
is outdated, and needs to be updated through a frontend method;
please see the FAQ <https://wiki.debian.org/Teams/Dpkg/FAQ>
+ for VERSION in $VERSIONS
+ rm -f g++-4.9 gcc-4.9 cpp-4.9 gcc
+ ln -s clang++-12 g++-4.9
+ ln -s clang-12 gcc-4.9
+ ln -s clang-12 cpp-4.9
+ ln -s clang-12 gcc
+ echo 'gcc-4.9 hold'
+ dpkg --set-selections
dpkg: warning: package not in status nor available database at line 1: gcc-4.9
dpkg: warning: found unknown packages; this might mean the available database
is outdated, and needs to be updated through a frontend method;
please see the FAQ <https://wiki.debian.org/Teams/Dpkg/FAQ>
+ echo 'g++-4.9 hold'
+ dpkg --set-selections
dpkg: warning: package not in status nor available database at line 1: g++-4.9
dpkg: warning: found unknown packages; this might mean the available database
is outdated, and needs to be updated through a frontend method;
please see the FAQ <https://wiki.debian.org/Teams/Dpkg/FAQ>
+ for VERSION in $VERSIONS
+ rm -f g++-5 gcc-5 cpp-5 gcc
+ ln -s clang++-12 g++-5
+ ln -s clang-12 gcc-5
+ ln -s clang-12 cpp-5
+ ln -s clang-12 gcc
+ echo 'gcc-5 hold'
+ dpkg --set-selections
dpkg: warning: package not in status nor available database at line 1: gcc-5
dpkg: warning: found unknown packages; this might mean the available database
is outdated, and needs to be updated through a frontend method;
please see the FAQ <https://wiki.debian.org/Teams/Dpkg/FAQ>
+ echo 'g++-5 hold'
+ dpkg --set-selections
dpkg: warning: package not in status nor available database at line 1: g++-5
dpkg: warning: found unknown packages; this might mean the available database
is outdated, and needs to be updated through a frontend method;
please see the FAQ <https://wiki.debian.org/Teams/Dpkg/FAQ>
+ for VERSION in $VERSIONS
+ rm -f g++-6 gcc-6 cpp-6 gcc
+ ln -s clang++-12 g++-6
+ ln -s clang-12 gcc-6
+ ln -s clang-12 cpp-6
+ ln -s clang-12 gcc
+ echo 'gcc-6 hold'
+ dpkg --set-selections
dpkg: warning: package not in status nor available database at line 1: gcc-6
dpkg: warning: found unknown packages; this might mean the available database
is outdated, and needs to be updated through a frontend method;
please see the FAQ <https://wiki.debian.org/Teams/Dpkg/FAQ>
+ echo 'g++-6 hold'
+ dpkg --set-selections
dpkg: warning: package not in status nor available database at line 1: g++-6
dpkg: warning: found unknown packages; this might mean the available database
is outdated, and needs to be updated through a frontend method;
please see the FAQ <https://wiki.debian.org/Teams/Dpkg/FAQ>
+ for VERSION in $VERSIONS
+ rm -f g++-7 gcc-7 cpp-7 gcc
+ ln -s clang++-12 g++-7
+ ln -s clang-12 gcc-7
+ ln -s clang-12 cpp-7
+ ln -s clang-12 gcc
+ echo 'gcc-7 hold'
+ dpkg --set-selections
dpkg: warning: package not in status nor available database at line 1: gcc-7
dpkg: warning: found unknown packages; this might mean the available database
is outdated, and needs to be updated through a frontend method;
please see the FAQ <https://wiki.debian.org/Teams/Dpkg/FAQ>
+ echo 'g++-7 hold'
+ dpkg --set-selections
dpkg: warning: package not in status nor available database at line 1: g++-7
dpkg: warning: found unknown packages; this might mean the available database
is outdated, and needs to be updated through a frontend method;
please see the FAQ <https://wiki.debian.org/Teams/Dpkg/FAQ>
+ for VERSION in $VERSIONS
+ rm -f g++-8 gcc-8 cpp-8 gcc
+ ln -s clang++-12 g++-8
+ ln -s clang-12 gcc-8
+ ln -s clang-12 cpp-8
+ ln -s clang-12 gcc
+ echo 'gcc-8 hold'
+ dpkg --set-selections
dpkg: warning: package not in status nor available database at line 1: gcc-8
dpkg: warning: found unknown packages; this might mean the available database
is outdated, and needs to be updated through a frontend method;
please see the FAQ <https://wiki.debian.org/Teams/Dpkg/FAQ>
+ echo 'g++-8 hold'
+ dpkg --set-selections
dpkg: warning: package not in status nor available database at line 1: g++-8
dpkg: warning: found unknown packages; this might mean the available database
is outdated, and needs to be updated through a frontend method;
please see the FAQ <https://wiki.debian.org/Teams/Dpkg/FAQ>
+ for VERSION in $VERSIONS
+ rm -f g++-9 gcc-9 cpp-9 gcc
+ ln -s clang++-12 g++-9
+ ln -s clang-12 gcc-9
+ ln -s clang-12 cpp-9
+ ln -s clang-12 gcc
+ echo 'gcc-9 hold'
+ dpkg --set-selections
dpkg: warning: package not in status nor available database at line 1: gcc-9
dpkg: warning: found unknown packages; this might mean the available database
is outdated, and needs to be updated through a frontend method;
please see the FAQ <https://wiki.debian.org/Teams/Dpkg/FAQ>
+ echo 'g++-9 hold'
+ dpkg --set-selections
dpkg: warning: package not in status nor available database at line 1: g++-9
dpkg: warning: found unknown packages; this might mean the available database
is outdated, and needs to be updated through a frontend method;
please see the FAQ <https://wiki.debian.org/Teams/Dpkg/FAQ>
+ for VERSION in $VERSIONS
+ rm -f g++-10 gcc-10 cpp-10 gcc
+ ln -s clang++-12 g++-10
+ ln -s clang-12 gcc-10
+ ln -s clang-12 cpp-10
+ ln -s clang-12 gcc
+ echo 'gcc-10 hold'
+ dpkg --set-selections
dpkg: warning: package not in status nor available database at line 1: gcc-10
dpkg: warning: found unknown packages; this might mean the available database
is outdated, and needs to be updated through a frontend method;
please see the FAQ <https://wiki.debian.org/Teams/Dpkg/FAQ>
+ echo 'g++-10 hold'
+ dpkg --set-selections
dpkg: warning: package not in status nor available database at line 1: g++-10
dpkg: warning: found unknown packages; this might mean the available database
is outdated, and needs to be updated through a frontend method;
please see the FAQ <https://wiki.debian.org/Teams/Dpkg/FAQ>
+ for VERSION in $VERSIONS
+ rm -f g++-11 gcc-11 cpp-11 gcc
+ ln -s clang++-12 g++-11
+ ln -s clang-12 gcc-11
+ ln -s clang-12 cpp-11
+ ln -s clang-12 gcc
+ echo 'gcc-11 hold'
+ dpkg --set-selections
+ echo 'g++-11 hold'
+ dpkg --set-selections
+ cd -
/build/cpp-hocon-uShFzs
+ echo 'Check if gcc, g++ & cpp are actually clang'
Check if gcc, g++ & cpp are actually clang
+ gcc --version
+ grep clang
+ cpp --version
+ grep clang
+ g++ --version
+ grep clang
+ cd /usr/bin/
+ rm -f clang++ clang
+ ln -s clang-12 clang++
+ ln -s clang-12 clang
+ clang++ --version
Debian clang version 12.0.1-15
Target: x86_64-pc-linux-gnu
Thread model: posix
InstalledDir: /usr/bin
+ clang --version
Debian clang version 12.0.1-15
Target: x86_64-pc-linux-gnu
Thread model: posix
InstalledDir: /usr/bin
+ cd -
/build/cpp-hocon-uShFzs
+ apt install --yes --no-install-recommends --force-yes qt5-qmake

WARNING: apt does not have a stable CLI interface. Use with caution in scripts.

Reading package lists...
Building dependency tree...
Reading state information...
The following additional packages will be installed:
  qt5-qmake-bin qtchooser
The following NEW packages will be installed:
  qt5-qmake qt5-qmake-bin qtchooser
0 upgraded, 3 newly installed, 0 to remove and 0 not upgraded.
Need to get 1322 kB of archives.
After this operation, 4914 kB of additional disk space will be used.
Get:1 http://127.0.0.1:12990/debian sid/main amd64 qt5-qmake-bin amd64 5.15.2+dfsg-12 [1046 kB]
Get:2 http://127.0.0.1:12990/debian sid/main amd64 qtchooser amd64 66-2 [26.3 kB]
Get:3 http://127.0.0.1:12990/debian sid/main amd64 qt5-qmake amd64 5.15.2+dfsg-12 [249 kB]
debconf: delaying package configuration, since apt-utils is not installed
Fetched 1322 kB in 0s (20.1 MB/s)
Selecting previously unselected package qt5-qmake-bin.
(Reading database ... (Reading database ... 5%(Reading database ... 10%(Reading database ... 15%(Reading database ... 20%(Reading database ... 25%(Reading database ... 30%(Reading database ... 35%(Reading database ... 40%(Reading database ... 45%(Reading database ... 50%(Reading database ... 55%(Reading database ... 60%(Reading database ... 65%(Reading database ... 70%(Reading database ... 75%(Reading database ... 80%(Reading database ... 85%(Reading database ... 90%(Reading database ... 95%(Reading database ... 100%(Reading database ... 13527 files and directories currently installed.)
Preparing to unpack .../qt5-qmake-bin_5.15.2+dfsg-12_amd64.deb ...
Unpacking qt5-qmake-bin (5.15.2+dfsg-12) ...
Selecting previously unselected package qtchooser.
Preparing to unpack .../qtchooser_66-2_amd64.deb ...
Unpacking qtchooser (66-2) ...
Selecting previously unselected package qt5-qmake:amd64.
Preparing to unpack .../qt5-qmake_5.15.2+dfsg-12_amd64.deb ...
Unpacking qt5-qmake:amd64 (5.15.2+dfsg-12) ...
Setting up qt5-qmake-bin (5.15.2+dfsg-12) ...
Setting up qtchooser (66-2) ...
Setting up qt5-qmake:amd64 (5.15.2+dfsg-12) ...
W: --force-yes is deprecated, use one of the options starting with --allow instead.
+ cp /usr/lib/x86_64-linux-gnu/qt5/mkspecs/linux-clang/qmake.conf /usr/lib/x86_64-linux-gnu/qt5/mkspecs/linux-clang/qplatformdefs.h /usr/lib/x86_64-linux-gnu/qt5/mkspecs/linux-g++/
+ ls -al /usr/lib/x86_64-linux-gnu/qt5/mkspecs/linux-g++/
total 16
drwxr-xr-x  2 root root 4096 Oct 26 21:35 .
drwxr-xr-x 76 root root 4096 Oct 26 21:35 ..
-rw-r--r--  1 root root  276 Oct 26 21:35 qmake.conf
-rw-r--r--  1 root root 3218 Oct 26 21:35 qplatformdefs.h
+ cat /usr/lib/x86_64-linux-gnu/qt5/mkspecs/linux-g++/qmake.conf
#
# qmake configuration for linux-clang
#

MAKEFILE_GENERATOR = UNIX
CONFIG += incremental

QMAKE_INCREMENTAL_STYLE = sublib

include(../common/linux.conf)
include(../common/gcc-base-unix.conf)
include(../common/clang.conf)

QMAKE_LFLAGS += -ccc-gcc-name g++

load(qt_config)
+ export QMAKESPEC=/usr/lib/x86_64-linux-gnu/qt5/mkspecs/linux-clang/
+ QMAKESPEC=/usr/lib/x86_64-linux-gnu/qt5/mkspecs/linux-clang/
+ sed -i -e 's|compare_problem(2,|compare_problem(0,|g' /usr/bin/dpkg-gensymbols
+ sed -i -e 's|compare_problem(1,|compare_problem(0,|g' /usr/bin/dpkg-gensymbols
+ grep 'compare_problem(' /usr/bin/dpkg-gensymbols
        compare_problem(4, g_('new libraries appeared in the symbols file: %s'), "@libs");
        compare_problem(3, g_('some libraries disappeared in the symbols file: %s'), "@libs");
        compare_problem(0, g_('some new symbols appeared in the symbols file: %s'),
        compare_problem(0, g_('some symbols or patterns disappeared in the symbols file: %s'),

I: Finished running '/tmp/clang12'.

Finished processing commands.
--------------------------------------------------------------------------------
I: NOTICE: Log filtering will replace 'build/cpp-hocon-uShFzs/resolver-hGxIDZ' with '<<RESOLVERDIR>>'

+------------------------------------------------------------------------------+
| Update chroot                                                                |
+------------------------------------------------------------------------------+

Hit:1 http://127.0.0.1:12990/debian sid InRelease
Reading package lists...
Reading package lists...
Building dependency tree...
Reading state information...
Calculating upgrade...
0 upgraded, 0 newly installed, 0 to remove and 0 not upgraded.

+------------------------------------------------------------------------------+
| Fetch source files                                                           |
+------------------------------------------------------------------------------+


Check APT
---------

Checking available source versions...

Download source files with APT
------------------------------

Reading package lists...
NOTICE: 'cpp-hocon' packaging is maintained in the 'Git' version control system at:
https://salsa.debian.org/puppet-team/cpp-hocon.git
Please use:
git clone https://salsa.debian.org/puppet-team/cpp-hocon.git
to retrieve the latest (possibly unreleased) updates to the package.
Need to get 132 kB of source archives.
Get:1 http://127.0.0.1:12990/debian sid/main cpp-hocon 0.3.0-1 (dsc) [2095 B]
Get:2 http://127.0.0.1:12990/debian sid/main cpp-hocon 0.3.0-1 (tar) [127 kB]
Get:3 http://127.0.0.1:12990/debian sid/main cpp-hocon 0.3.0-1 (diff) [3040 B]
Fetched 132 kB in 0s (1646 kB/s)
Download complete and in download only mode
I: NOTICE: Log filtering will replace 'build/cpp-hocon-uShFzs/cpp-hocon-0.3.0' with '<<PKGBUILDDIR>>'
I: NOTICE: Log filtering will replace 'build/cpp-hocon-uShFzs' with '<<BUILDDIR>>'

+------------------------------------------------------------------------------+
| Install package build dependencies                                           |
+------------------------------------------------------------------------------+


Setup apt archive
-----------------

Merged Build-Depends: debhelper-compat (= 13), cmake, libleatherman-dev, libboost-program-options-dev, catch (>= 1.10~), build-essential, fakeroot
Filtered Build-Depends: debhelper-compat (= 13), cmake, libleatherman-dev, libboost-program-options-dev, catch (>= 1.10~), build-essential, fakeroot
dpkg-deb: building package 'sbuild-build-depends-main-dummy' in '/<<RESOLVERDIR>>/apt_archive/sbuild-build-depends-main-dummy.deb'.
Ign:1 copy:/<<RESOLVERDIR>>/apt_archive ./ InRelease
Get:2 copy:/<<RESOLVERDIR>>/apt_archive ./ Release [957 B]
Ign:3 copy:/<<RESOLVERDIR>>/apt_archive ./ Release.gpg
Get:4 copy:/<<RESOLVERDIR>>/apt_archive ./ Sources [414 B]
Get:5 copy:/<<RESOLVERDIR>>/apt_archive ./ Packages [497 B]
Fetched 1868 B in 0s (182 kB/s)
Reading package lists...
Reading package lists...

Install main build dependencies (apt-based resolver)
----------------------------------------------------

Installing build dependencies
Reading package lists...
Building dependency tree...
Reading state information...
The following additional packages will be installed:
  autoconf automake autopoint autotools-dev bsdextrautils catch cmake
  cmake-data debhelper dh-autoreconf dh-elpa-helper dh-strip-nondeterminism
  dwz emacsen-common file gettext gettext-base groff-base icu-devtools
  intltool-debian libarchive-zip-perl libarchive13 libboost-atomic1.74-dev
  libboost-atomic1.74.0 libboost-chrono-dev libboost-chrono1.74-dev
  libboost-chrono1.74.0 libboost-date-time-dev libboost-date-time1.74-dev
  libboost-date-time1.74.0 libboost-dev libboost-filesystem-dev
  libboost-filesystem1.74-dev libboost-filesystem1.74.0 libboost-locale-dev
  libboost-locale1.74-dev libboost-locale1.74.0 libboost-log-dev
  libboost-log1.74-dev libboost-log1.74.0 libboost-nowide-dev
  libboost-nowide1.74-dev libboost-nowide1.74.0 libboost-program-options-dev
  libboost-program-options1.74-dev libboost-program-options1.74.0
  libboost-regex-dev libboost-regex1.74-dev libboost-regex1.74.0
  libboost-serialization1.74-dev libboost-serialization1.74.0
  libboost-system-dev libboost-system1.74-dev libboost-system1.74.0
  libboost-thread-dev libboost-thread1.74-dev libboost-thread1.74.0
  libboost1.74-dev libbrotli1 libcurl4 libcurl4-openssl-dev libdebhelper-perl
  libexpat1 libfile-stripnondeterminism-perl libgcc-10-dev libicu-dev
  libjsoncpp24 libldap-2.4-2 libleatherman-dev libleatherman1.12.1
  libmagic-mgc libmagic1 libncurses6 libncursesw6 libnghttp2-14 libpipeline1
  libprocps8 libpsl5 librhash0 librtmp1 libsasl2-2 libsasl2-modules-db
  libsigsegv2 libssh2-1 libstdc++-10-dev libsub-override-perl libtool
  libuchardet0 libuv1 m4 man-db po-debconf procps sensible-utils
Suggested packages:
  autoconf-archive gnu-standards autoconf-doc cmake-doc ninja-build dh-make
  gettext-doc libasprintf-dev libgettextpo-dev groff lrzip libboost-doc
  libboost1.74-doc python3 libboost-container1.74-dev libboost-context1.74-dev
  libboost-contract1.74-dev libboost-coroutine1.74-dev
  libboost-exception1.74-dev libboost-fiber1.74-dev libboost-graph1.74-dev
  libboost-graph-parallel1.74-dev libboost-iostreams1.74-dev
  libboost-math1.74-dev libboost-mpi1.74-dev libboost-mpi-python1.74-dev
  libboost-numpy1.74-dev libboost-python1.74-dev libboost-random1.74-dev
  libboost-stacktrace1.74-dev libboost-test1.74-dev libboost-timer1.74-dev
  libboost-type-erasure1.74-dev libboost-wave1.74-dev libboost1.74-tools-dev
  libmpfrc++-dev libntl-dev libcurl4-doc libidn11-dev libkrb5-dev libldap2-dev
  librtmp-dev libssh2-1-dev libssl-dev pkg-config zlib1g-dev icu-doc
  libstdc++-10-doc libtool-doc gfortran | fortran95-compiler gcj-jdk m4-doc
  apparmor less www-browser libmail-box-perl
Recommended packages:
  curl | wget | lynx ca-certificates libarchive-cpio-perl libldap-common
  libgpm2 publicsuffix libsasl2-modules libltdl-dev libmail-sendmail-perl
  psmisc
The following NEW packages will be installed:
  autoconf automake autopoint autotools-dev bsdextrautils catch cmake
  cmake-data debhelper dh-autoreconf dh-elpa-helper dh-strip-nondeterminism
  dwz emacsen-common file gettext gettext-base groff-base icu-devtools
  intltool-debian libarchive-zip-perl libarchive13 libboost-atomic1.74-dev
  libboost-atomic1.74.0 libboost-chrono-dev libboost-chrono1.74-dev
  libboost-chrono1.74.0 libboost-date-time-dev libboost-date-time1.74-dev
  libboost-date-time1.74.0 libboost-dev libboost-filesystem-dev
  libboost-filesystem1.74-dev libboost-filesystem1.74.0 libboost-locale-dev
  libboost-locale1.74-dev libboost-locale1.74.0 libboost-log-dev
  libboost-log1.74-dev libboost-log1.74.0 libboost-nowide-dev
  libboost-nowide1.74-dev libboost-nowide1.74.0 libboost-program-options-dev
  libboost-program-options1.74-dev libboost-program-options1.74.0
  libboost-regex-dev libboost-regex1.74-dev libboost-regex1.74.0
  libboost-serialization1.74-dev libboost-serialization1.74.0
  libboost-system-dev libboost-system1.74-dev libboost-system1.74.0
  libboost-thread-dev libboost-thread1.74-dev libboost-thread1.74.0
  libboost1.74-dev libbrotli1 libcurl4 libcurl4-openssl-dev libdebhelper-perl
  libexpat1 libfile-stripnondeterminism-perl libgcc-10-dev libicu-dev
  libjsoncpp24 libldap-2.4-2 libleatherman-dev libleatherman1.12.1
  libmagic-mgc libmagic1 libncurses6 libncursesw6 libnghttp2-14 libpipeline1
  libprocps8 libpsl5 librhash0 librtmp1 libsasl2-2 libsasl2-modules-db
  libsigsegv2 libssh2-1 libstdc++-10-dev libsub-override-perl libtool
  libuchardet0 libuv1 m4 man-db po-debconf procps
  sbuild-build-depends-main-dummy sensible-utils
0 upgraded, 95 newly installed, 0 to remove and 0 not upgraded.
Need to get 54.7 MB of archives.
After this operation, 372 MB of additional disk space will be used.
Get:1 copy:/<<RESOLVERDIR>>/apt_archive ./ sbuild-build-depends-main-dummy 0.invalid.0 [924 B]
Get:2 http://127.0.0.1:12990/debian sid/main amd64 bsdextrautils amd64 2.37.2-4 [143 kB]
Get:3 http://127.0.0.1:12990/debian sid/main amd64 libuchardet0 amd64 0.0.7-1 [67.8 kB]
Get:4 http://127.0.0.1:12990/debian sid/main amd64 groff-base amd64 1.22.4-7 [935 kB]
Get:5 http://127.0.0.1:12990/debian sid/main amd64 libpipeline1 amd64 1.5.3-1 [34.3 kB]
Get:6 http://127.0.0.1:12990/debian sid/main amd64 man-db amd64 2.9.4-2 [1354 kB]
Get:7 http://127.0.0.1:12990/debian sid/main amd64 libncurses6 amd64 6.2+20210905-1 [102 kB]
Get:8 http://127.0.0.1:12990/debian sid/main amd64 libncursesw6 amd64 6.2+20210905-1 [133 kB]
Get:9 http://127.0.0.1:12990/debian sid/main amd64 libprocps8 amd64 2:3.3.17-5 [63.9 kB]
Get:10 http://127.0.0.1:12990/debian sid/main amd64 procps amd64 2:3.3.17-5 [502 kB]
Get:11 http://127.0.0.1:12990/debian sid/main amd64 sensible-utils all 0.0.17 [21.5 kB]
Get:12 http://127.0.0.1:12990/debian sid/main amd64 libmagic-mgc amd64 1:5.39-3 [273 kB]
Get:13 http://127.0.0.1:12990/debian sid/main amd64 libmagic1 amd64 1:5.39-3 [126 kB]
Get:14 http://127.0.0.1:12990/debian sid/main amd64 file amd64 1:5.39-3 [69.1 kB]
Get:15 http://127.0.0.1:12990/debian sid/main amd64 gettext-base amd64 0.21-4 [175 kB]
Get:16 http://127.0.0.1:12990/debian sid/main amd64 libsigsegv2 amd64 2.13-1 [34.8 kB]
Get:17 http://127.0.0.1:12990/debian sid/main amd64 m4 amd64 1.4.18-5 [204 kB]
Get:18 http://127.0.0.1:12990/debian sid/main amd64 autoconf all 2.71-2 [343 kB]
Get:19 http://127.0.0.1:12990/debian sid/main amd64 autotools-dev all 20180224.1+nmu1 [77.1 kB]
Get:20 http://127.0.0.1:12990/debian sid/main amd64 automake all 1:1.16.5-1 [823 kB]
Get:21 http://127.0.0.1:12990/debian sid/main amd64 autopoint all 0.21-4 [510 kB]
Get:22 http://127.0.0.1:12990/debian sid/main amd64 catch amd64 1.12.1-1.1 [114 kB]
Get:23 http://127.0.0.1:12990/debian sid/main amd64 libarchive13 amd64 3.4.3-2+b1 [343 kB]
Get:24 http://127.0.0.1:12990/debian sid/main amd64 libbrotli1 amd64 1.0.9-2+b2 [279 kB]
Get:25 http://127.0.0.1:12990/debian sid/main amd64 libsasl2-modules-db amd64 2.1.27+dfsg-2.1 [69.1 kB]
Get:26 http://127.0.0.1:12990/debian sid/main amd64 libsasl2-2 amd64 2.1.27+dfsg-2.1 [106 kB]
Get:27 http://127.0.0.1:12990/debian sid/main amd64 libldap-2.4-2 amd64 2.4.59+dfsg-1 [232 kB]
Get:28 http://127.0.0.1:12990/debian sid/main amd64 libnghttp2-14 amd64 1.43.0-1 [77.1 kB]
Get:29 http://127.0.0.1:12990/debian sid/main amd64 libpsl5 amd64 0.21.0-1.2 [57.3 kB]
Get:30 http://127.0.0.1:12990/debian sid/main amd64 librtmp1 amd64 2.4+20151223.gitfa8646d.1-2+b2 [60.8 kB]
Get:31 http://127.0.0.1:12990/debian sid/main amd64 libssh2-1 amd64 1.10.0-2 [178 kB]
Get:32 http://127.0.0.1:12990/debian sid/main amd64 libcurl4 amd64 7.74.0-1.3+b1 [341 kB]
Get:33 http://127.0.0.1:12990/debian sid/main amd64 libexpat1 amd64 2.4.1-3 [104 kB]
Get:34 http://127.0.0.1:12990/debian sid/main amd64 libjsoncpp24 amd64 1.9.4-5 [78.8 kB]
Get:35 http://127.0.0.1:12990/debian sid/main amd64 librhash0 amd64 1.4.2-1 [129 kB]
Get:36 http://127.0.0.1:12990/debian sid/main amd64 libuv1 amd64 1.42.0-1 [135 kB]
Get:37 http://127.0.0.1:12990/debian sid/main amd64 dh-elpa-helper all 2.0.9 [11.2 kB]
Get:38 http://127.0.0.1:12990/debian sid/main amd64 emacsen-common all 3.0.4 [19.3 kB]
Get:39 http://127.0.0.1:12990/debian sid/main amd64 cmake-data all 3.21.3-5 [1878 kB]
Get:40 http://127.0.0.1:12990/debian sid/main amd64 cmake amd64 3.21.3-5 [7907 kB]
Get:41 http://127.0.0.1:12990/debian sid/main amd64 libdebhelper-perl all 13.5.2 [192 kB]
Get:42 http://127.0.0.1:12990/debian sid/main amd64 libtool all 2.4.6-15 [513 kB]
Get:43 http://127.0.0.1:12990/debian sid/main amd64 dh-autoreconf all 20 [17.1 kB]
Get:44 http://127.0.0.1:12990/debian sid/main amd64 libarchive-zip-perl all 1.68-1 [104 kB]
Get:45 http://127.0.0.1:12990/debian sid/main amd64 libsub-override-perl all 0.09-2 [10.2 kB]
Get:46 http://127.0.0.1:12990/debian sid/main amd64 libfile-stripnondeterminism-perl all 1.12.0-2 [26.3 kB]
Get:47 http://127.0.0.1:12990/debian sid/main amd64 dh-strip-nondeterminism all 1.12.0-2 [15.5 kB]
Get:48 http://127.0.0.1:12990/debian sid/main amd64 dwz amd64 0.14-1 [98.3 kB]
Get:49 http://127.0.0.1:12990/debian sid/main amd64 gettext amd64 0.21-4 [1311 kB]
Get:50 http://127.0.0.1:12990/debian sid/main amd64 intltool-debian all 0.35.0+20060710.5 [26.8 kB]
Get:51 http://127.0.0.1:12990/debian sid/main amd64 po-debconf all 1.0.21+nmu1 [248 kB]
Get:52 http://127.0.0.1:12990/debian sid/main amd64 debhelper all 13.5.2 [1056 kB]
Get:53 http://127.0.0.1:12990/debian sid/main amd64 icu-devtools amd64 67.1-7 [201 kB]
Get:54 http://127.0.0.1:12990/debian sid/main amd64 libgcc-10-dev amd64 10.3.0-11 [2323 kB]
Get:55 http://127.0.0.1:12990/debian sid/main amd64 libstdc++-10-dev amd64 10.3.0-11 [1750 kB]
Get:56 http://127.0.0.1:12990/debian sid/main amd64 libboost1.74-dev amd64 1.74.0-11 [9533 kB]
Get:57 http://127.0.0.1:12990/debian sid/main amd64 libboost-atomic1.74.0 amd64 1.74.0-11 [244 kB]
Get:58 http://127.0.0.1:12990/debian sid/main amd64 libboost-atomic1.74-dev amd64 1.74.0-11 [245 kB]
Get:59 http://127.0.0.1:12990/debian sid/main amd64 libboost-chrono1.74.0 amd64 1.74.0-11 [252 kB]
Get:60 http://127.0.0.1:12990/debian sid/main amd64 libboost-chrono1.74-dev amd64 1.74.0-11 [260 kB]
Get:61 http://127.0.0.1:12990/debian sid/main amd64 libboost-chrono-dev amd64 1.74.0.3 [4960 B]
Get:62 http://127.0.0.1:12990/debian sid/main amd64 libboost-date-time1.74.0 amd64 1.74.0-11 [241 kB]
Get:63 http://127.0.0.1:12990/debian sid/main amd64 libboost-serialization1.74.0 amd64 1.74.0-11 [340 kB]
Get:64 http://127.0.0.1:12990/debian sid/main amd64 libboost-serialization1.74-dev amd64 1.74.0-11 [381 kB]
Get:65 http://127.0.0.1:12990/debian sid/main amd64 libboost-date-time1.74-dev amd64 1.74.0-11 [251 kB]
Get:66 http://127.0.0.1:12990/debian sid/main amd64 libboost-date-time-dev amd64 1.74.0.3 [4332 B]
Get:67 http://127.0.0.1:12990/debian sid/main amd64 libboost-dev amd64 1.74.0.3 [4548 B]
Get:68 http://127.0.0.1:12990/debian sid/main amd64 libboost-filesystem1.74.0 amd64 1.74.0-11 [283 kB]
Get:69 http://127.0.0.1:12990/debian sid/main amd64 libboost-system1.74.0 amd64 1.74.0-11 [242 kB]
Get:70 http://127.0.0.1:12990/debian sid/main amd64 libboost-system1.74-dev amd64 1.74.0-11 [243 kB]
Get:71 http://127.0.0.1:12990/debian sid/main amd64 libboost-filesystem1.74-dev amd64 1.74.0-11 [303 kB]
Get:72 http://127.0.0.1:12990/debian sid/main amd64 libboost-filesystem-dev amd64 1.74.0.3 [4368 B]
Get:73 http://127.0.0.1:12990/debian sid/main amd64 libboost-thread1.74.0 amd64 1.74.0-11 [280 kB]
Get:74 http://127.0.0.1:12990/debian sid/main amd64 libboost-thread1.74-dev amd64 1.74.0-11 [289 kB]
Get:75 http://127.0.0.1:12990/debian sid/main amd64 libboost-locale1.74.0 amd64 1.74.0-11 [472 kB]
Get:76 http://127.0.0.1:12990/debian sid/main amd64 libboost-locale1.74-dev amd64 1.74.0-11 [571 kB]
Get:77 http://127.0.0.1:12990/debian sid/main amd64 libboost-locale-dev amd64 1.74.0.3 [4660 B]
Get:78 http://127.0.0.1:12990/debian sid/main amd64 libboost-regex1.74.0 amd64 1.74.0-11 [516 kB]
Get:79 http://127.0.0.1:12990/debian sid/main amd64 libboost-log1.74.0 amd64 1.74.0-11 [619 kB]
Get:80 http://127.0.0.1:12990/debian sid/main amd64 libicu-dev amd64 67.1-7 [9597 kB]
Get:81 http://127.0.0.1:12990/debian sid/main amd64 libboost-regex1.74-dev amd64 1.74.0-11 [585 kB]
Get:82 http://127.0.0.1:12990/debian sid/main amd64 libboost-log1.74-dev amd64 1.74.0-11 [807 kB]
Get:83 http://127.0.0.1:12990/debian sid/main amd64 libboost-log-dev amd64 1.74.0.3 [4540 B]
Get:84 http://127.0.0.1:12990/debian sid/main amd64 libboost-nowide1.74.0 amd64 1.74.0-11 [243 kB]
Get:85 http://127.0.0.1:12990/debian sid/main amd64 libboost-nowide1.74-dev amd64 1.74.0-11 [244 kB]
Get:86 http://127.0.0.1:12990/debian sid/main amd64 libboost-nowide-dev amd64 1.74.0.3 [4392 B]
Get:87 http://127.0.0.1:12990/debian sid/main amd64 libboost-program-options1.74.0 amd64 1.74.0-11 [356 kB]
Get:88 http://127.0.0.1:12990/debian sid/main amd64 libboost-program-options1.74-dev amd64 1.74.0-11 [385 kB]
Get:89 http://127.0.0.1:12990/debian sid/main amd64 libboost-program-options-dev amd64 1.74.0.3 [4340 B]
Get:90 http://127.0.0.1:12990/debian sid/main amd64 libboost-regex-dev amd64 1.74.0.3 [4600 B]
Get:91 http://127.0.0.1:12990/debian sid/main amd64 libboost-system-dev amd64 1.74.0.3 [4468 B]
Get:92 http://127.0.0.1:12990/debian sid/main amd64 libboost-thread-dev amd64 1.74.0.3 [4356 B]
Get:93 http://127.0.0.1:12990/debian sid/main amd64 libcurl4-openssl-dev amd64 7.74.0-1.3+b1 [432 kB]
Get:94 http://127.0.0.1:12990/debian sid/main amd64 libleatherman1.12.1 amd64 1.12.1+dfsg-1.1 [346 kB]
Get:95 http://127.0.0.1:12990/debian sid/main amd64 libleatherman-dev amd64 1.12.1+dfsg-1.1 [102 kB]
debconf: delaying package configuration, since apt-utils is not installed
Fetched 54.7 MB in 0s (130 MB/s)
Selecting previously unselected package bsdextrautils.
(Reading database ... 14272 files and directories currently installed.)
Preparing to unpack .../00-bsdextrautils_2.37.2-4_amd64.deb ...
Unpacking bsdextrautils (2.37.2-4) ...
Selecting previously unselected package libuchardet0:amd64.
Preparing to unpack .../01-libuchardet0_0.0.7-1_amd64.deb ...
Unpacking libuchardet0:amd64 (0.0.7-1) ...
Selecting previously unselected package groff-base.
Preparing to unpack .../02-groff-base_1.22.4-7_amd64.deb ...
Unpacking groff-base (1.22.4-7) ...
Selecting previously unselected package libpipeline1:amd64.
Preparing to unpack .../03-libpipeline1_1.5.3-1_amd64.deb ...
Unpacking libpipeline1:amd64 (1.5.3-1) ...
Selecting previously unselected package man-db.
Preparing to unpack .../04-man-db_2.9.4-2_amd64.deb ...
Unpacking man-db (2.9.4-2) ...
Selecting previously unselected package libncurses6:amd64.
Preparing to unpack .../05-libncurses6_6.2+20210905-1_amd64.deb ...
Unpacking libncurses6:amd64 (6.2+20210905-1) ...
Selecting previously unselected package libncursesw6:amd64.
Preparing to unpack .../06-libncursesw6_6.2+20210905-1_amd64.deb ...
Unpacking libncursesw6:amd64 (6.2+20210905-1) ...
Selecting previously unselected package libprocps8:amd64.
Preparing to unpack .../07-libprocps8_2%3a3.3.17-5_amd64.deb ...
Unpacking libprocps8:amd64 (2:3.3.17-5) ...
Selecting previously unselected package procps.
Preparing to unpack .../08-procps_2%3a3.3.17-5_amd64.deb ...
Unpacking procps (2:3.3.17-5) ...
Selecting previously unselected package sensible-utils.
Preparing to unpack .../09-sensible-utils_0.0.17_all.deb ...
Unpacking sensible-utils (0.0.17) ...
Selecting previously unselected package libmagic-mgc.
Preparing to unpack .../10-libmagic-mgc_1%3a5.39-3_amd64.deb ...
Unpacking libmagic-mgc (1:5.39-3) ...
Selecting previously unselected package libmagic1:amd64.
Preparing to unpack .../11-libmagic1_1%3a5.39-3_amd64.deb ...
Unpacking libmagic1:amd64 (1:5.39-3) ...
Selecting previously unselected package file.
Preparing to unpack .../12-file_1%3a5.39-3_amd64.deb ...
Unpacking file (1:5.39-3) ...
Selecting previously unselected package gettext-base.
Preparing to unpack .../13-gettext-base_0.21-4_amd64.deb ...
Unpacking gettext-base (0.21-4) ...
Selecting previously unselected package libsigsegv2:amd64.
Preparing to unpack .../14-libsigsegv2_2.13-1_amd64.deb ...
Unpacking libsigsegv2:amd64 (2.13-1) ...
Selecting previously unselected package m4.
Preparing to unpack .../15-m4_1.4.18-5_amd64.deb ...
Unpacking m4 (1.4.18-5) ...
Selecting previously unselected package autoconf.
Preparing to unpack .../16-autoconf_2.71-2_all.deb ...
Unpacking autoconf (2.71-2) ...
Selecting previously unselected package autotools-dev.
Preparing to unpack .../17-autotools-dev_20180224.1+nmu1_all.deb ...
Unpacking autotools-dev (20180224.1+nmu1) ...
Selecting previously unselected package automake.
Preparing to unpack .../18-automake_1%3a1.16.5-1_all.deb ...
Unpacking automake (1:1.16.5-1) ...
Selecting previously unselected package autopoint.
Preparing to unpack .../19-autopoint_0.21-4_all.deb ...
Unpacking autopoint (0.21-4) ...
Selecting previously unselected package catch.
Preparing to unpack .../20-catch_1.12.1-1.1_amd64.deb ...
Unpacking catch (1.12.1-1.1) ...
Selecting previously unselected package libarchive13:amd64.
Preparing to unpack .../21-libarchive13_3.4.3-2+b1_amd64.deb ...
Unpacking libarchive13:amd64 (3.4.3-2+b1) ...
Selecting previously unselected package libbrotli1:amd64.
Preparing to unpack .../22-libbrotli1_1.0.9-2+b2_amd64.deb ...
Unpacking libbrotli1:amd64 (1.0.9-2+b2) ...
Selecting previously unselected package libsasl2-modules-db:amd64.
Preparing to unpack .../23-libsasl2-modules-db_2.1.27+dfsg-2.1_amd64.deb ...
Unpacking libsasl2-modules-db:amd64 (2.1.27+dfsg-2.1) ...
Selecting previously unselected package libsasl2-2:amd64.
Preparing to unpack .../24-libsasl2-2_2.1.27+dfsg-2.1_amd64.deb ...
Unpacking libsasl2-2:amd64 (2.1.27+dfsg-2.1) ...
Selecting previously unselected package libldap-2.4-2:amd64.
Preparing to unpack .../25-libldap-2.4-2_2.4.59+dfsg-1_amd64.deb ...
Unpacking libldap-2.4-2:amd64 (2.4.59+dfsg-1) ...
Selecting previously unselected package libnghttp2-14:amd64.
Preparing to unpack .../26-libnghttp2-14_1.43.0-1_amd64.deb ...
Unpacking libnghttp2-14:amd64 (1.43.0-1) ...
Selecting previously unselected package libpsl5:amd64.
Preparing to unpack .../27-libpsl5_0.21.0-1.2_amd64.deb ...
Unpacking libpsl5:amd64 (0.21.0-1.2) ...
Selecting previously unselected package librtmp1:amd64.
Preparing to unpack .../28-librtmp1_2.4+20151223.gitfa8646d.1-2+b2_amd64.deb ...
Unpacking librtmp1:amd64 (2.4+20151223.gitfa8646d.1-2+b2) ...
Selecting previously unselected package libssh2-1:amd64.
Preparing to unpack .../29-libssh2-1_1.10.0-2_amd64.deb ...
Unpacking libssh2-1:amd64 (1.10.0-2) ...
Selecting previously unselected package libcurl4:amd64.
Preparing to unpack .../30-libcurl4_7.74.0-1.3+b1_amd64.deb ...
Unpacking libcurl4:amd64 (7.74.0-1.3+b1) ...
Selecting previously unselected package libexpat1:amd64.
Preparing to unpack .../31-libexpat1_2.4.1-3_amd64.deb ...
Unpacking libexpat1:amd64 (2.4.1-3) ...
Selecting previously unselected package libjsoncpp24:amd64.
Preparing to unpack .../32-libjsoncpp24_1.9.4-5_amd64.deb ...
Unpacking libjsoncpp24:amd64 (1.9.4-5) ...
Selecting previously unselected package librhash0:amd64.
Preparing to unpack .../33-librhash0_1.4.2-1_amd64.deb ...
Unpacking librhash0:amd64 (1.4.2-1) ...
Selecting previously unselected package libuv1:amd64.
Preparing to unpack .../34-libuv1_1.42.0-1_amd64.deb ...
Unpacking libuv1:amd64 (1.42.0-1) ...
Selecting previously unselected package dh-elpa-helper.
Preparing to unpack .../35-dh-elpa-helper_2.0.9_all.deb ...
Unpacking dh-elpa-helper (2.0.9) ...
Selecting previously unselected package emacsen-common.
Preparing to unpack .../36-emacsen-common_3.0.4_all.deb ...
Unpacking emacsen-common (3.0.4) ...
Selecting previously unselected package cmake-data.
Preparing to unpack .../37-cmake-data_3.21.3-5_all.deb ...
Unpacking cmake-data (3.21.3-5) ...
Selecting previously unselected package cmake.
Preparing to unpack .../38-cmake_3.21.3-5_amd64.deb ...
Unpacking cmake (3.21.3-5) ...
Selecting previously unselected package libdebhelper-perl.
Preparing to unpack .../39-libdebhelper-perl_13.5.2_all.deb ...
Unpacking libdebhelper-perl (13.5.2) ...
Selecting previously unselected package libtool.
Preparing to unpack .../40-libtool_2.4.6-15_all.deb ...
Unpacking libtool (2.4.6-15) ...
Selecting previously unselected package dh-autoreconf.
Preparing to unpack .../41-dh-autoreconf_20_all.deb ...
Unpacking dh-autoreconf (20) ...
Selecting previously unselected package libarchive-zip-perl.
Preparing to unpack .../42-libarchive-zip-perl_1.68-1_all.deb ...
Unpacking libarchive-zip-perl (1.68-1) ...
Selecting previously unselected package libsub-override-perl.
Preparing to unpack .../43-libsub-override-perl_0.09-2_all.deb ...
Unpacking libsub-override-perl (0.09-2) ...
Selecting previously unselected package libfile-stripnondeterminism-perl.
Preparing to unpack .../44-libfile-stripnondeterminism-perl_1.12.0-2_all.deb ...
Unpacking libfile-stripnondeterminism-perl (1.12.0-2) ...
Selecting previously unselected package dh-strip-nondeterminism.
Preparing to unpack .../45-dh-strip-nondeterminism_1.12.0-2_all.deb ...
Unpacking dh-strip-nondeterminism (1.12.0-2) ...
Selecting previously unselected package dwz.
Preparing to unpack .../46-dwz_0.14-1_amd64.deb ...
Unpacking dwz (0.14-1) ...
Selecting previously unselected package gettext.
Preparing to unpack .../47-gettext_0.21-4_amd64.deb ...
Unpacking gettext (0.21-4) ...
Selecting previously unselected package intltool-debian.
Preparing to unpack .../48-intltool-debian_0.35.0+20060710.5_all.deb ...
Unpacking intltool-debian (0.35.0+20060710.5) ...
Selecting previously unselected package po-debconf.
Preparing to unpack .../49-po-debconf_1.0.21+nmu1_all.deb ...
Unpacking po-debconf (1.0.21+nmu1) ...
Selecting previously unselected package debhelper.
Preparing to unpack .../50-debhelper_13.5.2_all.deb ...
Unpacking debhelper (13.5.2) ...
Selecting previously unselected package icu-devtools.
Preparing to unpack .../51-icu-devtools_67.1-7_amd64.deb ...
Unpacking icu-devtools (67.1-7) ...
Selecting previously unselected package libgcc-10-dev:amd64.
Preparing to unpack .../52-libgcc-10-dev_10.3.0-11_amd64.deb ...
Unpacking libgcc-10-dev:amd64 (10.3.0-11) ...
Selecting previously unselected package libstdc++-10-dev:amd64.
Preparing to unpack .../53-libstdc++-10-dev_10.3.0-11_amd64.deb ...
Unpacking libstdc++-10-dev:amd64 (10.3.0-11) ...
Selecting previously unselected package libboost1.74-dev:amd64.
Preparing to unpack .../54-libboost1.74-dev_1.74.0-11_amd64.deb ...
Unpacking libboost1.74-dev:amd64 (1.74.0-11) ...
Selecting previously unselected package libboost-atomic1.74.0:amd64.
Preparing to unpack .../55-libboost-atomic1.74.0_1.74.0-11_amd64.deb ...
Unpacking libboost-atomic1.74.0:amd64 (1.74.0-11) ...
Selecting previously unselected package libboost-atomic1.74-dev:amd64.
Preparing to unpack .../56-libboost-atomic1.74-dev_1.74.0-11_amd64.deb ...
Unpacking libboost-atomic1.74-dev:amd64 (1.74.0-11) ...
Selecting previously unselected package libboost-chrono1.74.0:amd64.
Preparing to unpack .../57-libboost-chrono1.74.0_1.74.0-11_amd64.deb ...
Unpacking libboost-chrono1.74.0:amd64 (1.74.0-11) ...
Selecting previously unselected package libboost-chrono1.74-dev:amd64.
Preparing to unpack .../58-libboost-chrono1.74-dev_1.74.0-11_amd64.deb ...
Unpacking libboost-chrono1.74-dev:amd64 (1.74.0-11) ...
Selecting previously unselected package libboost-chrono-dev:amd64.
Preparing to unpack .../59-libboost-chrono-dev_1.74.0.3_amd64.deb ...
Unpacking libboost-chrono-dev:amd64 (1.74.0.3) ...
Selecting previously unselected package libboost-date-time1.74.0:amd64.
Preparing to unpack .../60-libboost-date-time1.74.0_1.74.0-11_amd64.deb ...
Unpacking libboost-date-time1.74.0:amd64 (1.74.0-11) ...
Selecting previously unselected package libboost-serialization1.74.0:amd64.
Preparing to unpack .../61-libboost-serialization1.74.0_1.74.0-11_amd64.deb ...
Unpacking libboost-serialization1.74.0:amd64 (1.74.0-11) ...
Selecting previously unselected package libboost-serialization1.74-dev:amd64.
Preparing to unpack .../62-libboost-serialization1.74-dev_1.74.0-11_amd64.deb ...
Unpacking libboost-serialization1.74-dev:amd64 (1.74.0-11) ...
Selecting previously unselected package libboost-date-time1.74-dev:amd64.
Preparing to unpack .../63-libboost-date-time1.74-dev_1.74.0-11_amd64.deb ...
Unpacking libboost-date-time1.74-dev:amd64 (1.74.0-11) ...
Selecting previously unselected package libboost-date-time-dev:amd64.
Preparing to unpack .../64-libboost-date-time-dev_1.74.0.3_amd64.deb ...
Unpacking libboost-date-time-dev:amd64 (1.74.0.3) ...
Selecting previously unselected package libboost-dev:amd64.
Preparing to unpack .../65-libboost-dev_1.74.0.3_amd64.deb ...
Unpacking libboost-dev:amd64 (1.74.0.3) ...
Selecting previously unselected package libboost-filesystem1.74.0:amd64.
Preparing to unpack .../66-libboost-filesystem1.74.0_1.74.0-11_amd64.deb ...
Unpacking libboost-filesystem1.74.0:amd64 (1.74.0-11) ...
Selecting previously unselected package libboost-system1.74.0:amd64.
Preparing to unpack .../67-libboost-system1.74.0_1.74.0-11_amd64.deb ...
Unpacking libboost-system1.74.0:amd64 (1.74.0-11) ...
Selecting previously unselected package libboost-system1.74-dev:amd64.
Preparing to unpack .../68-libboost-system1.74-dev_1.74.0-11_amd64.deb ...
Unpacking libboost-system1.74-dev:amd64 (1.74.0-11) ...
Selecting previously unselected package libboost-filesystem1.74-dev:amd64.
Preparing to unpack .../69-libboost-filesystem1.74-dev_1.74.0-11_amd64.deb ...
Unpacking libboost-filesystem1.74-dev:amd64 (1.74.0-11) ...
Selecting previously unselected package libboost-filesystem-dev:amd64.
Preparing to unpack .../70-libboost-filesystem-dev_1.74.0.3_amd64.deb ...
Unpacking libboost-filesystem-dev:amd64 (1.74.0.3) ...
Selecting previously unselected package libboost-thread1.74.0:amd64.
Preparing to unpack .../71-libboost-thread1.74.0_1.74.0-11_amd64.deb ...
Unpacking libboost-thread1.74.0:amd64 (1.74.0-11) ...
Selecting previously unselected package libboost-thread1.74-dev:amd64.
Preparing to unpack .../72-libboost-thread1.74-dev_1.74.0-11_amd64.deb ...
Unpacking libboost-thread1.74-dev:amd64 (1.74.0-11) ...
Selecting previously unselected package libboost-locale1.74.0:amd64.
Preparing to unpack .../73-libboost-locale1.74.0_1.74.0-11_amd64.deb ...
Unpacking libboost-locale1.74.0:amd64 (1.74.0-11) ...
Selecting previously unselected package libboost-locale1.74-dev:amd64.
Preparing to unpack .../74-libboost-locale1.74-dev_1.74.0-11_amd64.deb ...
Unpacking libboost-locale1.74-dev:amd64 (1.74.0-11) ...
Selecting previously unselected package libboost-locale-dev:amd64.
Preparing to unpack .../75-libboost-locale-dev_1.74.0.3_amd64.deb ...
Unpacking libboost-locale-dev:amd64 (1.74.0.3) ...
Selecting previously unselected package libboost-regex1.74.0:amd64.
Preparing to unpack .../76-libboost-regex1.74.0_1.74.0-11_amd64.deb ...
Unpacking libboost-regex1.74.0:amd64 (1.74.0-11) ...
Selecting previously unselected package libboost-log1.74.0.
Preparing to unpack .../77-libboost-log1.74.0_1.74.0-11_amd64.deb ...
Unpacking libboost-log1.74.0 (1.74.0-11) ...
Selecting previously unselected package libicu-dev:amd64.
Preparing to unpack .../78-libicu-dev_67.1-7_amd64.deb ...
Unpacking libicu-dev:amd64 (67.1-7) ...
Selecting previously unselected package libboost-regex1.74-dev:amd64.
Preparing to unpack .../79-libboost-regex1.74-dev_1.74.0-11_amd64.deb ...
Unpacking libboost-regex1.74-dev:amd64 (1.74.0-11) ...
Selecting previously unselected package libboost-log1.74-dev.
Preparing to unpack .../80-libboost-log1.74-dev_1.74.0-11_amd64.deb ...
Unpacking libboost-log1.74-dev (1.74.0-11) ...
Selecting previously unselected package libboost-log-dev.
Preparing to unpack .../81-libboost-log-dev_1.74.0.3_amd64.deb ...
Unpacking libboost-log-dev (1.74.0.3) ...
Selecting previously unselected package libboost-nowide1.74.0.
Preparing to unpack .../82-libboost-nowide1.74.0_1.74.0-11_amd64.deb ...
Unpacking libboost-nowide1.74.0 (1.74.0-11) ...
Selecting previously unselected package libboost-nowide1.74-dev.
Preparing to unpack .../83-libboost-nowide1.74-dev_1.74.0-11_amd64.deb ...
Unpacking libboost-nowide1.74-dev (1.74.0-11) ...
Selecting previously unselected package libboost-nowide-dev.
Preparing to unpack .../84-libboost-nowide-dev_1.74.0.3_amd64.deb ...
Unpacking libboost-nowide-dev (1.74.0.3) ...
Selecting previously unselected package libboost-program-options1.74.0:amd64.
Preparing to unpack .../85-libboost-program-options1.74.0_1.74.0-11_amd64.deb ...
Unpacking libboost-program-options1.74.0:amd64 (1.74.0-11) ...
Selecting previously unselected package libboost-program-options1.74-dev:amd64.
Preparing to unpack .../86-libboost-program-options1.74-dev_1.74.0-11_amd64.deb ...
Unpacking libboost-program-options1.74-dev:amd64 (1.74.0-11) ...
Selecting previously unselected package libboost-program-options-dev:amd64.
Preparing to unpack .../87-libboost-program-options-dev_1.74.0.3_amd64.deb ...
Unpacking libboost-program-options-dev:amd64 (1.74.0.3) ...
Selecting previously unselected package libboost-regex-dev:amd64.
Preparing to unpack .../88-libboost-regex-dev_1.74.0.3_amd64.deb ...
Unpacking libboost-regex-dev:amd64 (1.74.0.3) ...
Selecting previously unselected package libboost-system-dev:amd64.
Preparing to unpack .../89-libboost-system-dev_1.74.0.3_amd64.deb ...
Unpacking libboost-system-dev:amd64 (1.74.0.3) ...
Selecting previously unselected package libboost-thread-dev:amd64.
Preparing to unpack .../90-libboost-thread-dev_1.74.0.3_amd64.deb ...
Unpacking libboost-thread-dev:amd64 (1.74.0.3) ...
Selecting previously unselected package libcurl4-openssl-dev:amd64.
Preparing to unpack .../91-libcurl4-openssl-dev_7.74.0-1.3+b1_amd64.deb ...
Unpacking libcurl4-openssl-dev:amd64 (7.74.0-1.3+b1) ...
Selecting previously unselected package libleatherman1.12.1:amd64.
Preparing to unpack .../92-libleatherman1.12.1_1.12.1+dfsg-1.1_amd64.deb ...
Unpacking libleatherman1.12.1:amd64 (1.12.1+dfsg-1.1) ...
Selecting previously unselected package libleatherman-dev:amd64.
Preparing to unpack .../93-libleatherman-dev_1.12.1+dfsg-1.1_amd64.deb ...
Unpacking libleatherman-dev:amd64 (1.12.1+dfsg-1.1) ...
Selecting previously unselected package sbuild-build-depends-main-dummy.
Preparing to unpack .../94-sbuild-build-depends-main-dummy_0.invalid.0_amd64.deb ...
Unpacking sbuild-build-depends-main-dummy (0.invalid.0) ...
Setting up libboost-chrono1.74.0:amd64 (1.74.0-11) ...
Setting up libexpat1:amd64 (2.4.1-3) ...
Setting up libpipeline1:amd64 (1.5.3-1) ...
Setting up libboost-system1.74.0:amd64 (1.74.0-11) ...
Setting up libpsl5:amd64 (0.21.0-1.2) ...
Setting up libboost-atomic1.74.0:amd64 (1.74.0-11) ...
Setting up bsdextrautils (2.37.2-4) ...
update-alternatives: using /usr/bin/write.ul to provide /usr/bin/write (write) in auto mode
Setting up libmagic-mgc (1:5.39-3) ...
Setting up libarchive13:amd64 (3.4.3-2+b1) ...
Setting up libarchive-zip-perl (1.68-1) ...
Setting up libboost-program-options1.74.0:amd64 (1.74.0-11) ...
Setting up libgcc-10-dev:amd64 (10.3.0-11) ...
Setting up libdebhelper-perl (13.5.2) ...
Setting up libbrotli1:amd64 (1.0.9-2+b2) ...
Setting up libnghttp2-14:amd64 (1.43.0-1) ...
Setting up libmagic1:amd64 (1:5.39-3) ...
Setting up gettext-base (0.21-4) ...
Setting up libboost-nowide1.74.0 (1.74.0-11) ...
Setting up libboost-filesystem1.74.0:amd64 (1.74.0-11) ...
Setting up file (1:5.39-3) ...
Setting up libsasl2-modules-db:amd64 (2.1.27+dfsg-2.1) ...
Setting up autotools-dev (20180224.1+nmu1) ...
Setting up libuv1:amd64 (1.42.0-1) ...
Setting up emacsen-common (3.0.4) ...
Setting up librtmp1:amd64 (2.4+20151223.gitfa8646d.1-2+b2) ...
Setting up dh-elpa-helper (2.0.9) ...
Setting up libncurses6:amd64 (6.2+20210905-1) ...
Setting up libsigsegv2:amd64 (2.13-1) ...
Setting up libboost-nowide1.74-dev (1.74.0-11) ...
Setting up libboost-regex1.74.0:amd64 (1.74.0-11) ...
Setting up autopoint (0.21-4) ...
Setting up icu-devtools (67.1-7) ...
Setting up libncursesw6:amd64 (6.2+20210905-1) ...
Setting up libsasl2-2:amd64 (2.1.27+dfsg-2.1) ...
Setting up libjsoncpp24:amd64 (1.9.4-5) ...
Setting up libboost-serialization1.74.0:amd64 (1.74.0-11) ...
Setting up dwz (0.14-1) ...
Setting up sensible-utils (0.0.17) ...
Setting up librhash0:amd64 (1.4.2-1) ...
Setting up libuchardet0:amd64 (0.0.7-1) ...
Setting up catch (1.12.1-1.1) ...
Setting up libsub-override-perl (0.09-2) ...
Setting up libssh2-1:amd64 (1.10.0-2) ...
Setting up cmake-data (3.21.3-5) ...
Setting up libboost-date-time1.74.0:amd64 (1.74.0-11) ...
Setting up libicu-dev:amd64 (67.1-7) ...
Setting up libprocps8:amd64 (2:3.3.17-5) ...
Setting up libboost-thread1.74.0:amd64 (1.74.0-11) ...
Setting up libfile-stripnondeterminism-perl (1.12.0-2) ...
Setting up libboost-log1.74.0 (1.74.0-11) ...
Setting up gettext (0.21-4) ...
Setting up libstdc++-10-dev:amd64 (10.3.0-11) ...
Setting up libboost1.74-dev:amd64 (1.74.0-11) ...
Setting up libtool (2.4.6-15) ...
Setting up libboost-chrono1.74-dev:amd64 (1.74.0-11) ...
Setting up libldap-2.4-2:amd64 (2.4.59+dfsg-1) ...
Setting up m4 (1.4.18-5) ...
Setting up libboost-nowide-dev (1.74.0.3) ...
Setting up libboost-program-options1.74-dev:amd64 (1.74.0-11) ...
Setting up intltool-debian (0.35.0+20060710.5) ...
Setting up libboost-program-options-dev:amd64 (1.74.0.3) ...
Setting up libboost-system1.74-dev:amd64 (1.74.0-11) ...
Setting up autoconf (2.71-2) ...
Setting up libboost-serialization1.74-dev:amd64 (1.74.0-11) ...
Setting up libboost-atomic1.74-dev:amd64 (1.74.0-11) ...
Setting up dh-strip-nondeterminism (1.12.0-2) ...
Setting up libboost-regex1.74-dev:amd64 (1.74.0-11) ...
Setting up groff-base (1.22.4-7) ...
Setting up procps (2:3.3.17-5) ...
Setting up libcurl4:amd64 (7.74.0-1.3+b1) ...
Setting up libboost-dev:amd64 (1.74.0.3) ...
Setting up libboost-filesystem1.74-dev:amd64 (1.74.0-11) ...
Setting up libboost-locale1.74.0:amd64 (1.74.0-11) ...
Setting up libboost-regex-dev:amd64 (1.74.0.3) ...
Setting up libboost-filesystem-dev:amd64 (1.74.0.3) ...
Setting up automake (1:1.16.5-1) ...
update-alternatives: using /usr/bin/automake-1.16 to provide /usr/bin/automake (automake) in auto mode
Setting up libboost-chrono-dev:amd64 (1.74.0.3) ...
Setting up po-debconf (1.0.21+nmu1) ...
Setting up libboost-system-dev:amd64 (1.74.0.3) ...
Setting up libleatherman1.12.1:amd64 (1.12.1+dfsg-1.1) ...
Setting up man-db (2.9.4-2) ...
Not building database; man-db/auto-update is not 'true'.
Setting up dh-autoreconf (20) ...
Setting up libboost-date-time1.74-dev:amd64 (1.74.0-11) ...
Setting up libcurl4-openssl-dev:amd64 (7.74.0-1.3+b1) ...
Setting up libboost-date-time-dev:amd64 (1.74.0.3) ...
Setting up cmake (3.21.3-5) ...
Setting up libboost-thread1.74-dev:amd64 (1.74.0-11) ...
Setting up libboost-thread-dev:amd64 (1.74.0.3) ...
Setting up libboost-log1.74-dev (1.74.0-11) ...
Setting up debhelper (13.5.2) ...
Setting up libboost-locale1.74-dev:amd64 (1.74.0-11) ...
Setting up libboost-log-dev (1.74.0.3) ...
Setting up libboost-locale-dev:amd64 (1.74.0.3) ...
Setting up libleatherman-dev:amd64 (1.12.1+dfsg-1.1) ...
Setting up sbuild-build-depends-main-dummy (0.invalid.0) ...
Processing triggers for libc-bin (2.32-4) ...

+------------------------------------------------------------------------------+
| Check architectures                                                          |
+------------------------------------------------------------------------------+

Arch check ok (amd64 included in any)

+------------------------------------------------------------------------------+
| Build environment                                                            |
+------------------------------------------------------------------------------+

Kernel: Linux 4.19.0-6-cloud-amd64 #1 SMP Debian 4.19.67-2+deb10u2 (2019-11-11) amd64 (x86_64)
Toolchain package versions: binutils_2.37-7 dpkg-dev_1.20.9 g++-11_11.2.0-10 gcc-11_11.2.0-10 libc6-dev_2.32-4 libstdc++-10-dev_10.3.0-11 libstdc++-11-dev_11.2.0-10 libstdc++6_11.2.0-10 linux-libc-dev_5.14.12-1
Package versions: adduser_3.118 apt_2.3.11 autoconf_2.71-2 automake_1:1.16.5-1 autopoint_0.21-4 autotools-dev_20180224.1+nmu1 base-files_12 base-passwd_3.5.52 bash_5.1-3+b2 binutils_2.37-7 binutils-common_2.37-7 binutils-x86-64-linux-gnu_2.37-7 bsdextrautils_2.37.2-4 bsdutils_1:2.37.2-4 build-essential_12.9 bzip2_1.0.8-4 catch_1.12.1-1.1 clang-12_1:12.0.1-15 cmake_3.21.3-5 cmake-data_3.21.3-5 coreutils_8.32-4+b1 cpp_4:11.2.0-2 cpp-11_11.2.0-10 dash_0.5.11+git20210120+802ebd4-2 debconf_1.5.78 debhelper_13.5.2 debian-archive-keyring_2021.1.1 debianutils_5.5-1 dh-autoreconf_20 dh-elpa-helper_2.0.9 dh-strip-nondeterminism_1.12.0-2 diffutils_1:3.7-5 dpkg_1.20.9 dpkg-dev_1.20.9 dwz_0.14-1 e2fsprogs_1.46.4-1 emacsen-common_3.0.4 fakeroot_1.26-1 file_1:5.39-3 findutils_4.8.0-1 g++_4:11.2.0-2 g++-11_11.2.0-10 gcc_4:11.2.0-2 gcc-10-base_10.3.0-11 gcc-11_11.2.0-10 gcc-11-base_11.2.0-10 gcc-9-base_9.4.0-3 gettext_0.21-4 gettext-base_0.21-4 gpgv_2.2.27-2 grep_3.7-1 groff-base_1.22.4-7 gzip_1.10-4 hostname_3.23 icu-devtools_67.1-7 init-system-helpers_1.60 intltool-debian_0.35.0+20060710.5 lib32gcc-s1_11.2.0-10 lib32stdc++6_11.2.0-10 libacl1_2.3.1-1 libapt-pkg6.0_2.3.11 libarchive-zip-perl_1.68-1 libarchive13_3.4.3-2+b1 libasan5_9.4.0-3 libasan6_11.2.0-10 libatomic1_11.2.0-10 libattr1_1:2.5.1-1 libaudit-common_1:3.0.6-1 libaudit1_1:3.0.6-1 libbinutils_2.37-7 libblkid1_2.37.2-4 libboost-atomic1.74-dev_1.74.0-11 libboost-atomic1.74.0_1.74.0-11 libboost-chrono-dev_1.74.0.3 libboost-chrono1.74-dev_1.74.0-11 libboost-chrono1.74.0_1.74.0-11 libboost-date-time-dev_1.74.0.3 libboost-date-time1.74-dev_1.74.0-11 libboost-date-time1.74.0_1.74.0-11 libboost-dev_1.74.0.3 libboost-filesystem-dev_1.74.0.3 libboost-filesystem1.74-dev_1.74.0-11 libboost-filesystem1.74.0_1.74.0-11 libboost-locale-dev_1.74.0.3 libboost-locale1.74-dev_1.74.0-11 libboost-locale1.74.0_1.74.0-11 libboost-log-dev_1.74.0.3 libboost-log1.74-dev_1.74.0-11 libboost-log1.74.0_1.74.0-11 libboost-nowide-dev_1.74.0.3 libboost-nowide1.74-dev_1.74.0-11 libboost-nowide1.74.0_1.74.0-11 libboost-program-options-dev_1.74.0.3 libboost-program-options1.74-dev_1.74.0-11 libboost-program-options1.74.0_1.74.0-11 libboost-regex-dev_1.74.0.3 libboost-regex1.74-dev_1.74.0-11 libboost-regex1.74.0_1.74.0-11 libboost-serialization1.74-dev_1.74.0-11 libboost-serialization1.74.0_1.74.0-11 libboost-system-dev_1.74.0.3 libboost-system1.74-dev_1.74.0-11 libboost-system1.74.0_1.74.0-11 libboost-thread-dev_1.74.0.3 libboost-thread1.74-dev_1.74.0-11 libboost-thread1.74.0_1.74.0-11 libboost1.74-dev_1.74.0-11 libbrotli1_1.0.9-2+b2 libbsd0_0.11.3-1 libbz2-1.0_1.0.8-4 libc-bin_2.32-4 libc-dev-bin_2.32-4 libc6_2.32-4 libc6-dev_2.32-4 libc6-i386_2.32-4 libcap-ng0_0.7.9-2.2+b1 libcap2_1:2.44-1 libcc1-0_11.2.0-10 libclang-common-12-dev_1:12.0.1-15 libclang-cpp12_1:12.0.1-15 libclang1-12_1:12.0.1-15 libcom-err2_1.46.4-1 libcrypt-dev_1:4.4.25-2 libcrypt1_1:4.4.25-2 libctf-nobfd0_2.37-7 libctf0_2.37-7 libcurl4_7.74.0-1.3+b1 libcurl4-openssl-dev_7.74.0-1.3+b1 libdb5.3_5.3.28+dfsg1-0.8 libdebconfclient0_0.260 libdebhelper-perl_13.5.2 libdpkg-perl_1.20.9 libedit2_3.1-20210910-1 libelf1_0.185-2 libexpat1_2.4.1-3 libext2fs2_1.46.4-1 libfakeroot_1.26-1 libffi8_3.4.2-3 libfile-stripnondeterminism-perl_1.12.0-2 libgc1_1:8.0.4-3 libgcc-10-dev_10.3.0-11 libgcc-11-dev_11.2.0-10 libgcc-9-dev_9.4.0-3 libgcc-s1_11.2.0-10 libgcrypt20_1.9.4-3+b1 libgdbm-compat4_1.22-1 libgdbm6_1.22-1 libgmp10_2:6.2.1+dfsg-2 libgnutls30_3.7.2-2 libgomp1_11.2.0-10 libgpg-error0_1.42-3 libgssapi-krb5-2_1.18.3-7 libhogweed6_3.7.3-1 libicu-dev_67.1-7 libicu67_67.1-7 libidn2-0_2.3.2-2 libisl23_0.24-2 libitm1_11.2.0-10 libjsoncpp24_1.9.4-5 libk5crypto3_1.18.3-7 libkeyutils1_1.6.1-2 libkrb5-3_1.18.3-7 libkrb5support0_1.18.3-7 libldap-2.4-2_2.4.59+dfsg-1 libleatherman-dev_1.12.1+dfsg-1.1 libleatherman1.12.1_1.12.1+dfsg-1.1 libllvm12_1:12.0.1-15 liblsan0_11.2.0-10 liblz4-1_1.9.3-2 liblzma5_5.2.5-2 libmagic-mgc_1:5.39-3 libmagic1_1:5.39-3 libmd0_1.0.4-1 libmount1_2.37.2-4 libmpc3_1.2.1-1 libmpfr6_4.1.0-3 libncurses6_6.2+20210905-1 libncursesw6_6.2+20210905-1 libnettle8_3.7.3-1 libnghttp2-14_1.43.0-1 libnsl-dev_1.3.0-2 libnsl2_1.3.0-2 libobjc-11-dev_11.2.0-10 libobjc-9-dev_9.4.0-3 libobjc4_11.2.0-10 libomp-12-dev_1:12.0.1-15 libomp5-12_1:12.0.1-15 libp11-kit0_0.24.0-5 libpam-modules_1.4.0-10 libpam-modules-bin_1.4.0-10 libpam-runtime_1.4.0-10 libpam0g_1.4.0-10 libpcre2-8-0_10.36-2 libpcre3_2:8.39-13 libperl5.32_5.32.1-6 libpipeline1_1.5.3-1 libprocps8_2:3.3.17-5 libpsl5_0.21.0-1.2 libquadmath0_11.2.0-10 librhash0_1.4.2-1 librtmp1_2.4+20151223.gitfa8646d.1-2+b2 libsasl2-2_2.1.27+dfsg-2.1 libsasl2-modules-db_2.1.27+dfsg-2.1 libseccomp2_2.5.2-2 libselinux1_3.1-3 libsemanage-common_3.1-1 libsemanage1_3.1-1+b2 libsepol1_3.1-1 libsigsegv2_2.13-1 libsmartcols1_2.37.2-4 libss2_1.46.4-1 libssh2-1_1.10.0-2 libssl1.1_1.1.1l-1 libstdc++-10-dev_10.3.0-11 libstdc++-11-dev_11.2.0-10 libstdc++6_11.2.0-10 libsub-override-perl_0.09-2 libsystemd0_249.5-1 libtasn1-6_4.17.0-2 libtinfo6_6.2+20210905-1 libtirpc-common_1.3.2-2 libtirpc-dev_1.3.2-2 libtirpc3_1.3.2-2 libtool_2.4.6-15 libtsan0_11.2.0-10 libubsan1_11.2.0-10 libuchardet0_0.0.7-1 libudev1_249.5-1 libunistring2_0.9.10-6 libunwind-12_1:12.0.1-15 libuuid1_2.37.2-4 libuv1_1.42.0-1 libxml2_2.9.12+dfsg-5 libxxhash0_0.8.0-2 libz3-4_4.8.12-1+b1 libzstd1_1.4.8+dfsg-3 linux-libc-dev_5.14.12-1 llvm-12-linker-tools_1:12.0.1-15 login_1:4.8.1-1 logsave_1.46.4-1 lsb-base_11.1.0 m4_1.4.18-5 make_4.3-4.1 man-db_2.9.4-2 mawk_1.3.4.20200120-2 mount_2.37.2-4 ncurses-base_6.2+20210905-1 ncurses-bin_6.2+20210905-1 passwd_1:4.8.1-1 patch_2.7.6-7 perl_5.32.1-6 perl-base_5.32.1-6 perl-modules-5.32_5.32.1-6 po-debconf_1.0.21+nmu1 procps_2:3.3.17-5 qt5-qmake_5.15.2+dfsg-12 qt5-qmake-bin_5.15.2+dfsg-12 qtchooser_66-2 rpcsvc-proto_1.4.2-4 sbuild-build-depends-main-dummy_0.invalid.0 sed_4.8-1 sensible-utils_0.0.17 sysvinit-utils_3.00-1 tar_1.34+dfsg-1 tzdata_2021e-1 util-linux_2.37.2-4 xz-utils_5.2.5-2 zlib1g_1:1.2.11.dfsg-2

+------------------------------------------------------------------------------+
| Build                                                                        |
+------------------------------------------------------------------------------+


Unpack source
-------------

-----BEGIN PGP SIGNED MESSAGE-----
Hash: SHA256

Format: 3.0 (quilt)
Source: cpp-hocon
Binary: libcpp-hocon-dev, libcpp-hocon0.3.0
Architecture: any
Version: 0.3.0-1
Maintainer: Puppet Package Maintainers <pkg-puppet-devel@lists.alioth.debian.org>
Uploaders: Apollon Oikonomopoulos <apoikos@debian.org>
Homepage: https://github.com/puppetlabs/cpp-hocon
Standards-Version: 4.5.0
Vcs-Browser: https://salsa.debian.org/puppet-team/cpp-hocon
Vcs-Git: https://salsa.debian.org/puppet-team/cpp-hocon.git
Build-Depends: debhelper-compat (= 13), cmake, libleatherman-dev, libboost-program-options-dev, catch (>= 1.10~)
Package-List:
 libcpp-hocon-dev deb libdevel optional arch=any
 libcpp-hocon0.3.0 deb libs optional arch=any
Checksums-Sha1:
 b6254aad7b0efe93710d32f17069e1c65e0ce42f 126744 cpp-hocon_0.3.0.orig.tar.xz
 8be66330beac5c07b8fff7e7c23cdf157104ff4c 3040 cpp-hocon_0.3.0-1.debian.tar.xz
Checksums-Sha256:
 58c719c48a3066fbe123b4a00ee981ac0aae1ac2dc7bf40b3be6e2f025a069d3 126744 cpp-hocon_0.3.0.orig.tar.xz
 f5ff62848a4f6bb2dba968f81544b21a50560df713dc302d8b397f416150426c 3040 cpp-hocon_0.3.0-1.debian.tar.xz
Files:
 5a390c12ceab480d1fd8601a31c94f1b 126744 cpp-hocon_0.3.0.orig.tar.xz
 5576a214bbd6f19f929e9904530e0243 3040 cpp-hocon_0.3.0-1.debian.tar.xz

-----BEGIN PGP SIGNATURE-----

iQIzBAEBCAAdFiEEPgL9ZlYpWVIRC6uZ9RsYxyAkgiQFAl9krdAACgkQ9RsYxyAk
giTqWA//WWAvFIXFZfZ4TY6/4mANcTffjzpgHgzxki7WdArUo8c2AWpS3Icr9INC
5l19Ml3hKfIRErcNFvpkWg8UtEUhUclC0enBuXt4FQ1MDdQo2Zi6kbSp+zCctmTw
3KnadKhFsYThTRYmx0+/x1X0gj+vkH/zvKTbur/Jn+h5yZy84BGj/AO4f7GTw3f9
4DJqLriXo/5vp6XGHJMe1gp/E5dxbk0rNLGLB7C1PeJ2ersezczYv9QX9+oLSCMQ
o9M89uFK0i814S6IVA0BnGXVwVRMHyb3zU1CM4zfsumj16/XBOtQWH/excsPr2n1
Xs0STWZbN82UfcSxBGNu2Szs9o75ampcIQHvQCnrkfs3rAUJRyaUJwD+KjO1BGex
dmhgBeYFHjKts+d0tHNKfU4F0+YQtRgZJcZLCxoJAOpeqw29R6bcL0Ra34NOZpUS
2+NlkN3zGWo16fAHzRv8WD7QNjZjR/2Giw4ilGlJrELXNV3GtHUgLD29R3UX9Kpf
NUXtufioIhkpLJEYe9BVvu1in6Hw20RujUTzPE+jA1UBQ9SILAaqiBg3QTS8XfAW
TZjGS0zzuUbakeKuEZIQ9G63IxrFm5gG98bjBZz4sGHOeKIFPoUDDVKLcHRLJpM3
4VUv+XFDiEJudyHDK/RtM+g7YmF34x8P0uJ36+bG6lzKGGGv3Pk=
=xj4p
-----END PGP SIGNATURE-----

gpgv: unknown type of key resource 'trustedkeys.kbx'
gpgv: keyblock resource '/tmp/dpkg-verify-sig.Sq8lRcdz/trustedkeys.kbx': General error
gpgv: Signature made Fri Sep 18 12:53:36 2020 UTC
gpgv:                using RSA key 3E02FD6656295952110BAB99F51B18C720248224
gpgv: Can't check signature: No public key
dpkg-source: warning: failed to verify signature on ./cpp-hocon_0.3.0-1.dsc
dpkg-source: info: extracting cpp-hocon in /<<PKGBUILDDIR>>
dpkg-source: info: unpacking cpp-hocon_0.3.0.orig.tar.xz
dpkg-source: info: unpacking cpp-hocon_0.3.0-1.debian.tar.xz
dpkg-source: info: using patch list from debian/patches/series
dpkg-source: info: applying build-shared-library.patch

Check disk space
----------------

Sufficient free space for build

User Environment
----------------

APT_CONFIG=/var/lib/sbuild/apt.conf
HOME=/sbuild-nonexistent
LANG=C.UTF-8
LC_ALL=C.UTF-8
LOGNAME=user42
PATH=/usr/local/sbin:/usr/local/bin:/usr/sbin:/usr/bin:/sbin:/bin:/usr/games
SCHROOT_ALIAS_NAME=unstable
SCHROOT_CHROOT_NAME=sid-amd64-sbuild
SCHROOT_COMMAND=env
SCHROOT_GID=1001
SCHROOT_GROUP=user42
SCHROOT_SESSION_ID=sid-amd64-sbuild-8a4b9daf-2f53-4747-9b06-f7ee7320f339
SCHROOT_UID=1001
SCHROOT_USER=user42
SHELL=/bin/sh
USER=user42

dpkg-buildpackage
-----------------

Command: dpkg-buildpackage -us -uc -b -rfakeroot
dpkg-buildpackage: info: source package cpp-hocon
dpkg-buildpackage: info: source version 0.3.0-1
dpkg-buildpackage: info: source distribution unstable
dpkg-buildpackage: info: source changed by Apollon Oikonomopoulos <apoikos@debian.org>
 dpkg-source --before-build .
dpkg-buildpackage: info: host architecture amd64
 fakeroot debian/rules clean
dh clean
   dh_clean
 debian/rules build
dh build
   dh_update_autotools_config
   dh_autoreconf
   dh_auto_configure
	cd obj-x86_64-linux-gnu && cmake -DCMAKE_INSTALL_PREFIX=/usr -DCMAKE_BUILD_TYPE=None -DCMAKE_INSTALL_SYSCONFDIR=/etc -DCMAKE_INSTALL_LOCALSTATEDIR=/var -DCMAKE_EXPORT_NO_PACKAGE_REGISTRY=ON -DCMAKE_FIND_USE_PACKAGE_REGISTRY=OFF -DCMAKE_FIND_PACKAGE_NO_PACKAGE_REGISTRY=ON -DCMAKE_INSTALL_RUNSTATEDIR=/run -DCMAKE_SKIP_INSTALL_ALL_DEPENDENCY=ON "-GUnix Makefiles" -DCMAKE_VERBOSE_MAKEFILE=ON -DCMAKE_INSTALL_LIBDIR=lib/x86_64-linux-gnu ..
-- The C compiler identification is Clang 12.0.1
-- The CXX compiler identification is Clang 12.0.1
-- Detecting C compiler ABI info
-- Detecting C compiler ABI info - done
-- Check for working C compiler: /usr/bin/cc - skipped
-- Detecting C compile features
-- Detecting C compile features - done
-- Detecting CXX compiler ABI info
-- Detecting CXX compiler ABI info - done
-- Check for working CXX compiler: /usr/bin/c++ - skipped
-- Detecting CXX compile features
-- Detecting CXX compile features - done
-- Found Boost: /usr/lib/x86_64-linux-gnu/cmake/Boost-1.74.0/BoostConfig.cmake (found suitable version "1.74.0", minimum required is "1.73")  
-- Found Boost: /usr/lib/x86_64-linux-gnu/cmake/Boost-1.74.0/BoostConfig.cmake (found suitable version "1.74.0", minimum required is "1.54") found components: date_time chrono system 
-- Found Boost: /usr/lib/x86_64-linux-gnu/cmake/Boost-1.74.0/BoostConfig.cmake (found suitable version "1.74.0", minimum required is "1.54") found components: locale system 
-- Found Boost: /usr/lib/x86_64-linux-gnu/cmake/Boost-1.74.0/BoostConfig.cmake (found suitable version "1.74.0", minimum required is "1.54") found components: log log_setup thread date_time filesystem system chrono regex 
-- Found Threads: TRUE  
-- Found Boost: /usr/lib/x86_64-linux-gnu/cmake/Boost-1.74.0/BoostConfig.cmake (found suitable version "1.74.0", minimum required is "1.54") found components: regex 
-- Found Boost: /usr/lib/x86_64-linux-gnu/cmake/Boost-1.74.0/BoostConfig.cmake (found suitable version "1.74.0", minimum required is "1.54") found components: regex filesystem system 
-- Found Boost: /usr/lib/x86_64-linux-gnu/cmake/Boost-1.74.0/BoostConfig.cmake (found suitable version "1.74.0", minimum required is "1.54") found components: regex system filesystem 
-- Found CURL: /usr/lib/x86_64-linux-gnu/libcurl.so (found version "7.74.0")  
-- Found Boost: /usr/lib/x86_64-linux-gnu/cmake/Boost-1.74.0/BoostConfig.cmake (found suitable version "1.74.0", minimum required is "1.54") found components: regex system 
-- Found Boost: /usr/lib/x86_64-linux-gnu/cmake/Boost-1.74.0/BoostConfig.cmake (found suitable version "1.74.0", minimum required is "1.54") found components: regex filesystem system 
-- Looking for closefrom in c
-- Looking for closefrom in c - not found
-- CLANG_VERSION_STRING:         12.0
-- Found Boost: /usr/lib/x86_64-linux-gnu/cmake/Boost-1.74.0/BoostConfig.cmake (found suitable version "1.74.0", minimum required is "1.54") found components: locale regex thread date_time chrono filesystem system program_options 
-- The following REQUIRED packages have been found:

 * boost_atomic (required version == 1.74.0)
 * boost_log (required version == 1.74.0)
 * boost_log_setup (required version == 1.74.0)
 * CURL
 * Leatherman
 * boost_locale (required version == 1.74.0)
 * boost_regex (required version == 1.74.0)
 * boost_thread (required version == 1.74.0)
 * boost_date_time (required version == 1.74.0)
 * boost_chrono (required version == 1.74.0)
 * boost_filesystem (required version == 1.74.0)
 * boost_system (required version == 1.74.0)
 * boost_headers (required version == 1.74.0)
 * boost_program_options (required version == 1.74.0)
 * Boost (required version >= 1.54)
 * Threads

-- Could NOT find PythonInterp (missing: PYTHON_EXECUTABLE) 
-- Python not found; 'cpplint' target will not be available
-- Performing Test COMPILER_HAS_HIDDEN_VISIBILITY
-- Performing Test COMPILER_HAS_HIDDEN_VISIBILITY - Success
-- Performing Test COMPILER_HAS_HIDDEN_INLINE_VISIBILITY
-- Performing Test COMPILER_HAS_HIDDEN_INLINE_VISIBILITY - Success
-- Performing Test COMPILER_HAS_DEPRECATED_ATTR
-- Performing Test COMPILER_HAS_DEPRECATED_ATTR - Failed
-- Performing Test COMPILER_HAS_DEPRECATED
-- Performing Test COMPILER_HAS_DEPRECATED - Failed
-- Configuring done
-- Generating done
CMake Warning:
  Manually-specified variables were not used by the project:

    CMAKE_EXPORT_NO_PACKAGE_REGISTRY
    CMAKE_FIND_PACKAGE_NO_PACKAGE_REGISTRY


-- Build files have been written to: /<<PKGBUILDDIR>>/obj-x86_64-linux-gnu
   dh_auto_build
	cd obj-x86_64-linux-gnu && make -j4 "INSTALL=install --strip-program=true" VERBOSE=1
make[1]: Entering directory '/<<PKGBUILDDIR>>/obj-x86_64-linux-gnu'
/usr/bin/cmake -S/<<PKGBUILDDIR>> -B/<<PKGBUILDDIR>>/obj-x86_64-linux-gnu --check-build-system CMakeFiles/Makefile.cmake 0
/usr/bin/cmake -E cmake_progress_start /<<PKGBUILDDIR>>/obj-x86_64-linux-gnu/CMakeFiles /<<PKGBUILDDIR>>/obj-x86_64-linux-gnu//CMakeFiles/progress.marks
make  -f CMakeFiles/Makefile2 all
make[2]: Entering directory '/<<PKGBUILDDIR>>/obj-x86_64-linux-gnu'
make  -f lib/CMakeFiles/libprojectsrc.dir/build.make lib/CMakeFiles/libprojectsrc.dir/depend
make  -f locales/CMakeFiles/translations.dir/build.make locales/CMakeFiles/translations.dir/depend
make  -f locales/CMakeFiles/cpp-hocon.pot.dir/build.make locales/CMakeFiles/cpp-hocon.pot.dir/depend
make[3]: Entering directory '/<<PKGBUILDDIR>>/obj-x86_64-linux-gnu'
cd /<<PKGBUILDDIR>>/obj-x86_64-linux-gnu && /usr/bin/cmake -E cmake_depends "Unix Makefiles" /<<PKGBUILDDIR>> /<<PKGBUILDDIR>>/locales /<<PKGBUILDDIR>>/obj-x86_64-linux-gnu /<<PKGBUILDDIR>>/obj-x86_64-linux-gnu/locales /<<PKGBUILDDIR>>/obj-x86_64-linux-gnu/locales/CMakeFiles/translations.dir/DependInfo.cmake --color=
make[3]: Entering directory '/<<PKGBUILDDIR>>/obj-x86_64-linux-gnu'
cd /<<PKGBUILDDIR>>/obj-x86_64-linux-gnu && /usr/bin/cmake -E cmake_depends "Unix Makefiles" /<<PKGBUILDDIR>> /<<PKGBUILDDIR>>/locales /<<PKGBUILDDIR>>/obj-x86_64-linux-gnu /<<PKGBUILDDIR>>/obj-x86_64-linux-gnu/locales /<<PKGBUILDDIR>>/obj-x86_64-linux-gnu/locales/CMakeFiles/cpp-hocon.pot.dir/DependInfo.cmake --color=
make[3]: Entering directory '/<<PKGBUILDDIR>>/obj-x86_64-linux-gnu'
cd /<<PKGBUILDDIR>>/obj-x86_64-linux-gnu && /usr/bin/cmake -E cmake_depends "Unix Makefiles" /<<PKGBUILDDIR>> /<<PKGBUILDDIR>>/lib /<<PKGBUILDDIR>>/obj-x86_64-linux-gnu /<<PKGBUILDDIR>>/obj-x86_64-linux-gnu/lib /<<PKGBUILDDIR>>/obj-x86_64-linux-gnu/lib/CMakeFiles/libprojectsrc.dir/DependInfo.cmake --color=
make[3]: Leaving directory '/<<PKGBUILDDIR>>/obj-x86_64-linux-gnu'
make  -f locales/CMakeFiles/translations.dir/build.make locales/CMakeFiles/translations.dir/build
make[3]: Entering directory '/<<PKGBUILDDIR>>/obj-x86_64-linux-gnu'
make[3]: Nothing to be done for 'locales/CMakeFiles/translations.dir/build'.
make[3]: Leaving directory '/<<PKGBUILDDIR>>/obj-x86_64-linux-gnu'
make[3]: Leaving directory '/<<PKGBUILDDIR>>/obj-x86_64-linux-gnu'
make  -f locales/CMakeFiles/cpp-hocon.pot.dir/build.make locales/CMakeFiles/cpp-hocon.pot.dir/build
make[3]: Leaving directory '/<<PKGBUILDDIR>>/obj-x86_64-linux-gnu'
make  -f lib/CMakeFiles/libprojectsrc.dir/build.make lib/CMakeFiles/libprojectsrc.dir/build
make[3]: Entering directory '/<<PKGBUILDDIR>>/obj-x86_64-linux-gnu'
make[3]: Nothing to be done for 'locales/CMakeFiles/cpp-hocon.pot.dir/build'.
make[3]: Leaving directory '/<<PKGBUILDDIR>>/obj-x86_64-linux-gnu'
make[3]: Entering directory '/<<PKGBUILDDIR>>/obj-x86_64-linux-gnu'
[  0%] Built target translations
[  1%] Built target cpp-hocon.pot
[  2%] Building CXX object lib/CMakeFiles/libprojectsrc.dir/src/values/config_object.cc.o
cd /<<PKGBUILDDIR>>/obj-x86_64-linux-gnu/lib && /usr/bin/c++ -DBOOST_ALL_DYN_LINK -DBOOST_LOG_WITHOUT_WCHAR_T -DBOOST_SYSTEM_NO_DEPRECATED -DLEATHERMAN_I18N -DLEATHERMAN_LOGGING_NAMESPACE=\"puppetlabs.cpp-hocon\" -DLEATHERMAN_USE_LOCALES -DPROJECT_DIR=\"/<<PKGBUILDDIR>>/obj-x86_64-linux-gnu\" -DPROJECT_NAME=\"cpp-hocon\" -I/<<PKGBUILDDIR>>/lib/inc -Wno-unused-local-typedef -Wno-deprecated-register -std=c++11 -Wall -Wextra -Wno-unused-parameter -Wno-tautological-constant-out-of-range-compare -Werror -g -O2 -ffile-prefix-map=/<<PKGBUILDDIR>>=. -fstack-protector-strong -Wformat -Werror=format-security -Wdate-time -D_FORTIFY_SOURCE=2 -fPIC -MD -MT lib/CMakeFiles/libprojectsrc.dir/src/values/config_object.cc.o -MF CMakeFiles/libprojectsrc.dir/src/values/config_object.cc.o.d -o CMakeFiles/libprojectsrc.dir/src/values/config_object.cc.o -c /<<PKGBUILDDIR>>/lib/src/values/config_object.cc
[  4%] Building CXX object lib/CMakeFiles/libprojectsrc.dir/src/values/simple_config_object.cc.o
cd /<<PKGBUILDDIR>>/obj-x86_64-linux-gnu/lib && /usr/bin/c++ -DBOOST_ALL_DYN_LINK -DBOOST_LOG_WITHOUT_WCHAR_T -DBOOST_SYSTEM_NO_DEPRECATED -DLEATHERMAN_I18N -DLEATHERMAN_LOGGING_NAMESPACE=\"puppetlabs.cpp-hocon\" -DLEATHERMAN_USE_LOCALES -DPROJECT_DIR=\"/<<PKGBUILDDIR>>/obj-x86_64-linux-gnu\" -DPROJECT_NAME=\"cpp-hocon\" -I/<<PKGBUILDDIR>>/lib/inc -Wno-unused-local-typedef -Wno-deprecated-register -std=c++11 -Wall -Wextra -Wno-unused-parameter -Wno-tautological-constant-out-of-range-compare -Werror -g -O2 -ffile-prefix-map=/<<PKGBUILDDIR>>=. -fstack-protector-strong -Wformat -Werror=format-security -Wdate-time -D_FORTIFY_SOURCE=2 -fPIC -MD -MT lib/CMakeFiles/libprojectsrc.dir/src/values/simple_config_object.cc.o -MF CMakeFiles/libprojectsrc.dir/src/values/simple_config_object.cc.o.d -o CMakeFiles/libprojectsrc.dir/src/values/simple_config_object.cc.o -c /<<PKGBUILDDIR>>/lib/src/values/simple_config_object.cc
[  5%] Building CXX object lib/CMakeFiles/libprojectsrc.dir/src/nodes/abstract_config_node.cc.o
cd /<<PKGBUILDDIR>>/obj-x86_64-linux-gnu/lib && /usr/bin/c++ -DBOOST_ALL_DYN_LINK -DBOOST_LOG_WITHOUT_WCHAR_T -DBOOST_SYSTEM_NO_DEPRECATED -DLEATHERMAN_I18N -DLEATHERMAN_LOGGING_NAMESPACE=\"puppetlabs.cpp-hocon\" -DLEATHERMAN_USE_LOCALES -DPROJECT_DIR=\"/<<PKGBUILDDIR>>/obj-x86_64-linux-gnu\" -DPROJECT_NAME=\"cpp-hocon\" -I/<<PKGBUILDDIR>>/lib/inc -Wno-unused-local-typedef -Wno-deprecated-register -std=c++11 -Wall -Wextra -Wno-unused-parameter -Wno-tautological-constant-out-of-range-compare -Werror -g -O2 -ffile-prefix-map=/<<PKGBUILDDIR>>=. -fstack-protector-strong -Wformat -Werror=format-security -Wdate-time -D_FORTIFY_SOURCE=2 -fPIC -MD -MT lib/CMakeFiles/libprojectsrc.dir/src/nodes/abstract_config_node.cc.o -MF CMakeFiles/libprojectsrc.dir/src/nodes/abstract_config_node.cc.o.d -o CMakeFiles/libprojectsrc.dir/src/nodes/abstract_config_node.cc.o -c /<<PKGBUILDDIR>>/lib/src/nodes/abstract_config_node.cc
[  7%] Building CXX object lib/CMakeFiles/libprojectsrc.dir/src/nodes/config_node_include.cc.o
cd /<<PKGBUILDDIR>>/obj-x86_64-linux-gnu/lib && /usr/bin/c++ -DBOOST_ALL_DYN_LINK -DBOOST_LOG_WITHOUT_WCHAR_T -DBOOST_SYSTEM_NO_DEPRECATED -DLEATHERMAN_I18N -DLEATHERMAN_LOGGING_NAMESPACE=\"puppetlabs.cpp-hocon\" -DLEATHERMAN_USE_LOCALES -DPROJECT_DIR=\"/<<PKGBUILDDIR>>/obj-x86_64-linux-gnu\" -DPROJECT_NAME=\"cpp-hocon\" -I/<<PKGBUILDDIR>>/lib/inc -Wno-unused-local-typedef -Wno-deprecated-register -std=c++11 -Wall -Wextra -Wno-unused-parameter -Wno-tautological-constant-out-of-range-compare -Werror -g -O2 -ffile-prefix-map=/<<PKGBUILDDIR>>=. -fstack-protector-strong -Wformat -Werror=format-security -Wdate-time -D_FORTIFY_SOURCE=2 -fPIC -MD -MT lib/CMakeFiles/libprojectsrc.dir/src/nodes/config_node_include.cc.o -MF CMakeFiles/libprojectsrc.dir/src/nodes/config_node_include.cc.o.d -o CMakeFiles/libprojectsrc.dir/src/nodes/config_node_include.cc.o -c /<<PKGBUILDDIR>>/lib/src/nodes/config_node_include.cc
[  8%] Building CXX object lib/CMakeFiles/libprojectsrc.dir/src/nodes/config_node_simple_value.cc.o
cd /<<PKGBUILDDIR>>/obj-x86_64-linux-gnu/lib && /usr/bin/c++ -DBOOST_ALL_DYN_LINK -DBOOST_LOG_WITHOUT_WCHAR_T -DBOOST_SYSTEM_NO_DEPRECATED -DLEATHERMAN_I18N -DLEATHERMAN_LOGGING_NAMESPACE=\"puppetlabs.cpp-hocon\" -DLEATHERMAN_USE_LOCALES -DPROJECT_DIR=\"/<<PKGBUILDDIR>>/obj-x86_64-linux-gnu\" -DPROJECT_NAME=\"cpp-hocon\" -I/<<PKGBUILDDIR>>/lib/inc -Wno-unused-local-typedef -Wno-deprecated-register -std=c++11 -Wall -Wextra -Wno-unused-parameter -Wno-tautological-constant-out-of-range-compare -Werror -g -O2 -ffile-prefix-map=/<<PKGBUILDDIR>>=. -fstack-protector-strong -Wformat -Werror=format-security -Wdate-time -D_FORTIFY_SOURCE=2 -fPIC -MD -MT lib/CMakeFiles/libprojectsrc.dir/src/nodes/config_node_simple_value.cc.o -MF CMakeFiles/libprojectsrc.dir/src/nodes/config_node_simple_value.cc.o.d -o CMakeFiles/libprojectsrc.dir/src/nodes/config_node_simple_value.cc.o -c /<<PKGBUILDDIR>>/lib/src/nodes/config_node_simple_value.cc
[ 10%] Building CXX object lib/CMakeFiles/libprojectsrc.dir/src/nodes/config_node_single_token.cc.o
cd /<<PKGBUILDDIR>>/obj-x86_64-linux-gnu/lib && /usr/bin/c++ -DBOOST_ALL_DYN_LINK -DBOOST_LOG_WITHOUT_WCHAR_T -DBOOST_SYSTEM_NO_DEPRECATED -DLEATHERMAN_I18N -DLEATHERMAN_LOGGING_NAMESPACE=\"puppetlabs.cpp-hocon\" -DLEATHERMAN_USE_LOCALES -DPROJECT_DIR=\"/<<PKGBUILDDIR>>/obj-x86_64-linux-gnu\" -DPROJECT_NAME=\"cpp-hocon\" -I/<<PKGBUILDDIR>>/lib/inc -Wno-unused-local-typedef -Wno-deprecated-register -std=c++11 -Wall -Wextra -Wno-unused-parameter -Wno-tautological-constant-out-of-range-compare -Werror -g -O2 -ffile-prefix-map=/<<PKGBUILDDIR>>=. -fstack-protector-strong -Wformat -Werror=format-security -Wdate-time -D_FORTIFY_SOURCE=2 -fPIC -MD -MT lib/CMakeFiles/libprojectsrc.dir/src/nodes/config_node_single_token.cc.o -MF CMakeFiles/libprojectsrc.dir/src/nodes/config_node_single_token.cc.o.d -o CMakeFiles/libprojectsrc.dir/src/nodes/config_node_single_token.cc.o -c /<<PKGBUILDDIR>>/lib/src/nodes/config_node_single_token.cc
In file included from /<<PKGBUILDDIR>>/lib/src/values/config_object.cc:1:
In file included from /<<PKGBUILDDIR>>/lib/inc/hocon/config_object.hpp:3:
In file included from /<<PKGBUILDDIR>>/lib/inc/hocon/config_value.hpp:4:
In file included from /<<PKGBUILDDIR>>/lib/inc/hocon/config_origin.hpp:3:
In file included from /<<PKGBUILDDIR>>/lib/inc/hocon/types.hpp:3:
In file included from /usr/bin/../lib/gcc/x86_64-linux-gnu/11/../../../../include/c++/11/memory:64:
In file included from /usr/bin/../lib/gcc/x86_64-linux-gnu/11/../../../../include/c++/11/bits/allocator.h:46:
In file included from /usr/bin/../lib/gcc/x86_64-linux-gnu/11/../../../../include/x86_64-linux-gnu/c++/11/bits/c++allocator.h:33:
/usr/bin/../lib/gcc/x86_64-linux-gnu/11/../../../../include/c++/11/ext/new_allocator.h:168:4: error: destructor called on non-final 'hocon::config_delayed_merge_object' that has virtual functions but non-virtual destructor [-Werror,-Wdelete-non-abstract-non-virtual-dtor]
        { __p->~_Up(); }
          ^
/usr/bin/../lib/gcc/x86_64-linux-gnu/11/../../../../include/c++/11/bits/alloc_traits.h:531:8: note: in instantiation of function template specialization '__gnu_cxx::new_allocator<hocon::config_delayed_merge_object>::destroy<hocon::config_delayed_merge_object>' requested here
          __a.destroy(__p);
              ^
/usr/bin/../lib/gcc/x86_64-linux-gnu/11/../../../../include/c++/11/bits/shared_ptr_base.h:528:28: note: in instantiation of function template specialization 'std::allocator_traits<std::allocator<hocon::config_delayed_merge_object>>::destroy<hocon::config_delayed_merge_object>' requested here
        allocator_traits<_Alloc>::destroy(_M_impl._M_alloc(), _M_ptr());
                                  ^
/usr/bin/../lib/gcc/x86_64-linux-gnu/11/../../../../include/c++/11/bits/shared_ptr_base.h:514:2: note: in instantiation of member function 'std::_Sp_counted_ptr_inplace<hocon::config_delayed_merge_object, std::allocator<hocon::config_delayed_merge_object>, __gnu_cxx::_S_atomic>::_M_dispose' requested here
        _Sp_counted_ptr_inplace(_Alloc __a, _Args&&... __args)
        ^
/usr/bin/../lib/gcc/x86_64-linux-gnu/11/../../../../include/c++/11/bits/shared_ptr_base.h:651:6: note: in instantiation of function template specialization 'std::_Sp_counted_ptr_inplace<hocon::config_delayed_merge_object, std::allocator<hocon::config_delayed_merge_object>, __gnu_cxx::_S_atomic>::_Sp_counted_ptr_inplace<std::shared_ptr<const hocon::config_origin>, std::vector<std::shared_ptr<const hocon::config_value>>>' requested here
            _Sp_cp_type(__a._M_a, std::forward<_Args>(__args)...);
            ^
/usr/bin/../lib/gcc/x86_64-linux-gnu/11/../../../../include/c++/11/bits/shared_ptr_base.h:1342:14: note: in instantiation of function template specialization 'std::__shared_count<__gnu_cxx::_S_atomic>::__shared_count<hocon::config_delayed_merge_object, std::allocator<hocon::config_delayed_merge_object>, std::shared_ptr<const hocon::config_origin>, std::vector<std::shared_ptr<const hocon::config_value>>>' requested here
        : _M_ptr(), _M_refcount(_M_ptr, __tag, std::forward<_Args>(__args)...)
                    ^
/usr/bin/../lib/gcc/x86_64-linux-gnu/11/../../../../include/c++/11/bits/shared_ptr.h:409:4: note: in instantiation of function template specialization 'std::__shared_ptr<hocon::config_delayed_merge_object, __gnu_cxx::_S_atomic>::__shared_ptr<std::allocator<hocon::config_delayed_merge_object>, std::shared_ptr<const hocon::config_origin>, std::vector<std::shared_ptr<const hocon::config_value>>>' requested here
        : __shared_ptr<_Tp>(__tag, std::forward<_Args>(__args)...)
          ^
/usr/bin/../lib/gcc/x86_64-linux-gnu/11/../../../../include/c++/11/bits/shared_ptr.h:862:14: note: in instantiation of function template specialization 'std::shared_ptr<hocon::config_delayed_merge_object>::shared_ptr<std::allocator<hocon::config_delayed_merge_object>, std::shared_ptr<const hocon::config_origin>, std::vector<std::shared_ptr<const hocon::config_value>>>' requested here
      return shared_ptr<_Tp>(_Sp_alloc_shared_tag<_Alloc>{__a},
             ^
/usr/bin/../lib/gcc/x86_64-linux-gnu/11/../../../../include/c++/11/bits/shared_ptr.h:878:19: note: in instantiation of function template specialization 'std::allocate_shared<hocon::config_delayed_merge_object, std::allocator<hocon::config_delayed_merge_object>, std::shared_ptr<const hocon::config_origin>, std::vector<std::shared_ptr<const hocon::config_value>>>' requested here
      return std::allocate_shared<_Tp>(std::allocator<_Tp_nc>(),
                  ^
/<<PKGBUILDDIR>>/lib/src/values/config_object.cc:54:16: note: in instantiation of function template specialization 'std::make_shared<hocon::config_delayed_merge_object, std::shared_ptr<const hocon::config_origin>, std::vector<std::shared_ptr<const hocon::config_value>>>' requested here
        return make_shared<config_delayed_merge_object>(move(origin), move(stack));
               ^
/usr/bin/../lib/gcc/x86_64-linux-gnu/11/../../../../include/c++/11/ext/new_allocator.h:168:10: note: qualify call to silence this warning
        { __p->~_Up(); }
                ^
/usr/bin/../lib/gcc/x86_64-linux-gnu/11/../../../../include/c++/11/ext/new_allocator.h:168:4: error: destructor called on non-final 'hocon::config' that has virtual functions but non-virtual destructor [-Werror,-Wdelete-non-abstract-non-virtual-dtor]
        { __p->~_Up(); }
          ^
/usr/bin/../lib/gcc/x86_64-linux-gnu/11/../../../../include/c++/11/bits/alloc_traits.h:531:8: note: in instantiation of function template specialization '__gnu_cxx::new_allocator<hocon::config>::destroy<hocon::config>' requested here
          __a.destroy(__p);
              ^
/usr/bin/../lib/gcc/x86_64-linux-gnu/11/../../../../include/c++/11/bits/shared_ptr_base.h:528:28: note: in instantiation of function template specialization 'std::allocator_traits<std::allocator<hocon::config>>::destroy<hocon::config>' requested here
        allocator_traits<_Alloc>::destroy(_M_impl._M_alloc(), _M_ptr());
                                  ^
/usr/bin/../lib/gcc/x86_64-linux-gnu/11/../../../../include/c++/11/bits/shared_ptr_base.h:514:2: note: in instantiation of member function 'std::_Sp_counted_ptr_inplace<hocon::config, std::allocator<hocon::config>, __gnu_cxx::_S_atomic>::_M_dispose' requested here
        _Sp_counted_ptr_inplace(_Alloc __a, _Args&&... __args)
        ^
/usr/bin/../lib/gcc/x86_64-linux-gnu/11/../../../../include/c++/11/bits/shared_ptr_base.h:651:6: note: in instantiation of function template specialization 'std::_Sp_counted_ptr_inplace<hocon::config, std::allocator<hocon::config>, __gnu_cxx::_S_atomic>::_Sp_counted_ptr_inplace<std::shared_ptr<const hocon::config_object>>' requested here
            _Sp_cp_type(__a._M_a, std::forward<_Args>(__args)...);
            ^
/usr/bin/../lib/gcc/x86_64-linux-gnu/11/../../../../include/c++/11/bits/shared_ptr_base.h:1342:14: note: in instantiation of function template specialization 'std::__shared_count<__gnu_cxx::_S_atomic>::__shared_count<hocon::config, std::allocator<hocon::config>, std::shared_ptr<const hocon::config_object>>' requested here
        : _M_ptr(), _M_refcount(_M_ptr, __tag, std::forward<_Args>(__args)...)
                    ^
/usr/bin/../lib/gcc/x86_64-linux-gnu/11/../../../../include/c++/11/bits/shared_ptr.h:409:4: note: in instantiation of function template specialization 'std::__shared_ptr<hocon::config, __gnu_cxx::_S_atomic>::__shared_ptr<std::allocator<hocon::config>, std::shared_ptr<const hocon::config_object>>' requested here
        : __shared_ptr<_Tp>(__tag, std::forward<_Args>(__args)...)
          ^
/usr/bin/../lib/gcc/x86_64-linux-gnu/11/../../../../include/c++/11/bits/shared_ptr.h:862:14: note: in instantiation of function template specialization 'std::shared_ptr<hocon::config>::shared_ptr<std::allocator<hocon::config>, std::shared_ptr<const hocon::config_object>>' requested here
      return shared_ptr<_Tp>(_Sp_alloc_shared_tag<_Alloc>{__a},
             ^
/usr/bin/../lib/gcc/x86_64-linux-gnu/11/../../../../include/c++/11/bits/shared_ptr.h:878:19: note: in instantiation of function template specialization 'std::allocate_shared<hocon::config, std::allocator<hocon::config>, std::shared_ptr<const hocon::config_object>>' requested here
      return std::allocate_shared<_Tp>(std::allocator<_Tp_nc>(),
                  ^
/<<PKGBUILDDIR>>/lib/src/values/config_object.cc:58:16: note: in instantiation of function template specialization 'std::make_shared<hocon::config, std::shared_ptr<const hocon::config_object>>' requested here
        return make_shared<config>(dynamic_pointer_cast<const config_object>(shared_from_this()));
               ^
/usr/bin/../lib/gcc/x86_64-linux-gnu/11/../../../../include/c++/11/ext/new_allocator.h:168:10: note: qualify call to silence this warning
        { __p->~_Up(); }
                ^
2 errors generated.
make[3]: *** [lib/CMakeFiles/libprojectsrc.dir/build.make:79: lib/CMakeFiles/libprojectsrc.dir/src/values/config_object.cc.o] Error 1
make[3]: *** Waiting for unfinished jobs....
In file included from /<<PKGBUILDDIR>>/lib/src/nodes/config_node_simple_value.cc:1:
In file included from /<<PKGBUILDDIR>>/lib/inc/internal/nodes/config_node_simple_value.hpp:3:
In file included from /<<PKGBUILDDIR>>/lib/inc/internal/nodes/abstract_config_node_value.hpp:3:
In file included from /<<PKGBUILDDIR>>/lib/inc/internal/nodes/abstract_config_node.hpp:3:
In file included from /<<PKGBUILDDIR>>/lib/inc/hocon/parser/config_node.hpp:3:
In file included from /usr/bin/../lib/gcc/x86_64-linux-gnu/11/../../../../include/c++/11/string:41:
In file included from /usr/bin/../lib/gcc/x86_64-linux-gnu/11/../../../../include/c++/11/bits/allocator.h:46:
In file included from /usr/bin/../lib/gcc/x86_64-linux-gnu/11/../../../../include/x86_64-linux-gnu/c++/11/bits/c++allocator.h:33:
/usr/bin/../lib/gcc/x86_64-linux-gnu/11/../../../../include/c++/11/ext/new_allocator.h:168:4: error: destructor called on non-final 'hocon::config_string' that has virtual functions but non-virtual destructor [-Werror,-Wdelete-non-abstract-non-virtual-dtor]
        { __p->~_Up(); }
          ^
/usr/bin/../lib/gcc/x86_64-linux-gnu/11/../../../../include/c++/11/bits/alloc_traits.h:531:8: note: in instantiation of function template specialization '__gnu_cxx::new_allocator<hocon::config_string>::destroy<hocon::config_string>' requested here
          __a.destroy(__p);
              ^
/usr/bin/../lib/gcc/x86_64-linux-gnu/11/../../../../include/c++/11/bits/shared_ptr_base.h:528:28: note: in instantiation of function template specialization 'std::allocator_traits<std::allocator<hocon::config_string>>::destroy<hocon::config_string>' requested here
        allocator_traits<_Alloc>::destroy(_M_impl._M_alloc(), _M_ptr());
                                  ^
/usr/bin/../lib/gcc/x86_64-linux-gnu/11/../../../../include/c++/11/bits/shared_ptr_base.h:514:2: note: in instantiation of member function 'std::_Sp_counted_ptr_inplace<hocon::config_string, std::allocator<hocon::config_string>, __gnu_cxx::_S_atomic>::_M_dispose' requested here
        _Sp_counted_ptr_inplace(_Alloc __a, _Args&&... __args)
        ^
/usr/bin/../lib/gcc/x86_64-linux-gnu/11/../../../../include/c++/11/bits/shared_ptr_base.h:651:6: note: in instantiation of function template specialization 'std::_Sp_counted_ptr_inplace<hocon::config_string, std::allocator<hocon::config_string>, __gnu_cxx::_S_atomic>::_Sp_counted_ptr_inplace<const std::shared_ptr<const hocon::config_origin> &, std::basic_string<char>, hocon::config_string_type>' requested here
            _Sp_cp_type(__a._M_a, std::forward<_Args>(__args)...);
            ^
/usr/bin/../lib/gcc/x86_64-linux-gnu/11/../../../../include/c++/11/bits/shared_ptr_base.h:1342:14: note: in instantiation of function template specialization 'std::__shared_count<__gnu_cxx::_S_atomic>::__shared_count<hocon::config_string, std::allocator<hocon::config_string>, const std::shared_ptr<const hocon::config_origin> &, std::basic_string<char>, hocon::config_string_type>' requested here
        : _M_ptr(), _M_refcount(_M_ptr, __tag, std::forward<_Args>(__args)...)
                    ^
/usr/bin/../lib/gcc/x86_64-linux-gnu/11/../../../../include/c++/11/bits/shared_ptr.h:409:4: note: in instantiation of function template specialization 'std::__shared_ptr<hocon::config_string, __gnu_cxx::_S_atomic>::__shared_ptr<std::allocator<hocon::config_string>, const std::shared_ptr<const hocon::config_origin> &, std::basic_string<char>, hocon::config_string_type>' requested here
        : __shared_ptr<_Tp>(__tag, std::forward<_Args>(__args)...)
          ^
/usr/bin/../lib/gcc/x86_64-linux-gnu/11/../../../../include/c++/11/bits/shared_ptr.h:862:14: note: in instantiation of function template specialization 'std::shared_ptr<hocon::config_string>::shared_ptr<std::allocator<hocon::config_string>, const std::shared_ptr<const hocon::config_origin> &, std::basic_string<char>, hocon::config_string_type>' requested here
      return shared_ptr<_Tp>(_Sp_alloc_shared_tag<_Alloc>{__a},
             ^
/usr/bin/../lib/gcc/x86_64-linux-gnu/11/../../../../include/c++/11/bits/shared_ptr.h:878:19: note: in instantiation of function template specialization 'std::allocate_shared<hocon::config_string, std::allocator<hocon::config_string>, const std::shared_ptr<const hocon::config_origin> &, std::basic_string<char>, hocon::config_string_type>' requested here
      return std::allocate_shared<_Tp>(std::allocator<_Tp_nc>(),
                  ^
/<<PKGBUILDDIR>>/lib/src/nodes/config_node_simple_value.cc:34:20: note: in instantiation of function template specialization 'std::make_shared<hocon::config_string, const std::shared_ptr<const hocon::config_origin> &, std::basic_string<char>, hocon::config_string_type>' requested here
            return make_shared<config_string>(
                   ^
/usr/bin/../lib/gcc/x86_64-linux-gnu/11/../../../../include/c++/11/ext/new_allocator.h:168:10: note: qualify call to silence this warning
        { __p->~_Up(); }
                ^
/usr/bin/../lib/gcc/x86_64-linux-gnu/11/../../../../include/c++/11/ext/new_allocator.h:168:4: error: destructor called on non-final 'hocon::config_reference' that has virtual functions but non-virtual destructor [-Werror,-Wdelete-non-abstract-non-virtual-dtor]
        { __p->~_Up(); }
          ^
/usr/bin/../lib/gcc/x86_64-linux-gnu/11/../../../../include/c++/11/bits/alloc_traits.h:531:8: note: in instantiation of function template specialization '__gnu_cxx::new_allocator<hocon::config_reference>::destroy<hocon::config_reference>' requested here
          __a.destroy(__p);
              ^
/usr/bin/../lib/gcc/x86_64-linux-gnu/11/../../../../include/c++/11/bits/shared_ptr_base.h:528:28: note: in instantiation of function template specialization 'std::allocator_traits<std::allocator<hocon::config_reference>>::destroy<hocon::config_reference>' requested here
        allocator_traits<_Alloc>::destroy(_M_impl._M_alloc(), _M_ptr());
                                  ^
/usr/bin/../lib/gcc/x86_64-linux-gnu/11/../../../../include/c++/11/bits/shared_ptr_base.h:514:2: note: in instantiation of member function 'std::_Sp_counted_ptr_inplace<hocon::config_reference, std::allocator<hocon::config_reference>, __gnu_cxx::_S_atomic>::_M_dispose' requested here
        _Sp_counted_ptr_inplace(_Alloc __a, _Args&&... __args)
        ^
/usr/bin/../lib/gcc/x86_64-linux-gnu/11/../../../../include/c++/11/bits/shared_ptr_base.h:651:6: note: in instantiation of function template specialization 'std::_Sp_counted_ptr_inplace<hocon::config_reference, std::allocator<hocon::config_reference>, __gnu_cxx::_S_atomic>::_Sp_counted_ptr_inplace<const std::shared_ptr<const hocon::config_origin> &, std::shared_ptr<hocon::substitution_expression>>' requested here
            _Sp_cp_type(__a._M_a, std::forward<_Args>(__args)...);
            ^
/usr/bin/../lib/gcc/x86_64-linux-gnu/11/../../../../include/c++/11/bits/shared_ptr_base.h:1342:14: note: in instantiation of function template specialization 'std::__shared_count<__gnu_cxx::_S_atomic>::__shared_count<hocon::config_reference, std::allocator<hocon::config_reference>, const std::shared_ptr<const hocon::config_origin> &, std::shared_ptr<hocon::substitution_expression>>' requested here
        : _M_ptr(), _M_refcount(_M_ptr, __tag, std::forward<_Args>(__args)...)
                    ^
/usr/bin/../lib/gcc/x86_64-linux-gnu/11/../../../../include/c++/11/bits/shared_ptr.h:409:4: note: in instantiation of function template specialization 'std::__shared_ptr<hocon::config_reference, __gnu_cxx::_S_atomic>::__shared_ptr<std::allocator<hocon::config_reference>, const std::shared_ptr<const hocon::config_origin> &, std::shared_ptr<hocon::substitution_expression>>' requested here
        : __shared_ptr<_Tp>(__tag, std::forward<_Args>(__args)...)
          ^
/usr/bin/../lib/gcc/x86_64-linux-gnu/11/../../../../include/c++/11/bits/shared_ptr.h:862:14: note: in instantiation of function template specialization 'std::shared_ptr<hocon::config_reference>::shared_ptr<std::allocator<hocon::config_reference>, const std::shared_ptr<const hocon::config_origin> &, std::shared_ptr<hocon::substitution_expression>>' requested here
      return shared_ptr<_Tp>(_Sp_alloc_shared_tag<_Alloc>{__a},
             ^
/usr/bin/../lib/gcc/x86_64-linux-gnu/11/../../../../include/c++/11/bits/shared_ptr.h:878:19: note: in instantiation of function template specialization 'std::allocate_shared<hocon::config_reference, std::allocator<hocon::config_reference>, const std::shared_ptr<const hocon::config_origin> &, std::shared_ptr<hocon::substitution_expression>>' requested here
      return std::allocate_shared<_Tp>(std::allocator<_Tp_nc>(),
                  ^
/<<PKGBUILDDIR>>/lib/src/nodes/config_node_simple_value.cc:44:20: note: in instantiation of function template specialization 'std::make_shared<hocon::config_reference, const std::shared_ptr<const hocon::config_origin> &, std::shared_ptr<hocon::substitution_expression>>' requested here
            return make_shared<config_reference>(sub_token->origin(), make_shared<substitution_expression>(the_path, optional));
                   ^
/usr/bin/../lib/gcc/x86_64-linux-gnu/11/../../../../include/c++/11/ext/new_allocator.h:168:10: note: qualify call to silence this warning
        { __p->~_Up(); }
                ^
2 errors generated.
make[3]: *** [lib/CMakeFiles/libprojectsrc.dir/build.make:135: lib/CMakeFiles/libprojectsrc.dir/src/nodes/config_node_simple_value.cc.o] Error 1
In file included from /<<PKGBUILDDIR>>/lib/src/values/simple_config_object.cc:1:
In file included from /<<PKGBUILDDIR>>/lib/inc/internal/values/simple_config_object.hpp:3:
In file included from /<<PKGBUILDDIR>>/lib/inc/internal/container.hpp:3:
In file included from /<<PKGBUILDDIR>>/lib/inc/hocon/config_value.hpp:4:
In file included from /<<PKGBUILDDIR>>/lib/inc/hocon/config_origin.hpp:3:
In file included from /<<PKGBUILDDIR>>/lib/inc/hocon/types.hpp:3:
In file included from /usr/bin/../lib/gcc/x86_64-linux-gnu/11/../../../../include/c++/11/memory:64:
In file included from /usr/bin/../lib/gcc/x86_64-linux-gnu/11/../../../../include/c++/11/bits/allocator.h:46:
In file included from /usr/bin/../lib/gcc/x86_64-linux-gnu/11/../../../../include/x86_64-linux-gnu/c++/11/bits/c++allocator.h:33:
/usr/bin/../lib/gcc/x86_64-linux-gnu/11/../../../../include/c++/11/ext/new_allocator.h:168:4: error: destructor called on non-final 'hocon::simple_config_origin' that has virtual functions but non-virtual destructor [-Werror,-Wdelete-non-abstract-non-virtual-dtor]
        { __p->~_Up(); }
          ^
/usr/bin/../lib/gcc/x86_64-linux-gnu/11/../../../../include/c++/11/bits/alloc_traits.h:531:8: note: in instantiation of function template specialization '__gnu_cxx::new_allocator<hocon::simple_config_origin>::destroy<hocon::simple_config_origin>' requested here
          __a.destroy(__p);
              ^
/usr/bin/../lib/gcc/x86_64-linux-gnu/11/../../../../include/c++/11/bits/shared_ptr_base.h:528:28: note: in instantiation of function template specialization 'std::allocator_traits<std::allocator<hocon::simple_config_origin>>::destroy<hocon::simple_config_origin>' requested here
        allocator_traits<_Alloc>::destroy(_M_impl._M_alloc(), _M_ptr());
                                  ^
/usr/bin/../lib/gcc/x86_64-linux-gnu/11/../../../../include/c++/11/bits/shared_ptr_base.h:514:2: note: in instantiation of member function 'std::_Sp_counted_ptr_inplace<hocon::simple_config_origin, std::allocator<hocon::simple_config_origin>, __gnu_cxx::_S_atomic>::_M_dispose' requested here
        _Sp_counted_ptr_inplace(_Alloc __a, _Args&&... __args)
        ^
/usr/bin/../lib/gcc/x86_64-linux-gnu/11/../../../../include/c++/11/bits/shared_ptr_base.h:651:6: note: in instantiation of function template specialization 'std::_Sp_counted_ptr_inplace<hocon::simple_config_origin, std::allocator<hocon::simple_config_origin>, __gnu_cxx::_S_atomic>::_Sp_counted_ptr_inplace<std::basic_string<char>>' requested here
            _Sp_cp_type(__a._M_a, std::forward<_Args>(__args)...);
            ^
/usr/bin/../lib/gcc/x86_64-linux-gnu/11/../../../../include/c++/11/bits/shared_ptr_base.h:1342:14: note: in instantiation of function template specialization 'std::__shared_count<__gnu_cxx::_S_atomic>::__shared_count<hocon::simple_config_origin, std::allocator<hocon::simple_config_origin>, std::basic_string<char>>' requested here
        : _M_ptr(), _M_refcount(_M_ptr, __tag, std::forward<_Args>(__args)...)
                    ^
/usr/bin/../lib/gcc/x86_64-linux-gnu/11/../../../../include/c++/11/bits/shared_ptr.h:409:4: note: in instantiation of function template specialization 'std::__shared_ptr<hocon::simple_config_origin, __gnu_cxx::_S_atomic>::__shared_ptr<std::allocator<hocon::simple_config_origin>, std::basic_string<char>>' requested here
        : __shared_ptr<_Tp>(__tag, std::forward<_Args>(__args)...)
          ^
/usr/bin/../lib/gcc/x86_64-linux-gnu/11/../../../../include/c++/11/bits/shared_ptr.h:862:14: note: in instantiation of function template specialization 'std::shared_ptr<hocon::simple_config_origin>::shared_ptr<std::allocator<hocon::simple_config_origin>, std::basic_string<char>>' requested here
      return shared_ptr<_Tp>(_Sp_alloc_shared_tag<_Alloc>{__a},
             ^
/usr/bin/../lib/gcc/x86_64-linux-gnu/11/../../../../include/c++/11/bits/shared_ptr.h:878:19: note: in instantiation of function template specialization 'std::allocate_shared<hocon::simple_config_origin, std::allocator<hocon::simple_config_origin>, std::basic_string<char>>' requested here
      return std::allocate_shared<_Tp>(std::allocator<_Tp_nc>(),
                  ^
/<<PKGBUILDDIR>>/lib/src/values/simple_config_object.cc:99:21: note: in instantiation of function template specialization 'std::make_shared<hocon::simple_config_origin, std::basic_string<char>>' requested here
                    make_shared<simple_config_origin>("with_value(" + next.render() + ")"), next);
                    ^
/usr/bin/../lib/gcc/x86_64-linux-gnu/11/../../../../include/c++/11/ext/new_allocator.h:168:10: note: qualify call to silence this warning
        { __p->~_Up(); }
                ^
/usr/bin/../lib/gcc/x86_64-linux-gnu/11/../../../../include/c++/11/ext/new_allocator.h:168:4: error: destructor called on non-final 'hocon::simple_config_object' that has virtual functions but non-virtual destructor [-Werror,-Wdelete-non-abstract-non-virtual-dtor]
        { __p->~_Up(); }
          ^
/usr/bin/../lib/gcc/x86_64-linux-gnu/11/../../../../include/c++/11/bits/alloc_traits.h:531:8: note: in instantiation of function template specialization '__gnu_cxx::new_allocator<hocon::simple_config_object>::destroy<hocon::simple_config_object>' requested here
          __a.destroy(__p);
              ^
/usr/bin/../lib/gcc/x86_64-linux-gnu/11/../../../../include/c++/11/bits/shared_ptr_base.h:528:28: note: in instantiation of function template specialization 'std::allocator_traits<std::allocator<hocon::simple_config_object>>::destroy<hocon::simple_config_object>' requested here
        allocator_traits<_Alloc>::destroy(_M_impl._M_alloc(), _M_ptr());
                                  ^
/usr/bin/../lib/gcc/x86_64-linux-gnu/11/../../../../include/c++/11/bits/shared_ptr_base.h:514:2: note: in instantiation of member function 'std::_Sp_counted_ptr_inplace<hocon::simple_config_object, std::allocator<hocon::simple_config_object>, __gnu_cxx::_S_atomic>::_M_dispose' requested here
        _Sp_counted_ptr_inplace(_Alloc __a, _Args&&... __args)
        ^
/usr/bin/../lib/gcc/x86_64-linux-gnu/11/../../../../include/c++/11/bits/shared_ptr_base.h:651:6: note: in instantiation of function template specialization 'std::_Sp_counted_ptr_inplace<hocon::simple_config_object, std::allocator<hocon::simple_config_object>, __gnu_cxx::_S_atomic>::_Sp_counted_ptr_inplace<const std::shared_ptr<const hocon::config_origin> &, std::unordered_map<std::basic_string<char>, std::shared_ptr<const hocon::config_value>> &, hocon::resolve_status, const bool &>' requested here
            _Sp_cp_type(__a._M_a, std::forward<_Args>(__args)...);
            ^
/usr/bin/../lib/gcc/x86_64-linux-gnu/11/../../../../include/c++/11/bits/shared_ptr_base.h:1342:14: note: in instantiation of function template specialization 'std::__shared_count<__gnu_cxx::_S_atomic>::__shared_count<hocon::simple_config_object, std::allocator<hocon::simple_config_object>, const std::shared_ptr<const hocon::config_origin> &, std::unordered_map<std::basic_string<char>, std::shared_ptr<const hocon::config_value>> &, hocon::resolve_status, const bool &>' requested here
        : _M_ptr(), _M_refcount(_M_ptr, __tag, std::forward<_Args>(__args)...)
                    ^
/usr/bin/../lib/gcc/x86_64-linux-gnu/11/../../../../include/c++/11/bits/shared_ptr.h:409:4: note: in instantiation of function template specialization 'std::__shared_ptr<hocon::simple_config_object, __gnu_cxx::_S_atomic>::__shared_ptr<std::allocator<hocon::simple_config_object>, const std::shared_ptr<const hocon::config_origin> &, std::unordered_map<std::basic_string<char>, std::shared_ptr<const hocon::config_value>> &, hocon::resolve_status, const bool &>' requested here
        : __shared_ptr<_Tp>(__tag, std::forward<_Args>(__args)...)
          ^
/usr/bin/../lib/gcc/x86_64-linux-gnu/11/../../../../include/c++/11/bits/shared_ptr.h:862:14: note: in instantiation of function template specialization 'std::shared_ptr<hocon::simple_config_object>::shared_ptr<std::allocator<hocon::simple_config_object>, const std::shared_ptr<const hocon::config_origin> &, std::unordered_map<std::basic_string<char>, std::shared_ptr<const hocon::config_value>> &, hocon::resolve_status, const bool &>' requested here
      return shared_ptr<_Tp>(_Sp_alloc_shared_tag<_Alloc>{__a},
             ^
/usr/bin/../lib/gcc/x86_64-linux-gnu/11/../../../../include/c++/11/bits/shared_ptr.h:878:19: note: in instantiation of function template specialization 'std::allocate_shared<hocon::simple_config_object, std::allocator<hocon::simple_config_object>, const std::shared_ptr<const hocon::config_origin> &, std::unordered_map<std::basic_string<char>, std::shared_ptr<const hocon::config_value>> &, hocon::resolve_status, const bool &>' requested here
      return std::allocate_shared<_Tp>(std::allocator<_Tp_nc>(),
                  ^
/<<PKGBUILDDIR>>/lib/src/values/simple_config_object.cc:113:20: note: in instantiation of function template specialization 'std::make_shared<hocon::simple_config_object, const std::shared_ptr<const hocon::config_origin> &, std::unordered_map<std::basic_string<char>, std::shared_ptr<const hocon::config_value>> &, hocon::resolve_status, const bool &>' requested here
            return make_shared<simple_config_object>(origin(),
                   ^
/usr/bin/../lib/gcc/x86_64-linux-gnu/11/../../../../include/c++/11/ext/new_allocator.h:168:10: note: qualify call to silence this warning
        { __p->~_Up(); }
                ^
2 errors generated.
make[3]: *** [lib/CMakeFiles/libprojectsrc.dir/build.make:93: lib/CMakeFiles/libprojectsrc.dir/src/values/simple_config_object.cc.o] Error 1
make[3]: Leaving directory '/<<PKGBUILDDIR>>/obj-x86_64-linux-gnu'
make[2]: *** [CMakeFiles/Makefile2:193: lib/CMakeFiles/libprojectsrc.dir/all] Error 2
make[2]: Leaving directory '/<<PKGBUILDDIR>>/obj-x86_64-linux-gnu'
make[1]: *** [Makefile:149: all] Error 2
make[1]: Leaving directory '/<<PKGBUILDDIR>>/obj-x86_64-linux-gnu'
dh_auto_build: error: cd obj-x86_64-linux-gnu && make -j4 "INSTALL=install --strip-program=true" VERBOSE=1 returned exit code 2
make: *** [debian/rules:13: build] Error 25
dpkg-buildpackage: error: debian/rules build subprocess returned exit status 2
--------------------------------------------------------------------------------
Build finished at 2021-10-26T21:35:49Z

Finished
--------


+------------------------------------------------------------------------------+
| Cleanup                                                                      |
+------------------------------------------------------------------------------+

Purging /<<BUILDDIR>>
Not cleaning session: cloned chroot in use
E: Build failure (dpkg-buildpackage died)

+------------------------------------------------------------------------------+
| Summary                                                                      |
+------------------------------------------------------------------------------+

Build Architecture: amd64
Build Type: binary
Build-Space: 3196
Build-Time: 7
Distribution: unstable
Fail-Stage: build
Host Architecture: amd64
Install-Time: 13
Job: cpp-hocon_0.3.0-1
Machine Architecture: amd64
Package: cpp-hocon
Package-Time: 42
Source-Version: 0.3.0-1
Space: 3196
Status: attempted
Version: 0.3.0-1
--------------------------------------------------------------------------------
Finished at 2021-10-26T21:35:49Z
Build needed 00:00:42, 3196k disk space
E: Build failure (dpkg-buildpackage died)
DC-Status: Failed 42.730785427s
DC-Time-Estimation: 42.730785427 versus expected 359 (r/m: 7.401436959620246 ; m: 42.730785427)
