DC-Build-Header: dbuskit 0.1.1-3 / 2021-10-26 22:55:59 +0000
DC-Task: type:rebuild-binarch-only source:dbuskit version:0.1.1-3 chroot:unstable esttime:81 logfile:/tmp/dbuskit_0.1.1-3_unstable_clang12.log modes:clang12:binarch-only
DC-Sbuild-call: su user42 -c 'sbuild -n --arch-any --apt-update -d unstable -v --no-run-lintian --chroot-setup-commands=/tmp/clang12 dbuskit_0.1.1-3'
sbuild (Debian sbuild) 0.78.1 (09 February 2019) on ip-172-31-6-254.eu-central-1.compute.internal

+==============================================================================+
| dbuskit 0.1.1-3 (amd64)                      Tue, 26 Oct 2021 22:56:00 +0000 |
+==============================================================================+

Package: dbuskit
Version: 0.1.1-3
Source Version: 0.1.1-3
Distribution: unstable
Machine Architecture: amd64
Host Architecture: amd64
Build Architecture: amd64
Build Type: binary

I: NOTICE: Log filtering will replace 'var/run/schroot/mount/sid-amd64-sbuild-0fcb0605-0b80-4b7f-a105-be7007efb809' with '<<CHROOT>>'

+------------------------------------------------------------------------------+
| Chroot Setup Commands                                                        |
+------------------------------------------------------------------------------+


/tmp/clang12
------------

+ echo 'Entering customization script...'
Entering customization script...
+ CLANG_VERSION=12
+ echo 'Install of clang-12'
Install of clang-12
+ apt-get update
Get:1 http://127.0.0.1:12990/debian sid InRelease [165 kB]
Get:2 http://127.0.0.1:12990/debian sid/main Sources.diff/Index [63.6 kB]
Get:3 http://127.0.0.1:12990/debian sid/main amd64 Packages.diff/Index [63.6 kB]
Get:4 http://127.0.0.1:12990/debian sid/main Sources T-2021-10-26-2004.40-F-2021-10-26-0202.15.pdiff [47.3 kB]
Get:4 http://127.0.0.1:12990/debian sid/main Sources T-2021-10-26-2004.40-F-2021-10-26-0202.15.pdiff [47.3 kB]
Get:5 http://127.0.0.1:12990/debian sid/main amd64 Packages T-2021-10-26-2004.40-F-2021-10-26-0202.15.pdiff [55.9 kB]
Get:5 http://127.0.0.1:12990/debian sid/main amd64 Packages T-2021-10-26-2004.40-F-2021-10-26-0202.15.pdiff [55.9 kB]
Get:6 http://127.0.0.1:12990/debian sid/main Translation-en [6586 kB]
Fetched 6981 kB in 3s (2742 kB/s)
Reading package lists...
+ apt-get install --yes --no-install-recommends --force-yes clang-12 libomp-12-dev libobjc-9-dev
Reading package lists...
Building dependency tree...
The following additional packages will be installed:
  lib32gcc-s1 lib32stdc++6 libasan5 libbsd0 libc6-i386 libclang-common-12-dev
  libclang-cpp12 libclang1-12 libedit2 libelf1 libgc1 libgcc-9-dev libicu67
  libllvm12 libmd0 libobjc-11-dev libobjc4 libomp5-12 libunwind-12 libxml2
  libz3-4 llvm-12-linker-tools
Suggested packages:
  clang-12-doc libomp-12-doc
Recommended packages:
  llvm-12-dev python3
The following NEW packages will be installed:
  clang-12 lib32gcc-s1 lib32stdc++6 libasan5 libbsd0 libc6-i386
  libclang-common-12-dev libclang-cpp12 libclang1-12 libedit2 libelf1 libgc1
  libgcc-9-dev libicu67 libllvm12 libmd0 libobjc-11-dev libobjc-9-dev libobjc4
  libomp-12-dev libomp5-12 libunwind-12 libxml2 libz3-4 llvm-12-linker-tools
0 upgraded, 25 newly installed, 0 to remove and 0 not upgraded.
Need to get 67.6 MB of archives.
After this operation, 349 MB of additional disk space will be used.
Get:1 http://127.0.0.1:12990/debian sid/main amd64 libmd0 amd64 1.0.4-1 [29.6 kB]
Get:2 http://127.0.0.1:12990/debian sid/main amd64 libbsd0 amd64 0.11.3-1 [108 kB]
Get:3 http://127.0.0.1:12990/debian sid/main amd64 libedit2 amd64 3.1-20210910-1 [97.5 kB]
Get:4 http://127.0.0.1:12990/debian sid/main amd64 libicu67 amd64 67.1-7 [8622 kB]
Get:5 http://127.0.0.1:12990/debian sid/main amd64 libxml2 amd64 2.9.12+dfsg-5 [696 kB]
Get:6 http://127.0.0.1:12990/debian sid/main amd64 libz3-4 amd64 4.8.12-1+b1 [6997 kB]
Get:7 http://127.0.0.1:12990/debian sid/main amd64 libllvm12 amd64 1:12.0.1-15 [19.4 MB]
Get:8 http://127.0.0.1:12990/debian sid/main amd64 libclang-cpp12 amd64 1:12.0.1-15 [9996 kB]
Get:9 http://127.0.0.1:12990/debian sid/main amd64 libgc1 amd64 1:8.0.4-3 [239 kB]
Get:10 http://127.0.0.1:12990/debian sid/main amd64 libobjc4 amd64 11.2.0-10 [43.2 kB]
Get:11 http://127.0.0.1:12990/debian sid/main amd64 libobjc-11-dev amd64 11.2.0-10 [170 kB]
Get:12 http://127.0.0.1:12990/debian sid/main amd64 libc6-i386 amd64 2.32-4 [2624 kB]
Get:13 http://127.0.0.1:12990/debian sid/main amd64 lib32gcc-s1 amd64 11.2.0-10 [49.9 kB]
Get:14 http://127.0.0.1:12990/debian sid/main amd64 lib32stdc++6 amd64 11.2.0-10 [601 kB]
Get:15 http://127.0.0.1:12990/debian sid/main amd64 libclang-common-12-dev amd64 1:12.0.1-15 [4819 kB]
Get:16 http://127.0.0.1:12990/debian sid/main amd64 llvm-12-linker-tools amd64 1:12.0.1-15 [1222 kB]
Get:17 http://127.0.0.1:12990/debian sid/main amd64 libclang1-12 amd64 1:12.0.1-15 [5644 kB]
Get:18 http://127.0.0.1:12990/debian sid/main amd64 clang-12 amd64 1:12.0.1-15 [117 kB]
Get:19 http://127.0.0.1:12990/debian sid/main amd64 libasan5 amd64 9.4.0-3 [2734 kB]
Get:20 http://127.0.0.1:12990/debian sid/main amd64 libelf1 amd64 0.185-2 [172 kB]
Get:21 http://127.0.0.1:12990/debian sid/main amd64 libgcc-9-dev amd64 9.4.0-3 [2343 kB]
Get:22 http://127.0.0.1:12990/debian sid/main amd64 libobjc-9-dev amd64 9.4.0-3 [219 kB]
Get:23 http://127.0.0.1:12990/debian sid/main amd64 libunwind-12 amd64 1:12.0.1-15 [63.9 kB]
Get:24 http://127.0.0.1:12990/debian sid/main amd64 libomp5-12 amd64 1:12.0.1-15 [405 kB]
Get:25 http://127.0.0.1:12990/debian sid/main amd64 libomp-12-dev amd64 1:12.0.1-15 [104 kB]
debconf: delaying package configuration, since apt-utils is not installed
Fetched 67.6 MB in 0s (154 MB/s)
Selecting previously unselected package libmd0:amd64.
(Reading database ... (Reading database ... 5%(Reading database ... 10%(Reading database ... 15%(Reading database ... 20%(Reading database ... 25%(Reading database ... 30%(Reading database ... 35%(Reading database ... 40%(Reading database ... 45%(Reading database ... 50%(Reading database ... 55%(Reading database ... 60%(Reading database ... 65%(Reading database ... 70%(Reading database ... 75%(Reading database ... 80%(Reading database ... 85%(Reading database ... 90%(Reading database ... 95%(Reading database ... 100%(Reading database ... 12431 files and directories currently installed.)
Preparing to unpack .../00-libmd0_1.0.4-1_amd64.deb ...
Unpacking libmd0:amd64 (1.0.4-1) ...
Selecting previously unselected package libbsd0:amd64.
Preparing to unpack .../01-libbsd0_0.11.3-1_amd64.deb ...
Unpacking libbsd0:amd64 (0.11.3-1) ...
Selecting previously unselected package libedit2:amd64.
Preparing to unpack .../02-libedit2_3.1-20210910-1_amd64.deb ...
Unpacking libedit2:amd64 (3.1-20210910-1) ...
Selecting previously unselected package libicu67:amd64.
Preparing to unpack .../03-libicu67_67.1-7_amd64.deb ...
Unpacking libicu67:amd64 (67.1-7) ...
Selecting previously unselected package libxml2:amd64.
Preparing to unpack .../04-libxml2_2.9.12+dfsg-5_amd64.deb ...
Unpacking libxml2:amd64 (2.9.12+dfsg-5) ...
Selecting previously unselected package libz3-4:amd64.
Preparing to unpack .../05-libz3-4_4.8.12-1+b1_amd64.deb ...
Unpacking libz3-4:amd64 (4.8.12-1+b1) ...
Selecting previously unselected package libllvm12:amd64.
Preparing to unpack .../06-libllvm12_1%3a12.0.1-15_amd64.deb ...
Unpacking libllvm12:amd64 (1:12.0.1-15) ...
Selecting previously unselected package libclang-cpp12.
Preparing to unpack .../07-libclang-cpp12_1%3a12.0.1-15_amd64.deb ...
Unpacking libclang-cpp12 (1:12.0.1-15) ...
Selecting previously unselected package libgc1:amd64.
Preparing to unpack .../08-libgc1_1%3a8.0.4-3_amd64.deb ...
Unpacking libgc1:amd64 (1:8.0.4-3) ...
Selecting previously unselected package libobjc4:amd64.
Preparing to unpack .../09-libobjc4_11.2.0-10_amd64.deb ...
Unpacking libobjc4:amd64 (11.2.0-10) ...
Selecting previously unselected package libobjc-11-dev:amd64.
Preparing to unpack .../10-libobjc-11-dev_11.2.0-10_amd64.deb ...
Unpacking libobjc-11-dev:amd64 (11.2.0-10) ...
Selecting previously unselected package libc6-i386.
Preparing to unpack .../11-libc6-i386_2.32-4_amd64.deb ...
Unpacking libc6-i386 (2.32-4) ...
Selecting previously unselected package lib32gcc-s1.
Preparing to unpack .../12-lib32gcc-s1_11.2.0-10_amd64.deb ...
Unpacking lib32gcc-s1 (11.2.0-10) ...
Selecting previously unselected package lib32stdc++6.
Preparing to unpack .../13-lib32stdc++6_11.2.0-10_amd64.deb ...
Unpacking lib32stdc++6 (11.2.0-10) ...
Selecting previously unselected package libclang-common-12-dev.
Preparing to unpack .../14-libclang-common-12-dev_1%3a12.0.1-15_amd64.deb ...
Unpacking libclang-common-12-dev (1:12.0.1-15) ...
Selecting previously unselected package llvm-12-linker-tools.
Preparing to unpack .../15-llvm-12-linker-tools_1%3a12.0.1-15_amd64.deb ...
Unpacking llvm-12-linker-tools (1:12.0.1-15) ...
Selecting previously unselected package libclang1-12.
Preparing to unpack .../16-libclang1-12_1%3a12.0.1-15_amd64.deb ...
Unpacking libclang1-12 (1:12.0.1-15) ...
Selecting previously unselected package clang-12.
Preparing to unpack .../17-clang-12_1%3a12.0.1-15_amd64.deb ...
Unpacking clang-12 (1:12.0.1-15) ...
Selecting previously unselected package libasan5:amd64.
Preparing to unpack .../18-libasan5_9.4.0-3_amd64.deb ...
Unpacking libasan5:amd64 (9.4.0-3) ...
Selecting previously unselected package libelf1:amd64.
Preparing to unpack .../19-libelf1_0.185-2_amd64.deb ...
Unpacking libelf1:amd64 (0.185-2) ...
Selecting previously unselected package libgcc-9-dev:amd64.
Preparing to unpack .../20-libgcc-9-dev_9.4.0-3_amd64.deb ...
Unpacking libgcc-9-dev:amd64 (9.4.0-3) ...
Selecting previously unselected package libobjc-9-dev:amd64.
Preparing to unpack .../21-libobjc-9-dev_9.4.0-3_amd64.deb ...
Unpacking libobjc-9-dev:amd64 (9.4.0-3) ...
Selecting previously unselected package libunwind-12:amd64.
Preparing to unpack .../22-libunwind-12_1%3a12.0.1-15_amd64.deb ...
Unpacking libunwind-12:amd64 (1:12.0.1-15) ...
Selecting previously unselected package libomp5-12:amd64.
Preparing to unpack .../23-libomp5-12_1%3a12.0.1-15_amd64.deb ...
Unpacking libomp5-12:amd64 (1:12.0.1-15) ...
Selecting previously unselected package libomp-12-dev.
Preparing to unpack .../24-libomp-12-dev_1%3a12.0.1-15_amd64.deb ...
Unpacking libomp-12-dev (1:12.0.1-15) ...
Setting up libicu67:amd64 (67.1-7) ...
Setting up libasan5:amd64 (9.4.0-3) ...
Setting up libz3-4:amd64 (4.8.12-1+b1) ...
Setting up libunwind-12:amd64 (1:12.0.1-15) ...
Setting up libgc1:amd64 (1:8.0.4-3) ...
Setting up libmd0:amd64 (1.0.4-1) ...
Setting up libc6-i386 (2.32-4) ...
Setting up libbsd0:amd64 (0.11.3-1) ...
Setting up libelf1:amd64 (0.185-2) ...
Setting up libxml2:amd64 (2.9.12+dfsg-5) ...
Setting up libedit2:amd64 (3.1-20210910-1) ...
Setting up libobjc4:amd64 (11.2.0-10) ...
Setting up libgcc-9-dev:amd64 (9.4.0-3) ...
Setting up lib32gcc-s1 (11.2.0-10) ...
Setting up lib32stdc++6 (11.2.0-10) ...
Setting up libllvm12:amd64 (1:12.0.1-15) ...
Setting up libobjc-9-dev:amd64 (9.4.0-3) ...
Setting up libclang-common-12-dev (1:12.0.1-15) ...
Setting up libomp5-12:amd64 (1:12.0.1-15) ...
Setting up libobjc-11-dev:amd64 (11.2.0-10) ...
Setting up llvm-12-linker-tools (1:12.0.1-15) ...
Setting up libclang1-12 (1:12.0.1-15) ...
Setting up libclang-cpp12 (1:12.0.1-15) ...
Setting up libomp-12-dev (1:12.0.1-15) ...
Setting up clang-12 (1:12.0.1-15) ...
Processing triggers for libc-bin (2.32-4) ...
W: --force-yes is deprecated, use one of the options starting with --allow instead.
+ echo 'Replace gcc, g++ & cpp by clang'
Replace gcc, g++ & cpp by clang
+ VERSIONS='4.6 4.7 4.8 4.9 5 6 7 8 9 10 11'
+ cd /usr/bin
+ for VERSION in $VERSIONS
+ rm -f g++-4.6 gcc-4.6 cpp-4.6 gcc
+ ln -s clang++-12 g++-4.6
+ ln -s clang-12 gcc-4.6
+ ln -s clang-12 cpp-4.6
+ ln -s clang-12 gcc
+ echo 'gcc-4.6 hold'
+ dpkg --set-selections
dpkg: warning: package not in status nor available database at line 1: gcc-4.6
dpkg: warning: found unknown packages; this might mean the available database
is outdated, and needs to be updated through a frontend method;
please see the FAQ <https://wiki.debian.org/Teams/Dpkg/FAQ>
+ echo 'g++-4.6 hold'
+ dpkg --set-selections
dpkg: warning: package not in status nor available database at line 1: g++-4.6
dpkg: warning: found unknown packages; this might mean the available database
is outdated, and needs to be updated through a frontend method;
please see the FAQ <https://wiki.debian.org/Teams/Dpkg/FAQ>
+ for VERSION in $VERSIONS
+ rm -f g++-4.7 gcc-4.7 cpp-4.7 gcc
+ ln -s clang++-12 g++-4.7
+ ln -s clang-12 gcc-4.7
+ ln -s clang-12 cpp-4.7
+ ln -s clang-12 gcc
+ echo 'gcc-4.7 hold'
+ dpkg --set-selections
dpkg: warning: package not in status nor available database at line 1: gcc-4.7
dpkg: warning: found unknown packages; this might mean the available database
is outdated, and needs to be updated through a frontend method;
please see the FAQ <https://wiki.debian.org/Teams/Dpkg/FAQ>
+ echo 'g++-4.7 hold'
+ dpkg --set-selections
dpkg: warning: package not in status nor available database at line 1: g++-4.7
dpkg: warning: found unknown packages; this might mean the available database
is outdated, and needs to be updated through a frontend method;
please see the FAQ <https://wiki.debian.org/Teams/Dpkg/FAQ>
+ for VERSION in $VERSIONS
+ rm -f g++-4.8 gcc-4.8 cpp-4.8 gcc
+ ln -s clang++-12 g++-4.8
+ ln -s clang-12 gcc-4.8
+ ln -s clang-12 cpp-4.8
+ ln -s clang-12 gcc
+ echo 'gcc-4.8 hold'
+ dpkg --set-selections
dpkg: warning: package not in status nor available database at line 1: gcc-4.8
dpkg: warning: found unknown packages; this might mean the available database
is outdated, and needs to be updated through a frontend method;
please see the FAQ <https://wiki.debian.org/Teams/Dpkg/FAQ>
+ echo 'g++-4.8 hold'
+ dpkg --set-selections
dpkg: warning: package not in status nor available database at line 1: g++-4.8
dpkg: warning: found unknown packages; this might mean the available database
is outdated, and needs to be updated through a frontend method;
please see the FAQ <https://wiki.debian.org/Teams/Dpkg/FAQ>
+ for VERSION in $VERSIONS
+ rm -f g++-4.9 gcc-4.9 cpp-4.9 gcc
+ ln -s clang++-12 g++-4.9
+ ln -s clang-12 gcc-4.9
+ ln -s clang-12 cpp-4.9
+ ln -s clang-12 gcc
+ echo 'gcc-4.9 hold'
+ dpkg --set-selections
dpkg: warning: package not in status nor available database at line 1: gcc-4.9
dpkg: warning: found unknown packages; this might mean the available database
is outdated, and needs to be updated through a frontend method;
please see the FAQ <https://wiki.debian.org/Teams/Dpkg/FAQ>
+ echo 'g++-4.9 hold'
+ dpkg --set-selections
dpkg: warning: package not in status nor available database at line 1: g++-4.9
dpkg: warning: found unknown packages; this might mean the available database
is outdated, and needs to be updated through a frontend method;
please see the FAQ <https://wiki.debian.org/Teams/Dpkg/FAQ>
+ for VERSION in $VERSIONS
+ rm -f g++-5 gcc-5 cpp-5 gcc
+ ln -s clang++-12 g++-5
+ ln -s clang-12 gcc-5
+ ln -s clang-12 cpp-5
+ ln -s clang-12 gcc
+ echo 'gcc-5 hold'
+ dpkg --set-selections
dpkg: warning: package not in status nor available database at line 1: gcc-5
dpkg: warning: found unknown packages; this might mean the available database
is outdated, and needs to be updated through a frontend method;
please see the FAQ <https://wiki.debian.org/Teams/Dpkg/FAQ>
+ echo 'g++-5 hold'
+ dpkg --set-selections
dpkg: warning: package not in status nor available database at line 1: g++-5
dpkg: warning: found unknown packages; this might mean the available database
is outdated, and needs to be updated through a frontend method;
please see the FAQ <https://wiki.debian.org/Teams/Dpkg/FAQ>
+ for VERSION in $VERSIONS
+ rm -f g++-6 gcc-6 cpp-6 gcc
+ ln -s clang++-12 g++-6
+ ln -s clang-12 gcc-6
+ ln -s clang-12 cpp-6
+ ln -s clang-12 gcc
+ echo 'gcc-6 hold'
+ dpkg --set-selections
dpkg: warning: package not in status nor available database at line 1: gcc-6
dpkg: warning: found unknown packages; this might mean the available database
is outdated, and needs to be updated through a frontend method;
please see the FAQ <https://wiki.debian.org/Teams/Dpkg/FAQ>
+ echo 'g++-6 hold'
+ dpkg --set-selections
dpkg: warning: package not in status nor available database at line 1: g++-6
dpkg: warning: found unknown packages; this might mean the available database
is outdated, and needs to be updated through a frontend method;
please see the FAQ <https://wiki.debian.org/Teams/Dpkg/FAQ>
+ for VERSION in $VERSIONS
+ rm -f g++-7 gcc-7 cpp-7 gcc
+ ln -s clang++-12 g++-7
+ ln -s clang-12 gcc-7
+ ln -s clang-12 cpp-7
+ ln -s clang-12 gcc
+ echo 'gcc-7 hold'
+ dpkg --set-selections
dpkg: warning: package not in status nor available database at line 1: gcc-7
dpkg: warning: found unknown packages; this might mean the available database
is outdated, and needs to be updated through a frontend method;
please see the FAQ <https://wiki.debian.org/Teams/Dpkg/FAQ>
+ echo 'g++-7 hold'
+ dpkg --set-selections
dpkg: warning: package not in status nor available database at line 1: g++-7
dpkg: warning: found unknown packages; this might mean the available database
is outdated, and needs to be updated through a frontend method;
please see the FAQ <https://wiki.debian.org/Teams/Dpkg/FAQ>
+ for VERSION in $VERSIONS
+ rm -f g++-8 gcc-8 cpp-8 gcc
+ ln -s clang++-12 g++-8
+ ln -s clang-12 gcc-8
+ ln -s clang-12 cpp-8
+ ln -s clang-12 gcc
+ echo 'gcc-8 hold'
+ dpkg --set-selections
dpkg: warning: package not in status nor available database at line 1: gcc-8
dpkg: warning: found unknown packages; this might mean the available database
is outdated, and needs to be updated through a frontend method;
please see the FAQ <https://wiki.debian.org/Teams/Dpkg/FAQ>
+ echo 'g++-8 hold'
+ dpkg --set-selections
dpkg: warning: package not in status nor available database at line 1: g++-8
dpkg: warning: found unknown packages; this might mean the available database
is outdated, and needs to be updated through a frontend method;
please see the FAQ <https://wiki.debian.org/Teams/Dpkg/FAQ>
+ for VERSION in $VERSIONS
+ rm -f g++-9 gcc-9 cpp-9 gcc
+ ln -s clang++-12 g++-9
+ ln -s clang-12 gcc-9
+ ln -s clang-12 cpp-9
+ ln -s clang-12 gcc
+ echo 'gcc-9 hold'
+ dpkg --set-selections
dpkg: warning: package not in status nor available database at line 1: gcc-9
dpkg: warning: found unknown packages; this might mean the available database
is outdated, and needs to be updated through a frontend method;
please see the FAQ <https://wiki.debian.org/Teams/Dpkg/FAQ>
+ echo 'g++-9 hold'
+ dpkg --set-selections
dpkg: warning: package not in status nor available database at line 1: g++-9
dpkg: warning: found unknown packages; this might mean the available database
is outdated, and needs to be updated through a frontend method;
please see the FAQ <https://wiki.debian.org/Teams/Dpkg/FAQ>
+ for VERSION in $VERSIONS
+ rm -f g++-10 gcc-10 cpp-10 gcc
+ ln -s clang++-12 g++-10
+ ln -s clang-12 gcc-10
+ ln -s clang-12 cpp-10
+ ln -s clang-12 gcc
+ echo 'gcc-10 hold'
+ dpkg --set-selections
dpkg: warning: package not in status nor available database at line 1: gcc-10
dpkg: warning: found unknown packages; this might mean the available database
is outdated, and needs to be updated through a frontend method;
please see the FAQ <https://wiki.debian.org/Teams/Dpkg/FAQ>
+ echo 'g++-10 hold'
+ dpkg --set-selections
dpkg: warning: package not in status nor available database at line 1: g++-10
dpkg: warning: found unknown packages; this might mean the available database
is outdated, and needs to be updated through a frontend method;
please see the FAQ <https://wiki.debian.org/Teams/Dpkg/FAQ>
+ for VERSION in $VERSIONS
+ rm -f g++-11 gcc-11 cpp-11 gcc
+ ln -s clang++-12 g++-11
+ ln -s clang-12 gcc-11
+ ln -s clang-12 cpp-11
+ ln -s clang-12 gcc
+ echo 'gcc-11 hold'
+ dpkg --set-selections
+ echo 'g++-11 hold'
+ dpkg --set-selections
+ cd -
/build/dbuskit-yBu7d1
+ echo 'Check if gcc, g++ & cpp are actually clang'
Check if gcc, g++ & cpp are actually clang
+ gcc --version
+ grep clang
+ cpp --version
+ grep clang
+ g++ --version
+ grep clang
+ cd /usr/bin/
+ rm -f clang++ clang
+ ln -s clang-12 clang++
+ ln -s clang-12 clang
+ clang++ --version
Debian clang version 12.0.1-15
Target: x86_64-pc-linux-gnu
Thread model: posix
InstalledDir: /usr/bin
+ clang --version
Debian clang version 12.0.1-15
Target: x86_64-pc-linux-gnu
Thread model: posix
InstalledDir: /usr/bin
+ cd -
/build/dbuskit-yBu7d1
+ apt install --yes --no-install-recommends --force-yes qt5-qmake

WARNING: apt does not have a stable CLI interface. Use with caution in scripts.

Reading package lists...
Building dependency tree...
Reading state information...
The following additional packages will be installed:
  qt5-qmake-bin qtchooser
The following NEW packages will be installed:
  qt5-qmake qt5-qmake-bin qtchooser
0 upgraded, 3 newly installed, 0 to remove and 0 not upgraded.
Need to get 1322 kB of archives.
After this operation, 4914 kB of additional disk space will be used.
Get:1 http://127.0.0.1:12990/debian sid/main amd64 qt5-qmake-bin amd64 5.15.2+dfsg-12 [1046 kB]
Get:2 http://127.0.0.1:12990/debian sid/main amd64 qtchooser amd64 66-2 [26.3 kB]
Get:3 http://127.0.0.1:12990/debian sid/main amd64 qt5-qmake amd64 5.15.2+dfsg-12 [249 kB]
debconf: delaying package configuration, since apt-utils is not installed
Fetched 1322 kB in 0s (57.1 MB/s)
Selecting previously unselected package qt5-qmake-bin.
(Reading database ... (Reading database ... 5%(Reading database ... 10%(Reading database ... 15%(Reading database ... 20%(Reading database ... 25%(Reading database ... 30%(Reading database ... 35%(Reading database ... 40%(Reading database ... 45%(Reading database ... 50%(Reading database ... 55%(Reading database ... 60%(Reading database ... 65%(Reading database ... 70%(Reading database ... 75%(Reading database ... 80%(Reading database ... 85%(Reading database ... 90%(Reading database ... 95%(Reading database ... 100%(Reading database ... 13527 files and directories currently installed.)
Preparing to unpack .../qt5-qmake-bin_5.15.2+dfsg-12_amd64.deb ...
Unpacking qt5-qmake-bin (5.15.2+dfsg-12) ...
Selecting previously unselected package qtchooser.
Preparing to unpack .../qtchooser_66-2_amd64.deb ...
Unpacking qtchooser (66-2) ...
Selecting previously unselected package qt5-qmake:amd64.
Preparing to unpack .../qt5-qmake_5.15.2+dfsg-12_amd64.deb ...
Unpacking qt5-qmake:amd64 (5.15.2+dfsg-12) ...
Setting up qt5-qmake-bin (5.15.2+dfsg-12) ...
Setting up qtchooser (66-2) ...
Setting up qt5-qmake:amd64 (5.15.2+dfsg-12) ...
W: --force-yes is deprecated, use one of the options starting with --allow instead.
+ cp /usr/lib/x86_64-linux-gnu/qt5/mkspecs/linux-clang/qmake.conf /usr/lib/x86_64-linux-gnu/qt5/mkspecs/linux-clang/qplatformdefs.h /usr/lib/x86_64-linux-gnu/qt5/mkspecs/linux-g++/
+ ls -al /usr/lib/x86_64-linux-gnu/qt5/mkspecs/linux-g++/
total 16
drwxr-xr-x  2 root root 4096 Oct 26 22:56 .
drwxr-xr-x 76 root root 4096 Oct 26 22:56 ..
-rw-r--r--  1 root root  276 Oct 26 22:56 qmake.conf
-rw-r--r--  1 root root 3218 Oct 26 22:56 qplatformdefs.h
+ cat /usr/lib/x86_64-linux-gnu/qt5/mkspecs/linux-g++/qmake.conf
#
# qmake configuration for linux-clang
#

MAKEFILE_GENERATOR = UNIX
CONFIG += incremental

QMAKE_INCREMENTAL_STYLE = sublib

include(../common/linux.conf)
include(../common/gcc-base-unix.conf)
include(../common/clang.conf)

QMAKE_LFLAGS += -ccc-gcc-name g++

load(qt_config)
+ export QMAKESPEC=/usr/lib/x86_64-linux-gnu/qt5/mkspecs/linux-clang/
+ QMAKESPEC=/usr/lib/x86_64-linux-gnu/qt5/mkspecs/linux-clang/
+ sed -i -e 's|compare_problem(2,|compare_problem(0,|g' /usr/bin/dpkg-gensymbols
+ sed -i -e 's|compare_problem(1,|compare_problem(0,|g' /usr/bin/dpkg-gensymbols
+ grep 'compare_problem(' /usr/bin/dpkg-gensymbols
        compare_problem(4, g_('new libraries appeared in the symbols file: %s'), "@libs");
        compare_problem(3, g_('some libraries disappeared in the symbols file: %s'), "@libs");
        compare_problem(0, g_('some new symbols appeared in the symbols file: %s'),
        compare_problem(0, g_('some symbols or patterns disappeared in the symbols file: %s'),

I: Finished running '/tmp/clang12'.

Finished processing commands.
--------------------------------------------------------------------------------
I: NOTICE: Log filtering will replace 'build/dbuskit-yBu7d1/resolver-t1Nq6h' with '<<RESOLVERDIR>>'

+------------------------------------------------------------------------------+
| Update chroot                                                                |
+------------------------------------------------------------------------------+

Hit:1 http://127.0.0.1:12990/debian sid InRelease
Reading package lists...
Reading package lists...
Building dependency tree...
Reading state information...
Calculating upgrade...
0 upgraded, 0 newly installed, 0 to remove and 0 not upgraded.

+------------------------------------------------------------------------------+
| Fetch source files                                                           |
+------------------------------------------------------------------------------+


Check APT
---------

Checking available source versions...

Download source files with APT
------------------------------

Reading package lists...
NOTICE: 'dbuskit' packaging is maintained in the 'Git' version control system at:
https://anonscm.debian.org/git/pkg-gnustep/dbuskit.git
Please use:
git clone https://anonscm.debian.org/git/pkg-gnustep/dbuskit.git
to retrieve the latest (possibly unreleased) updates to the package.
Need to get 752 kB of source archives.
Get:1 http://127.0.0.1:12990/debian sid/main dbuskit 0.1.1-3 (dsc) [2415 B]
Get:2 http://127.0.0.1:12990/debian sid/main dbuskit 0.1.1-3 (tar) [707 kB]
Get:3 http://127.0.0.1:12990/debian sid/main dbuskit 0.1.1-3 (asc) [504 B]
Get:4 http://127.0.0.1:12990/debian sid/main dbuskit 0.1.1-3 (diff) [42.2 kB]
Fetched 752 kB in 0s (7083 kB/s)
Download complete and in download only mode
I: NOTICE: Log filtering will replace 'build/dbuskit-yBu7d1/dbuskit-0.1.1' with '<<PKGBUILDDIR>>'
I: NOTICE: Log filtering will replace 'build/dbuskit-yBu7d1' with '<<BUILDDIR>>'

+------------------------------------------------------------------------------+
| Install package build dependencies                                           |
+------------------------------------------------------------------------------+


Setup apt archive
-----------------

Merged Build-Depends: debhelper (>= 10), gnustep-make, libgnustep-base-dev, libdbus-1-dev, pkg-config, texinfo, texlive-latex-base, texlive-fonts-recommended, cm-super-minimal, build-essential, fakeroot
Filtered Build-Depends: debhelper (>= 10), gnustep-make, libgnustep-base-dev, libdbus-1-dev, pkg-config, texinfo, texlive-latex-base, texlive-fonts-recommended, cm-super-minimal, build-essential, fakeroot
dpkg-deb: building package 'sbuild-build-depends-main-dummy' in '/<<RESOLVERDIR>>/apt_archive/sbuild-build-depends-main-dummy.deb'.
Ign:1 copy:/<<RESOLVERDIR>>/apt_archive ./ InRelease
Get:2 copy:/<<RESOLVERDIR>>/apt_archive ./ Release [957 B]
Ign:3 copy:/<<RESOLVERDIR>>/apt_archive ./ Release.gpg
Get:4 copy:/<<RESOLVERDIR>>/apt_archive ./ Sources [438 B]
Get:5 copy:/<<RESOLVERDIR>>/apt_archive ./ Packages [522 B]
Fetched 1917 B in 0s (191 kB/s)
Reading package lists...
Reading package lists...

Install main build dependencies (apt-based resolver)
----------------------------------------------------

Installing build dependencies
Reading package lists...
Building dependency tree...
Reading state information...
The following additional packages will be installed:
  autoconf automake autopoint autotools-dev bsdextrautils ca-certificates
  cm-super-minimal debhelper dh-autoreconf dh-strip-nondeterminism dwz file
  fontconfig-config fonts-dejavu-core fonts-lmodern gettext gettext-base
  gnustep-base-common gnustep-base-runtime gnustep-common gnustep-make gobjc
  gobjc-11 groff-base intltool-debian libarchive-zip-perl libavahi-client3
  libavahi-common-data libavahi-common3 libbrotli1 libcairo2 libdbus-1-3
  libdbus-1-dev libdebhelper-perl libexpat1 libfile-stripnondeterminism-perl
  libfontconfig1 libfreetype6 libglib2.0-0 libgnustep-base-dev
  libgnustep-base1.27 libgraphite2-3 libharfbuzz0b libice6 libkpathsea6
  libmagic-mgc libmagic1 libpaper-utils libpaper1 libpipeline1 libpixman-1-0
  libpng16-16 libptexenc1 libsigsegv2 libsm6 libsub-override-perl libsynctex2
  libteckit0 libtexlua53 libtexluajit2 libtext-unidecode-perl libtool
  libuchardet0 libx11-6 libx11-data libxau6 libxaw7 libxcb-render0 libxcb-shm0
  libxcb1 libxdmcp6 libxext6 libxi6 libxml-libxml-perl
  libxml-namespacesupport-perl libxml-sax-base-perl libxml-sax-perl libxmu6
  libxpm4 libxrender1 libxslt1.1 libxt6 libzzip-0-13 m4 man-db openssl
  pkg-config po-debconf sensible-utils t1utils tex-common texinfo texlive-base
  texlive-binaries texlive-fonts-recommended texlive-latex-base
  texlive-latex-recommended ucf x11-common xdg-utils
Suggested packages:
  autoconf-archive gnu-standards autoconf-doc dh-make gettext-doc
  libasprintf-dev libgettextpo-dev gnustep-make-doc gobjc-multilib
  gobjc-11-multilib gcc-11-doc groff gnustep-base-doc libtool-doc gfortran
  | fortran95-compiler gcj-jdk m4-doc apparmor less www-browser
  libmail-box-perl texlive-plain-generic ghostscript gv | postscript-viewer
  perl-tk xpdf | pdf-viewer xzdec texlive-fonts-recommended-doc
  texlive-latex-base-doc texlive-latex-recommended-doc texlive-luatex
  texlive-pstricks
Recommended packages:
  curl | wget | lynx dbus libarchive-cpio-perl libglib2.0-data
  shared-mime-info xdg-user-dirs libltdl-dev libwww-perl libxml-sax-expat-perl
  libmail-sendmail-perl lmodern dvisvgm tex-gyre tipa libfile-mimeinfo-perl
  libnet-dbus-perl libx11-protocol-perl x11-utils x11-xserver-utils
The following NEW packages will be installed:
  autoconf automake autopoint autotools-dev bsdextrautils ca-certificates
  cm-super-minimal debhelper dh-autoreconf dh-strip-nondeterminism dwz file
  fontconfig-config fonts-dejavu-core fonts-lmodern gettext gettext-base
  gnustep-base-common gnustep-base-runtime gnustep-common gnustep-make gobjc
  gobjc-11 groff-base intltool-debian libarchive-zip-perl libavahi-client3
  libavahi-common-data libavahi-common3 libbrotli1 libcairo2 libdbus-1-3
  libdbus-1-dev libdebhelper-perl libexpat1 libfile-stripnondeterminism-perl
  libfontconfig1 libfreetype6 libglib2.0-0 libgnustep-base-dev
  libgnustep-base1.27 libgraphite2-3 libharfbuzz0b libice6 libkpathsea6
  libmagic-mgc libmagic1 libpaper-utils libpaper1 libpipeline1 libpixman-1-0
  libpng16-16 libptexenc1 libsigsegv2 libsm6 libsub-override-perl libsynctex2
  libteckit0 libtexlua53 libtexluajit2 libtext-unidecode-perl libtool
  libuchardet0 libx11-6 libx11-data libxau6 libxaw7 libxcb-render0 libxcb-shm0
  libxcb1 libxdmcp6 libxext6 libxi6 libxml-libxml-perl
  libxml-namespacesupport-perl libxml-sax-base-perl libxml-sax-perl libxmu6
  libxpm4 libxrender1 libxslt1.1 libxt6 libzzip-0-13 m4 man-db openssl
  pkg-config po-debconf sbuild-build-depends-main-dummy sensible-utils t1utils
  tex-common texinfo texlive-base texlive-binaries texlive-fonts-recommended
  texlive-latex-base texlive-latex-recommended ucf x11-common xdg-utils
0 upgraded, 101 newly installed, 0 to remove and 0 not upgraded.
Need to get 137 MB of archives.
After this operation, 417 MB of additional disk space will be used.
Get:1 copy:/<<RESOLVERDIR>>/apt_archive ./ sbuild-build-depends-main-dummy 0.invalid.0 [952 B]
Get:2 http://127.0.0.1:12990/debian sid/main amd64 bsdextrautils amd64 2.37.2-4 [143 kB]
Get:3 http://127.0.0.1:12990/debian sid/main amd64 libuchardet0 amd64 0.0.7-1 [67.8 kB]
Get:4 http://127.0.0.1:12990/debian sid/main amd64 groff-base amd64 1.22.4-7 [935 kB]
Get:5 http://127.0.0.1:12990/debian sid/main amd64 libpipeline1 amd64 1.5.3-1 [34.3 kB]
Get:6 http://127.0.0.1:12990/debian sid/main amd64 man-db amd64 2.9.4-2 [1354 kB]
Get:7 http://127.0.0.1:12990/debian sid/main amd64 sensible-utils all 0.0.17 [21.5 kB]
Get:8 http://127.0.0.1:12990/debian sid/main amd64 ucf all 3.0043 [74.0 kB]
Get:9 http://127.0.0.1:12990/debian sid/main amd64 tex-common all 6.17 [53.6 kB]
Get:10 http://127.0.0.1:12990/debian sid/main amd64 openssl amd64 1.1.1l-1 [851 kB]
Get:11 http://127.0.0.1:12990/debian sid/main amd64 ca-certificates all 20211016 [156 kB]
Get:12 http://127.0.0.1:12990/debian sid/main amd64 libmagic-mgc amd64 1:5.39-3 [273 kB]
Get:13 http://127.0.0.1:12990/debian sid/main amd64 libmagic1 amd64 1:5.39-3 [126 kB]
Get:14 http://127.0.0.1:12990/debian sid/main amd64 file amd64 1:5.39-3 [69.1 kB]
Get:15 http://127.0.0.1:12990/debian sid/main amd64 gettext-base amd64 0.21-4 [175 kB]
Get:16 http://127.0.0.1:12990/debian sid/main amd64 libsigsegv2 amd64 2.13-1 [34.8 kB]
Get:17 http://127.0.0.1:12990/debian sid/main amd64 m4 amd64 1.4.18-5 [204 kB]
Get:18 http://127.0.0.1:12990/debian sid/main amd64 autoconf all 2.71-2 [343 kB]
Get:19 http://127.0.0.1:12990/debian sid/main amd64 autotools-dev all 20180224.1+nmu1 [77.1 kB]
Get:20 http://127.0.0.1:12990/debian sid/main amd64 automake all 1:1.16.5-1 [823 kB]
Get:21 http://127.0.0.1:12990/debian sid/main amd64 autopoint all 0.21-4 [510 kB]
Get:22 http://127.0.0.1:12990/debian sid/main amd64 libpaper1 amd64 1.1.28+b1 [21.6 kB]
Get:23 http://127.0.0.1:12990/debian sid/main amd64 libpaper-utils amd64 1.1.28+b1 [18.3 kB]
Get:24 http://127.0.0.1:12990/debian sid/main amd64 libkpathsea6 amd64 2021.20210626.59705-1 [173 kB]
Get:25 http://127.0.0.1:12990/debian sid/main amd64 libptexenc1 amd64 2021.20210626.59705-1 [65.1 kB]
Get:26 http://127.0.0.1:12990/debian sid/main amd64 libsynctex2 amd64 2021.20210626.59705-1 [80.5 kB]
Get:27 http://127.0.0.1:12990/debian sid/main amd64 libtexlua53 amd64 2021.20210626.59705-1 [132 kB]
Get:28 http://127.0.0.1:12990/debian sid/main amd64 libtexluajit2 amd64 2021.20210626.59705-1 [267 kB]
Get:29 http://127.0.0.1:12990/debian sid/main amd64 t1utils amd64 1.41-4 [62.1 kB]
Get:30 http://127.0.0.1:12990/debian sid/main amd64 libexpat1 amd64 2.4.1-3 [104 kB]
Get:31 http://127.0.0.1:12990/debian sid/main amd64 libbrotli1 amd64 1.0.9-2+b2 [279 kB]
Get:32 http://127.0.0.1:12990/debian sid/main amd64 libpng16-16 amd64 1.6.37-3 [294 kB]
Get:33 http://127.0.0.1:12990/debian sid/main amd64 libfreetype6 amd64 2.11.0+dfsg-1 [453 kB]
Get:34 http://127.0.0.1:12990/debian sid/main amd64 fonts-dejavu-core all 2.37-2 [1069 kB]
Get:35 http://127.0.0.1:12990/debian sid/main amd64 fontconfig-config all 2.13.1-4.2 [281 kB]
Get:36 http://127.0.0.1:12990/debian sid/main amd64 libfontconfig1 amd64 2.13.1-4.2 [347 kB]
Get:37 http://127.0.0.1:12990/debian sid/main amd64 libpixman-1-0 amd64 0.40.0-1 [543 kB]
Get:38 http://127.0.0.1:12990/debian sid/main amd64 libxau6 amd64 1:1.0.9-1 [19.7 kB]
Get:39 http://127.0.0.1:12990/debian sid/main amd64 libxdmcp6 amd64 1:1.1.2-3 [26.3 kB]
Get:40 http://127.0.0.1:12990/debian sid/main amd64 libxcb1 amd64 1.14-3 [140 kB]
Get:41 http://127.0.0.1:12990/debian sid/main amd64 libx11-data all 2:1.7.2-2 [311 kB]
Get:42 http://127.0.0.1:12990/debian sid/main amd64 libx11-6 amd64 2:1.7.2-2+b1 [772 kB]
Get:43 http://127.0.0.1:12990/debian sid/main amd64 libxcb-render0 amd64 1.14-3 [111 kB]
Get:44 http://127.0.0.1:12990/debian sid/main amd64 libxcb-shm0 amd64 1.14-3 [101 kB]
Get:45 http://127.0.0.1:12990/debian sid/main amd64 libxext6 amd64 2:1.3.4-1 [53.1 kB]
Get:46 http://127.0.0.1:12990/debian sid/main amd64 libxrender1 amd64 1:0.9.10-1 [33.0 kB]
Get:47 http://127.0.0.1:12990/debian sid/main amd64 libcairo2 amd64 1.16.0-5 [694 kB]
Get:48 http://127.0.0.1:12990/debian sid/main amd64 libgraphite2-3 amd64 1.3.14-1 [81.2 kB]
Get:49 http://127.0.0.1:12990/debian sid/main amd64 libglib2.0-0 amd64 2.70.0-3 [1401 kB]
Get:50 http://127.0.0.1:12990/debian sid/main amd64 libharfbuzz0b amd64 2.7.4-1 [1471 kB]
Get:51 http://127.0.0.1:12990/debian sid/main amd64 libteckit0 amd64 2.5.10+ds1-3 [329 kB]
Get:52 http://127.0.0.1:12990/debian sid/main amd64 x11-common all 1:7.7+23 [252 kB]
Get:53 http://127.0.0.1:12990/debian sid/main amd64 libice6 amd64 2:1.0.10-1 [58.5 kB]
Get:54 http://127.0.0.1:12990/debian sid/main amd64 libsm6 amd64 2:1.2.3-1 [35.1 kB]
Get:55 http://127.0.0.1:12990/debian sid/main amd64 libxt6 amd64 1:1.2.0-1 [189 kB]
Get:56 http://127.0.0.1:12990/debian sid/main amd64 libxmu6 amd64 2:1.1.2-2+b3 [60.8 kB]
Get:57 http://127.0.0.1:12990/debian sid/main amd64 libxpm4 amd64 1:3.5.12-1 [49.1 kB]
Get:58 http://127.0.0.1:12990/debian sid/main amd64 libxaw7 amd64 2:1.0.13-1.1 [202 kB]
Get:59 http://127.0.0.1:12990/debian sid/main amd64 libxi6 amd64 2:1.8-1 [84.0 kB]
Get:60 http://127.0.0.1:12990/debian sid/main amd64 libzzip-0-13 amd64 0.13.72+dfsg.1-1.1 [58.3 kB]
Get:61 http://127.0.0.1:12990/debian sid/main amd64 texlive-binaries amd64 2021.20210626.59705-1 [10.1 MB]
Get:62 http://127.0.0.1:12990/debian sid/main amd64 xdg-utils all 1.1.3-4.1 [75.5 kB]
Get:63 http://127.0.0.1:12990/debian sid/main amd64 texlive-base all 2021.20210921-1 [21.1 MB]
Get:64 http://127.0.0.1:12990/debian sid/main amd64 fonts-lmodern all 2.004.5-6.1 [4540 kB]
Get:65 http://127.0.0.1:12990/debian sid/main amd64 texlive-latex-base all 2021.20210921-1 [1150 kB]
Get:66 http://127.0.0.1:12990/debian sid/main amd64 texlive-latex-recommended all 2021.20210921-1 [14.4 MB]
Get:67 http://127.0.0.1:12990/debian sid/main amd64 cm-super-minimal all 0.3.4-15 [5815 kB]
Get:68 http://127.0.0.1:12990/debian sid/main amd64 libdebhelper-perl all 13.5.2 [192 kB]
Get:69 http://127.0.0.1:12990/debian sid/main amd64 libtool all 2.4.6-15 [513 kB]
Get:70 http://127.0.0.1:12990/debian sid/main amd64 dh-autoreconf all 20 [17.1 kB]
Get:71 http://127.0.0.1:12990/debian sid/main amd64 libarchive-zip-perl all 1.68-1 [104 kB]
Get:72 http://127.0.0.1:12990/debian sid/main amd64 libsub-override-perl all 0.09-2 [10.2 kB]
Get:73 http://127.0.0.1:12990/debian sid/main amd64 libfile-stripnondeterminism-perl all 1.12.0-2 [26.3 kB]
Get:74 http://127.0.0.1:12990/debian sid/main amd64 dh-strip-nondeterminism all 1.12.0-2 [15.5 kB]
Get:75 http://127.0.0.1:12990/debian sid/main amd64 dwz amd64 0.14-1 [98.3 kB]
Get:76 http://127.0.0.1:12990/debian sid/main amd64 gettext amd64 0.21-4 [1311 kB]
Get:77 http://127.0.0.1:12990/debian sid/main amd64 intltool-debian all 0.35.0+20060710.5 [26.8 kB]
Get:78 http://127.0.0.1:12990/debian sid/main amd64 po-debconf all 1.0.21+nmu1 [248 kB]
Get:79 http://127.0.0.1:12990/debian sid/main amd64 debhelper all 13.5.2 [1056 kB]
Get:80 http://127.0.0.1:12990/debian sid/main amd64 gnustep-common amd64 2.8.0-1 [118 kB]
Get:81 http://127.0.0.1:12990/debian sid/main amd64 gnustep-base-common all 1.27.0-4 [297 kB]
Get:82 http://127.0.0.1:12990/debian sid/main amd64 libavahi-common-data amd64 0.8-5 [124 kB]
Get:83 http://127.0.0.1:12990/debian sid/main amd64 libavahi-common3 amd64 0.8-5 [58.4 kB]
Get:84 http://127.0.0.1:12990/debian sid/main amd64 libdbus-1-3 amd64 1.12.20-3 [219 kB]
Get:85 http://127.0.0.1:12990/debian sid/main amd64 libavahi-client3 amd64 0.8-5 [62.1 kB]
Get:86 http://127.0.0.1:12990/debian sid/main amd64 libxslt1.1 amd64 1.1.34-4 [239 kB]
Get:87 http://127.0.0.1:12990/debian sid/main amd64 libgnustep-base1.27 amd64 1.27.0-4 [1602 kB]
Get:88 http://127.0.0.1:12990/debian sid/main amd64 gnustep-base-runtime amd64 1.27.0-4 [433 kB]
Get:89 http://127.0.0.1:12990/debian sid/main amd64 gobjc-11 amd64 11.2.0-10 [45.8 MB]
Get:90 http://127.0.0.1:12990/debian sid/main amd64 gobjc amd64 4:11.2.0-2 [1004 B]
Get:91 http://127.0.0.1:12990/debian sid/main amd64 gnustep-make all 2.8.0-1 [216 kB]
Get:92 http://127.0.0.1:12990/debian sid/main amd64 pkg-config amd64 0.29.2-1 [65.1 kB]
Get:93 http://127.0.0.1:12990/debian sid/main amd64 libdbus-1-dev amd64 1.12.20-3 [256 kB]
Get:94 http://127.0.0.1:12990/debian sid/main amd64 libgnustep-base-dev amd64 1.27.0-4 [2056 kB]
Get:95 http://127.0.0.1:12990/debian sid/main amd64 libtext-unidecode-perl all 1.30-1 [103 kB]
Get:96 http://127.0.0.1:12990/debian sid/main amd64 libxml-namespacesupport-perl all 1.12-1.1 [14.9 kB]
Get:97 http://127.0.0.1:12990/debian sid/main amd64 libxml-sax-base-perl all 1.09-1.1 [20.7 kB]
Get:98 http://127.0.0.1:12990/debian sid/main amd64 libxml-sax-perl all 1.02+dfsg-3 [59.4 kB]
Get:99 http://127.0.0.1:12990/debian sid/main amd64 libxml-libxml-perl amd64 2.0134+dfsg-2+b1 [337 kB]
Get:100 http://127.0.0.1:12990/debian sid/main amd64 texinfo amd64 6.8-3 [1825 kB]
Get:101 http://127.0.0.1:12990/debian sid/main amd64 texlive-fonts-recommended all 2021.20210921-1 [5004 kB]
debconf: delaying package configuration, since apt-utils is not installed
Fetched 137 MB in 1s (150 MB/s)
Selecting previously unselected package bsdextrautils.
(Reading database ... 14272 files and directories currently installed.)
Preparing to unpack .../000-bsdextrautils_2.37.2-4_amd64.deb ...
Unpacking bsdextrautils (2.37.2-4) ...
Selecting previously unselected package libuchardet0:amd64.
Preparing to unpack .../001-libuchardet0_0.0.7-1_amd64.deb ...
Unpacking libuchardet0:amd64 (0.0.7-1) ...
Selecting previously unselected package groff-base.
Preparing to unpack .../002-groff-base_1.22.4-7_amd64.deb ...
Unpacking groff-base (1.22.4-7) ...
Selecting previously unselected package libpipeline1:amd64.
Preparing to unpack .../003-libpipeline1_1.5.3-1_amd64.deb ...
Unpacking libpipeline1:amd64 (1.5.3-1) ...
Selecting previously unselected package man-db.
Preparing to unpack .../004-man-db_2.9.4-2_amd64.deb ...
Unpacking man-db (2.9.4-2) ...
Selecting previously unselected package sensible-utils.
Preparing to unpack .../005-sensible-utils_0.0.17_all.deb ...
Unpacking sensible-utils (0.0.17) ...
Selecting previously unselected package ucf.
Preparing to unpack .../006-ucf_3.0043_all.deb ...
Moving old data out of the way
Unpacking ucf (3.0043) ...
Selecting previously unselected package tex-common.
Preparing to unpack .../007-tex-common_6.17_all.deb ...
Unpacking tex-common (6.17) ...
Selecting previously unselected package openssl.
Preparing to unpack .../008-openssl_1.1.1l-1_amd64.deb ...
Unpacking openssl (1.1.1l-1) ...
Selecting previously unselected package ca-certificates.
Preparing to unpack .../009-ca-certificates_20211016_all.deb ...
Unpacking ca-certificates (20211016) ...
Selecting previously unselected package libmagic-mgc.
Preparing to unpack .../010-libmagic-mgc_1%3a5.39-3_amd64.deb ...
Unpacking libmagic-mgc (1:5.39-3) ...
Selecting previously unselected package libmagic1:amd64.
Preparing to unpack .../011-libmagic1_1%3a5.39-3_amd64.deb ...
Unpacking libmagic1:amd64 (1:5.39-3) ...
Selecting previously unselected package file.
Preparing to unpack .../012-file_1%3a5.39-3_amd64.deb ...
Unpacking file (1:5.39-3) ...
Selecting previously unselected package gettext-base.
Preparing to unpack .../013-gettext-base_0.21-4_amd64.deb ...
Unpacking gettext-base (0.21-4) ...
Selecting previously unselected package libsigsegv2:amd64.
Preparing to unpack .../014-libsigsegv2_2.13-1_amd64.deb ...
Unpacking libsigsegv2:amd64 (2.13-1) ...
Selecting previously unselected package m4.
Preparing to unpack .../015-m4_1.4.18-5_amd64.deb ...
Unpacking m4 (1.4.18-5) ...
Selecting previously unselected package autoconf.
Preparing to unpack .../016-autoconf_2.71-2_all.deb ...
Unpacking autoconf (2.71-2) ...
Selecting previously unselected package autotools-dev.
Preparing to unpack .../017-autotools-dev_20180224.1+nmu1_all.deb ...
Unpacking autotools-dev (20180224.1+nmu1) ...
Selecting previously unselected package automake.
Preparing to unpack .../018-automake_1%3a1.16.5-1_all.deb ...
Unpacking automake (1:1.16.5-1) ...
Selecting previously unselected package autopoint.
Preparing to unpack .../019-autopoint_0.21-4_all.deb ...
Unpacking autopoint (0.21-4) ...
Selecting previously unselected package libpaper1:amd64.
Preparing to unpack .../020-libpaper1_1.1.28+b1_amd64.deb ...
Unpacking libpaper1:amd64 (1.1.28+b1) ...
Selecting previously unselected package libpaper-utils.
Preparing to unpack .../021-libpaper-utils_1.1.28+b1_amd64.deb ...
Unpacking libpaper-utils (1.1.28+b1) ...
Selecting previously unselected package libkpathsea6:amd64.
Preparing to unpack .../022-libkpathsea6_2021.20210626.59705-1_amd64.deb ...
Unpacking libkpathsea6:amd64 (2021.20210626.59705-1) ...
Selecting previously unselected package libptexenc1:amd64.
Preparing to unpack .../023-libptexenc1_2021.20210626.59705-1_amd64.deb ...
Unpacking libptexenc1:amd64 (2021.20210626.59705-1) ...
Selecting previously unselected package libsynctex2:amd64.
Preparing to unpack .../024-libsynctex2_2021.20210626.59705-1_amd64.deb ...
Unpacking libsynctex2:amd64 (2021.20210626.59705-1) ...
Selecting previously unselected package libtexlua53:amd64.
Preparing to unpack .../025-libtexlua53_2021.20210626.59705-1_amd64.deb ...
Unpacking libtexlua53:amd64 (2021.20210626.59705-1) ...
Selecting previously unselected package libtexluajit2:amd64.
Preparing to unpack .../026-libtexluajit2_2021.20210626.59705-1_amd64.deb ...
Unpacking libtexluajit2:amd64 (2021.20210626.59705-1) ...
Selecting previously unselected package t1utils.
Preparing to unpack .../027-t1utils_1.41-4_amd64.deb ...
Unpacking t1utils (1.41-4) ...
Selecting previously unselected package libexpat1:amd64.
Preparing to unpack .../028-libexpat1_2.4.1-3_amd64.deb ...
Unpacking libexpat1:amd64 (2.4.1-3) ...
Selecting previously unselected package libbrotli1:amd64.
Preparing to unpack .../029-libbrotli1_1.0.9-2+b2_amd64.deb ...
Unpacking libbrotli1:amd64 (1.0.9-2+b2) ...
Selecting previously unselected package libpng16-16:amd64.
Preparing to unpack .../030-libpng16-16_1.6.37-3_amd64.deb ...
Unpacking libpng16-16:amd64 (1.6.37-3) ...
Selecting previously unselected package libfreetype6:amd64.
Preparing to unpack .../031-libfreetype6_2.11.0+dfsg-1_amd64.deb ...
Unpacking libfreetype6:amd64 (2.11.0+dfsg-1) ...
Selecting previously unselected package fonts-dejavu-core.
Preparing to unpack .../032-fonts-dejavu-core_2.37-2_all.deb ...
Unpacking fonts-dejavu-core (2.37-2) ...
Selecting previously unselected package fontconfig-config.
Preparing to unpack .../033-fontconfig-config_2.13.1-4.2_all.deb ...
Unpacking fontconfig-config (2.13.1-4.2) ...
Selecting previously unselected package libfontconfig1:amd64.
Preparing to unpack .../034-libfontconfig1_2.13.1-4.2_amd64.deb ...
Unpacking libfontconfig1:amd64 (2.13.1-4.2) ...
Selecting previously unselected package libpixman-1-0:amd64.
Preparing to unpack .../035-libpixman-1-0_0.40.0-1_amd64.deb ...
Unpacking libpixman-1-0:amd64 (0.40.0-1) ...
Selecting previously unselected package libxau6:amd64.
Preparing to unpack .../036-libxau6_1%3a1.0.9-1_amd64.deb ...
Unpacking libxau6:amd64 (1:1.0.9-1) ...
Selecting previously unselected package libxdmcp6:amd64.
Preparing to unpack .../037-libxdmcp6_1%3a1.1.2-3_amd64.deb ...
Unpacking libxdmcp6:amd64 (1:1.1.2-3) ...
Selecting previously unselected package libxcb1:amd64.
Preparing to unpack .../038-libxcb1_1.14-3_amd64.deb ...
Unpacking libxcb1:amd64 (1.14-3) ...
Selecting previously unselected package libx11-data.
Preparing to unpack .../039-libx11-data_2%3a1.7.2-2_all.deb ...
Unpacking libx11-data (2:1.7.2-2) ...
Selecting previously unselected package libx11-6:amd64.
Preparing to unpack .../040-libx11-6_2%3a1.7.2-2+b1_amd64.deb ...
Unpacking libx11-6:amd64 (2:1.7.2-2+b1) ...
Selecting previously unselected package libxcb-render0:amd64.
Preparing to unpack .../041-libxcb-render0_1.14-3_amd64.deb ...
Unpacking libxcb-render0:amd64 (1.14-3) ...
Selecting previously unselected package libxcb-shm0:amd64.
Preparing to unpack .../042-libxcb-shm0_1.14-3_amd64.deb ...
Unpacking libxcb-shm0:amd64 (1.14-3) ...
Selecting previously unselected package libxext6:amd64.
Preparing to unpack .../043-libxext6_2%3a1.3.4-1_amd64.deb ...
Unpacking libxext6:amd64 (2:1.3.4-1) ...
Selecting previously unselected package libxrender1:amd64.
Preparing to unpack .../044-libxrender1_1%3a0.9.10-1_amd64.deb ...
Unpacking libxrender1:amd64 (1:0.9.10-1) ...
Selecting previously unselected package libcairo2:amd64.
Preparing to unpack .../045-libcairo2_1.16.0-5_amd64.deb ...
Unpacking libcairo2:amd64 (1.16.0-5) ...
Selecting previously unselected package libgraphite2-3:amd64.
Preparing to unpack .../046-libgraphite2-3_1.3.14-1_amd64.deb ...
Unpacking libgraphite2-3:amd64 (1.3.14-1) ...
Selecting previously unselected package libglib2.0-0:amd64.
Preparing to unpack .../047-libglib2.0-0_2.70.0-3_amd64.deb ...
Unpacking libglib2.0-0:amd64 (2.70.0-3) ...
Selecting previously unselected package libharfbuzz0b:amd64.
Preparing to unpack .../048-libharfbuzz0b_2.7.4-1_amd64.deb ...
Unpacking libharfbuzz0b:amd64 (2.7.4-1) ...
Selecting previously unselected package libteckit0:amd64.
Preparing to unpack .../049-libteckit0_2.5.10+ds1-3_amd64.deb ...
Unpacking libteckit0:amd64 (2.5.10+ds1-3) ...
Selecting previously unselected package x11-common.
Preparing to unpack .../050-x11-common_1%3a7.7+23_all.deb ...
Unpacking x11-common (1:7.7+23) ...
Selecting previously unselected package libice6:amd64.
Preparing to unpack .../051-libice6_2%3a1.0.10-1_amd64.deb ...
Unpacking libice6:amd64 (2:1.0.10-1) ...
Selecting previously unselected package libsm6:amd64.
Preparing to unpack .../052-libsm6_2%3a1.2.3-1_amd64.deb ...
Unpacking libsm6:amd64 (2:1.2.3-1) ...
Selecting previously unselected package libxt6:amd64.
Preparing to unpack .../053-libxt6_1%3a1.2.0-1_amd64.deb ...
Unpacking libxt6:amd64 (1:1.2.0-1) ...
Selecting previously unselected package libxmu6:amd64.
Preparing to unpack .../054-libxmu6_2%3a1.1.2-2+b3_amd64.deb ...
Unpacking libxmu6:amd64 (2:1.1.2-2+b3) ...
Selecting previously unselected package libxpm4:amd64.
Preparing to unpack .../055-libxpm4_1%3a3.5.12-1_amd64.deb ...
Unpacking libxpm4:amd64 (1:3.5.12-1) ...
Selecting previously unselected package libxaw7:amd64.
Preparing to unpack .../056-libxaw7_2%3a1.0.13-1.1_amd64.deb ...
Unpacking libxaw7:amd64 (2:1.0.13-1.1) ...
Selecting previously unselected package libxi6:amd64.
Preparing to unpack .../057-libxi6_2%3a1.8-1_amd64.deb ...
Unpacking libxi6:amd64 (2:1.8-1) ...
Selecting previously unselected package libzzip-0-13:amd64.
Preparing to unpack .../058-libzzip-0-13_0.13.72+dfsg.1-1.1_amd64.deb ...
Unpacking libzzip-0-13:amd64 (0.13.72+dfsg.1-1.1) ...
Selecting previously unselected package texlive-binaries.
Preparing to unpack .../059-texlive-binaries_2021.20210626.59705-1_amd64.deb ...
Unpacking texlive-binaries (2021.20210626.59705-1) ...
Selecting previously unselected package xdg-utils.
Preparing to unpack .../060-xdg-utils_1.1.3-4.1_all.deb ...
Unpacking xdg-utils (1.1.3-4.1) ...
Selecting previously unselected package texlive-base.
Preparing to unpack .../061-texlive-base_2021.20210921-1_all.deb ...
Unpacking texlive-base (2021.20210921-1) ...
Selecting previously unselected package fonts-lmodern.
Preparing to unpack .../062-fonts-lmodern_2.004.5-6.1_all.deb ...
Unpacking fonts-lmodern (2.004.5-6.1) ...
Selecting previously unselected package texlive-latex-base.
Preparing to unpack .../063-texlive-latex-base_2021.20210921-1_all.deb ...
Unpacking texlive-latex-base (2021.20210921-1) ...
Selecting previously unselected package texlive-latex-recommended.
Preparing to unpack .../064-texlive-latex-recommended_2021.20210921-1_all.deb ...
Unpacking texlive-latex-recommended (2021.20210921-1) ...
Selecting previously unselected package cm-super-minimal.
Preparing to unpack .../065-cm-super-minimal_0.3.4-15_all.deb ...
Unpacking cm-super-minimal (0.3.4-15) ...
Selecting previously unselected package libdebhelper-perl.
Preparing to unpack .../066-libdebhelper-perl_13.5.2_all.deb ...
Unpacking libdebhelper-perl (13.5.2) ...
Selecting previously unselected package libtool.
Preparing to unpack .../067-libtool_2.4.6-15_all.deb ...
Unpacking libtool (2.4.6-15) ...
Selecting previously unselected package dh-autoreconf.
Preparing to unpack .../068-dh-autoreconf_20_all.deb ...
Unpacking dh-autoreconf (20) ...
Selecting previously unselected package libarchive-zip-perl.
Preparing to unpack .../069-libarchive-zip-perl_1.68-1_all.deb ...
Unpacking libarchive-zip-perl (1.68-1) ...
Selecting previously unselected package libsub-override-perl.
Preparing to unpack .../070-libsub-override-perl_0.09-2_all.deb ...
Unpacking libsub-override-perl (0.09-2) ...
Selecting previously unselected package libfile-stripnondeterminism-perl.
Preparing to unpack .../071-libfile-stripnondeterminism-perl_1.12.0-2_all.deb ...
Unpacking libfile-stripnondeterminism-perl (1.12.0-2) ...
Selecting previously unselected package dh-strip-nondeterminism.
Preparing to unpack .../072-dh-strip-nondeterminism_1.12.0-2_all.deb ...
Unpacking dh-strip-nondeterminism (1.12.0-2) ...
Selecting previously unselected package dwz.
Preparing to unpack .../073-dwz_0.14-1_amd64.deb ...
Unpacking dwz (0.14-1) ...
Selecting previously unselected package gettext.
Preparing to unpack .../074-gettext_0.21-4_amd64.deb ...
Unpacking gettext (0.21-4) ...
Selecting previously unselected package intltool-debian.
Preparing to unpack .../075-intltool-debian_0.35.0+20060710.5_all.deb ...
Unpacking intltool-debian (0.35.0+20060710.5) ...
Selecting previously unselected package po-debconf.
Preparing to unpack .../076-po-debconf_1.0.21+nmu1_all.deb ...
Unpacking po-debconf (1.0.21+nmu1) ...
Selecting previously unselected package debhelper.
Preparing to unpack .../077-debhelper_13.5.2_all.deb ...
Unpacking debhelper (13.5.2) ...
Selecting previously unselected package gnustep-common.
Preparing to unpack .../078-gnustep-common_2.8.0-1_amd64.deb ...
Unpacking gnustep-common (2.8.0-1) ...
Selecting previously unselected package gnustep-base-common.
Preparing to unpack .../079-gnustep-base-common_1.27.0-4_all.deb ...
Unpacking gnustep-base-common (1.27.0-4) ...
Selecting previously unselected package libavahi-common-data:amd64.
Preparing to unpack .../080-libavahi-common-data_0.8-5_amd64.deb ...
Unpacking libavahi-common-data:amd64 (0.8-5) ...
Selecting previously unselected package libavahi-common3:amd64.
Preparing to unpack .../081-libavahi-common3_0.8-5_amd64.deb ...
Unpacking libavahi-common3:amd64 (0.8-5) ...
Selecting previously unselected package libdbus-1-3:amd64.
Preparing to unpack .../082-libdbus-1-3_1.12.20-3_amd64.deb ...
Unpacking libdbus-1-3:amd64 (1.12.20-3) ...
Selecting previously unselected package libavahi-client3:amd64.
Preparing to unpack .../083-libavahi-client3_0.8-5_amd64.deb ...
Unpacking libavahi-client3:amd64 (0.8-5) ...
Selecting previously unselected package libxslt1.1:amd64.
Preparing to unpack .../084-libxslt1.1_1.1.34-4_amd64.deb ...
Unpacking libxslt1.1:amd64 (1.1.34-4) ...
Selecting previously unselected package libgnustep-base1.27.
Preparing to unpack .../085-libgnustep-base1.27_1.27.0-4_amd64.deb ...
Unpacking libgnustep-base1.27 (1.27.0-4) ...
Selecting previously unselected package gnustep-base-runtime.
Preparing to unpack .../086-gnustep-base-runtime_1.27.0-4_amd64.deb ...
Unpacking gnustep-base-runtime (1.27.0-4) ...
Selecting previously unselected package gobjc-11.
Preparing to unpack .../087-gobjc-11_11.2.0-10_amd64.deb ...
Unpacking gobjc-11 (11.2.0-10) ...
Selecting previously unselected package gobjc.
Preparing to unpack .../088-gobjc_4%3a11.2.0-2_amd64.deb ...
Unpacking gobjc (4:11.2.0-2) ...
Selecting previously unselected package gnustep-make.
Preparing to unpack .../089-gnustep-make_2.8.0-1_all.deb ...
Unpacking gnustep-make (2.8.0-1) ...
Selecting previously unselected package pkg-config.
Preparing to unpack .../090-pkg-config_0.29.2-1_amd64.deb ...
Unpacking pkg-config (0.29.2-1) ...
Selecting previously unselected package libdbus-1-dev:amd64.
Preparing to unpack .../091-libdbus-1-dev_1.12.20-3_amd64.deb ...
Unpacking libdbus-1-dev:amd64 (1.12.20-3) ...
Selecting previously unselected package libgnustep-base-dev.
Preparing to unpack .../092-libgnustep-base-dev_1.27.0-4_amd64.deb ...
Unpacking libgnustep-base-dev (1.27.0-4) ...
Selecting previously unselected package libtext-unidecode-perl.
Preparing to unpack .../093-libtext-unidecode-perl_1.30-1_all.deb ...
Unpacking libtext-unidecode-perl (1.30-1) ...
Selecting previously unselected package libxml-namespacesupport-perl.
Preparing to unpack .../094-libxml-namespacesupport-perl_1.12-1.1_all.deb ...
Unpacking libxml-namespacesupport-perl (1.12-1.1) ...
Selecting previously unselected package libxml-sax-base-perl.
Preparing to unpack .../095-libxml-sax-base-perl_1.09-1.1_all.deb ...
Unpacking libxml-sax-base-perl (1.09-1.1) ...
Selecting previously unselected package libxml-sax-perl.
Preparing to unpack .../096-libxml-sax-perl_1.02+dfsg-3_all.deb ...
Unpacking libxml-sax-perl (1.02+dfsg-3) ...
Selecting previously unselected package libxml-libxml-perl.
Preparing to unpack .../097-libxml-libxml-perl_2.0134+dfsg-2+b1_amd64.deb ...
Unpacking libxml-libxml-perl (2.0134+dfsg-2+b1) ...
Selecting previously unselected package texinfo.
Preparing to unpack .../098-texinfo_6.8-3_amd64.deb ...
Unpacking texinfo (6.8-3) ...
Selecting previously unselected package texlive-fonts-recommended.
Preparing to unpack .../099-texlive-fonts-recommended_2021.20210921-1_all.deb ...
Unpacking texlive-fonts-recommended (2021.20210921-1) ...
Selecting previously unselected package sbuild-build-depends-main-dummy.
Preparing to unpack .../100-sbuild-build-depends-main-dummy_0.invalid.0_amd64.deb ...
Unpacking sbuild-build-depends-main-dummy (0.invalid.0) ...
Setting up libexpat1:amd64 (2.4.1-3) ...
Setting up libpipeline1:amd64 (1.5.3-1) ...
Setting up libgraphite2-3:amd64 (1.3.14-1) ...
Setting up libpixman-1-0:amd64 (0.40.0-1) ...
Setting up libxau6:amd64 (1:1.0.9-1) ...
Setting up libxdmcp6:amd64 (1:1.1.2-3) ...
Setting up libxcb1:amd64 (1.14-3) ...
Setting up gnustep-common (2.8.0-1) ...
Setting up bsdextrautils (2.37.2-4) ...
update-alternatives: using /usr/bin/write.ul to provide /usr/bin/write (write) in auto mode
Setting up gobjc-11 (11.2.0-10) ...
Setting up libmagic-mgc (1:5.39-3) ...
Setting up libtexlua53:amd64 (2021.20210626.59705-1) ...
Setting up libxcb-render0:amd64 (1.14-3) ...
Setting up libarchive-zip-perl (1.68-1) ...
Setting up libglib2.0-0:amd64 (2.70.0-3) ...
No schema files found: doing nothing.
Setting up libtexluajit2:amd64 (2021.20210626.59705-1) ...
Setting up libdebhelper-perl (13.5.2) ...
Setting up libbrotli1:amd64 (1.0.9-2+b2) ...
Setting up x11-common (1:7.7+23) ...
invoke-rc.d: could not determine current runlevel
All runlevel operations denied by policy
invoke-rc.d: policy-rc.d denied execution of restart.
Setting up libmagic1:amd64 (1:5.39-3) ...
Setting up libxml-namespacesupport-perl (1.12-1.1) ...
Setting up gettext-base (0.21-4) ...
Setting up libxcb-shm0:amd64 (1.14-3) ...
Setting up libzzip-0-13:amd64 (0.13.72+dfsg.1-1.1) ...
Setting up file (1:5.39-3) ...
Setting up libxml-sax-base-perl (1.09-1.1) ...
Setting up autotools-dev (20180224.1+nmu1) ...
Setting up libx11-data (2:1.7.2-2) ...
Setting up libteckit0:amd64 (2.5.10+ds1-3) ...
Setting up libavahi-common-data:amd64 (0.8-5) ...
Setting up libdbus-1-3:amd64 (1.12.20-3) ...
Setting up libsigsegv2:amd64 (2.13-1) ...
Setting up t1utils (1.41-4) ...
Setting up libpng16-16:amd64 (1.6.37-3) ...
Setting up autopoint (0.21-4) ...
Setting up pkg-config (0.29.2-1) ...
Setting up fonts-dejavu-core (2.37-2) ...
Setting up libkpathsea6:amd64 (2021.20210626.59705-1) ...
Setting up dwz (0.14-1) ...
Setting up sensible-utils (0.0.17) ...
Setting up libuchardet0:amd64 (0.0.7-1) ...
Setting up libxslt1.1:amd64 (1.1.34-4) ...
Setting up fonts-lmodern (2.004.5-6.1) ...
Setting up libsub-override-perl (0.09-2) ...
Setting up libx11-6:amd64 (2:1.7.2-2+b1) ...
Setting up libtext-unidecode-perl (1.30-1) ...
Setting up openssl (1.1.1l-1) ...
Setting up xdg-utils (1.1.3-4.1) ...
update-alternatives: using /usr/bin/xdg-open to provide /usr/bin/open (open) in auto mode
Setting up libsynctex2:amd64 (2021.20210626.59705-1) ...
Setting up libfile-stripnondeterminism-perl (1.12.0-2) ...
Setting up gobjc (4:11.2.0-2) ...
Setting up libice6:amd64 (2:1.0.10-1) ...
Setting up gettext (0.21-4) ...
Setting up libxpm4:amd64 (1:3.5.12-1) ...
Setting up gnustep-make (2.8.0-1) ...
Setting up libxrender1:amd64 (1:0.9.10-1) ...
Setting up libtool (2.4.6-15) ...
Setting up libavahi-common3:amd64 (0.8-5) ...
Setting up libxext6:amd64 (2:1.3.4-1) ...
Setting up m4 (1.4.18-5) ...
Setting up intltool-debian (0.35.0+20060710.5) ...
Setting up ca-certificates (20211016) ...
Updating certificates in /etc/ssl/certs...
127 added, 0 removed; done.
Setting up libptexenc1:amd64 (2021.20210626.59705-1) ...
Setting up libfreetype6:amd64 (2.11.0+dfsg-1) ...
Setting up libdbus-1-dev:amd64 (1.12.20-3) ...
Setting up gnustep-base-common (1.27.0-4) ...
Setting up ucf (3.0043) ...
Setting up autoconf (2.71-2) ...
Setting up dh-strip-nondeterminism (1.12.0-2) ...
Setting up groff-base (1.22.4-7) ...
Setting up libharfbuzz0b:amd64 (2.7.4-1) ...
Setting up libsm6:amd64 (2:1.2.3-1) ...
Setting up libavahi-client3:amd64 (0.8-5) ...
Setting up automake (1:1.16.5-1) ...
update-alternatives: using /usr/bin/automake-1.16 to provide /usr/bin/automake (automake) in auto mode
Setting up libpaper1:amd64 (1.1.28+b1) ...

Creating config file /etc/papersize with new version
Setting up libxi6:amd64 (2:1.8-1) ...
Setting up fontconfig-config (2.13.1-4.2) ...
Setting up po-debconf (1.0.21+nmu1) ...
Setting up libpaper-utils (1.1.28+b1) ...
Setting up man-db (2.9.4-2) ...
Not building database; man-db/auto-update is not 'true'.
Setting up libxml-sax-perl (1.02+dfsg-3) ...
update-perl-sax-parsers: Registering Perl SAX parser XML::SAX::PurePerl with priority 10...
update-perl-sax-parsers: Updating overall Perl SAX parser modules info file...

Creating config file /etc/perl/XML/SAX/ParserDetails.ini with new version
Setting up dh-autoreconf (20) ...
Setting up tex-common (6.17) ...
update-language: texlive-base not installed and configured, doing nothing!
Setting up libgnustep-base1.27 (1.27.0-4) ...
Setting up libxt6:amd64 (1:1.2.0-1) ...
Setting up libxml-libxml-perl (2.0134+dfsg-2+b1) ...
update-perl-sax-parsers: Registering Perl SAX parser XML::LibXML::SAX::Parser with priority 50...
update-perl-sax-parsers: Registering Perl SAX parser XML::LibXML::SAX with priority 50...
update-perl-sax-parsers: Updating overall Perl SAX parser modules info file...
Replacing config file /etc/perl/XML/SAX/ParserDetails.ini with new version
Setting up libfontconfig1:amd64 (2.13.1-4.2) ...
Setting up libxmu6:amd64 (2:1.1.2-2+b3) ...
Setting up debhelper (13.5.2) ...
Setting up libxaw7:amd64 (2:1.0.13-1.1) ...
Setting up libcairo2:amd64 (1.16.0-5) ...
Setting up gnustep-base-runtime (1.27.0-4) ...
Setting up texinfo (6.8-3) ...
/usr/bin/which: this version of `which' is deprecated; use `command -v' in scripts instead.
/usr/bin/which: this version of `which' is deprecated; use `command -v' in scripts instead.
Running mktexlsr. This may take some time. ... done.
Setting up texlive-binaries (2021.20210626.59705-1) ...
update-alternatives: using /usr/bin/xdvi-xaw to provide /usr/bin/xdvi.bin (xdvi.bin) in auto mode
update-alternatives: using /usr/bin/bibtex.original to provide /usr/bin/bibtex (bibtex) in auto mode
Setting up texlive-base (2021.20210921-1) ...
/usr/bin/which: this version of `which' is deprecated; use `command -v' in scripts instead.
/usr/bin/which: this version of `which' is deprecated; use `command -v' in scripts instead.
/usr/bin/which: this version of `which' is deprecated; use `command -v' in scripts instead.
/usr/bin/which: this version of `which' is deprecated; use `command -v' in scripts instead.
tl-paper: setting paper size for dvips to a4: /var/lib/texmf/dvips/config/config-paper.ps
tl-paper: setting paper size for dvipdfmx to a4: /var/lib/texmf/dvipdfmx/dvipdfmx-paper.cfg
tl-paper: setting paper size for xdvi to a4: /var/lib/texmf/xdvi/XDvi-paper
tl-paper: setting paper size for pdftex to a4: /var/lib/texmf/tex/generic/tex-ini-files/pdftexconfig.tex
Setting up libgnustep-base-dev (1.27.0-4) ...
Setting up texlive-latex-base (2021.20210921-1) ...
Setting up texlive-latex-recommended (2021.20210921-1) ...
Setting up texlive-fonts-recommended (2021.20210921-1) ...
Setting up cm-super-minimal (0.3.4-15) ...
Setting up sbuild-build-depends-main-dummy (0.invalid.0) ...
Processing triggers for libc-bin (2.32-4) ...
Processing triggers for ca-certificates (20211016) ...
Updating certificates in /etc/ssl/certs...
0 added, 0 removed; done.
Running hooks in /etc/ca-certificates/update.d...
done.
Processing triggers for tex-common (6.17) ...
Running updmap-sys. This may take some time... done.
Running mktexlsr /var/lib/texmf ... done.
Building format(s) --all.
	This may take some time... done.

+------------------------------------------------------------------------------+
| Check architectures                                                          |
+------------------------------------------------------------------------------+

Arch check ok (amd64 included in any)

+------------------------------------------------------------------------------+
| Build environment                                                            |
+------------------------------------------------------------------------------+

Kernel: Linux 4.19.0-6-cloud-amd64 #1 SMP Debian 4.19.67-2+deb10u2 (2019-11-11) amd64 (x86_64)
Toolchain package versions: binutils_2.37-7 dpkg-dev_1.20.9 g++-11_11.2.0-10 gcc-11_11.2.0-10 libc6-dev_2.32-4 libstdc++-11-dev_11.2.0-10 libstdc++6_11.2.0-10 linux-libc-dev_5.14.12-1
Package versions: adduser_3.118 apt_2.3.11 autoconf_2.71-2 automake_1:1.16.5-1 autopoint_0.21-4 autotools-dev_20180224.1+nmu1 base-files_12 base-passwd_3.5.52 bash_5.1-3+b2 binutils_2.37-7 binutils-common_2.37-7 binutils-x86-64-linux-gnu_2.37-7 bsdextrautils_2.37.2-4 bsdutils_1:2.37.2-4 build-essential_12.9 bzip2_1.0.8-4 ca-certificates_20211016 clang-12_1:12.0.1-15 cm-super-minimal_0.3.4-15 coreutils_8.32-4+b1 cpp_4:11.2.0-2 cpp-11_11.2.0-10 dash_0.5.11+git20210120+802ebd4-2 debconf_1.5.78 debhelper_13.5.2 debian-archive-keyring_2021.1.1 debianutils_5.5-1 dh-autoreconf_20 dh-strip-nondeterminism_1.12.0-2 diffutils_1:3.7-5 dpkg_1.20.9 dpkg-dev_1.20.9 dwz_0.14-1 e2fsprogs_1.46.4-1 fakeroot_1.26-1 file_1:5.39-3 findutils_4.8.0-1 fontconfig-config_2.13.1-4.2 fonts-dejavu-core_2.37-2 fonts-lmodern_2.004.5-6.1 g++_4:11.2.0-2 g++-11_11.2.0-10 gcc_4:11.2.0-2 gcc-10-base_10.3.0-11 gcc-11_11.2.0-10 gcc-11-base_11.2.0-10 gcc-9-base_9.4.0-3 gettext_0.21-4 gettext-base_0.21-4 gnustep-base-common_1.27.0-4 gnustep-base-runtime_1.27.0-4 gnustep-common_2.8.0-1 gnustep-make_2.8.0-1 gobjc_4:11.2.0-2 gobjc-11_11.2.0-10 gpgv_2.2.27-2 grep_3.7-1 groff-base_1.22.4-7 gzip_1.10-4 hostname_3.23 init-system-helpers_1.60 intltool-debian_0.35.0+20060710.5 lib32gcc-s1_11.2.0-10 lib32stdc++6_11.2.0-10 libacl1_2.3.1-1 libapt-pkg6.0_2.3.11 libarchive-zip-perl_1.68-1 libasan5_9.4.0-3 libasan6_11.2.0-10 libatomic1_11.2.0-10 libattr1_1:2.5.1-1 libaudit-common_1:3.0.6-1 libaudit1_1:3.0.6-1 libavahi-client3_0.8-5 libavahi-common-data_0.8-5 libavahi-common3_0.8-5 libbinutils_2.37-7 libblkid1_2.37.2-4 libbrotli1_1.0.9-2+b2 libbsd0_0.11.3-1 libbz2-1.0_1.0.8-4 libc-bin_2.32-4 libc-dev-bin_2.32-4 libc6_2.32-4 libc6-dev_2.32-4 libc6-i386_2.32-4 libcairo2_1.16.0-5 libcap-ng0_0.7.9-2.2+b1 libcap2_1:2.44-1 libcc1-0_11.2.0-10 libclang-common-12-dev_1:12.0.1-15 libclang-cpp12_1:12.0.1-15 libclang1-12_1:12.0.1-15 libcom-err2_1.46.4-1 libcrypt-dev_1:4.4.25-2 libcrypt1_1:4.4.25-2 libctf-nobfd0_2.37-7 libctf0_2.37-7 libdb5.3_5.3.28+dfsg1-0.8 libdbus-1-3_1.12.20-3 libdbus-1-dev_1.12.20-3 libdebconfclient0_0.260 libdebhelper-perl_13.5.2 libdpkg-perl_1.20.9 libedit2_3.1-20210910-1 libelf1_0.185-2 libexpat1_2.4.1-3 libext2fs2_1.46.4-1 libfakeroot_1.26-1 libffi8_3.4.2-3 libfile-stripnondeterminism-perl_1.12.0-2 libfontconfig1_2.13.1-4.2 libfreetype6_2.11.0+dfsg-1 libgc1_1:8.0.4-3 libgcc-11-dev_11.2.0-10 libgcc-9-dev_9.4.0-3 libgcc-s1_11.2.0-10 libgcrypt20_1.9.4-3+b1 libgdbm-compat4_1.22-1 libgdbm6_1.22-1 libglib2.0-0_2.70.0-3 libgmp10_2:6.2.1+dfsg-2 libgnustep-base-dev_1.27.0-4 libgnustep-base1.27_1.27.0-4 libgnutls30_3.7.2-2 libgomp1_11.2.0-10 libgpg-error0_1.42-3 libgraphite2-3_1.3.14-1 libgssapi-krb5-2_1.18.3-7 libharfbuzz0b_2.7.4-1 libhogweed6_3.7.3-1 libice6_2:1.0.10-1 libicu67_67.1-7 libidn2-0_2.3.2-2 libisl23_0.24-2 libitm1_11.2.0-10 libk5crypto3_1.18.3-7 libkeyutils1_1.6.1-2 libkpathsea6_2021.20210626.59705-1 libkrb5-3_1.18.3-7 libkrb5support0_1.18.3-7 libllvm12_1:12.0.1-15 liblsan0_11.2.0-10 liblz4-1_1.9.3-2 liblzma5_5.2.5-2 libmagic-mgc_1:5.39-3 libmagic1_1:5.39-3 libmd0_1.0.4-1 libmount1_2.37.2-4 libmpc3_1.2.1-1 libmpfr6_4.1.0-3 libnettle8_3.7.3-1 libnsl-dev_1.3.0-2 libnsl2_1.3.0-2 libobjc-11-dev_11.2.0-10 libobjc-9-dev_9.4.0-3 libobjc4_11.2.0-10 libomp-12-dev_1:12.0.1-15 libomp5-12_1:12.0.1-15 libp11-kit0_0.24.0-5 libpam-modules_1.4.0-10 libpam-modules-bin_1.4.0-10 libpam-runtime_1.4.0-10 libpam0g_1.4.0-10 libpaper-utils_1.1.28+b1 libpaper1_1.1.28+b1 libpcre2-8-0_10.36-2 libpcre3_2:8.39-13 libperl5.32_5.32.1-6 libpipeline1_1.5.3-1 libpixman-1-0_0.40.0-1 libpng16-16_1.6.37-3 libptexenc1_2021.20210626.59705-1 libquadmath0_11.2.0-10 libseccomp2_2.5.2-2 libselinux1_3.1-3 libsemanage-common_3.1-1 libsemanage1_3.1-1+b2 libsepol1_3.1-1 libsigsegv2_2.13-1 libsm6_2:1.2.3-1 libsmartcols1_2.37.2-4 libss2_1.46.4-1 libssl1.1_1.1.1l-1 libstdc++-11-dev_11.2.0-10 libstdc++6_11.2.0-10 libsub-override-perl_0.09-2 libsynctex2_2021.20210626.59705-1 libsystemd0_249.5-1 libtasn1-6_4.17.0-2 libteckit0_2.5.10+ds1-3 libtexlua53_2021.20210626.59705-1 libtexluajit2_2021.20210626.59705-1 libtext-unidecode-perl_1.30-1 libtinfo6_6.2+20210905-1 libtirpc-common_1.3.2-2 libtirpc-dev_1.3.2-2 libtirpc3_1.3.2-2 libtool_2.4.6-15 libtsan0_11.2.0-10 libubsan1_11.2.0-10 libuchardet0_0.0.7-1 libudev1_249.5-1 libunistring2_0.9.10-6 libunwind-12_1:12.0.1-15 libuuid1_2.37.2-4 libx11-6_2:1.7.2-2+b1 libx11-data_2:1.7.2-2 libxau6_1:1.0.9-1 libxaw7_2:1.0.13-1.1 libxcb-render0_1.14-3 libxcb-shm0_1.14-3 libxcb1_1.14-3 libxdmcp6_1:1.1.2-3 libxext6_2:1.3.4-1 libxi6_2:1.8-1 libxml-libxml-perl_2.0134+dfsg-2+b1 libxml-namespacesupport-perl_1.12-1.1 libxml-sax-base-perl_1.09-1.1 libxml-sax-perl_1.02+dfsg-3 libxml2_2.9.12+dfsg-5 libxmu6_2:1.1.2-2+b3 libxpm4_1:3.5.12-1 libxrender1_1:0.9.10-1 libxslt1.1_1.1.34-4 libxt6_1:1.2.0-1 libxxhash0_0.8.0-2 libz3-4_4.8.12-1+b1 libzstd1_1.4.8+dfsg-3 libzzip-0-13_0.13.72+dfsg.1-1.1 linux-libc-dev_5.14.12-1 llvm-12-linker-tools_1:12.0.1-15 login_1:4.8.1-1 logsave_1.46.4-1 lsb-base_11.1.0 m4_1.4.18-5 make_4.3-4.1 man-db_2.9.4-2 mawk_1.3.4.20200120-2 mount_2.37.2-4 ncurses-base_6.2+20210905-1 ncurses-bin_6.2+20210905-1 openssl_1.1.1l-1 passwd_1:4.8.1-1 patch_2.7.6-7 perl_5.32.1-6 perl-base_5.32.1-6 perl-modules-5.32_5.32.1-6 pkg-config_0.29.2-1 po-debconf_1.0.21+nmu1 qt5-qmake_5.15.2+dfsg-12 qt5-qmake-bin_5.15.2+dfsg-12 qtchooser_66-2 rpcsvc-proto_1.4.2-4 sbuild-build-depends-main-dummy_0.invalid.0 sed_4.8-1 sensible-utils_0.0.17 sysvinit-utils_3.00-1 t1utils_1.41-4 tar_1.34+dfsg-1 tex-common_6.17 texinfo_6.8-3 texlive-base_2021.20210921-1 texlive-binaries_2021.20210626.59705-1 texlive-fonts-recommended_2021.20210921-1 texlive-latex-base_2021.20210921-1 texlive-latex-recommended_2021.20210921-1 tzdata_2021e-1 ucf_3.0043 util-linux_2.37.2-4 x11-common_1:7.7+23 xdg-utils_1.1.3-4.1 xz-utils_5.2.5-2 zlib1g_1:1.2.11.dfsg-2

+------------------------------------------------------------------------------+
| Build                                                                        |
+------------------------------------------------------------------------------+


Unpack source
-------------

-----BEGIN PGP SIGNED MESSAGE-----
Hash: SHA512

Format: 3.0 (quilt)
Source: dbuskit
Binary: libdbuskit-dev, libdbuskit0
Architecture: any
Version: 0.1.1-3
Maintainer: Debian GNUstep maintainers <pkg-gnustep-maintainers@lists.alioth.debian.org>
Uploaders: Yavor Doganov <yavor@gnu.org>
Homepage: http://gnustep.org
Standards-Version: 4.1.1
Vcs-Browser: https://anonscm.debian.org/gitweb/?p=pkg-gnustep/dbuskit.git
Vcs-Git: https://anonscm.debian.org/git/pkg-gnustep/dbuskit.git
Testsuite: autopkgtest
Testsuite-Triggers: file, shunit2
Build-Depends: debhelper (>= 10), gnustep-make, libgnustep-base-dev, libdbus-1-dev, pkg-config, texinfo, texlive-latex-base, texlive-fonts-recommended, cm-super-minimal
Package-List:
 libdbuskit-dev deb libdevel optional arch=any
 libdbuskit0 deb libs optional arch=any
Checksums-Sha1:
 73ad8adc8d95a3a40265e9d9c1e7f5a4fa098c05 706783 dbuskit_0.1.1.orig.tar.gz
 dc320cf1b5334d08953773a26f2134879893e2b6 504 dbuskit_0.1.1.orig.tar.gz.asc
 344bec65a9a3b2cfe4e907e7355b4622df704d80 42156 dbuskit_0.1.1-3.debian.tar.xz
Checksums-Sha256:
 3995867173148663cec6d98010b1c23e5fec827ff6b801f1ae6a4e9949b0f7b5 706783 dbuskit_0.1.1.orig.tar.gz
 bad6a3838c574cf107210f9265360562957240c4e5919366294a361e1eb12832 504 dbuskit_0.1.1.orig.tar.gz.asc
 eb0c789e14c25484a893e932369d503592225385c737312294ed568d44975a30 42156 dbuskit_0.1.1-3.debian.tar.xz
Files:
 111ccad7024323d264cd3f756d7ddd20 706783 dbuskit_0.1.1.orig.tar.gz
 d977be44ec9f2ad625423263fb2e70a0 504 dbuskit_0.1.1.orig.tar.gz.asc
 f7a4135dd5af184c252f0e5db43c82fc 42156 dbuskit_0.1.1-3.debian.tar.xz

-----BEGIN PGP SIGNATURE-----

iQIzBAEBCgAdFiEEkjZVexcMh/iCHArDweDZLphvfH4FAlnf9J8ACgkQweDZLphv
fH5LgBAAjGeieV5U3OSnIpI3slGmA2GAn3HAwkP6niz6S2chXVt/VtscQZlVoffC
/dhZh2vtTUcq2f3dp2oRB2fyFY5yGr8Q8V57kWe2znOCIQ2v4Q1YRyvqpWiFVfQ/
gCNVrgW+BVgdjp+9lR4i/Mr4mCSRgVMssUyShUFxHgab8bID9Pav7f4VPQC9XZbK
VNenxWjqIFyOkv+6hC9MlDDexeKiZe64tFfkTaOsRYYBlKwk6WkpmAty5nMSxC5D
je/UvfcHc2oHQvZEOLCSrHVaiaRYGUkAp6WHyuRDVg7cp8EXsH9KegB5hLZN7szA
DZ4uGI53PaWrcsaHEXbWW7uhp8lBMWYfQc9Q1seveTgPVgqPlOKpnIQtsnBYERtc
jWkfOuAkR1B2Btoxwd+EYIM834WnL3VQEKSZucZerEztwIuQLkVG4Kj3zv/bSNoE
uZw7k8NxkmVCeD9dfYnFnK34jyJekb6n1o5qyGt7uWolmX80ZfKwYqS+jt55cvit
jME9JjAFYmh26JxGvbGV88fiLm74o5ZMcslVLWpPXMG094eUasF2dCxHOWf1AzYa
gSgTReCdz344NITv34r1bV1w9zKxUnsEKNMA1nLRnPNljJnOkcSjjXsZ/MWBfN8b
xrhdmSyqo3jfgRrWKHgR1xDm5Juf5xdP6J7RXGvMTzxrzVhen1E=
=PRGW
-----END PGP SIGNATURE-----

gpgv: unknown type of key resource 'trustedkeys.kbx'
gpgv: keyblock resource '/tmp/dpkg-verify-sig.kmzw3s4N/trustedkeys.kbx': General error
gpgv: Signature made Thu Oct 12 23:02:55 2017 UTC
gpgv:                using RSA key 9236557B170C87F8821C0AC3C1E0D92E986F7C7E
gpgv: Can't check signature: No public key
dpkg-source: warning: failed to verify signature on ./dbuskit_0.1.1-3.dsc
dpkg-source: info: extracting dbuskit in /<<PKGBUILDDIR>>
dpkg-source: info: unpacking dbuskit_0.1.1.orig.tar.gz
dpkg-source: info: unpacking dbuskit_0.1.1-3.debian.tar.xz
dpkg-source: info: using patch list from debian/patches/series
dpkg-source: info: applying no-libtool.patch
dpkg-source: info: applying texinfo-fixes.patch
dpkg-source: info: applying link-libs.patch
dpkg-source: info: applying no-gc-macros.patch
dpkg-source: info: applying spelling-errors.patch

Check disk space
----------------

Sufficient free space for build

User Environment
----------------

APT_CONFIG=/var/lib/sbuild/apt.conf
HOME=/sbuild-nonexistent
LANG=C.UTF-8
LC_ALL=C.UTF-8
LOGNAME=user42
PATH=/usr/local/sbin:/usr/local/bin:/usr/sbin:/usr/bin:/sbin:/bin:/usr/games
SCHROOT_ALIAS_NAME=unstable
SCHROOT_CHROOT_NAME=sid-amd64-sbuild
SCHROOT_COMMAND=env
SCHROOT_GID=1001
SCHROOT_GROUP=user42
SCHROOT_SESSION_ID=sid-amd64-sbuild-0fcb0605-0b80-4b7f-a105-be7007efb809
SCHROOT_UID=1001
SCHROOT_USER=user42
SHELL=/bin/sh
USER=user42

dpkg-buildpackage
-----------------

Command: dpkg-buildpackage -us -uc -b -rfakeroot
dpkg-buildpackage: info: source package dbuskit
dpkg-buildpackage: info: source version 0.1.1-3
dpkg-buildpackage: info: source distribution unstable
dpkg-buildpackage: info: source changed by Yavor Doganov <yavor@gnu.org>
 dpkg-source --before-build .
dpkg-buildpackage: info: host architecture amd64
 fakeroot debian/rules clean
dh clean
   dh_auto_clean
	make -j4 distclean
make[1]: Entering directory '/<<PKGBUILDDIR>>'
This is gnustep-make 2.8.0. Type 'make print-gnustep-make-help' for help.
Running in gnustep-make version 2 strict mode.
./configure
checking build system type... x86_64-unknown-linux-gnu
checking host system type... x86_64-unknown-linux-gnu
checking for gcc... gcc
checking for C compiler default output file name... a.out
checking whether the C compiler works... yes
checking whether we are cross compiling... no
checking for suffix of executables... 
checking for suffix of object files... o
checking whether we are using the GNU C compiler... yes
checking whether gcc accepts -g... yes
checking for gcc option to accept ISO C89... none needed
checking for a sed that does not truncate output... /bin/sed
checking for grep that handles long lines and -e... /bin/grep
checking for egrep... /bin/grep -E
checking for fgrep... /bin/grep -F
checking for ld used by gcc... /usr/bin/ld
checking if the linker (/usr/bin/ld) is GNU ld... yes
checking for BSD- or MS-compatible name lister (nm)... /usr/bin/nm -B
checking the name lister (/usr/bin/nm -B) interface... BSD nm
checking whether ln -s works... yes
checking the maximum length of command line arguments... 1572864
checking whether the shell understands some XSI constructs... yes
checking whether the shell understands "+="... yes
checking for /usr/bin/ld option to reload object files... -r
checking for objdump... objdump
checking how to recognize dependent libraries... pass_all
checking for ar... ar
checking for strip... strip
checking for ranlib... ranlib
checking command to parse /usr/bin/nm -B output from gcc object... ok
checking how to run the C preprocessor... gcc -E
checking for ANSI C header files... yes
checking for sys/types.h... yes
checking for sys/stat.h... yes
checking for stdlib.h... yes
checking for string.h... yes
checking for memory.h... yes
checking for strings.h... yes
checking for inttypes.h... yes
checking for stdint.h... yes
checking for unistd.h... yes
checking for dlfcn.h... yes
checking for objdir... .libs
checking if gcc supports -fno-rtti -fno-exceptions... yes
checking for gcc option to produce PIC... -fPIC -DPIC
checking if gcc PIC flag -fPIC -DPIC works... yes
checking if gcc static flag -static works... no
checking if gcc supports -c -o file.o... yes
checking if gcc supports -c -o file.o... (cached) yes
checking whether the gcc linker (/usr/bin/ld -m elf_x86_64) supports shared libraries... yes
checking whether -lc should be explicitly linked in... no
checking dynamic linker characteristics... GNU/Linux ld.so
checking how to hardcode library paths into programs... immediate
checking whether stripping libraries is possible... yes
checking if libtool supports shared libraries... yes
checking whether to build shared libraries... yes
checking whether to build static libraries... yes
checking target system type... x86_64-unknown-linux-gnu
checking whether we are using the GNU C compiler... (cached) yes
checking whether gcc accepts -g... (cached) yes
checking for gcc option to accept ISO C89... (cached) none needed
checking how to run the C preprocessor... gcc -E
checking whether we are using the GNU Objective C compiler... yes
checking whether gcc accepts -g... yes
checking for pkg-config... /usr/bin/pkg-config
checking pkg-config is at least version 0.9.0... yes
checking whether the compiler supports atomic operations... yes
checking checking whether atomic operations require an external library... no
checking for DBUS... yes
checking whether the compiler supports -Wdeclaration-after-statement... yes
checking whether the compiler supports -Wno-deprecated-declarations... yes
checking how to run the Objective C preprocessor... gcc -E
checking ObjectiveC2/runtime.h usability... no
checking ObjectiveC2/runtime.h presence... no
checking for ObjectiveC2/runtime.h... no
checking objc/runtime.h usability... no
checking objc/runtime.h presence... no
checking for objc/runtime.h... no
configure: error: "could not find runtime.h. DBusKit requires gnustep-base >=1.20."
rm -rf ./*~ ./obj
Making clean in Source ...
rm -rf ./*~ ./obj
Making clean for framework DBusKit...
Making clean in Tools ...
rm -rf ./*~ ./obj
Making clean in Documentation ...
rm -rf ./*~ ./obj
Making clean for doc DBusKit...
rmdir: failed to remove 'DBusKit': No such file or directory
make[3]: [/usr/share/GNUstep/Makefiles/Instance/Documentation/texi.make:111: internal-doc-clean] Error 1 (ignored)
Making clean for textdoc INSTALL...
Making clean for textdoc README...
Making clean for textdoc ANNOUNCE...
rm -rf Reference
Making distclean in Source ...
Making distclean for framework DBusKit...
make[3]: Nothing to be done for 'internal-framework-distclean'.
Making distclean in Tools ...
make[2]: Nothing to be done for 'distclean'.
Making distclean in Documentation ...
Making distclean for doc DBusKit...
make[3]: Nothing to be done for 'internal-doc-distclean'.
Making distclean for textdoc INSTALL...
make[3]: Nothing to be done for 'internal-textdoc-distclean'.
Making distclean for textdoc README...
make[3]: Nothing to be done for 'internal-textdoc-distclean'.
Making distclean for textdoc ANNOUNCE...
make[3]: Nothing to be done for 'internal-textdoc-distclean'.
make[1]: Leaving directory '/<<PKGBUILDDIR>>'
   debian/rules override_dh_clean
make[1]: Entering directory '/<<PKGBUILDDIR>>'
rm -rf Tests/obj Tests/DBusKitTests.bundle
dh_clean libtool 
make[1]: Leaving directory '/<<PKGBUILDDIR>>'
 debian/rules build
dh build
   dh_update_autotools_config
   dh_autoreconf
configure.ac:4: warning: The macro `AC_CANONICAL_SYSTEM' is obsolete.
configure.ac:4: You should run autoupdate.
./lib/autoconf/general.m4:2081: AC_CANONICAL_SYSTEM is expanded from...
configure.ac:4: the top level
   debian/rules override_dh_auto_configure
make[1]: Entering directory '/<<PKGBUILDDIR>>'
dh_auto_configure -- CC=gcc OBJC=gcc
	./configure --build=x86_64-linux-gnu --prefix=/usr --includedir=\${prefix}/include --mandir=\${prefix}/share/man --infodir=\${prefix}/share/info --sysconfdir=/etc --localstatedir=/var --disable-option-checking --disable-silent-rules --libdir=\${prefix}/lib/x86_64-linux-gnu --libexecdir=\${prefix}/lib/x86_64-linux-gnu --disable-maintainer-mode --disable-dependency-tracking CC=gcc OBJC=gcc
checking build system type... x86_64-pc-linux-gnu
checking host system type... x86_64-pc-linux-gnu
checking target system type... x86_64-pc-linux-gnu
checking whether the C compiler works... yes
checking for C compiler default output file name... a.out
checking for suffix of executables... 
checking whether we are cross compiling... no
checking for suffix of object files... o
checking whether the compiler supports GNU C... yes
checking whether gcc accepts -g... yes
checking for gcc option to enable C11 features... none needed
checking how to run the C preprocessor... gcc -E
checking whether the compiler supports GNU Objective C... yes
checking whether gcc accepts -g... yes
checking for pkg-config... /usr/bin/pkg-config
checking pkg-config is at least version 0.9.0... yes
checking whether the compiler supports atomic operations... yes
checking checking whether atomic operations require an external library... no
checking for dbus-1... yes
checking whether the compiler supports -Wdeclaration-after-statement... yes
checking whether the compiler supports -Wno-deprecated-declarations... yes
checking for stdio.h... yes
checking for stdlib.h... yes
checking for string.h... yes
checking for inttypes.h... yes
checking for stdint.h... yes
checking for strings.h... yes
checking for sys/stat.h... yes
checking for sys/types.h... yes
checking for unistd.h... yes
checking for ObjectiveC2/runtime.h... no
checking for objc/runtime.h... no
configure: error: "could not find runtime.h. DBusKit requires gnustep-base >=1.20."
	tail -v -n \+0 config.log
==> config.log <==
This file contains any messages produced by compilers while
running configure, to aid debugging if configure makes a mistake.

It was created by configure, which was
generated by GNU Autoconf 2.71.  Invocation command line was

  $ ./configure --build=x86_64-linux-gnu --prefix=/usr '--includedir=${prefix}/include' '--mandir=${prefix}/share/man' '--infodir=${prefix}/share/info' --sysconfdir=/etc --localstatedir=/var --disable-option-checking --disable-silent-rules '--libdir=${prefix}/lib/x86_64-linux-gnu' '--libexecdir=${prefix}/lib/x86_64-linux-gnu' --disable-maintainer-mode --disable-dependency-tracking CC=gcc OBJC=gcc

## --------- ##
## Platform. ##
## --------- ##

hostname = ip-172-31-6-254
uname -m = x86_64
uname -r = 4.19.0-6-cloud-amd64
uname -s = Linux
uname -v = #1 SMP Debian 4.19.67-2+deb10u2 (2019-11-11)

/usr/bin/uname -p = unknown
/bin/uname -X     = unknown

/bin/arch              = unknown
/usr/bin/arch -k       = unknown
/usr/convex/getsysinfo = unknown
/usr/bin/hostinfo      = unknown
/bin/machine           = unknown
/usr/bin/oslevel       = unknown
/bin/universe          = unknown

PATH: /usr/local/sbin/
PATH: /usr/local/bin/
PATH: /usr/sbin/
PATH: /usr/bin/
PATH: /sbin/
PATH: /bin/
PATH: /usr/games/


## ----------- ##
## Core tests. ##
## ----------- ##

configure:2278: looking for aux files: config.guess config.sub
configure:2291:  trying ./
configure:2320:   ./config.guess found
configure:2320:   ./config.sub found
configure:2438: checking build system type
configure:2453: result: x86_64-pc-linux-gnu
configure:2473: checking host system type
configure:2487: result: x86_64-pc-linux-gnu
configure:2507: checking target system type
configure:2521: result: x86_64-pc-linux-gnu
configure:2687: checking for C compiler version
configure:2696: gcc --version >&5
Debian clang version 12.0.1-15
Target: x86_64-pc-linux-gnu
Thread model: posix
InstalledDir: /usr/bin
configure:2707: $? = 0
configure:2696: gcc -v >&5
Debian clang version 12.0.1-15
Target: x86_64-pc-linux-gnu
Thread model: posix
InstalledDir: /usr/bin
Found candidate GCC installation: /usr/bin/../lib/gcc/x86_64-linux-gnu/11
Found candidate GCC installation: /usr/bin/../lib/gcc/x86_64-linux-gnu/9
Found candidate GCC installation: /usr/lib/gcc/x86_64-linux-gnu/11
Found candidate GCC installation: /usr/lib/gcc/x86_64-linux-gnu/9
Selected GCC installation: /usr/bin/../lib/gcc/x86_64-linux-gnu/11
Candidate multilib: .;@m64
... rest of stderr output deleted ...
configure:2707: $? = 0
configure:2696: gcc -V >&5
clang: error: argument to '-V' is missing (expected 1 value)
clang: error: no input files
configure:2707: $? = 1
configure:2696: gcc -qversion >&5
clang: error: unknown argument '-qversion'; did you mean '--version'?
clang: error: no input files
configure:2707: $? = 1
configure:2696: gcc -version >&5
clang: error: unknown argument '-version'; did you mean '--version'?
clang: error: no input files
configure:2707: $? = 1
configure:2727: checking whether the C compiler works
configure:2749: gcc -g -O2 -ffile-prefix-map=/<<PKGBUILDDIR>>=. -fstack-protector-strong -Wformat -Werror=format-security -Wdate-time -D_FORTIFY_SOURCE=2 -Wl,-z,relro -Wl,-z,now -Wl,--no-undefined -Wl,--as-needed conftest.c  >&5
configure:2753: $? = 0
configure:2803: result: yes
configure:2806: checking for C compiler default output file name
configure:2808: result: a.out
configure:2814: checking for suffix of executables
configure:2821: gcc -o conftest -g -O2 -ffile-prefix-map=/<<PKGBUILDDIR>>=. -fstack-protector-strong -Wformat -Werror=format-security -Wdate-time -D_FORTIFY_SOURCE=2 -Wl,-z,relro -Wl,-z,now -Wl,--no-undefined -Wl,--as-needed conftest.c  >&5
configure:2825: $? = 0
configure:2848: result: 
configure:2870: checking whether we are cross compiling
configure:2878: gcc -o conftest -g -O2 -ffile-prefix-map=/<<PKGBUILDDIR>>=. -fstack-protector-strong -Wformat -Werror=format-security -Wdate-time -D_FORTIFY_SOURCE=2 -Wl,-z,relro -Wl,-z,now -Wl,--no-undefined -Wl,--as-needed conftest.c  >&5
configure:2882: $? = 0
configure:2889: ./conftest
configure:2893: $? = 0
configure:2908: result: no
configure:2913: checking for suffix of object files
configure:2936: gcc -c -g -O2 -ffile-prefix-map=/<<PKGBUILDDIR>>=. -fstack-protector-strong -Wformat -Werror=format-security -Wdate-time -D_FORTIFY_SOURCE=2 conftest.c >&5
configure:2940: $? = 0
configure:2962: result: o
configure:2966: checking whether the compiler supports GNU C
configure:2986: gcc -c -g -O2 -ffile-prefix-map=/<<PKGBUILDDIR>>=. -fstack-protector-strong -Wformat -Werror=format-security -Wdate-time -D_FORTIFY_SOURCE=2 conftest.c >&5
configure:2986: $? = 0
configure:2996: result: yes
configure:3007: checking whether gcc accepts -g
configure:3028: gcc -c -g -Wdate-time -D_FORTIFY_SOURCE=2 conftest.c >&5
configure:3028: $? = 0
configure:3072: result: yes
configure:3092: checking for gcc option to enable C11 features
configure:3107: gcc  -c -g -O2 -ffile-prefix-map=/<<PKGBUILDDIR>>=. -fstack-protector-strong -Wformat -Werror=format-security -Wdate-time -D_FORTIFY_SOURCE=2 conftest.c >&5
configure:3107: $? = 0
configure:3125: result: none needed
configure:3240: checking how to run the C preprocessor
configure:3266: gcc -E -Wdate-time -D_FORTIFY_SOURCE=2 conftest.c
configure:3266: $? = 0
configure:3281: gcc -E -Wdate-time -D_FORTIFY_SOURCE=2 conftest.c
conftest.c:9:10: fatal error: 'ac_nonexistent.h' file not found
#include <ac_nonexistent.h>
         ^~~~~~~~~~~~~~~~~~
1 error generated.
configure:3281: $? = 1
configure: failed program was:
| /* confdefs.h */
| #define PACKAGE_NAME ""
| #define PACKAGE_TARNAME ""
| #define PACKAGE_VERSION ""
| #define PACKAGE_STRING ""
| #define PACKAGE_BUGREPORT ""
| #define PACKAGE_URL ""
| /* end confdefs.h.  */
| #include <ac_nonexistent.h>
configure:3308: result: gcc -E
configure:3322: gcc -E -Wdate-time -D_FORTIFY_SOURCE=2 conftest.c
configure:3322: $? = 0
configure:3337: gcc -E -Wdate-time -D_FORTIFY_SOURCE=2 conftest.c
conftest.c:9:10: fatal error: 'ac_nonexistent.h' file not found
#include <ac_nonexistent.h>
         ^~~~~~~~~~~~~~~~~~
1 error generated.
configure:3337: $? = 1
configure: failed program was:
| /* confdefs.h */
| #define PACKAGE_NAME ""
| #define PACKAGE_TARNAME ""
| #define PACKAGE_VERSION ""
| #define PACKAGE_STRING ""
| #define PACKAGE_BUGREPORT ""
| #define PACKAGE_URL ""
| /* end confdefs.h.  */
| #include <ac_nonexistent.h>
configure:3483: checking for Objective C compiler version
configure:3492: gcc --version >&5
Debian clang version 12.0.1-15
Target: x86_64-pc-linux-gnu
Thread model: posix
InstalledDir: /usr/bin
configure:3503: $? = 0
configure:3492: gcc -v >&5
Debian clang version 12.0.1-15
Target: x86_64-pc-linux-gnu
Thread model: posix
InstalledDir: /usr/bin
Found candidate GCC installation: /usr/bin/../lib/gcc/x86_64-linux-gnu/11
Found candidate GCC installation: /usr/bin/../lib/gcc/x86_64-linux-gnu/9
Found candidate GCC installation: /usr/lib/gcc/x86_64-linux-gnu/11
Found candidate GCC installation: /usr/lib/gcc/x86_64-linux-gnu/9
Selected GCC installation: /usr/bin/../lib/gcc/x86_64-linux-gnu/11
Candidate multilib: .;@m64
... rest of stderr output deleted ...
configure:3503: $? = 0
configure:3492: gcc -V >&5
clang: error: argument to '-V' is missing (expected 1 value)
clang: error: no input files
configure:3503: $? = 1
configure:3492: gcc -qversion >&5
clang: error: unknown argument '-qversion'; did you mean '--version'?
clang: error: no input files
configure:3503: $? = 1
configure:3507: checking whether the compiler supports GNU Objective C
configure:3527: gcc -c -g -O2 -ffile-prefix-map=/<<PKGBUILDDIR>>=. -fstack-protector-strong -Wformat -Werror=format-security -Wdate-time -D_FORTIFY_SOURCE=2 conftest.m >&5
configure:3527: $? = 0
configure:3537: result: yes
configure:3548: checking whether gcc accepts -g
configure:3569: gcc -c -g -Wdate-time -D_FORTIFY_SOURCE=2 conftest.m >&5
configure:3569: $? = 0
configure:3613: result: yes
configure:3701: checking for pkg-config
configure:3724: found /usr/bin/pkg-config
configure:3736: result: /usr/bin/pkg-config
configure:3761: checking pkg-config is at least version 0.9.0
configure:3764: result: yes
configure:3778: checking whether the compiler supports atomic operations
configure:3792: gcc -c -g -O2 -ffile-prefix-map=/<<PKGBUILDDIR>>=. -fstack-protector-strong -Wformat -Werror=format-security -Wdate-time -D_FORTIFY_SOURCE=2 conftest.c >&5
configure:3792: $? = 0
configure:3800: result: yes
configure:3815: checking checking whether atomic operations require an external library
configure:3828: gcc -o conftest -g -O2 -ffile-prefix-map=/<<PKGBUILDDIR>>=. -fstack-protector-strong -Wformat -Werror=format-security -Wdate-time -D_FORTIFY_SOURCE=2 -Wl,-z,relro -Wl,-z,now -Wl,--no-undefined -Wl,--as-needed conftest.c  >&5
configure:3828: $? = 0
configure:3838: result: no
configure:3899: checking for dbus-1
configure:3906: $PKG_CONFIG --exists --print-errors "dbus-1"
configure:3909: $? = 0
configure:3923: $PKG_CONFIG --exists --print-errors "dbus-1"
configure:3926: $? = 0
configure:3964: result: yes
configure:3977: checking whether the compiler supports -Wdeclaration-after-statement
configure:3994: gcc -c -g -O2 -ffile-prefix-map=/<<PKGBUILDDIR>>=. -fstack-protector-strong -Wformat -Werror=format-security -Wdate-time -D_FORTIFY_SOURCE=2 conftest.m >&5
configure:3994: $? = 0
configure:4003: result: yes
configure:4012: checking whether the compiler supports -Wno-deprecated-declarations
configure:4027: gcc -c -g -O2 -ffile-prefix-map=/<<PKGBUILDDIR>>=. -fstack-protector-strong -Wformat -Werror=format-security -Wdate-time -D_FORTIFY_SOURCE=2 conftest.m >&5
configure:4027: $? = 0
configure:4036: result: yes
configure:4069: checking for stdio.h
configure:4069: gcc -c -g -O2 -ffile-prefix-map=/<<PKGBUILDDIR>>=. -fstack-protector-strong -Wformat -Werror=format-security -Wdate-time -D_FORTIFY_SOURCE=2 -MMD -MP -DGNUSTEP -DGNUSTEP_BASE_LIBRARY=1 -DGNU_RUNTIME=1 -DGNUSTEP_BASE_LIBRARY=1 -fno-strict-aliasing -fexceptions -fobjc-exceptions -D_NATIVE_OBJC_EXCEPTIONS -pthread -fPIC -Wall -DGSWARN -DGSDIAGNOSE -Wno-import -g -O2 -fconstant-string-class=NSConstantString -I. -I/usr/local/include/GNUstep -I/usr/include/GNUstep -Werror conftest.m >&5
configure:4069: $? = 0
configure:4069: result: yes
configure:4069: checking for stdlib.h
configure:4069: gcc -c -g -O2 -ffile-prefix-map=/<<PKGBUILDDIR>>=. -fstack-protector-strong -Wformat -Werror=format-security -Wdate-time -D_FORTIFY_SOURCE=2 -MMD -MP -DGNUSTEP -DGNUSTEP_BASE_LIBRARY=1 -DGNU_RUNTIME=1 -DGNUSTEP_BASE_LIBRARY=1 -fno-strict-aliasing -fexceptions -fobjc-exceptions -D_NATIVE_OBJC_EXCEPTIONS -pthread -fPIC -Wall -DGSWARN -DGSDIAGNOSE -Wno-import -g -O2 -fconstant-string-class=NSConstantString -I. -I/usr/local/include/GNUstep -I/usr/include/GNUstep -Werror conftest.m >&5
configure:4069: $? = 0
configure:4069: result: yes
configure:4069: checking for string.h
configure:4069: gcc -c -g -O2 -ffile-prefix-map=/<<PKGBUILDDIR>>=. -fstack-protector-strong -Wformat -Werror=format-security -Wdate-time -D_FORTIFY_SOURCE=2 -MMD -MP -DGNUSTEP -DGNUSTEP_BASE_LIBRARY=1 -DGNU_RUNTIME=1 -DGNUSTEP_BASE_LIBRARY=1 -fno-strict-aliasing -fexceptions -fobjc-exceptions -D_NATIVE_OBJC_EXCEPTIONS -pthread -fPIC -Wall -DGSWARN -DGSDIAGNOSE -Wno-import -g -O2 -fconstant-string-class=NSConstantString -I. -I/usr/local/include/GNUstep -I/usr/include/GNUstep -Werror conftest.m >&5
configure:4069: $? = 0
configure:4069: result: yes
configure:4069: checking for inttypes.h
configure:4069: gcc -c -g -O2 -ffile-prefix-map=/<<PKGBUILDDIR>>=. -fstack-protector-strong -Wformat -Werror=format-security -Wdate-time -D_FORTIFY_SOURCE=2 -MMD -MP -DGNUSTEP -DGNUSTEP_BASE_LIBRARY=1 -DGNU_RUNTIME=1 -DGNUSTEP_BASE_LIBRARY=1 -fno-strict-aliasing -fexceptions -fobjc-exceptions -D_NATIVE_OBJC_EXCEPTIONS -pthread -fPIC -Wall -DGSWARN -DGSDIAGNOSE -Wno-import -g -O2 -fconstant-string-class=NSConstantString -I. -I/usr/local/include/GNUstep -I/usr/include/GNUstep -Werror conftest.m >&5
configure:4069: $? = 0
configure:4069: result: yes
configure:4069: checking for stdint.h
configure:4069: gcc -c -g -O2 -ffile-prefix-map=/<<PKGBUILDDIR>>=. -fstack-protector-strong -Wformat -Werror=format-security -Wdate-time -D_FORTIFY_SOURCE=2 -MMD -MP -DGNUSTEP -DGNUSTEP_BASE_LIBRARY=1 -DGNU_RUNTIME=1 -DGNUSTEP_BASE_LIBRARY=1 -fno-strict-aliasing -fexceptions -fobjc-exceptions -D_NATIVE_OBJC_EXCEPTIONS -pthread -fPIC -Wall -DGSWARN -DGSDIAGNOSE -Wno-import -g -O2 -fconstant-string-class=NSConstantString -I. -I/usr/local/include/GNUstep -I/usr/include/GNUstep -Werror conftest.m >&5
configure:4069: $? = 0
configure:4069: result: yes
configure:4069: checking for strings.h
configure:4069: gcc -c -g -O2 -ffile-prefix-map=/<<PKGBUILDDIR>>=. -fstack-protector-strong -Wformat -Werror=format-security -Wdate-time -D_FORTIFY_SOURCE=2 -MMD -MP -DGNUSTEP -DGNUSTEP_BASE_LIBRARY=1 -DGNU_RUNTIME=1 -DGNUSTEP_BASE_LIBRARY=1 -fno-strict-aliasing -fexceptions -fobjc-exceptions -D_NATIVE_OBJC_EXCEPTIONS -pthread -fPIC -Wall -DGSWARN -DGSDIAGNOSE -Wno-import -g -O2 -fconstant-string-class=NSConstantString -I. -I/usr/local/include/GNUstep -I/usr/include/GNUstep -Werror conftest.m >&5
configure:4069: $? = 0
configure:4069: result: yes
configure:4069: checking for sys/stat.h
configure:4069: gcc -c -g -O2 -ffile-prefix-map=/<<PKGBUILDDIR>>=. -fstack-protector-strong -Wformat -Werror=format-security -Wdate-time -D_FORTIFY_SOURCE=2 -MMD -MP -DGNUSTEP -DGNUSTEP_BASE_LIBRARY=1 -DGNU_RUNTIME=1 -DGNUSTEP_BASE_LIBRARY=1 -fno-strict-aliasing -fexceptions -fobjc-exceptions -D_NATIVE_OBJC_EXCEPTIONS -pthread -fPIC -Wall -DGSWARN -DGSDIAGNOSE -Wno-import -g -O2 -fconstant-string-class=NSConstantString -I. -I/usr/local/include/GNUstep -I/usr/include/GNUstep -Werror conftest.m >&5
configure:4069: $? = 0
configure:4069: result: yes
configure:4069: checking for sys/types.h
configure:4069: gcc -c -g -O2 -ffile-prefix-map=/<<PKGBUILDDIR>>=. -fstack-protector-strong -Wformat -Werror=format-security -Wdate-time -D_FORTIFY_SOURCE=2 -MMD -MP -DGNUSTEP -DGNUSTEP_BASE_LIBRARY=1 -DGNU_RUNTIME=1 -DGNUSTEP_BASE_LIBRARY=1 -fno-strict-aliasing -fexceptions -fobjc-exceptions -D_NATIVE_OBJC_EXCEPTIONS -pthread -fPIC -Wall -DGSWARN -DGSDIAGNOSE -Wno-import -g -O2 -fconstant-string-class=NSConstantString -I. -I/usr/local/include/GNUstep -I/usr/include/GNUstep -Werror conftest.m >&5
configure:4069: $? = 0
configure:4069: result: yes
configure:4069: checking for unistd.h
configure:4069: gcc -c -g -O2 -ffile-prefix-map=/<<PKGBUILDDIR>>=. -fstack-protector-strong -Wformat -Werror=format-security -Wdate-time -D_FORTIFY_SOURCE=2 -MMD -MP -DGNUSTEP -DGNUSTEP_BASE_LIBRARY=1 -DGNU_RUNTIME=1 -DGNUSTEP_BASE_LIBRARY=1 -fno-strict-aliasing -fexceptions -fobjc-exceptions -D_NATIVE_OBJC_EXCEPTIONS -pthread -fPIC -Wall -DGSWARN -DGSDIAGNOSE -Wno-import -g -O2 -fconstant-string-class=NSConstantString -I. -I/usr/local/include/GNUstep -I/usr/include/GNUstep -Werror conftest.m >&5
configure:4069: $? = 0
configure:4069: result: yes
configure:4096: checking for ObjectiveC2/runtime.h
configure:4096: gcc -c -g -O2 -ffile-prefix-map=/<<PKGBUILDDIR>>=. -fstack-protector-strong -Wformat -Werror=format-security -Wdate-time -D_FORTIFY_SOURCE=2 -MMD -MP -DGNUSTEP -DGNUSTEP_BASE_LIBRARY=1 -DGNU_RUNTIME=1 -DGNUSTEP_BASE_LIBRARY=1 -fno-strict-aliasing -fexceptions -fobjc-exceptions -D_NATIVE_OBJC_EXCEPTIONS -pthread -fPIC -Wall -DGSWARN -DGSDIAGNOSE -Wno-import -g -O2 -fconstant-string-class=NSConstantString -I. -I/usr/local/include/GNUstep -I/usr/include/GNUstep -Werror conftest.m >&5
conftest.m:47:10: fatal error: 'ObjectiveC2/runtime.h' file not found
#include <ObjectiveC2/runtime.h>
         ^~~~~~~~~~~~~~~~~~~~~~~
1 error generated.
configure:4096: $? = 1
configure: failed program was:
| /* confdefs.h */
| #define PACKAGE_NAME ""
| #define PACKAGE_TARNAME ""
| #define PACKAGE_VERSION ""
| #define PACKAGE_STRING ""
| #define PACKAGE_BUGREPORT ""
| #define PACKAGE_URL ""
| #define HAVE_STDIO_H 1
| #define HAVE_STDLIB_H 1
| #define HAVE_STRING_H 1
| #define HAVE_INTTYPES_H 1
| #define HAVE_STDINT_H 1
| #define HAVE_STRINGS_H 1
| #define HAVE_SYS_STAT_H 1
| #define HAVE_SYS_TYPES_H 1
| #define HAVE_UNISTD_H 1
| #define STDC_HEADERS 1
| /* end confdefs.h.  */
| #include <stddef.h>
| #ifdef HAVE_STDIO_H
| # include <stdio.h>
| #endif
| #ifdef HAVE_STDLIB_H
| # include <stdlib.h>
| #endif
| #ifdef HAVE_STRING_H
| # include <string.h>
| #endif
| #ifdef HAVE_INTTYPES_H
| # include <inttypes.h>
| #endif
| #ifdef HAVE_STDINT_H
| # include <stdint.h>
| #endif
| #ifdef HAVE_STRINGS_H
| # include <strings.h>
| #endif
| #ifdef HAVE_SYS_TYPES_H
| # include <sys/types.h>
| #endif
| #ifdef HAVE_SYS_STAT_H
| # include <sys/stat.h>
| #endif
| #ifdef HAVE_UNISTD_H
| # include <unistd.h>
| #endif
| #include <ObjectiveC2/runtime.h>
configure:4096: result: no
configure:4111: checking for objc/runtime.h
configure:4111: gcc -c -g -O2 -ffile-prefix-map=/<<PKGBUILDDIR>>=. -fstack-protector-strong -Wformat -Werror=format-security -Wdate-time -D_FORTIFY_SOURCE=2 -MMD -MP -DGNUSTEP -DGNUSTEP_BASE_LIBRARY=1 -DGNU_RUNTIME=1 -DGNUSTEP_BASE_LIBRARY=1 -fno-strict-aliasing -fexceptions -fobjc-exceptions -D_NATIVE_OBJC_EXCEPTIONS -pthread -fPIC -Wall -DGSWARN -DGSDIAGNOSE -Wno-import -g -O2 -fconstant-string-class=NSConstantString -I. -I/usr/local/include/GNUstep -I/usr/include/GNUstep -Werror conftest.m >&5
conftest.m:47:10: fatal error: 'objc/runtime.h' file not found
#include <objc/runtime.h>
         ^~~~~~~~~~~~~~~~
1 error generated.
configure:4111: $? = 1
configure: failed program was:
| /* confdefs.h */
| #define PACKAGE_NAME ""
| #define PACKAGE_TARNAME ""
| #define PACKAGE_VERSION ""
| #define PACKAGE_STRING ""
| #define PACKAGE_BUGREPORT ""
| #define PACKAGE_URL ""
| #define HAVE_STDIO_H 1
| #define HAVE_STDLIB_H 1
| #define HAVE_STRING_H 1
| #define HAVE_INTTYPES_H 1
| #define HAVE_STDINT_H 1
| #define HAVE_STRINGS_H 1
| #define HAVE_SYS_STAT_H 1
| #define HAVE_SYS_TYPES_H 1
| #define HAVE_UNISTD_H 1
| #define STDC_HEADERS 1
| /* end confdefs.h.  */
| #include <stddef.h>
| #ifdef HAVE_STDIO_H
| # include <stdio.h>
| #endif
| #ifdef HAVE_STDLIB_H
| # include <stdlib.h>
| #endif
| #ifdef HAVE_STRING_H
| # include <string.h>
| #endif
| #ifdef HAVE_INTTYPES_H
| # include <inttypes.h>
| #endif
| #ifdef HAVE_STDINT_H
| # include <stdint.h>
| #endif
| #ifdef HAVE_STRINGS_H
| # include <strings.h>
| #endif
| #ifdef HAVE_SYS_TYPES_H
| # include <sys/types.h>
| #endif
| #ifdef HAVE_SYS_STAT_H
| # include <sys/stat.h>
| #endif
| #ifdef HAVE_UNISTD_H
| # include <unistd.h>
| #endif
| #include <objc/runtime.h>
configure:4111: result: no
configure:4124: error: "could not find runtime.h. DBusKit requires gnustep-base >=1.20."

## ---------------- ##
## Cache variables. ##
## ---------------- ##

ac_cv_build=x86_64-pc-linux-gnu
ac_cv_c_compiler_gnu=yes
ac_cv_env_CC_set=set
ac_cv_env_CC_value=gcc
ac_cv_env_CFLAGS_set=set
ac_cv_env_CFLAGS_value='-g -O2 -ffile-prefix-map=/<<PKGBUILDDIR>>=. -fstack-protector-strong -Wformat -Werror=format-security'
ac_cv_env_CPPFLAGS_set=set
ac_cv_env_CPPFLAGS_value='-Wdate-time -D_FORTIFY_SOURCE=2'
ac_cv_env_CPP_set=
ac_cv_env_CPP_value=
ac_cv_env_DBUS_CFLAGS_set=
ac_cv_env_DBUS_CFLAGS_value=
ac_cv_env_DBUS_LIBS_set=
ac_cv_env_DBUS_LIBS_value=
ac_cv_env_LDFLAGS_set=set
ac_cv_env_LDFLAGS_value='-Wl,-z,relro -Wl,-z,now -Wl,--no-undefined -Wl,--as-needed'
ac_cv_env_LIBS_set=
ac_cv_env_LIBS_value=
ac_cv_env_OBJCFLAGS_set=set
ac_cv_env_OBJCFLAGS_value='-g -O2 -ffile-prefix-map=/<<PKGBUILDDIR>>=. -fstack-protector-strong -Wformat -Werror=format-security'
ac_cv_env_OBJC_set=set
ac_cv_env_OBJC_value=gcc
ac_cv_env_PKG_CONFIG_LIBDIR_set=
ac_cv_env_PKG_CONFIG_LIBDIR_value=
ac_cv_env_PKG_CONFIG_PATH_set=
ac_cv_env_PKG_CONFIG_PATH_value=
ac_cv_env_PKG_CONFIG_set=
ac_cv_env_PKG_CONFIG_value=
ac_cv_env_build_alias_set=set
ac_cv_env_build_alias_value=x86_64-linux-gnu
ac_cv_env_host_alias_set=
ac_cv_env_host_alias_value=
ac_cv_env_target_alias_set=
ac_cv_env_target_alias_value=
ac_cv_header_ObjectiveC2_runtime_h=no
ac_cv_header_inttypes_h=yes
ac_cv_header_objc_runtime_h=no
ac_cv_header_stdint_h=yes
ac_cv_header_stdio_h=yes
ac_cv_header_stdlib_h=yes
ac_cv_header_string_h=yes
ac_cv_header_strings_h=yes
ac_cv_header_sys_stat_h=yes
ac_cv_header_sys_types_h=yes
ac_cv_header_unistd_h=yes
ac_cv_host=x86_64-pc-linux-gnu
ac_cv_objc_compiler_gnu=yes
ac_cv_objext=o
ac_cv_path_ac_pt_PKG_CONFIG=/usr/bin/pkg-config
ac_cv_prog_CPP='gcc -E'
ac_cv_prog_cc_c11=
ac_cv_prog_cc_g=yes
ac_cv_prog_cc_stdc=
ac_cv_prog_objc_g=yes
ac_cv_target=x86_64-pc-linux-gnu
pkg_cv_DBUS_CFLAGS='-I/usr/include/dbus-1.0 -I/usr/lib/x86_64-linux-gnu/dbus-1.0/include'
pkg_cv_DBUS_LIBS=-ldbus-1

## ----------------- ##
## Output variables. ##
## ----------------- ##

ATOMIC_CFLAGS=''
CC='gcc'
CFLAGS='-g -O2 -ffile-prefix-map=/<<PKGBUILDDIR>>=. -fstack-protector-strong -Wformat -Werror=format-security -MMD -MP -DGNUSTEP -DGNUSTEP_BASE_LIBRARY=1 -DGNU_RUNTIME=1 -DGNUSTEP_BASE_LIBRARY=1 -fno-strict-aliasing -fexceptions -fobjc-exceptions -D_NATIVE_OBJC_EXCEPTIONS -pthread -fPIC -Wall -DGSWARN -DGSDIAGNOSE -Wno-import -g -O2 -fconstant-string-class=NSConstantString -I. -I/usr/local/include/GNUstep -I/usr/include/GNUstep'
CPP='gcc -E'
CPPFLAGS='-Wdate-time -D_FORTIFY_SOURCE=2 -MMD -MP -DGNUSTEP -DGNUSTEP_BASE_LIBRARY=1 -DGNU_RUNTIME=1 -DGNUSTEP_BASE_LIBRARY=1 -fno-strict-aliasing -fexceptions -fobjc-exceptions -D_NATIVE_OBJC_EXCEPTIONS -pthread -fPIC -Wall -DGSWARN -DGSDIAGNOSE -Wno-import -g -O2 -fconstant-string-class=NSConstantString -I. -I/usr/local/include/GNUstep -I/usr/include/GNUstep -Werror'
DBUS_CFLAGS='-I/usr/include/dbus-1.0 -I/usr/lib/x86_64-linux-gnu/dbus-1.0/include'
DBUS_LIBS='-ldbus-1'
DEFS=''
ECHO_C=''
ECHO_N='-n'
ECHO_T=''
EXEEXT=''
LDFLAGS='-Wl,-z,relro -Wl,-z,now -Wl,--no-undefined -Wl,--as-needed -rdynamic -shared-libgcc -pthread -fexceptions -L/usr/local/lib -L/usr/lib -lobjc -lm'
LIBOBJS=''
LIBS=''
LTLIBOBJS=''
MORE_LIBS=''
OBJC='gcc'
OBJCFLAGS='-g -O2 -ffile-prefix-map=/<<PKGBUILDDIR>>=. -fstack-protector-strong -Wformat -Werror=format-security'
OBJC_RUNTIME_H=''
OBJEXT='o'
PACKAGE_BUGREPORT=''
PACKAGE_NAME=''
PACKAGE_STRING=''
PACKAGE_TARNAME=''
PACKAGE_URL=''
PACKAGE_VERSION=''
PATH_SEPARATOR=':'
PKG_CONFIG='/usr/bin/pkg-config'
PKG_CONFIG_LIBDIR=''
PKG_CONFIG_PATH=''
SHELL='/bin/bash'
WARN_FLAGS='-Wall -Wdeclaration-after-statement -Wno-deprecated-declarations'
ac_ct_CC=''
ac_ct_OBJC=''
bindir='${exec_prefix}/bin'
build='x86_64-pc-linux-gnu'
build_alias='x86_64-linux-gnu'
build_cpu='x86_64'
build_os='linux-gnu'
build_vendor='pc'
datadir='${datarootdir}'
datarootdir='${prefix}/share'
docdir='${datarootdir}/doc/${PACKAGE}'
dvidir='${docdir}'
exec_prefix='NONE'
host='x86_64-pc-linux-gnu'
host_alias=''
host_cpu='x86_64'
host_os='linux-gnu'
host_vendor='pc'
htmldir='${docdir}'
includedir='${prefix}/include'
infodir='${prefix}/share/info'
libdir='${prefix}/lib/x86_64-linux-gnu'
libexecdir='${prefix}/lib/x86_64-linux-gnu'
localedir='${datarootdir}/locale'
localstatedir='/var'
mandir='${prefix}/share/man'
oldincludedir='/usr/include'
pdfdir='${docdir}'
prefix='/usr'
program_transform_name='s,x,x,'
psdir='${docdir}'
runstatedir='${localstatedir}/run'
sbindir='${exec_prefix}/sbin'
sharedstatedir='${prefix}/com'
sysconfdir='/etc'
target='x86_64-pc-linux-gnu'
target_alias=''
target_cpu='x86_64'
target_os='linux-gnu'
target_vendor='pc'

## ----------- ##
## confdefs.h. ##
## ----------- ##

/* confdefs.h */
#define PACKAGE_NAME ""
#define PACKAGE_TARNAME ""
#define PACKAGE_VERSION ""
#define PACKAGE_STRING ""
#define PACKAGE_BUGREPORT ""
#define PACKAGE_URL ""
#define HAVE_STDIO_H 1
#define HAVE_STDLIB_H 1
#define HAVE_STRING_H 1
#define HAVE_INTTYPES_H 1
#define HAVE_STDINT_H 1
#define HAVE_STRINGS_H 1
#define HAVE_SYS_STAT_H 1
#define HAVE_SYS_TYPES_H 1
#define HAVE_UNISTD_H 1
#define STDC_HEADERS 1

configure: exit 1
dh_auto_configure: error: ./configure --build=x86_64-linux-gnu --prefix=/usr --includedir=\${prefix}/include --mandir=\${prefix}/share/man --infodir=\${prefix}/share/info --sysconfdir=/etc --localstatedir=/var --disable-option-checking --disable-silent-rules --libdir=\${prefix}/lib/x86_64-linux-gnu --libexecdir=\${prefix}/lib/x86_64-linux-gnu --disable-maintainer-mode --disable-dependency-tracking CC=gcc OBJC=gcc returned exit code 1
make[1]: *** [debian/rules:16: override_dh_auto_configure] Error 25
make[1]: Leaving directory '/<<PKGBUILDDIR>>'
make: *** [debian/rules:13: build] Error 2
dpkg-buildpackage: error: debian/rules build subprocess returned exit status 2
--------------------------------------------------------------------------------
Build finished at 2021-10-26T22:57:02Z

Finished
--------


+------------------------------------------------------------------------------+
| Cleanup                                                                      |
+------------------------------------------------------------------------------+

Purging /<<BUILDDIR>>
Not cleaning session: cloned chroot in use
E: Build failure (dpkg-buildpackage died)

+------------------------------------------------------------------------------+
| Summary                                                                      |
+------------------------------------------------------------------------------+

Build Architecture: amd64
Build Type: binary
Build-Space: 3212
Build-Time: 10
Distribution: unstable
Fail-Stage: build
Host Architecture: amd64
Install-Time: 32
Job: dbuskit_0.1.1-3
Machine Architecture: amd64
Package: dbuskit
Package-Time: 62
Source-Version: 0.1.1-3
Space: 3212
Status: attempted
Version: 0.1.1-3
--------------------------------------------------------------------------------
Finished at 2021-10-26T22:57:02Z
Build needed 00:01:02, 3212k disk space
E: Build failure (dpkg-buildpackage died)
DC-Status: Failed 63.95630658s
