DC-Build-Header: dcm2niix 1.0.20211006-1 / 2021-10-26 22:56:21 +0000
DC-Task: type:rebuild-binarch-only source:dcm2niix version:1.0.20211006-1 chroot:unstable esttime:80 logfile:/tmp/dcm2niix_1.0.20211006-1_unstable_clang12.log modes:clang12:binarch-only
DC-Sbuild-call: su user42 -c 'sbuild -n --arch-any --apt-update -d unstable -v --no-run-lintian --chroot-setup-commands=/tmp/clang12 dcm2niix_1.0.20211006-1'
sbuild (Debian sbuild) 0.78.1 (09 February 2019) on ip-172-31-12-73.eu-central-1.compute.internal

+==============================================================================+
| dcm2niix 1.0.20211006-1 (amd64)              Tue, 26 Oct 2021 22:56:21 +0000 |
+==============================================================================+

Package: dcm2niix
Version: 1.0.20211006-1
Source Version: 1.0.20211006-1
Distribution: unstable
Machine Architecture: amd64
Host Architecture: amd64
Build Architecture: amd64
Build Type: binary

I: NOTICE: Log filtering will replace 'var/run/schroot/mount/sid-amd64-sbuild-f398f0f8-de31-4964-a5c0-a8446c299aca' with '<<CHROOT>>'

+------------------------------------------------------------------------------+
| Chroot Setup Commands                                                        |
+------------------------------------------------------------------------------+


/tmp/clang12
------------

+ echo 'Entering customization script...'
Entering customization script...
+ CLANG_VERSION=12
+ echo 'Install of clang-12'
Install of clang-12
+ apt-get update
Get:1 http://127.0.0.1:12990/debian sid InRelease [165 kB]
Get:2 http://127.0.0.1:12990/debian sid/main Sources.diff/Index [63.6 kB]
Get:3 http://127.0.0.1:12990/debian sid/main amd64 Packages.diff/Index [63.6 kB]
Get:4 http://127.0.0.1:12990/debian sid/main Sources T-2021-10-26-2004.40-F-2021-10-26-0202.15.pdiff [47.3 kB]
Get:4 http://127.0.0.1:12990/debian sid/main Sources T-2021-10-26-2004.40-F-2021-10-26-0202.15.pdiff [47.3 kB]
Get:5 http://127.0.0.1:12990/debian sid/main amd64 Packages T-2021-10-26-2004.40-F-2021-10-26-0202.15.pdiff [55.9 kB]
Get:5 http://127.0.0.1:12990/debian sid/main amd64 Packages T-2021-10-26-2004.40-F-2021-10-26-0202.15.pdiff [55.9 kB]
Get:6 http://127.0.0.1:12990/debian sid/main Translation-en [6586 kB]
Fetched 6981 kB in 2s (2817 kB/s)
Reading package lists...
+ apt-get install --yes --no-install-recommends --force-yes clang-12 libomp-12-dev libobjc-9-dev
Reading package lists...
Building dependency tree...
The following additional packages will be installed:
  lib32gcc-s1 lib32stdc++6 libasan5 libbsd0 libc6-i386 libclang-common-12-dev
  libclang-cpp12 libclang1-12 libedit2 libelf1 libgc1 libgcc-9-dev libicu67
  libllvm12 libmd0 libobjc-11-dev libobjc4 libomp5-12 libunwind-12 libxml2
  libz3-4 llvm-12-linker-tools
Suggested packages:
  clang-12-doc libomp-12-doc
Recommended packages:
  llvm-12-dev python3
The following NEW packages will be installed:
  clang-12 lib32gcc-s1 lib32stdc++6 libasan5 libbsd0 libc6-i386
  libclang-common-12-dev libclang-cpp12 libclang1-12 libedit2 libelf1 libgc1
  libgcc-9-dev libicu67 libllvm12 libmd0 libobjc-11-dev libobjc-9-dev libobjc4
  libomp-12-dev libomp5-12 libunwind-12 libxml2 libz3-4 llvm-12-linker-tools
0 upgraded, 25 newly installed, 0 to remove and 0 not upgraded.
Need to get 67.6 MB of archives.
After this operation, 349 MB of additional disk space will be used.
Get:1 http://127.0.0.1:12990/debian sid/main amd64 libmd0 amd64 1.0.4-1 [29.6 kB]
Get:2 http://127.0.0.1:12990/debian sid/main amd64 libbsd0 amd64 0.11.3-1 [108 kB]
Get:3 http://127.0.0.1:12990/debian sid/main amd64 libedit2 amd64 3.1-20210910-1 [97.5 kB]
Get:4 http://127.0.0.1:12990/debian sid/main amd64 libicu67 amd64 67.1-7 [8622 kB]
Get:5 http://127.0.0.1:12990/debian sid/main amd64 libxml2 amd64 2.9.12+dfsg-5 [696 kB]
Get:6 http://127.0.0.1:12990/debian sid/main amd64 libz3-4 amd64 4.8.12-1+b1 [6997 kB]
Get:7 http://127.0.0.1:12990/debian sid/main amd64 libllvm12 amd64 1:12.0.1-15 [19.4 MB]
Get:8 http://127.0.0.1:12990/debian sid/main amd64 libclang-cpp12 amd64 1:12.0.1-15 [9996 kB]
Get:9 http://127.0.0.1:12990/debian sid/main amd64 libgc1 amd64 1:8.0.4-3 [239 kB]
Get:10 http://127.0.0.1:12990/debian sid/main amd64 libobjc4 amd64 11.2.0-10 [43.2 kB]
Get:11 http://127.0.0.1:12990/debian sid/main amd64 libobjc-11-dev amd64 11.2.0-10 [170 kB]
Get:12 http://127.0.0.1:12990/debian sid/main amd64 libc6-i386 amd64 2.32-4 [2624 kB]
Get:13 http://127.0.0.1:12990/debian sid/main amd64 lib32gcc-s1 amd64 11.2.0-10 [49.9 kB]
Get:14 http://127.0.0.1:12990/debian sid/main amd64 lib32stdc++6 amd64 11.2.0-10 [601 kB]
Get:15 http://127.0.0.1:12990/debian sid/main amd64 libclang-common-12-dev amd64 1:12.0.1-15 [4819 kB]
Get:16 http://127.0.0.1:12990/debian sid/main amd64 llvm-12-linker-tools amd64 1:12.0.1-15 [1222 kB]
Get:17 http://127.0.0.1:12990/debian sid/main amd64 libclang1-12 amd64 1:12.0.1-15 [5644 kB]
Get:18 http://127.0.0.1:12990/debian sid/main amd64 clang-12 amd64 1:12.0.1-15 [117 kB]
Get:19 http://127.0.0.1:12990/debian sid/main amd64 libasan5 amd64 9.4.0-3 [2734 kB]
Get:20 http://127.0.0.1:12990/debian sid/main amd64 libelf1 amd64 0.185-2 [172 kB]
Get:21 http://127.0.0.1:12990/debian sid/main amd64 libgcc-9-dev amd64 9.4.0-3 [2343 kB]
Get:22 http://127.0.0.1:12990/debian sid/main amd64 libobjc-9-dev amd64 9.4.0-3 [219 kB]
Get:23 http://127.0.0.1:12990/debian sid/main amd64 libunwind-12 amd64 1:12.0.1-15 [63.9 kB]
Get:24 http://127.0.0.1:12990/debian sid/main amd64 libomp5-12 amd64 1:12.0.1-15 [405 kB]
Get:25 http://127.0.0.1:12990/debian sid/main amd64 libomp-12-dev amd64 1:12.0.1-15 [104 kB]
debconf: delaying package configuration, since apt-utils is not installed
Fetched 67.6 MB in 0s (155 MB/s)
Selecting previously unselected package libmd0:amd64.
(Reading database ... (Reading database ... 5%(Reading database ... 10%(Reading database ... 15%(Reading database ... 20%(Reading database ... 25%(Reading database ... 30%(Reading database ... 35%(Reading database ... 40%(Reading database ... 45%(Reading database ... 50%(Reading database ... 55%(Reading database ... 60%(Reading database ... 65%(Reading database ... 70%(Reading database ... 75%(Reading database ... 80%(Reading database ... 85%(Reading database ... 90%(Reading database ... 95%(Reading database ... 100%(Reading database ... 12431 files and directories currently installed.)
Preparing to unpack .../00-libmd0_1.0.4-1_amd64.deb ...
Unpacking libmd0:amd64 (1.0.4-1) ...
Selecting previously unselected package libbsd0:amd64.
Preparing to unpack .../01-libbsd0_0.11.3-1_amd64.deb ...
Unpacking libbsd0:amd64 (0.11.3-1) ...
Selecting previously unselected package libedit2:amd64.
Preparing to unpack .../02-libedit2_3.1-20210910-1_amd64.deb ...
Unpacking libedit2:amd64 (3.1-20210910-1) ...
Selecting previously unselected package libicu67:amd64.
Preparing to unpack .../03-libicu67_67.1-7_amd64.deb ...
Unpacking libicu67:amd64 (67.1-7) ...
Selecting previously unselected package libxml2:amd64.
Preparing to unpack .../04-libxml2_2.9.12+dfsg-5_amd64.deb ...
Unpacking libxml2:amd64 (2.9.12+dfsg-5) ...
Selecting previously unselected package libz3-4:amd64.
Preparing to unpack .../05-libz3-4_4.8.12-1+b1_amd64.deb ...
Unpacking libz3-4:amd64 (4.8.12-1+b1) ...
Selecting previously unselected package libllvm12:amd64.
Preparing to unpack .../06-libllvm12_1%3a12.0.1-15_amd64.deb ...
Unpacking libllvm12:amd64 (1:12.0.1-15) ...
Selecting previously unselected package libclang-cpp12.
Preparing to unpack .../07-libclang-cpp12_1%3a12.0.1-15_amd64.deb ...
Unpacking libclang-cpp12 (1:12.0.1-15) ...
Selecting previously unselected package libgc1:amd64.
Preparing to unpack .../08-libgc1_1%3a8.0.4-3_amd64.deb ...
Unpacking libgc1:amd64 (1:8.0.4-3) ...
Selecting previously unselected package libobjc4:amd64.
Preparing to unpack .../09-libobjc4_11.2.0-10_amd64.deb ...
Unpacking libobjc4:amd64 (11.2.0-10) ...
Selecting previously unselected package libobjc-11-dev:amd64.
Preparing to unpack .../10-libobjc-11-dev_11.2.0-10_amd64.deb ...
Unpacking libobjc-11-dev:amd64 (11.2.0-10) ...
Selecting previously unselected package libc6-i386.
Preparing to unpack .../11-libc6-i386_2.32-4_amd64.deb ...
Unpacking libc6-i386 (2.32-4) ...
Selecting previously unselected package lib32gcc-s1.
Preparing to unpack .../12-lib32gcc-s1_11.2.0-10_amd64.deb ...
Unpacking lib32gcc-s1 (11.2.0-10) ...
Selecting previously unselected package lib32stdc++6.
Preparing to unpack .../13-lib32stdc++6_11.2.0-10_amd64.deb ...
Unpacking lib32stdc++6 (11.2.0-10) ...
Selecting previously unselected package libclang-common-12-dev.
Preparing to unpack .../14-libclang-common-12-dev_1%3a12.0.1-15_amd64.deb ...
Unpacking libclang-common-12-dev (1:12.0.1-15) ...
Selecting previously unselected package llvm-12-linker-tools.
Preparing to unpack .../15-llvm-12-linker-tools_1%3a12.0.1-15_amd64.deb ...
Unpacking llvm-12-linker-tools (1:12.0.1-15) ...
Selecting previously unselected package libclang1-12.
Preparing to unpack .../16-libclang1-12_1%3a12.0.1-15_amd64.deb ...
Unpacking libclang1-12 (1:12.0.1-15) ...
Selecting previously unselected package clang-12.
Preparing to unpack .../17-clang-12_1%3a12.0.1-15_amd64.deb ...
Unpacking clang-12 (1:12.0.1-15) ...
Selecting previously unselected package libasan5:amd64.
Preparing to unpack .../18-libasan5_9.4.0-3_amd64.deb ...
Unpacking libasan5:amd64 (9.4.0-3) ...
Selecting previously unselected package libelf1:amd64.
Preparing to unpack .../19-libelf1_0.185-2_amd64.deb ...
Unpacking libelf1:amd64 (0.185-2) ...
Selecting previously unselected package libgcc-9-dev:amd64.
Preparing to unpack .../20-libgcc-9-dev_9.4.0-3_amd64.deb ...
Unpacking libgcc-9-dev:amd64 (9.4.0-3) ...
Selecting previously unselected package libobjc-9-dev:amd64.
Preparing to unpack .../21-libobjc-9-dev_9.4.0-3_amd64.deb ...
Unpacking libobjc-9-dev:amd64 (9.4.0-3) ...
Selecting previously unselected package libunwind-12:amd64.
Preparing to unpack .../22-libunwind-12_1%3a12.0.1-15_amd64.deb ...
Unpacking libunwind-12:amd64 (1:12.0.1-15) ...
Selecting previously unselected package libomp5-12:amd64.
Preparing to unpack .../23-libomp5-12_1%3a12.0.1-15_amd64.deb ...
Unpacking libomp5-12:amd64 (1:12.0.1-15) ...
Selecting previously unselected package libomp-12-dev.
Preparing to unpack .../24-libomp-12-dev_1%3a12.0.1-15_amd64.deb ...
Unpacking libomp-12-dev (1:12.0.1-15) ...
Setting up libicu67:amd64 (67.1-7) ...
Setting up libasan5:amd64 (9.4.0-3) ...
Setting up libz3-4:amd64 (4.8.12-1+b1) ...
Setting up libunwind-12:amd64 (1:12.0.1-15) ...
Setting up libgc1:amd64 (1:8.0.4-3) ...
Setting up libmd0:amd64 (1.0.4-1) ...
Setting up libc6-i386 (2.32-4) ...
Setting up libbsd0:amd64 (0.11.3-1) ...
Setting up libelf1:amd64 (0.185-2) ...
Setting up libxml2:amd64 (2.9.12+dfsg-5) ...
Setting up libedit2:amd64 (3.1-20210910-1) ...
Setting up libobjc4:amd64 (11.2.0-10) ...
Setting up libgcc-9-dev:amd64 (9.4.0-3) ...
Setting up lib32gcc-s1 (11.2.0-10) ...
Setting up lib32stdc++6 (11.2.0-10) ...
Setting up libllvm12:amd64 (1:12.0.1-15) ...
Setting up libobjc-9-dev:amd64 (9.4.0-3) ...
Setting up libclang-common-12-dev (1:12.0.1-15) ...
Setting up libomp5-12:amd64 (1:12.0.1-15) ...
Setting up libobjc-11-dev:amd64 (11.2.0-10) ...
Setting up llvm-12-linker-tools (1:12.0.1-15) ...
Setting up libclang1-12 (1:12.0.1-15) ...
Setting up libclang-cpp12 (1:12.0.1-15) ...
Setting up libomp-12-dev (1:12.0.1-15) ...
Setting up clang-12 (1:12.0.1-15) ...
Processing triggers for libc-bin (2.32-4) ...
W: --force-yes is deprecated, use one of the options starting with --allow instead.
+ echo 'Replace gcc, g++ & cpp by clang'
Replace gcc, g++ & cpp by clang
+ VERSIONS='4.6 4.7 4.8 4.9 5 6 7 8 9 10 11'
+ cd /usr/bin
+ for VERSION in $VERSIONS
+ rm -f g++-4.6 gcc-4.6 cpp-4.6 gcc
+ ln -s clang++-12 g++-4.6
+ ln -s clang-12 gcc-4.6
+ ln -s clang-12 cpp-4.6
+ ln -s clang-12 gcc
+ echo 'gcc-4.6 hold'
+ dpkg --set-selections
dpkg: warning: package not in status nor available database at line 1: gcc-4.6
dpkg: warning: found unknown packages; this might mean the available database
is outdated, and needs to be updated through a frontend method;
please see the FAQ <https://wiki.debian.org/Teams/Dpkg/FAQ>
+ echo 'g++-4.6 hold'
+ dpkg --set-selections
dpkg: warning: package not in status nor available database at line 1: g++-4.6
dpkg: warning: found unknown packages; this might mean the available database
is outdated, and needs to be updated through a frontend method;
please see the FAQ <https://wiki.debian.org/Teams/Dpkg/FAQ>
+ for VERSION in $VERSIONS
+ rm -f g++-4.7 gcc-4.7 cpp-4.7 gcc
+ ln -s clang++-12 g++-4.7
+ ln -s clang-12 gcc-4.7
+ ln -s clang-12 cpp-4.7
+ ln -s clang-12 gcc
+ echo 'gcc-4.7 hold'
+ dpkg --set-selections
dpkg: warning: package not in status nor available database at line 1: gcc-4.7
dpkg: warning: found unknown packages; this might mean the available database
is outdated, and needs to be updated through a frontend method;
please see the FAQ <https://wiki.debian.org/Teams/Dpkg/FAQ>
+ echo 'g++-4.7 hold'
+ dpkg --set-selections
dpkg: warning: package not in status nor available database at line 1: g++-4.7
dpkg: warning: found unknown packages; this might mean the available database
is outdated, and needs to be updated through a frontend method;
please see the FAQ <https://wiki.debian.org/Teams/Dpkg/FAQ>
+ for VERSION in $VERSIONS
+ rm -f g++-4.8 gcc-4.8 cpp-4.8 gcc
+ ln -s clang++-12 g++-4.8
+ ln -s clang-12 gcc-4.8
+ ln -s clang-12 cpp-4.8
+ ln -s clang-12 gcc
+ echo 'gcc-4.8 hold'
+ dpkg --set-selections
dpkg: warning: package not in status nor available database at line 1: gcc-4.8
dpkg: warning: found unknown packages; this might mean the available database
is outdated, and needs to be updated through a frontend method;
please see the FAQ <https://wiki.debian.org/Teams/Dpkg/FAQ>
+ echo 'g++-4.8 hold'
+ dpkg --set-selections
dpkg: warning: package not in status nor available database at line 1: g++-4.8
dpkg: warning: found unknown packages; this might mean the available database
is outdated, and needs to be updated through a frontend method;
please see the FAQ <https://wiki.debian.org/Teams/Dpkg/FAQ>
+ for VERSION in $VERSIONS
+ rm -f g++-4.9 gcc-4.9 cpp-4.9 gcc
+ ln -s clang++-12 g++-4.9
+ ln -s clang-12 gcc-4.9
+ ln -s clang-12 cpp-4.9
+ ln -s clang-12 gcc
+ echo 'gcc-4.9 hold'
+ dpkg --set-selections
dpkg: warning: package not in status nor available database at line 1: gcc-4.9
dpkg: warning: found unknown packages; this might mean the available database
is outdated, and needs to be updated through a frontend method;
please see the FAQ <https://wiki.debian.org/Teams/Dpkg/FAQ>
+ echo 'g++-4.9 hold'
+ dpkg --set-selections
dpkg: warning: package not in status nor available database at line 1: g++-4.9
dpkg: warning: found unknown packages; this might mean the available database
is outdated, and needs to be updated through a frontend method;
please see the FAQ <https://wiki.debian.org/Teams/Dpkg/FAQ>
+ for VERSION in $VERSIONS
+ rm -f g++-5 gcc-5 cpp-5 gcc
+ ln -s clang++-12 g++-5
+ ln -s clang-12 gcc-5
+ ln -s clang-12 cpp-5
+ ln -s clang-12 gcc
+ echo 'gcc-5 hold'
+ dpkg --set-selections
dpkg: warning: package not in status nor available database at line 1: gcc-5
dpkg: warning: found unknown packages; this might mean the available database
is outdated, and needs to be updated through a frontend method;
please see the FAQ <https://wiki.debian.org/Teams/Dpkg/FAQ>
+ echo 'g++-5 hold'
+ dpkg --set-selections
dpkg: warning: package not in status nor available database at line 1: g++-5
dpkg: warning: found unknown packages; this might mean the available database
is outdated, and needs to be updated through a frontend method;
please see the FAQ <https://wiki.debian.org/Teams/Dpkg/FAQ>
+ for VERSION in $VERSIONS
+ rm -f g++-6 gcc-6 cpp-6 gcc
+ ln -s clang++-12 g++-6
+ ln -s clang-12 gcc-6
+ ln -s clang-12 cpp-6
+ ln -s clang-12 gcc
+ echo 'gcc-6 hold'
+ dpkg --set-selections
dpkg: warning: package not in status nor available database at line 1: gcc-6
dpkg: warning: found unknown packages; this might mean the available database
is outdated, and needs to be updated through a frontend method;
please see the FAQ <https://wiki.debian.org/Teams/Dpkg/FAQ>
+ echo 'g++-6 hold'
+ dpkg --set-selections
dpkg: warning: package not in status nor available database at line 1: g++-6
dpkg: warning: found unknown packages; this might mean the available database
is outdated, and needs to be updated through a frontend method;
please see the FAQ <https://wiki.debian.org/Teams/Dpkg/FAQ>
+ for VERSION in $VERSIONS
+ rm -f g++-7 gcc-7 cpp-7 gcc
+ ln -s clang++-12 g++-7
+ ln -s clang-12 gcc-7
+ ln -s clang-12 cpp-7
+ ln -s clang-12 gcc
+ echo 'gcc-7 hold'
+ dpkg --set-selections
dpkg: warning: package not in status nor available database at line 1: gcc-7
dpkg: warning: found unknown packages; this might mean the available database
is outdated, and needs to be updated through a frontend method;
please see the FAQ <https://wiki.debian.org/Teams/Dpkg/FAQ>
+ echo 'g++-7 hold'
+ dpkg --set-selections
dpkg: warning: package not in status nor available database at line 1: g++-7
dpkg: warning: found unknown packages; this might mean the available database
is outdated, and needs to be updated through a frontend method;
please see the FAQ <https://wiki.debian.org/Teams/Dpkg/FAQ>
+ for VERSION in $VERSIONS
+ rm -f g++-8 gcc-8 cpp-8 gcc
+ ln -s clang++-12 g++-8
+ ln -s clang-12 gcc-8
+ ln -s clang-12 cpp-8
+ ln -s clang-12 gcc
+ echo 'gcc-8 hold'
+ dpkg --set-selections
dpkg: warning: package not in status nor available database at line 1: gcc-8
dpkg: warning: found unknown packages; this might mean the available database
is outdated, and needs to be updated through a frontend method;
please see the FAQ <https://wiki.debian.org/Teams/Dpkg/FAQ>
+ echo 'g++-8 hold'
+ dpkg --set-selections
dpkg: warning: package not in status nor available database at line 1: g++-8
dpkg: warning: found unknown packages; this might mean the available database
is outdated, and needs to be updated through a frontend method;
please see the FAQ <https://wiki.debian.org/Teams/Dpkg/FAQ>
+ for VERSION in $VERSIONS
+ rm -f g++-9 gcc-9 cpp-9 gcc
+ ln -s clang++-12 g++-9
+ ln -s clang-12 gcc-9
+ ln -s clang-12 cpp-9
+ ln -s clang-12 gcc
+ echo 'gcc-9 hold'
+ dpkg --set-selections
dpkg: warning: package not in status nor available database at line 1: gcc-9
dpkg: warning: found unknown packages; this might mean the available database
is outdated, and needs to be updated through a frontend method;
please see the FAQ <https://wiki.debian.org/Teams/Dpkg/FAQ>
+ echo 'g++-9 hold'
+ dpkg --set-selections
dpkg: warning: package not in status nor available database at line 1: g++-9
dpkg: warning: found unknown packages; this might mean the available database
is outdated, and needs to be updated through a frontend method;
please see the FAQ <https://wiki.debian.org/Teams/Dpkg/FAQ>
+ for VERSION in $VERSIONS
+ rm -f g++-10 gcc-10 cpp-10 gcc
+ ln -s clang++-12 g++-10
+ ln -s clang-12 gcc-10
+ ln -s clang-12 cpp-10
+ ln -s clang-12 gcc
+ echo 'gcc-10 hold'
+ dpkg --set-selections
dpkg: warning: package not in status nor available database at line 1: gcc-10
dpkg: warning: found unknown packages; this might mean the available database
is outdated, and needs to be updated through a frontend method;
please see the FAQ <https://wiki.debian.org/Teams/Dpkg/FAQ>
+ echo 'g++-10 hold'
+ dpkg --set-selections
dpkg: warning: package not in status nor available database at line 1: g++-10
dpkg: warning: found unknown packages; this might mean the available database
is outdated, and needs to be updated through a frontend method;
please see the FAQ <https://wiki.debian.org/Teams/Dpkg/FAQ>
+ for VERSION in $VERSIONS
+ rm -f g++-11 gcc-11 cpp-11 gcc
+ ln -s clang++-12 g++-11
+ ln -s clang-12 gcc-11
+ ln -s clang-12 cpp-11
+ ln -s clang-12 gcc
+ echo 'gcc-11 hold'
+ dpkg --set-selections
+ echo 'g++-11 hold'
+ dpkg --set-selections
+ cd -
/build/dcm2niix-hwDafH
+ echo 'Check if gcc, g++ & cpp are actually clang'
Check if gcc, g++ & cpp are actually clang
+ gcc --version
+ grep clang
+ cpp --version
+ grep clang
+ g++ --version
+ grep clang
+ cd /usr/bin/
+ rm -f clang++ clang
+ ln -s clang-12 clang++
+ ln -s clang-12 clang
+ clang++ --version
Debian clang version 12.0.1-15
Target: x86_64-pc-linux-gnu
Thread model: posix
InstalledDir: /usr/bin
+ clang --version
Debian clang version 12.0.1-15
Target: x86_64-pc-linux-gnu
Thread model: posix
InstalledDir: /usr/bin
+ cd -
/build/dcm2niix-hwDafH
+ apt install --yes --no-install-recommends --force-yes qt5-qmake

WARNING: apt does not have a stable CLI interface. Use with caution in scripts.

Reading package lists...
Building dependency tree...
Reading state information...
The following additional packages will be installed:
  qt5-qmake-bin qtchooser
The following NEW packages will be installed:
  qt5-qmake qt5-qmake-bin qtchooser
0 upgraded, 3 newly installed, 0 to remove and 0 not upgraded.
Need to get 1322 kB of archives.
After this operation, 4914 kB of additional disk space will be used.
Get:1 http://127.0.0.1:12990/debian sid/main amd64 qt5-qmake-bin amd64 5.15.2+dfsg-12 [1046 kB]
Get:2 http://127.0.0.1:12990/debian sid/main amd64 qtchooser amd64 66-2 [26.3 kB]
Get:3 http://127.0.0.1:12990/debian sid/main amd64 qt5-qmake amd64 5.15.2+dfsg-12 [249 kB]
debconf: delaying package configuration, since apt-utils is not installed
Fetched 1322 kB in 0s (57.7 MB/s)
Selecting previously unselected package qt5-qmake-bin.
(Reading database ... (Reading database ... 5%(Reading database ... 10%(Reading database ... 15%(Reading database ... 20%(Reading database ... 25%(Reading database ... 30%(Reading database ... 35%(Reading database ... 40%(Reading database ... 45%(Reading database ... 50%(Reading database ... 55%(Reading database ... 60%(Reading database ... 65%(Reading database ... 70%(Reading database ... 75%(Reading database ... 80%(Reading database ... 85%(Reading database ... 90%(Reading database ... 95%(Reading database ... 100%(Reading database ... 13527 files and directories currently installed.)
Preparing to unpack .../qt5-qmake-bin_5.15.2+dfsg-12_amd64.deb ...
Unpacking qt5-qmake-bin (5.15.2+dfsg-12) ...
Selecting previously unselected package qtchooser.
Preparing to unpack .../qtchooser_66-2_amd64.deb ...
Unpacking qtchooser (66-2) ...
Selecting previously unselected package qt5-qmake:amd64.
Preparing to unpack .../qt5-qmake_5.15.2+dfsg-12_amd64.deb ...
Unpacking qt5-qmake:amd64 (5.15.2+dfsg-12) ...
Setting up qt5-qmake-bin (5.15.2+dfsg-12) ...
Setting up qtchooser (66-2) ...
Setting up qt5-qmake:amd64 (5.15.2+dfsg-12) ...
W: --force-yes is deprecated, use one of the options starting with --allow instead.
+ cp /usr/lib/x86_64-linux-gnu/qt5/mkspecs/linux-clang/qmake.conf /usr/lib/x86_64-linux-gnu/qt5/mkspecs/linux-clang/qplatformdefs.h /usr/lib/x86_64-linux-gnu/qt5/mkspecs/linux-g++/
+ ls -al /usr/lib/x86_64-linux-gnu/qt5/mkspecs/linux-g++/
total 16
drwxr-xr-x  2 root root 4096 Oct 26 22:56 .
drwxr-xr-x 76 root root 4096 Oct 26 22:56 ..
-rw-r--r--  1 root root  276 Oct 26 22:56 qmake.conf
-rw-r--r--  1 root root 3218 Oct 26 22:56 qplatformdefs.h
+ cat /usr/lib/x86_64-linux-gnu/qt5/mkspecs/linux-g++/qmake.conf
#
# qmake configuration for linux-clang
#

MAKEFILE_GENERATOR = UNIX
CONFIG += incremental

QMAKE_INCREMENTAL_STYLE = sublib

include(../common/linux.conf)
include(../common/gcc-base-unix.conf)
include(../common/clang.conf)

QMAKE_LFLAGS += -ccc-gcc-name g++

load(qt_config)
+ export QMAKESPEC=/usr/lib/x86_64-linux-gnu/qt5/mkspecs/linux-clang/
+ QMAKESPEC=/usr/lib/x86_64-linux-gnu/qt5/mkspecs/linux-clang/
+ sed -i -e 's|compare_problem(2,|compare_problem(0,|g' /usr/bin/dpkg-gensymbols
+ sed -i -e 's|compare_problem(1,|compare_problem(0,|g' /usr/bin/dpkg-gensymbols
+ grep 'compare_problem(' /usr/bin/dpkg-gensymbols
        compare_problem(4, g_('new libraries appeared in the symbols file: %s'), "@libs");
        compare_problem(3, g_('some libraries disappeared in the symbols file: %s'), "@libs");
        compare_problem(0, g_('some new symbols appeared in the symbols file: %s'),
        compare_problem(0, g_('some symbols or patterns disappeared in the symbols file: %s'),

I: Finished running '/tmp/clang12'.

Finished processing commands.
--------------------------------------------------------------------------------
I: NOTICE: Log filtering will replace 'build/dcm2niix-hwDafH/resolver-lUAlUz' with '<<RESOLVERDIR>>'

+------------------------------------------------------------------------------+
| Update chroot                                                                |
+------------------------------------------------------------------------------+

Hit:1 http://127.0.0.1:12990/debian sid InRelease
Reading package lists...
Reading package lists...
Building dependency tree...
Reading state information...
Calculating upgrade...
0 upgraded, 0 newly installed, 0 to remove and 0 not upgraded.

+------------------------------------------------------------------------------+
| Fetch source files                                                           |
+------------------------------------------------------------------------------+


Check APT
---------

Checking available source versions...

Download source files with APT
------------------------------

Reading package lists...
NOTICE: 'dcm2niix' packaging is maintained in the 'Git' version control system at:
https://salsa.debian.org/med-team/dcm2niix.git
Please use:
git clone https://salsa.debian.org/med-team/dcm2niix.git
to retrieve the latest (possibly unreleased) updates to the package.
Need to get 405 kB of source archives.
Get:1 http://127.0.0.1:12990/debian sid/main dcm2niix 1.0.20211006-1 (dsc) [2102 B]
Get:2 http://127.0.0.1:12990/debian sid/main dcm2niix 1.0.20211006-1 (tar) [398 kB]
Get:3 http://127.0.0.1:12990/debian sid/main dcm2niix 1.0.20211006-1 (diff) [4448 B]
Fetched 405 kB in 0s (5006 kB/s)
Download complete and in download only mode
I: NOTICE: Log filtering will replace 'build/dcm2niix-hwDafH/dcm2niix-1.0.20211006' with '<<PKGBUILDDIR>>'
I: NOTICE: Log filtering will replace 'build/dcm2niix-hwDafH' with '<<BUILDDIR>>'

+------------------------------------------------------------------------------+
| Install package build dependencies                                           |
+------------------------------------------------------------------------------+


Setup apt archive
-----------------

Merged Build-Depends: cmake, debhelper-compat (= 13), libopenjp2-7-dev, libturbojpeg0-dev, libyaml-cpp-dev, pkg-config, python3-sphinx, zlib1g-dev, build-essential, fakeroot
Filtered Build-Depends: cmake, debhelper-compat (= 13), libopenjp2-7-dev, libturbojpeg0-dev, libyaml-cpp-dev, pkg-config, python3-sphinx, zlib1g-dev, build-essential, fakeroot
dpkg-deb: building package 'sbuild-build-depends-main-dummy' in '/<<RESOLVERDIR>>/apt_archive/sbuild-build-depends-main-dummy.deb'.
Ign:1 copy:/<<RESOLVERDIR>>/apt_archive ./ InRelease
Get:2 copy:/<<RESOLVERDIR>>/apt_archive ./ Release [957 B]
Ign:3 copy:/<<RESOLVERDIR>>/apt_archive ./ Release.gpg
Get:4 copy:/<<RESOLVERDIR>>/apt_archive ./ Sources [430 B]
Get:5 copy:/<<RESOLVERDIR>>/apt_archive ./ Packages [511 B]
Fetched 1898 B in 0s (0 B/s)
Reading package lists...
Reading package lists...

Install main build dependencies (apt-based resolver)
----------------------------------------------------

Installing build dependencies
Reading package lists...
Building dependency tree...
Reading state information...
The following additional packages will be installed:
  autoconf automake autopoint autotools-dev bsdextrautils ca-certificates
  cmake cmake-data debhelper dh-autoreconf dh-elpa-helper
  dh-strip-nondeterminism docutils-common dwz emacsen-common file gettext
  gettext-base groff-base intltool-debian libarchive-zip-perl libarchive13
  libbrotli1 libcurl4 libdebhelper-perl libexpat1
  libfile-stripnondeterminism-perl libglib2.0-0 libjs-jquery libjs-sphinxdoc
  libjs-underscore libjsoncpp24 libldap-2.4-2 libmagic-mgc libmagic1 libmpdec3
  libncurses6 libncursesw6 libnghttp2-14 libopenjp2-7 libopenjp2-7-dev
  libpipeline1 libprocps8 libpsl5 libpython3-stdlib libpython3.9-minimal
  libpython3.9-stdlib libreadline8 librhash0 librtmp1 libsasl2-2
  libsasl2-modules-db libsigsegv2 libsqlite3-0 libssh2-1 libsub-override-perl
  libtool libturbojpeg0 libturbojpeg0-dev libuchardet0 libuv1 libyaml-cpp-dev
  libyaml-cpp0.6 m4 man-db media-types openssl pkg-config po-debconf procps
  python-babel-localedata python3 python3-alabaster python3-babel
  python3-certifi python3-chardet python3-distutils python3-docutils
  python3-idna python3-imagesize python3-jinja2 python3-lib2to3
  python3-markupsafe python3-minimal python3-packaging python3-pkg-resources
  python3-pygments python3-pyparsing python3-requests python3-roman
  python3-six python3-snowballstemmer python3-sphinx python3-tz
  python3-urllib3 python3.9 python3.9-minimal readline-common sensible-utils
  sgml-base sphinx-common xml-core zlib1g-dev
Suggested packages:
  autoconf-archive gnu-standards autoconf-doc cmake-doc ninja-build dh-make
  gettext-doc libasprintf-dev libgettextpo-dev groff lrzip libtool-doc
  gfortran | fortran95-compiler gcj-jdk m4-doc apparmor less www-browser
  libmail-box-perl python3-doc python3-tk python3-venv docutils-doc
  fonts-linuxlibertine | ttf-linux-libertine texlive-lang-french
  texlive-latex-base texlive-latex-recommended python-jinja2-doc
  python3-setuptools python-pygments-doc ttf-bitstream-vera
  python-pyparsing-doc python3-cryptography python3-openssl python3-socks
  python-requests-doc python3-stemmer dvipng fonts-freefont-otf
  imagemagick-6.q16 latexmk libjs-mathjax python3-sphinx-rtd-theme sphinx-doc
  tex-gyre texlive-fonts-recommended texlive-latex-extra texlive-plain-generic
  python3.9-venv python3.9-doc binfmt-support readline-doc sgml-base-doc
Recommended packages:
  curl | wget | lynx libarchive-cpio-perl libglib2.0-data shared-mime-info
  xdg-user-dirs javascript-common libldap-common libgpm2 publicsuffix
  libsasl2-modules libltdl-dev libmail-sendmail-perl psmisc libpaper-utils
  python3-pil
The following NEW packages will be installed:
  autoconf automake autopoint autotools-dev bsdextrautils ca-certificates
  cmake cmake-data debhelper dh-autoreconf dh-elpa-helper
  dh-strip-nondeterminism docutils-common dwz emacsen-common file gettext
  gettext-base groff-base intltool-debian libarchive-zip-perl libarchive13
  libbrotli1 libcurl4 libdebhelper-perl libexpat1
  libfile-stripnondeterminism-perl libglib2.0-0 libjs-jquery libjs-sphinxdoc
  libjs-underscore libjsoncpp24 libldap-2.4-2 libmagic-mgc libmagic1 libmpdec3
  libncurses6 libncursesw6 libnghttp2-14 libopenjp2-7 libopenjp2-7-dev
  libpipeline1 libprocps8 libpsl5 libpython3-stdlib libpython3.9-minimal
  libpython3.9-stdlib libreadline8 librhash0 librtmp1 libsasl2-2
  libsasl2-modules-db libsigsegv2 libsqlite3-0 libssh2-1 libsub-override-perl
  libtool libturbojpeg0 libturbojpeg0-dev libuchardet0 libuv1 libyaml-cpp-dev
  libyaml-cpp0.6 m4 man-db media-types openssl pkg-config po-debconf procps
  python-babel-localedata python3 python3-alabaster python3-babel
  python3-certifi python3-chardet python3-distutils python3-docutils
  python3-idna python3-imagesize python3-jinja2 python3-lib2to3
  python3-markupsafe python3-minimal python3-packaging python3-pkg-resources
  python3-pygments python3-pyparsing python3-requests python3-roman
  python3-six python3-snowballstemmer python3-sphinx python3-tz
  python3-urllib3 python3.9 python3.9-minimal readline-common
  sbuild-build-depends-main-dummy sensible-utils sgml-base sphinx-common
  xml-core zlib1g-dev
0 upgraded, 104 newly installed, 0 to remove and 0 not upgraded.
Need to get 40.8 MB of archives.
After this operation, 157 MB of additional disk space will be used.
Get:1 copy:/<<RESOLVERDIR>>/apt_archive ./ sbuild-build-depends-main-dummy 0.invalid.0 [940 B]
Get:2 http://127.0.0.1:12990/debian sid/main amd64 bsdextrautils amd64 2.37.2-4 [143 kB]
Get:3 http://127.0.0.1:12990/debian sid/main amd64 libuchardet0 amd64 0.0.7-1 [67.8 kB]
Get:4 http://127.0.0.1:12990/debian sid/main amd64 groff-base amd64 1.22.4-7 [935 kB]
Get:5 http://127.0.0.1:12990/debian sid/main amd64 libpipeline1 amd64 1.5.3-1 [34.3 kB]
Get:6 http://127.0.0.1:12990/debian sid/main amd64 man-db amd64 2.9.4-2 [1354 kB]
Get:7 http://127.0.0.1:12990/debian sid/main amd64 libpython3.9-minimal amd64 3.9.7-4 [804 kB]
Get:8 http://127.0.0.1:12990/debian sid/main amd64 libexpat1 amd64 2.4.1-3 [104 kB]
Get:9 http://127.0.0.1:12990/debian sid/main amd64 python3.9-minimal amd64 3.9.7-4 [1963 kB]
Get:10 http://127.0.0.1:12990/debian sid/main amd64 python3-minimal amd64 3.9.2-3 [38.2 kB]
Get:11 http://127.0.0.1:12990/debian sid/main amd64 media-types all 4.0.0 [30.3 kB]
Get:12 http://127.0.0.1:12990/debian sid/main amd64 libmpdec3 amd64 2.5.1-2 [87.8 kB]
Get:13 http://127.0.0.1:12990/debian sid/main amd64 libncursesw6 amd64 6.2+20210905-1 [133 kB]
Get:14 http://127.0.0.1:12990/debian sid/main amd64 readline-common all 8.1-2 [73.8 kB]
Get:15 http://127.0.0.1:12990/debian sid/main amd64 libreadline8 amd64 8.1-2 [168 kB]
Get:16 http://127.0.0.1:12990/debian sid/main amd64 libsqlite3-0 amd64 3.36.0-2 [815 kB]
Get:17 http://127.0.0.1:12990/debian sid/main amd64 libpython3.9-stdlib amd64 3.9.7-4 [1688 kB]
Get:18 http://127.0.0.1:12990/debian sid/main amd64 python3.9 amd64 3.9.7-4 [480 kB]
Get:19 http://127.0.0.1:12990/debian sid/main amd64 libpython3-stdlib amd64 3.9.2-3 [21.4 kB]
Get:20 http://127.0.0.1:12990/debian sid/main amd64 python3 amd64 3.9.2-3 [37.9 kB]
Get:21 http://127.0.0.1:12990/debian sid/main amd64 sgml-base all 1.30 [15.1 kB]
Get:22 http://127.0.0.1:12990/debian sid/main amd64 libncurses6 amd64 6.2+20210905-1 [102 kB]
Get:23 http://127.0.0.1:12990/debian sid/main amd64 libprocps8 amd64 2:3.3.17-5 [63.9 kB]
Get:24 http://127.0.0.1:12990/debian sid/main amd64 procps amd64 2:3.3.17-5 [502 kB]
Get:25 http://127.0.0.1:12990/debian sid/main amd64 sensible-utils all 0.0.17 [21.5 kB]
Get:26 http://127.0.0.1:12990/debian sid/main amd64 openssl amd64 1.1.1l-1 [851 kB]
Get:27 http://127.0.0.1:12990/debian sid/main amd64 ca-certificates all 20211016 [156 kB]
Get:28 http://127.0.0.1:12990/debian sid/main amd64 libmagic-mgc amd64 1:5.39-3 [273 kB]
Get:29 http://127.0.0.1:12990/debian sid/main amd64 libmagic1 amd64 1:5.39-3 [126 kB]
Get:30 http://127.0.0.1:12990/debian sid/main amd64 file amd64 1:5.39-3 [69.1 kB]
Get:31 http://127.0.0.1:12990/debian sid/main amd64 gettext-base amd64 0.21-4 [175 kB]
Get:32 http://127.0.0.1:12990/debian sid/main amd64 libsigsegv2 amd64 2.13-1 [34.8 kB]
Get:33 http://127.0.0.1:12990/debian sid/main amd64 m4 amd64 1.4.18-5 [204 kB]
Get:34 http://127.0.0.1:12990/debian sid/main amd64 autoconf all 2.71-2 [343 kB]
Get:35 http://127.0.0.1:12990/debian sid/main amd64 autotools-dev all 20180224.1+nmu1 [77.1 kB]
Get:36 http://127.0.0.1:12990/debian sid/main amd64 automake all 1:1.16.5-1 [823 kB]
Get:37 http://127.0.0.1:12990/debian sid/main amd64 autopoint all 0.21-4 [510 kB]
Get:38 http://127.0.0.1:12990/debian sid/main amd64 libarchive13 amd64 3.4.3-2+b1 [343 kB]
Get:39 http://127.0.0.1:12990/debian sid/main amd64 libbrotli1 amd64 1.0.9-2+b2 [279 kB]
Get:40 http://127.0.0.1:12990/debian sid/main amd64 libsasl2-modules-db amd64 2.1.27+dfsg-2.1 [69.1 kB]
Get:41 http://127.0.0.1:12990/debian sid/main amd64 libsasl2-2 amd64 2.1.27+dfsg-2.1 [106 kB]
Get:42 http://127.0.0.1:12990/debian sid/main amd64 libldap-2.4-2 amd64 2.4.59+dfsg-1 [232 kB]
Get:43 http://127.0.0.1:12990/debian sid/main amd64 libnghttp2-14 amd64 1.43.0-1 [77.1 kB]
Get:44 http://127.0.0.1:12990/debian sid/main amd64 libpsl5 amd64 0.21.0-1.2 [57.3 kB]
Get:45 http://127.0.0.1:12990/debian sid/main amd64 librtmp1 amd64 2.4+20151223.gitfa8646d.1-2+b2 [60.8 kB]
Get:46 http://127.0.0.1:12990/debian sid/main amd64 libssh2-1 amd64 1.10.0-2 [178 kB]
Get:47 http://127.0.0.1:12990/debian sid/main amd64 libcurl4 amd64 7.74.0-1.3+b1 [341 kB]
Get:48 http://127.0.0.1:12990/debian sid/main amd64 libjsoncpp24 amd64 1.9.4-5 [78.8 kB]
Get:49 http://127.0.0.1:12990/debian sid/main amd64 librhash0 amd64 1.4.2-1 [129 kB]
Get:50 http://127.0.0.1:12990/debian sid/main amd64 libuv1 amd64 1.42.0-1 [135 kB]
Get:51 http://127.0.0.1:12990/debian sid/main amd64 dh-elpa-helper all 2.0.9 [11.2 kB]
Get:52 http://127.0.0.1:12990/debian sid/main amd64 emacsen-common all 3.0.4 [19.3 kB]
Get:53 http://127.0.0.1:12990/debian sid/main amd64 cmake-data all 3.21.3-5 [1878 kB]
Get:54 http://127.0.0.1:12990/debian sid/main amd64 cmake amd64 3.21.3-5 [7907 kB]
Get:55 http://127.0.0.1:12990/debian sid/main amd64 libdebhelper-perl all 13.5.2 [192 kB]
Get:56 http://127.0.0.1:12990/debian sid/main amd64 libtool all 2.4.6-15 [513 kB]
Get:57 http://127.0.0.1:12990/debian sid/main amd64 dh-autoreconf all 20 [17.1 kB]
Get:58 http://127.0.0.1:12990/debian sid/main amd64 libarchive-zip-perl all 1.68-1 [104 kB]
Get:59 http://127.0.0.1:12990/debian sid/main amd64 libsub-override-perl all 0.09-2 [10.2 kB]
Get:60 http://127.0.0.1:12990/debian sid/main amd64 libfile-stripnondeterminism-perl all 1.12.0-2 [26.3 kB]
Get:61 http://127.0.0.1:12990/debian sid/main amd64 dh-strip-nondeterminism all 1.12.0-2 [15.5 kB]
Get:62 http://127.0.0.1:12990/debian sid/main amd64 dwz amd64 0.14-1 [98.3 kB]
Get:63 http://127.0.0.1:12990/debian sid/main amd64 gettext amd64 0.21-4 [1311 kB]
Get:64 http://127.0.0.1:12990/debian sid/main amd64 intltool-debian all 0.35.0+20060710.5 [26.8 kB]
Get:65 http://127.0.0.1:12990/debian sid/main amd64 po-debconf all 1.0.21+nmu1 [248 kB]
Get:66 http://127.0.0.1:12990/debian sid/main amd64 debhelper all 13.5.2 [1056 kB]
Get:67 http://127.0.0.1:12990/debian sid/main amd64 xml-core all 0.18+nmu1 [23.8 kB]
Get:68 http://127.0.0.1:12990/debian sid/main amd64 docutils-common all 0.17.1+dfsg-2 [127 kB]
Get:69 http://127.0.0.1:12990/debian sid/main amd64 libglib2.0-0 amd64 2.70.0-3 [1401 kB]
Get:70 http://127.0.0.1:12990/debian sid/main amd64 libjs-jquery all 3.5.1+dfsg+~3.5.5-8 [315 kB]
Get:71 http://127.0.0.1:12990/debian sid/main amd64 libjs-underscore all 1.9.1~dfsg-4 [100 kB]
Get:72 http://127.0.0.1:12990/debian sid/main amd64 libjs-sphinxdoc all 4.2.0-5 [137 kB]
Get:73 http://127.0.0.1:12990/debian sid/main amd64 libopenjp2-7 amd64 2.4.0-3 [172 kB]
Get:74 http://127.0.0.1:12990/debian sid/main amd64 libopenjp2-7-dev amd64 2.4.0-3 [203 kB]
Get:75 http://127.0.0.1:12990/debian sid/main amd64 libturbojpeg0 amd64 1:2.0.6-4 [179 kB]
Get:76 http://127.0.0.1:12990/debian sid/main amd64 libturbojpeg0-dev amd64 1:2.0.6-4 [212 kB]
Get:77 http://127.0.0.1:12990/debian sid/main amd64 libyaml-cpp0.6 amd64 0.6.3-10 [105 kB]
Get:78 http://127.0.0.1:12990/debian sid/main amd64 libyaml-cpp-dev amd64 0.6.3-10 [153 kB]
Get:79 http://127.0.0.1:12990/debian sid/main amd64 pkg-config amd64 0.29.2-1 [65.1 kB]
Get:80 http://127.0.0.1:12990/debian sid/main amd64 python-babel-localedata all 2.8.0+dfsg.1-7 [4997 kB]
Get:81 http://127.0.0.1:12990/debian sid/main amd64 python3-alabaster all 0.7.12-1 [20.8 kB]
Get:82 http://127.0.0.1:12990/debian sid/main amd64 python3-pkg-resources all 58.2.0-1 [192 kB]
Get:83 http://127.0.0.1:12990/debian sid/main amd64 python3-tz all 2021.3-1 [34.9 kB]
Get:84 http://127.0.0.1:12990/debian sid/main amd64 python3-babel all 2.8.0+dfsg.1-7 [100 kB]
Get:85 http://127.0.0.1:12990/debian sid/main amd64 python3-certifi all 2020.6.20-1 [151 kB]
Get:86 http://127.0.0.1:12990/debian sid/main amd64 python3-chardet all 4.0.0-1 [99.0 kB]
Get:87 http://127.0.0.1:12990/debian sid/main amd64 python3-lib2to3 all 3.9.7-1 [79.4 kB]
Get:88 http://127.0.0.1:12990/debian sid/main amd64 python3-distutils all 3.9.7-1 [146 kB]
Get:89 http://127.0.0.1:12990/debian sid/main amd64 python3-roman all 3.3-1 [10.7 kB]
Get:90 http://127.0.0.1:12990/debian sid/main amd64 python3-docutils all 0.17.1+dfsg-2 [393 kB]
Get:91 http://127.0.0.1:12990/debian sid/main amd64 python3-idna all 2.10-1 [37.4 kB]
Get:92 http://127.0.0.1:12990/debian sid/main amd64 python3-imagesize all 1.2.0-2 [5824 B]
Get:93 http://127.0.0.1:12990/debian sid/main amd64 python3-markupsafe amd64 2.0.1-2 [13.6 kB]
Get:94 http://127.0.0.1:12990/debian sid/main amd64 python3-jinja2 all 3.0.1-2 [121 kB]
Get:95 http://127.0.0.1:12990/debian sid/main amd64 python3-pyparsing all 2.4.7-1 [109 kB]
Get:96 http://127.0.0.1:12990/debian sid/main amd64 python3-packaging all 21.0-1 [33.5 kB]
Get:97 http://127.0.0.1:12990/debian sid/main amd64 python3-pygments all 2.7.1+dfsg-2.1 [657 kB]
Get:98 http://127.0.0.1:12990/debian sid/main amd64 python3-six all 1.16.0-2 [17.5 kB]
Get:99 http://127.0.0.1:12990/debian sid/main amd64 python3-urllib3 all 1.26.5-1~exp1 [114 kB]
Get:100 http://127.0.0.1:12990/debian sid/main amd64 python3-requests all 2.25.1+dfsg-2 [69.3 kB]
Get:101 http://127.0.0.1:12990/debian sid/main amd64 python3-snowballstemmer all 2.1.0-2 [58.8 kB]
Get:102 http://127.0.0.1:12990/debian sid/main amd64 sphinx-common all 4.2.0-5 [623 kB]
Get:103 http://127.0.0.1:12990/debian sid/main amd64 python3-sphinx all 4.2.0-5 [529 kB]
Get:104 http://127.0.0.1:12990/debian sid/main amd64 zlib1g-dev amd64 1:1.2.11.dfsg-2 [190 kB]
debconf: delaying package configuration, since apt-utils is not installed
Fetched 40.8 MB in 0s (134 MB/s)
Selecting previously unselected package bsdextrautils.
(Reading database ... 14272 files and directories currently installed.)
Preparing to unpack .../0-bsdextrautils_2.37.2-4_amd64.deb ...
Unpacking bsdextrautils (2.37.2-4) ...
Selecting previously unselected package libuchardet0:amd64.
Preparing to unpack .../1-libuchardet0_0.0.7-1_amd64.deb ...
Unpacking libuchardet0:amd64 (0.0.7-1) ...
Selecting previously unselected package groff-base.
Preparing to unpack .../2-groff-base_1.22.4-7_amd64.deb ...
Unpacking groff-base (1.22.4-7) ...
Selecting previously unselected package libpipeline1:amd64.
Preparing to unpack .../3-libpipeline1_1.5.3-1_amd64.deb ...
Unpacking libpipeline1:amd64 (1.5.3-1) ...
Selecting previously unselected package man-db.
Preparing to unpack .../4-man-db_2.9.4-2_amd64.deb ...
Unpacking man-db (2.9.4-2) ...
Selecting previously unselected package libpython3.9-minimal:amd64.
Preparing to unpack .../5-libpython3.9-minimal_3.9.7-4_amd64.deb ...
Unpacking libpython3.9-minimal:amd64 (3.9.7-4) ...
Selecting previously unselected package libexpat1:amd64.
Preparing to unpack .../6-libexpat1_2.4.1-3_amd64.deb ...
Unpacking libexpat1:amd64 (2.4.1-3) ...
Selecting previously unselected package python3.9-minimal.
Preparing to unpack .../7-python3.9-minimal_3.9.7-4_amd64.deb ...
Unpacking python3.9-minimal (3.9.7-4) ...
Setting up libpython3.9-minimal:amd64 (3.9.7-4) ...
Setting up libexpat1:amd64 (2.4.1-3) ...
Setting up python3.9-minimal (3.9.7-4) ...
Selecting previously unselected package python3-minimal.
(Reading database ... 15139 files and directories currently installed.)
Preparing to unpack .../0-python3-minimal_3.9.2-3_amd64.deb ...
Unpacking python3-minimal (3.9.2-3) ...
Selecting previously unselected package media-types.
Preparing to unpack .../1-media-types_4.0.0_all.deb ...
Unpacking media-types (4.0.0) ...
Selecting previously unselected package libmpdec3:amd64.
Preparing to unpack .../2-libmpdec3_2.5.1-2_amd64.deb ...
Unpacking libmpdec3:amd64 (2.5.1-2) ...
Selecting previously unselected package libncursesw6:amd64.
Preparing to unpack .../3-libncursesw6_6.2+20210905-1_amd64.deb ...
Unpacking libncursesw6:amd64 (6.2+20210905-1) ...
Selecting previously unselected package readline-common.
Preparing to unpack .../4-readline-common_8.1-2_all.deb ...
Unpacking readline-common (8.1-2) ...
Selecting previously unselected package libreadline8:amd64.
Preparing to unpack .../5-libreadline8_8.1-2_amd64.deb ...
Unpacking libreadline8:amd64 (8.1-2) ...
Selecting previously unselected package libsqlite3-0:amd64.
Preparing to unpack .../6-libsqlite3-0_3.36.0-2_amd64.deb ...
Unpacking libsqlite3-0:amd64 (3.36.0-2) ...
Selecting previously unselected package libpython3.9-stdlib:amd64.
Preparing to unpack .../7-libpython3.9-stdlib_3.9.7-4_amd64.deb ...
Unpacking libpython3.9-stdlib:amd64 (3.9.7-4) ...
Selecting previously unselected package python3.9.
Preparing to unpack .../8-python3.9_3.9.7-4_amd64.deb ...
Unpacking python3.9 (3.9.7-4) ...
Selecting previously unselected package libpython3-stdlib:amd64.
Preparing to unpack .../9-libpython3-stdlib_3.9.2-3_amd64.deb ...
Unpacking libpython3-stdlib:amd64 (3.9.2-3) ...
Setting up python3-minimal (3.9.2-3) ...
Selecting previously unselected package python3.
(Reading database ... 15578 files and directories currently installed.)
Preparing to unpack .../00-python3_3.9.2-3_amd64.deb ...
Unpacking python3 (3.9.2-3) ...
Selecting previously unselected package sgml-base.
Preparing to unpack .../01-sgml-base_1.30_all.deb ...
Unpacking sgml-base (1.30) ...
Selecting previously unselected package libncurses6:amd64.
Preparing to unpack .../02-libncurses6_6.2+20210905-1_amd64.deb ...
Unpacking libncurses6:amd64 (6.2+20210905-1) ...
Selecting previously unselected package libprocps8:amd64.
Preparing to unpack .../03-libprocps8_2%3a3.3.17-5_amd64.deb ...
Unpacking libprocps8:amd64 (2:3.3.17-5) ...
Selecting previously unselected package procps.
Preparing to unpack .../04-procps_2%3a3.3.17-5_amd64.deb ...
Unpacking procps (2:3.3.17-5) ...
Selecting previously unselected package sensible-utils.
Preparing to unpack .../05-sensible-utils_0.0.17_all.deb ...
Unpacking sensible-utils (0.0.17) ...
Selecting previously unselected package openssl.
Preparing to unpack .../06-openssl_1.1.1l-1_amd64.deb ...
Unpacking openssl (1.1.1l-1) ...
Selecting previously unselected package ca-certificates.
Preparing to unpack .../07-ca-certificates_20211016_all.deb ...
Unpacking ca-certificates (20211016) ...
Selecting previously unselected package libmagic-mgc.
Preparing to unpack .../08-libmagic-mgc_1%3a5.39-3_amd64.deb ...
Unpacking libmagic-mgc (1:5.39-3) ...
Selecting previously unselected package libmagic1:amd64.
Preparing to unpack .../09-libmagic1_1%3a5.39-3_amd64.deb ...
Unpacking libmagic1:amd64 (1:5.39-3) ...
Selecting previously unselected package file.
Preparing to unpack .../10-file_1%3a5.39-3_amd64.deb ...
Unpacking file (1:5.39-3) ...
Selecting previously unselected package gettext-base.
Preparing to unpack .../11-gettext-base_0.21-4_amd64.deb ...
Unpacking gettext-base (0.21-4) ...
Selecting previously unselected package libsigsegv2:amd64.
Preparing to unpack .../12-libsigsegv2_2.13-1_amd64.deb ...
Unpacking libsigsegv2:amd64 (2.13-1) ...
Selecting previously unselected package m4.
Preparing to unpack .../13-m4_1.4.18-5_amd64.deb ...
Unpacking m4 (1.4.18-5) ...
Selecting previously unselected package autoconf.
Preparing to unpack .../14-autoconf_2.71-2_all.deb ...
Unpacking autoconf (2.71-2) ...
Selecting previously unselected package autotools-dev.
Preparing to unpack .../15-autotools-dev_20180224.1+nmu1_all.deb ...
Unpacking autotools-dev (20180224.1+nmu1) ...
Selecting previously unselected package automake.
Preparing to unpack .../16-automake_1%3a1.16.5-1_all.deb ...
Unpacking automake (1:1.16.5-1) ...
Selecting previously unselected package autopoint.
Preparing to unpack .../17-autopoint_0.21-4_all.deb ...
Unpacking autopoint (0.21-4) ...
Selecting previously unselected package libarchive13:amd64.
Preparing to unpack .../18-libarchive13_3.4.3-2+b1_amd64.deb ...
Unpacking libarchive13:amd64 (3.4.3-2+b1) ...
Selecting previously unselected package libbrotli1:amd64.
Preparing to unpack .../19-libbrotli1_1.0.9-2+b2_amd64.deb ...
Unpacking libbrotli1:amd64 (1.0.9-2+b2) ...
Selecting previously unselected package libsasl2-modules-db:amd64.
Preparing to unpack .../20-libsasl2-modules-db_2.1.27+dfsg-2.1_amd64.deb ...
Unpacking libsasl2-modules-db:amd64 (2.1.27+dfsg-2.1) ...
Selecting previously unselected package libsasl2-2:amd64.
Preparing to unpack .../21-libsasl2-2_2.1.27+dfsg-2.1_amd64.deb ...
Unpacking libsasl2-2:amd64 (2.1.27+dfsg-2.1) ...
Selecting previously unselected package libldap-2.4-2:amd64.
Preparing to unpack .../22-libldap-2.4-2_2.4.59+dfsg-1_amd64.deb ...
Unpacking libldap-2.4-2:amd64 (2.4.59+dfsg-1) ...
Selecting previously unselected package libnghttp2-14:amd64.
Preparing to unpack .../23-libnghttp2-14_1.43.0-1_amd64.deb ...
Unpacking libnghttp2-14:amd64 (1.43.0-1) ...
Selecting previously unselected package libpsl5:amd64.
Preparing to unpack .../24-libpsl5_0.21.0-1.2_amd64.deb ...
Unpacking libpsl5:amd64 (0.21.0-1.2) ...
Selecting previously unselected package librtmp1:amd64.
Preparing to unpack .../25-librtmp1_2.4+20151223.gitfa8646d.1-2+b2_amd64.deb ...
Unpacking librtmp1:amd64 (2.4+20151223.gitfa8646d.1-2+b2) ...
Selecting previously unselected package libssh2-1:amd64.
Preparing to unpack .../26-libssh2-1_1.10.0-2_amd64.deb ...
Unpacking libssh2-1:amd64 (1.10.0-2) ...
Selecting previously unselected package libcurl4:amd64.
Preparing to unpack .../27-libcurl4_7.74.0-1.3+b1_amd64.deb ...
Unpacking libcurl4:amd64 (7.74.0-1.3+b1) ...
Selecting previously unselected package libjsoncpp24:amd64.
Preparing to unpack .../28-libjsoncpp24_1.9.4-5_amd64.deb ...
Unpacking libjsoncpp24:amd64 (1.9.4-5) ...
Selecting previously unselected package librhash0:amd64.
Preparing to unpack .../29-librhash0_1.4.2-1_amd64.deb ...
Unpacking librhash0:amd64 (1.4.2-1) ...
Selecting previously unselected package libuv1:amd64.
Preparing to unpack .../30-libuv1_1.42.0-1_amd64.deb ...
Unpacking libuv1:amd64 (1.42.0-1) ...
Selecting previously unselected package dh-elpa-helper.
Preparing to unpack .../31-dh-elpa-helper_2.0.9_all.deb ...
Unpacking dh-elpa-helper (2.0.9) ...
Selecting previously unselected package emacsen-common.
Preparing to unpack .../32-emacsen-common_3.0.4_all.deb ...
Unpacking emacsen-common (3.0.4) ...
Selecting previously unselected package cmake-data.
Preparing to unpack .../33-cmake-data_3.21.3-5_all.deb ...
Unpacking cmake-data (3.21.3-5) ...
Selecting previously unselected package cmake.
Preparing to unpack .../34-cmake_3.21.3-5_amd64.deb ...
Unpacking cmake (3.21.3-5) ...
Selecting previously unselected package libdebhelper-perl.
Preparing to unpack .../35-libdebhelper-perl_13.5.2_all.deb ...
Unpacking libdebhelper-perl (13.5.2) ...
Selecting previously unselected package libtool.
Preparing to unpack .../36-libtool_2.4.6-15_all.deb ...
Unpacking libtool (2.4.6-15) ...
Selecting previously unselected package dh-autoreconf.
Preparing to unpack .../37-dh-autoreconf_20_all.deb ...
Unpacking dh-autoreconf (20) ...
Selecting previously unselected package libarchive-zip-perl.
Preparing to unpack .../38-libarchive-zip-perl_1.68-1_all.deb ...
Unpacking libarchive-zip-perl (1.68-1) ...
Selecting previously unselected package libsub-override-perl.
Preparing to unpack .../39-libsub-override-perl_0.09-2_all.deb ...
Unpacking libsub-override-perl (0.09-2) ...
Selecting previously unselected package libfile-stripnondeterminism-perl.
Preparing to unpack .../40-libfile-stripnondeterminism-perl_1.12.0-2_all.deb ...
Unpacking libfile-stripnondeterminism-perl (1.12.0-2) ...
Selecting previously unselected package dh-strip-nondeterminism.
Preparing to unpack .../41-dh-strip-nondeterminism_1.12.0-2_all.deb ...
Unpacking dh-strip-nondeterminism (1.12.0-2) ...
Selecting previously unselected package dwz.
Preparing to unpack .../42-dwz_0.14-1_amd64.deb ...
Unpacking dwz (0.14-1) ...
Selecting previously unselected package gettext.
Preparing to unpack .../43-gettext_0.21-4_amd64.deb ...
Unpacking gettext (0.21-4) ...
Selecting previously unselected package intltool-debian.
Preparing to unpack .../44-intltool-debian_0.35.0+20060710.5_all.deb ...
Unpacking intltool-debian (0.35.0+20060710.5) ...
Selecting previously unselected package po-debconf.
Preparing to unpack .../45-po-debconf_1.0.21+nmu1_all.deb ...
Unpacking po-debconf (1.0.21+nmu1) ...
Selecting previously unselected package debhelper.
Preparing to unpack .../46-debhelper_13.5.2_all.deb ...
Unpacking debhelper (13.5.2) ...
Selecting previously unselected package xml-core.
Preparing to unpack .../47-xml-core_0.18+nmu1_all.deb ...
Unpacking xml-core (0.18+nmu1) ...
Selecting previously unselected package docutils-common.
Preparing to unpack .../48-docutils-common_0.17.1+dfsg-2_all.deb ...
Unpacking docutils-common (0.17.1+dfsg-2) ...
Selecting previously unselected package libglib2.0-0:amd64.
Preparing to unpack .../49-libglib2.0-0_2.70.0-3_amd64.deb ...
Unpacking libglib2.0-0:amd64 (2.70.0-3) ...
Selecting previously unselected package libjs-jquery.
Preparing to unpack .../50-libjs-jquery_3.5.1+dfsg+~3.5.5-8_all.deb ...
Unpacking libjs-jquery (3.5.1+dfsg+~3.5.5-8) ...
Selecting previously unselected package libjs-underscore.
Preparing to unpack .../51-libjs-underscore_1.9.1~dfsg-4_all.deb ...
Unpacking libjs-underscore (1.9.1~dfsg-4) ...
Selecting previously unselected package libjs-sphinxdoc.
Preparing to unpack .../52-libjs-sphinxdoc_4.2.0-5_all.deb ...
Unpacking libjs-sphinxdoc (4.2.0-5) ...
Selecting previously unselected package libopenjp2-7:amd64.
Preparing to unpack .../53-libopenjp2-7_2.4.0-3_amd64.deb ...
Unpacking libopenjp2-7:amd64 (2.4.0-3) ...
Selecting previously unselected package libopenjp2-7-dev.
Preparing to unpack .../54-libopenjp2-7-dev_2.4.0-3_amd64.deb ...
Unpacking libopenjp2-7-dev (2.4.0-3) ...
Selecting previously unselected package libturbojpeg0:amd64.
Preparing to unpack .../55-libturbojpeg0_1%3a2.0.6-4_amd64.deb ...
Unpacking libturbojpeg0:amd64 (1:2.0.6-4) ...
Selecting previously unselected package libturbojpeg0-dev:amd64.
Preparing to unpack .../56-libturbojpeg0-dev_1%3a2.0.6-4_amd64.deb ...
Unpacking libturbojpeg0-dev:amd64 (1:2.0.6-4) ...
Selecting previously unselected package libyaml-cpp0.6:amd64.
Preparing to unpack .../57-libyaml-cpp0.6_0.6.3-10_amd64.deb ...
Unpacking libyaml-cpp0.6:amd64 (0.6.3-10) ...
Selecting previously unselected package libyaml-cpp-dev.
Preparing to unpack .../58-libyaml-cpp-dev_0.6.3-10_amd64.deb ...
Unpacking libyaml-cpp-dev (0.6.3-10) ...
Selecting previously unselected package pkg-config.
Preparing to unpack .../59-pkg-config_0.29.2-1_amd64.deb ...
Unpacking pkg-config (0.29.2-1) ...
Selecting previously unselected package python-babel-localedata.
Preparing to unpack .../60-python-babel-localedata_2.8.0+dfsg.1-7_all.deb ...
Unpacking python-babel-localedata (2.8.0+dfsg.1-7) ...
Selecting previously unselected package python3-alabaster.
Preparing to unpack .../61-python3-alabaster_0.7.12-1_all.deb ...
Unpacking python3-alabaster (0.7.12-1) ...
Selecting previously unselected package python3-pkg-resources.
Preparing to unpack .../62-python3-pkg-resources_58.2.0-1_all.deb ...
Unpacking python3-pkg-resources (58.2.0-1) ...
Selecting previously unselected package python3-tz.
Preparing to unpack .../63-python3-tz_2021.3-1_all.deb ...
Unpacking python3-tz (2021.3-1) ...
Selecting previously unselected package python3-babel.
Preparing to unpack .../64-python3-babel_2.8.0+dfsg.1-7_all.deb ...
Unpacking python3-babel (2.8.0+dfsg.1-7) ...
Selecting previously unselected package python3-certifi.
Preparing to unpack .../65-python3-certifi_2020.6.20-1_all.deb ...
Unpacking python3-certifi (2020.6.20-1) ...
Selecting previously unselected package python3-chardet.
Preparing to unpack .../66-python3-chardet_4.0.0-1_all.deb ...
Unpacking python3-chardet (4.0.0-1) ...
Selecting previously unselected package python3-lib2to3.
Preparing to unpack .../67-python3-lib2to3_3.9.7-1_all.deb ...
Unpacking python3-lib2to3 (3.9.7-1) ...
Selecting previously unselected package python3-distutils.
Preparing to unpack .../68-python3-distutils_3.9.7-1_all.deb ...
Unpacking python3-distutils (3.9.7-1) ...
Selecting previously unselected package python3-roman.
Preparing to unpack .../69-python3-roman_3.3-1_all.deb ...
Unpacking python3-roman (3.3-1) ...
Selecting previously unselected package python3-docutils.
Preparing to unpack .../70-python3-docutils_0.17.1+dfsg-2_all.deb ...
Unpacking python3-docutils (0.17.1+dfsg-2) ...
Selecting previously unselected package python3-idna.
Preparing to unpack .../71-python3-idna_2.10-1_all.deb ...
Unpacking python3-idna (2.10-1) ...
Selecting previously unselected package python3-imagesize.
Preparing to unpack .../72-python3-imagesize_1.2.0-2_all.deb ...
Unpacking python3-imagesize (1.2.0-2) ...
Selecting previously unselected package python3-markupsafe.
Preparing to unpack .../73-python3-markupsafe_2.0.1-2_amd64.deb ...
Unpacking python3-markupsafe (2.0.1-2) ...
Selecting previously unselected package python3-jinja2.
Preparing to unpack .../74-python3-jinja2_3.0.1-2_all.deb ...
Unpacking python3-jinja2 (3.0.1-2) ...
Selecting previously unselected package python3-pyparsing.
Preparing to unpack .../75-python3-pyparsing_2.4.7-1_all.deb ...
Unpacking python3-pyparsing (2.4.7-1) ...
Selecting previously unselected package python3-packaging.
Preparing to unpack .../76-python3-packaging_21.0-1_all.deb ...
Unpacking python3-packaging (21.0-1) ...
Selecting previously unselected package python3-pygments.
Preparing to unpack .../77-python3-pygments_2.7.1+dfsg-2.1_all.deb ...
Unpacking python3-pygments (2.7.1+dfsg-2.1) ...
Selecting previously unselected package python3-six.
Preparing to unpack .../78-python3-six_1.16.0-2_all.deb ...
Unpacking python3-six (1.16.0-2) ...
Selecting previously unselected package python3-urllib3.
Preparing to unpack .../79-python3-urllib3_1.26.5-1~exp1_all.deb ...
Unpacking python3-urllib3 (1.26.5-1~exp1) ...
Selecting previously unselected package python3-requests.
Preparing to unpack .../80-python3-requests_2.25.1+dfsg-2_all.deb ...
Unpacking python3-requests (2.25.1+dfsg-2) ...
Selecting previously unselected package python3-snowballstemmer.
Preparing to unpack .../81-python3-snowballstemmer_2.1.0-2_all.deb ...
Unpacking python3-snowballstemmer (2.1.0-2) ...
Selecting previously unselected package sphinx-common.
Preparing to unpack .../82-sphinx-common_4.2.0-5_all.deb ...
Unpacking sphinx-common (4.2.0-5) ...
Selecting previously unselected package python3-sphinx.
Preparing to unpack .../83-python3-sphinx_4.2.0-5_all.deb ...
Unpacking python3-sphinx (4.2.0-5) ...
Selecting previously unselected package zlib1g-dev:amd64.
Preparing to unpack .../84-zlib1g-dev_1%3a1.2.11.dfsg-2_amd64.deb ...
Unpacking zlib1g-dev:amd64 (1:1.2.11.dfsg-2) ...
Selecting previously unselected package sbuild-build-depends-main-dummy.
Preparing to unpack .../85-sbuild-build-depends-main-dummy_0.invalid.0_amd64.deb ...
Unpacking sbuild-build-depends-main-dummy (0.invalid.0) ...
Setting up media-types (4.0.0) ...
Setting up libpipeline1:amd64 (1.5.3-1) ...
Setting up libpsl5:amd64 (0.21.0-1.2) ...
Setting up bsdextrautils (2.37.2-4) ...
update-alternatives: using /usr/bin/write.ul to provide /usr/bin/write (write) in auto mode
Setting up libmagic-mgc (1:5.39-3) ...
Setting up libarchive13:amd64 (3.4.3-2+b1) ...
Setting up libarchive-zip-perl (1.68-1) ...
Setting up libglib2.0-0:amd64 (2.70.0-3) ...
No schema files found: doing nothing.
Setting up libdebhelper-perl (13.5.2) ...
Setting up libbrotli1:amd64 (1.0.9-2+b2) ...
Setting up libsqlite3-0:amd64 (3.36.0-2) ...
Setting up libnghttp2-14:amd64 (1.43.0-1) ...
Setting up libmagic1:amd64 (1:5.39-3) ...
Setting up gettext-base (0.21-4) ...
Setting up file (1:5.39-3) ...
Setting up libturbojpeg0:amd64 (1:2.0.6-4) ...
Setting up python-babel-localedata (2.8.0+dfsg.1-7) ...
Setting up libsasl2-modules-db:amd64 (2.1.27+dfsg-2.1) ...
Setting up libturbojpeg0-dev:amd64 (1:2.0.6-4) ...
Setting up autotools-dev (20180224.1+nmu1) ...
Setting up libuv1:amd64 (1.42.0-1) ...
Setting up emacsen-common (3.0.4) ...
Setting up librtmp1:amd64 (2.4+20151223.gitfa8646d.1-2+b2) ...
Setting up dh-elpa-helper (2.0.9) ...
Setting up libncurses6:amd64 (6.2+20210905-1) ...
Setting up libsigsegv2:amd64 (2.13-1) ...
Setting up libyaml-cpp0.6:amd64 (0.6.3-10) ...
Setting up autopoint (0.21-4) ...
Setting up pkg-config (0.29.2-1) ...
Setting up libncursesw6:amd64 (6.2+20210905-1) ...
Setting up libsasl2-2:amd64 (2.1.27+dfsg-2.1) ...
Setting up libjsoncpp24:amd64 (1.9.4-5) ...
Setting up zlib1g-dev:amd64 (1:1.2.11.dfsg-2) ...
Setting up dwz (0.14-1) ...
Setting up sensible-utils (0.0.17) ...
Setting up librhash0:amd64 (1.4.2-1) ...
Setting up libuchardet0:amd64 (0.0.7-1) ...
Setting up libmpdec3:amd64 (2.5.1-2) ...
Setting up libopenjp2-7:amd64 (2.4.0-3) ...
Setting up libsub-override-perl (0.09-2) ...
Setting up libssh2-1:amd64 (1.10.0-2) ...
Setting up sgml-base (1.30) ...
Setting up cmake-data (3.21.3-5) ...
Setting up libjs-jquery (3.5.1+dfsg+~3.5.5-8) ...
Setting up openssl (1.1.1l-1) ...
Setting up readline-common (8.1-2) ...
Setting up libprocps8:amd64 (2:3.3.17-5) ...
Setting up libjs-underscore (1.9.1~dfsg-4) ...
Setting up libfile-stripnondeterminism-perl (1.12.0-2) ...
Setting up gettext (0.21-4) ...
Setting up libtool (2.4.6-15) ...
Setting up libreadline8:amd64 (8.1-2) ...
Setting up libyaml-cpp-dev (0.6.3-10) ...
Setting up libldap-2.4-2:amd64 (2.4.59+dfsg-1) ...
Setting up m4 (1.4.18-5) ...
Setting up intltool-debian (0.35.0+20060710.5) ...
Setting up ca-certificates (20211016) ...
Updating certificates in /etc/ssl/certs...
127 added, 0 removed; done.
Setting up libopenjp2-7-dev (2.4.0-3) ...
Setting up libjs-sphinxdoc (4.2.0-5) ...
Setting up autoconf (2.71-2) ...
Setting up dh-strip-nondeterminism (1.12.0-2) ...
Setting up groff-base (1.22.4-7) ...
Setting up xml-core (0.18+nmu1) ...
Setting up procps (2:3.3.17-5) ...
Setting up libcurl4:amd64 (7.74.0-1.3+b1) ...
Setting up libpython3.9-stdlib:amd64 (3.9.7-4) ...
Setting up libpython3-stdlib:amd64 (3.9.2-3) ...
Setting up automake (1:1.16.5-1) ...
update-alternatives: using /usr/bin/automake-1.16 to provide /usr/bin/automake (automake) in auto mode
Setting up po-debconf (1.0.21+nmu1) ...
Setting up man-db (2.9.4-2) ...
Not building database; man-db/auto-update is not 'true'.
Setting up dh-autoreconf (20) ...
Setting up sphinx-common (4.2.0-5) ...
Setting up cmake (3.21.3-5) ...
Setting up python3.9 (3.9.7-4) ...
Setting up debhelper (13.5.2) ...
Setting up python3 (3.9.2-3) ...
Setting up python3-markupsafe (2.0.1-2) ...
Setting up python3-tz (2021.3-1) ...
Setting up python3-six (1.16.0-2) ...
Setting up python3-roman (3.3-1) ...
Setting up python3-pyparsing (2.4.7-1) ...
Setting up python3-certifi (2020.6.20-1) ...
Setting up python3-snowballstemmer (2.1.0-2) ...
Setting up python3-idna (2.10-1) ...
Setting up python3-urllib3 (1.26.5-1~exp1) ...
Setting up python3-lib2to3 (3.9.7-1) ...
Setting up python3-imagesize (1.2.0-2) ...
Setting up python3-pkg-resources (58.2.0-1) ...
Setting up python3-distutils (3.9.7-1) ...
Setting up python3-babel (2.8.0+dfsg.1-7) ...
update-alternatives: using /usr/bin/pybabel-python3 to provide /usr/bin/pybabel (pybabel) in auto mode
Setting up python3-alabaster (0.7.12-1) ...
Setting up python3-jinja2 (3.0.1-2) ...
Setting up python3-pygments (2.7.1+dfsg-2.1) ...
Setting up python3-packaging (21.0-1) ...
Setting up python3-chardet (4.0.0-1) ...
Setting up python3-requests (2.25.1+dfsg-2) ...
Processing triggers for libc-bin (2.32-4) ...
Processing triggers for sgml-base (1.30) ...
Setting up docutils-common (0.17.1+dfsg-2) ...
Processing triggers for sgml-base (1.30) ...
Setting up python3-docutils (0.17.1+dfsg-2) ...
Setting up python3-sphinx (4.2.0-5) ...
Setting up sbuild-build-depends-main-dummy (0.invalid.0) ...
Processing triggers for ca-certificates (20211016) ...
Updating certificates in /etc/ssl/certs...
0 added, 0 removed; done.
Running hooks in /etc/ca-certificates/update.d...
done.

+------------------------------------------------------------------------------+
| Check architectures                                                          |
+------------------------------------------------------------------------------+

Arch check ok (amd64 included in any)

+------------------------------------------------------------------------------+
| Build environment                                                            |
+------------------------------------------------------------------------------+

Kernel: Linux 4.19.0-6-cloud-amd64 #1 SMP Debian 4.19.67-2+deb10u2 (2019-11-11) amd64 (x86_64)
Toolchain package versions: binutils_2.37-7 dpkg-dev_1.20.9 g++-11_11.2.0-10 gcc-11_11.2.0-10 libc6-dev_2.32-4 libstdc++-11-dev_11.2.0-10 libstdc++6_11.2.0-10 linux-libc-dev_5.14.12-1
Package versions: adduser_3.118 apt_2.3.11 autoconf_2.71-2 automake_1:1.16.5-1 autopoint_0.21-4 autotools-dev_20180224.1+nmu1 base-files_12 base-passwd_3.5.52 bash_5.1-3+b2 binutils_2.37-7 binutils-common_2.37-7 binutils-x86-64-linux-gnu_2.37-7 bsdextrautils_2.37.2-4 bsdutils_1:2.37.2-4 build-essential_12.9 bzip2_1.0.8-4 ca-certificates_20211016 clang-12_1:12.0.1-15 cmake_3.21.3-5 cmake-data_3.21.3-5 coreutils_8.32-4+b1 cpp_4:11.2.0-2 cpp-11_11.2.0-10 dash_0.5.11+git20210120+802ebd4-2 debconf_1.5.78 debhelper_13.5.2 debian-archive-keyring_2021.1.1 debianutils_5.5-1 dh-autoreconf_20 dh-elpa-helper_2.0.9 dh-strip-nondeterminism_1.12.0-2 diffutils_1:3.7-5 docutils-common_0.17.1+dfsg-2 dpkg_1.20.9 dpkg-dev_1.20.9 dwz_0.14-1 e2fsprogs_1.46.4-1 emacsen-common_3.0.4 fakeroot_1.26-1 file_1:5.39-3 findutils_4.8.0-1 g++_4:11.2.0-2 g++-11_11.2.0-10 gcc_4:11.2.0-2 gcc-10-base_10.3.0-11 gcc-11_11.2.0-10 gcc-11-base_11.2.0-10 gcc-9-base_9.4.0-3 gettext_0.21-4 gettext-base_0.21-4 gpgv_2.2.27-2 grep_3.7-1 groff-base_1.22.4-7 gzip_1.10-4 hostname_3.23 init-system-helpers_1.60 intltool-debian_0.35.0+20060710.5 lib32gcc-s1_11.2.0-10 lib32stdc++6_11.2.0-10 libacl1_2.3.1-1 libapt-pkg6.0_2.3.11 libarchive-zip-perl_1.68-1 libarchive13_3.4.3-2+b1 libasan5_9.4.0-3 libasan6_11.2.0-10 libatomic1_11.2.0-10 libattr1_1:2.5.1-1 libaudit-common_1:3.0.6-1 libaudit1_1:3.0.6-1 libbinutils_2.37-7 libblkid1_2.37.2-4 libbrotli1_1.0.9-2+b2 libbsd0_0.11.3-1 libbz2-1.0_1.0.8-4 libc-bin_2.32-4 libc-dev-bin_2.32-4 libc6_2.32-4 libc6-dev_2.32-4 libc6-i386_2.32-4 libcap-ng0_0.7.9-2.2+b1 libcap2_1:2.44-1 libcc1-0_11.2.0-10 libclang-common-12-dev_1:12.0.1-15 libclang-cpp12_1:12.0.1-15 libclang1-12_1:12.0.1-15 libcom-err2_1.46.4-1 libcrypt-dev_1:4.4.25-2 libcrypt1_1:4.4.25-2 libctf-nobfd0_2.37-7 libctf0_2.37-7 libcurl4_7.74.0-1.3+b1 libdb5.3_5.3.28+dfsg1-0.8 libdebconfclient0_0.260 libdebhelper-perl_13.5.2 libdpkg-perl_1.20.9 libedit2_3.1-20210910-1 libelf1_0.185-2 libexpat1_2.4.1-3 libext2fs2_1.46.4-1 libfakeroot_1.26-1 libffi8_3.4.2-3 libfile-stripnondeterminism-perl_1.12.0-2 libgc1_1:8.0.4-3 libgcc-11-dev_11.2.0-10 libgcc-9-dev_9.4.0-3 libgcc-s1_11.2.0-10 libgcrypt20_1.9.4-3+b1 libgdbm-compat4_1.22-1 libgdbm6_1.22-1 libglib2.0-0_2.70.0-3 libgmp10_2:6.2.1+dfsg-2 libgnutls30_3.7.2-2 libgomp1_11.2.0-10 libgpg-error0_1.42-3 libgssapi-krb5-2_1.18.3-7 libhogweed6_3.7.3-1 libicu67_67.1-7 libidn2-0_2.3.2-2 libisl23_0.24-2 libitm1_11.2.0-10 libjs-jquery_3.5.1+dfsg+~3.5.5-8 libjs-sphinxdoc_4.2.0-5 libjs-underscore_1.9.1~dfsg-4 libjsoncpp24_1.9.4-5 libk5crypto3_1.18.3-7 libkeyutils1_1.6.1-2 libkrb5-3_1.18.3-7 libkrb5support0_1.18.3-7 libldap-2.4-2_2.4.59+dfsg-1 libllvm12_1:12.0.1-15 liblsan0_11.2.0-10 liblz4-1_1.9.3-2 liblzma5_5.2.5-2 libmagic-mgc_1:5.39-3 libmagic1_1:5.39-3 libmd0_1.0.4-1 libmount1_2.37.2-4 libmpc3_1.2.1-1 libmpdec3_2.5.1-2 libmpfr6_4.1.0-3 libncurses6_6.2+20210905-1 libncursesw6_6.2+20210905-1 libnettle8_3.7.3-1 libnghttp2-14_1.43.0-1 libnsl-dev_1.3.0-2 libnsl2_1.3.0-2 libobjc-11-dev_11.2.0-10 libobjc-9-dev_9.4.0-3 libobjc4_11.2.0-10 libomp-12-dev_1:12.0.1-15 libomp5-12_1:12.0.1-15 libopenjp2-7_2.4.0-3 libopenjp2-7-dev_2.4.0-3 libp11-kit0_0.24.0-5 libpam-modules_1.4.0-10 libpam-modules-bin_1.4.0-10 libpam-runtime_1.4.0-10 libpam0g_1.4.0-10 libpcre2-8-0_10.36-2 libpcre3_2:8.39-13 libperl5.32_5.32.1-6 libpipeline1_1.5.3-1 libprocps8_2:3.3.17-5 libpsl5_0.21.0-1.2 libpython3-stdlib_3.9.2-3 libpython3.9-minimal_3.9.7-4 libpython3.9-stdlib_3.9.7-4 libquadmath0_11.2.0-10 libreadline8_8.1-2 librhash0_1.4.2-1 librtmp1_2.4+20151223.gitfa8646d.1-2+b2 libsasl2-2_2.1.27+dfsg-2.1 libsasl2-modules-db_2.1.27+dfsg-2.1 libseccomp2_2.5.2-2 libselinux1_3.1-3 libsemanage-common_3.1-1 libsemanage1_3.1-1+b2 libsepol1_3.1-1 libsigsegv2_2.13-1 libsmartcols1_2.37.2-4 libsqlite3-0_3.36.0-2 libss2_1.46.4-1 libssh2-1_1.10.0-2 libssl1.1_1.1.1l-1 libstdc++-11-dev_11.2.0-10 libstdc++6_11.2.0-10 libsub-override-perl_0.09-2 libsystemd0_249.5-1 libtasn1-6_4.17.0-2 libtinfo6_6.2+20210905-1 libtirpc-common_1.3.2-2 libtirpc-dev_1.3.2-2 libtirpc3_1.3.2-2 libtool_2.4.6-15 libtsan0_11.2.0-10 libturbojpeg0_1:2.0.6-4 libturbojpeg0-dev_1:2.0.6-4 libubsan1_11.2.0-10 libuchardet0_0.0.7-1 libudev1_249.5-1 libunistring2_0.9.10-6 libunwind-12_1:12.0.1-15 libuuid1_2.37.2-4 libuv1_1.42.0-1 libxml2_2.9.12+dfsg-5 libxxhash0_0.8.0-2 libyaml-cpp-dev_0.6.3-10 libyaml-cpp0.6_0.6.3-10 libz3-4_4.8.12-1+b1 libzstd1_1.4.8+dfsg-3 linux-libc-dev_5.14.12-1 llvm-12-linker-tools_1:12.0.1-15 login_1:4.8.1-1 logsave_1.46.4-1 lsb-base_11.1.0 m4_1.4.18-5 make_4.3-4.1 man-db_2.9.4-2 mawk_1.3.4.20200120-2 media-types_4.0.0 mount_2.37.2-4 ncurses-base_6.2+20210905-1 ncurses-bin_6.2+20210905-1 openssl_1.1.1l-1 passwd_1:4.8.1-1 patch_2.7.6-7 perl_5.32.1-6 perl-base_5.32.1-6 perl-modules-5.32_5.32.1-6 pkg-config_0.29.2-1 po-debconf_1.0.21+nmu1 procps_2:3.3.17-5 python-babel-localedata_2.8.0+dfsg.1-7 python3_3.9.2-3 python3-alabaster_0.7.12-1 python3-babel_2.8.0+dfsg.1-7 python3-certifi_2020.6.20-1 python3-chardet_4.0.0-1 python3-distutils_3.9.7-1 python3-docutils_0.17.1+dfsg-2 python3-idna_2.10-1 python3-imagesize_1.2.0-2 python3-jinja2_3.0.1-2 python3-lib2to3_3.9.7-1 python3-markupsafe_2.0.1-2 python3-minimal_3.9.2-3 python3-packaging_21.0-1 python3-pkg-resources_58.2.0-1 python3-pygments_2.7.1+dfsg-2.1 python3-pyparsing_2.4.7-1 python3-requests_2.25.1+dfsg-2 python3-roman_3.3-1 python3-six_1.16.0-2 python3-snowballstemmer_2.1.0-2 python3-sphinx_4.2.0-5 python3-tz_2021.3-1 python3-urllib3_1.26.5-1~exp1 python3.9_3.9.7-4 python3.9-minimal_3.9.7-4 qt5-qmake_5.15.2+dfsg-12 qt5-qmake-bin_5.15.2+dfsg-12 qtchooser_66-2 readline-common_8.1-2 rpcsvc-proto_1.4.2-4 sbuild-build-depends-main-dummy_0.invalid.0 sed_4.8-1 sensible-utils_0.0.17 sgml-base_1.30 sphinx-common_4.2.0-5 sysvinit-utils_3.00-1 tar_1.34+dfsg-1 tzdata_2021e-1 util-linux_2.37.2-4 xml-core_0.18+nmu1 xz-utils_5.2.5-2 zlib1g_1:1.2.11.dfsg-2 zlib1g-dev_1:1.2.11.dfsg-2

+------------------------------------------------------------------------------+
| Build                                                                        |
+------------------------------------------------------------------------------+


Unpack source
-------------

-----BEGIN PGP SIGNED MESSAGE-----
Hash: SHA256

Format: 3.0 (quilt)
Source: dcm2niix
Binary: dcm2niix
Architecture: any
Version: 1.0.20211006-1
Maintainer: Debian Med Packaging Team <debian-med-packaging@lists.alioth.debian.org>
Uploaders: Ghislain Antony Vaillant <ghisvail@gmail.com>
Homepage: https://github.com/rordenlab/dcm2niix
Standards-Version: 4.6.0
Vcs-Browser: https://salsa.debian.org/med-team/dcm2niix
Vcs-Git: https://salsa.debian.org/med-team/dcm2niix.git
Build-Depends: cmake, debhelper-compat (= 13), libopenjp2-7-dev, libturbojpeg0-dev, libyaml-cpp-dev, pkg-config, python3-sphinx, zlib1g-dev
Package-List:
 dcm2niix deb science optional arch=any
Checksums-Sha1:
 d6b49a63677abbd1b9fa695f50000854c14e35de 398498 dcm2niix_1.0.20211006.orig.tar.gz
 8d326ced0863bd4236d0601f55e1b0b76a411086 4448 dcm2niix_1.0.20211006-1.debian.tar.xz
Checksums-Sha256:
 44b737d0101483de17ac1273f2d2c6a4d572a7b76ea040d69aa34d5e484144b9 398498 dcm2niix_1.0.20211006.orig.tar.gz
 abb669ce0d57672b20a4dfa5d135670c675d62459442b48ef4510d23f04c2554 4448 dcm2niix_1.0.20211006-1.debian.tar.xz
Files:
 a9ab2e57c1e39e15920e9f9235cd018a 398498 dcm2niix_1.0.20211006.orig.tar.gz
 64775f3578ba8e1a83f02a2aa29ced7a 4448 dcm2niix_1.0.20211006-1.debian.tar.xz

-----BEGIN PGP SIGNATURE-----

iQJFBAEBCAAvFiEE8fAHMgoDVUHwpmPKV4oElNHGRtEFAmFjR1QRHHRpbGxlQGRl
Ymlhbi5vcmcACgkQV4oElNHGRtGsyQ/9GaC0iPTcVo2SlO+dmADrsKeWt+Eq8Xba
P3TGRnj8QW1iLn9CFBDRiVGw3HXqVHCd+LWFzqGFVrneF1cibL+SXeMQCEusZgLh
+/9/BRmF81T8h7lUBQsqeFxIb1UA/sHhSJOi16pBGp+gzofdCxtgqk4zkA1E11d+
8GhMWhanmeVCIm07s0HmLtv7GFioIHEY3Vhvo+BZOydm6laIJ1t5HG6SxiEn29fo
UXycQpF8+Xx2+L6PvcnxXqR0+/oLapg2p7q6kDzIEq8tsqC8vP42rzbl16szPsDl
7Ix2nj5F07vh6EN2rWoCi5ZeeVwBsJUMBK5p2cp8gA0SIq77zog2ckXDb6pds4Td
F8k0ivr2RLgu7m4vey9oiwY2Nn+sSUYtcBhS5+a2ffROQcvrLnGbYozkCuHAXIW2
VjdY/TGG/aP4NuseKZ6ndESy0PCA+QF8t26L+srUPQ4z7KSdnCMORgz7bDHShuNN
JQYwgVYx25ddM8+avwACazG5HvNWrCzCXr0y14VDkXy2dcKHONxqBW3ag2KFOGKA
XRxH4W+ScTE6RSFxeFxORWuicZF2nbA6jueSYjE3fedoL3HgfpxMrxrpPsTrXPZz
L5URk5EHApFnWQKHZdPKceunygfd4z34xWZMQpUx4BAQjg3U8MojqqainQFhgkat
vk1kyWjgnWw=
=1oUs
-----END PGP SIGNATURE-----

gpgv: unknown type of key resource 'trustedkeys.kbx'
gpgv: keyblock resource '/tmp/dpkg-verify-sig.CM3L6oP6/trustedkeys.kbx': General error
gpgv: Signature made Sun Oct 10 20:04:36 2021 UTC
gpgv:                using RSA key F1F007320A035541F0A663CA578A0494D1C646D1
gpgv:                issuer "tille@debian.org"
gpgv: Can't check signature: No public key
dpkg-source: warning: failed to verify signature on ./dcm2niix_1.0.20211006-1.dsc
dpkg-source: info: extracting dcm2niix in /<<PKGBUILDDIR>>
dpkg-source: info: unpacking dcm2niix_1.0.20211006.orig.tar.gz
dpkg-source: info: unpacking dcm2niix_1.0.20211006-1.debian.tar.xz

Check disk space
----------------

Sufficient free space for build

User Environment
----------------

APT_CONFIG=/var/lib/sbuild/apt.conf
HOME=/sbuild-nonexistent
LANG=C.UTF-8
LC_ALL=C.UTF-8
LOGNAME=user42
PATH=/usr/local/sbin:/usr/local/bin:/usr/sbin:/usr/bin:/sbin:/bin:/usr/games
SCHROOT_ALIAS_NAME=unstable
SCHROOT_CHROOT_NAME=sid-amd64-sbuild
SCHROOT_COMMAND=env
SCHROOT_GID=1001
SCHROOT_GROUP=user42
SCHROOT_SESSION_ID=sid-amd64-sbuild-f398f0f8-de31-4964-a5c0-a8446c299aca
SCHROOT_UID=1001
SCHROOT_USER=user42
SHELL=/bin/sh
USER=user42

dpkg-buildpackage
-----------------

Command: dpkg-buildpackage -us -uc -b -rfakeroot
dpkg-buildpackage: info: source package dcm2niix
dpkg-buildpackage: info: source version 1.0.20211006-1
dpkg-buildpackage: info: source distribution unstable
dpkg-buildpackage: info: source changed by Ghislain Vaillant <ghisvail@gmail.com>
 dpkg-source --before-build .
dpkg-buildpackage: info: host architecture amd64
 debian/rules clean
dh clean --sourcedirectory=console --buildsystem=cmake
   debian/rules override_dh_auto_clean
make[1]: Entering directory '/<<PKGBUILDDIR>>'
dh_auto_clean
rm -f -rf build/man
make[1]: Leaving directory '/<<PKGBUILDDIR>>'
   dh_autoreconf_clean -O--sourcedirectory=console -O--buildsystem=cmake
   dh_clean -O--sourcedirectory=console -O--buildsystem=cmake
 debian/rules binary
dh binary --sourcedirectory=console --buildsystem=cmake
   dh_update_autotools_config -O--sourcedirectory=console -O--buildsystem=cmake
   dh_autoreconf -O--sourcedirectory=console -O--buildsystem=cmake
   debian/rules override_dh_auto_configure
make[1]: Entering directory '/<<PKGBUILDDIR>>'
dh_auto_configure -- -DBATCH_VERSION=ON \
	-DUSE_STATIC_RUNTIME=OFF \
	-DUSE_SYSTEM_ZLIB=ON \
	-DUSE_OPENJPEG=ON \
	-DUSE_TURBOJPEG=ON
	cd obj-x86_64-linux-gnu && cmake -DCMAKE_INSTALL_PREFIX=/usr -DCMAKE_BUILD_TYPE=None -DCMAKE_INSTALL_SYSCONFDIR=/etc -DCMAKE_INSTALL_LOCALSTATEDIR=/var -DCMAKE_EXPORT_NO_PACKAGE_REGISTRY=ON -DCMAKE_FIND_USE_PACKAGE_REGISTRY=OFF -DCMAKE_FIND_PACKAGE_NO_PACKAGE_REGISTRY=ON -DCMAKE_INSTALL_RUNSTATEDIR=/run -DCMAKE_SKIP_INSTALL_ALL_DEPENDENCY=ON "-GUnix Makefiles" -DCMAKE_VERBOSE_MAKEFILE=ON -DCMAKE_INSTALL_LIBDIR=lib/x86_64-linux-gnu -DBATCH_VERSION=ON -DUSE_STATIC_RUNTIME=OFF -DUSE_SYSTEM_ZLIB=ON -DUSE_OPENJPEG=ON -DUSE_TURBOJPEG=ON ../console
CMake Deprecation Warning at CMakeLists.txt:1 (cmake_minimum_required):
  Compatibility with CMake < 2.8.12 will be removed from a future version of
  CMake.

  Update the VERSION argument <min> value or use a ...<max> suffix to tell
  CMake that the project does not need compatibility with older versions.


-- The C compiler identification is Clang 12.0.1
-- The CXX compiler identification is Clang 12.0.1
-- Detecting C compiler ABI info
-- Detecting C compiler ABI info - done
-- Check for working C compiler: /usr/bin/cc - skipped
-- Detecting C compile features
-- Detecting C compile features - done
-- Detecting CXX compiler ABI info
-- Detecting CXX compiler ABI info - done
-- Check for working CXX compiler: /usr/bin/c++ - skipped
-- Detecting CXX compile features
-- Detecting CXX compile features - done
-- Performing Test ARM_CRC
-- Performing Test ARM_CRC - Failed
-- Performing Test HAS_SSE2
-- Performing Test HAS_SSE2 - Success
-- Found PkgConfig: /usr/bin/pkg-config (found version "0.29.2") 
-- Checking for module 'libturbojpeg'
--   Found libturbojpeg, version 2.0.6
-- The imported target "openjpip" references the file
   "/usr/lib/x86_64-linux-gnu/libopenjpip.so.2.4.0"
but this file does not exist.  Possible reasons include:
* The file was deleted, renamed, or moved to another location.
* An install or uninstall procedure did not complete successfully.
* The installation package was faulty and contained
   "/usr/lib/x86_64-linux-gnu/openjpeg-2.4/OpenJPEGTargets.cmake"
but not all the files it references.

-- The imported target "openjpip_server" references the file
   "/usr/lib/x86_64-linux-gnu/libopenjpip_server.a"
but this file does not exist.  Possible reasons include:
* The file was deleted, renamed, or moved to another location.
* An install or uninstall procedure did not complete successfully.
* The installation package was faulty and contained
   "/usr/lib/x86_64-linux-gnu/openjpeg-2.4/OpenJPEGTargets.cmake"
but not all the files it references.

-- The imported target "opj_decompress" references the file
   "/usr/bin/opj_decompress"
but this file does not exist.  Possible reasons include:
* The file was deleted, renamed, or moved to another location.
* An install or uninstall procedure did not complete successfully.
* The installation package was faulty and contained
   "/usr/lib/x86_64-linux-gnu/openjpeg-2.4/OpenJPEGTargets.cmake"
but not all the files it references.

-- The imported target "opj_compress" references the file
   "/usr/bin/opj_compress"
but this file does not exist.  Possible reasons include:
* The file was deleted, renamed, or moved to another location.
* An install or uninstall procedure did not complete successfully.
* The installation package was faulty and contained
   "/usr/lib/x86_64-linux-gnu/openjpeg-2.4/OpenJPEGTargets.cmake"
but not all the files it references.

-- The imported target "opj_dump" references the file
   "/usr/bin/opj_dump"
but this file does not exist.  Possible reasons include:
* The file was deleted, renamed, or moved to another location.
* An install or uninstall procedure did not complete successfully.
* The installation package was faulty and contained
   "/usr/lib/x86_64-linux-gnu/openjpeg-2.4/OpenJPEGTargets.cmake"
but not all the files it references.

-- The imported target "opj_jpip_addxml" references the file
   "/usr/bin/opj_jpip_addxml"
but this file does not exist.  Possible reasons include:
* The file was deleted, renamed, or moved to another location.
* An install or uninstall procedure did not complete successfully.
* The installation package was faulty and contained
   "/usr/lib/x86_64-linux-gnu/openjpeg-2.4/OpenJPEGTargets.cmake"
but not all the files it references.

-- The imported target "opj_server" references the file
   "/usr/bin/opj_server"
but this file does not exist.  Possible reasons include:
* The file was deleted, renamed, or moved to another location.
* An install or uninstall procedure did not complete successfully.
* The installation package was faulty and contained
   "/usr/lib/x86_64-linux-gnu/openjpeg-2.4/OpenJPEGTargets.cmake"
but not all the files it references.

-- The imported target "opj_dec_server" references the file
   "/usr/bin/opj_dec_server"
but this file does not exist.  Possible reasons include:
* The file was deleted, renamed, or moved to another location.
* An install or uninstall procedure did not complete successfully.
* The installation package was faulty and contained
   "/usr/lib/x86_64-linux-gnu/openjpeg-2.4/OpenJPEGTargets.cmake"
but not all the files it references.

-- The imported target "opj_jpip_transcode" references the file
   "/usr/bin/opj_jpip_transcode"
but this file does not exist.  Possible reasons include:
* The file was deleted, renamed, or moved to another location.
* An install or uninstall procedure did not complete successfully.
* The installation package was faulty and contained
   "/usr/lib/x86_64-linux-gnu/openjpeg-2.4/OpenJPEGTargets.cmake"
but not all the files it references.

-- The imported target "opj_jpip_test" references the file
   "/usr/bin/opj_jpip_test"
but this file does not exist.  Possible reasons include:
* The file was deleted, renamed, or moved to another location.
* An install or uninstall procedure did not complete successfully.
* The installation package was faulty and contained
   "/usr/lib/x86_64-linux-gnu/openjpeg-2.4/OpenJPEGTargets.cmake"
but not all the files it references.

-- Configuring done
-- Generating done
CMake Warning:
  Manually-specified variables were not used by the project:

    CMAKE_EXPORT_NO_PACKAGE_REGISTRY
    CMAKE_FIND_PACKAGE_NO_PACKAGE_REGISTRY
    CMAKE_INSTALL_LIBDIR
    CMAKE_INSTALL_LOCALSTATEDIR
    CMAKE_INSTALL_RUNSTATEDIR
    CMAKE_INSTALL_SYSCONFDIR
    USE_SYSTEM_ZLIB


-- Build files have been written to: /<<PKGBUILDDIR>>/obj-x86_64-linux-gnu
make[1]: Leaving directory '/<<PKGBUILDDIR>>'
   debian/rules override_dh_auto_build
make[1]: Entering directory '/<<PKGBUILDDIR>>'
dh_auto_build
	cd obj-x86_64-linux-gnu && make -j4 "INSTALL=install --strip-program=true" VERBOSE=1
make[2]: Entering directory '/<<PKGBUILDDIR>>/obj-x86_64-linux-gnu'
/usr/bin/cmake -S/<<PKGBUILDDIR>>/console -B/<<PKGBUILDDIR>>/obj-x86_64-linux-gnu --check-build-system CMakeFiles/Makefile.cmake 0
/usr/bin/cmake -E cmake_progress_start /<<PKGBUILDDIR>>/obj-x86_64-linux-gnu/CMakeFiles /<<PKGBUILDDIR>>/obj-x86_64-linux-gnu//CMakeFiles/progress.marks
make  -f CMakeFiles/Makefile2 all
make[3]: Entering directory '/<<PKGBUILDDIR>>/obj-x86_64-linux-gnu'
make  -f CMakeFiles/dcm2niibatch.dir/build.make CMakeFiles/dcm2niibatch.dir/depend
make  -f CMakeFiles/dcm2niix.dir/build.make CMakeFiles/dcm2niix.dir/depend
make[4]: Entering directory '/<<PKGBUILDDIR>>/obj-x86_64-linux-gnu'
cd /<<PKGBUILDDIR>>/obj-x86_64-linux-gnu && /usr/bin/cmake -E cmake_depends "Unix Makefiles" /<<PKGBUILDDIR>>/console /<<PKGBUILDDIR>>/console /<<PKGBUILDDIR>>/obj-x86_64-linux-gnu /<<PKGBUILDDIR>>/obj-x86_64-linux-gnu /<<PKGBUILDDIR>>/obj-x86_64-linux-gnu/CMakeFiles/dcm2niibatch.dir/DependInfo.cmake --color=
make[4]: Entering directory '/<<PKGBUILDDIR>>/obj-x86_64-linux-gnu'
cd /<<PKGBUILDDIR>>/obj-x86_64-linux-gnu && /usr/bin/cmake -E cmake_depends "Unix Makefiles" /<<PKGBUILDDIR>>/console /<<PKGBUILDDIR>>/console /<<PKGBUILDDIR>>/obj-x86_64-linux-gnu /<<PKGBUILDDIR>>/obj-x86_64-linux-gnu /<<PKGBUILDDIR>>/obj-x86_64-linux-gnu/CMakeFiles/dcm2niix.dir/DependInfo.cmake --color=
make[4]: Leaving directory '/<<PKGBUILDDIR>>/obj-x86_64-linux-gnu'
make  -f CMakeFiles/dcm2niibatch.dir/build.make CMakeFiles/dcm2niibatch.dir/build
make[4]: Leaving directory '/<<PKGBUILDDIR>>/obj-x86_64-linux-gnu'
make  -f CMakeFiles/dcm2niix.dir/build.make CMakeFiles/dcm2niix.dir/build
make[4]: Entering directory '/<<PKGBUILDDIR>>/obj-x86_64-linux-gnu'
make[4]: Entering directory '/<<PKGBUILDDIR>>/obj-x86_64-linux-gnu'
[  5%] Building CXX object CMakeFiles/dcm2niibatch.dir/main_console_batch.cpp.o
/usr/bin/c++ -DmyTurboJPEG -I/<<PKGBUILDDIR>>/console/include -I/usr/include/openjpeg-2.4 -g -O2 -ffile-prefix-map=/<<PKGBUILDDIR>>=. -fstack-protector-strong -Wformat -Werror=format-security -Wall -pedantic -Wdate-time -D_FORTIFY_SOURCE=2 -msse2 -mfpmath=sse -std=c++11   -fno-caret-diagnostics -MD -MT CMakeFiles/dcm2niibatch.dir/main_console_batch.cpp.o -MF CMakeFiles/dcm2niibatch.dir/main_console_batch.cpp.o.d -o CMakeFiles/dcm2niibatch.dir/main_console_batch.cpp.o -c /<<PKGBUILDDIR>>/console/main_console_batch.cpp
[ 11%] Building CXX object CMakeFiles/dcm2niibatch.dir/nii_dicom.cpp.o
[ 16%] Building CXX object CMakeFiles/dcm2niibatch.dir/jpg_0XC3.cpp.o
[ 22%] Building CXX object CMakeFiles/dcm2niix.dir/main_console.cpp.o
/usr/bin/c++ -DmyTurboJPEG -I/<<PKGBUILDDIR>>/console/include -I/usr/include/openjpeg-2.4 -g -O2 -ffile-prefix-map=/<<PKGBUILDDIR>>=. -fstack-protector-strong -Wformat -Werror=format-security -Wall -pedantic -Wdate-time -D_FORTIFY_SOURCE=2 -msse2 -mfpmath=sse -std=c++11   -fno-caret-diagnostics -MD -MT CMakeFiles/dcm2niibatch.dir/nii_dicom.cpp.o -MF CMakeFiles/dcm2niibatch.dir/nii_dicom.cpp.o.d -o CMakeFiles/dcm2niibatch.dir/nii_dicom.cpp.o -c /<<PKGBUILDDIR>>/console/nii_dicom.cpp
/usr/bin/c++ -DmyTurboJPEG -I/<<PKGBUILDDIR>>/console/include -I/usr/include/openjpeg-2.4 -g -O2 -ffile-prefix-map=/<<PKGBUILDDIR>>=. -fstack-protector-strong -Wformat -Werror=format-security -Wall -pedantic -Wdate-time -D_FORTIFY_SOURCE=2 -msse2 -mfpmath=sse -std=c++11   -fno-caret-diagnostics -MD -MT CMakeFiles/dcm2niibatch.dir/jpg_0XC3.cpp.o -MF CMakeFiles/dcm2niibatch.dir/jpg_0XC3.cpp.o.d -o CMakeFiles/dcm2niibatch.dir/jpg_0XC3.cpp.o -c /<<PKGBUILDDIR>>/console/jpg_0XC3.cpp
/usr/bin/c++ -DmyTurboJPEG -I/usr/include/openjpeg-2.4 -g -O2 -ffile-prefix-map=/<<PKGBUILDDIR>>=. -fstack-protector-strong -Wformat -Werror=format-security -Wall -pedantic -Wdate-time -D_FORTIFY_SOURCE=2 -msse2 -mfpmath=sse -std=c++11   -fno-caret-diagnostics -MD -MT CMakeFiles/dcm2niix.dir/main_console.cpp.o -MF CMakeFiles/dcm2niix.dir/main_console.cpp.o.d -o CMakeFiles/dcm2niix.dir/main_console.cpp.o -c /<<PKGBUILDDIR>>/console/main_console.cpp
/<<PKGBUILDDIR>>/console/nii_dicom.cpp:4602:80: warning: '&&' within '||' [-Wlogical-op-parentheses]
/<<PKGBUILDDIR>>/console/nii_dicom.cpp:4602:80: note: place parentheses around the '&&' expression to silence this warning
[ 27%] Building CXX object CMakeFiles/dcm2niix.dir/nii_dicom.cpp.o
/usr/bin/c++ -DmyTurboJPEG -I/usr/include/openjpeg-2.4 -g -O2 -ffile-prefix-map=/<<PKGBUILDDIR>>=. -fstack-protector-strong -Wformat -Werror=format-security -Wall -pedantic -Wdate-time -D_FORTIFY_SOURCE=2 -msse2 -mfpmath=sse -std=c++11   -fno-caret-diagnostics -MD -MT CMakeFiles/dcm2niix.dir/nii_dicom.cpp.o -MF CMakeFiles/dcm2niix.dir/nii_dicom.cpp.o.d -o CMakeFiles/dcm2niix.dir/nii_dicom.cpp.o -c /<<PKGBUILDDIR>>/console/nii_dicom.cpp
[ 33%] Building CXX object CMakeFiles/dcm2niibatch.dir/ujpeg.cpp.o
/usr/bin/c++ -DmyTurboJPEG -I/<<PKGBUILDDIR>>/console/include -I/usr/include/openjpeg-2.4 -g -O2 -ffile-prefix-map=/<<PKGBUILDDIR>>=. -fstack-protector-strong -Wformat -Werror=format-security -Wall -pedantic -Wdate-time -D_FORTIFY_SOURCE=2 -msse2 -mfpmath=sse -std=c++11   -fno-caret-diagnostics -MD -MT CMakeFiles/dcm2niibatch.dir/ujpeg.cpp.o -MF CMakeFiles/dcm2niibatch.dir/ujpeg.cpp.o.d -o CMakeFiles/dcm2niibatch.dir/ujpeg.cpp.o -c /<<PKGBUILDDIR>>/console/ujpeg.cpp
/<<PKGBUILDDIR>>/console/nii_dicom.cpp:4602:80: warning: '&&' within '||' [-Wlogical-op-parentheses]
/<<PKGBUILDDIR>>/console/nii_dicom.cpp:4602:80: note: place parentheses around the '&&' expression to silence this warning
[ 38%] Building CXX object CMakeFiles/dcm2niibatch.dir/nifti1_io_core.cpp.o
/usr/bin/c++ -DmyTurboJPEG -I/<<PKGBUILDDIR>>/console/include -I/usr/include/openjpeg-2.4 -g -O2 -ffile-prefix-map=/<<PKGBUILDDIR>>=. -fstack-protector-strong -Wformat -Werror=format-security -Wall -pedantic -Wdate-time -D_FORTIFY_SOURCE=2 -msse2 -mfpmath=sse -std=c++11   -fno-caret-diagnostics -MD -MT CMakeFiles/dcm2niibatch.dir/nifti1_io_core.cpp.o -MF CMakeFiles/dcm2niibatch.dir/nifti1_io_core.cpp.o.d -o CMakeFiles/dcm2niibatch.dir/nifti1_io_core.cpp.o -c /<<PKGBUILDDIR>>/console/nifti1_io_core.cpp
[ 44%] Building CXX object CMakeFiles/dcm2niibatch.dir/nii_foreign.cpp.o
/usr/bin/c++ -DmyTurboJPEG -I/<<PKGBUILDDIR>>/console/include -I/usr/include/openjpeg-2.4 -g -O2 -ffile-prefix-map=/<<PKGBUILDDIR>>=. -fstack-protector-strong -Wformat -Werror=format-security -Wall -pedantic -Wdate-time -D_FORTIFY_SOURCE=2 -msse2 -mfpmath=sse -std=c++11   -fno-caret-diagnostics -MD -MT CMakeFiles/dcm2niibatch.dir/nii_foreign.cpp.o -MF CMakeFiles/dcm2niibatch.dir/nii_foreign.cpp.o.d -o CMakeFiles/dcm2niibatch.dir/nii_foreign.cpp.o -c /<<PKGBUILDDIR>>/console/nii_foreign.cpp
[ 50%] Building CXX object CMakeFiles/dcm2niibatch.dir/nii_ortho.cpp.o
/usr/bin/c++ -DmyTurboJPEG -I/<<PKGBUILDDIR>>/console/include -I/usr/include/openjpeg-2.4 -g -O2 -ffile-prefix-map=/<<PKGBUILDDIR>>=. -fstack-protector-strong -Wformat -Werror=format-security -Wall -pedantic -Wdate-time -D_FORTIFY_SOURCE=2 -msse2 -mfpmath=sse -std=c++11   -fno-caret-diagnostics -MD -MT CMakeFiles/dcm2niibatch.dir/nii_ortho.cpp.o -MF CMakeFiles/dcm2niibatch.dir/nii_ortho.cpp.o.d -o CMakeFiles/dcm2niibatch.dir/nii_ortho.cpp.o -c /<<PKGBUILDDIR>>/console/nii_ortho.cpp
[ 55%] Building CXX object CMakeFiles/dcm2niibatch.dir/nii_dicom_batch.cpp.o
/usr/bin/c++ -DmyTurboJPEG -I/<<PKGBUILDDIR>>/console/include -I/usr/include/openjpeg-2.4 -g -O2 -ffile-prefix-map=/<<PKGBUILDDIR>>=. -fstack-protector-strong -Wformat -Werror=format-security -Wall -pedantic -Wdate-time -D_FORTIFY_SOURCE=2 -msse2 -mfpmath=sse -std=c++11   -fno-caret-diagnostics -MD -MT CMakeFiles/dcm2niibatch.dir/nii_dicom_batch.cpp.o -MF CMakeFiles/dcm2niibatch.dir/nii_dicom_batch.cpp.o.d -o CMakeFiles/dcm2niibatch.dir/nii_dicom_batch.cpp.o -c /<<PKGBUILDDIR>>/console/nii_dicom_batch.cpp
[ 61%] Building CXX object CMakeFiles/dcm2niix.dir/jpg_0XC3.cpp.o
/usr/bin/c++ -DmyTurboJPEG -I/usr/include/openjpeg-2.4 -g -O2 -ffile-prefix-map=/<<PKGBUILDDIR>>=. -fstack-protector-strong -Wformat -Werror=format-security -Wall -pedantic -Wdate-time -D_FORTIFY_SOURCE=2 -msse2 -mfpmath=sse -std=c++11   -fno-caret-diagnostics -MD -MT CMakeFiles/dcm2niix.dir/jpg_0XC3.cpp.o -MF CMakeFiles/dcm2niix.dir/jpg_0XC3.cpp.o.d -o CMakeFiles/dcm2niix.dir/jpg_0XC3.cpp.o -c /<<PKGBUILDDIR>>/console/jpg_0XC3.cpp
/<<PKGBUILDDIR>>/console/nii_dicom_batch.cpp:1927:14: warning: use of GNU statement expression extension [-Wgnu-statement-expression]
/<<PKGBUILDDIR>>/console/nii_dicom_batch.cpp:93:3: note: expanded from macro 'max'
/<<PKGBUILDDIR>>/console/nii_dicom_batch.cpp:2637:12: warning: use of GNU statement expression extension [-Wgnu-statement-expression]
/<<PKGBUILDDIR>>/console/nii_dicom_batch.cpp:100:3: note: expanded from macro 'min'
/<<PKGBUILDDIR>>/console/nii_dicom_batch.cpp:2638:12: warning: use of GNU statement expression extension [-Wgnu-statement-expression]
/<<PKGBUILDDIR>>/console/nii_dicom_batch.cpp:93:3: note: expanded from macro 'max'
/<<PKGBUILDDIR>>/console/nii_dicom_batch.cpp:2640:19: warning: use of GNU statement expression extension [-Wgnu-statement-expression]
/<<PKGBUILDDIR>>/console/nii_dicom_batch.cpp:93:3: note: expanded from macro 'max'
/<<PKGBUILDDIR>>/console/nii_dicom_batch.cpp:2642:17: warning: use of GNU statement expression extension [-Wgnu-statement-expression]
/<<PKGBUILDDIR>>/console/nii_dicom_batch.cpp:100:3: note: expanded from macro 'min'
/<<PKGBUILDDIR>>/console/nii_dicom_batch.cpp:2643:17: warning: use of GNU statement expression extension [-Wgnu-statement-expression]
/<<PKGBUILDDIR>>/console/nii_dicom_batch.cpp:93:3: note: expanded from macro 'max'
/<<PKGBUILDDIR>>/console/nii_dicom_batch.cpp:2644:14: warning: use of GNU statement expression extension [-Wgnu-statement-expression]
/<<PKGBUILDDIR>>/console/nii_dicom_batch.cpp:93:3: note: expanded from macro 'max'
/<<PKGBUILDDIR>>/console/nii_dicom_batch.cpp:2668:15: warning: use of GNU statement expression extension [-Wgnu-statement-expression]
/<<PKGBUILDDIR>>/console/nii_dicom_batch.cpp:93:3: note: expanded from macro 'max'
/<<PKGBUILDDIR>>/console/nii_dicom_batch.cpp:2693:15: warning: use of GNU statement expression extension [-Wgnu-statement-expression]
/<<PKGBUILDDIR>>/console/nii_dicom_batch.cpp:100:3: note: expanded from macro 'min'
/<<PKGBUILDDIR>>/console/nii_dicom_batch.cpp:2694:15: warning: use of GNU statement expression extension [-Wgnu-statement-expression]
/<<PKGBUILDDIR>>/console/nii_dicom_batch.cpp:93:3: note: expanded from macro 'max'
/<<PKGBUILDDIR>>/console/nii_dicom_batch.cpp:3663:17: warning: unused variable 'pHdr' [-Wunused-variable]
/<<PKGBUILDDIR>>/console/nii_dicom_batch.cpp:3748:16: warning: use of GNU statement expression extension [-Wgnu-statement-expression]
/<<PKGBUILDDIR>>/console/nii_dicom_batch.cpp:93:3: note: expanded from macro 'max'
/<<PKGBUILDDIR>>/console/nii_dicom_batch.cpp:3723:6: warning: unused variable 'n' [-Wunused-variable]
/<<PKGBUILDDIR>>/console/nii_dicom_batch.cpp:4110:9: warning: use of GNU statement expression extension [-Wgnu-statement-expression]
/<<PKGBUILDDIR>>/console/nii_dicom_batch.cpp:100:3: note: expanded from macro 'min'
/<<PKGBUILDDIR>>/console/nii_dicom_batch.cpp:4111:9: warning: use of GNU statement expression extension [-Wgnu-statement-expression]
/<<PKGBUILDDIR>>/console/nii_dicom_batch.cpp:93:3: note: expanded from macro 'max'
/<<PKGBUILDDIR>>/console/nii_dicom_batch.cpp:4131:9: warning: use of GNU statement expression extension [-Wgnu-statement-expression]
/<<PKGBUILDDIR>>/console/nii_dicom_batch.cpp:100:3: note: expanded from macro 'min'
/<<PKGBUILDDIR>>/console/nii_dicom_batch.cpp:4132:9: warning: use of GNU statement expression extension [-Wgnu-statement-expression]
/<<PKGBUILDDIR>>/console/nii_dicom_batch.cpp:93:3: note: expanded from macro 'max'
/<<PKGBUILDDIR>>/console/nii_dicom_batch.cpp:5186:8: warning: use of GNU statement expression extension [-Wgnu-statement-expression]
/<<PKGBUILDDIR>>/console/nii_dicom_batch.cpp:100:3: note: expanded from macro 'min'
/<<PKGBUILDDIR>>/console/nii_dicom_batch.cpp:5211:6: warning: unused variable 'nDiscardedSlices' [-Wunused-variable]
/<<PKGBUILDDIR>>/console/nii_dicom_batch.cpp:5285:6: warning: unused variable 'ver1' [-Wunused-variable]
/<<PKGBUILDDIR>>/console/nii_dicom_batch.cpp:5285:12: warning: unused variable 'ver2' [-Wunused-variable]
/<<PKGBUILDDIR>>/console/nii_dicom_batch.cpp:5285:18: warning: unused variable 'ver3' [-Wunused-variable]
/<<PKGBUILDDIR>>/console/nii_dicom_batch.cpp:5318:8: warning: use of GNU statement expression extension [-Wgnu-statement-expression]
/<<PKGBUILDDIR>>/console/nii_dicom_batch.cpp:100:3: note: expanded from macro 'min'
/<<PKGBUILDDIR>>/console/nii_dicom_batch.cpp:5325:11: warning: use of GNU statement expression extension [-Wgnu-statement-expression]
/<<PKGBUILDDIR>>/console/nii_dicom_batch.cpp:93:3: note: expanded from macro 'max'
/<<PKGBUILDDIR>>/console/nii_dicom_batch.cpp:5402:12: warning: use of GNU statement expression extension [-Wgnu-statement-expression]
/<<PKGBUILDDIR>>/console/nii_dicom_batch.cpp:93:3: note: expanded from macro 'max'
/<<PKGBUILDDIR>>/console/nii_dicom_batch.cpp:5405:27: warning: use of GNU statement expression extension [-Wgnu-statement-expression]
/<<PKGBUILDDIR>>/console/nii_dicom_batch.cpp:93:3: note: expanded from macro 'max'
/<<PKGBUILDDIR>>/console/nii_dicom_batch.cpp:5725:9: warning: unused variable 'sz' [-Wunused-variable]
/<<PKGBUILDDIR>>/console/nii_dicom_batch.cpp:5924:15: warning: use of GNU statement expression extension [-Wgnu-statement-expression]
/<<PKGBUILDDIR>>/console/nii_dicom_batch.cpp:100:3: note: expanded from macro 'min'
/<<PKGBUILDDIR>>/console/nii_dicom_batch.cpp:5925:15: warning: use of GNU statement expression extension [-Wgnu-statement-expression]
/<<PKGBUILDDIR>>/console/nii_dicom_batch.cpp:93:3: note: expanded from macro 'max'
/<<PKGBUILDDIR>>/console/nii_dicom_batch.cpp:5931:39: warning: use of GNU statement expression extension [-Wgnu-statement-expression]
/<<PKGBUILDDIR>>/console/nii_dicom_batch.cpp:93:3: note: expanded from macro 'max'
[ 66%] Building CXX object CMakeFiles/dcm2niix.dir/ujpeg.cpp.o
/usr/bin/c++ -DmyTurboJPEG -I/usr/include/openjpeg-2.4 -g -O2 -ffile-prefix-map=/<<PKGBUILDDIR>>=. -fstack-protector-strong -Wformat -Werror=format-security -Wall -pedantic -Wdate-time -D_FORTIFY_SOURCE=2 -msse2 -mfpmath=sse -std=c++11   -fno-caret-diagnostics -MD -MT CMakeFiles/dcm2niix.dir/ujpeg.cpp.o -MF CMakeFiles/dcm2niix.dir/ujpeg.cpp.o.d -o CMakeFiles/dcm2niix.dir/ujpeg.cpp.o -c /<<PKGBUILDDIR>>/console/ujpeg.cpp
[ 72%] Building CXX object CMakeFiles/dcm2niix.dir/nifti1_io_core.cpp.o
/usr/bin/c++ -DmyTurboJPEG -I/usr/include/openjpeg-2.4 -g -O2 -ffile-prefix-map=/<<PKGBUILDDIR>>=. -fstack-protector-strong -Wformat -Werror=format-security -Wall -pedantic -Wdate-time -D_FORTIFY_SOURCE=2 -msse2 -mfpmath=sse -std=c++11   -fno-caret-diagnostics -MD -MT CMakeFiles/dcm2niix.dir/nifti1_io_core.cpp.o -MF CMakeFiles/dcm2niix.dir/nifti1_io_core.cpp.o.d -o CMakeFiles/dcm2niix.dir/nifti1_io_core.cpp.o -c /<<PKGBUILDDIR>>/console/nifti1_io_core.cpp
[ 77%] Building CXX object CMakeFiles/dcm2niix.dir/nii_foreign.cpp.o
/usr/bin/c++ -DmyTurboJPEG -I/usr/include/openjpeg-2.4 -g -O2 -ffile-prefix-map=/<<PKGBUILDDIR>>=. -fstack-protector-strong -Wformat -Werror=format-security -Wall -pedantic -Wdate-time -D_FORTIFY_SOURCE=2 -msse2 -mfpmath=sse -std=c++11   -fno-caret-diagnostics -MD -MT CMakeFiles/dcm2niix.dir/nii_foreign.cpp.o -MF CMakeFiles/dcm2niix.dir/nii_foreign.cpp.o.d -o CMakeFiles/dcm2niix.dir/nii_foreign.cpp.o -c /<<PKGBUILDDIR>>/console/nii_foreign.cpp
[ 83%] Building CXX object CMakeFiles/dcm2niix.dir/nii_ortho.cpp.o
/usr/bin/c++ -DmyTurboJPEG -I/usr/include/openjpeg-2.4 -g -O2 -ffile-prefix-map=/<<PKGBUILDDIR>>=. -fstack-protector-strong -Wformat -Werror=format-security -Wall -pedantic -Wdate-time -D_FORTIFY_SOURCE=2 -msse2 -mfpmath=sse -std=c++11   -fno-caret-diagnostics -MD -MT CMakeFiles/dcm2niix.dir/nii_ortho.cpp.o -MF CMakeFiles/dcm2niix.dir/nii_ortho.cpp.o.d -o CMakeFiles/dcm2niix.dir/nii_ortho.cpp.o -c /<<PKGBUILDDIR>>/console/nii_ortho.cpp
[ 88%] Building CXX object CMakeFiles/dcm2niix.dir/nii_dicom_batch.cpp.o
/usr/bin/c++ -DmyTurboJPEG -I/usr/include/openjpeg-2.4 -g -O2 -ffile-prefix-map=/<<PKGBUILDDIR>>=. -fstack-protector-strong -Wformat -Werror=format-security -Wall -pedantic -Wdate-time -D_FORTIFY_SOURCE=2 -msse2 -mfpmath=sse -std=c++11   -fno-caret-diagnostics -MD -MT CMakeFiles/dcm2niix.dir/nii_dicom_batch.cpp.o -MF CMakeFiles/dcm2niix.dir/nii_dicom_batch.cpp.o.d -o CMakeFiles/dcm2niix.dir/nii_dicom_batch.cpp.o -c /<<PKGBUILDDIR>>/console/nii_dicom_batch.cpp
/<<PKGBUILDDIR>>/console/nii_dicom_batch.cpp:1927:14: warning: use of GNU statement expression extension [-Wgnu-statement-expression]
/<<PKGBUILDDIR>>/console/nii_dicom_batch.cpp:93:3: note: expanded from macro 'max'
/<<PKGBUILDDIR>>/console/nii_dicom_batch.cpp:2637:12: warning: use of GNU statement expression extension [-Wgnu-statement-expression]
/<<PKGBUILDDIR>>/console/nii_dicom_batch.cpp:100:3: note: expanded from macro 'min'
/<<PKGBUILDDIR>>/console/nii_dicom_batch.cpp:2638:12: warning: use of GNU statement expression extension [-Wgnu-statement-expression]
/<<PKGBUILDDIR>>/console/nii_dicom_batch.cpp:93:3: note: expanded from macro 'max'
/<<PKGBUILDDIR>>/console/nii_dicom_batch.cpp:2640:19: warning: use of GNU statement expression extension [-Wgnu-statement-expression]
/<<PKGBUILDDIR>>/console/nii_dicom_batch.cpp:93:3: note: expanded from macro 'max'
/<<PKGBUILDDIR>>/console/nii_dicom_batch.cpp:2642:17: warning: use of GNU statement expression extension [-Wgnu-statement-expression]
/<<PKGBUILDDIR>>/console/nii_dicom_batch.cpp:100:3: note: expanded from macro 'min'
/<<PKGBUILDDIR>>/console/nii_dicom_batch.cpp:2643:17: warning: use of GNU statement expression extension [-Wgnu-statement-expression]
/<<PKGBUILDDIR>>/console/nii_dicom_batch.cpp:93:3: note: expanded from macro 'max'
/<<PKGBUILDDIR>>/console/nii_dicom_batch.cpp:2644:14: warning: use of GNU statement expression extension [-Wgnu-statement-expression]
/<<PKGBUILDDIR>>/console/nii_dicom_batch.cpp:93:3: note: expanded from macro 'max'
/<<PKGBUILDDIR>>/console/nii_dicom_batch.cpp:2668:15: warning: use of GNU statement expression extension [-Wgnu-statement-expression]
/<<PKGBUILDDIR>>/console/nii_dicom_batch.cpp:93:3: note: expanded from macro 'max'
/<<PKGBUILDDIR>>/console/nii_dicom_batch.cpp:2693:15: warning: use of GNU statement expression extension [-Wgnu-statement-expression]
/<<PKGBUILDDIR>>/console/nii_dicom_batch.cpp:100:3: note: expanded from macro 'min'
/<<PKGBUILDDIR>>/console/nii_dicom_batch.cpp:2694:15: warning: use of GNU statement expression extension [-Wgnu-statement-expression]
/<<PKGBUILDDIR>>/console/nii_dicom_batch.cpp:93:3: note: expanded from macro 'max'
/<<PKGBUILDDIR>>/console/nii_dicom_batch.cpp:3663:17: warning: unused variable 'pHdr' [-Wunused-variable]
/<<PKGBUILDDIR>>/console/nii_dicom_batch.cpp:3748:16: warning: use of GNU statement expression extension [-Wgnu-statement-expression]
/<<PKGBUILDDIR>>/console/nii_dicom_batch.cpp:93:3: note: expanded from macro 'max'
/<<PKGBUILDDIR>>/console/nii_dicom_batch.cpp:3723:6: warning: unused variable 'n' [-Wunused-variable]
/<<PKGBUILDDIR>>/console/nii_dicom_batch.cpp:4110:9: warning: use of GNU statement expression extension [-Wgnu-statement-expression]
/<<PKGBUILDDIR>>/console/nii_dicom_batch.cpp:100:3: note: expanded from macro 'min'
/<<PKGBUILDDIR>>/console/nii_dicom_batch.cpp:4111:9: warning: use of GNU statement expression extension [-Wgnu-statement-expression]
/<<PKGBUILDDIR>>/console/nii_dicom_batch.cpp:93:3: note: expanded from macro 'max'
/<<PKGBUILDDIR>>/console/nii_dicom_batch.cpp:4131:9: warning: use of GNU statement expression extension [-Wgnu-statement-expression]
/<<PKGBUILDDIR>>/console/nii_dicom_batch.cpp:100:3: note: expanded from macro 'min'
/<<PKGBUILDDIR>>/console/nii_dicom_batch.cpp:4132:9: warning: use of GNU statement expression extension [-Wgnu-statement-expression]
/<<PKGBUILDDIR>>/console/nii_dicom_batch.cpp:93:3: note: expanded from macro 'max'
/<<PKGBUILDDIR>>/console/nii_dicom_batch.cpp:5186:8: warning: use of GNU statement expression extension [-Wgnu-statement-expression]
/<<PKGBUILDDIR>>/console/nii_dicom_batch.cpp:100:3: note: expanded from macro 'min'
/<<PKGBUILDDIR>>/console/nii_dicom_batch.cpp:5211:6: warning: unused variable 'nDiscardedSlices' [-Wunused-variable]
/<<PKGBUILDDIR>>/console/nii_dicom_batch.cpp:5285:6: warning: unused variable 'ver1' [-Wunused-variable]
/<<PKGBUILDDIR>>/console/nii_dicom_batch.cpp:5285:12: warning: unused variable 'ver2' [-Wunused-variable]
/<<PKGBUILDDIR>>/console/nii_dicom_batch.cpp:5285:18: warning: unused variable 'ver3' [-Wunused-variable]
/<<PKGBUILDDIR>>/console/nii_dicom_batch.cpp:5318:8: warning: use of GNU statement expression extension [-Wgnu-statement-expression]
/<<PKGBUILDDIR>>/console/nii_dicom_batch.cpp:100:3: note: expanded from macro 'min'
/<<PKGBUILDDIR>>/console/nii_dicom_batch.cpp:5325:11: warning: use of GNU statement expression extension [-Wgnu-statement-expression]
/<<PKGBUILDDIR>>/console/nii_dicom_batch.cpp:93:3: note: expanded from macro 'max'
/<<PKGBUILDDIR>>/console/nii_dicom_batch.cpp:5402:12: warning: use of GNU statement expression extension [-Wgnu-statement-expression]
/<<PKGBUILDDIR>>/console/nii_dicom_batch.cpp:93:3: note: expanded from macro 'max'
/<<PKGBUILDDIR>>/console/nii_dicom_batch.cpp:5405:27: warning: use of GNU statement expression extension [-Wgnu-statement-expression]
/<<PKGBUILDDIR>>/console/nii_dicom_batch.cpp:93:3: note: expanded from macro 'max'
/<<PKGBUILDDIR>>/console/nii_dicom_batch.cpp:5725:9: warning: unused variable 'sz' [-Wunused-variable]
/<<PKGBUILDDIR>>/console/nii_dicom_batch.cpp:5924:15: warning: use of GNU statement expression extension [-Wgnu-statement-expression]
/<<PKGBUILDDIR>>/console/nii_dicom_batch.cpp:100:3: note: expanded from macro 'min'
/<<PKGBUILDDIR>>/console/nii_dicom_batch.cpp:5925:15: warning: use of GNU statement expression extension [-Wgnu-statement-expression]
/<<PKGBUILDDIR>>/console/nii_dicom_batch.cpp:93:3: note: expanded from macro 'max'
/<<PKGBUILDDIR>>/console/nii_dicom_batch.cpp:5931:39: warning: use of GNU statement expression extension [-Wgnu-statement-expression]
/<<PKGBUILDDIR>>/console/nii_dicom_batch.cpp:93:3: note: expanded from macro 'max'
[ 94%] Linking CXX executable dcm2niibatch
/usr/bin/cmake -E cmake_link_script CMakeFiles/dcm2niibatch.dir/link.txt --verbose=1
/usr/bin/c++ -g -O2 -ffile-prefix-map=/<<PKGBUILDDIR>>=. -fstack-protector-strong -Wformat -Werror=format-security -Wall -pedantic -Wdate-time -D_FORTIFY_SOURCE=2 -msse2 -mfpmath=sse -std=c++11 -Wl,-z,relro -Wl,-z,now -Wl,-dead_strip -rdynamic CMakeFiles/dcm2niibatch.dir/main_console_batch.cpp.o CMakeFiles/dcm2niibatch.dir/nii_dicom.cpp.o CMakeFiles/dcm2niibatch.dir/jpg_0XC3.cpp.o CMakeFiles/dcm2niibatch.dir/ujpeg.cpp.o CMakeFiles/dcm2niibatch.dir/nifti1_io_core.cpp.o CMakeFiles/dcm2niibatch.dir/nii_foreign.cpp.o CMakeFiles/dcm2niibatch.dir/nii_ortho.cpp.o CMakeFiles/dcm2niibatch.dir/nii_dicom_batch.cpp.o -o dcm2niibatch  /usr/lib/x86_64-linux-gnu/libyaml-cpp.so.0.6.3 -lturbojpeg /usr/lib/x86_64-linux-gnu/libopenjp2.so.2.4.0 -lm -lpthread 
/usr/bin/ld: Error: unable to disambiguate: -dead_strip (did you mean --dead_strip ?)
clang: error: linker command failed with exit code 1 (use -v to see invocation)
make[4]: *** [CMakeFiles/dcm2niibatch.dir/build.make:214: dcm2niibatch] Error 1
make[4]: Leaving directory '/<<PKGBUILDDIR>>/obj-x86_64-linux-gnu'
make[3]: *** [CMakeFiles/Makefile2:88: CMakeFiles/dcm2niibatch.dir/all] Error 2
make[3]: *** Waiting for unfinished jobs....
[100%] Linking CXX executable dcm2niix
/usr/bin/cmake -E cmake_link_script CMakeFiles/dcm2niix.dir/link.txt --verbose=1
/usr/bin/c++ -g -O2 -ffile-prefix-map=/<<PKGBUILDDIR>>=. -fstack-protector-strong -Wformat -Werror=format-security -Wall -pedantic -Wdate-time -D_FORTIFY_SOURCE=2 -msse2 -mfpmath=sse -std=c++11 -Wl,-z,relro -Wl,-z,now -Wl,-dead_strip -rdynamic CMakeFiles/dcm2niix.dir/main_console.cpp.o CMakeFiles/dcm2niix.dir/nii_dicom.cpp.o CMakeFiles/dcm2niix.dir/jpg_0XC3.cpp.o CMakeFiles/dcm2niix.dir/ujpeg.cpp.o CMakeFiles/dcm2niix.dir/nifti1_io_core.cpp.o CMakeFiles/dcm2niix.dir/nii_foreign.cpp.o CMakeFiles/dcm2niix.dir/nii_ortho.cpp.o CMakeFiles/dcm2niix.dir/nii_dicom_batch.cpp.o -o dcm2niix  -lturbojpeg /usr/lib/x86_64-linux-gnu/libopenjp2.so.2.4.0 -lm -lpthread 
/usr/bin/ld: Error: unable to disambiguate: -dead_strip (did you mean --dead_strip ?)
clang: error: linker command failed with exit code 1 (use -v to see invocation)
make[4]: *** [CMakeFiles/dcm2niix.dir/build.make:213: dcm2niix] Error 1
make[4]: Leaving directory '/<<PKGBUILDDIR>>/obj-x86_64-linux-gnu'
make[3]: *** [CMakeFiles/Makefile2:114: CMakeFiles/dcm2niix.dir/all] Error 2
make[3]: Leaving directory '/<<PKGBUILDDIR>>/obj-x86_64-linux-gnu'
make[2]: *** [Makefile:139: all] Error 2
make[2]: Leaving directory '/<<PKGBUILDDIR>>/obj-x86_64-linux-gnu'
dh_auto_build: error: cd obj-x86_64-linux-gnu && make -j4 "INSTALL=install --strip-program=true" VERBOSE=1 returned exit code 2
make[1]: *** [debian/rules:25: override_dh_auto_build] Error 25
make[1]: Leaving directory '/<<PKGBUILDDIR>>'
make: *** [debian/rules:11: binary] Error 2
dpkg-buildpackage: error: debian/rules binary subprocess returned exit status 2
--------------------------------------------------------------------------------
Build finished at 2021-10-26T22:57:16Z

Finished
--------


+------------------------------------------------------------------------------+
| Cleanup                                                                      |
+------------------------------------------------------------------------------+

Purging /<<BUILDDIR>>
Not cleaning session: cloned chroot in use
E: Build failure (dpkg-buildpackage died)

+------------------------------------------------------------------------------+
| Summary                                                                      |
+------------------------------------------------------------------------------+

Build Architecture: amd64
Build Type: binary
Build-Space: 7540
Build-Time: 14
Distribution: unstable
Fail-Stage: build
Host Architecture: amd64
Install-Time: 20
Job: dcm2niix_1.0.20211006-1
Machine Architecture: amd64
Package: dcm2niix
Package-Time: 55
Source-Version: 1.0.20211006-1
Space: 7540
Status: attempted
Version: 1.0.20211006-1
--------------------------------------------------------------------------------
Finished at 2021-10-26T22:57:16Z
Build needed 00:00:55, 7540k disk space
E: Build failure (dpkg-buildpackage died)
DC-Status: Failed 55.642825924s
