DC-Build-Header: emacsql 3.0.0+ds-2 / 2021-10-26 23:02:47 +0000
DC-Task: type:rebuild-binarch-only source:emacsql version:3.0.0+ds-2 chroot:unstable esttime:68 logfile:/tmp/emacsql_3.0.0+ds-2_unstable_clang12.log modes:clang12:binarch-only
DC-Sbuild-call: su user42 -c 'sbuild -n --arch-any --apt-update -d unstable -v --no-run-lintian --chroot-setup-commands=/tmp/clang12 emacsql_3.0.0+ds-2'
sbuild (Debian sbuild) 0.78.1 (09 February 2019) on ip-172-31-2-129.eu-central-1.compute.internal

+==============================================================================+
| emacsql 3.0.0+ds-2 (amd64)                   Tue, 26 Oct 2021 23:02:47 +0000 |
+==============================================================================+

Package: emacsql
Version: 3.0.0+ds-2
Source Version: 3.0.0+ds-2
Distribution: unstable
Machine Architecture: amd64
Host Architecture: amd64
Build Architecture: amd64
Build Type: binary

I: NOTICE: Log filtering will replace 'var/run/schroot/mount/sid-amd64-sbuild-4ed18700-1375-46ee-8196-53c64109a9a6' with '<<CHROOT>>'

+------------------------------------------------------------------------------+
| Chroot Setup Commands                                                        |
+------------------------------------------------------------------------------+


/tmp/clang12
------------

+ echo 'Entering customization script...'
Entering customization script...
+ CLANG_VERSION=12
+ echo 'Install of clang-12'
Install of clang-12
+ apt-get update
Get:1 http://127.0.0.1:12990/debian sid InRelease [165 kB]
Get:2 http://127.0.0.1:12990/debian sid/main Sources.diff/Index [63.6 kB]
Get:3 http://127.0.0.1:12990/debian sid/main amd64 Packages.diff/Index [63.6 kB]
Get:4 http://127.0.0.1:12990/debian sid/main Sources T-2021-10-26-2004.40-F-2021-10-26-0202.15.pdiff [47.3 kB]
Get:4 http://127.0.0.1:12990/debian sid/main Sources T-2021-10-26-2004.40-F-2021-10-26-0202.15.pdiff [47.3 kB]
Get:5 http://127.0.0.1:12990/debian sid/main amd64 Packages T-2021-10-26-2004.40-F-2021-10-26-0202.15.pdiff [55.9 kB]
Get:5 http://127.0.0.1:12990/debian sid/main amd64 Packages T-2021-10-26-2004.40-F-2021-10-26-0202.15.pdiff [55.9 kB]
Get:6 http://127.0.0.1:12990/debian sid/main Translation-en [6586 kB]
Fetched 6981 kB in 3s (2742 kB/s)
Reading package lists...
+ apt-get install --yes --no-install-recommends --force-yes clang-12 libomp-12-dev libobjc-9-dev
Reading package lists...
Building dependency tree...
The following additional packages will be installed:
  lib32gcc-s1 lib32stdc++6 libasan5 libbsd0 libc6-i386 libclang-common-12-dev
  libclang-cpp12 libclang1-12 libedit2 libelf1 libgc1 libgcc-9-dev libicu67
  libllvm12 libmd0 libobjc-11-dev libobjc4 libomp5-12 libunwind-12 libxml2
  libz3-4 llvm-12-linker-tools
Suggested packages:
  clang-12-doc libomp-12-doc
Recommended packages:
  llvm-12-dev python3
The following NEW packages will be installed:
  clang-12 lib32gcc-s1 lib32stdc++6 libasan5 libbsd0 libc6-i386
  libclang-common-12-dev libclang-cpp12 libclang1-12 libedit2 libelf1 libgc1
  libgcc-9-dev libicu67 libllvm12 libmd0 libobjc-11-dev libobjc-9-dev libobjc4
  libomp-12-dev libomp5-12 libunwind-12 libxml2 libz3-4 llvm-12-linker-tools
0 upgraded, 25 newly installed, 0 to remove and 0 not upgraded.
Need to get 67.6 MB of archives.
After this operation, 349 MB of additional disk space will be used.
Get:1 http://127.0.0.1:12990/debian sid/main amd64 libmd0 amd64 1.0.4-1 [29.6 kB]
Get:2 http://127.0.0.1:12990/debian sid/main amd64 libbsd0 amd64 0.11.3-1 [108 kB]
Get:3 http://127.0.0.1:12990/debian sid/main amd64 libedit2 amd64 3.1-20210910-1 [97.5 kB]
Get:4 http://127.0.0.1:12990/debian sid/main amd64 libicu67 amd64 67.1-7 [8622 kB]
Get:5 http://127.0.0.1:12990/debian sid/main amd64 libxml2 amd64 2.9.12+dfsg-5 [696 kB]
Get:6 http://127.0.0.1:12990/debian sid/main amd64 libz3-4 amd64 4.8.12-1+b1 [6997 kB]
Get:7 http://127.0.0.1:12990/debian sid/main amd64 libllvm12 amd64 1:12.0.1-15 [19.4 MB]
Get:8 http://127.0.0.1:12990/debian sid/main amd64 libclang-cpp12 amd64 1:12.0.1-15 [9996 kB]
Get:9 http://127.0.0.1:12990/debian sid/main amd64 libgc1 amd64 1:8.0.4-3 [239 kB]
Get:10 http://127.0.0.1:12990/debian sid/main amd64 libobjc4 amd64 11.2.0-10 [43.2 kB]
Get:11 http://127.0.0.1:12990/debian sid/main amd64 libobjc-11-dev amd64 11.2.0-10 [170 kB]
Get:12 http://127.0.0.1:12990/debian sid/main amd64 libc6-i386 amd64 2.32-4 [2624 kB]
Get:13 http://127.0.0.1:12990/debian sid/main amd64 lib32gcc-s1 amd64 11.2.0-10 [49.9 kB]
Get:14 http://127.0.0.1:12990/debian sid/main amd64 lib32stdc++6 amd64 11.2.0-10 [601 kB]
Get:15 http://127.0.0.1:12990/debian sid/main amd64 libclang-common-12-dev amd64 1:12.0.1-15 [4819 kB]
Get:16 http://127.0.0.1:12990/debian sid/main amd64 llvm-12-linker-tools amd64 1:12.0.1-15 [1222 kB]
Get:17 http://127.0.0.1:12990/debian sid/main amd64 libclang1-12 amd64 1:12.0.1-15 [5644 kB]
Get:18 http://127.0.0.1:12990/debian sid/main amd64 clang-12 amd64 1:12.0.1-15 [117 kB]
Get:19 http://127.0.0.1:12990/debian sid/main amd64 libasan5 amd64 9.4.0-3 [2734 kB]
Get:20 http://127.0.0.1:12990/debian sid/main amd64 libelf1 amd64 0.185-2 [172 kB]
Get:21 http://127.0.0.1:12990/debian sid/main amd64 libgcc-9-dev amd64 9.4.0-3 [2343 kB]
Get:22 http://127.0.0.1:12990/debian sid/main amd64 libobjc-9-dev amd64 9.4.0-3 [219 kB]
Get:23 http://127.0.0.1:12990/debian sid/main amd64 libunwind-12 amd64 1:12.0.1-15 [63.9 kB]
Get:24 http://127.0.0.1:12990/debian sid/main amd64 libomp5-12 amd64 1:12.0.1-15 [405 kB]
Get:25 http://127.0.0.1:12990/debian sid/main amd64 libomp-12-dev amd64 1:12.0.1-15 [104 kB]
debconf: delaying package configuration, since apt-utils is not installed
Fetched 67.6 MB in 0s (144 MB/s)
Selecting previously unselected package libmd0:amd64.
(Reading database ... (Reading database ... 5%(Reading database ... 10%(Reading database ... 15%(Reading database ... 20%(Reading database ... 25%(Reading database ... 30%(Reading database ... 35%(Reading database ... 40%(Reading database ... 45%(Reading database ... 50%(Reading database ... 55%(Reading database ... 60%(Reading database ... 65%(Reading database ... 70%(Reading database ... 75%(Reading database ... 80%(Reading database ... 85%(Reading database ... 90%(Reading database ... 95%(Reading database ... 100%(Reading database ... 12431 files and directories currently installed.)
Preparing to unpack .../00-libmd0_1.0.4-1_amd64.deb ...
Unpacking libmd0:amd64 (1.0.4-1) ...
Selecting previously unselected package libbsd0:amd64.
Preparing to unpack .../01-libbsd0_0.11.3-1_amd64.deb ...
Unpacking libbsd0:amd64 (0.11.3-1) ...
Selecting previously unselected package libedit2:amd64.
Preparing to unpack .../02-libedit2_3.1-20210910-1_amd64.deb ...
Unpacking libedit2:amd64 (3.1-20210910-1) ...
Selecting previously unselected package libicu67:amd64.
Preparing to unpack .../03-libicu67_67.1-7_amd64.deb ...
Unpacking libicu67:amd64 (67.1-7) ...
Selecting previously unselected package libxml2:amd64.
Preparing to unpack .../04-libxml2_2.9.12+dfsg-5_amd64.deb ...
Unpacking libxml2:amd64 (2.9.12+dfsg-5) ...
Selecting previously unselected package libz3-4:amd64.
Preparing to unpack .../05-libz3-4_4.8.12-1+b1_amd64.deb ...
Unpacking libz3-4:amd64 (4.8.12-1+b1) ...
Selecting previously unselected package libllvm12:amd64.
Preparing to unpack .../06-libllvm12_1%3a12.0.1-15_amd64.deb ...
Unpacking libllvm12:amd64 (1:12.0.1-15) ...
Selecting previously unselected package libclang-cpp12.
Preparing to unpack .../07-libclang-cpp12_1%3a12.0.1-15_amd64.deb ...
Unpacking libclang-cpp12 (1:12.0.1-15) ...
Selecting previously unselected package libgc1:amd64.
Preparing to unpack .../08-libgc1_1%3a8.0.4-3_amd64.deb ...
Unpacking libgc1:amd64 (1:8.0.4-3) ...
Selecting previously unselected package libobjc4:amd64.
Preparing to unpack .../09-libobjc4_11.2.0-10_amd64.deb ...
Unpacking libobjc4:amd64 (11.2.0-10) ...
Selecting previously unselected package libobjc-11-dev:amd64.
Preparing to unpack .../10-libobjc-11-dev_11.2.0-10_amd64.deb ...
Unpacking libobjc-11-dev:amd64 (11.2.0-10) ...
Selecting previously unselected package libc6-i386.
Preparing to unpack .../11-libc6-i386_2.32-4_amd64.deb ...
Unpacking libc6-i386 (2.32-4) ...
Selecting previously unselected package lib32gcc-s1.
Preparing to unpack .../12-lib32gcc-s1_11.2.0-10_amd64.deb ...
Unpacking lib32gcc-s1 (11.2.0-10) ...
Selecting previously unselected package lib32stdc++6.
Preparing to unpack .../13-lib32stdc++6_11.2.0-10_amd64.deb ...
Unpacking lib32stdc++6 (11.2.0-10) ...
Selecting previously unselected package libclang-common-12-dev.
Preparing to unpack .../14-libclang-common-12-dev_1%3a12.0.1-15_amd64.deb ...
Unpacking libclang-common-12-dev (1:12.0.1-15) ...
Selecting previously unselected package llvm-12-linker-tools.
Preparing to unpack .../15-llvm-12-linker-tools_1%3a12.0.1-15_amd64.deb ...
Unpacking llvm-12-linker-tools (1:12.0.1-15) ...
Selecting previously unselected package libclang1-12.
Preparing to unpack .../16-libclang1-12_1%3a12.0.1-15_amd64.deb ...
Unpacking libclang1-12 (1:12.0.1-15) ...
Selecting previously unselected package clang-12.
Preparing to unpack .../17-clang-12_1%3a12.0.1-15_amd64.deb ...
Unpacking clang-12 (1:12.0.1-15) ...
Selecting previously unselected package libasan5:amd64.
Preparing to unpack .../18-libasan5_9.4.0-3_amd64.deb ...
Unpacking libasan5:amd64 (9.4.0-3) ...
Selecting previously unselected package libelf1:amd64.
Preparing to unpack .../19-libelf1_0.185-2_amd64.deb ...
Unpacking libelf1:amd64 (0.185-2) ...
Selecting previously unselected package libgcc-9-dev:amd64.
Preparing to unpack .../20-libgcc-9-dev_9.4.0-3_amd64.deb ...
Unpacking libgcc-9-dev:amd64 (9.4.0-3) ...
Selecting previously unselected package libobjc-9-dev:amd64.
Preparing to unpack .../21-libobjc-9-dev_9.4.0-3_amd64.deb ...
Unpacking libobjc-9-dev:amd64 (9.4.0-3) ...
Selecting previously unselected package libunwind-12:amd64.
Preparing to unpack .../22-libunwind-12_1%3a12.0.1-15_amd64.deb ...
Unpacking libunwind-12:amd64 (1:12.0.1-15) ...
Selecting previously unselected package libomp5-12:amd64.
Preparing to unpack .../23-libomp5-12_1%3a12.0.1-15_amd64.deb ...
Unpacking libomp5-12:amd64 (1:12.0.1-15) ...
Selecting previously unselected package libomp-12-dev.
Preparing to unpack .../24-libomp-12-dev_1%3a12.0.1-15_amd64.deb ...
Unpacking libomp-12-dev (1:12.0.1-15) ...
Setting up libicu67:amd64 (67.1-7) ...
Setting up libasan5:amd64 (9.4.0-3) ...
Setting up libz3-4:amd64 (4.8.12-1+b1) ...
Setting up libunwind-12:amd64 (1:12.0.1-15) ...
Setting up libgc1:amd64 (1:8.0.4-3) ...
Setting up libmd0:amd64 (1.0.4-1) ...
Setting up libc6-i386 (2.32-4) ...
Setting up libbsd0:amd64 (0.11.3-1) ...
Setting up libelf1:amd64 (0.185-2) ...
Setting up libxml2:amd64 (2.9.12+dfsg-5) ...
Setting up libedit2:amd64 (3.1-20210910-1) ...
Setting up libobjc4:amd64 (11.2.0-10) ...
Setting up libgcc-9-dev:amd64 (9.4.0-3) ...
Setting up lib32gcc-s1 (11.2.0-10) ...
Setting up lib32stdc++6 (11.2.0-10) ...
Setting up libllvm12:amd64 (1:12.0.1-15) ...
Setting up libobjc-9-dev:amd64 (9.4.0-3) ...
Setting up libclang-common-12-dev (1:12.0.1-15) ...
Setting up libomp5-12:amd64 (1:12.0.1-15) ...
Setting up libobjc-11-dev:amd64 (11.2.0-10) ...
Setting up llvm-12-linker-tools (1:12.0.1-15) ...
Setting up libclang1-12 (1:12.0.1-15) ...
Setting up libclang-cpp12 (1:12.0.1-15) ...
Setting up libomp-12-dev (1:12.0.1-15) ...
Setting up clang-12 (1:12.0.1-15) ...
Processing triggers for libc-bin (2.32-4) ...
W: --force-yes is deprecated, use one of the options starting with --allow instead.
+ echo 'Replace gcc, g++ & cpp by clang'
Replace gcc, g++ & cpp by clang
+ VERSIONS='4.6 4.7 4.8 4.9 5 6 7 8 9 10 11'
+ cd /usr/bin
+ for VERSION in $VERSIONS
+ rm -f g++-4.6 gcc-4.6 cpp-4.6 gcc
+ ln -s clang++-12 g++-4.6
+ ln -s clang-12 gcc-4.6
+ ln -s clang-12 cpp-4.6
+ ln -s clang-12 gcc
+ dpkg --set-selections
+ echo 'gcc-4.6 hold'
dpkg: warning: package not in status nor available database at line 1: gcc-4.6
dpkg: warning: found unknown packages; this might mean the available database
is outdated, and needs to be updated through a frontend method;
please see the FAQ <https://wiki.debian.org/Teams/Dpkg/FAQ>
+ echo 'g++-4.6 hold'
+ dpkg --set-selections
dpkg: warning: package not in status nor available database at line 1: g++-4.6
dpkg: warning: found unknown packages; this might mean the available database
is outdated, and needs to be updated through a frontend method;
please see the FAQ <https://wiki.debian.org/Teams/Dpkg/FAQ>
+ for VERSION in $VERSIONS
+ rm -f g++-4.7 gcc-4.7 cpp-4.7 gcc
+ ln -s clang++-12 g++-4.7
+ ln -s clang-12 gcc-4.7
+ ln -s clang-12 cpp-4.7
+ ln -s clang-12 gcc
+ echo 'gcc-4.7 hold'
+ dpkg --set-selections
dpkg: warning: package not in status nor available database at line 1: gcc-4.7
dpkg: warning: found unknown packages; this might mean the available database
is outdated, and needs to be updated through a frontend method;
please see the FAQ <https://wiki.debian.org/Teams/Dpkg/FAQ>
+ echo 'g++-4.7 hold'
+ dpkg --set-selections
dpkg: warning: package not in status nor available database at line 1: g++-4.7
dpkg: warning: found unknown packages; this might mean the available database
is outdated, and needs to be updated through a frontend method;
please see the FAQ <https://wiki.debian.org/Teams/Dpkg/FAQ>
+ for VERSION in $VERSIONS
+ rm -f g++-4.8 gcc-4.8 cpp-4.8 gcc
+ ln -s clang++-12 g++-4.8
+ ln -s clang-12 gcc-4.8
+ ln -s clang-12 cpp-4.8
+ ln -s clang-12 gcc
+ echo 'gcc-4.8 hold'
+ dpkg --set-selections
dpkg: warning: package not in status nor available database at line 1: gcc-4.8
dpkg: warning: found unknown packages; this might mean the available database
is outdated, and needs to be updated through a frontend method;
please see the FAQ <https://wiki.debian.org/Teams/Dpkg/FAQ>
+ echo 'g++-4.8 hold'
+ dpkg --set-selections
dpkg: warning: package not in status nor available database at line 1: g++-4.8
dpkg: warning: found unknown packages; this might mean the available database
is outdated, and needs to be updated through a frontend method;
please see the FAQ <https://wiki.debian.org/Teams/Dpkg/FAQ>
+ for VERSION in $VERSIONS
+ rm -f g++-4.9 gcc-4.9 cpp-4.9 gcc
+ ln -s clang++-12 g++-4.9
+ ln -s clang-12 gcc-4.9
+ ln -s clang-12 cpp-4.9
+ ln -s clang-12 gcc
+ echo 'gcc-4.9 hold'
+ dpkg --set-selections
dpkg: warning: package not in status nor available database at line 1: gcc-4.9
dpkg: warning: found unknown packages; this might mean the available database
is outdated, and needs to be updated through a frontend method;
please see the FAQ <https://wiki.debian.org/Teams/Dpkg/FAQ>
+ echo 'g++-4.9 hold'
+ dpkg --set-selections
dpkg: warning: package not in status nor available database at line 1: g++-4.9
dpkg: warning: found unknown packages; this might mean the available database
is outdated, and needs to be updated through a frontend method;
please see the FAQ <https://wiki.debian.org/Teams/Dpkg/FAQ>
+ for VERSION in $VERSIONS
+ rm -f g++-5 gcc-5 cpp-5 gcc
+ ln -s clang++-12 g++-5
+ ln -s clang-12 gcc-5
+ ln -s clang-12 cpp-5
+ ln -s clang-12 gcc
+ echo 'gcc-5 hold'
+ dpkg --set-selections
dpkg: warning: package not in status nor available database at line 1: gcc-5
dpkg: warning: found unknown packages; this might mean the available database
is outdated, and needs to be updated through a frontend method;
please see the FAQ <https://wiki.debian.org/Teams/Dpkg/FAQ>
+ echo 'g++-5 hold'
+ dpkg --set-selections
dpkg: warning: package not in status nor available database at line 1: g++-5
dpkg: warning: found unknown packages; this might mean the available database
is outdated, and needs to be updated through a frontend method;
please see the FAQ <https://wiki.debian.org/Teams/Dpkg/FAQ>
+ for VERSION in $VERSIONS
+ rm -f g++-6 gcc-6 cpp-6 gcc
+ ln -s clang++-12 g++-6
+ ln -s clang-12 gcc-6
+ ln -s clang-12 cpp-6
+ ln -s clang-12 gcc
+ echo 'gcc-6 hold'
+ dpkg --set-selections
dpkg: warning: package not in status nor available database at line 1: gcc-6
dpkg: warning: found unknown packages; this might mean the available database
is outdated, and needs to be updated through a frontend method;
please see the FAQ <https://wiki.debian.org/Teams/Dpkg/FAQ>
+ echo 'g++-6 hold'
+ dpkg --set-selections
dpkg: warning: package not in status nor available database at line 1: g++-6
dpkg: warning: found unknown packages; this might mean the available database
is outdated, and needs to be updated through a frontend method;
please see the FAQ <https://wiki.debian.org/Teams/Dpkg/FAQ>
+ for VERSION in $VERSIONS
+ rm -f g++-7 gcc-7 cpp-7 gcc
+ ln -s clang++-12 g++-7
+ ln -s clang-12 gcc-7
+ ln -s clang-12 cpp-7
+ ln -s clang-12 gcc
+ echo 'gcc-7 hold'
+ dpkg --set-selections
dpkg: warning: package not in status nor available database at line 1: gcc-7
dpkg: warning: found unknown packages; this might mean the available database
is outdated, and needs to be updated through a frontend method;
please see the FAQ <https://wiki.debian.org/Teams/Dpkg/FAQ>
+ echo 'g++-7 hold'
+ dpkg --set-selections
dpkg: warning: package not in status nor available database at line 1: g++-7
dpkg: warning: found unknown packages; this might mean the available database
is outdated, and needs to be updated through a frontend method;
please see the FAQ <https://wiki.debian.org/Teams/Dpkg/FAQ>
+ for VERSION in $VERSIONS
+ rm -f g++-8 gcc-8 cpp-8 gcc
+ ln -s clang++-12 g++-8
+ ln -s clang-12 gcc-8
+ ln -s clang-12 cpp-8
+ ln -s clang-12 gcc
+ echo 'gcc-8 hold'
+ dpkg --set-selections
dpkg: warning: package not in status nor available database at line 1: gcc-8
dpkg: warning: found unknown packages; this might mean the available database
is outdated, and needs to be updated through a frontend method;
please see the FAQ <https://wiki.debian.org/Teams/Dpkg/FAQ>
+ echo 'g++-8 hold'
+ dpkg --set-selections
dpkg: warning: package not in status nor available database at line 1: g++-8
dpkg: warning: found unknown packages; this might mean the available database
is outdated, and needs to be updated through a frontend method;
please see the FAQ <https://wiki.debian.org/Teams/Dpkg/FAQ>
+ for VERSION in $VERSIONS
+ rm -f g++-9 gcc-9 cpp-9 gcc
+ ln -s clang++-12 g++-9
+ ln -s clang-12 gcc-9
+ ln -s clang-12 cpp-9
+ ln -s clang-12 gcc
+ echo 'gcc-9 hold'
+ dpkg --set-selections
dpkg: warning: package not in status nor available database at line 1: gcc-9
dpkg: warning: found unknown packages; this might mean the available database
is outdated, and needs to be updated through a frontend method;
please see the FAQ <https://wiki.debian.org/Teams/Dpkg/FAQ>
+ echo 'g++-9 hold'
+ dpkg --set-selections
dpkg: warning: package not in status nor available database at line 1: g++-9
dpkg: warning: found unknown packages; this might mean the available database
is outdated, and needs to be updated through a frontend method;
please see the FAQ <https://wiki.debian.org/Teams/Dpkg/FAQ>
+ for VERSION in $VERSIONS
+ rm -f g++-10 gcc-10 cpp-10 gcc
+ ln -s clang++-12 g++-10
+ ln -s clang-12 gcc-10
+ ln -s clang-12 cpp-10
+ ln -s clang-12 gcc
+ echo 'gcc-10 hold'
+ dpkg --set-selections
dpkg: warning: package not in status nor available database at line 1: gcc-10
dpkg: warning: found unknown packages; this might mean the available database
is outdated, and needs to be updated through a frontend method;
please see the FAQ <https://wiki.debian.org/Teams/Dpkg/FAQ>
+ echo 'g++-10 hold'
+ dpkg --set-selections
dpkg: warning: package not in status nor available database at line 1: g++-10
dpkg: warning: found unknown packages; this might mean the available database
is outdated, and needs to be updated through a frontend method;
please see the FAQ <https://wiki.debian.org/Teams/Dpkg/FAQ>
+ for VERSION in $VERSIONS
+ rm -f g++-11 gcc-11 cpp-11 gcc
+ ln -s clang++-12 g++-11
+ ln -s clang-12 gcc-11
+ ln -s clang-12 cpp-11
+ ln -s clang-12 gcc
+ echo 'gcc-11 hold'
+ dpkg --set-selections
+ echo 'g++-11 hold'
+ dpkg --set-selections
+ cd -
/build/emacsql-ijER15
+ echo 'Check if gcc, g++ & cpp are actually clang'
Check if gcc, g++ & cpp are actually clang
+ gcc --version
+ grep clang
+ cpp --version
+ grep clang
+ g++ --version
+ grep clang
+ cd /usr/bin/
+ rm -f clang++ clang
+ ln -s clang-12 clang++
+ ln -s clang-12 clang
+ clang++ --version
Debian clang version 12.0.1-15
Target: x86_64-pc-linux-gnu
Thread model: posix
InstalledDir: /usr/bin
+ clang --version
Debian clang version 12.0.1-15
Target: x86_64-pc-linux-gnu
Thread model: posix
InstalledDir: /usr/bin
+ cd -
/build/emacsql-ijER15
+ apt install --yes --no-install-recommends --force-yes qt5-qmake

WARNING: apt does not have a stable CLI interface. Use with caution in scripts.

Reading package lists...
Building dependency tree...
Reading state information...
The following additional packages will be installed:
  qt5-qmake-bin qtchooser
The following NEW packages will be installed:
  qt5-qmake qt5-qmake-bin qtchooser
0 upgraded, 3 newly installed, 0 to remove and 0 not upgraded.
Need to get 1322 kB of archives.
After this operation, 4914 kB of additional disk space will be used.
Get:1 http://127.0.0.1:12990/debian sid/main amd64 qt5-qmake-bin amd64 5.15.2+dfsg-12 [1046 kB]
Get:2 http://127.0.0.1:12990/debian sid/main amd64 qtchooser amd64 66-2 [26.3 kB]
Get:3 http://127.0.0.1:12990/debian sid/main amd64 qt5-qmake amd64 5.15.2+dfsg-12 [249 kB]
debconf: delaying package configuration, since apt-utils is not installed
Fetched 1322 kB in 0s (58.2 MB/s)
Selecting previously unselected package qt5-qmake-bin.
(Reading database ... (Reading database ... 5%(Reading database ... 10%(Reading database ... 15%(Reading database ... 20%(Reading database ... 25%(Reading database ... 30%(Reading database ... 35%(Reading database ... 40%(Reading database ... 45%(Reading database ... 50%(Reading database ... 55%(Reading database ... 60%(Reading database ... 65%(Reading database ... 70%(Reading database ... 75%(Reading database ... 80%(Reading database ... 85%(Reading database ... 90%(Reading database ... 95%(Reading database ... 100%(Reading database ... 13527 files and directories currently installed.)
Preparing to unpack .../qt5-qmake-bin_5.15.2+dfsg-12_amd64.deb ...
Unpacking qt5-qmake-bin (5.15.2+dfsg-12) ...
Selecting previously unselected package qtchooser.
Preparing to unpack .../qtchooser_66-2_amd64.deb ...
Unpacking qtchooser (66-2) ...
Selecting previously unselected package qt5-qmake:amd64.
Preparing to unpack .../qt5-qmake_5.15.2+dfsg-12_amd64.deb ...
Unpacking qt5-qmake:amd64 (5.15.2+dfsg-12) ...
Setting up qt5-qmake-bin (5.15.2+dfsg-12) ...
Setting up qtchooser (66-2) ...
Setting up qt5-qmake:amd64 (5.15.2+dfsg-12) ...
W: --force-yes is deprecated, use one of the options starting with --allow instead.
+ cp /usr/lib/x86_64-linux-gnu/qt5/mkspecs/linux-clang/qmake.conf /usr/lib/x86_64-linux-gnu/qt5/mkspecs/linux-clang/qplatformdefs.h /usr/lib/x86_64-linux-gnu/qt5/mkspecs/linux-g++/
+ ls -al /usr/lib/x86_64-linux-gnu/qt5/mkspecs/linux-g++/
total 16
drwxr-xr-x  2 root root 4096 Oct 26 23:03 .
drwxr-xr-x 76 root root 4096 Oct 26 23:03 ..
-rw-r--r--  1 root root  276 Oct 26 23:03 qmake.conf
-rw-r--r--  1 root root 3218 Oct 26 23:03 qplatformdefs.h
+ cat /usr/lib/x86_64-linux-gnu/qt5/mkspecs/linux-g++/qmake.conf
#
# qmake configuration for linux-clang
#

MAKEFILE_GENERATOR = UNIX
CONFIG += incremental

QMAKE_INCREMENTAL_STYLE = sublib

include(../common/linux.conf)
include(../common/gcc-base-unix.conf)
include(../common/clang.conf)

QMAKE_LFLAGS += -ccc-gcc-name g++

load(qt_config)
+ export QMAKESPEC=/usr/lib/x86_64-linux-gnu/qt5/mkspecs/linux-clang/
+ QMAKESPEC=/usr/lib/x86_64-linux-gnu/qt5/mkspecs/linux-clang/
+ sed -i -e 's|compare_problem(2,|compare_problem(0,|g' /usr/bin/dpkg-gensymbols
+ sed -i -e 's|compare_problem(1,|compare_problem(0,|g' /usr/bin/dpkg-gensymbols
+ grep 'compare_problem(' /usr/bin/dpkg-gensymbols
        compare_problem(4, g_('new libraries appeared in the symbols file: %s'), "@libs");
        compare_problem(3, g_('some libraries disappeared in the symbols file: %s'), "@libs");
        compare_problem(0, g_('some new symbols appeared in the symbols file: %s'),
        compare_problem(0, g_('some symbols or patterns disappeared in the symbols file: %s'),

I: Finished running '/tmp/clang12'.

Finished processing commands.
--------------------------------------------------------------------------------
I: NOTICE: Log filtering will replace 'build/emacsql-ijER15/resolver-w38N5p' with '<<RESOLVERDIR>>'

+------------------------------------------------------------------------------+
| Update chroot                                                                |
+------------------------------------------------------------------------------+

Hit:1 http://127.0.0.1:12990/debian sid InRelease
Reading package lists...
Reading package lists...
Building dependency tree...
Reading state information...
Calculating upgrade...
0 upgraded, 0 newly installed, 0 to remove and 0 not upgraded.

+------------------------------------------------------------------------------+
| Fetch source files                                                           |
+------------------------------------------------------------------------------+


Check APT
---------

Checking available source versions...

Download source files with APT
------------------------------

Reading package lists...
NOTICE: 'emacsql' packaging is maintained in the 'Git' version control system at:
https://salsa.debian.org/emacsen-team/emacsql.git
Please use:
git clone https://salsa.debian.org/emacsen-team/emacsql.git
to retrieve the latest (possibly unreleased) updates to the package.
Need to get 30.9 kB of source archives.
Get:1 http://127.0.0.1:12990/debian sid/main emacsql 3.0.0+ds-2 (dsc) [2330 B]
Get:2 http://127.0.0.1:12990/debian sid/main emacsql 3.0.0+ds-2 (tar) [24.0 kB]
Get:3 http://127.0.0.1:12990/debian sid/main emacsql 3.0.0+ds-2 (diff) [4560 B]
Fetched 30.9 kB in 0s (404 kB/s)
Download complete and in download only mode
I: NOTICE: Log filtering will replace 'build/emacsql-ijER15/emacsql-3.0.0+ds' with '<<PKGBUILDDIR>>'
I: NOTICE: Log filtering will replace 'build/emacsql-ijER15' with '<<BUILDDIR>>'

+------------------------------------------------------------------------------+
| Install package build dependencies                                           |
+------------------------------------------------------------------------------+


Setup apt archive
-----------------

Merged Build-Depends: debhelper-compat (= 12), dh-elpa, libsqlite3-dev, elpa-pg, build-essential, fakeroot
Filtered Build-Depends: debhelper-compat (= 12), dh-elpa, libsqlite3-dev, elpa-pg, build-essential, fakeroot
dpkg-deb: building package 'sbuild-build-depends-main-dummy' in '/<<RESOLVERDIR>>/apt_archive/sbuild-build-depends-main-dummy.deb'.
Ign:1 copy:/<<RESOLVERDIR>>/apt_archive ./ InRelease
Get:2 copy:/<<RESOLVERDIR>>/apt_archive ./ Release [957 B]
Ign:3 copy:/<<RESOLVERDIR>>/apt_archive ./ Release.gpg
Get:4 copy:/<<RESOLVERDIR>>/apt_archive ./ Sources [399 B]
Get:5 copy:/<<RESOLVERDIR>>/apt_archive ./ Packages [474 B]
Fetched 1830 B in 0s (182 kB/s)
Reading package lists...
Reading package lists...

Install main build dependencies (apt-based resolver)
----------------------------------------------------

Installing build dependencies
Reading package lists...
Building dependency tree...
Reading state information...
The following additional packages will be installed:
  autoconf automake autopoint autotools-dev bsdextrautils ca-certificates
  debhelper dh-autoreconf dh-elpa dh-elpa-helper dh-strip-nondeterminism dwz
  elpa-pg emacs-bin-common emacs-common emacs-nox emacsen-common file gettext
  gettext-base groff-base install-info intltool-debian libapt-pkg-perl
  libarchive-zip-perl libarray-unique-perl libarray-utils-perl libasound2
  libasound2-data libcgi-pm-perl libclass-accessor-perl libconfig-tiny-perl
  libdbus-1-3 libdebhelper-perl libdebian-source-perl libencode-locale-perl
  liberror-perl libexporter-lite-perl libexporter-tiny-perl
  libfile-find-rule-perl libfile-listing-perl libfile-stripnondeterminism-perl
  libgpm2 libhtml-form-perl libhtml-parser-perl libhtml-tagset-perl
  libhtml-tree-perl libhttp-cookies-perl libhttp-date-perl
  libhttp-message-perl libhttp-negotiate-perl libhttp-server-simple-perl
  libio-html-perl libio-socket-ssl-perl libio-stringy-perl libjansson4
  liblcms2-2 liblist-moreutils-perl liblist-moreutils-xs-perl
  liblwp-mediatypes-perl liblwp-protocol-https-perl libmagic-mgc libmagic1
  libnet-http-perl libnet-ssleay-perl libnumber-compare-perl
  libparse-debcontrol-perl libpipeline1 libsigsegv2 libsqlite3-0
  libsqlite3-dev libsub-install-perl libsub-name-perl libsub-override-perl
  libtext-glob-perl libtie-ixhash-perl libtimedate-perl libtool
  libtry-tiny-perl libuchardet0 liburi-perl libwww-mechanize-perl libwww-perl
  libwww-robotrules-perl m4 man-db netbase openssl perl-openssl-defaults
  po-debconf sensible-utils
Suggested packages:
  autoconf-archive gnu-standards autoconf-doc dh-make emacs-common-non-dfsg
  ncurses-term gettext-doc libasprintf-dev libgettextpo-dev groff
  libasound2-plugins alsa-utils gpm libdata-dump-perl liblcms2-utils
  libcrypt-ssleay-perl sqlite3-doc libtool-doc gfortran | fortran95-compiler
  gcj-jdk libauthen-ntlm-perl m4-doc apparmor less www-browser
  libmail-box-perl
Recommended packages:
  emacs mailutils emacs-el curl | wget | lynx alsa-ucm-conf alsa-topology-conf
  libcgi-fast-perl dbus libarchive-cpio-perl libhtml-format-perl libclone-perl
  libltdl-dev libdata-dump-perl libhttp-daemon-perl libmailtools-perl
  libmail-sendmail-perl
The following NEW packages will be installed:
  autoconf automake autopoint autotools-dev bsdextrautils ca-certificates
  debhelper dh-autoreconf dh-elpa dh-elpa-helper dh-strip-nondeterminism dwz
  elpa-pg emacs-bin-common emacs-common emacs-nox emacsen-common file gettext
  gettext-base groff-base install-info intltool-debian libapt-pkg-perl
  libarchive-zip-perl libarray-unique-perl libarray-utils-perl libasound2
  libasound2-data libcgi-pm-perl libclass-accessor-perl libconfig-tiny-perl
  libdbus-1-3 libdebhelper-perl libdebian-source-perl libencode-locale-perl
  liberror-perl libexporter-lite-perl libexporter-tiny-perl
  libfile-find-rule-perl libfile-listing-perl libfile-stripnondeterminism-perl
  libgpm2 libhtml-form-perl libhtml-parser-perl libhtml-tagset-perl
  libhtml-tree-perl libhttp-cookies-perl libhttp-date-perl
  libhttp-message-perl libhttp-negotiate-perl libhttp-server-simple-perl
  libio-html-perl libio-socket-ssl-perl libio-stringy-perl libjansson4
  liblcms2-2 liblist-moreutils-perl liblist-moreutils-xs-perl
  liblwp-mediatypes-perl liblwp-protocol-https-perl libmagic-mgc libmagic1
  libnet-http-perl libnet-ssleay-perl libnumber-compare-perl
  libparse-debcontrol-perl libpipeline1 libsigsegv2 libsqlite3-0
  libsqlite3-dev libsub-install-perl libsub-name-perl libsub-override-perl
  libtext-glob-perl libtie-ixhash-perl libtimedate-perl libtool
  libtry-tiny-perl libuchardet0 liburi-perl libwww-mechanize-perl libwww-perl
  libwww-robotrules-perl m4 man-db netbase openssl perl-openssl-defaults
  po-debconf sbuild-build-depends-main-dummy sensible-utils
0 upgraded, 92 newly installed, 0 to remove and 0 not upgraded.
Need to get 32.0 MB of archives.
After this operation, 136 MB of additional disk space will be used.
Get:1 copy:/<<RESOLVERDIR>>/apt_archive ./ sbuild-build-depends-main-dummy 0.invalid.0 [896 B]
Get:2 http://127.0.0.1:12990/debian sid/main amd64 install-info amd64 6.8-3 [184 kB]
Get:3 http://127.0.0.1:12990/debian sid/main amd64 bsdextrautils amd64 2.37.2-4 [143 kB]
Get:4 http://127.0.0.1:12990/debian sid/main amd64 libuchardet0 amd64 0.0.7-1 [67.8 kB]
Get:5 http://127.0.0.1:12990/debian sid/main amd64 groff-base amd64 1.22.4-7 [935 kB]
Get:6 http://127.0.0.1:12990/debian sid/main amd64 libpipeline1 amd64 1.5.3-1 [34.3 kB]
Get:7 http://127.0.0.1:12990/debian sid/main amd64 man-db amd64 2.9.4-2 [1354 kB]
Get:8 http://127.0.0.1:12990/debian sid/main amd64 netbase all 6.3 [19.9 kB]
Get:9 http://127.0.0.1:12990/debian sid/main amd64 sensible-utils all 0.0.17 [21.5 kB]
Get:10 http://127.0.0.1:12990/debian sid/main amd64 openssl amd64 1.1.1l-1 [851 kB]
Get:11 http://127.0.0.1:12990/debian sid/main amd64 ca-certificates all 20211016 [156 kB]
Get:12 http://127.0.0.1:12990/debian sid/main amd64 libmagic-mgc amd64 1:5.39-3 [273 kB]
Get:13 http://127.0.0.1:12990/debian sid/main amd64 libmagic1 amd64 1:5.39-3 [126 kB]
Get:14 http://127.0.0.1:12990/debian sid/main amd64 file amd64 1:5.39-3 [69.1 kB]
Get:15 http://127.0.0.1:12990/debian sid/main amd64 gettext-base amd64 0.21-4 [175 kB]
Get:16 http://127.0.0.1:12990/debian sid/main amd64 libsigsegv2 amd64 2.13-1 [34.8 kB]
Get:17 http://127.0.0.1:12990/debian sid/main amd64 m4 amd64 1.4.18-5 [204 kB]
Get:18 http://127.0.0.1:12990/debian sid/main amd64 autoconf all 2.71-2 [343 kB]
Get:19 http://127.0.0.1:12990/debian sid/main amd64 autotools-dev all 20180224.1+nmu1 [77.1 kB]
Get:20 http://127.0.0.1:12990/debian sid/main amd64 automake all 1:1.16.5-1 [823 kB]
Get:21 http://127.0.0.1:12990/debian sid/main amd64 autopoint all 0.21-4 [510 kB]
Get:22 http://127.0.0.1:12990/debian sid/main amd64 libdebhelper-perl all 13.5.2 [192 kB]
Get:23 http://127.0.0.1:12990/debian sid/main amd64 libtool all 2.4.6-15 [513 kB]
Get:24 http://127.0.0.1:12990/debian sid/main amd64 dh-autoreconf all 20 [17.1 kB]
Get:25 http://127.0.0.1:12990/debian sid/main amd64 libarchive-zip-perl all 1.68-1 [104 kB]
Get:26 http://127.0.0.1:12990/debian sid/main amd64 libsub-override-perl all 0.09-2 [10.2 kB]
Get:27 http://127.0.0.1:12990/debian sid/main amd64 libfile-stripnondeterminism-perl all 1.12.0-2 [26.3 kB]
Get:28 http://127.0.0.1:12990/debian sid/main amd64 dh-strip-nondeterminism all 1.12.0-2 [15.5 kB]
Get:29 http://127.0.0.1:12990/debian sid/main amd64 dwz amd64 0.14-1 [98.3 kB]
Get:30 http://127.0.0.1:12990/debian sid/main amd64 gettext amd64 0.21-4 [1311 kB]
Get:31 http://127.0.0.1:12990/debian sid/main amd64 intltool-debian all 0.35.0+20060710.5 [26.8 kB]
Get:32 http://127.0.0.1:12990/debian sid/main amd64 po-debconf all 1.0.21+nmu1 [248 kB]
Get:33 http://127.0.0.1:12990/debian sid/main amd64 debhelper all 13.5.2 [1056 kB]
Get:34 http://127.0.0.1:12990/debian sid/main amd64 libapt-pkg-perl amd64 0.1.40 [72.2 kB]
Get:35 http://127.0.0.1:12990/debian sid/main amd64 libarray-unique-perl all 0.08-2.1 [11.4 kB]
Get:36 http://127.0.0.1:12990/debian sid/main amd64 libsub-name-perl amd64 0.26-1+b1 [13.8 kB]
Get:37 http://127.0.0.1:12990/debian sid/main amd64 libclass-accessor-perl all 0.51-1 [23.2 kB]
Get:38 http://127.0.0.1:12990/debian sid/main amd64 libexporter-tiny-perl all 1.002002-1 [37.8 kB]
Get:39 http://127.0.0.1:12990/debian sid/main amd64 liblist-moreutils-xs-perl amd64 0.430-2 [40.9 kB]
Get:40 http://127.0.0.1:12990/debian sid/main amd64 liblist-moreutils-perl all 0.430-2 [46.9 kB]
Get:41 http://127.0.0.1:12990/debian sid/main amd64 libio-stringy-perl all 2.111-3 [56.5 kB]
Get:42 http://127.0.0.1:12990/debian sid/main amd64 libencode-locale-perl all 1.05-1.1 [13.2 kB]
Get:43 http://127.0.0.1:12990/debian sid/main amd64 libtimedate-perl all 2.3300-2 [39.3 kB]
Get:44 http://127.0.0.1:12990/debian sid/main amd64 libhttp-date-perl all 6.05-1 [10.4 kB]
Get:45 http://127.0.0.1:12990/debian sid/main amd64 libfile-listing-perl all 6.14-1 [12.4 kB]
Get:46 http://127.0.0.1:12990/debian sid/main amd64 libhtml-tagset-perl all 3.20-4 [13.0 kB]
Get:47 http://127.0.0.1:12990/debian sid/main amd64 liburi-perl all 5.08-1 [90.6 kB]
Get:48 http://127.0.0.1:12990/debian sid/main amd64 libhtml-parser-perl amd64 3.76-1 [105 kB]
Get:49 http://127.0.0.1:12990/debian sid/main amd64 libhtml-tree-perl all 5.07-2 [213 kB]
Get:50 http://127.0.0.1:12990/debian sid/main amd64 libio-html-perl all 1.004-2 [16.1 kB]
Get:51 http://127.0.0.1:12990/debian sid/main amd64 liblwp-mediatypes-perl all 6.04-1 [19.9 kB]
Get:52 http://127.0.0.1:12990/debian sid/main amd64 libhttp-message-perl all 6.33-1 [80.1 kB]
Get:53 http://127.0.0.1:12990/debian sid/main amd64 libhttp-cookies-perl all 6.10-1 [19.6 kB]
Get:54 http://127.0.0.1:12990/debian sid/main amd64 libhttp-negotiate-perl all 6.01-1 [12.8 kB]
Get:55 http://127.0.0.1:12990/debian sid/main amd64 perl-openssl-defaults amd64 5 [7360 B]
Get:56 http://127.0.0.1:12990/debian sid/main amd64 libnet-ssleay-perl amd64 1.88-3+b1 [321 kB]
Get:57 http://127.0.0.1:12990/debian sid/main amd64 libio-socket-ssl-perl all 2.072-1 [221 kB]
Get:58 http://127.0.0.1:12990/debian sid/main amd64 libnet-http-perl all 6.21-1 [25.3 kB]
Get:59 http://127.0.0.1:12990/debian sid/main amd64 liblwp-protocol-https-perl all 6.10-1 [12.2 kB]
Get:60 http://127.0.0.1:12990/debian sid/main amd64 libtry-tiny-perl all 0.30-1 [23.3 kB]
Get:61 http://127.0.0.1:12990/debian sid/main amd64 libwww-robotrules-perl all 6.02-1 [12.9 kB]
Get:62 http://127.0.0.1:12990/debian sid/main amd64 libwww-perl all 6.57-1 [193 kB]
Get:63 http://127.0.0.1:12990/debian sid/main amd64 liberror-perl all 0.17029-1 [31.0 kB]
Get:64 http://127.0.0.1:12990/debian sid/main amd64 libexporter-lite-perl all 0.08-1 [11.1 kB]
Get:65 http://127.0.0.1:12990/debian sid/main amd64 libparse-debcontrol-perl all 2.005-4.1 [22.4 kB]
Get:66 http://127.0.0.1:12990/debian sid/main amd64 libsub-install-perl all 0.928-1.1 [10.8 kB]
Get:67 http://127.0.0.1:12990/debian sid/main amd64 libtie-ixhash-perl all 1.23-2.1 [11.8 kB]
Get:68 http://127.0.0.1:12990/debian sid/main amd64 libcgi-pm-perl all 4.53-1 [224 kB]
Get:69 http://127.0.0.1:12990/debian sid/main amd64 libhtml-form-perl all 6.07-1 [22.9 kB]
Get:70 http://127.0.0.1:12990/debian sid/main amd64 libhttp-server-simple-perl all 0.52-1.1 [29.2 kB]
Get:71 http://127.0.0.1:12990/debian sid/main amd64 libwww-mechanize-perl all 2.04-1 [115 kB]
Get:72 http://127.0.0.1:12990/debian sid/main amd64 libdebian-source-perl all 0.116 [89.3 kB]
Get:73 http://127.0.0.1:12990/debian sid/main amd64 emacsen-common all 3.0.4 [19.3 kB]
Get:74 http://127.0.0.1:12990/debian sid/main amd64 emacs-common all 1:27.1+1-3.1 [13.7 MB]
Get:75 http://127.0.0.1:12990/debian sid/main amd64 emacs-bin-common amd64 1:27.1+1-3.1 [155 kB]
Get:76 http://127.0.0.1:12990/debian sid/main amd64 libasound2-data all 1.2.5.1-1 [38.6 kB]
Get:77 http://127.0.0.1:12990/debian sid/main amd64 libasound2 amd64 1.2.5.1-1 [373 kB]
Get:78 http://127.0.0.1:12990/debian sid/main amd64 libdbus-1-3 amd64 1.12.20-3 [219 kB]
Get:79 http://127.0.0.1:12990/debian sid/main amd64 libgpm2 amd64 1.20.7-9 [35.8 kB]
Get:80 http://127.0.0.1:12990/debian sid/main amd64 libjansson4 amd64 2.13.1-1.1 [39.7 kB]
Get:81 http://127.0.0.1:12990/debian sid/main amd64 liblcms2-2 amd64 2.12~rc1-2 [150 kB]
Get:82 http://127.0.0.1:12990/debian sid/main amd64 emacs-nox amd64 1:27.1+1-3.1 [2976 kB]
Get:83 http://127.0.0.1:12990/debian sid/main amd64 libarray-utils-perl all 0.5-1.1 [5796 B]
Get:84 http://127.0.0.1:12990/debian sid/main amd64 libconfig-tiny-perl all 2.27-1 [17.1 kB]
Get:85 http://127.0.0.1:12990/debian sid/main amd64 libnumber-compare-perl all 0.03-2 [7448 B]
Get:86 http://127.0.0.1:12990/debian sid/main amd64 libtext-glob-perl all 0.11-2 [8992 B]
Get:87 http://127.0.0.1:12990/debian sid/main amd64 libfile-find-rule-perl all 0.34-1 [30.6 kB]
Get:88 http://127.0.0.1:12990/debian sid/main amd64 dh-elpa all 2.0.9 [33.3 kB]
Get:89 http://127.0.0.1:12990/debian sid/main amd64 dh-elpa-helper all 2.0.9 [11.2 kB]
Get:90 http://127.0.0.1:12990/debian sid/main amd64 elpa-pg all 0.13+git.20130731.456516ec-2 [16.8 kB]
Get:91 http://127.0.0.1:12990/debian sid/main amd64 libsqlite3-0 amd64 3.36.0-2 [815 kB]
Get:92 http://127.0.0.1:12990/debian sid/main amd64 libsqlite3-dev amd64 3.36.0-2 [984 kB]
debconf: delaying package configuration, since apt-utils is not installed
Fetched 32.0 MB in 0s (103 MB/s)
Selecting previously unselected package install-info.
(Reading database ... 14272 files and directories currently installed.)
Preparing to unpack .../install-info_6.8-3_amd64.deb ...
Unpacking install-info (6.8-3) ...
Setting up install-info (6.8-3) ...
Selecting previously unselected package bsdextrautils.
(Reading database ... 14286 files and directories currently installed.)
Preparing to unpack .../00-bsdextrautils_2.37.2-4_amd64.deb ...
Unpacking bsdextrautils (2.37.2-4) ...
Selecting previously unselected package libuchardet0:amd64.
Preparing to unpack .../01-libuchardet0_0.0.7-1_amd64.deb ...
Unpacking libuchardet0:amd64 (0.0.7-1) ...
Selecting previously unselected package groff-base.
Preparing to unpack .../02-groff-base_1.22.4-7_amd64.deb ...
Unpacking groff-base (1.22.4-7) ...
Selecting previously unselected package libpipeline1:amd64.
Preparing to unpack .../03-libpipeline1_1.5.3-1_amd64.deb ...
Unpacking libpipeline1:amd64 (1.5.3-1) ...
Selecting previously unselected package man-db.
Preparing to unpack .../04-man-db_2.9.4-2_amd64.deb ...
Unpacking man-db (2.9.4-2) ...
Selecting previously unselected package netbase.
Preparing to unpack .../05-netbase_6.3_all.deb ...
Unpacking netbase (6.3) ...
Selecting previously unselected package sensible-utils.
Preparing to unpack .../06-sensible-utils_0.0.17_all.deb ...
Unpacking sensible-utils (0.0.17) ...
Selecting previously unselected package openssl.
Preparing to unpack .../07-openssl_1.1.1l-1_amd64.deb ...
Unpacking openssl (1.1.1l-1) ...
Selecting previously unselected package ca-certificates.
Preparing to unpack .../08-ca-certificates_20211016_all.deb ...
Unpacking ca-certificates (20211016) ...
Selecting previously unselected package libmagic-mgc.
Preparing to unpack .../09-libmagic-mgc_1%3a5.39-3_amd64.deb ...
Unpacking libmagic-mgc (1:5.39-3) ...
Selecting previously unselected package libmagic1:amd64.
Preparing to unpack .../10-libmagic1_1%3a5.39-3_amd64.deb ...
Unpacking libmagic1:amd64 (1:5.39-3) ...
Selecting previously unselected package file.
Preparing to unpack .../11-file_1%3a5.39-3_amd64.deb ...
Unpacking file (1:5.39-3) ...
Selecting previously unselected package gettext-base.
Preparing to unpack .../12-gettext-base_0.21-4_amd64.deb ...
Unpacking gettext-base (0.21-4) ...
Selecting previously unselected package libsigsegv2:amd64.
Preparing to unpack .../13-libsigsegv2_2.13-1_amd64.deb ...
Unpacking libsigsegv2:amd64 (2.13-1) ...
Selecting previously unselected package m4.
Preparing to unpack .../14-m4_1.4.18-5_amd64.deb ...
Unpacking m4 (1.4.18-5) ...
Selecting previously unselected package autoconf.
Preparing to unpack .../15-autoconf_2.71-2_all.deb ...
Unpacking autoconf (2.71-2) ...
Selecting previously unselected package autotools-dev.
Preparing to unpack .../16-autotools-dev_20180224.1+nmu1_all.deb ...
Unpacking autotools-dev (20180224.1+nmu1) ...
Selecting previously unselected package automake.
Preparing to unpack .../17-automake_1%3a1.16.5-1_all.deb ...
Unpacking automake (1:1.16.5-1) ...
Selecting previously unselected package autopoint.
Preparing to unpack .../18-autopoint_0.21-4_all.deb ...
Unpacking autopoint (0.21-4) ...
Selecting previously unselected package libdebhelper-perl.
Preparing to unpack .../19-libdebhelper-perl_13.5.2_all.deb ...
Unpacking libdebhelper-perl (13.5.2) ...
Selecting previously unselected package libtool.
Preparing to unpack .../20-libtool_2.4.6-15_all.deb ...
Unpacking libtool (2.4.6-15) ...
Selecting previously unselected package dh-autoreconf.
Preparing to unpack .../21-dh-autoreconf_20_all.deb ...
Unpacking dh-autoreconf (20) ...
Selecting previously unselected package libarchive-zip-perl.
Preparing to unpack .../22-libarchive-zip-perl_1.68-1_all.deb ...
Unpacking libarchive-zip-perl (1.68-1) ...
Selecting previously unselected package libsub-override-perl.
Preparing to unpack .../23-libsub-override-perl_0.09-2_all.deb ...
Unpacking libsub-override-perl (0.09-2) ...
Selecting previously unselected package libfile-stripnondeterminism-perl.
Preparing to unpack .../24-libfile-stripnondeterminism-perl_1.12.0-2_all.deb ...
Unpacking libfile-stripnondeterminism-perl (1.12.0-2) ...
Selecting previously unselected package dh-strip-nondeterminism.
Preparing to unpack .../25-dh-strip-nondeterminism_1.12.0-2_all.deb ...
Unpacking dh-strip-nondeterminism (1.12.0-2) ...
Selecting previously unselected package dwz.
Preparing to unpack .../26-dwz_0.14-1_amd64.deb ...
Unpacking dwz (0.14-1) ...
Selecting previously unselected package gettext.
Preparing to unpack .../27-gettext_0.21-4_amd64.deb ...
Unpacking gettext (0.21-4) ...
Selecting previously unselected package intltool-debian.
Preparing to unpack .../28-intltool-debian_0.35.0+20060710.5_all.deb ...
Unpacking intltool-debian (0.35.0+20060710.5) ...
Selecting previously unselected package po-debconf.
Preparing to unpack .../29-po-debconf_1.0.21+nmu1_all.deb ...
Unpacking po-debconf (1.0.21+nmu1) ...
Selecting previously unselected package debhelper.
Preparing to unpack .../30-debhelper_13.5.2_all.deb ...
Unpacking debhelper (13.5.2) ...
Selecting previously unselected package libapt-pkg-perl.
Preparing to unpack .../31-libapt-pkg-perl_0.1.40_amd64.deb ...
Unpacking libapt-pkg-perl (0.1.40) ...
Selecting previously unselected package libarray-unique-perl.
Preparing to unpack .../32-libarray-unique-perl_0.08-2.1_all.deb ...
Unpacking libarray-unique-perl (0.08-2.1) ...
Selecting previously unselected package libsub-name-perl.
Preparing to unpack .../33-libsub-name-perl_0.26-1+b1_amd64.deb ...
Unpacking libsub-name-perl (0.26-1+b1) ...
Selecting previously unselected package libclass-accessor-perl.
Preparing to unpack .../34-libclass-accessor-perl_0.51-1_all.deb ...
Unpacking libclass-accessor-perl (0.51-1) ...
Selecting previously unselected package libexporter-tiny-perl.
Preparing to unpack .../35-libexporter-tiny-perl_1.002002-1_all.deb ...
Unpacking libexporter-tiny-perl (1.002002-1) ...
Selecting previously unselected package liblist-moreutils-xs-perl.
Preparing to unpack .../36-liblist-moreutils-xs-perl_0.430-2_amd64.deb ...
Unpacking liblist-moreutils-xs-perl (0.430-2) ...
Selecting previously unselected package liblist-moreutils-perl.
Preparing to unpack .../37-liblist-moreutils-perl_0.430-2_all.deb ...
Unpacking liblist-moreutils-perl (0.430-2) ...
Selecting previously unselected package libio-stringy-perl.
Preparing to unpack .../38-libio-stringy-perl_2.111-3_all.deb ...
Unpacking libio-stringy-perl (2.111-3) ...
Selecting previously unselected package libencode-locale-perl.
Preparing to unpack .../39-libencode-locale-perl_1.05-1.1_all.deb ...
Unpacking libencode-locale-perl (1.05-1.1) ...
Selecting previously unselected package libtimedate-perl.
Preparing to unpack .../40-libtimedate-perl_2.3300-2_all.deb ...
Unpacking libtimedate-perl (2.3300-2) ...
Selecting previously unselected package libhttp-date-perl.
Preparing to unpack .../41-libhttp-date-perl_6.05-1_all.deb ...
Unpacking libhttp-date-perl (6.05-1) ...
Selecting previously unselected package libfile-listing-perl.
Preparing to unpack .../42-libfile-listing-perl_6.14-1_all.deb ...
Unpacking libfile-listing-perl (6.14-1) ...
Selecting previously unselected package libhtml-tagset-perl.
Preparing to unpack .../43-libhtml-tagset-perl_3.20-4_all.deb ...
Unpacking libhtml-tagset-perl (3.20-4) ...
Selecting previously unselected package liburi-perl.
Preparing to unpack .../44-liburi-perl_5.08-1_all.deb ...
Unpacking liburi-perl (5.08-1) ...
Selecting previously unselected package libhtml-parser-perl:amd64.
Preparing to unpack .../45-libhtml-parser-perl_3.76-1_amd64.deb ...
Unpacking libhtml-parser-perl:amd64 (3.76-1) ...
Selecting previously unselected package libhtml-tree-perl.
Preparing to unpack .../46-libhtml-tree-perl_5.07-2_all.deb ...
Unpacking libhtml-tree-perl (5.07-2) ...
Selecting previously unselected package libio-html-perl.
Preparing to unpack .../47-libio-html-perl_1.004-2_all.deb ...
Unpacking libio-html-perl (1.004-2) ...
Selecting previously unselected package liblwp-mediatypes-perl.
Preparing to unpack .../48-liblwp-mediatypes-perl_6.04-1_all.deb ...
Unpacking liblwp-mediatypes-perl (6.04-1) ...
Selecting previously unselected package libhttp-message-perl.
Preparing to unpack .../49-libhttp-message-perl_6.33-1_all.deb ...
Unpacking libhttp-message-perl (6.33-1) ...
Selecting previously unselected package libhttp-cookies-perl.
Preparing to unpack .../50-libhttp-cookies-perl_6.10-1_all.deb ...
Unpacking libhttp-cookies-perl (6.10-1) ...
Selecting previously unselected package libhttp-negotiate-perl.
Preparing to unpack .../51-libhttp-negotiate-perl_6.01-1_all.deb ...
Unpacking libhttp-negotiate-perl (6.01-1) ...
Selecting previously unselected package perl-openssl-defaults:amd64.
Preparing to unpack .../52-perl-openssl-defaults_5_amd64.deb ...
Unpacking perl-openssl-defaults:amd64 (5) ...
Selecting previously unselected package libnet-ssleay-perl.
Preparing to unpack .../53-libnet-ssleay-perl_1.88-3+b1_amd64.deb ...
Unpacking libnet-ssleay-perl (1.88-3+b1) ...
Selecting previously unselected package libio-socket-ssl-perl.
Preparing to unpack .../54-libio-socket-ssl-perl_2.072-1_all.deb ...
Unpacking libio-socket-ssl-perl (2.072-1) ...
Selecting previously unselected package libnet-http-perl.
Preparing to unpack .../55-libnet-http-perl_6.21-1_all.deb ...
Unpacking libnet-http-perl (6.21-1) ...
Selecting previously unselected package liblwp-protocol-https-perl.
Preparing to unpack .../56-liblwp-protocol-https-perl_6.10-1_all.deb ...
Unpacking liblwp-protocol-https-perl (6.10-1) ...
Selecting previously unselected package libtry-tiny-perl.
Preparing to unpack .../57-libtry-tiny-perl_0.30-1_all.deb ...
Unpacking libtry-tiny-perl (0.30-1) ...
Selecting previously unselected package libwww-robotrules-perl.
Preparing to unpack .../58-libwww-robotrules-perl_6.02-1_all.deb ...
Unpacking libwww-robotrules-perl (6.02-1) ...
Selecting previously unselected package libwww-perl.
Preparing to unpack .../59-libwww-perl_6.57-1_all.deb ...
Unpacking libwww-perl (6.57-1) ...
Selecting previously unselected package liberror-perl.
Preparing to unpack .../60-liberror-perl_0.17029-1_all.deb ...
Unpacking liberror-perl (0.17029-1) ...
Selecting previously unselected package libexporter-lite-perl.
Preparing to unpack .../61-libexporter-lite-perl_0.08-1_all.deb ...
Unpacking libexporter-lite-perl (0.08-1) ...
Selecting previously unselected package libparse-debcontrol-perl.
Preparing to unpack .../62-libparse-debcontrol-perl_2.005-4.1_all.deb ...
Unpacking libparse-debcontrol-perl (2.005-4.1) ...
Selecting previously unselected package libsub-install-perl.
Preparing to unpack .../63-libsub-install-perl_0.928-1.1_all.deb ...
Unpacking libsub-install-perl (0.928-1.1) ...
Selecting previously unselected package libtie-ixhash-perl.
Preparing to unpack .../64-libtie-ixhash-perl_1.23-2.1_all.deb ...
Unpacking libtie-ixhash-perl (1.23-2.1) ...
Selecting previously unselected package libcgi-pm-perl.
Preparing to unpack .../65-libcgi-pm-perl_4.53-1_all.deb ...
Unpacking libcgi-pm-perl (4.53-1) ...
Selecting previously unselected package libhtml-form-perl.
Preparing to unpack .../66-libhtml-form-perl_6.07-1_all.deb ...
Unpacking libhtml-form-perl (6.07-1) ...
Selecting previously unselected package libhttp-server-simple-perl.
Preparing to unpack .../67-libhttp-server-simple-perl_0.52-1.1_all.deb ...
Unpacking libhttp-server-simple-perl (0.52-1.1) ...
Selecting previously unselected package libwww-mechanize-perl.
Preparing to unpack .../68-libwww-mechanize-perl_2.04-1_all.deb ...
Unpacking libwww-mechanize-perl (2.04-1) ...
Selecting previously unselected package libdebian-source-perl.
Preparing to unpack .../69-libdebian-source-perl_0.116_all.deb ...
Unpacking libdebian-source-perl (0.116) ...
Selecting previously unselected package emacsen-common.
Preparing to unpack .../70-emacsen-common_3.0.4_all.deb ...
Unpacking emacsen-common (3.0.4) ...
Selecting previously unselected package emacs-common.
Preparing to unpack .../71-emacs-common_1%3a27.1+1-3.1_all.deb ...
Unpacking emacs-common (1:27.1+1-3.1) ...
Selecting previously unselected package emacs-bin-common.
Preparing to unpack .../72-emacs-bin-common_1%3a27.1+1-3.1_amd64.deb ...
Unpacking emacs-bin-common (1:27.1+1-3.1) ...
Selecting previously unselected package libasound2-data.
Preparing to unpack .../73-libasound2-data_1.2.5.1-1_all.deb ...
Unpacking libasound2-data (1.2.5.1-1) ...
Selecting previously unselected package libasound2:amd64.
Preparing to unpack .../74-libasound2_1.2.5.1-1_amd64.deb ...
Unpacking libasound2:amd64 (1.2.5.1-1) ...
Selecting previously unselected package libdbus-1-3:amd64.
Preparing to unpack .../75-libdbus-1-3_1.12.20-3_amd64.deb ...
Unpacking libdbus-1-3:amd64 (1.12.20-3) ...
Selecting previously unselected package libgpm2:amd64.
Preparing to unpack .../76-libgpm2_1.20.7-9_amd64.deb ...
Unpacking libgpm2:amd64 (1.20.7-9) ...
Selecting previously unselected package libjansson4:amd64.
Preparing to unpack .../77-libjansson4_2.13.1-1.1_amd64.deb ...
Unpacking libjansson4:amd64 (2.13.1-1.1) ...
Selecting previously unselected package liblcms2-2:amd64.
Preparing to unpack .../78-liblcms2-2_2.12~rc1-2_amd64.deb ...
Unpacking liblcms2-2:amd64 (2.12~rc1-2) ...
Selecting previously unselected package emacs-nox.
Preparing to unpack .../79-emacs-nox_1%3a27.1+1-3.1_amd64.deb ...
Unpacking emacs-nox (1:27.1+1-3.1) ...
Selecting previously unselected package libarray-utils-perl.
Preparing to unpack .../80-libarray-utils-perl_0.5-1.1_all.deb ...
Unpacking libarray-utils-perl (0.5-1.1) ...
Selecting previously unselected package libconfig-tiny-perl.
Preparing to unpack .../81-libconfig-tiny-perl_2.27-1_all.deb ...
Unpacking libconfig-tiny-perl (2.27-1) ...
Selecting previously unselected package libnumber-compare-perl.
Preparing to unpack .../82-libnumber-compare-perl_0.03-2_all.deb ...
Unpacking libnumber-compare-perl (0.03-2) ...
Selecting previously unselected package libtext-glob-perl.
Preparing to unpack .../83-libtext-glob-perl_0.11-2_all.deb ...
Unpacking libtext-glob-perl (0.11-2) ...
Selecting previously unselected package libfile-find-rule-perl.
Preparing to unpack .../84-libfile-find-rule-perl_0.34-1_all.deb ...
Unpacking libfile-find-rule-perl (0.34-1) ...
Selecting previously unselected package dh-elpa.
Preparing to unpack .../85-dh-elpa_2.0.9_all.deb ...
Unpacking dh-elpa (2.0.9) ...
Selecting previously unselected package dh-elpa-helper.
Preparing to unpack .../86-dh-elpa-helper_2.0.9_all.deb ...
Unpacking dh-elpa-helper (2.0.9) ...
Selecting previously unselected package elpa-pg.
Preparing to unpack .../87-elpa-pg_0.13+git.20130731.456516ec-2_all.deb ...
Unpacking elpa-pg (0.13+git.20130731.456516ec-2) ...
Selecting previously unselected package libsqlite3-0:amd64.
Preparing to unpack .../88-libsqlite3-0_3.36.0-2_amd64.deb ...
Unpacking libsqlite3-0:amd64 (3.36.0-2) ...
Selecting previously unselected package libsqlite3-dev:amd64.
Preparing to unpack .../89-libsqlite3-dev_3.36.0-2_amd64.deb ...
Unpacking libsqlite3-dev:amd64 (3.36.0-2) ...
Selecting previously unselected package sbuild-build-depends-main-dummy.
Preparing to unpack .../90-sbuild-build-depends-main-dummy_0.invalid.0_amd64.deb ...
Unpacking sbuild-build-depends-main-dummy (0.invalid.0) ...
Setting up libapt-pkg-perl (0.1.40) ...
Setting up libarray-utils-perl (0.5-1.1) ...
Setting up libpipeline1:amd64 (1.5.3-1) ...
Setting up liblcms2-2:amd64 (2.12~rc1-2) ...
Setting up libtie-ixhash-perl (1.23-2.1) ...
Setting up libgpm2:amd64 (1.20.7-9) ...
Setting up bsdextrautils (2.37.2-4) ...
update-alternatives: using /usr/bin/write.ul to provide /usr/bin/write (write) in auto mode
Setting up libtext-glob-perl (0.11-2) ...
Setting up libmagic-mgc (1:5.39-3) ...
Setting up libarchive-zip-perl (1.68-1) ...
Setting up libio-stringy-perl (2.111-3) ...
Setting up libhtml-tagset-perl (3.20-4) ...
Setting up libdebhelper-perl (13.5.2) ...
Setting up libsqlite3-0:amd64 (3.36.0-2) ...
Setting up liblwp-mediatypes-perl (6.04-1) ...
Setting up libtry-tiny-perl (0.30-1) ...
Setting up libmagic1:amd64 (1:5.39-3) ...
Setting up perl-openssl-defaults:amd64 (5) ...
Setting up gettext-base (0.21-4) ...
Setting up libencode-locale-perl (1.05-1.1) ...
Setting up file (1:5.39-3) ...
Setting up libconfig-tiny-perl (2.27-1) ...
Setting up libsub-install-perl (0.928-1.1) ...
Setting up libjansson4:amd64 (2.13.1-1.1) ...
Setting up libnumber-compare-perl (0.03-2) ...
Setting up liberror-perl (0.17029-1) ...
Setting up libasound2-data (1.2.5.1-1) ...
Setting up autotools-dev (20180224.1+nmu1) ...
Setting up emacsen-common (3.0.4) ...
Setting up libsqlite3-dev:amd64 (3.36.0-2) ...
Setting up libfile-find-rule-perl (0.34-1) ...
Setting up dh-elpa-helper (2.0.9) ...
Setting up libdbus-1-3:amd64 (1.12.20-3) ...
Setting up libsigsegv2:amd64 (2.13-1) ...
Setting up libarray-unique-perl (0.08-2.1) ...
Setting up libio-html-perl (1.004-2) ...
Setting up autopoint (0.21-4) ...
Setting up liblist-moreutils-xs-perl (0.430-2) ...
Setting up libtimedate-perl (2.3300-2) ...
Setting up libexporter-lite-perl (0.08-1) ...
Setting up libsub-name-perl (0.26-1+b1) ...
Setting up dwz (0.14-1) ...
Setting up sensible-utils (0.0.17) ...
Setting up libuchardet0:amd64 (0.0.7-1) ...
Setting up libasound2:amd64 (1.2.5.1-1) ...
Setting up libsub-override-perl (0.09-2) ...
Setting up netbase (6.3) ...
Setting up libexporter-tiny-perl (1.002002-1) ...
Setting up libclass-accessor-perl (0.51-1) ...
Setting up emacs-common (1:27.1+1-3.1) ...
Setting up openssl (1.1.1l-1) ...
Setting up liburi-perl (5.08-1) ...
Setting up libnet-ssleay-perl (1.88-3+b1) ...
Setting up libfile-stripnondeterminism-perl (1.12.0-2) ...
Setting up libhttp-date-perl (6.05-1) ...
Setting up gettext (0.21-4) ...
Setting up libfile-listing-perl (6.14-1) ...
Setting up libtool (2.4.6-15) ...
Setting up liblist-moreutils-perl (0.430-2) ...
Setting up elpa-pg (0.13+git.20130731.456516ec-2) ...
Setting up libnet-http-perl (6.21-1) ...
Setting up m4 (1.4.18-5) ...
Setting up intltool-debian (0.35.0+20060710.5) ...
Setting up ca-certificates (20211016) ...
Updating certificates in /etc/ssl/certs...
127 added, 0 removed; done.
Setting up autoconf (2.71-2) ...
Setting up dh-strip-nondeterminism (1.12.0-2) ...
Setting up libwww-robotrules-perl (6.02-1) ...
Setting up groff-base (1.22.4-7) ...
Setting up libhtml-parser-perl:amd64 (3.76-1) ...
Setting up emacs-bin-common (1:27.1+1-3.1) ...
update-alternatives: using /usr/bin/ctags.emacs to provide /usr/bin/ctags (ctags) in auto mode
update-alternatives: using /usr/bin/ebrowse.emacs to provide /usr/bin/ebrowse (ebrowse) in auto mode
update-alternatives: using /usr/bin/emacsclient.emacs to provide /usr/bin/emacsclient (emacsclient) in auto mode
update-alternatives: using /usr/bin/etags.emacs to provide /usr/bin/etags (etags) in auto mode
Setting up libio-socket-ssl-perl (2.072-1) ...
Setting up libhttp-message-perl (6.33-1) ...
Setting up libhtml-form-perl (6.07-1) ...
Setting up automake (1:1.16.5-1) ...
update-alternatives: using /usr/bin/automake-1.16 to provide /usr/bin/automake (automake) in auto mode
Setting up libhttp-negotiate-perl (6.01-1) ...
Setting up emacs-nox (1:27.1+1-3.1) ...
update-alternatives: using /usr/bin/emacs-nox to provide /usr/bin/emacs (emacs) in auto mode
update-alternatives: using /usr/bin/emacs to provide /usr/bin/editor (editor) in auto mode
Install emacsen-common for emacs
emacsen-common: Handling install of emacsen flavor emacs
Install elpa-pg for emacs
install/pg-0.13: Handling install of emacsen flavor emacs
install/pg-0.13: byte-compiling for emacs
Setting up libhttp-cookies-perl (6.10-1) ...
Setting up po-debconf (1.0.21+nmu1) ...
Setting up libhtml-tree-perl (5.07-2) ...
Setting up libcgi-pm-perl (4.53-1) ...
Setting up man-db (2.9.4-2) ...
Not building database; man-db/auto-update is not 'true'.
Setting up dh-autoreconf (20) ...
Setting up libhttp-server-simple-perl (0.52-1.1) ...
Setting up debhelper (13.5.2) ...
Setting up liblwp-protocol-https-perl (6.10-1) ...
Setting up libwww-perl (6.57-1) ...
Setting up libparse-debcontrol-perl (2.005-4.1) ...
Setting up libwww-mechanize-perl (2.04-1) ...
Setting up libdebian-source-perl (0.116) ...
Setting up dh-elpa (2.0.9) ...
Setting up sbuild-build-depends-main-dummy (0.invalid.0) ...
Processing triggers for install-info (6.8-3) ...
Processing triggers for libc-bin (2.32-4) ...
Processing triggers for ca-certificates (20211016) ...
Updating certificates in /etc/ssl/certs...
0 added, 0 removed; done.
Running hooks in /etc/ca-certificates/update.d...
done.

+------------------------------------------------------------------------------+
| Check architectures                                                          |
+------------------------------------------------------------------------------+

Arch check ok (amd64 included in any all)

+------------------------------------------------------------------------------+
| Build environment                                                            |
+------------------------------------------------------------------------------+

Kernel: Linux 4.19.0-6-cloud-amd64 #1 SMP Debian 4.19.67-2+deb10u2 (2019-11-11) amd64 (x86_64)
Toolchain package versions: binutils_2.37-7 dpkg-dev_1.20.9 g++-11_11.2.0-10 gcc-11_11.2.0-10 libc6-dev_2.32-4 libstdc++-11-dev_11.2.0-10 libstdc++6_11.2.0-10 linux-libc-dev_5.14.12-1
Package versions: adduser_3.118 apt_2.3.11 autoconf_2.71-2 automake_1:1.16.5-1 autopoint_0.21-4 autotools-dev_20180224.1+nmu1 base-files_12 base-passwd_3.5.52 bash_5.1-3+b2 binutils_2.37-7 binutils-common_2.37-7 binutils-x86-64-linux-gnu_2.37-7 bsdextrautils_2.37.2-4 bsdutils_1:2.37.2-4 build-essential_12.9 bzip2_1.0.8-4 ca-certificates_20211016 clang-12_1:12.0.1-15 coreutils_8.32-4+b1 cpp_4:11.2.0-2 cpp-11_11.2.0-10 dash_0.5.11+git20210120+802ebd4-2 debconf_1.5.78 debhelper_13.5.2 debian-archive-keyring_2021.1.1 debianutils_5.5-1 dh-autoreconf_20 dh-elpa_2.0.9 dh-elpa-helper_2.0.9 dh-strip-nondeterminism_1.12.0-2 diffutils_1:3.7-5 dpkg_1.20.9 dpkg-dev_1.20.9 dwz_0.14-1 e2fsprogs_1.46.4-1 elpa-pg_0.13+git.20130731.456516ec-2 emacs-bin-common_1:27.1+1-3.1 emacs-common_1:27.1+1-3.1 emacs-nox_1:27.1+1-3.1 emacsen-common_3.0.4 fakeroot_1.26-1 file_1:5.39-3 findutils_4.8.0-1 g++_4:11.2.0-2 g++-11_11.2.0-10 gcc_4:11.2.0-2 gcc-10-base_10.3.0-11 gcc-11_11.2.0-10 gcc-11-base_11.2.0-10 gcc-9-base_9.4.0-3 gettext_0.21-4 gettext-base_0.21-4 gpgv_2.2.27-2 grep_3.7-1 groff-base_1.22.4-7 gzip_1.10-4 hostname_3.23 init-system-helpers_1.60 install-info_6.8-3 intltool-debian_0.35.0+20060710.5 lib32gcc-s1_11.2.0-10 lib32stdc++6_11.2.0-10 libacl1_2.3.1-1 libapt-pkg-perl_0.1.40 libapt-pkg6.0_2.3.11 libarchive-zip-perl_1.68-1 libarray-unique-perl_0.08-2.1 libarray-utils-perl_0.5-1.1 libasan5_9.4.0-3 libasan6_11.2.0-10 libasound2_1.2.5.1-1 libasound2-data_1.2.5.1-1 libatomic1_11.2.0-10 libattr1_1:2.5.1-1 libaudit-common_1:3.0.6-1 libaudit1_1:3.0.6-1 libbinutils_2.37-7 libblkid1_2.37.2-4 libbsd0_0.11.3-1 libbz2-1.0_1.0.8-4 libc-bin_2.32-4 libc-dev-bin_2.32-4 libc6_2.32-4 libc6-dev_2.32-4 libc6-i386_2.32-4 libcap-ng0_0.7.9-2.2+b1 libcap2_1:2.44-1 libcc1-0_11.2.0-10 libcgi-pm-perl_4.53-1 libclang-common-12-dev_1:12.0.1-15 libclang-cpp12_1:12.0.1-15 libclang1-12_1:12.0.1-15 libclass-accessor-perl_0.51-1 libcom-err2_1.46.4-1 libconfig-tiny-perl_2.27-1 libcrypt-dev_1:4.4.25-2 libcrypt1_1:4.4.25-2 libctf-nobfd0_2.37-7 libctf0_2.37-7 libdb5.3_5.3.28+dfsg1-0.8 libdbus-1-3_1.12.20-3 libdebconfclient0_0.260 libdebhelper-perl_13.5.2 libdebian-source-perl_0.116 libdpkg-perl_1.20.9 libedit2_3.1-20210910-1 libelf1_0.185-2 libencode-locale-perl_1.05-1.1 liberror-perl_0.17029-1 libexporter-lite-perl_0.08-1 libexporter-tiny-perl_1.002002-1 libext2fs2_1.46.4-1 libfakeroot_1.26-1 libffi8_3.4.2-3 libfile-find-rule-perl_0.34-1 libfile-listing-perl_6.14-1 libfile-stripnondeterminism-perl_1.12.0-2 libgc1_1:8.0.4-3 libgcc-11-dev_11.2.0-10 libgcc-9-dev_9.4.0-3 libgcc-s1_11.2.0-10 libgcrypt20_1.9.4-3+b1 libgdbm-compat4_1.22-1 libgdbm6_1.22-1 libgmp10_2:6.2.1+dfsg-2 libgnutls30_3.7.2-2 libgomp1_11.2.0-10 libgpg-error0_1.42-3 libgpm2_1.20.7-9 libgssapi-krb5-2_1.18.3-7 libhogweed6_3.7.3-1 libhtml-form-perl_6.07-1 libhtml-parser-perl_3.76-1 libhtml-tagset-perl_3.20-4 libhtml-tree-perl_5.07-2 libhttp-cookies-perl_6.10-1 libhttp-date-perl_6.05-1 libhttp-message-perl_6.33-1 libhttp-negotiate-perl_6.01-1 libhttp-server-simple-perl_0.52-1.1 libicu67_67.1-7 libidn2-0_2.3.2-2 libio-html-perl_1.004-2 libio-socket-ssl-perl_2.072-1 libio-stringy-perl_2.111-3 libisl23_0.24-2 libitm1_11.2.0-10 libjansson4_2.13.1-1.1 libk5crypto3_1.18.3-7 libkeyutils1_1.6.1-2 libkrb5-3_1.18.3-7 libkrb5support0_1.18.3-7 liblcms2-2_2.12~rc1-2 liblist-moreutils-perl_0.430-2 liblist-moreutils-xs-perl_0.430-2 libllvm12_1:12.0.1-15 liblsan0_11.2.0-10 liblwp-mediatypes-perl_6.04-1 liblwp-protocol-https-perl_6.10-1 liblz4-1_1.9.3-2 liblzma5_5.2.5-2 libmagic-mgc_1:5.39-3 libmagic1_1:5.39-3 libmd0_1.0.4-1 libmount1_2.37.2-4 libmpc3_1.2.1-1 libmpfr6_4.1.0-3 libnet-http-perl_6.21-1 libnet-ssleay-perl_1.88-3+b1 libnettle8_3.7.3-1 libnsl-dev_1.3.0-2 libnsl2_1.3.0-2 libnumber-compare-perl_0.03-2 libobjc-11-dev_11.2.0-10 libobjc-9-dev_9.4.0-3 libobjc4_11.2.0-10 libomp-12-dev_1:12.0.1-15 libomp5-12_1:12.0.1-15 libp11-kit0_0.24.0-5 libpam-modules_1.4.0-10 libpam-modules-bin_1.4.0-10 libpam-runtime_1.4.0-10 libpam0g_1.4.0-10 libparse-debcontrol-perl_2.005-4.1 libpcre2-8-0_10.36-2 libpcre3_2:8.39-13 libperl5.32_5.32.1-6 libpipeline1_1.5.3-1 libquadmath0_11.2.0-10 libseccomp2_2.5.2-2 libselinux1_3.1-3 libsemanage-common_3.1-1 libsemanage1_3.1-1+b2 libsepol1_3.1-1 libsigsegv2_2.13-1 libsmartcols1_2.37.2-4 libsqlite3-0_3.36.0-2 libsqlite3-dev_3.36.0-2 libss2_1.46.4-1 libssl1.1_1.1.1l-1 libstdc++-11-dev_11.2.0-10 libstdc++6_11.2.0-10 libsub-install-perl_0.928-1.1 libsub-name-perl_0.26-1+b1 libsub-override-perl_0.09-2 libsystemd0_249.5-1 libtasn1-6_4.17.0-2 libtext-glob-perl_0.11-2 libtie-ixhash-perl_1.23-2.1 libtimedate-perl_2.3300-2 libtinfo6_6.2+20210905-1 libtirpc-common_1.3.2-2 libtirpc-dev_1.3.2-2 libtirpc3_1.3.2-2 libtool_2.4.6-15 libtry-tiny-perl_0.30-1 libtsan0_11.2.0-10 libubsan1_11.2.0-10 libuchardet0_0.0.7-1 libudev1_249.5-1 libunistring2_0.9.10-6 libunwind-12_1:12.0.1-15 liburi-perl_5.08-1 libuuid1_2.37.2-4 libwww-mechanize-perl_2.04-1 libwww-perl_6.57-1 libwww-robotrules-perl_6.02-1 libxml2_2.9.12+dfsg-5 libxxhash0_0.8.0-2 libz3-4_4.8.12-1+b1 libzstd1_1.4.8+dfsg-3 linux-libc-dev_5.14.12-1 llvm-12-linker-tools_1:12.0.1-15 login_1:4.8.1-1 logsave_1.46.4-1 lsb-base_11.1.0 m4_1.4.18-5 make_4.3-4.1 man-db_2.9.4-2 mawk_1.3.4.20200120-2 mount_2.37.2-4 ncurses-base_6.2+20210905-1 ncurses-bin_6.2+20210905-1 netbase_6.3 openssl_1.1.1l-1 passwd_1:4.8.1-1 patch_2.7.6-7 perl_5.32.1-6 perl-base_5.32.1-6 perl-modules-5.32_5.32.1-6 perl-openssl-defaults_5 po-debconf_1.0.21+nmu1 qt5-qmake_5.15.2+dfsg-12 qt5-qmake-bin_5.15.2+dfsg-12 qtchooser_66-2 rpcsvc-proto_1.4.2-4 sbuild-build-depends-main-dummy_0.invalid.0 sed_4.8-1 sensible-utils_0.0.17 sysvinit-utils_3.00-1 tar_1.34+dfsg-1 tzdata_2021e-1 util-linux_2.37.2-4 xz-utils_5.2.5-2 zlib1g_1:1.2.11.dfsg-2

+------------------------------------------------------------------------------+
| Build                                                                        |
+------------------------------------------------------------------------------+


Unpack source
-------------

-----BEGIN PGP SIGNED MESSAGE-----
Hash: SHA512

Format: 3.0 (quilt)
Source: emacsql
Binary: elpa-emacsql, elpa-emacsql-sqlite, elpa-emacsql-psql, elpa-emacsql-mysql
Architecture: any all
Version: 3.0.0+ds-2
Maintainer: Debian Emacsen team <debian-emacsen@lists.debian.org>
Uploaders: Sean Whitton <spwhitton@spwhitton.name>
Homepage: https://github.com/skeeto/emacsql
Standards-Version: 4.5.0
Vcs-Browser: https://salsa.debian.org/emacsen-team/emacsql
Vcs-Git: https://salsa.debian.org/emacsen-team/emacsql.git
Testsuite: autopkgtest-pkg-elpa
Build-Depends: debhelper-compat (= 12), dh-elpa, libsqlite3-dev, elpa-pg <!nocheck>
Package-List:
 elpa-emacsql deb editors optional arch=all
 elpa-emacsql-mysql deb editors optional arch=all
 elpa-emacsql-psql deb editors optional arch=all
 elpa-emacsql-sqlite deb editors optional arch=any
Checksums-Sha1:
 c3aa1a3e72a4ecc467e5cab994085cf4dbea8dee 24040 emacsql_3.0.0+ds.orig.tar.xz
 420832c283d0e341a42558a9ce60a27a008327ec 4560 emacsql_3.0.0+ds-2.debian.tar.xz
Checksums-Sha256:
 a066880692b58bdf1b13a288e3ac7c286213f3b31c5eb8b6cc87f596845e3407 24040 emacsql_3.0.0+ds.orig.tar.xz
 7c5d17c08e63fb81d7ac51cf4914421d96223803c67eaab323d8e677f55a8b09 4560 emacsql_3.0.0+ds-2.debian.tar.xz
Files:
 2c9bdb76c2cf72bf9f3aa0597ec5fd0f 24040 emacsql_3.0.0+ds.orig.tar.xz
 14d14c2911713a7bfff45c5b21848aed 4560 emacsql_3.0.0+ds-2.debian.tar.xz
Dgit: f4c19cd56470ce31ccccbf6556c38fb9b6560632 debian archive/debian/3.0.0+ds-2 https://git.dgit.debian.org/emacsql

-----BEGIN PGP SIGNATURE-----

iQIzBAEBCgAdFiEEm5FwB64DDjbk/CSLaVt65L8GYkAFAl8d97sACgkQaVt65L8G
YkDT5xAAkTRQ5/BAclVCxyMnm84396MM/vNqkS12UBNz00bq+XCfsjjvB2wuqPEQ
5YUQyqQvH7viu1FvQanRgXFxWLkJ/5y/Y7jHBTnI2gQ5nxixxAKdxdohDeb3YMKL
idzNRyW7Wh+w5QEo7xsKDmhaZY8gtudz/bQZSkdDfLr27kafNX1RnPV2gAE7gTEt
Z8geRQMwYvfHb5qqzsfFcSOqm+DkUQXqgoyu9qD+qKmLsbZ7x52tOqvKCbjwDsg7
QeDKm4tsv6ysHxgW8AubYcmSYYaSaJsDKxuSGlb1oqE1wmQaFCnH4z168zNziE09
6NSjSE3ePkMdmdRE4aHm5X+82fTzB2loFyPPBNuXI+h5XzfjMtq4i0azaF312tCU
epwA3vJC1SFb+4aHYprvGRU2vPQgrfUahg10i7DgUwPRAGrLZqcSvbd1R3qx1sFt
wR1JCDgid8M/ZZdNbeOiknMhj3HfvKpDzTrWpDACeHQVNOeDF2n0ADEEIWLk0Olt
hmCPk4lOuR0MOgkirRXToZNaFrz9RzVs7N09/9b5Z7TQnjiF9gtMGYqerD/+KfpD
HFl7wvTUOyBD1R/4xOk8NdbTtCntzjWku2L/VIM6gDpX3FUCN2Zqbzpa+vZ0wuUc
pTp4WaDg8ZwXFDBe+rfHhPrT6SBC3Lpdl7yizUo/PU3p3/Rrizw=
=/4q2
-----END PGP SIGNATURE-----

gpgv: unknown type of key resource 'trustedkeys.kbx'
gpgv: keyblock resource '/tmp/dpkg-verify-sig.WY2vdDgT/trustedkeys.kbx': General error
gpgv: Signature made Sun Jul 26 21:38:03 2020 UTC
gpgv:                using RSA key 9B917007AE030E36E4FC248B695B7AE4BF066240
gpgv: Can't check signature: No public key
dpkg-source: warning: failed to verify signature on ./emacsql_3.0.0+ds-2.dsc
dpkg-source: info: extracting emacsql in /<<PKGBUILDDIR>>
dpkg-source: info: unpacking emacsql_3.0.0+ds.orig.tar.xz
dpkg-source: info: unpacking emacsql_3.0.0+ds-2.debian.tar.xz
dpkg-source: info: using patch list from debian/patches/series
dpkg-source: info: applying compile-against-system-libsqlite3-and-use-Debian-CFLAGS.patch
dpkg-source: info: applying use-system-emacsql-sqlite-binary.patch
dpkg-source: info: applying set-all-Makefile-target-to-build-what-we-want.patch
dpkg-source: info: applying Compile-against-system-sqlite3-and-don-t-assume-foreign-k.patch

Check disk space
----------------

Sufficient free space for build

User Environment
----------------

APT_CONFIG=/var/lib/sbuild/apt.conf
HOME=/sbuild-nonexistent
LANG=C.UTF-8
LC_ALL=C.UTF-8
LOGNAME=user42
PATH=/usr/local/sbin:/usr/local/bin:/usr/sbin:/usr/bin:/sbin:/bin:/usr/games
SCHROOT_ALIAS_NAME=unstable
SCHROOT_CHROOT_NAME=sid-amd64-sbuild
SCHROOT_COMMAND=env
SCHROOT_GID=1001
SCHROOT_GROUP=user42
SCHROOT_SESSION_ID=sid-amd64-sbuild-4ed18700-1375-46ee-8196-53c64109a9a6
SCHROOT_UID=1001
SCHROOT_USER=user42
SHELL=/bin/sh
USER=user42

dpkg-buildpackage
-----------------

Command: dpkg-buildpackage -us -uc -b -rfakeroot
dpkg-buildpackage: info: source package emacsql
dpkg-buildpackage: info: source version 3.0.0+ds-2
dpkg-buildpackage: info: source distribution unstable
dpkg-buildpackage: info: source changed by Sean Whitton <spwhitton@spwhitton.name>
 dpkg-source --before-build .
dpkg-buildpackage: info: host architecture amd64
 fakeroot debian/rules clean
dh clean --with elpa
   dh_auto_clean
	make -j4 distclean
make[1]: Entering directory '/<<PKGBUILDDIR>>'
rm -f emacsql-compiler.elc emacsql.elc emacsql-sqlite.elc emacsql-psql.elc emacsql-mysql.elc emacsql-pg.elc tests/emacsql-compiler-tests.elc tests/emacsql-external-tests.elc tests/emacsql-tests.elc
make -C sqlite clean
make[2]: Entering directory '/<<PKGBUILDDIR>>/sqlite'
rm -f emacsql-sqlite
make[2]: Leaving directory '/<<PKGBUILDDIR>>/sqlite'
make[1]: Leaving directory '/<<PKGBUILDDIR>>'
   dh_clean
 debian/rules build
dh build --with elpa
   dh_update_autotools_config
   dh_autoreconf
   dh_auto_configure
   dh_auto_build
	make -j4 "INSTALL=install --strip-program=true"
make[1]: Entering directory '/<<PKGBUILDDIR>>'
make -C sqlite
make[2]: Entering directory '/<<PKGBUILDDIR>>/sqlite'
c99 -g -O2 -ffile-prefix-map=/<<PKGBUILDDIR>>=. -fstack-protector-strong -Wformat -Werror=format-security -DSQLITE_THREADSAFE=0  -DSQLITE_DEFAULT_FOREIGN_KEYS=1  -DSQLITE_ENABLE_FTS5  -DSQLITE_ENABLE_FTS4  -DSQLITE_ENABLE_FTS3_PARENTHESIS  -DSQLITE_ENABLE_RTREE  -DSQLITE_ENABLE_JSON1  -DSQLITE_SOUNDEX -L ../pg -o emacsql-sqlite emacsql.c -lsqlite3
make[2]: Leaving directory '/<<PKGBUILDDIR>>/sqlite'
make[1]: Leaving directory '/<<PKGBUILDDIR>>'
   dh_elpa_test
	emacs -batch -Q -l package --eval "(add-to-list 'package-directory-list \"/usr/share/emacs/site-lisp/elpa\")" --eval "(add-to-list 'package-directory-list \"/usr/share/emacs/site-lisp/elpa-src\")" -f package-initialize -L . -L tests --eval "(unless (and (getenv \"AUTOPKGTEST_TMP\") (file-directory-p (getenv \"AUTOPKGTEST_TMP\"))) (setq emacsql-sqlite-executable (concat default-directory \"sqlite/emacsql-sqlite\")))" -l tests/emacsql-compiler-tests.el -l tests/emacsql-external-tests.el --eval \(ert-run-tests-batch-and-exit\)
Package cl is deprecated
Running 23 tests (2021-10-26 23:03:20+0000, selector t)
   passed   1/23  emacsql-alter-table (0.000251 sec)
   passed   2/23  emacsql-attach (0.000153 sec)
Test emacsql-basic backtrace:
  set-buffer(#<killed buffer>)
  (save-current-buffer (set-buffer (emacsql-buffer connection)) (and (
  (progn (save-current-buffer (set-buffer (emacsql-buffer connection))
  (closure (t) (connection) "Return true if the end of the buffer has 
  apply((closure (t) (connection) "Return true if the end of the buffe
  emacsql-waiting-p(#<emacsql-sqlite-connection emacsql-sqlite-connect
  (not (emacsql-waiting-p connection))
  (and (or (null real-timeout) (< (float-time) end)) (not (emacsql-wai
  (while (and (or (null real-timeout) (< (float-time) end)) (not (emac
  (let* ((real-timeout (or timeout emacsql-global-timeout)) (end (if r
  (progn (let* ((real-timeout (or timeout emacsql-global-timeout)) (en
  (closure (t) (connection &optional timeout) "Block until CONNECTION 
  apply((closure (t) (connection &optional timeout) "Block until CONNE
  emacsql-wait(#<emacsql-sqlite-connection emacsql-sqlite-connection-1
  (let ((sql-string (apply #'emacsql-compile connection sql args))) (e
  (progn (let ((sql-string (apply #'emacsql-compile connection sql arg
  (closure (t) (connection sql &rest args) "Send SQL s-expression to C
  apply((closure (t) (connection sql &rest args) "Send SQL s-expressio
  emacsql(#<emacsql-sqlite-connection emacsql-sqlite-connection-156d64
  (let* ((process-connection-type nil) (coding-system-for-write 'utf-8
  (progn (emacsql-sqlite-ensure-binary) (let* ((process-connection-typ
  (progn (progn (emacsql-sqlite-ensure-binary) (let* ((process-connect
  (closure (t) (connection &rest _) "\n\n(fn CONNECTION &rest ##)" (pr
  apply((closure (t) (connection &rest _) "\n\n(fn CONNECTION &rest ##
  #f(compiled-function (&rest args) #<bytecode 0x156d649a6169>)(#<emac
  apply(#f(compiled-function (&rest args) #<bytecode 0x156d649a6169>) 
  initialize-instance(#<emacsql-sqlite-connection emacsql-sqlite-conne
  #f(compiled-function (class &rest slots) "Default constructor for CL
  apply(#f(compiled-function (class &rest slots) "Default constructor 
  make-instance(emacsql-sqlite-connection :file nil)
  (let ((connection (make-instance 'emacsql-sqlite-connection :file fi
  (progn (let ((--cl-keys-- --cl-rest--)) (while --cl-keys-- (cond ((m
  (let* ((debug (car (cdr (plist-member --cl-rest-- ':debug))))) (prog
  emacsql-sqlite(nil)
  apply(emacsql-sqlite nil)
  #f(compiled-function (&rest args2) #<bytecode 0x156d649bcc59>)()
  funcall(#f(compiled-function (&rest args2) #<bytecode 0x156d649bcc59
  (let ((db (funcall (cdr factory)))) (unwind-protect (progn (emacsql 
  (let ((factory (car --dolist-tail--))) (let ((db (funcall (cdr facto
  (while --dolist-tail-- (let ((factory (car --dolist-tail--))) (let (
  (let ((--dolist-tail-- emacsql-tests-connection-factories)) (while -
  (let ((emacsql-global-timeout emacsql-tests-timeout)) (let ((--dolis
  (closure (t) nil (let ((emacsql-global-timeout emacsql-tests-timeout
  ert--run-test-internal(#s(ert--test-execution-info :test #s(ert-test
  ert-run-test(#s(ert-test :name emacsql-basic :documentation "A short
  ert-run-or-rerun-test(#s(ert--stats :selector t :tests ... :test-map
  ert-run-tests(t #f(compiled-function (event-type &rest event-args) #
  ert-run-tests-batch(nil)
  ert-run-tests-batch-and-exit()
  eval((ert-run-tests-batch-and-exit) t)
  command-line-1(("-l" "package" "--eval" "(add-to-list 'package-direc
  command-line()
  normal-top-level()
Test emacsql-basic condition:
    (error "Selecting deleted buffer")
   FAILED   3/23  emacsql-basic (0.001515 sec)
   passed   4/23  emacsql-create-table (0.001242 sec)
Test emacsql-error backtrace:
  set-buffer(#<killed buffer>)
  (save-current-buffer (set-buffer (emacsql-buffer connection)) (and (
  (progn (save-current-buffer (set-buffer (emacsql-buffer connection))
  (closure (t) (connection) "Return true if the end of the buffer has 
  apply((closure (t) (connection) "Return true if the end of the buffe
  emacsql-waiting-p(#<emacsql-sqlite-connection emacsql-sqlite-connect
  (not (emacsql-waiting-p connection))
  (and (or (null real-timeout) (< (float-time) end)) (not (emacsql-wai
  (while (and (or (null real-timeout) (< (float-time) end)) (not (emac
  (let* ((real-timeout (or timeout emacsql-global-timeout)) (end (if r
  (progn (let* ((real-timeout (or timeout emacsql-global-timeout)) (en
  (closure (t) (connection &optional timeout) "Block until CONNECTION 
  apply((closure (t) (connection &optional timeout) "Block until CONNE
  emacsql-wait(#<emacsql-sqlite-connection emacsql-sqlite-connection-1
  (let ((sql-string (apply #'emacsql-compile connection sql args))) (e
  (progn (let ((sql-string (apply #'emacsql-compile connection sql arg
  (closure (t) (connection sql &rest args) "Send SQL s-expression to C
  apply((closure (t) (connection sql &rest args) "Send SQL s-expressio
  emacsql(#<emacsql-sqlite-connection emacsql-sqlite-connection-156d64
  (let* ((process-connection-type nil) (coding-system-for-write 'utf-8
  (progn (emacsql-sqlite-ensure-binary) (let* ((process-connection-typ
  (progn (progn (emacsql-sqlite-ensure-binary) (let* ((process-connect
  (closure (t) (connection &rest _) "\n\n(fn CONNECTION &rest ##)" (pr
  apply((closure (t) (connection &rest _) "\n\n(fn CONNECTION &rest ##
  #f(compiled-function (&rest args) #<bytecode 0x156d649a6169>)(#<emac
  apply(#f(compiled-function (&rest args) #<bytecode 0x156d649a6169>) 
  initialize-instance(#<emacsql-sqlite-connection emacsql-sqlite-conne
  #f(compiled-function (class &rest slots) "Default constructor for CL
  apply(#f(compiled-function (class &rest slots) "Default constructor 
  make-instance(emacsql-sqlite-connection :file nil)
  (let ((connection (make-instance 'emacsql-sqlite-connection :file fi
  (progn (let ((--cl-keys-- --cl-rest--)) (while --cl-keys-- (cond ((m
  (let* ((debug (car (cdr (plist-member --cl-rest-- ':debug))))) (prog
  emacsql-sqlite(nil)
  apply(emacsql-sqlite nil)
  #f(compiled-function (&rest args2) #<bytecode 0x156d649bcc59>)()
  funcall(#f(compiled-function (&rest args2) #<bytecode 0x156d649bcc59
  (let ((db (funcall (cdr factory)))) (unwind-protect (progn (emacsql 
  (let ((factory (car --dolist-tail--))) (let ((db (funcall (cdr facto
  (while --dolist-tail-- (let ((factory (car --dolist-tail--))) (let (
  (let ((--dolist-tail-- emacsql-tests-connection-factories)) (while -
  (let ((emacsql-global-timeout emacsql-tests-timeout)) (let ((--dolis
  (closure (t) nil (let* ((fn-243 #'emacsql-compile) (args-244 (condit
  ert--run-test-internal(#s(ert--test-execution-info :test #s(ert-test
  ert-run-test(#s(ert-test :name emacsql-error :documentation "Check t
  ert-run-or-rerun-test(#s(ert--stats :selector t :tests ... :test-map
  ert-run-tests(t #f(compiled-function (event-type &rest event-args) #
  ert-run-tests-batch(nil)
  ert-run-tests-batch-and-exit()
  eval((ert-run-tests-batch-and-exit) t)
  command-line-1(("-l" "package" "--eval" "(add-to-list 'package-direc
  command-line()
  normal-top-level()
Test emacsql-error condition:
    (error "Selecting deleted buffer")
   FAILED   5/23  emacsql-error (0.001477 sec)
   passed   6/23  emacsql-escape-identifier (0.000184 sec)
   passed   7/23  emacsql-escape-raw (0.000112 sec)
   passed   8/23  emacsql-escape-scalar (0.000116 sec)
   passed   9/23  emacsql-escape-vector (0.000079 sec)
   passed  10/23  emacsql-expr (0.000317 sec)
Test emacsql-foreign-key backtrace:
  set-buffer(#<killed buffer>)
  (save-current-buffer (set-buffer (emacsql-buffer connection)) (and (
  (progn (save-current-buffer (set-buffer (emacsql-buffer connection))
  (closure (t) (connection) "Return true if the end of the buffer has 
  apply((closure (t) (connection) "Return true if the end of the buffe
  emacsql-waiting-p(#<emacsql-sqlite-connection emacsql-sqlite-connect
  (not (emacsql-waiting-p connection))
  (and (or (null real-timeout) (< (float-time) end)) (not (emacsql-wai
  (while (and (or (null real-timeout) (< (float-time) end)) (not (emac
  (let* ((real-timeout (or timeout emacsql-global-timeout)) (end (if r
  (progn (let* ((real-timeout (or timeout emacsql-global-timeout)) (en
  (closure (t) (connection &optional timeout) "Block until CONNECTION 
  apply((closure (t) (connection &optional timeout) "Block until CONNE
  emacsql-wait(#<emacsql-sqlite-connection emacsql-sqlite-connection-1
  (let ((sql-string (apply #'emacsql-compile connection sql args))) (e
  (progn (let ((sql-string (apply #'emacsql-compile connection sql arg
  (closure (t) (connection sql &rest args) "Send SQL s-expression to C
  apply((closure (t) (connection sql &rest args) "Send SQL s-expressio
  emacsql(#<emacsql-sqlite-connection emacsql-sqlite-connection-156d64
  (let* ((process-connection-type nil) (coding-system-for-write 'utf-8
  (progn (emacsql-sqlite-ensure-binary) (let* ((process-connection-typ
  (progn (progn (emacsql-sqlite-ensure-binary) (let* ((process-connect
  (closure (t) (connection &rest _) "\n\n(fn CONNECTION &rest ##)" (pr
  apply((closure (t) (connection &rest _) "\n\n(fn CONNECTION &rest ##
  #f(compiled-function (&rest args) #<bytecode 0x156d649a6169>)(#<emac
  apply(#f(compiled-function (&rest args) #<bytecode 0x156d649a6169>) 
  initialize-instance(#<emacsql-sqlite-connection emacsql-sqlite-conne
  #f(compiled-function (class &rest slots) "Default constructor for CL
  apply(#f(compiled-function (class &rest slots) "Default constructor 
  make-instance(emacsql-sqlite-connection :file nil)
  (let ((connection (make-instance 'emacsql-sqlite-connection :file fi
  (progn (let ((--cl-keys-- --cl-rest--)) (while --cl-keys-- (cond ((m
  (let* ((debug (car (cdr (plist-member --cl-rest-- ':debug))))) (prog
  emacsql-sqlite(nil)
  apply(emacsql-sqlite nil)
  #f(compiled-function (&rest args2) #<bytecode 0x156d649bcc59>)()
  funcall(#f(compiled-function (&rest args2) #<bytecode 0x156d649bcc59
  (let ((db (funcall (cdr factory)))) (unwind-protect (progn (unwind-p
  (let ((factory (car --dolist-tail--))) (let ((db (funcall (cdr facto
  (while --dolist-tail-- (let ((factory (car --dolist-tail--))) (let (
  (let ((--dolist-tail-- emacsql-tests-connection-factories)) (while -
  (let ((emacsql-global-timeout emacsql-tests-timeout)) (let ((--dolis
  (closure (t) nil (let ((emacsql-global-timeout emacsql-tests-timeout
  ert--run-test-internal(#s(ert--test-execution-info :test #s(ert-test
  ert-run-test(#s(ert-test :name emacsql-foreign-key :documentation "T
  ert-run-or-rerun-test(#s(ert--stats :selector t :tests ... :test-map
  ert-run-tests(t #f(compiled-function (event-type &rest event-args) #
  ert-run-tests-batch(nil)
  ert-run-tests-batch-and-exit()
  eval((ert-run-tests-batch-and-exit) t)
  command-line-1(("-l" "package" "--eval" "(add-to-list 'package-direc
  command-line()
  normal-top-level()
Test emacsql-foreign-key condition:
    (error "Selecting deleted buffer")
   FAILED  11/23  emacsql-foreign-key (0.001436 sec)
   passed  12/23  emacsql-funcall (0.000349 sec)
   passed  13/23  emacsql-insert (0.000221 sec)
   passed  14/23  emacsql-limit (0.000183 sec)
Test emacsql-nul-character backtrace:
  set-buffer(#<killed buffer>)
  (save-current-buffer (set-buffer (emacsql-buffer connection)) (and (
  (progn (save-current-buffer (set-buffer (emacsql-buffer connection))
  (closure (t) (connection) "Return true if the end of the buffer has 
  apply((closure (t) (connection) "Return true if the end of the buffe
  emacsql-waiting-p(#<emacsql-sqlite-connection emacsql-sqlite-connect
  (not (emacsql-waiting-p connection))
  (and (or (null real-timeout) (< (float-time) end)) (not (emacsql-wai
  (while (and (or (null real-timeout) (< (float-time) end)) (not (emac
  (let* ((real-timeout (or timeout emacsql-global-timeout)) (end (if r
  (progn (let* ((real-timeout (or timeout emacsql-global-timeout)) (en
  (closure (t) (connection &optional timeout) "Block until CONNECTION 
  apply((closure (t) (connection &optional timeout) "Block until CONNE
  emacsql-wait(#<emacsql-sqlite-connection emacsql-sqlite-connection-1
  (let ((sql-string (apply #'emacsql-compile connection sql args))) (e
  (progn (let ((sql-string (apply #'emacsql-compile connection sql arg
  (closure (t) (connection sql &rest args) "Send SQL s-expression to C
  apply((closure (t) (connection sql &rest args) "Send SQL s-expressio
  emacsql(#<emacsql-sqlite-connection emacsql-sqlite-connection-156d64
  (let* ((process-connection-type nil) (coding-system-for-write 'utf-8
  (progn (emacsql-sqlite-ensure-binary) (let* ((process-connection-typ
  (progn (progn (emacsql-sqlite-ensure-binary) (let* ((process-connect
  (closure (t) (connection &rest _) "\n\n(fn CONNECTION &rest ##)" (pr
  apply((closure (t) (connection &rest _) "\n\n(fn CONNECTION &rest ##
  #f(compiled-function (&rest args) #<bytecode 0x156d649a6169>)(#<emac
  apply(#f(compiled-function (&rest args) #<bytecode 0x156d649a6169>) 
  initialize-instance(#<emacsql-sqlite-connection emacsql-sqlite-conne
  #f(compiled-function (class &rest slots) "Default constructor for CL
  apply(#f(compiled-function (class &rest slots) "Default constructor 
  make-instance(emacsql-sqlite-connection :file nil)
  (let ((connection (make-instance 'emacsql-sqlite-connection :file fi
  (progn (let ((--cl-keys-- --cl-rest--)) (while --cl-keys-- (cond ((m
  (let* ((debug (car (cdr (plist-member --cl-rest-- ':debug))))) (prog
  emacsql-sqlite(nil)
  apply(emacsql-sqlite nil)
  #f(compiled-function (&rest args2) #<bytecode 0x156d649bcc59>)()
  funcall(#f(compiled-function (&rest args2) #<bytecode 0x156d649bcc59
  (let ((db (funcall (cdr factory)))) (unwind-protect (progn (emacsql 
  (let ((factory (car --dolist-tail--))) (let ((db (funcall (cdr facto
  (while --dolist-tail-- (let ((factory (car --dolist-tail--))) (let (
  (let ((--dolist-tail-- emacsql-tests-connection-factories)) (while -
  (let ((emacsql-global-timeout emacsql-tests-timeout)) (let ((--dolis
  (closure (t) nil (let ((emacsql-global-timeout emacsql-tests-timeout
  ert--run-test-internal(#s(ert--test-execution-info :test #s(ert-test
  ert-run-test(#s(ert-test :name emacsql-nul-character :documentation 
  ert-run-or-rerun-test(#s(ert--stats :selector t :tests ... :test-map
  ert-run-tests(t #f(compiled-function (event-type &rest event-args) #
  ert-run-tests-batch(nil)
  ert-run-tests-batch-and-exit()
  eval((ert-run-tests-batch-and-exit) t)
  command-line-1(("-l" "package" "--eval" "(add-to-list 'package-direc
  command-line()
  normal-top-level()
Test emacsql-nul-character condition:
    (error "Selecting deleted buffer")
   FAILED  15/23  emacsql-nul-character (0.001577 sec)
   passed  16/23  emacsql-order-by (0.000282 sec)
   passed  17/23  emacsql-param (0.000101 sec)
   passed  18/23  emacsql-quoting (0.000187 sec)
   passed  19/23  emacsql-schema (0.000175 sec)
   passed  20/23  emacsql-select (0.000464 sec)
Test emacsql-special-chars backtrace:
  set-buffer(#<killed buffer>)
  (save-current-buffer (set-buffer (emacsql-buffer connection)) (and (
  (progn (save-current-buffer (set-buffer (emacsql-buffer connection))
  (closure (t) (connection) "Return true if the end of the buffer has 
  apply((closure (t) (connection) "Return true if the end of the buffe
  emacsql-waiting-p(#<emacsql-sqlite-connection emacsql-sqlite-connect
  (not (emacsql-waiting-p connection))
  (and (or (null real-timeout) (< (float-time) end)) (not (emacsql-wai
  (while (and (or (null real-timeout) (< (float-time) end)) (not (emac
  (let* ((real-timeout (or timeout emacsql-global-timeout)) (end (if r
  (progn (let* ((real-timeout (or timeout emacsql-global-timeout)) (en
  (closure (t) (connection &optional timeout) "Block until CONNECTION 
  apply((closure (t) (connection &optional timeout) "Block until CONNE
  emacsql-wait(#<emacsql-sqlite-connection emacsql-sqlite-connection-1
  (let ((sql-string (apply #'emacsql-compile connection sql args))) (e
  (progn (let ((sql-string (apply #'emacsql-compile connection sql arg
  (closure (t) (connection sql &rest args) "Send SQL s-expression to C
  apply((closure (t) (connection sql &rest args) "Send SQL s-expressio
  emacsql(#<emacsql-sqlite-connection emacsql-sqlite-connection-156d64
  (let* ((process-connection-type nil) (coding-system-for-write 'utf-8
  (progn (emacsql-sqlite-ensure-binary) (let* ((process-connection-typ
  (progn (progn (emacsql-sqlite-ensure-binary) (let* ((process-connect
  (closure (t) (connection &rest _) "\n\n(fn CONNECTION &rest ##)" (pr
  apply((closure (t) (connection &rest _) "\n\n(fn CONNECTION &rest ##
  #f(compiled-function (&rest args) #<bytecode 0x156d649a6169>)(#<emac
  apply(#f(compiled-function (&rest args) #<bytecode 0x156d649a6169>) 
  initialize-instance(#<emacsql-sqlite-connection emacsql-sqlite-conne
  #f(compiled-function (class &rest slots) "Default constructor for CL
  apply(#f(compiled-function (class &rest slots) "Default constructor 
  make-instance(emacsql-sqlite-connection :file nil)
  (let ((connection (make-instance 'emacsql-sqlite-connection :file fi
  (progn (let ((--cl-keys-- --cl-rest--)) (while --cl-keys-- (cond ((m
  (let* ((debug (car (cdr (plist-member --cl-rest-- ':debug))))) (prog
  emacsql-sqlite(nil)
  apply(emacsql-sqlite nil)
  #f(compiled-function (&rest args2) #<bytecode 0x156d649bcc59>)()
  funcall(#f(compiled-function (&rest args2) #<bytecode 0x156d649bcc59
  (let ((db (funcall (cdr factory)))) (unwind-protect (progn (emacsql 
  (let ((factory (car --dolist-tail--))) (let ((db (funcall (cdr facto
  (while --dolist-tail-- (let ((factory (car --dolist-tail--))) (let (
  (let ((--dolist-tail-- emacsql-tests-connection-factories)) (while -
  (let ((emacsql-global-timeout 4)) (let ((--dolist-tail-- emacsql-tes
  (closure (t) nil (let ((emacsql-global-timeout 4)) (let ((--dolist-t
  ert--run-test-internal(#s(ert--test-execution-info :test #s(ert-test
  ert-run-test(#s(ert-test :name emacsql-special-chars :documentation 
  ert-run-or-rerun-test(#s(ert--stats :selector t :tests ... :test-map
  ert-run-tests(t #f(compiled-function (event-type &rest event-args) #
  ert-run-tests-batch(nil)
  ert-run-tests-batch-and-exit()
  eval((ert-run-tests-batch-and-exit) t)
  command-line-1(("-l" "package" "--eval" "(add-to-list 'package-direc
  command-line()
  normal-top-level()
Test emacsql-special-chars condition:
    (error "Selecting deleted buffer")
   FAILED  21/23  emacsql-special-chars (0.001415 sec)
   passed  22/23  emacsql-transaction (0.000145 sec)
   passed  23/23  emacsql-update (0.000132 sec)

Ran 23 tests, 18 results as expected, 5 unexpected (2021-10-26 23:03:21+0000, 0.998977 sec)

5 unexpected results:
   FAILED  emacsql-basic
   FAILED  emacsql-error
   FAILED  emacsql-foreign-key
   FAILED  emacsql-nul-character
   FAILED  emacsql-special-chars

dh_elpa_test: error: emacs -batch -Q -l package --eval "(add-to-list 'package-directory-list \"/usr/share/emacs/site-lisp/elpa\")" --eval "(add-to-list 'package-directory-list \"/usr/share/emacs/site-lisp/elpa-src\")" -f package-initialize -L . -L tests --eval "(unless (and (getenv \"AUTOPKGTEST_TMP\") (file-directory-p (getenv \"AUTOPKGTEST_TMP\"))) (setq emacsql-sqlite-executable (concat default-directory \"sqlite/emacsql-sqlite\")))" -l tests/emacsql-compiler-tests.el -l tests/emacsql-external-tests.el --eval \(ert-run-tests-batch-and-exit\) returned exit code 1
make: *** [debian/rules:4: build] Error 25
dpkg-buildpackage: error: debian/rules build subprocess returned exit status 2
--------------------------------------------------------------------------------
Build finished at 2021-10-26T23:03:21Z

Finished
--------


+------------------------------------------------------------------------------+
| Cleanup                                                                      |
+------------------------------------------------------------------------------+

Purging /<<BUILDDIR>>
Not cleaning session: cloned chroot in use
E: Build failure (dpkg-buildpackage died)

+------------------------------------------------------------------------------+
| Summary                                                                      |
+------------------------------------------------------------------------------+

Build Architecture: amd64
Build Type: binary
Build-Space: 332
Build-Time: 2
Distribution: unstable
Fail-Stage: build
Host Architecture: amd64
Install-Time: 10
Job: emacsql_3.0.0+ds-2
Machine Architecture: amd64
Package: emacsql
Package-Time: 34
Source-Version: 3.0.0+ds-2
Space: 332
Status: attempted
Version: 3.0.0+ds-2
--------------------------------------------------------------------------------
Finished at 2021-10-26T23:03:21Z
Build needed 00:00:34, 332k disk space
E: Build failure (dpkg-buildpackage died)
DC-Status: Failed 35.788865986s
