DC-Build-Header: fflas-ffpack 2.4.3-2 / 2021-10-26 21:12:14 +0000
DC-Task: type:rebuild-binarch-only source:fflas-ffpack version:2.4.3-2 chroot:unstable esttime:627 logfile:/tmp/fflas-ffpack_2.4.3-2_unstable_clang12.log modes:clang12:binarch-only
DC-Sbuild-call: su user42 -c 'sbuild -n --arch-any --apt-update -d unstable -v --no-run-lintian --chroot-setup-commands=/tmp/clang12 fflas-ffpack_2.4.3-2'
sbuild (Debian sbuild) 0.78.1 (09 February 2019) on ip-172-31-5-56.eu-central-1.compute.internal

+==============================================================================+
| fflas-ffpack 2.4.3-2 (amd64)                 Tue, 26 Oct 2021 21:12:14 +0000 |
+==============================================================================+

Package: fflas-ffpack
Version: 2.4.3-2
Source Version: 2.4.3-2
Distribution: unstable
Machine Architecture: amd64
Host Architecture: amd64
Build Architecture: amd64
Build Type: binary

I: NOTICE: Log filtering will replace 'var/run/schroot/mount/sid-amd64-sbuild-7b25dc28-512f-4bf7-a741-03826648124f' with '<<CHROOT>>'

+------------------------------------------------------------------------------+
| Chroot Setup Commands                                                        |
+------------------------------------------------------------------------------+


/tmp/clang12
------------

+ echo 'Entering customization script...'
Entering customization script...
+ CLANG_VERSION=12
+ echo 'Install of clang-12'
Install of clang-12
+ apt-get update
Get:1 http://127.0.0.1:12990/debian sid InRelease [165 kB]
Get:2 http://127.0.0.1:12990/debian sid/main Sources.diff/Index [63.6 kB]
Get:3 http://127.0.0.1:12990/debian sid/main amd64 Packages.diff/Index [63.6 kB]
Get:4 http://127.0.0.1:12990/debian sid/main Sources T-2021-10-26-2004.40-F-2021-10-26-0202.15.pdiff [47.3 kB]
Get:4 http://127.0.0.1:12990/debian sid/main Sources T-2021-10-26-2004.40-F-2021-10-26-0202.15.pdiff [47.3 kB]
Get:5 http://127.0.0.1:12990/debian sid/main amd64 Packages T-2021-10-26-2004.40-F-2021-10-26-0202.15.pdiff [55.9 kB]
Get:5 http://127.0.0.1:12990/debian sid/main amd64 Packages T-2021-10-26-2004.40-F-2021-10-26-0202.15.pdiff [55.9 kB]
Get:6 http://127.0.0.1:12990/debian sid/main Translation-en [6586 kB]
Fetched 6981 kB in 3s (2763 kB/s)
Reading package lists...
+ apt-get install --yes --no-install-recommends --force-yes clang-12 libomp-12-dev libobjc-9-dev
Reading package lists...
Building dependency tree...
The following additional packages will be installed:
  lib32gcc-s1 lib32stdc++6 libasan5 libbsd0 libc6-i386 libclang-common-12-dev
  libclang-cpp12 libclang1-12 libedit2 libelf1 libgc1 libgcc-9-dev libicu67
  libllvm12 libmd0 libobjc-11-dev libobjc4 libomp5-12 libunwind-12 libxml2
  libz3-4 llvm-12-linker-tools
Suggested packages:
  clang-12-doc libomp-12-doc
Recommended packages:
  llvm-12-dev python3
The following NEW packages will be installed:
  clang-12 lib32gcc-s1 lib32stdc++6 libasan5 libbsd0 libc6-i386
  libclang-common-12-dev libclang-cpp12 libclang1-12 libedit2 libelf1 libgc1
  libgcc-9-dev libicu67 libllvm12 libmd0 libobjc-11-dev libobjc-9-dev libobjc4
  libomp-12-dev libomp5-12 libunwind-12 libxml2 libz3-4 llvm-12-linker-tools
0 upgraded, 25 newly installed, 0 to remove and 0 not upgraded.
Need to get 67.6 MB of archives.
After this operation, 349 MB of additional disk space will be used.
Get:1 http://127.0.0.1:12990/debian sid/main amd64 libmd0 amd64 1.0.4-1 [29.6 kB]
Get:2 http://127.0.0.1:12990/debian sid/main amd64 libbsd0 amd64 0.11.3-1 [108 kB]
Get:3 http://127.0.0.1:12990/debian sid/main amd64 libedit2 amd64 3.1-20210910-1 [97.5 kB]
Get:4 http://127.0.0.1:12990/debian sid/main amd64 libicu67 amd64 67.1-7 [8622 kB]
Get:5 http://127.0.0.1:12990/debian sid/main amd64 libxml2 amd64 2.9.12+dfsg-5 [696 kB]
Get:6 http://127.0.0.1:12990/debian sid/main amd64 libz3-4 amd64 4.8.12-1+b1 [6997 kB]
Get:7 http://127.0.0.1:12990/debian sid/main amd64 libllvm12 amd64 1:12.0.1-15 [19.4 MB]
Get:8 http://127.0.0.1:12990/debian sid/main amd64 libclang-cpp12 amd64 1:12.0.1-15 [9996 kB]
Get:9 http://127.0.0.1:12990/debian sid/main amd64 libgc1 amd64 1:8.0.4-3 [239 kB]
Get:10 http://127.0.0.1:12990/debian sid/main amd64 libobjc4 amd64 11.2.0-10 [43.2 kB]
Get:11 http://127.0.0.1:12990/debian sid/main amd64 libobjc-11-dev amd64 11.2.0-10 [170 kB]
Get:12 http://127.0.0.1:12990/debian sid/main amd64 libc6-i386 amd64 2.32-4 [2624 kB]
Get:13 http://127.0.0.1:12990/debian sid/main amd64 lib32gcc-s1 amd64 11.2.0-10 [49.9 kB]
Get:14 http://127.0.0.1:12990/debian sid/main amd64 lib32stdc++6 amd64 11.2.0-10 [601 kB]
Get:15 http://127.0.0.1:12990/debian sid/main amd64 libclang-common-12-dev amd64 1:12.0.1-15 [4819 kB]
Get:16 http://127.0.0.1:12990/debian sid/main amd64 llvm-12-linker-tools amd64 1:12.0.1-15 [1222 kB]
Get:17 http://127.0.0.1:12990/debian sid/main amd64 libclang1-12 amd64 1:12.0.1-15 [5644 kB]
Get:18 http://127.0.0.1:12990/debian sid/main amd64 clang-12 amd64 1:12.0.1-15 [117 kB]
Get:19 http://127.0.0.1:12990/debian sid/main amd64 libasan5 amd64 9.4.0-3 [2734 kB]
Get:20 http://127.0.0.1:12990/debian sid/main amd64 libelf1 amd64 0.185-2 [172 kB]
Get:21 http://127.0.0.1:12990/debian sid/main amd64 libgcc-9-dev amd64 9.4.0-3 [2343 kB]
Get:22 http://127.0.0.1:12990/debian sid/main amd64 libobjc-9-dev amd64 9.4.0-3 [219 kB]
Get:23 http://127.0.0.1:12990/debian sid/main amd64 libunwind-12 amd64 1:12.0.1-15 [63.9 kB]
Get:24 http://127.0.0.1:12990/debian sid/main amd64 libomp5-12 amd64 1:12.0.1-15 [405 kB]
Get:25 http://127.0.0.1:12990/debian sid/main amd64 libomp-12-dev amd64 1:12.0.1-15 [104 kB]
debconf: delaying package configuration, since apt-utils is not installed
Fetched 67.6 MB in 0s (149 MB/s)
Selecting previously unselected package libmd0:amd64.
(Reading database ... (Reading database ... 5%(Reading database ... 10%(Reading database ... 15%(Reading database ... 20%(Reading database ... 25%(Reading database ... 30%(Reading database ... 35%(Reading database ... 40%(Reading database ... 45%(Reading database ... 50%(Reading database ... 55%(Reading database ... 60%(Reading database ... 65%(Reading database ... 70%(Reading database ... 75%(Reading database ... 80%(Reading database ... 85%(Reading database ... 90%(Reading database ... 95%(Reading database ... 100%(Reading database ... 12431 files and directories currently installed.)
Preparing to unpack .../00-libmd0_1.0.4-1_amd64.deb ...
Unpacking libmd0:amd64 (1.0.4-1) ...
Selecting previously unselected package libbsd0:amd64.
Preparing to unpack .../01-libbsd0_0.11.3-1_amd64.deb ...
Unpacking libbsd0:amd64 (0.11.3-1) ...
Selecting previously unselected package libedit2:amd64.
Preparing to unpack .../02-libedit2_3.1-20210910-1_amd64.deb ...
Unpacking libedit2:amd64 (3.1-20210910-1) ...
Selecting previously unselected package libicu67:amd64.
Preparing to unpack .../03-libicu67_67.1-7_amd64.deb ...
Unpacking libicu67:amd64 (67.1-7) ...
Selecting previously unselected package libxml2:amd64.
Preparing to unpack .../04-libxml2_2.9.12+dfsg-5_amd64.deb ...
Unpacking libxml2:amd64 (2.9.12+dfsg-5) ...
Selecting previously unselected package libz3-4:amd64.
Preparing to unpack .../05-libz3-4_4.8.12-1+b1_amd64.deb ...
Unpacking libz3-4:amd64 (4.8.12-1+b1) ...
Selecting previously unselected package libllvm12:amd64.
Preparing to unpack .../06-libllvm12_1%3a12.0.1-15_amd64.deb ...
Unpacking libllvm12:amd64 (1:12.0.1-15) ...
Selecting previously unselected package libclang-cpp12.
Preparing to unpack .../07-libclang-cpp12_1%3a12.0.1-15_amd64.deb ...
Unpacking libclang-cpp12 (1:12.0.1-15) ...
Selecting previously unselected package libgc1:amd64.
Preparing to unpack .../08-libgc1_1%3a8.0.4-3_amd64.deb ...
Unpacking libgc1:amd64 (1:8.0.4-3) ...
Selecting previously unselected package libobjc4:amd64.
Preparing to unpack .../09-libobjc4_11.2.0-10_amd64.deb ...
Unpacking libobjc4:amd64 (11.2.0-10) ...
Selecting previously unselected package libobjc-11-dev:amd64.
Preparing to unpack .../10-libobjc-11-dev_11.2.0-10_amd64.deb ...
Unpacking libobjc-11-dev:amd64 (11.2.0-10) ...
Selecting previously unselected package libc6-i386.
Preparing to unpack .../11-libc6-i386_2.32-4_amd64.deb ...
Unpacking libc6-i386 (2.32-4) ...
Selecting previously unselected package lib32gcc-s1.
Preparing to unpack .../12-lib32gcc-s1_11.2.0-10_amd64.deb ...
Unpacking lib32gcc-s1 (11.2.0-10) ...
Selecting previously unselected package lib32stdc++6.
Preparing to unpack .../13-lib32stdc++6_11.2.0-10_amd64.deb ...
Unpacking lib32stdc++6 (11.2.0-10) ...
Selecting previously unselected package libclang-common-12-dev.
Preparing to unpack .../14-libclang-common-12-dev_1%3a12.0.1-15_amd64.deb ...
Unpacking libclang-common-12-dev (1:12.0.1-15) ...
Selecting previously unselected package llvm-12-linker-tools.
Preparing to unpack .../15-llvm-12-linker-tools_1%3a12.0.1-15_amd64.deb ...
Unpacking llvm-12-linker-tools (1:12.0.1-15) ...
Selecting previously unselected package libclang1-12.
Preparing to unpack .../16-libclang1-12_1%3a12.0.1-15_amd64.deb ...
Unpacking libclang1-12 (1:12.0.1-15) ...
Selecting previously unselected package clang-12.
Preparing to unpack .../17-clang-12_1%3a12.0.1-15_amd64.deb ...
Unpacking clang-12 (1:12.0.1-15) ...
Selecting previously unselected package libasan5:amd64.
Preparing to unpack .../18-libasan5_9.4.0-3_amd64.deb ...
Unpacking libasan5:amd64 (9.4.0-3) ...
Selecting previously unselected package libelf1:amd64.
Preparing to unpack .../19-libelf1_0.185-2_amd64.deb ...
Unpacking libelf1:amd64 (0.185-2) ...
Selecting previously unselected package libgcc-9-dev:amd64.
Preparing to unpack .../20-libgcc-9-dev_9.4.0-3_amd64.deb ...
Unpacking libgcc-9-dev:amd64 (9.4.0-3) ...
Selecting previously unselected package libobjc-9-dev:amd64.
Preparing to unpack .../21-libobjc-9-dev_9.4.0-3_amd64.deb ...
Unpacking libobjc-9-dev:amd64 (9.4.0-3) ...
Selecting previously unselected package libunwind-12:amd64.
Preparing to unpack .../22-libunwind-12_1%3a12.0.1-15_amd64.deb ...
Unpacking libunwind-12:amd64 (1:12.0.1-15) ...
Selecting previously unselected package libomp5-12:amd64.
Preparing to unpack .../23-libomp5-12_1%3a12.0.1-15_amd64.deb ...
Unpacking libomp5-12:amd64 (1:12.0.1-15) ...
Selecting previously unselected package libomp-12-dev.
Preparing to unpack .../24-libomp-12-dev_1%3a12.0.1-15_amd64.deb ...
Unpacking libomp-12-dev (1:12.0.1-15) ...
Setting up libicu67:amd64 (67.1-7) ...
Setting up libasan5:amd64 (9.4.0-3) ...
Setting up libz3-4:amd64 (4.8.12-1+b1) ...
Setting up libunwind-12:amd64 (1:12.0.1-15) ...
Setting up libgc1:amd64 (1:8.0.4-3) ...
Setting up libmd0:amd64 (1.0.4-1) ...
Setting up libc6-i386 (2.32-4) ...
Setting up libbsd0:amd64 (0.11.3-1) ...
Setting up libelf1:amd64 (0.185-2) ...
Setting up libxml2:amd64 (2.9.12+dfsg-5) ...
Setting up libedit2:amd64 (3.1-20210910-1) ...
Setting up libobjc4:amd64 (11.2.0-10) ...
Setting up libgcc-9-dev:amd64 (9.4.0-3) ...
Setting up lib32gcc-s1 (11.2.0-10) ...
Setting up lib32stdc++6 (11.2.0-10) ...
Setting up libllvm12:amd64 (1:12.0.1-15) ...
Setting up libobjc-9-dev:amd64 (9.4.0-3) ...
Setting up libclang-common-12-dev (1:12.0.1-15) ...
Setting up libomp5-12:amd64 (1:12.0.1-15) ...
Setting up libobjc-11-dev:amd64 (11.2.0-10) ...
Setting up llvm-12-linker-tools (1:12.0.1-15) ...
Setting up libclang1-12 (1:12.0.1-15) ...
Setting up libclang-cpp12 (1:12.0.1-15) ...
Setting up libomp-12-dev (1:12.0.1-15) ...
Setting up clang-12 (1:12.0.1-15) ...
Processing triggers for libc-bin (2.32-4) ...
W: --force-yes is deprecated, use one of the options starting with --allow instead.
+ echo 'Replace gcc, g++ & cpp by clang'
Replace gcc, g++ & cpp by clang
+ VERSIONS='4.6 4.7 4.8 4.9 5 6 7 8 9 10 11'
+ cd /usr/bin
+ for VERSION in $VERSIONS
+ rm -f g++-4.6 gcc-4.6 cpp-4.6 gcc
+ ln -s clang++-12 g++-4.6
+ ln -s clang-12 gcc-4.6
+ ln -s clang-12 cpp-4.6
+ ln -s clang-12 gcc
+ echo 'gcc-4.6 hold'
+ dpkg --set-selections
dpkg: warning: package not in status nor available database at line 1: gcc-4.6
dpkg: warning: found unknown packages; this might mean the available database
is outdated, and needs to be updated through a frontend method;
please see the FAQ <https://wiki.debian.org/Teams/Dpkg/FAQ>
+ echo 'g++-4.6 hold'
+ dpkg --set-selections
dpkg: warning: package not in status nor available database at line 1: g++-4.6
dpkg: warning: found unknown packages; this might mean the available database
is outdated, and needs to be updated through a frontend method;
please see the FAQ <https://wiki.debian.org/Teams/Dpkg/FAQ>
+ for VERSION in $VERSIONS
+ rm -f g++-4.7 gcc-4.7 cpp-4.7 gcc
+ ln -s clang++-12 g++-4.7
+ ln -s clang-12 gcc-4.7
+ ln -s clang-12 cpp-4.7
+ ln -s clang-12 gcc
+ echo 'gcc-4.7 hold'
+ dpkg --set-selections
dpkg: warning: package not in status nor available database at line 1: gcc-4.7
dpkg: warning: found unknown packages; this might mean the available database
is outdated, and needs to be updated through a frontend method;
please see the FAQ <https://wiki.debian.org/Teams/Dpkg/FAQ>
+ echo 'g++-4.7 hold'
+ dpkg --set-selections
dpkg: warning: package not in status nor available database at line 1: g++-4.7
dpkg: warning: found unknown packages; this might mean the available database
is outdated, and needs to be updated through a frontend method;
please see the FAQ <https://wiki.debian.org/Teams/Dpkg/FAQ>
+ for VERSION in $VERSIONS
+ rm -f g++-4.8 gcc-4.8 cpp-4.8 gcc
+ ln -s clang++-12 g++-4.8
+ ln -s clang-12 gcc-4.8
+ ln -s clang-12 cpp-4.8
+ ln -s clang-12 gcc
+ echo 'gcc-4.8 hold'
+ dpkg --set-selections
dpkg: warning: package not in status nor available database at line 1: gcc-4.8
dpkg: warning: found unknown packages; this might mean the available database
is outdated, and needs to be updated through a frontend method;
please see the FAQ <https://wiki.debian.org/Teams/Dpkg/FAQ>
+ echo 'g++-4.8 hold'
+ dpkg --set-selections
dpkg: warning: package not in status nor available database at line 1: g++-4.8
dpkg: warning: found unknown packages; this might mean the available database
is outdated, and needs to be updated through a frontend method;
please see the FAQ <https://wiki.debian.org/Teams/Dpkg/FAQ>
+ for VERSION in $VERSIONS
+ rm -f g++-4.9 gcc-4.9 cpp-4.9 gcc
+ ln -s clang++-12 g++-4.9
+ ln -s clang-12 gcc-4.9
+ ln -s clang-12 cpp-4.9
+ ln -s clang-12 gcc
+ echo 'gcc-4.9 hold'
+ dpkg --set-selections
dpkg: warning: package not in status nor available database at line 1: gcc-4.9
dpkg: warning: found unknown packages; this might mean the available database
is outdated, and needs to be updated through a frontend method;
please see the FAQ <https://wiki.debian.org/Teams/Dpkg/FAQ>
+ echo 'g++-4.9 hold'
+ dpkg --set-selections
dpkg: warning: package not in status nor available database at line 1: g++-4.9
dpkg: warning: found unknown packages; this might mean the available database
is outdated, and needs to be updated through a frontend method;
please see the FAQ <https://wiki.debian.org/Teams/Dpkg/FAQ>
+ for VERSION in $VERSIONS
+ rm -f g++-5 gcc-5 cpp-5 gcc
+ ln -s clang++-12 g++-5
+ ln -s clang-12 gcc-5
+ ln -s clang-12 cpp-5
+ ln -s clang-12 gcc
+ echo 'gcc-5 hold'
+ dpkg --set-selections
dpkg: warning: package not in status nor available database at line 1: gcc-5
dpkg: warning: found unknown packages; this might mean the available database
is outdated, and needs to be updated through a frontend method;
please see the FAQ <https://wiki.debian.org/Teams/Dpkg/FAQ>
+ echo 'g++-5 hold'
+ dpkg --set-selections
dpkg: warning: package not in status nor available database at line 1: g++-5
dpkg: warning: found unknown packages; this might mean the available database
is outdated, and needs to be updated through a frontend method;
please see the FAQ <https://wiki.debian.org/Teams/Dpkg/FAQ>
+ for VERSION in $VERSIONS
+ rm -f g++-6 gcc-6 cpp-6 gcc
+ ln -s clang++-12 g++-6
+ ln -s clang-12 gcc-6
+ ln -s clang-12 cpp-6
+ ln -s clang-12 gcc
+ echo 'gcc-6 hold'
+ dpkg --set-selections
dpkg: warning: package not in status nor available database at line 1: gcc-6
dpkg: warning: found unknown packages; this might mean the available database
is outdated, and needs to be updated through a frontend method;
please see the FAQ <https://wiki.debian.org/Teams/Dpkg/FAQ>
+ echo 'g++-6 hold'
+ dpkg --set-selections
dpkg: warning: package not in status nor available database at line 1: g++-6
dpkg: warning: found unknown packages; this might mean the available database
is outdated, and needs to be updated through a frontend method;
please see the FAQ <https://wiki.debian.org/Teams/Dpkg/FAQ>
+ for VERSION in $VERSIONS
+ rm -f g++-7 gcc-7 cpp-7 gcc
+ ln -s clang++-12 g++-7
+ ln -s clang-12 gcc-7
+ ln -s clang-12 cpp-7
+ ln -s clang-12 gcc
+ echo 'gcc-7 hold'
+ dpkg --set-selections
dpkg: warning: package not in status nor available database at line 1: gcc-7
dpkg: warning: found unknown packages; this might mean the available database
is outdated, and needs to be updated through a frontend method;
please see the FAQ <https://wiki.debian.org/Teams/Dpkg/FAQ>
+ echo 'g++-7 hold'
+ dpkg --set-selections
dpkg: warning: package not in status nor available database at line 1: g++-7
dpkg: warning: found unknown packages; this might mean the available database
is outdated, and needs to be updated through a frontend method;
please see the FAQ <https://wiki.debian.org/Teams/Dpkg/FAQ>
+ for VERSION in $VERSIONS
+ rm -f g++-8 gcc-8 cpp-8 gcc
+ ln -s clang++-12 g++-8
+ ln -s clang-12 gcc-8
+ ln -s clang-12 cpp-8
+ ln -s clang-12 gcc
+ echo 'gcc-8 hold'
+ dpkg --set-selections
dpkg: warning: package not in status nor available database at line 1: gcc-8
dpkg: warning: found unknown packages; this might mean the available database
is outdated, and needs to be updated through a frontend method;
please see the FAQ <https://wiki.debian.org/Teams/Dpkg/FAQ>
+ echo 'g++-8 hold'
+ dpkg --set-selections
dpkg: warning: package not in status nor available database at line 1: g++-8
dpkg: warning: found unknown packages; this might mean the available database
is outdated, and needs to be updated through a frontend method;
please see the FAQ <https://wiki.debian.org/Teams/Dpkg/FAQ>
+ for VERSION in $VERSIONS
+ rm -f g++-9 gcc-9 cpp-9 gcc
+ ln -s clang++-12 g++-9
+ ln -s clang-12 gcc-9
+ ln -s clang-12 cpp-9
+ ln -s clang-12 gcc
+ echo 'gcc-9 hold'
+ dpkg --set-selections
dpkg: warning: package not in status nor available database at line 1: gcc-9
dpkg: warning: found unknown packages; this might mean the available database
is outdated, and needs to be updated through a frontend method;
please see the FAQ <https://wiki.debian.org/Teams/Dpkg/FAQ>
+ echo 'g++-9 hold'
+ dpkg --set-selections
dpkg: warning: package not in status nor available database at line 1: g++-9
dpkg: warning: found unknown packages; this might mean the available database
is outdated, and needs to be updated through a frontend method;
please see the FAQ <https://wiki.debian.org/Teams/Dpkg/FAQ>
+ for VERSION in $VERSIONS
+ rm -f g++-10 gcc-10 cpp-10 gcc
+ ln -s clang++-12 g++-10
+ ln -s clang-12 gcc-10
+ ln -s clang-12 cpp-10
+ ln -s clang-12 gcc
+ echo 'gcc-10 hold'
+ dpkg --set-selections
dpkg: warning: package not in status nor available database at line 1: gcc-10
dpkg: warning: found unknown packages; this might mean the available database
is outdated, and needs to be updated through a frontend method;
please see the FAQ <https://wiki.debian.org/Teams/Dpkg/FAQ>
+ echo 'g++-10 hold'
+ dpkg --set-selections
dpkg: warning: package not in status nor available database at line 1: g++-10
dpkg: warning: found unknown packages; this might mean the available database
is outdated, and needs to be updated through a frontend method;
please see the FAQ <https://wiki.debian.org/Teams/Dpkg/FAQ>
+ for VERSION in $VERSIONS
+ rm -f g++-11 gcc-11 cpp-11 gcc
+ ln -s clang++-12 g++-11
+ ln -s clang-12 gcc-11
+ ln -s clang-12 cpp-11
+ ln -s clang-12 gcc
+ echo 'gcc-11 hold'
+ dpkg --set-selections
+ echo 'g++-11 hold'
+ dpkg --set-selections
+ cd -
/build/fflas-ffpack-AmWHDN
+ echo 'Check if gcc, g++ & cpp are actually clang'
Check if gcc, g++ & cpp are actually clang
+ gcc --version
+ grep clang
+ cpp --version
+ grep clang
+ g++ --version
+ grep clang
+ cd /usr/bin/
+ rm -f clang++ clang
+ ln -s clang-12 clang++
+ ln -s clang-12 clang
+ clang++ --version
Debian clang version 12.0.1-15
Target: x86_64-pc-linux-gnu
Thread model: posix
InstalledDir: /usr/bin
+ clang --version
Debian clang version 12.0.1-15
Target: x86_64-pc-linux-gnu
Thread model: posix
InstalledDir: /usr/bin
+ cd -
/build/fflas-ffpack-AmWHDN
+ apt install --yes --no-install-recommends --force-yes qt5-qmake

WARNING: apt does not have a stable CLI interface. Use with caution in scripts.

Reading package lists...
Building dependency tree...
Reading state information...
The following additional packages will be installed:
  qt5-qmake-bin qtchooser
The following NEW packages will be installed:
  qt5-qmake qt5-qmake-bin qtchooser
0 upgraded, 3 newly installed, 0 to remove and 0 not upgraded.
Need to get 1322 kB of archives.
After this operation, 4914 kB of additional disk space will be used.
Get:1 http://127.0.0.1:12990/debian sid/main amd64 qt5-qmake-bin amd64 5.15.2+dfsg-12 [1046 kB]
Get:2 http://127.0.0.1:12990/debian sid/main amd64 qtchooser amd64 66-2 [26.3 kB]
Get:3 http://127.0.0.1:12990/debian sid/main amd64 qt5-qmake amd64 5.15.2+dfsg-12 [249 kB]
debconf: delaying package configuration, since apt-utils is not installed
Fetched 1322 kB in 0s (57.5 MB/s)
Selecting previously unselected package qt5-qmake-bin.
(Reading database ... (Reading database ... 5%(Reading database ... 10%(Reading database ... 15%(Reading database ... 20%(Reading database ... 25%(Reading database ... 30%(Reading database ... 35%(Reading database ... 40%(Reading database ... 45%(Reading database ... 50%(Reading database ... 55%(Reading database ... 60%(Reading database ... 65%(Reading database ... 70%(Reading database ... 75%(Reading database ... 80%(Reading database ... 85%(Reading database ... 90%(Reading database ... 95%(Reading database ... 100%(Reading database ... 13527 files and directories currently installed.)
Preparing to unpack .../qt5-qmake-bin_5.15.2+dfsg-12_amd64.deb ...
Unpacking qt5-qmake-bin (5.15.2+dfsg-12) ...
Selecting previously unselected package qtchooser.
Preparing to unpack .../qtchooser_66-2_amd64.deb ...
Unpacking qtchooser (66-2) ...
Selecting previously unselected package qt5-qmake:amd64.
Preparing to unpack .../qt5-qmake_5.15.2+dfsg-12_amd64.deb ...
Unpacking qt5-qmake:amd64 (5.15.2+dfsg-12) ...
Setting up qt5-qmake-bin (5.15.2+dfsg-12) ...
Setting up qtchooser (66-2) ...
Setting up qt5-qmake:amd64 (5.15.2+dfsg-12) ...
W: --force-yes is deprecated, use one of the options starting with --allow instead.
+ cp /usr/lib/x86_64-linux-gnu/qt5/mkspecs/linux-clang/qmake.conf /usr/lib/x86_64-linux-gnu/qt5/mkspecs/linux-clang/qplatformdefs.h /usr/lib/x86_64-linux-gnu/qt5/mkspecs/linux-g++/
+ ls -al /usr/lib/x86_64-linux-gnu/qt5/mkspecs/linux-g++/
total 16
drwxr-xr-x  2 root root 4096 Oct 26 21:12 .
drwxr-xr-x 76 root root 4096 Oct 26 21:12 ..
-rw-r--r--  1 root root  276 Oct 26 21:12 qmake.conf
-rw-r--r--  1 root root 3218 Oct 26 21:12 qplatformdefs.h
+ cat /usr/lib/x86_64-linux-gnu/qt5/mkspecs/linux-g++/qmake.conf
#
# qmake configuration for linux-clang
#

MAKEFILE_GENERATOR = UNIX
CONFIG += incremental

QMAKE_INCREMENTAL_STYLE = sublib

include(../common/linux.conf)
include(../common/gcc-base-unix.conf)
include(../common/clang.conf)

QMAKE_LFLAGS += -ccc-gcc-name g++

load(qt_config)
+ export QMAKESPEC=/usr/lib/x86_64-linux-gnu/qt5/mkspecs/linux-clang/
+ QMAKESPEC=/usr/lib/x86_64-linux-gnu/qt5/mkspecs/linux-clang/
+ sed -i -e 's|compare_problem(2,|compare_problem(0,|g' /usr/bin/dpkg-gensymbols
+ sed -i -e 's|compare_problem(1,|compare_problem(0,|g' /usr/bin/dpkg-gensymbols
+ grep 'compare_problem(' /usr/bin/dpkg-gensymbols
        compare_problem(4, g_('new libraries appeared in the symbols file: %s'), "@libs");
        compare_problem(3, g_('some libraries disappeared in the symbols file: %s'), "@libs");
        compare_problem(0, g_('some new symbols appeared in the symbols file: %s'),
        compare_problem(0, g_('some symbols or patterns disappeared in the symbols file: %s'),

I: Finished running '/tmp/clang12'.

Finished processing commands.
--------------------------------------------------------------------------------
I: NOTICE: Log filtering will replace 'build/fflas-ffpack-AmWHDN/resolver-Cs1lt2' with '<<RESOLVERDIR>>'

+------------------------------------------------------------------------------+
| Update chroot                                                                |
+------------------------------------------------------------------------------+

Hit:1 http://127.0.0.1:12990/debian sid InRelease
Reading package lists...
Reading package lists...
Building dependency tree...
Reading state information...
Calculating upgrade...
0 upgraded, 0 newly installed, 0 to remove and 0 not upgraded.

+------------------------------------------------------------------------------+
| Fetch source files                                                           |
+------------------------------------------------------------------------------+


Check APT
---------

Checking available source versions...

Download source files with APT
------------------------------

Reading package lists...
NOTICE: 'fflas-ffpack' packaging is maintained in the 'Git' version control system at:
https://salsa.debian.org/science-team/fflas-ffpack.git
Please use:
git clone https://salsa.debian.org/science-team/fflas-ffpack.git
to retrieve the latest (possibly unreleased) updates to the package.
Need to get 1535 kB of source archives.
Get:1 http://127.0.0.1:12990/debian sid/main fflas-ffpack 2.4.3-2 (dsc) [2488 B]
Get:2 http://127.0.0.1:12990/debian sid/main fflas-ffpack 2.4.3-2 (tar) [1524 kB]
Get:3 http://127.0.0.1:12990/debian sid/main fflas-ffpack 2.4.3-2 (diff) [7604 B]
Fetched 1535 kB in 0s (18.2 MB/s)
Download complete and in download only mode
I: NOTICE: Log filtering will replace 'build/fflas-ffpack-AmWHDN/fflas-ffpack-2.4.3' with '<<PKGBUILDDIR>>'
I: NOTICE: Log filtering will replace 'build/fflas-ffpack-AmWHDN' with '<<BUILDDIR>>'

+------------------------------------------------------------------------------+
| Install package build dependencies                                           |
+------------------------------------------------------------------------------+


Setup apt archive
-----------------

Merged Build-Depends: debhelper-compat (= 13), jdupes, libblas-dev, libgivaro-dev (>= 4.1.1), libgmp-dev, liblapack-dev, pkg-config, build-essential, fakeroot, doxygen-latex, texlive-science
Filtered Build-Depends: debhelper-compat (= 13), jdupes, libblas-dev, libgivaro-dev (>= 4.1.1), libgmp-dev, liblapack-dev, pkg-config, build-essential, fakeroot, doxygen-latex, texlive-science
dpkg-deb: building package 'sbuild-build-depends-main-dummy' in '/<<RESOLVERDIR>>/apt_archive/sbuild-build-depends-main-dummy.deb'.
Ign:1 copy:/<<RESOLVERDIR>>/apt_archive ./ InRelease
Get:2 copy:/<<RESOLVERDIR>>/apt_archive ./ Release [957 B]
Ign:3 copy:/<<RESOLVERDIR>>/apt_archive ./ Release.gpg
Get:4 copy:/<<RESOLVERDIR>>/apt_archive ./ Sources [447 B]
Get:5 copy:/<<RESOLVERDIR>>/apt_archive ./ Packages [523 B]
Fetched 1927 B in 0s (0 B/s)
Reading package lists...
Reading package lists...

Install main build dependencies (apt-based resolver)
----------------------------------------------------

Installing build dependencies
Reading package lists...
Building dependency tree...
Reading state information...
The following additional packages will be installed:
  autoconf automake autopoint autotools-dev bsdextrautils cm-super-minimal
  debhelper dh-autoreconf dh-strip-nondeterminism doxygen doxygen-latex dwz
  file fontconfig-config fonts-dejavu-core fonts-gfs-baskerville
  fonts-gfs-porson fonts-lmodern fonts-urw-base35 gettext gettext-base
  ghostscript groff-base intltool-debian jdupes libapache-pom-java
  libarchive-zip-perl libavahi-client3 libavahi-common-data libavahi-common3
  libblas-dev libblas3 libbrotli1 libcairo2 libclang-cpp11 libclang1-11
  libcommons-logging-java libcommons-parent-java libcups2 libdatrie1
  libdbus-1-3 libdebhelper-perl libdeflate0 libexpat1
  libfile-stripnondeterminism-perl libfontbox-java libfontconfig1 libfontenc1
  libfreetype6 libgfortran5 libgivaro-dev libgivaro9 libglib2.0-0 libgmp-dev
  libgmpxx4ldbl libgraphite2-3 libgs9 libgs9-common libharfbuzz0b libice6
  libidn12 libijs-0.35 libjbig0 libjbig2dec0 libjpeg62-turbo libjs-jquery
  libkpathsea6 liblapack-dev liblapack3 liblcms2-2 libllvm11 libmagic-mgc
  libmagic1 libmime-charset-perl libmpdec3 libncursesw6 libopenjp2-7
  libpaper-utils libpaper1 libpdfbox-java libpipeline1 libpixman-1-0
  libpng16-16 libptexenc1 libpython3-stdlib libpython3.9-minimal
  libpython3.9-stdlib libreadline8 libsigsegv2 libsm6 libsombok3 libsqlite3-0
  libsub-override-perl libsynctex2 libteckit0 libtexlua53 libtexluajit2
  libthai-data libthai0 libtiff5 libtool libuchardet0
  libunicode-linebreak-perl libwebp6 libx11-6 libx11-data libxapian30 libxau6
  libxaw7 libxcb-render0 libxcb-shm0 libxcb1 libxdmcp6 libxext6 libxi6 libxmu6
  libxpm4 libxrender1 libxt6 libzzip-0-13 lmodern m4 man-db media-types
  pkg-config po-debconf poppler-data preview-latex-style python3
  python3-minimal python3.9 python3.9-minimal readline-common sensible-utils
  t1utils tex-common texlive-base texlive-binaries texlive-extra-utils
  texlive-font-utils texlive-fonts-recommended texlive-lang-greek
  texlive-latex-base texlive-latex-extra texlive-latex-recommended
  texlive-luatex texlive-pictures texlive-plain-generic texlive-science ucf
  x11-common xdg-utils xfonts-encodings xfonts-utils
Suggested packages:
  autoconf-archive gnu-standards autoconf-doc dh-make doxygen-doc doxygen-gui
  graphviz fonts-freefont-otf | fonts-freefont-ttf fonts-texgyre gettext-doc
  libasprintf-dev libgettextpo-dev ghostscript-x groff liblapack-doc
  libavalon-framework-java libcommons-logging-java-doc
  libexcalibur-logkit-java liblog4j1.2-java cups-common libgivaro-doc gmp-doc
  libgmp10-doc libmpfr-dev liblcms2-utils libencode-hanextra-perl
  libpod2-base-perl libtool-doc gfortran | fortran95-compiler gcj-jdk
  xapian-tools m4-doc apparmor less www-browser libmail-box-perl poppler-utils
  fonts-japanese-mincho | fonts-ipafont-mincho fonts-japanese-gothic
  | fonts-ipafont-gothic fonts-arphic-ukai fonts-arphic-uming fonts-nanum
  python3-doc python3-tk python3-venv python3.9-venv python3.9-doc
  binfmt-support readline-doc perl-tk xpdf | pdf-viewer xzdec chktex
  default-jre-headless dvidvi dvipng fragmaster lacheck latexdiff latexmk
  purifyeps xindy lcdf-typetools psutils texlive-fonts-recommended-doc
  texlive-latex-base-doc python3-pygments icc-profiles libfile-which-perl
  libspreadsheet-parseexcel-perl texlive-latex-extra-doc
  texlive-latex-recommended-doc texlive-pstricks dot2tex prerex ruby-tcltk
  | libtcltk-ruby texlive-pictures-doc vprerex texlive-science-doc
Recommended packages:
  curl | wget | lynx dbus libarchive-cpio-perl libglib2.0-data
  shared-mime-info xdg-user-dirs fonts-droid-fallback javascript-common
  libgpm2 ca-certificates libltdl-dev libmail-sendmail-perl dvisvgm
  libfile-homedir-perl liblog-log4perl-perl libyaml-tiny-perl ruby ps2eps
  tex-gyre tipa tk libfile-mimeinfo-perl libnet-dbus-perl libx11-protocol-perl
  x11-utils x11-xserver-utils
The following NEW packages will be installed:
  autoconf automake autopoint autotools-dev bsdextrautils cm-super-minimal
  debhelper dh-autoreconf dh-strip-nondeterminism doxygen doxygen-latex dwz
  file fontconfig-config fonts-dejavu-core fonts-gfs-baskerville
  fonts-gfs-porson fonts-lmodern fonts-urw-base35 gettext gettext-base
  ghostscript groff-base intltool-debian jdupes libapache-pom-java
  libarchive-zip-perl libavahi-client3 libavahi-common-data libavahi-common3
  libblas-dev libblas3 libbrotli1 libcairo2 libclang-cpp11 libclang1-11
  libcommons-logging-java libcommons-parent-java libcups2 libdatrie1
  libdbus-1-3 libdebhelper-perl libdeflate0 libexpat1
  libfile-stripnondeterminism-perl libfontbox-java libfontconfig1 libfontenc1
  libfreetype6 libgfortran5 libgivaro-dev libgivaro9 libglib2.0-0 libgmp-dev
  libgmpxx4ldbl libgraphite2-3 libgs9 libgs9-common libharfbuzz0b libice6
  libidn12 libijs-0.35 libjbig0 libjbig2dec0 libjpeg62-turbo libjs-jquery
  libkpathsea6 liblapack-dev liblapack3 liblcms2-2 libllvm11 libmagic-mgc
  libmagic1 libmime-charset-perl libmpdec3 libncursesw6 libopenjp2-7
  libpaper-utils libpaper1 libpdfbox-java libpipeline1 libpixman-1-0
  libpng16-16 libptexenc1 libpython3-stdlib libpython3.9-minimal
  libpython3.9-stdlib libreadline8 libsigsegv2 libsm6 libsombok3 libsqlite3-0
  libsub-override-perl libsynctex2 libteckit0 libtexlua53 libtexluajit2
  libthai-data libthai0 libtiff5 libtool libuchardet0
  libunicode-linebreak-perl libwebp6 libx11-6 libx11-data libxapian30 libxau6
  libxaw7 libxcb-render0 libxcb-shm0 libxcb1 libxdmcp6 libxext6 libxi6 libxmu6
  libxpm4 libxrender1 libxt6 libzzip-0-13 lmodern m4 man-db media-types
  pkg-config po-debconf poppler-data preview-latex-style python3
  python3-minimal python3.9 python3.9-minimal readline-common
  sbuild-build-depends-main-dummy sensible-utils t1utils tex-common
  texlive-base texlive-binaries texlive-extra-utils texlive-font-utils
  texlive-fonts-recommended texlive-lang-greek texlive-latex-base
  texlive-latex-extra texlive-latex-recommended texlive-luatex
  texlive-pictures texlive-plain-generic texlive-science ucf x11-common
  xdg-utils xfonts-encodings xfonts-utils
0 upgraded, 155 newly installed, 0 to remove and 0 not upgraded.
Need to get 371 MB of archives.
After this operation, 975 MB of additional disk space will be used.
Get:1 copy:/<<RESOLVERDIR>>/apt_archive ./ sbuild-build-depends-main-dummy 0.invalid.0 [952 B]
Get:2 http://127.0.0.1:12990/debian sid/main amd64 bsdextrautils amd64 2.37.2-4 [143 kB]
Get:3 http://127.0.0.1:12990/debian sid/main amd64 libuchardet0 amd64 0.0.7-1 [67.8 kB]
Get:4 http://127.0.0.1:12990/debian sid/main amd64 groff-base amd64 1.22.4-7 [935 kB]
Get:5 http://127.0.0.1:12990/debian sid/main amd64 libpipeline1 amd64 1.5.3-1 [34.3 kB]
Get:6 http://127.0.0.1:12990/debian sid/main amd64 man-db amd64 2.9.4-2 [1354 kB]
Get:7 http://127.0.0.1:12990/debian sid/main amd64 poppler-data all 0.4.11-1 [1608 kB]
Get:8 http://127.0.0.1:12990/debian sid/main amd64 libpython3.9-minimal amd64 3.9.7-4 [804 kB]
Get:9 http://127.0.0.1:12990/debian sid/main amd64 libexpat1 amd64 2.4.1-3 [104 kB]
Get:10 http://127.0.0.1:12990/debian sid/main amd64 python3.9-minimal amd64 3.9.7-4 [1963 kB]
Get:11 http://127.0.0.1:12990/debian sid/main amd64 python3-minimal amd64 3.9.2-3 [38.2 kB]
Get:12 http://127.0.0.1:12990/debian sid/main amd64 media-types all 4.0.0 [30.3 kB]
Get:13 http://127.0.0.1:12990/debian sid/main amd64 libmpdec3 amd64 2.5.1-2 [87.8 kB]
Get:14 http://127.0.0.1:12990/debian sid/main amd64 libncursesw6 amd64 6.2+20210905-1 [133 kB]
Get:15 http://127.0.0.1:12990/debian sid/main amd64 readline-common all 8.1-2 [73.8 kB]
Get:16 http://127.0.0.1:12990/debian sid/main amd64 libreadline8 amd64 8.1-2 [168 kB]
Get:17 http://127.0.0.1:12990/debian sid/main amd64 libsqlite3-0 amd64 3.36.0-2 [815 kB]
Get:18 http://127.0.0.1:12990/debian sid/main amd64 libpython3.9-stdlib amd64 3.9.7-4 [1688 kB]
Get:19 http://127.0.0.1:12990/debian sid/main amd64 python3.9 amd64 3.9.7-4 [480 kB]
Get:20 http://127.0.0.1:12990/debian sid/main amd64 libpython3-stdlib amd64 3.9.2-3 [21.4 kB]
Get:21 http://127.0.0.1:12990/debian sid/main amd64 python3 amd64 3.9.2-3 [37.9 kB]
Get:22 http://127.0.0.1:12990/debian sid/main amd64 sensible-utils all 0.0.17 [21.5 kB]
Get:23 http://127.0.0.1:12990/debian sid/main amd64 ucf all 3.0043 [74.0 kB]
Get:24 http://127.0.0.1:12990/debian sid/main amd64 tex-common all 6.17 [53.6 kB]
Get:25 http://127.0.0.1:12990/debian sid/main amd64 libmagic-mgc amd64 1:5.39-3 [273 kB]
Get:26 http://127.0.0.1:12990/debian sid/main amd64 libmagic1 amd64 1:5.39-3 [126 kB]
Get:27 http://127.0.0.1:12990/debian sid/main amd64 file amd64 1:5.39-3 [69.1 kB]
Get:28 http://127.0.0.1:12990/debian sid/main amd64 gettext-base amd64 0.21-4 [175 kB]
Get:29 http://127.0.0.1:12990/debian sid/main amd64 libsigsegv2 amd64 2.13-1 [34.8 kB]
Get:30 http://127.0.0.1:12990/debian sid/main amd64 m4 amd64 1.4.18-5 [204 kB]
Get:31 http://127.0.0.1:12990/debian sid/main amd64 autoconf all 2.71-2 [343 kB]
Get:32 http://127.0.0.1:12990/debian sid/main amd64 autotools-dev all 20180224.1+nmu1 [77.1 kB]
Get:33 http://127.0.0.1:12990/debian sid/main amd64 automake all 1:1.16.5-1 [823 kB]
Get:34 http://127.0.0.1:12990/debian sid/main amd64 autopoint all 0.21-4 [510 kB]
Get:35 http://127.0.0.1:12990/debian sid/main amd64 libpaper1 amd64 1.1.28+b1 [21.6 kB]
Get:36 http://127.0.0.1:12990/debian sid/main amd64 libpaper-utils amd64 1.1.28+b1 [18.3 kB]
Get:37 http://127.0.0.1:12990/debian sid/main amd64 libkpathsea6 amd64 2021.20210626.59705-1 [173 kB]
Get:38 http://127.0.0.1:12990/debian sid/main amd64 libptexenc1 amd64 2021.20210626.59705-1 [65.1 kB]
Get:39 http://127.0.0.1:12990/debian sid/main amd64 libsynctex2 amd64 2021.20210626.59705-1 [80.5 kB]
Get:40 http://127.0.0.1:12990/debian sid/main amd64 libtexlua53 amd64 2021.20210626.59705-1 [132 kB]
Get:41 http://127.0.0.1:12990/debian sid/main amd64 libtexluajit2 amd64 2021.20210626.59705-1 [267 kB]
Get:42 http://127.0.0.1:12990/debian sid/main amd64 t1utils amd64 1.41-4 [62.1 kB]
Get:43 http://127.0.0.1:12990/debian sid/main amd64 libbrotli1 amd64 1.0.9-2+b2 [279 kB]
Get:44 http://127.0.0.1:12990/debian sid/main amd64 libpng16-16 amd64 1.6.37-3 [294 kB]
Get:45 http://127.0.0.1:12990/debian sid/main amd64 libfreetype6 amd64 2.11.0+dfsg-1 [453 kB]
Get:46 http://127.0.0.1:12990/debian sid/main amd64 fonts-dejavu-core all 2.37-2 [1069 kB]
Get:47 http://127.0.0.1:12990/debian sid/main amd64 fonts-urw-base35 all 20200910-1 [6367 kB]
Get:48 http://127.0.0.1:12990/debian sid/main amd64 fontconfig-config all 2.13.1-4.2 [281 kB]
Get:49 http://127.0.0.1:12990/debian sid/main amd64 libfontconfig1 amd64 2.13.1-4.2 [347 kB]
Get:50 http://127.0.0.1:12990/debian sid/main amd64 libpixman-1-0 amd64 0.40.0-1 [543 kB]
Get:51 http://127.0.0.1:12990/debian sid/main amd64 libxau6 amd64 1:1.0.9-1 [19.7 kB]
Get:52 http://127.0.0.1:12990/debian sid/main amd64 libxdmcp6 amd64 1:1.1.2-3 [26.3 kB]
Get:53 http://127.0.0.1:12990/debian sid/main amd64 libxcb1 amd64 1.14-3 [140 kB]
Get:54 http://127.0.0.1:12990/debian sid/main amd64 libx11-data all 2:1.7.2-2 [311 kB]
Get:55 http://127.0.0.1:12990/debian sid/main amd64 libx11-6 amd64 2:1.7.2-2+b1 [772 kB]
Get:56 http://127.0.0.1:12990/debian sid/main amd64 libxcb-render0 amd64 1.14-3 [111 kB]
Get:57 http://127.0.0.1:12990/debian sid/main amd64 libxcb-shm0 amd64 1.14-3 [101 kB]
Get:58 http://127.0.0.1:12990/debian sid/main amd64 libxext6 amd64 2:1.3.4-1 [53.1 kB]
Get:59 http://127.0.0.1:12990/debian sid/main amd64 libxrender1 amd64 1:0.9.10-1 [33.0 kB]
Get:60 http://127.0.0.1:12990/debian sid/main amd64 libcairo2 amd64 1.16.0-5 [694 kB]
Get:61 http://127.0.0.1:12990/debian sid/main amd64 libgraphite2-3 amd64 1.3.14-1 [81.2 kB]
Get:62 http://127.0.0.1:12990/debian sid/main amd64 libglib2.0-0 amd64 2.70.0-3 [1401 kB]
Get:63 http://127.0.0.1:12990/debian sid/main amd64 libharfbuzz0b amd64 2.7.4-1 [1471 kB]
Get:64 http://127.0.0.1:12990/debian sid/main amd64 libteckit0 amd64 2.5.10+ds1-3 [329 kB]
Get:65 http://127.0.0.1:12990/debian sid/main amd64 x11-common all 1:7.7+23 [252 kB]
Get:66 http://127.0.0.1:12990/debian sid/main amd64 libice6 amd64 2:1.0.10-1 [58.5 kB]
Get:67 http://127.0.0.1:12990/debian sid/main amd64 libsm6 amd64 2:1.2.3-1 [35.1 kB]
Get:68 http://127.0.0.1:12990/debian sid/main amd64 libxt6 amd64 1:1.2.0-1 [189 kB]
Get:69 http://127.0.0.1:12990/debian sid/main amd64 libxmu6 amd64 2:1.1.2-2+b3 [60.8 kB]
Get:70 http://127.0.0.1:12990/debian sid/main amd64 libxpm4 amd64 1:3.5.12-1 [49.1 kB]
Get:71 http://127.0.0.1:12990/debian sid/main amd64 libxaw7 amd64 2:1.0.13-1.1 [202 kB]
Get:72 http://127.0.0.1:12990/debian sid/main amd64 libxi6 amd64 2:1.8-1 [84.0 kB]
Get:73 http://127.0.0.1:12990/debian sid/main amd64 libzzip-0-13 amd64 0.13.72+dfsg.1-1.1 [58.3 kB]
Get:74 http://127.0.0.1:12990/debian sid/main amd64 texlive-binaries amd64 2021.20210626.59705-1 [10.1 MB]
Get:75 http://127.0.0.1:12990/debian sid/main amd64 xdg-utils all 1.1.3-4.1 [75.5 kB]
Get:76 http://127.0.0.1:12990/debian sid/main amd64 texlive-base all 2021.20210921-1 [21.1 MB]
Get:77 http://127.0.0.1:12990/debian sid/main amd64 fonts-lmodern all 2.004.5-6.1 [4540 kB]
Get:78 http://127.0.0.1:12990/debian sid/main amd64 texlive-latex-base all 2021.20210921-1 [1150 kB]
Get:79 http://127.0.0.1:12990/debian sid/main amd64 texlive-latex-recommended all 2021.20210921-1 [14.4 MB]
Get:80 http://127.0.0.1:12990/debian sid/main amd64 cm-super-minimal all 0.3.4-15 [5815 kB]
Get:81 http://127.0.0.1:12990/debian sid/main amd64 libdebhelper-perl all 13.5.2 [192 kB]
Get:82 http://127.0.0.1:12990/debian sid/main amd64 libtool all 2.4.6-15 [513 kB]
Get:83 http://127.0.0.1:12990/debian sid/main amd64 dh-autoreconf all 20 [17.1 kB]
Get:84 http://127.0.0.1:12990/debian sid/main amd64 libarchive-zip-perl all 1.68-1 [104 kB]
Get:85 http://127.0.0.1:12990/debian sid/main amd64 libsub-override-perl all 0.09-2 [10.2 kB]
Get:86 http://127.0.0.1:12990/debian sid/main amd64 libfile-stripnondeterminism-perl all 1.12.0-2 [26.3 kB]
Get:87 http://127.0.0.1:12990/debian sid/main amd64 dh-strip-nondeterminism all 1.12.0-2 [15.5 kB]
Get:88 http://127.0.0.1:12990/debian sid/main amd64 dwz amd64 0.14-1 [98.3 kB]
Get:89 http://127.0.0.1:12990/debian sid/main amd64 gettext amd64 0.21-4 [1311 kB]
Get:90 http://127.0.0.1:12990/debian sid/main amd64 intltool-debian all 0.35.0+20060710.5 [26.8 kB]
Get:91 http://127.0.0.1:12990/debian sid/main amd64 po-debconf all 1.0.21+nmu1 [248 kB]
Get:92 http://127.0.0.1:12990/debian sid/main amd64 debhelper all 13.5.2 [1056 kB]
Get:93 http://127.0.0.1:12990/debian sid/main amd64 libllvm11 amd64 1:11.1.0-4 [17.9 MB]
Get:94 http://127.0.0.1:12990/debian sid/main amd64 libclang-cpp11 amd64 1:11.1.0-4 [9662 kB]
Get:95 http://127.0.0.1:12990/debian sid/main amd64 libclang1-11 amd64 1:11.1.0-4 [5522 kB]
Get:96 http://127.0.0.1:12990/debian sid/main amd64 libxapian30 amd64 1.4.18-3 [1089 kB]
Get:97 http://127.0.0.1:12990/debian sid/main amd64 doxygen amd64 1.9.1-2 [4234 kB]
Get:98 http://127.0.0.1:12990/debian sid/main amd64 libthai-data all 0.1.28-4.1 [171 kB]
Get:99 http://127.0.0.1:12990/debian sid/main amd64 libdatrie1 amd64 0.2.13-2 [43.0 kB]
Get:100 http://127.0.0.1:12990/debian sid/main amd64 libthai0 amd64 0.1.28-4.1 [54.5 kB]
Get:101 http://127.0.0.1:12990/debian sid/main amd64 libsombok3 amd64 2.4.0-2+b1 [31.4 kB]
Get:102 http://127.0.0.1:12990/debian sid/main amd64 libmime-charset-perl all 1.012.2-1 [35.4 kB]
Get:103 http://127.0.0.1:12990/debian sid/main amd64 libunicode-linebreak-perl amd64 0.0.20190101-1+b3 [102 kB]
Get:104 http://127.0.0.1:12990/debian sid/main amd64 libjs-jquery all 3.5.1+dfsg+~3.5.5-8 [315 kB]
Get:105 http://127.0.0.1:12990/debian sid/main amd64 libfontenc1 amd64 1:1.1.4-1 [24.3 kB]
Get:106 http://127.0.0.1:12990/debian sid/main amd64 xfonts-encodings all 1:1.0.4-2.1 [573 kB]
Get:107 http://127.0.0.1:12990/debian sid/main amd64 xfonts-utils amd64 1:7.7+6 [93.0 kB]
Get:108 http://127.0.0.1:12990/debian sid/main amd64 lmodern all 2.004.5-6.1 [9489 kB]
Get:109 http://127.0.0.1:12990/debian sid/main amd64 texlive-luatex all 2021.20210921-1 [16.7 MB]
Get:110 http://127.0.0.1:12990/debian sid/main amd64 texlive-plain-generic all 2021.20210921-1 [27.4 MB]
Get:111 http://127.0.0.1:12990/debian sid/main amd64 texlive-extra-utils all 2021.20210921-1 [52.3 MB]
Get:112 http://127.0.0.1:12990/debian sid/main amd64 libapache-pom-java all 18-1 [4676 B]
Get:113 http://127.0.0.1:12990/debian sid/main amd64 libcommons-parent-java all 43-1 [10.8 kB]
Get:114 http://127.0.0.1:12990/debian sid/main amd64 libcommons-logging-java all 1.2-2 [62.2 kB]
Get:115 http://127.0.0.1:12990/debian sid/main amd64 libfontbox-java all 1:1.8.16-2 [211 kB]
Get:116 http://127.0.0.1:12990/debian sid/main amd64 libpdfbox-java all 1:1.8.16-2 [5205 kB]
Get:117 http://127.0.0.1:12990/debian sid/main amd64 preview-latex-style all 12.2-1 [201 kB]
Get:118 http://127.0.0.1:12990/debian sid/main amd64 texlive-pictures all 2021.20210921-1 [8775 kB]
Get:119 http://127.0.0.1:12990/debian sid/main amd64 texlive-latex-extra all 2021.20210921-1 [14.5 MB]
Get:120 http://127.0.0.1:12990/debian sid/main amd64 texlive-font-utils all 2021.20210921-1 [4675 kB]
Get:121 http://127.0.0.1:12990/debian sid/main amd64 libgs9-common all 9.54.0~dfsg-5 [740 kB]
Get:122 http://127.0.0.1:12990/debian sid/main amd64 libavahi-common-data amd64 0.8-5 [124 kB]
Get:123 http://127.0.0.1:12990/debian sid/main amd64 libavahi-common3 amd64 0.8-5 [58.4 kB]
Get:124 http://127.0.0.1:12990/debian sid/main amd64 libdbus-1-3 amd64 1.12.20-3 [219 kB]
Get:125 http://127.0.0.1:12990/debian sid/main amd64 libavahi-client3 amd64 0.8-5 [62.1 kB]
Get:126 http://127.0.0.1:12990/debian sid/main amd64 libcups2 amd64 2.3.3op2-7 [349 kB]
Get:127 http://127.0.0.1:12990/debian sid/main amd64 libidn12 amd64 1.38-4 [82.6 kB]
Get:128 http://127.0.0.1:12990/debian sid/main amd64 libijs-0.35 amd64 0.35-15 [16.4 kB]
Get:129 http://127.0.0.1:12990/debian sid/main amd64 libjbig2dec0 amd64 0.19-3 [67.2 kB]
Get:130 http://127.0.0.1:12990/debian sid/main amd64 libjpeg62-turbo amd64 1:2.0.6-4 [151 kB]
Get:131 http://127.0.0.1:12990/debian sid/main amd64 liblcms2-2 amd64 2.12~rc1-2 [150 kB]
Get:132 http://127.0.0.1:12990/debian sid/main amd64 libopenjp2-7 amd64 2.4.0-3 [172 kB]
Get:133 http://127.0.0.1:12990/debian sid/main amd64 libdeflate0 amd64 1.8-1 [53.1 kB]
Get:134 http://127.0.0.1:12990/debian sid/main amd64 libjbig0 amd64 2.1-3.1+b2 [31.0 kB]
Get:135 http://127.0.0.1:12990/debian sid/main amd64 libwebp6 amd64 0.6.1-2.1 [258 kB]
Get:136 http://127.0.0.1:12990/debian sid/main amd64 libtiff5 amd64 4.3.0-2 [294 kB]
Get:137 http://127.0.0.1:12990/debian sid/main amd64 libgs9 amd64 9.54.0~dfsg-5 [2259 kB]
Get:138 http://127.0.0.1:12990/debian sid/main amd64 ghostscript amd64 9.54.0~dfsg-5 [98.4 kB]
Get:139 http://127.0.0.1:12990/debian sid/main amd64 texlive-fonts-recommended all 2021.20210921-1 [5004 kB]
Get:140 http://127.0.0.1:12990/debian sid/main amd64 doxygen-latex all 1.9.1-2 [298 kB]
Get:141 http://127.0.0.1:12990/debian sid/main amd64 fonts-gfs-baskerville all 1.1-6 [43.7 kB]
Get:142 http://127.0.0.1:12990/debian sid/main amd64 fonts-gfs-porson all 1.1-7 [33.8 kB]
Get:143 http://127.0.0.1:12990/debian sid/main amd64 jdupes amd64 1.20.0-1 [54.5 kB]
Get:144 http://127.0.0.1:12990/debian sid/main amd64 libblas3 amd64 3.10.0-1 [156 kB]
Get:145 http://127.0.0.1:12990/debian sid/main amd64 libblas-dev amd64 3.10.0-1 [164 kB]
Get:146 http://127.0.0.1:12990/debian sid/main amd64 libgfortran5 amd64 11.2.0-10 [710 kB]
Get:147 http://127.0.0.1:12990/debian sid/main amd64 libgmpxx4ldbl amd64 2:6.2.1+dfsg-2 [338 kB]
Get:148 http://127.0.0.1:12990/debian sid/main amd64 libgivaro9 amd64 4.1.1-2 [74.7 kB]
Get:149 http://127.0.0.1:12990/debian sid/main amd64 libgivaro-dev amd64 4.1.1-2 [286 kB]
Get:150 http://127.0.0.1:12990/debian sid/main amd64 libgmp-dev amd64 2:6.2.1+dfsg-2 [641 kB]
Get:151 http://127.0.0.1:12990/debian sid/main amd64 liblapack3 amd64 3.10.0-1 [2213 kB]
Get:152 http://127.0.0.1:12990/debian sid/main amd64 liblapack-dev amd64 3.10.0-1 [4328 kB]
Get:153 http://127.0.0.1:12990/debian sid/main amd64 pkg-config amd64 0.29.2-1 [65.1 kB]
Get:154 http://127.0.0.1:12990/debian sid/main amd64 texlive-lang-greek all 2021.20210921-1 [77.6 MB]
Get:155 http://127.0.0.1:12990/debian sid/main amd64 texlive-science all 2021.20210921-1 [3482 kB]
debconf: delaying package configuration, since apt-utils is not installed
Fetched 371 MB in 3s (144 MB/s)
Selecting previously unselected package bsdextrautils.
(Reading database ... 14272 files and directories currently installed.)
Preparing to unpack .../0-bsdextrautils_2.37.2-4_amd64.deb ...
Unpacking bsdextrautils (2.37.2-4) ...
Selecting previously unselected package libuchardet0:amd64.
Preparing to unpack .../1-libuchardet0_0.0.7-1_amd64.deb ...
Unpacking libuchardet0:amd64 (0.0.7-1) ...
Selecting previously unselected package groff-base.
Preparing to unpack .../2-groff-base_1.22.4-7_amd64.deb ...
Unpacking groff-base (1.22.4-7) ...
Selecting previously unselected package libpipeline1:amd64.
Preparing to unpack .../3-libpipeline1_1.5.3-1_amd64.deb ...
Unpacking libpipeline1:amd64 (1.5.3-1) ...
Selecting previously unselected package man-db.
Preparing to unpack .../4-man-db_2.9.4-2_amd64.deb ...
Unpacking man-db (2.9.4-2) ...
Selecting previously unselected package poppler-data.
Preparing to unpack .../5-poppler-data_0.4.11-1_all.deb ...
Unpacking poppler-data (0.4.11-1) ...
Selecting previously unselected package libpython3.9-minimal:amd64.
Preparing to unpack .../6-libpython3.9-minimal_3.9.7-4_amd64.deb ...
Unpacking libpython3.9-minimal:amd64 (3.9.7-4) ...
Selecting previously unselected package libexpat1:amd64.
Preparing to unpack .../7-libexpat1_2.4.1-3_amd64.deb ...
Unpacking libexpat1:amd64 (2.4.1-3) ...
Selecting previously unselected package python3.9-minimal.
Preparing to unpack .../8-python3.9-minimal_3.9.7-4_amd64.deb ...
Unpacking python3.9-minimal (3.9.7-4) ...
Setting up libpython3.9-minimal:amd64 (3.9.7-4) ...
Setting up libexpat1:amd64 (2.4.1-3) ...
Setting up python3.9-minimal (3.9.7-4) ...
Selecting previously unselected package python3-minimal.
(Reading database ... 15673 files and directories currently installed.)
Preparing to unpack .../0-python3-minimal_3.9.2-3_amd64.deb ...
Unpacking python3-minimal (3.9.2-3) ...
Selecting previously unselected package media-types.
Preparing to unpack .../1-media-types_4.0.0_all.deb ...
Unpacking media-types (4.0.0) ...
Selecting previously unselected package libmpdec3:amd64.
Preparing to unpack .../2-libmpdec3_2.5.1-2_amd64.deb ...
Unpacking libmpdec3:amd64 (2.5.1-2) ...
Selecting previously unselected package libncursesw6:amd64.
Preparing to unpack .../3-libncursesw6_6.2+20210905-1_amd64.deb ...
Unpacking libncursesw6:amd64 (6.2+20210905-1) ...
Selecting previously unselected package readline-common.
Preparing to unpack .../4-readline-common_8.1-2_all.deb ...
Unpacking readline-common (8.1-2) ...
Selecting previously unselected package libreadline8:amd64.
Preparing to unpack .../5-libreadline8_8.1-2_amd64.deb ...
Unpacking libreadline8:amd64 (8.1-2) ...
Selecting previously unselected package libsqlite3-0:amd64.
Preparing to unpack .../6-libsqlite3-0_3.36.0-2_amd64.deb ...
Unpacking libsqlite3-0:amd64 (3.36.0-2) ...
Selecting previously unselected package libpython3.9-stdlib:amd64.
Preparing to unpack .../7-libpython3.9-stdlib_3.9.7-4_amd64.deb ...
Unpacking libpython3.9-stdlib:amd64 (3.9.7-4) ...
Selecting previously unselected package python3.9.
Preparing to unpack .../8-python3.9_3.9.7-4_amd64.deb ...
Unpacking python3.9 (3.9.7-4) ...
Selecting previously unselected package libpython3-stdlib:amd64.
Preparing to unpack .../9-libpython3-stdlib_3.9.2-3_amd64.deb ...
Unpacking libpython3-stdlib:amd64 (3.9.2-3) ...
Setting up python3-minimal (3.9.2-3) ...
Selecting previously unselected package python3.
(Reading database ... 16112 files and directories currently installed.)
Preparing to unpack .../000-python3_3.9.2-3_amd64.deb ...
Unpacking python3 (3.9.2-3) ...
Selecting previously unselected package sensible-utils.
Preparing to unpack .../001-sensible-utils_0.0.17_all.deb ...
Unpacking sensible-utils (0.0.17) ...
Selecting previously unselected package ucf.
Preparing to unpack .../002-ucf_3.0043_all.deb ...
Moving old data out of the way
Unpacking ucf (3.0043) ...
Selecting previously unselected package tex-common.
Preparing to unpack .../003-tex-common_6.17_all.deb ...
Unpacking tex-common (6.17) ...
Selecting previously unselected package libmagic-mgc.
Preparing to unpack .../004-libmagic-mgc_1%3a5.39-3_amd64.deb ...
Unpacking libmagic-mgc (1:5.39-3) ...
Selecting previously unselected package libmagic1:amd64.
Preparing to unpack .../005-libmagic1_1%3a5.39-3_amd64.deb ...
Unpacking libmagic1:amd64 (1:5.39-3) ...
Selecting previously unselected package file.
Preparing to unpack .../006-file_1%3a5.39-3_amd64.deb ...
Unpacking file (1:5.39-3) ...
Selecting previously unselected package gettext-base.
Preparing to unpack .../007-gettext-base_0.21-4_amd64.deb ...
Unpacking gettext-base (0.21-4) ...
Selecting previously unselected package libsigsegv2:amd64.
Preparing to unpack .../008-libsigsegv2_2.13-1_amd64.deb ...
Unpacking libsigsegv2:amd64 (2.13-1) ...
Selecting previously unselected package m4.
Preparing to unpack .../009-m4_1.4.18-5_amd64.deb ...
Unpacking m4 (1.4.18-5) ...
Selecting previously unselected package autoconf.
Preparing to unpack .../010-autoconf_2.71-2_all.deb ...
Unpacking autoconf (2.71-2) ...
Selecting previously unselected package autotools-dev.
Preparing to unpack .../011-autotools-dev_20180224.1+nmu1_all.deb ...
Unpacking autotools-dev (20180224.1+nmu1) ...
Selecting previously unselected package automake.
Preparing to unpack .../012-automake_1%3a1.16.5-1_all.deb ...
Unpacking automake (1:1.16.5-1) ...
Selecting previously unselected package autopoint.
Preparing to unpack .../013-autopoint_0.21-4_all.deb ...
Unpacking autopoint (0.21-4) ...
Selecting previously unselected package libpaper1:amd64.
Preparing to unpack .../014-libpaper1_1.1.28+b1_amd64.deb ...
Unpacking libpaper1:amd64 (1.1.28+b1) ...
Selecting previously unselected package libpaper-utils.
Preparing to unpack .../015-libpaper-utils_1.1.28+b1_amd64.deb ...
Unpacking libpaper-utils (1.1.28+b1) ...
Selecting previously unselected package libkpathsea6:amd64.
Preparing to unpack .../016-libkpathsea6_2021.20210626.59705-1_amd64.deb ...
Unpacking libkpathsea6:amd64 (2021.20210626.59705-1) ...
Selecting previously unselected package libptexenc1:amd64.
Preparing to unpack .../017-libptexenc1_2021.20210626.59705-1_amd64.deb ...
Unpacking libptexenc1:amd64 (2021.20210626.59705-1) ...
Selecting previously unselected package libsynctex2:amd64.
Preparing to unpack .../018-libsynctex2_2021.20210626.59705-1_amd64.deb ...
Unpacking libsynctex2:amd64 (2021.20210626.59705-1) ...
Selecting previously unselected package libtexlua53:amd64.
Preparing to unpack .../019-libtexlua53_2021.20210626.59705-1_amd64.deb ...
Unpacking libtexlua53:amd64 (2021.20210626.59705-1) ...
Selecting previously unselected package libtexluajit2:amd64.
Preparing to unpack .../020-libtexluajit2_2021.20210626.59705-1_amd64.deb ...
Unpacking libtexluajit2:amd64 (2021.20210626.59705-1) ...
Selecting previously unselected package t1utils.
Preparing to unpack .../021-t1utils_1.41-4_amd64.deb ...
Unpacking t1utils (1.41-4) ...
Selecting previously unselected package libbrotli1:amd64.
Preparing to unpack .../022-libbrotli1_1.0.9-2+b2_amd64.deb ...
Unpacking libbrotli1:amd64 (1.0.9-2+b2) ...
Selecting previously unselected package libpng16-16:amd64.
Preparing to unpack .../023-libpng16-16_1.6.37-3_amd64.deb ...
Unpacking libpng16-16:amd64 (1.6.37-3) ...
Selecting previously unselected package libfreetype6:amd64.
Preparing to unpack .../024-libfreetype6_2.11.0+dfsg-1_amd64.deb ...
Unpacking libfreetype6:amd64 (2.11.0+dfsg-1) ...
Selecting previously unselected package fonts-dejavu-core.
Preparing to unpack .../025-fonts-dejavu-core_2.37-2_all.deb ...
Unpacking fonts-dejavu-core (2.37-2) ...
Selecting previously unselected package fonts-urw-base35.
Preparing to unpack .../026-fonts-urw-base35_20200910-1_all.deb ...
Unpacking fonts-urw-base35 (20200910-1) ...
Selecting previously unselected package fontconfig-config.
Preparing to unpack .../027-fontconfig-config_2.13.1-4.2_all.deb ...
Unpacking fontconfig-config (2.13.1-4.2) ...
Selecting previously unselected package libfontconfig1:amd64.
Preparing to unpack .../028-libfontconfig1_2.13.1-4.2_amd64.deb ...
Unpacking libfontconfig1:amd64 (2.13.1-4.2) ...
Selecting previously unselected package libpixman-1-0:amd64.
Preparing to unpack .../029-libpixman-1-0_0.40.0-1_amd64.deb ...
Unpacking libpixman-1-0:amd64 (0.40.0-1) ...
Selecting previously unselected package libxau6:amd64.
Preparing to unpack .../030-libxau6_1%3a1.0.9-1_amd64.deb ...
Unpacking libxau6:amd64 (1:1.0.9-1) ...
Selecting previously unselected package libxdmcp6:amd64.
Preparing to unpack .../031-libxdmcp6_1%3a1.1.2-3_amd64.deb ...
Unpacking libxdmcp6:amd64 (1:1.1.2-3) ...
Selecting previously unselected package libxcb1:amd64.
Preparing to unpack .../032-libxcb1_1.14-3_amd64.deb ...
Unpacking libxcb1:amd64 (1.14-3) ...
Selecting previously unselected package libx11-data.
Preparing to unpack .../033-libx11-data_2%3a1.7.2-2_all.deb ...
Unpacking libx11-data (2:1.7.2-2) ...
Selecting previously unselected package libx11-6:amd64.
Preparing to unpack .../034-libx11-6_2%3a1.7.2-2+b1_amd64.deb ...
Unpacking libx11-6:amd64 (2:1.7.2-2+b1) ...
Selecting previously unselected package libxcb-render0:amd64.
Preparing to unpack .../035-libxcb-render0_1.14-3_amd64.deb ...
Unpacking libxcb-render0:amd64 (1.14-3) ...
Selecting previously unselected package libxcb-shm0:amd64.
Preparing to unpack .../036-libxcb-shm0_1.14-3_amd64.deb ...
Unpacking libxcb-shm0:amd64 (1.14-3) ...
Selecting previously unselected package libxext6:amd64.
Preparing to unpack .../037-libxext6_2%3a1.3.4-1_amd64.deb ...
Unpacking libxext6:amd64 (2:1.3.4-1) ...
Selecting previously unselected package libxrender1:amd64.
Preparing to unpack .../038-libxrender1_1%3a0.9.10-1_amd64.deb ...
Unpacking libxrender1:amd64 (1:0.9.10-1) ...
Selecting previously unselected package libcairo2:amd64.
Preparing to unpack .../039-libcairo2_1.16.0-5_amd64.deb ...
Unpacking libcairo2:amd64 (1.16.0-5) ...
Selecting previously unselected package libgraphite2-3:amd64.
Preparing to unpack .../040-libgraphite2-3_1.3.14-1_amd64.deb ...
Unpacking libgraphite2-3:amd64 (1.3.14-1) ...
Selecting previously unselected package libglib2.0-0:amd64.
Preparing to unpack .../041-libglib2.0-0_2.70.0-3_amd64.deb ...
Unpacking libglib2.0-0:amd64 (2.70.0-3) ...
Selecting previously unselected package libharfbuzz0b:amd64.
Preparing to unpack .../042-libharfbuzz0b_2.7.4-1_amd64.deb ...
Unpacking libharfbuzz0b:amd64 (2.7.4-1) ...
Selecting previously unselected package libteckit0:amd64.
Preparing to unpack .../043-libteckit0_2.5.10+ds1-3_amd64.deb ...
Unpacking libteckit0:amd64 (2.5.10+ds1-3) ...
Selecting previously unselected package x11-common.
Preparing to unpack .../044-x11-common_1%3a7.7+23_all.deb ...
Unpacking x11-common (1:7.7+23) ...
Selecting previously unselected package libice6:amd64.
Preparing to unpack .../045-libice6_2%3a1.0.10-1_amd64.deb ...
Unpacking libice6:amd64 (2:1.0.10-1) ...
Selecting previously unselected package libsm6:amd64.
Preparing to unpack .../046-libsm6_2%3a1.2.3-1_amd64.deb ...
Unpacking libsm6:amd64 (2:1.2.3-1) ...
Selecting previously unselected package libxt6:amd64.
Preparing to unpack .../047-libxt6_1%3a1.2.0-1_amd64.deb ...
Unpacking libxt6:amd64 (1:1.2.0-1) ...
Selecting previously unselected package libxmu6:amd64.
Preparing to unpack .../048-libxmu6_2%3a1.1.2-2+b3_amd64.deb ...
Unpacking libxmu6:amd64 (2:1.1.2-2+b3) ...
Selecting previously unselected package libxpm4:amd64.
Preparing to unpack .../049-libxpm4_1%3a3.5.12-1_amd64.deb ...
Unpacking libxpm4:amd64 (1:3.5.12-1) ...
Selecting previously unselected package libxaw7:amd64.
Preparing to unpack .../050-libxaw7_2%3a1.0.13-1.1_amd64.deb ...
Unpacking libxaw7:amd64 (2:1.0.13-1.1) ...
Selecting previously unselected package libxi6:amd64.
Preparing to unpack .../051-libxi6_2%3a1.8-1_amd64.deb ...
Unpacking libxi6:amd64 (2:1.8-1) ...
Selecting previously unselected package libzzip-0-13:amd64.
Preparing to unpack .../052-libzzip-0-13_0.13.72+dfsg.1-1.1_amd64.deb ...
Unpacking libzzip-0-13:amd64 (0.13.72+dfsg.1-1.1) ...
Selecting previously unselected package texlive-binaries.
Preparing to unpack .../053-texlive-binaries_2021.20210626.59705-1_amd64.deb ...
Unpacking texlive-binaries (2021.20210626.59705-1) ...
Selecting previously unselected package xdg-utils.
Preparing to unpack .../054-xdg-utils_1.1.3-4.1_all.deb ...
Unpacking xdg-utils (1.1.3-4.1) ...
Selecting previously unselected package texlive-base.
Preparing to unpack .../055-texlive-base_2021.20210921-1_all.deb ...
Unpacking texlive-base (2021.20210921-1) ...
Selecting previously unselected package fonts-lmodern.
Preparing to unpack .../056-fonts-lmodern_2.004.5-6.1_all.deb ...
Unpacking fonts-lmodern (2.004.5-6.1) ...
Selecting previously unselected package texlive-latex-base.
Preparing to unpack .../057-texlive-latex-base_2021.20210921-1_all.deb ...
Unpacking texlive-latex-base (2021.20210921-1) ...
Selecting previously unselected package texlive-latex-recommended.
Preparing to unpack .../058-texlive-latex-recommended_2021.20210921-1_all.deb ...
Unpacking texlive-latex-recommended (2021.20210921-1) ...
Selecting previously unselected package cm-super-minimal.
Preparing to unpack .../059-cm-super-minimal_0.3.4-15_all.deb ...
Unpacking cm-super-minimal (0.3.4-15) ...
Selecting previously unselected package libdebhelper-perl.
Preparing to unpack .../060-libdebhelper-perl_13.5.2_all.deb ...
Unpacking libdebhelper-perl (13.5.2) ...
Selecting previously unselected package libtool.
Preparing to unpack .../061-libtool_2.4.6-15_all.deb ...
Unpacking libtool (2.4.6-15) ...
Selecting previously unselected package dh-autoreconf.
Preparing to unpack .../062-dh-autoreconf_20_all.deb ...
Unpacking dh-autoreconf (20) ...
Selecting previously unselected package libarchive-zip-perl.
Preparing to unpack .../063-libarchive-zip-perl_1.68-1_all.deb ...
Unpacking libarchive-zip-perl (1.68-1) ...
Selecting previously unselected package libsub-override-perl.
Preparing to unpack .../064-libsub-override-perl_0.09-2_all.deb ...
Unpacking libsub-override-perl (0.09-2) ...
Selecting previously unselected package libfile-stripnondeterminism-perl.
Preparing to unpack .../065-libfile-stripnondeterminism-perl_1.12.0-2_all.deb ...
Unpacking libfile-stripnondeterminism-perl (1.12.0-2) ...
Selecting previously unselected package dh-strip-nondeterminism.
Preparing to unpack .../066-dh-strip-nondeterminism_1.12.0-2_all.deb ...
Unpacking dh-strip-nondeterminism (1.12.0-2) ...
Selecting previously unselected package dwz.
Preparing to unpack .../067-dwz_0.14-1_amd64.deb ...
Unpacking dwz (0.14-1) ...
Selecting previously unselected package gettext.
Preparing to unpack .../068-gettext_0.21-4_amd64.deb ...
Unpacking gettext (0.21-4) ...
Selecting previously unselected package intltool-debian.
Preparing to unpack .../069-intltool-debian_0.35.0+20060710.5_all.deb ...
Unpacking intltool-debian (0.35.0+20060710.5) ...
Selecting previously unselected package po-debconf.
Preparing to unpack .../070-po-debconf_1.0.21+nmu1_all.deb ...
Unpacking po-debconf (1.0.21+nmu1) ...
Selecting previously unselected package debhelper.
Preparing to unpack .../071-debhelper_13.5.2_all.deb ...
Unpacking debhelper (13.5.2) ...
Selecting previously unselected package libllvm11:amd64.
Preparing to unpack .../072-libllvm11_1%3a11.1.0-4_amd64.deb ...
Unpacking libllvm11:amd64 (1:11.1.0-4) ...
Selecting previously unselected package libclang-cpp11.
Preparing to unpack .../073-libclang-cpp11_1%3a11.1.0-4_amd64.deb ...
Unpacking libclang-cpp11 (1:11.1.0-4) ...
Selecting previously unselected package libclang1-11.
Preparing to unpack .../074-libclang1-11_1%3a11.1.0-4_amd64.deb ...
Unpacking libclang1-11 (1:11.1.0-4) ...
Selecting previously unselected package libxapian30:amd64.
Preparing to unpack .../075-libxapian30_1.4.18-3_amd64.deb ...
Unpacking libxapian30:amd64 (1.4.18-3) ...
Selecting previously unselected package doxygen.
Preparing to unpack .../076-doxygen_1.9.1-2_amd64.deb ...
Unpacking doxygen (1.9.1-2) ...
Selecting previously unselected package libthai-data.
Preparing to unpack .../077-libthai-data_0.1.28-4.1_all.deb ...
Unpacking libthai-data (0.1.28-4.1) ...
Selecting previously unselected package libdatrie1:amd64.
Preparing to unpack .../078-libdatrie1_0.2.13-2_amd64.deb ...
Unpacking libdatrie1:amd64 (0.2.13-2) ...
Selecting previously unselected package libthai0:amd64.
Preparing to unpack .../079-libthai0_0.1.28-4.1_amd64.deb ...
Unpacking libthai0:amd64 (0.1.28-4.1) ...
Selecting previously unselected package libsombok3:amd64.
Preparing to unpack .../080-libsombok3_2.4.0-2+b1_amd64.deb ...
Unpacking libsombok3:amd64 (2.4.0-2+b1) ...
Selecting previously unselected package libmime-charset-perl.
Preparing to unpack .../081-libmime-charset-perl_1.012.2-1_all.deb ...
Unpacking libmime-charset-perl (1.012.2-1) ...
Selecting previously unselected package libunicode-linebreak-perl.
Preparing to unpack .../082-libunicode-linebreak-perl_0.0.20190101-1+b3_amd64.deb ...
Unpacking libunicode-linebreak-perl (0.0.20190101-1+b3) ...
Selecting previously unselected package libjs-jquery.
Preparing to unpack .../083-libjs-jquery_3.5.1+dfsg+~3.5.5-8_all.deb ...
Unpacking libjs-jquery (3.5.1+dfsg+~3.5.5-8) ...
Selecting previously unselected package libfontenc1:amd64.
Preparing to unpack .../084-libfontenc1_1%3a1.1.4-1_amd64.deb ...
Unpacking libfontenc1:amd64 (1:1.1.4-1) ...
Selecting previously unselected package xfonts-encodings.
Preparing to unpack .../085-xfonts-encodings_1%3a1.0.4-2.1_all.deb ...
Unpacking xfonts-encodings (1:1.0.4-2.1) ...
Selecting previously unselected package xfonts-utils.
Preparing to unpack .../086-xfonts-utils_1%3a7.7+6_amd64.deb ...
Unpacking xfonts-utils (1:7.7+6) ...
Selecting previously unselected package lmodern.
Preparing to unpack .../087-lmodern_2.004.5-6.1_all.deb ...
Unpacking lmodern (2.004.5-6.1) ...
Selecting previously unselected package texlive-luatex.
Preparing to unpack .../088-texlive-luatex_2021.20210921-1_all.deb ...
Unpacking texlive-luatex (2021.20210921-1) ...
Selecting previously unselected package texlive-plain-generic.
Preparing to unpack .../089-texlive-plain-generic_2021.20210921-1_all.deb ...
Unpacking texlive-plain-generic (2021.20210921-1) ...
Selecting previously unselected package texlive-extra-utils.
Preparing to unpack .../090-texlive-extra-utils_2021.20210921-1_all.deb ...
Unpacking texlive-extra-utils (2021.20210921-1) ...
Selecting previously unselected package libapache-pom-java.
Preparing to unpack .../091-libapache-pom-java_18-1_all.deb ...
Unpacking libapache-pom-java (18-1) ...
Selecting previously unselected package libcommons-parent-java.
Preparing to unpack .../092-libcommons-parent-java_43-1_all.deb ...
Unpacking libcommons-parent-java (43-1) ...
Selecting previously unselected package libcommons-logging-java.
Preparing to unpack .../093-libcommons-logging-java_1.2-2_all.deb ...
Unpacking libcommons-logging-java (1.2-2) ...
Selecting previously unselected package libfontbox-java.
Preparing to unpack .../094-libfontbox-java_1%3a1.8.16-2_all.deb ...
Unpacking libfontbox-java (1:1.8.16-2) ...
Selecting previously unselected package libpdfbox-java.
Preparing to unpack .../095-libpdfbox-java_1%3a1.8.16-2_all.deb ...
Unpacking libpdfbox-java (1:1.8.16-2) ...
Selecting previously unselected package preview-latex-style.
Preparing to unpack .../096-preview-latex-style_12.2-1_all.deb ...
Unpacking preview-latex-style (12.2-1) ...
Selecting previously unselected package texlive-pictures.
Preparing to unpack .../097-texlive-pictures_2021.20210921-1_all.deb ...
Unpacking texlive-pictures (2021.20210921-1) ...
Selecting previously unselected package texlive-latex-extra.
Preparing to unpack .../098-texlive-latex-extra_2021.20210921-1_all.deb ...
Unpacking texlive-latex-extra (2021.20210921-1) ...
Selecting previously unselected package texlive-font-utils.
Preparing to unpack .../099-texlive-font-utils_2021.20210921-1_all.deb ...
Unpacking texlive-font-utils (2021.20210921-1) ...
Selecting previously unselected package libgs9-common.
Preparing to unpack .../100-libgs9-common_9.54.0~dfsg-5_all.deb ...
Unpacking libgs9-common (9.54.0~dfsg-5) ...
Selecting previously unselected package libavahi-common-data:amd64.
Preparing to unpack .../101-libavahi-common-data_0.8-5_amd64.deb ...
Unpacking libavahi-common-data:amd64 (0.8-5) ...
Selecting previously unselected package libavahi-common3:amd64.
Preparing to unpack .../102-libavahi-common3_0.8-5_amd64.deb ...
Unpacking libavahi-common3:amd64 (0.8-5) ...
Selecting previously unselected package libdbus-1-3:amd64.
Preparing to unpack .../103-libdbus-1-3_1.12.20-3_amd64.deb ...
Unpacking libdbus-1-3:amd64 (1.12.20-3) ...
Selecting previously unselected package libavahi-client3:amd64.
Preparing to unpack .../104-libavahi-client3_0.8-5_amd64.deb ...
Unpacking libavahi-client3:amd64 (0.8-5) ...
Selecting previously unselected package libcups2:amd64.
Preparing to unpack .../105-libcups2_2.3.3op2-7_amd64.deb ...
Unpacking libcups2:amd64 (2.3.3op2-7) ...
Selecting previously unselected package libidn12:amd64.
Preparing to unpack .../106-libidn12_1.38-4_amd64.deb ...
Unpacking libidn12:amd64 (1.38-4) ...
Selecting previously unselected package libijs-0.35:amd64.
Preparing to unpack .../107-libijs-0.35_0.35-15_amd64.deb ...
Unpacking libijs-0.35:amd64 (0.35-15) ...
Selecting previously unselected package libjbig2dec0:amd64.
Preparing to unpack .../108-libjbig2dec0_0.19-3_amd64.deb ...
Unpacking libjbig2dec0:amd64 (0.19-3) ...
Selecting previously unselected package libjpeg62-turbo:amd64.
Preparing to unpack .../109-libjpeg62-turbo_1%3a2.0.6-4_amd64.deb ...
Unpacking libjpeg62-turbo:amd64 (1:2.0.6-4) ...
Selecting previously unselected package liblcms2-2:amd64.
Preparing to unpack .../110-liblcms2-2_2.12~rc1-2_amd64.deb ...
Unpacking liblcms2-2:amd64 (2.12~rc1-2) ...
Selecting previously unselected package libopenjp2-7:amd64.
Preparing to unpack .../111-libopenjp2-7_2.4.0-3_amd64.deb ...
Unpacking libopenjp2-7:amd64 (2.4.0-3) ...
Selecting previously unselected package libdeflate0:amd64.
Preparing to unpack .../112-libdeflate0_1.8-1_amd64.deb ...
Unpacking libdeflate0:amd64 (1.8-1) ...
Selecting previously unselected package libjbig0:amd64.
Preparing to unpack .../113-libjbig0_2.1-3.1+b2_amd64.deb ...
Unpacking libjbig0:amd64 (2.1-3.1+b2) ...
Selecting previously unselected package libwebp6:amd64.
Preparing to unpack .../114-libwebp6_0.6.1-2.1_amd64.deb ...
Unpacking libwebp6:amd64 (0.6.1-2.1) ...
Selecting previously unselected package libtiff5:amd64.
Preparing to unpack .../115-libtiff5_4.3.0-2_amd64.deb ...
Unpacking libtiff5:amd64 (4.3.0-2) ...
Selecting previously unselected package libgs9:amd64.
Preparing to unpack .../116-libgs9_9.54.0~dfsg-5_amd64.deb ...
Unpacking libgs9:amd64 (9.54.0~dfsg-5) ...
Selecting previously unselected package ghostscript.
Preparing to unpack .../117-ghostscript_9.54.0~dfsg-5_amd64.deb ...
Unpacking ghostscript (9.54.0~dfsg-5) ...
Selecting previously unselected package texlive-fonts-recommended.
Preparing to unpack .../118-texlive-fonts-recommended_2021.20210921-1_all.deb ...
Unpacking texlive-fonts-recommended (2021.20210921-1) ...
Selecting previously unselected package doxygen-latex.
Preparing to unpack .../119-doxygen-latex_1.9.1-2_all.deb ...
Unpacking doxygen-latex (1.9.1-2) ...
Selecting previously unselected package fonts-gfs-baskerville.
Preparing to unpack .../120-fonts-gfs-baskerville_1.1-6_all.deb ...
Unpacking fonts-gfs-baskerville (1.1-6) ...
Selecting previously unselected package fonts-gfs-porson.
Preparing to unpack .../121-fonts-gfs-porson_1.1-7_all.deb ...
Unpacking fonts-gfs-porson (1.1-7) ...
Selecting previously unselected package jdupes.
Preparing to unpack .../122-jdupes_1.20.0-1_amd64.deb ...
Unpacking jdupes (1.20.0-1) ...
Selecting previously unselected package libblas3:amd64.
Preparing to unpack .../123-libblas3_3.10.0-1_amd64.deb ...
Unpacking libblas3:amd64 (3.10.0-1) ...
Selecting previously unselected package libblas-dev:amd64.
Preparing to unpack .../124-libblas-dev_3.10.0-1_amd64.deb ...
Unpacking libblas-dev:amd64 (3.10.0-1) ...
Selecting previously unselected package libgfortran5:amd64.
Preparing to unpack .../125-libgfortran5_11.2.0-10_amd64.deb ...
Unpacking libgfortran5:amd64 (11.2.0-10) ...
Selecting previously unselected package libgmpxx4ldbl:amd64.
Preparing to unpack .../126-libgmpxx4ldbl_2%3a6.2.1+dfsg-2_amd64.deb ...
Unpacking libgmpxx4ldbl:amd64 (2:6.2.1+dfsg-2) ...
Selecting previously unselected package libgivaro9:amd64.
Preparing to unpack .../127-libgivaro9_4.1.1-2_amd64.deb ...
Unpacking libgivaro9:amd64 (4.1.1-2) ...
Selecting previously unselected package libgivaro-dev.
Preparing to unpack .../128-libgivaro-dev_4.1.1-2_amd64.deb ...
Unpacking libgivaro-dev (4.1.1-2) ...
Selecting previously unselected package libgmp-dev:amd64.
Preparing to unpack .../129-libgmp-dev_2%3a6.2.1+dfsg-2_amd64.deb ...
Unpacking libgmp-dev:amd64 (2:6.2.1+dfsg-2) ...
Selecting previously unselected package liblapack3:amd64.
Preparing to unpack .../130-liblapack3_3.10.0-1_amd64.deb ...
Unpacking liblapack3:amd64 (3.10.0-1) ...
Selecting previously unselected package liblapack-dev:amd64.
Preparing to unpack .../131-liblapack-dev_3.10.0-1_amd64.deb ...
Unpacking liblapack-dev:amd64 (3.10.0-1) ...
Selecting previously unselected package pkg-config.
Preparing to unpack .../132-pkg-config_0.29.2-1_amd64.deb ...
Unpacking pkg-config (0.29.2-1) ...
Selecting previously unselected package texlive-lang-greek.
Preparing to unpack .../133-texlive-lang-greek_2021.20210921-1_all.deb ...
Unpacking texlive-lang-greek (2021.20210921-1) ...
Selecting previously unselected package texlive-science.
Preparing to unpack .../134-texlive-science_2021.20210921-1_all.deb ...
Unpacking texlive-science (2021.20210921-1) ...
Selecting previously unselected package sbuild-build-depends-main-dummy.
Preparing to unpack .../135-sbuild-build-depends-main-dummy_0.invalid.0_amd64.deb ...
Unpacking sbuild-build-depends-main-dummy (0.invalid.0) ...
Setting up media-types (4.0.0) ...
Setting up libpipeline1:amd64 (1.5.3-1) ...
Setting up libgraphite2-3:amd64 (1.3.14-1) ...
Setting up liblcms2-2:amd64 (2.12~rc1-2) ...
Setting up libpixman-1-0:amd64 (0.40.0-1) ...
Setting up libxapian30:amd64 (1.4.18-3) ...
Setting up libxau6:amd64 (1:1.0.9-1) ...
Setting up libxdmcp6:amd64 (1:1.1.2-3) ...
Setting up libxcb1:amd64 (1.14-3) ...
Setting up bsdextrautils (2.37.2-4) ...
update-alternatives: using /usr/bin/write.ul to provide /usr/bin/write (write) in auto mode
Setting up fonts-gfs-porson (1.1-7) ...
Setting up libdatrie1:amd64 (0.2.13-2) ...
Setting up jdupes (1.20.0-1) ...
Setting up libmagic-mgc (1:5.39-3) ...
Setting up libtexlua53:amd64 (2021.20210626.59705-1) ...
Setting up libxcb-render0:amd64 (1.14-3) ...
Setting up libarchive-zip-perl (1.68-1) ...
Setting up libglib2.0-0:amd64 (2.70.0-3) ...
No schema files found: doing nothing.
Setting up libijs-0.35:amd64 (0.35-15) ...
Setting up libtexluajit2:amd64 (2021.20210626.59705-1) ...
Setting up libdebhelper-perl (13.5.2) ...
Setting up libbrotli1:amd64 (1.0.9-2+b2) ...
Setting up libfontbox-java (1:1.8.16-2) ...
Setting up libsqlite3-0:amd64 (3.36.0-2) ...
Setting up x11-common (1:7.7+23) ...
invoke-rc.d: could not determine current runlevel
All runlevel operations denied by policy
invoke-rc.d: policy-rc.d denied execution of restart.
Setting up libmagic1:amd64 (1:5.39-3) ...
Setting up libdeflate0:amd64 (1.8-1) ...
Setting up gettext-base (0.21-4) ...
Setting up libxcb-shm0:amd64 (1.14-3) ...
Setting up libzzip-0-13:amd64 (0.13.72+dfsg.1-1.1) ...
Setting up file (1:5.39-3) ...
Setting up fonts-urw-base35 (20200910-1) ...
Setting up libjbig0:amd64 (2.1-3.1+b2) ...
Setting up poppler-data (0.4.11-1) ...
Setting up libfontenc1:amd64 (1:1.1.4-1) ...
Setting up autotools-dev (20180224.1+nmu1) ...
Setting up libblas3:amd64 (3.10.0-1) ...
update-alternatives: using /usr/lib/x86_64-linux-gnu/blas/libblas.so.3 to provide /usr/lib/x86_64-linux-gnu/libblas.so.3 (libblas.so.3-x86_64-linux-gnu) in auto mode
Setting up libgmpxx4ldbl:amd64 (2:6.2.1+dfsg-2) ...
Setting up libllvm11:amd64 (1:11.1.0-4) ...
Setting up libjpeg62-turbo:amd64 (1:2.0.6-4) ...
Setting up libx11-data (2:1.7.2-2) ...
Setting up libjbig2dec0:amd64 (0.19-3) ...
Setting up libteckit0:amd64 (2.5.10+ds1-3) ...
Setting up libapache-pom-java (18-1) ...
Setting up libavahi-common-data:amd64 (0.8-5) ...
Setting up libdbus-1-3:amd64 (1.12.20-3) ...
Setting up libsigsegv2:amd64 (2.13-1) ...
Setting up xfonts-encodings (1:1.0.4-2.1) ...
Setting up t1utils (1.41-4) ...
Setting up libpng16-16:amd64 (1.6.37-3) ...
Setting up libidn12:amd64 (1.38-4) ...
Setting up libclang1-11 (1:11.1.0-4) ...
Setting up autopoint (0.21-4) ...
Setting up libwebp6:amd64 (0.6.1-2.1) ...
Setting up pkg-config (0.29.2-1) ...
Setting up fonts-dejavu-core (2.37-2) ...
Setting up libncursesw6:amd64 (6.2+20210905-1) ...
Setting up libkpathsea6:amd64 (2021.20210626.59705-1) ...
Setting up libgfortran5:amd64 (11.2.0-10) ...
Setting up dwz (0.14-1) ...
Setting up fonts-gfs-baskerville (1.1-6) ...
Setting up sensible-utils (0.0.17) ...
Setting up libmime-charset-perl (1.012.2-1) ...
Setting up libuchardet0:amd64 (0.0.7-1) ...
Setting up libmpdec3:amd64 (2.5.1-2) ...
Setting up fonts-lmodern (2.004.5-6.1) ...
Setting up libopenjp2-7:amd64 (2.4.0-3) ...
Setting up libsub-override-perl (0.09-2) ...
Setting up libx11-6:amd64 (2:1.7.2-2+b1) ...
Setting up libthai-data (0.1.28-4.1) ...
Setting up libtiff5:amd64 (4.3.0-2) ...
Setting up libjs-jquery (3.5.1+dfsg+~3.5.5-8) ...
Setting up readline-common (8.1-2) ...
Setting up xdg-utils (1.1.3-4.1) ...
update-alternatives: using /usr/bin/xdg-open to provide /usr/bin/open (open) in auto mode
Setting up libblas-dev:amd64 (3.10.0-1) ...
update-alternatives: using /usr/lib/x86_64-linux-gnu/blas/libblas.so to provide /usr/lib/x86_64-linux-gnu/libblas.so (libblas.so-x86_64-linux-gnu) in auto mode
Setting up libsynctex2:amd64 (2021.20210626.59705-1) ...
Setting up libgs9-common (9.54.0~dfsg-5) ...
Setting up libfile-stripnondeterminism-perl (1.12.0-2) ...
Setting up libice6:amd64 (2:1.0.10-1) ...
Setting up liblapack3:amd64 (3.10.0-1) ...
update-alternatives: using /usr/lib/x86_64-linux-gnu/lapack/liblapack.so.3 to provide /usr/lib/x86_64-linux-gnu/liblapack.so.3 (liblapack.so.3-x86_64-linux-gnu) in auto mode
Setting up gettext (0.21-4) ...
Setting up libgmp-dev:amd64 (2:6.2.1+dfsg-2) ...
Setting up libpdfbox-java (1:1.8.16-2) ...
Setting up libxpm4:amd64 (1:3.5.12-1) ...
Setting up libxrender1:amd64 (1:0.9.10-1) ...
Setting up libtool (2.4.6-15) ...
Setting up libreadline8:amd64 (8.1-2) ...
Setting up libcommons-parent-java (43-1) ...
Setting up libavahi-common3:amd64 (0.8-5) ...
Setting up libcommons-logging-java (1.2-2) ...
Setting up libxext6:amd64 (2:1.3.4-1) ...
Setting up m4 (1.4.18-5) ...
Setting up intltool-debian (0.35.0+20060710.5) ...
Setting up libclang-cpp11 (1:11.1.0-4) ...
Setting up libgivaro9:amd64 (4.1.1-2) ...
Setting up libthai0:amd64 (0.1.28-4.1) ...
Setting up doxygen (1.9.1-2) ...
Setting up libptexenc1:amd64 (2021.20210626.59705-1) ...
Setting up libfreetype6:amd64 (2.11.0+dfsg-1) ...
Setting up liblapack-dev:amd64 (3.10.0-1) ...
update-alternatives: using /usr/lib/x86_64-linux-gnu/lapack/liblapack.so to provide /usr/lib/x86_64-linux-gnu/liblapack.so (liblapack.so-x86_64-linux-gnu) in auto mode
Setting up ucf (3.0043) ...
Setting up autoconf (2.71-2) ...
Setting up dh-strip-nondeterminism (1.12.0-2) ...
Setting up groff-base (1.22.4-7) ...
Setting up libharfbuzz0b:amd64 (2.7.4-1) ...
Setting up libsm6:amd64 (2:1.2.3-1) ...
Setting up libavahi-client3:amd64 (0.8-5) ...
Setting up libpython3.9-stdlib:amd64 (3.9.7-4) ...
Setting up libpython3-stdlib:amd64 (3.9.2-3) ...
Setting up automake (1:1.16.5-1) ...
update-alternatives: using /usr/bin/automake-1.16 to provide /usr/bin/automake (automake) in auto mode
Setting up libgivaro-dev (4.1.1-2) ...
Setting up libpaper1:amd64 (1.1.28+b1) ...

Creating config file /etc/papersize with new version
Setting up libxi6:amd64 (2:1.8-1) ...
Setting up libsombok3:amd64 (2.4.0-2+b1) ...
Setting up fontconfig-config (2.13.1-4.2) ...
Setting up po-debconf (1.0.21+nmu1) ...
Setting up libpaper-utils (1.1.28+b1) ...
Setting up xfonts-utils (1:7.7+6) ...
Setting up man-db (2.9.4-2) ...
Not building database; man-db/auto-update is not 'true'.
Setting up dh-autoreconf (20) ...
Setting up tex-common (6.17) ...
update-language: texlive-base not installed and configured, doing nothing!
Setting up libunicode-linebreak-perl (0.0.20190101-1+b3) ...
Setting up libxt6:amd64 (1:1.2.0-1) ...
Setting up libcups2:amd64 (2.3.3op2-7) ...
Setting up lmodern (2.004.5-6.1) ...
Setting up libfontconfig1:amd64 (2.13.1-4.2) ...
Setting up python3.9 (3.9.7-4) ...
Setting up libxmu6:amd64 (2:1.1.2-2+b3) ...
Setting up libgs9:amd64 (9.54.0~dfsg-5) ...
Setting up preview-latex-style (12.2-1) ...
Setting up debhelper (13.5.2) ...
Setting up python3 (3.9.2-3) ...
Setting up libxaw7:amd64 (2:1.0.13-1.1) ...
Setting up ghostscript (9.54.0~dfsg-5) ...
Setting up libcairo2:amd64 (1.16.0-5) ...
Setting up texlive-binaries (2021.20210626.59705-1) ...
update-alternatives: using /usr/bin/xdvi-xaw to provide /usr/bin/xdvi.bin (xdvi.bin) in auto mode
update-alternatives: using /usr/bin/bibtex.original to provide /usr/bin/bibtex (bibtex) in auto mode
Setting up texlive-base (2021.20210921-1) ...
/usr/bin/which: this version of `which' is deprecated; use `command -v' in scripts instead.
/usr/bin/which: this version of `which' is deprecated; use `command -v' in scripts instead.
/usr/bin/which: this version of `which' is deprecated; use `command -v' in scripts instead.
/usr/bin/which: this version of `which' is deprecated; use `command -v' in scripts instead.
tl-paper: setting paper size for dvips to a4: /var/lib/texmf/dvips/config/config-paper.ps
tl-paper: setting paper size for dvipdfmx to a4: /var/lib/texmf/dvipdfmx/dvipdfmx-paper.cfg
tl-paper: setting paper size for xdvi to a4: /var/lib/texmf/xdvi/XDvi-paper
tl-paper: setting paper size for pdftex to a4: /var/lib/texmf/tex/generic/tex-ini-files/pdftexconfig.tex
Setting up texlive-luatex (2021.20210921-1) ...
Setting up texlive-plain-generic (2021.20210921-1) ...
Setting up texlive-lang-greek (2021.20210921-1) ...
Setting up texlive-font-utils (2021.20210921-1) ...
Setting up texlive-latex-base (2021.20210921-1) ...
Setting up texlive-extra-utils (2021.20210921-1) ...
Setting up texlive-latex-recommended (2021.20210921-1) ...
Setting up texlive-pictures (2021.20210921-1) ...
Setting up texlive-fonts-recommended (2021.20210921-1) ...
Setting up cm-super-minimal (0.3.4-15) ...
Setting up texlive-science (2021.20210921-1) ...
Setting up texlive-latex-extra (2021.20210921-1) ...
Setting up doxygen-latex (1.9.1-2) ...
Setting up sbuild-build-depends-main-dummy (0.invalid.0) ...
Processing triggers for libc-bin (2.32-4) ...
Processing triggers for tex-common (6.17) ...
Running updmap-sys. This may take some time... done.
Running mktexlsr /var/lib/texmf ... done.
Building format(s) --all.
	This may take some time... done.

+------------------------------------------------------------------------------+
| Check architectures                                                          |
+------------------------------------------------------------------------------+

Arch check ok (amd64 included in any all)

+------------------------------------------------------------------------------+
| Build environment                                                            |
+------------------------------------------------------------------------------+

Kernel: Linux 4.19.0-6-cloud-amd64 #1 SMP Debian 4.19.67-2+deb10u2 (2019-11-11) amd64 (x86_64)
Toolchain package versions: binutils_2.37-7 dpkg-dev_1.20.9 g++-11_11.2.0-10 gcc-11_11.2.0-10 libc6-dev_2.32-4 libstdc++-11-dev_11.2.0-10 libstdc++6_11.2.0-10 linux-libc-dev_5.14.12-1
Package versions: adduser_3.118 apt_2.3.11 autoconf_2.71-2 automake_1:1.16.5-1 autopoint_0.21-4 autotools-dev_20180224.1+nmu1 base-files_12 base-passwd_3.5.52 bash_5.1-3+b2 binutils_2.37-7 binutils-common_2.37-7 binutils-x86-64-linux-gnu_2.37-7 bsdextrautils_2.37.2-4 bsdutils_1:2.37.2-4 build-essential_12.9 bzip2_1.0.8-4 clang-12_1:12.0.1-15 cm-super-minimal_0.3.4-15 coreutils_8.32-4+b1 cpp_4:11.2.0-2 cpp-11_11.2.0-10 dash_0.5.11+git20210120+802ebd4-2 debconf_1.5.78 debhelper_13.5.2 debian-archive-keyring_2021.1.1 debianutils_5.5-1 dh-autoreconf_20 dh-strip-nondeterminism_1.12.0-2 diffutils_1:3.7-5 doxygen_1.9.1-2 doxygen-latex_1.9.1-2 dpkg_1.20.9 dpkg-dev_1.20.9 dwz_0.14-1 e2fsprogs_1.46.4-1 fakeroot_1.26-1 file_1:5.39-3 findutils_4.8.0-1 fontconfig-config_2.13.1-4.2 fonts-dejavu-core_2.37-2 fonts-gfs-baskerville_1.1-6 fonts-gfs-porson_1.1-7 fonts-lmodern_2.004.5-6.1 fonts-urw-base35_20200910-1 g++_4:11.2.0-2 g++-11_11.2.0-10 gcc_4:11.2.0-2 gcc-10-base_10.3.0-11 gcc-11_11.2.0-10 gcc-11-base_11.2.0-10 gcc-9-base_9.4.0-3 gettext_0.21-4 gettext-base_0.21-4 ghostscript_9.54.0~dfsg-5 gpgv_2.2.27-2 grep_3.7-1 groff-base_1.22.4-7 gzip_1.10-4 hostname_3.23 init-system-helpers_1.60 intltool-debian_0.35.0+20060710.5 jdupes_1.20.0-1 lib32gcc-s1_11.2.0-10 lib32stdc++6_11.2.0-10 libacl1_2.3.1-1 libapache-pom-java_18-1 libapt-pkg6.0_2.3.11 libarchive-zip-perl_1.68-1 libasan5_9.4.0-3 libasan6_11.2.0-10 libatomic1_11.2.0-10 libattr1_1:2.5.1-1 libaudit-common_1:3.0.6-1 libaudit1_1:3.0.6-1 libavahi-client3_0.8-5 libavahi-common-data_0.8-5 libavahi-common3_0.8-5 libbinutils_2.37-7 libblas-dev_3.10.0-1 libblas3_3.10.0-1 libblkid1_2.37.2-4 libbrotli1_1.0.9-2+b2 libbsd0_0.11.3-1 libbz2-1.0_1.0.8-4 libc-bin_2.32-4 libc-dev-bin_2.32-4 libc6_2.32-4 libc6-dev_2.32-4 libc6-i386_2.32-4 libcairo2_1.16.0-5 libcap-ng0_0.7.9-2.2+b1 libcap2_1:2.44-1 libcc1-0_11.2.0-10 libclang-common-12-dev_1:12.0.1-15 libclang-cpp11_1:11.1.0-4 libclang-cpp12_1:12.0.1-15 libclang1-11_1:11.1.0-4 libclang1-12_1:12.0.1-15 libcom-err2_1.46.4-1 libcommons-logging-java_1.2-2 libcommons-parent-java_43-1 libcrypt-dev_1:4.4.25-2 libcrypt1_1:4.4.25-2 libctf-nobfd0_2.37-7 libctf0_2.37-7 libcups2_2.3.3op2-7 libdatrie1_0.2.13-2 libdb5.3_5.3.28+dfsg1-0.8 libdbus-1-3_1.12.20-3 libdebconfclient0_0.260 libdebhelper-perl_13.5.2 libdeflate0_1.8-1 libdpkg-perl_1.20.9 libedit2_3.1-20210910-1 libelf1_0.185-2 libexpat1_2.4.1-3 libext2fs2_1.46.4-1 libfakeroot_1.26-1 libffi8_3.4.2-3 libfile-stripnondeterminism-perl_1.12.0-2 libfontbox-java_1:1.8.16-2 libfontconfig1_2.13.1-4.2 libfontenc1_1:1.1.4-1 libfreetype6_2.11.0+dfsg-1 libgc1_1:8.0.4-3 libgcc-11-dev_11.2.0-10 libgcc-9-dev_9.4.0-3 libgcc-s1_11.2.0-10 libgcrypt20_1.9.4-3+b1 libgdbm-compat4_1.22-1 libgdbm6_1.22-1 libgfortran5_11.2.0-10 libgivaro-dev_4.1.1-2 libgivaro9_4.1.1-2 libglib2.0-0_2.70.0-3 libgmp-dev_2:6.2.1+dfsg-2 libgmp10_2:6.2.1+dfsg-2 libgmpxx4ldbl_2:6.2.1+dfsg-2 libgnutls30_3.7.2-2 libgomp1_11.2.0-10 libgpg-error0_1.42-3 libgraphite2-3_1.3.14-1 libgs9_9.54.0~dfsg-5 libgs9-common_9.54.0~dfsg-5 libgssapi-krb5-2_1.18.3-7 libharfbuzz0b_2.7.4-1 libhogweed6_3.7.3-1 libice6_2:1.0.10-1 libicu67_67.1-7 libidn12_1.38-4 libidn2-0_2.3.2-2 libijs-0.35_0.35-15 libisl23_0.24-2 libitm1_11.2.0-10 libjbig0_2.1-3.1+b2 libjbig2dec0_0.19-3 libjpeg62-turbo_1:2.0.6-4 libjs-jquery_3.5.1+dfsg+~3.5.5-8 libk5crypto3_1.18.3-7 libkeyutils1_1.6.1-2 libkpathsea6_2021.20210626.59705-1 libkrb5-3_1.18.3-7 libkrb5support0_1.18.3-7 liblapack-dev_3.10.0-1 liblapack3_3.10.0-1 liblcms2-2_2.12~rc1-2 libllvm11_1:11.1.0-4 libllvm12_1:12.0.1-15 liblsan0_11.2.0-10 liblz4-1_1.9.3-2 liblzma5_5.2.5-2 libmagic-mgc_1:5.39-3 libmagic1_1:5.39-3 libmd0_1.0.4-1 libmime-charset-perl_1.012.2-1 libmount1_2.37.2-4 libmpc3_1.2.1-1 libmpdec3_2.5.1-2 libmpfr6_4.1.0-3 libncursesw6_6.2+20210905-1 libnettle8_3.7.3-1 libnsl-dev_1.3.0-2 libnsl2_1.3.0-2 libobjc-11-dev_11.2.0-10 libobjc-9-dev_9.4.0-3 libobjc4_11.2.0-10 libomp-12-dev_1:12.0.1-15 libomp5-12_1:12.0.1-15 libopenjp2-7_2.4.0-3 libp11-kit0_0.24.0-5 libpam-modules_1.4.0-10 libpam-modules-bin_1.4.0-10 libpam-runtime_1.4.0-10 libpam0g_1.4.0-10 libpaper-utils_1.1.28+b1 libpaper1_1.1.28+b1 libpcre2-8-0_10.36-2 libpcre3_2:8.39-13 libpdfbox-java_1:1.8.16-2 libperl5.32_5.32.1-6 libpipeline1_1.5.3-1 libpixman-1-0_0.40.0-1 libpng16-16_1.6.37-3 libptexenc1_2021.20210626.59705-1 libpython3-stdlib_3.9.2-3 libpython3.9-minimal_3.9.7-4 libpython3.9-stdlib_3.9.7-4 libquadmath0_11.2.0-10 libreadline8_8.1-2 libseccomp2_2.5.2-2 libselinux1_3.1-3 libsemanage-common_3.1-1 libsemanage1_3.1-1+b2 libsepol1_3.1-1 libsigsegv2_2.13-1 libsm6_2:1.2.3-1 libsmartcols1_2.37.2-4 libsombok3_2.4.0-2+b1 libsqlite3-0_3.36.0-2 libss2_1.46.4-1 libssl1.1_1.1.1l-1 libstdc++-11-dev_11.2.0-10 libstdc++6_11.2.0-10 libsub-override-perl_0.09-2 libsynctex2_2021.20210626.59705-1 libsystemd0_249.5-1 libtasn1-6_4.17.0-2 libteckit0_2.5.10+ds1-3 libtexlua53_2021.20210626.59705-1 libtexluajit2_2021.20210626.59705-1 libthai-data_0.1.28-4.1 libthai0_0.1.28-4.1 libtiff5_4.3.0-2 libtinfo6_6.2+20210905-1 libtirpc-common_1.3.2-2 libtirpc-dev_1.3.2-2 libtirpc3_1.3.2-2 libtool_2.4.6-15 libtsan0_11.2.0-10 libubsan1_11.2.0-10 libuchardet0_0.0.7-1 libudev1_249.5-1 libunicode-linebreak-perl_0.0.20190101-1+b3 libunistring2_0.9.10-6 libunwind-12_1:12.0.1-15 libuuid1_2.37.2-4 libwebp6_0.6.1-2.1 libx11-6_2:1.7.2-2+b1 libx11-data_2:1.7.2-2 libxapian30_1.4.18-3 libxau6_1:1.0.9-1 libxaw7_2:1.0.13-1.1 libxcb-render0_1.14-3 libxcb-shm0_1.14-3 libxcb1_1.14-3 libxdmcp6_1:1.1.2-3 libxext6_2:1.3.4-1 libxi6_2:1.8-1 libxml2_2.9.12+dfsg-5 libxmu6_2:1.1.2-2+b3 libxpm4_1:3.5.12-1 libxrender1_1:0.9.10-1 libxt6_1:1.2.0-1 libxxhash0_0.8.0-2 libz3-4_4.8.12-1+b1 libzstd1_1.4.8+dfsg-3 libzzip-0-13_0.13.72+dfsg.1-1.1 linux-libc-dev_5.14.12-1 llvm-12-linker-tools_1:12.0.1-15 lmodern_2.004.5-6.1 login_1:4.8.1-1 logsave_1.46.4-1 lsb-base_11.1.0 m4_1.4.18-5 make_4.3-4.1 man-db_2.9.4-2 mawk_1.3.4.20200120-2 media-types_4.0.0 mount_2.37.2-4 ncurses-base_6.2+20210905-1 ncurses-bin_6.2+20210905-1 passwd_1:4.8.1-1 patch_2.7.6-7 perl_5.32.1-6 perl-base_5.32.1-6 perl-modules-5.32_5.32.1-6 pkg-config_0.29.2-1 po-debconf_1.0.21+nmu1 poppler-data_0.4.11-1 preview-latex-style_12.2-1 python3_3.9.2-3 python3-minimal_3.9.2-3 python3.9_3.9.7-4 python3.9-minimal_3.9.7-4 qt5-qmake_5.15.2+dfsg-12 qt5-qmake-bin_5.15.2+dfsg-12 qtchooser_66-2 readline-common_8.1-2 rpcsvc-proto_1.4.2-4 sbuild-build-depends-main-dummy_0.invalid.0 sed_4.8-1 sensible-utils_0.0.17 sysvinit-utils_3.00-1 t1utils_1.41-4 tar_1.34+dfsg-1 tex-common_6.17 texlive-base_2021.20210921-1 texlive-binaries_2021.20210626.59705-1 texlive-extra-utils_2021.20210921-1 texlive-font-utils_2021.20210921-1 texlive-fonts-recommended_2021.20210921-1 texlive-lang-greek_2021.20210921-1 texlive-latex-base_2021.20210921-1 texlive-latex-extra_2021.20210921-1 texlive-latex-recommended_2021.20210921-1 texlive-luatex_2021.20210921-1 texlive-pictures_2021.20210921-1 texlive-plain-generic_2021.20210921-1 texlive-science_2021.20210921-1 tzdata_2021e-1 ucf_3.0043 util-linux_2.37.2-4 x11-common_1:7.7+23 xdg-utils_1.1.3-4.1 xfonts-encodings_1:1.0.4-2.1 xfonts-utils_1:7.7+6 xz-utils_5.2.5-2 zlib1g_1:1.2.11.dfsg-2

+------------------------------------------------------------------------------+
| Build                                                                        |
+------------------------------------------------------------------------------+


Unpack source
-------------

-----BEGIN PGP SIGNED MESSAGE-----
Hash: SHA256

Format: 3.0 (quilt)
Source: fflas-ffpack
Binary: fflas-ffpack, fflas-ffpack-common, fflas-ffpack-user-doc, fflas-ffpack-dev-doc
Architecture: any all
Version: 2.4.3-2
Maintainer: Debian Science Maintainers <debian-science-maintainers@lists.alioth.debian.org>
Uploaders: Doug Torrance <dtorrance@piedmont.edu>
Homepage: http://linbox-team.github.io/fflas-ffpack/
Standards-Version: 4.5.0
Vcs-Browser: https://salsa.debian.org/science-team/fflas-ffpack
Vcs-Git: https://salsa.debian.org/science-team/fflas-ffpack.git
Testsuite: autopkgtest
Testsuite-Triggers: build-essential, libblas-dev, libgivaro-dev, libgmp-dev, liblapack-dev, pkg-config
Build-Depends: debhelper-compat (= 13), jdupes, libblas-dev, libgivaro-dev (>= 4.1.1), libgmp-dev, liblapack-dev, pkg-config
Build-Depends-Indep: doxygen-latex, texlive-science
Package-List:
 fflas-ffpack deb math optional arch=any
 fflas-ffpack-common deb math optional arch=all
 fflas-ffpack-dev-doc deb doc optional arch=all
 fflas-ffpack-user-doc deb doc optional arch=all
Checksums-Sha1:
 9560df573a1888827ba7eae68d1b5aef4dbb1e15 1524428 fflas-ffpack_2.4.3.orig.tar.gz
 7b115ed5fdbbc4ed7ec00ea2fbba4f181f3180c2 7604 fflas-ffpack_2.4.3-2.debian.tar.xz
Checksums-Sha256:
 95651262b5dd66241b5abee015c15667409a4ed4366b9e4ab983b30309e68146 1524428 fflas-ffpack_2.4.3.orig.tar.gz
 124a3adcf5fec28616b5b8d90a772870f0e706b555f5fc3427de8c6c302def18 7604 fflas-ffpack_2.4.3-2.debian.tar.xz
Files:
 53a7cfcb52dac7a62a9a21c80bee4d3b 1524428 fflas-ffpack_2.4.3.orig.tar.gz
 4219339dad3f892ea97323bee556c964 7604 fflas-ffpack_2.4.3-2.debian.tar.xz

-----BEGIN PGP SIGNATURE-----

iQJFBAEBCAAvFiEE8fAHMgoDVUHwpmPKV4oElNHGRtEFAl9WDaIRHHRpbGxlQGRl
Ymlhbi5vcmcACgkQV4oElNHGRtGnBA//YS6L529rEjej7GNLbCajripe3l9Py4RV
Xo24QorBclueGZCvYUjpHlzTDncQZncwEEEwxSO3Ol31buXCdaJ/vtBg5GuymS8Y
D3VKF5XAKc5NUQOOgK4EAt43dwc58e0tcoIkfwuMtYsFQYaRSdR69XM1HhXbUpUa
wjgSM0CCHgUnd1ztKtiF67TJTPy339g3/lWFz6AUcldgBwCov+pnmfDY5Uh2X+YM
Nx/KeOlkqcb0cFFKXXWCWIuQHhKLy8pOLUpc701YzGbGfTHxFksOfQ83kDwWN28A
/8R+A9nbjX2pwNZhjE6trq/bjnmNLPCdTwTHRIHZoYw6nHj7kmPrwlatPFn5At2O
HNDFhR44c7CPmjrgoCy5hwqnM/wocHp2md97oiY9qRnPCB5aLjiNKKdQ2S9SqHBS
rqo3dvvfnUm0+VbNQ8/qCLLAUq+Stp9TWeWpOdP34mtWe/kOrmYAKS9lmWe/efcf
0m7TrOv42MnF6xnnjwQOGNBwkQgCdYceJgyQ9K8zdhE3s93ow5wXB/ffBPQJozCW
2s8HbxE9BkSrW9GCjIyQeSd5E2i5xbSY1iyEATHIucAsTgrFjtXnVV0nvspcL3i9
X5XujBxIzrJgm4Xf8YSn3x63tS/sRCx6fBUTldU24R/qNstBK+xlJjAJZQlNaLiB
MUh/dsfdEN4=
=70gz
-----END PGP SIGNATURE-----

gpgv: unknown type of key resource 'trustedkeys.kbx'
gpgv: keyblock resource '/tmp/dpkg-verify-sig.cpniNRwI/trustedkeys.kbx': General error
gpgv: Signature made Mon Sep  7 10:38:26 2020 UTC
gpgv:                using RSA key F1F007320A035541F0A663CA578A0494D1C646D1
gpgv:                issuer "tille@debian.org"
gpgv: Can't check signature: No public key
dpkg-source: warning: failed to verify signature on ./fflas-ffpack_2.4.3-2.dsc
dpkg-source: info: extracting fflas-ffpack in /<<PKGBUILDDIR>>
dpkg-source: info: unpacking fflas-ffpack_2.4.3.orig.tar.gz
dpkg-source: info: unpacking fflas-ffpack_2.4.3-2.debian.tar.xz
dpkg-source: info: using patch list from debian/patches/series
dpkg-source: info: applying do-not-cp-INSTALL-or-COPYING.patch
dpkg-source: info: applying no-test-echelon.patch
dpkg-source: info: applying reproducible-build.patch

Check disk space
----------------

Sufficient free space for build

User Environment
----------------

APT_CONFIG=/var/lib/sbuild/apt.conf
HOME=/sbuild-nonexistent
LANG=C.UTF-8
LC_ALL=C.UTF-8
LOGNAME=user42
PATH=/usr/local/sbin:/usr/local/bin:/usr/sbin:/usr/bin:/sbin:/bin:/usr/games
SCHROOT_ALIAS_NAME=unstable
SCHROOT_CHROOT_NAME=sid-amd64-sbuild
SCHROOT_COMMAND=env
SCHROOT_GID=1001
SCHROOT_GROUP=user42
SCHROOT_SESSION_ID=sid-amd64-sbuild-7b25dc28-512f-4bf7-a741-03826648124f
SCHROOT_UID=1001
SCHROOT_USER=user42
SHELL=/bin/sh
USER=user42

dpkg-buildpackage
-----------------

Command: dpkg-buildpackage -us -uc -b -rfakeroot
dpkg-buildpackage: info: source package fflas-ffpack
dpkg-buildpackage: info: source version 2.4.3-2
dpkg-buildpackage: info: source distribution unstable
dpkg-buildpackage: info: source changed by Doug Torrance <dtorrance@piedmont.edu>
 dpkg-source --before-build .
dpkg-buildpackage: info: host architecture amd64
 debian/rules clean
dh clean
   dh_clean
 debian/rules binary
dh binary
   dh_update_autotools_config
   dh_autoreconf
libtoolize: putting auxiliary files in AC_CONFIG_AUX_DIR, 'build-aux'.
libtoolize: copying file 'build-aux/ltmain.sh'
libtoolize: putting macros in AC_CONFIG_MACRO_DIRS, 'macros'.
libtoolize: copying file 'macros/libtool.m4'
libtoolize: copying file 'macros/ltoptions.m4'
libtoolize: copying file 'macros/ltsugar.m4'
libtoolize: copying file 'macros/ltversion.m4'
libtoolize: copying file 'macros/lt~obsolete.m4'
configure.ac:44: warning: The macro `AC_HELP_STRING' is obsolete.
configure.ac:44: You should run autoupdate.
./lib/autoconf/general.m4:204: AC_HELP_STRING is expanded from...
./lib/autoconf/general.m4:1534: AC_ARG_ENABLE is expanded from...
macros/debug.m4:26: AC_DEBUG is expanded from...
configure.ac:44: the top level
configure.ac:45: warning: The macro `AC_HELP_STRING' is obsolete.
configure.ac:45: You should run autoupdate.
./lib/autoconf/general.m4:204: AC_HELP_STRING is expanded from...
./lib/autoconf/general.m4:1534: AC_ARG_ENABLE is expanded from...
macros/debug.m4:39: AC_PROFILE is expanded from...
configure.ac:45: the top level
configure.ac:46: warning: The macro `AC_HELP_STRING' is obsolete.
configure.ac:46: You should run autoupdate.
./lib/autoconf/general.m4:204: AC_HELP_STRING is expanded from...
./lib/autoconf/general.m4:1534: AC_ARG_ENABLE is expanded from...
macros/debug.m4:53: AC_WARNINGS is expanded from...
configure.ac:46: the top level
configure.ac:64: warning: The macro `AC_TRY_RUN' is obsolete.
configure.ac:64: You should run autoupdate.
./lib/autoconf/general.m4:2997: AC_TRY_RUN is expanded from...
macros/debug.m4:70: AC_COMPILER_NAME is expanded from...
configure.ac:64: the top level
configure.ac:64: warning: The macro `AC_TRY_RUN' is obsolete.
configure.ac:64: You should run autoupdate.
./lib/autoconf/general.m4:2997: AC_TRY_RUN is expanded from...
lib/m4sugar/m4sh.m4:699: AS_IF is expanded from...
macros/debug.m4:70: AC_COMPILER_NAME is expanded from...
configure.ac:64: the top level
configure.ac:156: warning: The macro `AC_HEADER_STDC' is obsolete.
configure.ac:156: You should run autoupdate.
./lib/autoconf/headers.m4:704: AC_HEADER_STDC is expanded from...
configure.ac:156: the top level
configure.ac:157: warning: The macro `AC_PROG_LIBTOOL' is obsolete.
configure.ac:157: You should run autoupdate.
macros/libtool.m4:99: AC_PROG_LIBTOOL is expanded from...
configure.ac:157: the top level
configure.ac:172: warning: The macro `AC_HELP_STRING' is obsolete.
configure.ac:172: You should run autoupdate.
./lib/autoconf/general.m4:204: AC_HELP_STRING is expanded from...
./lib/autoconf/general.m4:1534: AC_ARG_ENABLE is expanded from...
macros/omp-check.m4:27: FF_CHECK_OMP is expanded from...
configure.ac:172: the top level
configure.ac:172: warning: The macro `AC_TRY_RUN' is obsolete.
configure.ac:172: You should run autoupdate.
./lib/autoconf/general.m4:2997: AC_TRY_RUN is expanded from...
lib/m4sugar/m4sh.m4:699: AS_IF is expanded from...
macros/omp-check.m4:27: FF_CHECK_OMP is expanded from...
configure.ac:172: the top level
configure.ac:176: warning: The macro `AC_HELP_STRING' is obsolete.
configure.ac:176: You should run autoupdate.
./lib/autoconf/general.m4:204: AC_HELP_STRING is expanded from...
./lib/autoconf/general.m4:1534: AC_ARG_ENABLE is expanded from...
macros/instr_set.m4:10: INSTR_SET is expanded from...
configure.ac:176: the top level
configure.ac:176: warning: The macro `AC_TRY_RUN' is obsolete.
configure.ac:176: You should run autoupdate.
./lib/autoconf/general.m4:2997: AC_TRY_RUN is expanded from...
macros/instr_set.m4:10: INSTR_SET is expanded from...
configure.ac:176: the top level
configure.ac:208: warning: The macro `AC_HEADER_STDC' is obsolete.
configure.ac:208: You should run autoupdate.
./lib/autoconf/headers.m4:704: AC_HEADER_STDC is expanded from...
configure.ac:208: the top level
configure.ac:228: warning: The macro `AC_HELP_STRING' is obsolete.
configure.ac:228: You should run autoupdate.
./lib/autoconf/general.m4:204: AC_HELP_STRING is expanded from...
./lib/autoconf/general.m4:1553: AC_ARG_WITH is expanded from...
macros/fflas-ffpack-misc.m4:30: FF_MISC is expanded from...
configure.ac:228: the top level
configure.ac:239: warning: The macro `AC_TRY_LINK' is obsolete.
configure.ac:239: You should run autoupdate.
./lib/autoconf/general.m4:2920: AC_TRY_LINK is expanded from...
macros/givaro-check.m4:149: FF_CHECK_GIVARO_USABILITY is expanded from...
configure.ac:239: the top level
configure.ac:256: warning: The macro `AC_HELP_STRING' is obsolete.
configure.ac:256: You should run autoupdate.
./lib/autoconf/general.m4:204: AC_HELP_STRING is expanded from...
./lib/autoconf/general.m4:1553: AC_ARG_WITH is expanded from...
macros/fflas-ffpack-blas.m4:27: FF_CHECK_BLAS_CFLAGS is expanded from...
configure.ac:256: the top level
configure.ac:257: warning: The macro `AC_HELP_STRING' is obsolete.
configure.ac:257: You should run autoupdate.
./lib/autoconf/general.m4:204: AC_HELP_STRING is expanded from...
./lib/autoconf/general.m4:1553: AC_ARG_WITH is expanded from...
macros/fflas-ffpack-blas.m4:38: FF_CHECK_BLAS_LIBS is expanded from...
configure.ac:257: the top level
configure.ac:259: warning: The macro `AC_TRY_RUN' is obsolete.
configure.ac:259: You should run autoupdate.
./lib/autoconf/general.m4:2997: AC_TRY_RUN is expanded from...
macros/fflas-ffpack-blas.m4:49: FF_CHECK_USER_BLAS is expanded from...
configure.ac:259: the top level
configure.ac:259: warning: The macro `AC_TRY_RUN' is obsolete.
configure.ac:259: You should run autoupdate.
./lib/autoconf/general.m4:2997: AC_TRY_RUN is expanded from...
lib/m4sugar/m4sh.m4:692: _AS_IF_ELSE is expanded from...
lib/m4sugar/m4sh.m4:699: AS_IF is expanded from...
./lib/autoconf/general.m4:2962: _AC_RUN_IFELSE is expanded from...
lib/m4sugar/m4sh.m4:692: _AS_IF_ELSE is expanded from...
lib/m4sugar/m4sh.m4:699: AS_IF is expanded from...
./lib/autoconf/general.m4:2981: AC_RUN_IFELSE is expanded from...
./lib/autoconf/general.m4:2997: AC_TRY_RUN is expanded from...
macros/fflas-ffpack-blas.m4:49: FF_CHECK_USER_BLAS is expanded from...
configure.ac:259: the top level
configure.ac:259: warning: The macro `AC_TRY_RUN' is obsolete.
configure.ac:259: You should run autoupdate.
./lib/autoconf/general.m4:2997: AC_TRY_RUN is expanded from...
lib/m4sugar/m4sh.m4:692: _AS_IF_ELSE is expanded from...
lib/m4sugar/m4sh.m4:699: AS_IF is expanded from...
./lib/autoconf/general.m4:2962: _AC_RUN_IFELSE is expanded from...
lib/m4sugar/m4sh.m4:692: _AS_IF_ELSE is expanded from...
lib/m4sugar/m4sh.m4:699: AS_IF is expanded from...
./lib/autoconf/general.m4:2981: AC_RUN_IFELSE is expanded from...
./lib/autoconf/general.m4:2997: AC_TRY_RUN is expanded from...
lib/m4sugar/m4sh.m4:692: _AS_IF_ELSE is expanded from...
lib/m4sugar/m4sh.m4:699: AS_IF is expanded from...
./lib/autoconf/general.m4:2962: _AC_RUN_IFELSE is expanded from...
lib/m4sugar/m4sh.m4:692: _AS_IF_ELSE is expanded from...
lib/m4sugar/m4sh.m4:699: AS_IF is expanded from...
./lib/autoconf/general.m4:2981: AC_RUN_IFELSE is expanded from...
./lib/autoconf/general.m4:2997: AC_TRY_RUN is expanded from...
macros/fflas-ffpack-blas.m4:49: FF_CHECK_USER_BLAS is expanded from...
configure.ac:259: the top level
configure.ac:260: warning: The macro `AC_TRY_RUN' is obsolete.
configure.ac:260: You should run autoupdate.
./lib/autoconf/general.m4:2997: AC_TRY_RUN is expanded from...
macros/fflas-ffpack-blas.m4:152: FF_CHECK_USER_LAPACK is expanded from...
configure.ac:260: the top level
configure.ac:260: warning: The macro `AC_TRY_RUN' is obsolete.
configure.ac:260: You should run autoupdate.
./lib/autoconf/general.m4:2997: AC_TRY_RUN is expanded from...
lib/m4sugar/m4sh.m4:692: _AS_IF_ELSE is expanded from...
lib/m4sugar/m4sh.m4:699: AS_IF is expanded from...
macros/fflas-ffpack-blas.m4:152: FF_CHECK_USER_LAPACK is expanded from...
configure.ac:260: the top level
configure.ac:262: warning: The macro `AC_HELP_STRING' is obsolete.
configure.ac:262: You should run autoupdate.
./lib/autoconf/general.m4:204: AC_HELP_STRING is expanded from...
./lib/autoconf/general.m4:1553: AC_ARG_WITH is expanded from...
macros/fflas-ffpack-blas.m4:209: FF_OPENBLAS_NUM_THREADS is expanded from...
configure.ac:262: the top level
configure.ac:262: warning: The macro `AC_TRY_RUN' is obsolete.
configure.ac:262: You should run autoupdate.
./lib/autoconf/general.m4:2997: AC_TRY_RUN is expanded from...
macros/fflas-ffpack-blas.m4:209: FF_OPENBLAS_NUM_THREADS is expanded from...
configure.ac:262: the top level
configure.ac:298: warning: The macro `AC_HELP_STRING' is obsolete.
configure.ac:298: You should run autoupdate.
./lib/autoconf/general.m4:204: AC_HELP_STRING is expanded from...
./lib/autoconf/general.m4:1553: AC_ARG_WITH is expanded from...
macros/fflas-ffpack-doc.m4:24: FF_DOC is expanded from...
configure.ac:298: the top level
configure.ac:298: warning: The macro `AC_HELP_STRING' is obsolete.
configure.ac:298: You should run autoupdate.
./lib/autoconf/general.m4:204: AC_HELP_STRING is expanded from...
./lib/autoconf/general.m4:1534: AC_ARG_ENABLE is expanded from...
macros/fflas-ffpack-doc.m4:24: FF_DOC is expanded from...
configure.ac:298: the top level
configure.ac:315: warning: The macro `AC_HELP_STRING' is obsolete.
configure.ac:315: You should run autoupdate.
./lib/autoconf/general.m4:204: AC_HELP_STRING is expanded from...
./lib/autoconf/general.m4:1534: AC_ARG_ENABLE is expanded from...
macros/fflas-ffpack-precompile.m4:28: FF_PRECOMPILE is expanded from...
configure.ac:315: the top level
configure.ac:157: installing 'build-aux/compile'
configure.ac:35: installing 'build-aux/config.guess'
configure.ac:35: installing 'build-aux/config.sub'
configure.ac:37: installing 'build-aux/install-sh'
configure.ac:37: installing 'build-aux/missing'
autotune/Makefile.am: installing 'build-aux/depcomp'
parallel-tests: installing 'build-aux/test-driver'
   debian/rules override_dh_auto_configure
make[1]: Entering directory '/<<PKGBUILDDIR>>'
dh_auto_configure -- --prefix=/usr --with-all \
	--with-blas-libs="-lblas -llapack"    \
	--disable-sse3 --disable-ssse3 --disable-sse41 --disable-sse42 --disable-avx --disable-avx2 --disable-fma --disable-fma4
	./configure --build=x86_64-linux-gnu --prefix=/usr --includedir=\${prefix}/include --mandir=\${prefix}/share/man --infodir=\${prefix}/share/info --sysconfdir=/etc --localstatedir=/var --disable-option-checking --disable-silent-rules --libdir=\${prefix}/lib/x86_64-linux-gnu --runstatedir=/run --disable-maintainer-mode --disable-dependency-tracking --prefix=/usr --with-all "--with-blas-libs=-lblas -llapack" --disable-sse3 --disable-ssse3 --disable-sse41 --disable-sse42 --disable-avx --disable-avx2 --disable-fma --disable-fma4
checking build system type... x86_64-pc-linux-gnu
checking host system type... x86_64-pc-linux-gnu
checking target system type... x86_64-pc-linux-gnu
checking for a BSD-compatible install... /usr/bin/install -c
checking whether build environment is sane... yes
checking for a race-free mkdir -p... /bin/mkdir -p
checking for gawk... no
checking for mawk... mawk
checking whether make sets $(MAKE)... yes
checking whether make supports nested variables... yes
-----------------------------------------------
checking whether to enable debugging options in the library... no
checking whether to enable profiling everything in the library... no
checking whether to enable warnings when compiling the library... no
-----------------------------------------------
checking for g++... g++
checking whether the C++ compiler works... yes
checking for C++ compiler default output file name... a.out
checking for suffix of executables... 
checking whether we are cross compiling... no
checking for suffix of object files... o
checking whether the compiler supports GNU C++... yes
checking whether g++ accepts -g... yes
checking for g++ option to enable C++11 features... none needed
checking whether make supports the include directive... yes (GNU style)
checking dependency style of g++... none
checking for family name of compiler... clang
checking whether g++ supports C++11 features by default... yes
checking for stdio.h... yes
checking for stdlib.h... yes
checking for string.h... yes
checking for inttypes.h... yes
checking for stdint.h... yes
checking for strings.h... yes
checking for sys/stat.h... yes
checking for sys/types.h... yes
checking for unistd.h... yes
checking for grep that handles long lines and -e... /bin/grep
checking for egrep... /bin/grep -E
checking how to print strings... printf
checking for gcc... gcc
checking whether the compiler supports GNU C... yes
checking whether gcc accepts -g... yes
checking for gcc option to enable C11 features... none needed
checking whether gcc understands -c and -o together... yes
checking dependency style of gcc... none
checking for a sed that does not truncate output... /bin/sed
checking for fgrep... /bin/grep -F
checking for ld used by gcc... /usr/bin/ld
checking if the linker (/usr/bin/ld) is GNU ld... yes
checking for BSD- or MS-compatible name lister (nm)... /usr/bin/nm -B
checking the name lister (/usr/bin/nm -B) interface... BSD nm
checking whether ln -s works... yes
checking the maximum length of command line arguments... 1572864
checking how to convert x86_64-pc-linux-gnu file names to x86_64-pc-linux-gnu format... func_convert_file_noop
checking how to convert x86_64-pc-linux-gnu file names to toolchain format... func_convert_file_noop
checking for /usr/bin/ld option to reload object files... -r
checking for objdump... objdump
checking how to recognize dependent libraries... pass_all
checking for dlltool... no
checking how to associate runtime and link libraries... printf %s\n
checking for ar... ar
checking for archiver @FILE support... @
checking for strip... strip
checking for ranlib... ranlib
checking command to parse /usr/bin/nm -B output from gcc object... ok
checking for sysroot... no
checking for a working dd... /bin/dd
checking how to truncate binary pipes... /bin/dd bs=4096 count=1
checking for mt... no
checking if : is a manifest tool... no
checking for dlfcn.h... yes
checking for objdir... .libs
checking if gcc supports -fno-rtti -fno-exceptions... yes
checking for gcc option to produce PIC... -fPIC -DPIC
checking if gcc PIC flag -fPIC -DPIC works... yes
checking if gcc static flag -static works... yes
checking if gcc supports -c -o file.o... yes
checking if gcc supports -c -o file.o... (cached) yes
checking whether the gcc linker (/usr/bin/ld -m elf_x86_64) supports shared libraries... yes
checking whether -lc should be explicitly linked in... no
checking dynamic linker characteristics... GNU/Linux ld.so
checking how to hardcode library paths into programs... immediate
checking whether stripping libraries is possible... yes
checking if libtool supports shared libraries... yes
checking whether to build shared libraries... yes
checking whether to build static libraries... yes
checking how to run the C++ preprocessor... g++ -E
checking for ld used by g++... /usr/bin/ld -m elf_x86_64
checking if the linker (/usr/bin/ld -m elf_x86_64) is GNU ld... yes
checking whether the g++ linker (/usr/bin/ld -m elf_x86_64) supports shared libraries... yes
checking for g++ option to produce PIC... -fPIC -DPIC
checking if g++ PIC flag -fPIC -DPIC works... yes
checking if g++ static flag -static works... yes
checking if g++ supports -c -o file.o... yes
checking if g++ supports -c -o file.o... (cached) yes
checking whether the g++ linker (/usr/bin/ld -m elf_x86_64) supports shared libraries... yes
checking dynamic linker characteristics... (cached) GNU/Linux ld.so
checking how to hardcode library paths into programs... immediate
checking for egrep... (cached) /bin/grep -E
checking for a sed that does not truncate output... (cached) /bin/sed
DEFAULT_CFLAGS=-O2  -Wall -g
DEBUG_CFLAGS=-g
TESTS_CFLAGS=
-----------------------------------------------
     START  FFLAS-FFPACK CONFIG                
-----------------------------------------------
checking for OpenMP... yes
Detecting SIMD instruction set
SSE enabled
SSE2 enabled
SSE3 disabled
SSSE3 disabled
SSE4.1 disabled
SSE4.2 disabled
AVX disabled
AVX2 disabled
AVX512F enabled
AVX512VL enabled
AVX512DQ enabled
FMA3 disabled
FMA4 disabled
-----------------------------------------------
checking size of char... 1
checking size of short... 2
checking size of int... 4
checking size of long... 8
checking size of long long... 8
checking size of __int64... 0
checking for __int128_t... yes
checking for egrep... (cached) /bin/grep -E
checking for float.h... yes
checking for limits.h... yes
checking for stddef.h... yes
checking for stdlib.h... (cached) yes
checking for string.h... (cached) yes
checking for sys/time.h... yes
checking for stdint.h... (cached) yes
checking for pthread.h... yes
checking whether byte ordering is bigendian... no
-----------------------------------------------
Default path = /usr /usr/local
Checking all external packages in /usr /usr/local
-----------------------------------------------
checking for pkg-config... /usr/bin/pkg-config
checking pkg-config is at least version 0.9.0... yes
checking for givaro >= 4.1.0... yes
checking for GIVARO usability... no
configure: error: The Givaro library could not be used with the compiler and the flags set up by the configure script
	tail -v -n \+0 config.log
==> config.log <==
This file contains any messages produced by compilers while
running configure, to aid debugging if configure makes a mistake.

It was created by FFLAS-FFPACK configure 2.4.3, which was
generated by GNU Autoconf 2.71.  Invocation command line was

  $ ./configure --build=x86_64-linux-gnu --prefix=/usr '--includedir=${prefix}/include' '--mandir=${prefix}/share/man' '--infodir=${prefix}/share/info' --sysconfdir=/etc --localstatedir=/var --disable-option-checking --disable-silent-rules '--libdir=${prefix}/lib/x86_64-linux-gnu' --runstatedir=/run --disable-maintainer-mode --disable-dependency-tracking --prefix=/usr --with-all '--with-blas-libs=-lblas -llapack' --disable-sse3 --disable-ssse3 --disable-sse41 --disable-sse42 --disable-avx --disable-avx2 --disable-fma --disable-fma4

## --------- ##
## Platform. ##
## --------- ##

hostname = ip-172-31-5-56
uname -m = x86_64
uname -r = 4.19.0-6-cloud-amd64
uname -s = Linux
uname -v = #1 SMP Debian 4.19.67-2+deb10u2 (2019-11-11)

/usr/bin/uname -p = unknown
/bin/uname -X     = unknown

/bin/arch              = unknown
/usr/bin/arch -k       = unknown
/usr/convex/getsysinfo = unknown
/usr/bin/hostinfo      = unknown
/bin/machine           = unknown
/usr/bin/oslevel       = unknown
/bin/universe          = unknown

PATH: /usr/local/sbin/
PATH: /usr/local/bin/
PATH: /usr/sbin/
PATH: /usr/bin/
PATH: /sbin/
PATH: /bin/
PATH: /usr/games/


## ----------- ##
## Core tests. ##
## ----------- ##

configure:3170: looking for aux files: compile ltmain.sh missing install-sh config.guess config.sub
configure:3183:  trying ./build-aux/
configure:3212:   ./build-aux/compile found
configure:3212:   ./build-aux/ltmain.sh found
configure:3212:   ./build-aux/missing found
configure:3194:   ./build-aux/install-sh found
configure:3212:   ./build-aux/config.guess found
configure:3212:   ./build-aux/config.sub found
configure:3337: checking build system type
configure:3352: result: x86_64-pc-linux-gnu
configure:3372: checking host system type
configure:3386: result: x86_64-pc-linux-gnu
configure:3406: checking target system type
configure:3420: result: x86_64-pc-linux-gnu
configure:3464: checking for a BSD-compatible install
configure:3537: result: /usr/bin/install -c
configure:3548: checking whether build environment is sane
configure:3603: result: yes
configure:3762: checking for a race-free mkdir -p
configure:3806: result: /bin/mkdir -p
configure:3813: checking for gawk
configure:3848: result: no
configure:3813: checking for mawk
configure:3834: found /usr/bin/mawk
configure:3845: result: mawk
configure:3856: checking whether make sets $(MAKE)
configure:3879: result: yes
configure:3909: checking whether make supports nested variables
configure:3927: result: yes
configure:4076: checking whether to enable debugging options in the library
configure:4086: result: no
configure:4103: checking whether to enable profiling everything in the library
configure:4113: result: no
configure:4126: checking whether to enable warnings when compiling the library
configure:4136: result: no
configure:4224: checking for g++
configure:4245: found /usr/bin/g++
configure:4256: result: g++
configure:4283: checking for C++ compiler version
configure:4292: g++ --version >&5
Debian clang version 12.0.1-15
Target: x86_64-pc-linux-gnu
Thread model: posix
InstalledDir: /usr/bin
configure:4303: $? = 0
configure:4292: g++ -v >&5
Debian clang version 12.0.1-15
Target: x86_64-pc-linux-gnu
Thread model: posix
InstalledDir: /usr/bin
Found candidate GCC installation: /usr/bin/../lib/gcc/x86_64-linux-gnu/11
Found candidate GCC installation: /usr/bin/../lib/gcc/x86_64-linux-gnu/9
Found candidate GCC installation: /usr/lib/gcc/x86_64-linux-gnu/11
Found candidate GCC installation: /usr/lib/gcc/x86_64-linux-gnu/9
Selected GCC installation: /usr/bin/../lib/gcc/x86_64-linux-gnu/11
Candidate multilib: .;@m64
... rest of stderr output deleted ...
configure:4303: $? = 0
configure:4292: g++ -V >&5
clang: error: argument to '-V' is missing (expected 1 value)
clang: error: no input files
configure:4303: $? = 1
configure:4292: g++ -qversion >&5
clang: error: unknown argument '-qversion'; did you mean '--version'?
clang: error: no input files
configure:4303: $? = 1
configure:4323: checking whether the C++ compiler works
configure:4345: g++ -g -O2 -ffile-prefix-map=/<<PKGBUILDDIR>>=. -fstack-protector-strong -Wformat -Werror=format-security -Wdate-time -D_FORTIFY_SOURCE=2 -Wl,-z,relro conftest.cpp  >&5
configure:4349: $? = 0
configure:4399: result: yes
configure:4402: checking for C++ compiler default output file name
configure:4404: result: a.out
configure:4410: checking for suffix of executables
configure:4417: g++ -o conftest -g -O2 -ffile-prefix-map=/<<PKGBUILDDIR>>=. -fstack-protector-strong -Wformat -Werror=format-security -Wdate-time -D_FORTIFY_SOURCE=2 -Wl,-z,relro conftest.cpp  >&5
configure:4421: $? = 0
configure:4444: result: 
configure:4466: checking whether we are cross compiling
configure:4474: g++ -o conftest -g -O2 -ffile-prefix-map=/<<PKGBUILDDIR>>=. -fstack-protector-strong -Wformat -Werror=format-security -Wdate-time -D_FORTIFY_SOURCE=2 -Wl,-z,relro conftest.cpp  >&5
configure:4478: $? = 0
configure:4485: ./conftest
configure:4489: $? = 0
configure:4504: result: no
configure:4509: checking for suffix of object files
configure:4532: g++ -c -g -O2 -ffile-prefix-map=/<<PKGBUILDDIR>>=. -fstack-protector-strong -Wformat -Werror=format-security -Wdate-time -D_FORTIFY_SOURCE=2 conftest.cpp >&5
configure:4536: $? = 0
configure:4558: result: o
configure:4562: checking whether the compiler supports GNU C++
configure:4582: g++ -c -g -O2 -ffile-prefix-map=/<<PKGBUILDDIR>>=. -fstack-protector-strong -Wformat -Werror=format-security -Wdate-time -D_FORTIFY_SOURCE=2 conftest.cpp >&5
configure:4582: $? = 0
configure:4592: result: yes
configure:4603: checking whether g++ accepts -g
configure:4624: g++ -c -g -Wdate-time -D_FORTIFY_SOURCE=2 conftest.cpp >&5
configure:4624: $? = 0
configure:4668: result: yes
configure:4688: checking for g++ option to enable C++11 features
configure:4703: g++  -c -g -O2 -ffile-prefix-map=/<<PKGBUILDDIR>>=. -fstack-protector-strong -Wformat -Werror=format-security -Wdate-time -D_FORTIFY_SOURCE=2 conftest.cpp >&5
conftest.cpp:177:25: warning: empty parentheses interpreted as a function declaration [-Wvexing-parse]
  cxx11test::delegate d2();
                        ^~
conftest.cpp:177:25: note: remove parentheses to declare a variable
  cxx11test::delegate d2();
                        ^~
1 warning generated.
configure:4703: $? = 0
configure:4721: result: none needed
configure:4788: checking whether make supports the include directive
configure:4803: make -f confmf.GNU && cat confinc.out
make[2]: Entering directory '/<<PKGBUILDDIR>>'
make[2]: Leaving directory '/<<PKGBUILDDIR>>'
this is the am__doit target
configure:4806: $? = 0
configure:4825: result: yes (GNU style)
configure:4851: checking dependency style of g++
configure:4963: result: none
configure:4981: checking for family name of compiler
configure:5000: g++ -o conftest -g -O2 -ffile-prefix-map=/<<PKGBUILDDIR>>=. -fstack-protector-strong -Wformat -Werror=format-security -Wdate-time -D_FORTIFY_SOURCE=2 -Wl,-z,relro conftest.cpp  >&5
conftest.cpp:15:4: error: expected unqualified-id
   not intel
   ^
1 error generated.
configure:5000: $? = 1
configure: program exited with status 1
configure: failed program was:
| /* confdefs.h */
| #define PACKAGE_NAME "FFLAS-FFPACK"
| #define PACKAGE_TARNAME "fflas-ffpack"
| #define PACKAGE_VERSION "2.4.3"
| #define PACKAGE_STRING "FFLAS-FFPACK 2.4.3"
| #define PACKAGE_BUGREPORT "ffpack-devel@googlegroups.com"
| #define PACKAGE_URL "https://github.com/linbox-team/fflas-ffpack"
| #define PACKAGE "fflas-ffpack"
| #define VERSION "2.4.3"
| /* end confdefs.h.  */
| 
|            #ifdef __INTEL_COMPILER
|    int main() { return 0 ; }
|    #else
|    not intel
| 		   #endif
configure:5032: g++ -o conftest -g -O2 -ffile-prefix-map=/<<PKGBUILDDIR>>=. -fstack-protector-strong -Wformat -Werror=format-security -Wdate-time -D_FORTIFY_SOURCE=2 -Wl,-z,relro conftest.cpp  >&5
conftest.cpp:15:8: error: expected unqualified-id
                                   not ekopath neither.
                                   ^
1 error generated.
configure:5032: $? = 1
configure: program exited with status 1
configure: failed program was:
| /* confdefs.h */
| #define PACKAGE_NAME "FFLAS-FFPACK"
| #define PACKAGE_TARNAME "fflas-ffpack"
| #define PACKAGE_VERSION "2.4.3"
| #define PACKAGE_STRING "FFLAS-FFPACK 2.4.3"
| #define PACKAGE_BUGREPORT "ffpack-devel@googlegroups.com"
| #define PACKAGE_URL "https://github.com/linbox-team/fflas-ffpack"
| #define PACKAGE "fflas-ffpack"
| #define VERSION "2.4.3"
| /* end confdefs.h.  */
| 
| 				#ifdef __PATHSCALE__
| 				   int main() { return !(__PATHCC__ >= 4) ; }
|    #else
| 				   not ekopath neither.
| 				#endif
configure:5066: g++ -o conftest -g -O2 -ffile-prefix-map=/<<PKGBUILDDIR>>=. -fstack-protector-strong -Wformat -Werror=format-security -Wdate-time -D_FORTIFY_SOURCE=2 -Wl,-z,relro conftest.cpp  >&5
configure:5066: $? = 0
configure:5066: ./conftest
configure:5066: $? = 0
configure:5071: result: clang
configure:5372: checking whether g++ supports C++11 features by default
configure:5399: g++ -c -g -O2 -ffile-prefix-map=/<<PKGBUILDDIR>>=. -fstack-protector-strong -Wformat -Werror=format-security -Wdate-time -D_FORTIFY_SOURCE=2 conftest.cpp >&5
configure:5399: $? = 0
configure:5407: result: yes
configure:5579: checking for stdio.h
configure:5579: g++ -c -g -O2 -ffile-prefix-map=/<<PKGBUILDDIR>>=. -fstack-protector-strong -Wformat -Werror=format-security  -Wdate-time -D_FORTIFY_SOURCE=2 conftest.cpp >&5
configure:5579: $? = 0
configure:5579: result: yes
configure:5579: checking for stdlib.h
configure:5579: g++ -c -g -O2 -ffile-prefix-map=/<<PKGBUILDDIR>>=. -fstack-protector-strong -Wformat -Werror=format-security  -Wdate-time -D_FORTIFY_SOURCE=2 conftest.cpp >&5
configure:5579: $? = 0
configure:5579: result: yes
configure:5579: checking for string.h
configure:5579: g++ -c -g -O2 -ffile-prefix-map=/<<PKGBUILDDIR>>=. -fstack-protector-strong -Wformat -Werror=format-security  -Wdate-time -D_FORTIFY_SOURCE=2 conftest.cpp >&5
configure:5579: $? = 0
configure:5579: result: yes
configure:5579: checking for inttypes.h
configure:5579: g++ -c -g -O2 -ffile-prefix-map=/<<PKGBUILDDIR>>=. -fstack-protector-strong -Wformat -Werror=format-security  -Wdate-time -D_FORTIFY_SOURCE=2 conftest.cpp >&5
configure:5579: $? = 0
configure:5579: result: yes
configure:5579: checking for stdint.h
configure:5579: g++ -c -g -O2 -ffile-prefix-map=/<<PKGBUILDDIR>>=. -fstack-protector-strong -Wformat -Werror=format-security  -Wdate-time -D_FORTIFY_SOURCE=2 conftest.cpp >&5
configure:5579: $? = 0
configure:5579: result: yes
configure:5579: checking for strings.h
configure:5579: g++ -c -g -O2 -ffile-prefix-map=/<<PKGBUILDDIR>>=. -fstack-protector-strong -Wformat -Werror=format-security  -Wdate-time -D_FORTIFY_SOURCE=2 conftest.cpp >&5
configure:5579: $? = 0
configure:5579: result: yes
configure:5579: checking for sys/stat.h
configure:5579: g++ -c -g -O2 -ffile-prefix-map=/<<PKGBUILDDIR>>=. -fstack-protector-strong -Wformat -Werror=format-security  -Wdate-time -D_FORTIFY_SOURCE=2 conftest.cpp >&5
configure:5579: $? = 0
configure:5579: result: yes
configure:5579: checking for sys/types.h
configure:5579: g++ -c -g -O2 -ffile-prefix-map=/<<PKGBUILDDIR>>=. -fstack-protector-strong -Wformat -Werror=format-security  -Wdate-time -D_FORTIFY_SOURCE=2 conftest.cpp >&5
configure:5579: $? = 0
configure:5579: result: yes
configure:5579: checking for unistd.h
configure:5579: g++ -c -g -O2 -ffile-prefix-map=/<<PKGBUILDDIR>>=. -fstack-protector-strong -Wformat -Werror=format-security  -Wdate-time -D_FORTIFY_SOURCE=2 conftest.cpp >&5
configure:5579: $? = 0
configure:5579: result: yes
configure:5604: checking for grep that handles long lines and -e
configure:5668: result: /bin/grep
configure:5676: checking for egrep
configure:5744: result: /bin/grep -E
configure:5797: checking how to print strings
configure:5824: result: printf
configure:5907: checking for gcc
configure:5928: found /usr/bin/gcc
configure:5939: result: gcc
configure:6292: checking for C compiler version
configure:6301: gcc --version >&5
Debian clang version 12.0.1-15
Target: x86_64-pc-linux-gnu
Thread model: posix
InstalledDir: /usr/bin
configure:6312: $? = 0
configure:6301: gcc -v >&5
Debian clang version 12.0.1-15
Target: x86_64-pc-linux-gnu
Thread model: posix
InstalledDir: /usr/bin
Found candidate GCC installation: /usr/bin/../lib/gcc/x86_64-linux-gnu/11
Found candidate GCC installation: /usr/bin/../lib/gcc/x86_64-linux-gnu/9
Found candidate GCC installation: /usr/lib/gcc/x86_64-linux-gnu/11
Found candidate GCC installation: /usr/lib/gcc/x86_64-linux-gnu/9
Selected GCC installation: /usr/bin/../lib/gcc/x86_64-linux-gnu/11
Candidate multilib: .;@m64
... rest of stderr output deleted ...
configure:6312: $? = 0
configure:6301: gcc -V >&5
clang: error: argument to '-V' is missing (expected 1 value)
clang: error: no input files
configure:6312: $? = 1
configure:6301: gcc -qversion >&5
clang: error: unknown argument '-qversion'; did you mean '--version'?
clang: error: no input files
configure:6312: $? = 1
configure:6301: gcc -version >&5
clang: error: unknown argument '-version'; did you mean '--version'?
clang: error: no input files
configure:6312: $? = 1
configure:6316: checking whether the compiler supports GNU C
configure:6336: gcc -c -g -O2 -ffile-prefix-map=/<<PKGBUILDDIR>>=. -fstack-protector-strong -Wformat -Werror=format-security -Wdate-time -D_FORTIFY_SOURCE=2 conftest.c >&5
configure:6336: $? = 0
configure:6346: result: yes
configure:6357: checking whether gcc accepts -g
configure:6378: gcc -c -g -Wdate-time -D_FORTIFY_SOURCE=2 conftest.c >&5
configure:6378: $? = 0
configure:6422: result: yes
configure:6442: checking for gcc option to enable C11 features
configure:6457: gcc  -c -g -O2 -ffile-prefix-map=/<<PKGBUILDDIR>>=. -fstack-protector-strong -Wformat -Werror=format-security -Wdate-time -D_FORTIFY_SOURCE=2 conftest.c >&5
configure:6457: $? = 0
configure:6475: result: none needed
configure:6591: checking whether gcc understands -c and -o together
configure:6614: gcc -c conftest.c -o conftest2.o
configure:6617: $? = 0
configure:6614: gcc -c conftest.c -o conftest2.o
configure:6617: $? = 0
configure:6629: result: yes
configure:6648: checking dependency style of gcc
configure:6760: result: none
configure:6775: checking for a sed that does not truncate output
configure:6845: result: /bin/sed
configure:6863: checking for fgrep
configure:6931: result: /bin/grep -F
configure:6967: checking for ld used by gcc
configure:7035: result: /usr/bin/ld
configure:7042: checking if the linker (/usr/bin/ld) is GNU ld
configure:7058: result: yes
configure:7070: checking for BSD- or MS-compatible name lister (nm)
configure:7125: result: /usr/bin/nm -B
configure:7265: checking the name lister (/usr/bin/nm -B) interface
configure:7273: g++ -c -g -O2 -ffile-prefix-map=/<<PKGBUILDDIR>>=. -fstack-protector-strong -Wformat -Werror=format-security  -Wdate-time -D_FORTIFY_SOURCE=2 conftest.cpp >&5
configure:7276: /usr/bin/nm -B "conftest.o"
configure:7279: output
0000000000000000 B some_variable
configure:7286: result: BSD nm
configure:7289: checking whether ln -s works
configure:7293: result: yes
configure:7301: checking the maximum length of command line arguments
configure:7433: result: 1572864
configure:7481: checking how to convert x86_64-pc-linux-gnu file names to x86_64-pc-linux-gnu format
configure:7522: result: func_convert_file_noop
configure:7529: checking how to convert x86_64-pc-linux-gnu file names to toolchain format
configure:7550: result: func_convert_file_noop
configure:7557: checking for /usr/bin/ld option to reload object files
configure:7565: result: -r
configure:7644: checking for objdump
configure:7665: found /usr/bin/objdump
configure:7676: result: objdump
configure:7708: checking how to recognize dependent libraries
configure:7909: result: pass_all
configure:7999: checking for dlltool
configure:8034: result: no
configure:8064: checking how to associate runtime and link libraries
configure:8092: result: printf %s\n
configure:8157: checking for ar
configure:8178: found /usr/bin/ar
configure:8189: result: ar
configure:8226: checking for archiver @FILE support
configure:8244: g++ -c -g -O2 -ffile-prefix-map=/<<PKGBUILDDIR>>=. -fstack-protector-strong -Wformat -Werror=format-security  -Wdate-time -D_FORTIFY_SOURCE=2 conftest.cpp >&5
configure:8244: $? = 0
configure:8248: ar cr libconftest.a @conftest.lst >&5
configure:8251: $? = 0
configure:8256: ar cr libconftest.a @conftest.lst >&5
ar: conftest.o: No such file or directory
configure:8259: $? = 1
configure:8271: result: @
configure:8334: checking for strip
configure:8355: found /usr/bin/strip
configure:8366: result: strip
configure:8443: checking for ranlib
configure:8464: found /usr/bin/ranlib
configure:8475: result: ranlib
configure:8577: checking command to parse /usr/bin/nm -B output from gcc object
configure:8731: g++ -c -g -O2 -ffile-prefix-map=/<<PKGBUILDDIR>>=. -fstack-protector-strong -Wformat -Werror=format-security  -Wdate-time -D_FORTIFY_SOURCE=2 conftest.cpp >&5
configure:8734: $? = 0
configure:8738: /usr/bin/nm -B conftest.o | sed -n -e 's/^.*[	 ]\([ABCDGIRSTW][ABCDGIRSTW]*\)[	 ][	 ]*\([_A-Za-z][_A-Za-z0-9]*\)$/\1 \2 \2/p' | sed '/ __gnu_lto/d' > conftest.nm
configure:8804: g++ -o conftest -g -O2 -ffile-prefix-map=/<<PKGBUILDDIR>>=. -fstack-protector-strong -Wformat -Werror=format-security  -Wdate-time -D_FORTIFY_SOURCE=2 -Wl,-z,relro conftest.cpp conftstm.o >&5
configure:8807: $? = 0
configure:8845: result: ok
configure:8892: checking for sysroot
configure:8923: result: no
configure:8930: checking for a working dd
configure:8974: result: /bin/dd
configure:8978: checking how to truncate binary pipes
configure:8994: result: /bin/dd bs=4096 count=1
configure:9132: g++ -c -g -O2 -ffile-prefix-map=/<<PKGBUILDDIR>>=. -fstack-protector-strong -Wformat -Werror=format-security  -Wdate-time -D_FORTIFY_SOURCE=2 conftest.cpp >&5
configure:9135: $? = 0
configure:9332: checking for mt
configure:9367: result: no
configure:9387: checking if : is a manifest tool
configure:9394: : '-?'
configure:9402: result: no
configure:10128: checking for dlfcn.h
configure:10128: g++ -c -g -O2 -ffile-prefix-map=/<<PKGBUILDDIR>>=. -fstack-protector-strong -Wformat -Werror=format-security  -Wdate-time -D_FORTIFY_SOURCE=2 conftest.cpp >&5
configure:10128: $? = 0
configure:10128: result: yes
configure:10397: checking for objdir
configure:10413: result: .libs
configure:10677: checking if gcc supports -fno-rtti -fno-exceptions
configure:10696: gcc -c -g -O2 -ffile-prefix-map=/<<PKGBUILDDIR>>=. -fstack-protector-strong -Wformat -Werror=format-security -Wdate-time -D_FORTIFY_SOURCE=2 -fno-rtti -fno-exceptions conftest.c >&5
configure:10700: $? = 0
configure:10713: result: yes
configure:11077: checking for gcc option to produce PIC
configure:11085: result: -fPIC -DPIC
configure:11093: checking if gcc PIC flag -fPIC -DPIC works
configure:11112: gcc -c -g -O2 -ffile-prefix-map=/<<PKGBUILDDIR>>=. -fstack-protector-strong -Wformat -Werror=format-security -Wdate-time -D_FORTIFY_SOURCE=2 -fPIC -DPIC -DPIC conftest.c >&5
configure:11116: $? = 0
configure:11129: result: yes
configure:11158: checking if gcc static flag -static works
configure:11187: result: yes
configure:11202: checking if gcc supports -c -o file.o
configure:11224: gcc -c -g -O2 -ffile-prefix-map=/<<PKGBUILDDIR>>=. -fstack-protector-strong -Wformat -Werror=format-security -Wdate-time -D_FORTIFY_SOURCE=2 -o out/conftest2.o conftest.c >&5
configure:11228: $? = 0
configure:11250: result: yes
configure:11258: checking if gcc supports -c -o file.o
configure:11306: result: yes
configure:11339: checking whether the gcc linker (/usr/bin/ld -m elf_x86_64) supports shared libraries
configure:12609: result: yes
configure:12646: checking whether -lc should be explicitly linked in
configure:12655: gcc -c -g -O2 -ffile-prefix-map=/<<PKGBUILDDIR>>=. -fstack-protector-strong -Wformat -Werror=format-security -Wdate-time -D_FORTIFY_SOURCE=2 conftest.c >&5
configure:12658: $? = 0
configure:12673: gcc -shared  -fPIC -DPIC conftest.o  -v -Wl,-soname -Wl,conftest -o conftest 2\>\&1 \| /bin/grep  -lc  \>/dev/null 2\>\&1
configure:12676: $? = 0
configure:12690: result: no
configure:12850: checking dynamic linker characteristics
configure:13432: gcc -o conftest -g -O2 -ffile-prefix-map=/<<PKGBUILDDIR>>=. -fstack-protector-strong -Wformat -Werror=format-security -Wdate-time -D_FORTIFY_SOURCE=2 -Wl,-z,relro -Wl,-rpath -Wl,/foo conftest.c  >&5
configure:13432: $? = 0
configure:13683: result: GNU/Linux ld.so
configure:13805: checking how to hardcode library paths into programs
configure:13830: result: immediate
configure:14382: checking whether stripping libraries is possible
configure:14387: result: yes
configure:14422: checking if libtool supports shared libraries
configure:14424: result: yes
configure:14427: checking whether to build shared libraries
configure:14452: result: yes
configure:14455: checking whether to build static libraries
configure:14459: result: yes
configure:14482: checking how to run the C++ preprocessor
configure:14504: g++ -E -Wdate-time -D_FORTIFY_SOURCE=2 conftest.cpp
configure:14504: $? = 0
configure:14519: g++ -E -Wdate-time -D_FORTIFY_SOURCE=2 conftest.cpp
conftest.cpp:24:10: fatal error: 'ac_nonexistent.h' file not found
#include <ac_nonexistent.h>
         ^~~~~~~~~~~~~~~~~~
1 error generated.
configure:14519: $? = 1
configure: failed program was:
| /* confdefs.h */
| #define PACKAGE_NAME "FFLAS-FFPACK"
| #define PACKAGE_TARNAME "fflas-ffpack"
| #define PACKAGE_VERSION "2.4.3"
| #define PACKAGE_STRING "FFLAS-FFPACK 2.4.3"
| #define PACKAGE_BUGREPORT "ffpack-devel@googlegroups.com"
| #define PACKAGE_URL "https://github.com/linbox-team/fflas-ffpack"
| #define PACKAGE "fflas-ffpack"
| #define VERSION "2.4.3"
| #define HAVE_CXX11 1
| #define HAVE_STDIO_H 1
| #define HAVE_STDLIB_H 1
| #define HAVE_STRING_H 1
| #define HAVE_INTTYPES_H 1
| #define HAVE_STDINT_H 1
| #define HAVE_STRINGS_H 1
| #define HAVE_SYS_STAT_H 1
| #define HAVE_SYS_TYPES_H 1
| #define HAVE_UNISTD_H 1
| #define STDC_HEADERS 1
| #define HAVE_DLFCN_H 1
| #define LT_OBJDIR ".libs/"
| /* end confdefs.h.  */
| #include <ac_nonexistent.h>
configure:14546: result: g++ -E
configure:14560: g++ -E -Wdate-time -D_FORTIFY_SOURCE=2 conftest.cpp
configure:14560: $? = 0
configure:14575: g++ -E -Wdate-time -D_FORTIFY_SOURCE=2 conftest.cpp
conftest.cpp:24:10: fatal error: 'ac_nonexistent.h' file not found
#include <ac_nonexistent.h>
         ^~~~~~~~~~~~~~~~~~
1 error generated.
configure:14575: $? = 1
configure: failed program was:
| /* confdefs.h */
| #define PACKAGE_NAME "FFLAS-FFPACK"
| #define PACKAGE_TARNAME "fflas-ffpack"
| #define PACKAGE_VERSION "2.4.3"
| #define PACKAGE_STRING "FFLAS-FFPACK 2.4.3"
| #define PACKAGE_BUGREPORT "ffpack-devel@googlegroups.com"
| #define PACKAGE_URL "https://github.com/linbox-team/fflas-ffpack"
| #define PACKAGE "fflas-ffpack"
| #define VERSION "2.4.3"
| #define HAVE_CXX11 1
| #define HAVE_STDIO_H 1
| #define HAVE_STDLIB_H 1
| #define HAVE_STRING_H 1
| #define HAVE_INTTYPES_H 1
| #define HAVE_STDINT_H 1
| #define HAVE_STRINGS_H 1
| #define HAVE_SYS_STAT_H 1
| #define HAVE_SYS_TYPES_H 1
| #define HAVE_UNISTD_H 1
| #define STDC_HEADERS 1
| #define HAVE_DLFCN_H 1
| #define LT_OBJDIR ".libs/"
| /* end confdefs.h.  */
| #include <ac_nonexistent.h>
configure:14740: checking for ld used by g++
configure:14808: result: /usr/bin/ld -m elf_x86_64
configure:14815: checking if the linker (/usr/bin/ld -m elf_x86_64) is GNU ld
configure:14831: result: yes
configure:14886: checking whether the g++ linker (/usr/bin/ld -m elf_x86_64) supports shared libraries
configure:15963: result: yes
configure:15999: g++ -c -g -O2 -ffile-prefix-map=/<<PKGBUILDDIR>>=. -fstack-protector-strong -Wformat -Werror=format-security  -Wdate-time -D_FORTIFY_SOURCE=2 conftest.cpp >&5
configure:16002: $? = 0
configure:16483: checking for g++ option to produce PIC
configure:16491: result: -fPIC -DPIC
configure:16499: checking if g++ PIC flag -fPIC -DPIC works
configure:16518: g++ -c -g -O2 -ffile-prefix-map=/<<PKGBUILDDIR>>=. -fstack-protector-strong -Wformat -Werror=format-security  -Wdate-time -D_FORTIFY_SOURCE=2 -fPIC -DPIC -DPIC conftest.cpp >&5
configure:16522: $? = 0
configure:16535: result: yes
configure:16558: checking if g++ static flag -static works
configure:16587: result: yes
configure:16599: checking if g++ supports -c -o file.o
configure:16621: g++ -c -g -O2 -ffile-prefix-map=/<<PKGBUILDDIR>>=. -fstack-protector-strong -Wformat -Werror=format-security  -Wdate-time -D_FORTIFY_SOURCE=2 -o out/conftest2.o conftest.cpp >&5
configure:16625: $? = 0
configure:16647: result: yes
configure:16652: checking if g++ supports -c -o file.o
configure:16700: result: yes
configure:16730: checking whether the g++ linker (/usr/bin/ld -m elf_x86_64) supports shared libraries
configure:16773: result: yes
configure:16915: checking dynamic linker characteristics
configure:17675: result: GNU/Linux ld.so
configure:17740: checking how to hardcode library paths into programs
configure:17765: result: immediate
configure:17826: checking for egrep
configure:17894: result: /bin/grep -E
configure:17899: checking for a sed that does not truncate output
configure:17969: result: /bin/sed
configure:17995: checking for OpenMP
configure:18020: g++ -o conftest -g -O2 -ffile-prefix-map=/<<PKGBUILDDIR>>=. -fstack-protector-strong -Wformat -Werror=format-security  -fopenmp -Wdate-time -D_FORTIFY_SOURCE=2 -Wl,-z,relro conftest.cpp  >&5
configure:18020: $? = 0
configure:18020: ./conftest
configure:18020: $? = 0
configure:18037: result: yes
configure:18170: g++ -o conftest -g -O2 -ffile-prefix-map=/<<PKGBUILDDIR>>=. -fstack-protector-strong -Wformat -Werror=format-security  -I. -Wl,-z,relro conftest.cpp  >&5
configure:18170: $? = 0
configure:18170: ./conftest
configure:18170: $? = 12
configure: program exited with status 12
configure: failed program was:
| /* confdefs.h */
| #define PACKAGE_NAME "FFLAS-FFPACK"
| #define PACKAGE_TARNAME "fflas-ffpack"
| #define PACKAGE_VERSION "2.4.3"
| #define PACKAGE_STRING "FFLAS-FFPACK 2.4.3"
| #define PACKAGE_BUGREPORT "ffpack-devel@googlegroups.com"
| #define PACKAGE_URL "https://github.com/linbox-team/fflas-ffpack"
| #define PACKAGE "fflas-ffpack"
| #define VERSION "2.4.3"
| #define HAVE_CXX11 1
| #define HAVE_STDIO_H 1
| #define HAVE_STDLIB_H 1
| #define HAVE_STRING_H 1
| #define HAVE_INTTYPES_H 1
| #define HAVE_STDINT_H 1
| #define HAVE_STRINGS_H 1
| #define HAVE_SYS_STAT_H 1
| #define HAVE_SYS_TYPES_H 1
| #define HAVE_UNISTD_H 1
| #define STDC_HEADERS 1
| #define HAVE_DLFCN_H 1
| #define LT_OBJDIR ".libs/"
| #define USE_OPENMP 1
| /* end confdefs.h.  */
| 
|                         #include "macros/CodeChunk/instrset_detect.cpp"
|                         // increment by one to distinguish from compilation failure error code
|                         int main(){return instrset_detect()+1;}
| 
configure:18296: g++ -o conftest -g -O2 -ffile-prefix-map=/<<PKGBUILDDIR>>=. -fstack-protector-strong -Wformat -Werror=format-security  -I. -Wl,-z,relro conftest.cpp  >&5
configure:18296: $? = 0
configure:18296: ./conftest
configure:18296: $? = 0
configure:18330: g++ -o conftest -g -O2 -ffile-prefix-map=/<<PKGBUILDDIR>>=. -fstack-protector-strong -Wformat -Werror=format-security  -I. -Wl,-z,relro conftest.cpp  >&5
configure:18330: $? = 0
configure:18330: ./conftest
configure:18330: $? = 1
configure: program exited with status 1
configure: failed program was:
| /* confdefs.h */
| #define PACKAGE_NAME "FFLAS-FFPACK"
| #define PACKAGE_TARNAME "fflas-ffpack"
| #define PACKAGE_VERSION "2.4.3"
| #define PACKAGE_STRING "FFLAS-FFPACK 2.4.3"
| #define PACKAGE_BUGREPORT "ffpack-devel@googlegroups.com"
| #define PACKAGE_URL "https://github.com/linbox-team/fflas-ffpack"
| #define PACKAGE "fflas-ffpack"
| #define VERSION "2.4.3"
| #define HAVE_CXX11 1
| #define HAVE_STDIO_H 1
| #define HAVE_STDLIB_H 1
| #define HAVE_STRING_H 1
| #define HAVE_INTTYPES_H 1
| #define HAVE_STDINT_H 1
| #define HAVE_STRINGS_H 1
| #define HAVE_SYS_STAT_H 1
| #define HAVE_SYS_TYPES_H 1
| #define HAVE_UNISTD_H 1
| #define STDC_HEADERS 1
| #define HAVE_DLFCN_H 1
| #define LT_OBJDIR ".libs/"
| #define USE_OPENMP 1
| /* end confdefs.h.  */
| 
|                         #include "macros/CodeChunk/instrset_detect.cpp"
|                         int main(){return !hasFMA4();}
| 
configure:18381: checking size of char
configure:18387: g++ -o conftest -g -O2 -ffile-prefix-map=/<<PKGBUILDDIR>>=. -fstack-protector-strong -Wformat -Werror=format-security  -Wdate-time -D_FORTIFY_SOURCE=2 -Wl,-z,relro conftest.cpp  >&5
configure:18387: $? = 0
configure:18387: ./conftest
configure:18387: $? = 0
configure:18402: result: 1
configure:18414: checking size of short
configure:18420: g++ -o conftest -g -O2 -ffile-prefix-map=/<<PKGBUILDDIR>>=. -fstack-protector-strong -Wformat -Werror=format-security  -Wdate-time -D_FORTIFY_SOURCE=2 -Wl,-z,relro conftest.cpp  >&5
configure:18420: $? = 0
configure:18420: ./conftest
configure:18420: $? = 0
configure:18435: result: 2
configure:18447: checking size of int
configure:18453: g++ -o conftest -g -O2 -ffile-prefix-map=/<<PKGBUILDDIR>>=. -fstack-protector-strong -Wformat -Werror=format-security  -Wdate-time -D_FORTIFY_SOURCE=2 -Wl,-z,relro conftest.cpp  >&5
configure:18453: $? = 0
configure:18453: ./conftest
configure:18453: $? = 0
configure:18468: result: 4
configure:18480: checking size of long
configure:18486: g++ -o conftest -g -O2 -ffile-prefix-map=/<<PKGBUILDDIR>>=. -fstack-protector-strong -Wformat -Werror=format-security  -Wdate-time -D_FORTIFY_SOURCE=2 -Wl,-z,relro conftest.cpp  >&5
configure:18486: $? = 0
configure:18486: ./conftest
configure:18486: $? = 0
configure:18501: result: 8
configure:18513: checking size of long long
configure:18519: g++ -o conftest -g -O2 -ffile-prefix-map=/<<PKGBUILDDIR>>=. -fstack-protector-strong -Wformat -Werror=format-security  -Wdate-time -D_FORTIFY_SOURCE=2 -Wl,-z,relro conftest.cpp  >&5
configure:18519: $? = 0
configure:18519: ./conftest
configure:18519: $? = 0
configure:18534: result: 8
configure:18546: checking size of __int64
configure:18552: g++ -o conftest -g -O2 -ffile-prefix-map=/<<PKGBUILDDIR>>=. -fstack-protector-strong -Wformat -Werror=format-security  -Wdate-time -D_FORTIFY_SOURCE=2 -Wl,-z,relro conftest.cpp  >&5
conftest.cpp:58:61: error: unknown type name '__int64'; did you mean '__int64_t'?
static long int longval (void) { return (long int) (sizeof (__int64)); }
                                                            ^~~~~~~
                                                            __int64_t
/usr/include/x86_64-linux-gnu/bits/types.h:44:25: note: '__int64_t' declared here
typedef signed long int __int64_t;
                        ^
conftest.cpp:59:71: error: unknown type name '__int64'; did you mean '__int64_t'?
static unsigned long int ulongval (void) { return (long int) (sizeof (__int64)); }
                                                                      ^~~~~~~
                                                                      __int64_t
/usr/include/x86_64-linux-gnu/bits/types.h:44:25: note: '__int64_t' declared here
typedef signed long int __int64_t;
                        ^
conftest.cpp:69:28: error: unknown type name '__int64'; did you mean '__int64_t'?
  if (((long int) (sizeof (__int64))) < 0)
                           ^~~~~~~
                           __int64_t
/usr/include/x86_64-linux-gnu/bits/types.h:44:25: note: '__int64_t' declared here
typedef signed long int __int64_t;
                        ^
conftest.cpp:72:37: error: unknown type name '__int64'; did you mean '__int64_t'?
      if (i != ((long int) (sizeof (__int64))))
                                    ^~~~~~~
                                    __int64_t
/usr/include/x86_64-linux-gnu/bits/types.h:44:25: note: '__int64_t' declared here
typedef signed long int __int64_t;
                        ^
conftest.cpp:79:37: error: unknown type name '__int64'; did you mean '__int64_t'?
      if (i != ((long int) (sizeof (__int64))))
                                    ^~~~~~~
                                    __int64_t
/usr/include/x86_64-linux-gnu/bits/types.h:44:25: note: '__int64_t' declared here
typedef signed long int __int64_t;
                        ^
5 errors generated.
configure:18552: $? = 1
configure: program exited with status 1
configure: failed program was:
| /* confdefs.h */
| #define PACKAGE_NAME "FFLAS-FFPACK"
| #define PACKAGE_TARNAME "fflas-ffpack"
| #define PACKAGE_VERSION "2.4.3"
| #define PACKAGE_STRING "FFLAS-FFPACK 2.4.3"
| #define PACKAGE_BUGREPORT "ffpack-devel@googlegroups.com"
| #define PACKAGE_URL "https://github.com/linbox-team/fflas-ffpack"
| #define PACKAGE "fflas-ffpack"
| #define VERSION "2.4.3"
| #define HAVE_CXX11 1
| #define HAVE_STDIO_H 1
| #define HAVE_STDLIB_H 1
| #define HAVE_STRING_H 1
| #define HAVE_INTTYPES_H 1
| #define HAVE_STDINT_H 1
| #define HAVE_STRINGS_H 1
| #define HAVE_SYS_STAT_H 1
| #define HAVE_SYS_TYPES_H 1
| #define HAVE_UNISTD_H 1
| #define STDC_HEADERS 1
| #define HAVE_DLFCN_H 1
| #define LT_OBJDIR ".libs/"
| #define USE_OPENMP 1
| #define SIZEOF_CHAR 1
| #define SIZEOF_SHORT 2
| #define SIZEOF_INT 4
| #define SIZEOF_LONG 8
| #define SIZEOF_LONG_LONG 8
| /* end confdefs.h.  */
| #include <stddef.h>
| #ifdef HAVE_STDIO_H
| # include <stdio.h>
| #endif
| #ifdef HAVE_STDLIB_H
| # include <stdlib.h>
| #endif
| #ifdef HAVE_STRING_H
| # include <string.h>
| #endif
| #ifdef HAVE_INTTYPES_H
| # include <inttypes.h>
| #endif
| #ifdef HAVE_STDINT_H
| # include <stdint.h>
| #endif
| #ifdef HAVE_STRINGS_H
| # include <strings.h>
| #endif
| #ifdef HAVE_SYS_TYPES_H
| # include <sys/types.h>
| #endif
| #ifdef HAVE_SYS_STAT_H
| # include <sys/stat.h>
| #endif
| #ifdef HAVE_UNISTD_H
| # include <unistd.h>
| #endif
| static long int longval (void) { return (long int) (sizeof (__int64)); }
| static unsigned long int ulongval (void) { return (long int) (sizeof (__int64)); }
| #include <stdio.h>
| #include <stdlib.h>
| int
| main (void)
| {
| 
|   FILE *f = fopen ("conftest.val", "w");
|   if (! f)
|     return 1;
|   if (((long int) (sizeof (__int64))) < 0)
|     {
|       long int i = longval ();
|       if (i != ((long int) (sizeof (__int64))))
| 	return 1;
|       fprintf (f, "%ld", i);
|     }
|   else
|     {
|       unsigned long int i = ulongval ();
|       if (i != ((long int) (sizeof (__int64))))
| 	return 1;
|       fprintf (f, "%lu", i);
|     }
|   /* Do not output a trailing newline, as this causes \r\n confusion
|      on some platforms.  */
|   return ferror (f) || fclose (f) != 0;
| 
|   ;
|   return 0;
| }
configure:18567: result: 0
configure:18576: checking for __int128_t
configure:18576: g++ -c -g -O2 -ffile-prefix-map=/<<PKGBUILDDIR>>=. -fstack-protector-strong -Wformat -Werror=format-security  -Wdate-time -D_FORTIFY_SOURCE=2 conftest.cpp >&5
configure:18576: $? = 0
configure:18576: g++ -c -g -O2 -ffile-prefix-map=/<<PKGBUILDDIR>>=. -fstack-protector-strong -Wformat -Werror=format-security  -Wdate-time -D_FORTIFY_SOURCE=2 conftest.cpp >&5
conftest.cpp:62:25: error: expected expression
if (sizeof ((__int128_t)))
                        ^
1 error generated.
configure:18576: $? = 1
configure: failed program was:
| /* confdefs.h */
| #define PACKAGE_NAME "FFLAS-FFPACK"
| #define PACKAGE_TARNAME "fflas-ffpack"
| #define PACKAGE_VERSION "2.4.3"
| #define PACKAGE_STRING "FFLAS-FFPACK 2.4.3"
| #define PACKAGE_BUGREPORT "ffpack-devel@googlegroups.com"
| #define PACKAGE_URL "https://github.com/linbox-team/fflas-ffpack"
| #define PACKAGE "fflas-ffpack"
| #define VERSION "2.4.3"
| #define HAVE_CXX11 1
| #define HAVE_STDIO_H 1
| #define HAVE_STDLIB_H 1
| #define HAVE_STRING_H 1
| #define HAVE_INTTYPES_H 1
| #define HAVE_STDINT_H 1
| #define HAVE_STRINGS_H 1
| #define HAVE_SYS_STAT_H 1
| #define HAVE_SYS_TYPES_H 1
| #define HAVE_UNISTD_H 1
| #define STDC_HEADERS 1
| #define HAVE_DLFCN_H 1
| #define LT_OBJDIR ".libs/"
| #define USE_OPENMP 1
| #define SIZEOF_CHAR 1
| #define SIZEOF_SHORT 2
| #define SIZEOF_INT 4
| #define SIZEOF_LONG 8
| #define SIZEOF_LONG_LONG 8
| #define SIZEOF___INT64 0
| /* end confdefs.h.  */
| #include <stddef.h>
| #ifdef HAVE_STDIO_H
| # include <stdio.h>
| #endif
| #ifdef HAVE_STDLIB_H
| # include <stdlib.h>
| #endif
| #ifdef HAVE_STRING_H
| # include <string.h>
| #endif
| #ifdef HAVE_INTTYPES_H
| # include <inttypes.h>
| #endif
| #ifdef HAVE_STDINT_H
| # include <stdint.h>
| #endif
| #ifdef HAVE_STRINGS_H
| # include <strings.h>
| #endif
| #ifdef HAVE_SYS_TYPES_H
| # include <sys/types.h>
| #endif
| #ifdef HAVE_SYS_STAT_H
| # include <sys/stat.h>
| #endif
| #ifdef HAVE_UNISTD_H
| # include <unistd.h>
| #endif
| int
| main (void)
| {
| if (sizeof ((__int128_t)))
| 	    return 0;
|   ;
|   return 0;
| }
configure:18576: result: yes
configure:18589: checking for egrep
configure:18657: result: /bin/grep -E
configure:18663: checking for float.h
configure:18663: g++ -c -g -O2 -ffile-prefix-map=/<<PKGBUILDDIR>>=. -fstack-protector-strong -Wformat -Werror=format-security  -Wdate-time -D_FORTIFY_SOURCE=2 conftest.cpp >&5
configure:18663: $? = 0
configure:18663: result: yes
configure:18669: checking for limits.h
configure:18669: g++ -c -g -O2 -ffile-prefix-map=/<<PKGBUILDDIR>>=. -fstack-protector-strong -Wformat -Werror=format-security  -Wdate-time -D_FORTIFY_SOURCE=2 conftest.cpp >&5
configure:18669: $? = 0
configure:18669: result: yes
configure:18675: checking for stddef.h
configure:18675: g++ -c -g -O2 -ffile-prefix-map=/<<PKGBUILDDIR>>=. -fstack-protector-strong -Wformat -Werror=format-security  -Wdate-time -D_FORTIFY_SOURCE=2 conftest.cpp >&5
configure:18675: $? = 0
configure:18675: result: yes
configure:18681: checking for stdlib.h
configure:18681: result: yes
configure:18687: checking for string.h
configure:18687: result: yes
configure:18693: checking for sys/time.h
configure:18693: g++ -c -g -O2 -ffile-prefix-map=/<<PKGBUILDDIR>>=. -fstack-protector-strong -Wformat -Werror=format-security  -Wdate-time -D_FORTIFY_SOURCE=2 conftest.cpp >&5
configure:18693: $? = 0
configure:18693: result: yes
configure:18699: checking for stdint.h
configure:18699: result: yes
configure:18705: checking for pthread.h
configure:18705: g++ -c -g -O2 -ffile-prefix-map=/<<PKGBUILDDIR>>=. -fstack-protector-strong -Wformat -Werror=format-security  -Wdate-time -D_FORTIFY_SOURCE=2 conftest.cpp >&5
configure:18705: $? = 0
configure:18705: result: yes
configure:18715: checking whether byte ordering is bigendian
configure:18731: g++ -c -g -O2 -ffile-prefix-map=/<<PKGBUILDDIR>>=. -fstack-protector-strong -Wformat -Werror=format-security  -Wdate-time -D_FORTIFY_SOURCE=2 conftest.cpp >&5
conftest.cpp:41:9: error: expected unqualified-id
               not a universal capable compiler
               ^
1 error generated.
configure:18731: $? = 1
configure: failed program was:
| /* confdefs.h */
| #define PACKAGE_NAME "FFLAS-FFPACK"
| #define PACKAGE_TARNAME "fflas-ffpack"
| #define PACKAGE_VERSION "2.4.3"
| #define PACKAGE_STRING "FFLAS-FFPACK 2.4.3"
| #define PACKAGE_BUGREPORT "ffpack-devel@googlegroups.com"
| #define PACKAGE_URL "https://github.com/linbox-team/fflas-ffpack"
| #define PACKAGE "fflas-ffpack"
| #define VERSION "2.4.3"
| #define HAVE_CXX11 1
| #define HAVE_STDIO_H 1
| #define HAVE_STDLIB_H 1
| #define HAVE_STRING_H 1
| #define HAVE_INTTYPES_H 1
| #define HAVE_STDINT_H 1
| #define HAVE_STRINGS_H 1
| #define HAVE_SYS_STAT_H 1
| #define HAVE_SYS_TYPES_H 1
| #define HAVE_UNISTD_H 1
| #define STDC_HEADERS 1
| #define HAVE_DLFCN_H 1
| #define LT_OBJDIR ".libs/"
| #define USE_OPENMP 1
| #define SIZEOF_CHAR 1
| #define SIZEOF_SHORT 2
| #define SIZEOF_INT 4
| #define SIZEOF_LONG 8
| #define SIZEOF_LONG_LONG 8
| #define SIZEOF___INT64 0
| #define HAVE_INT128 1
| #define HAVE_FLOAT_H 1
| #define HAVE_LIMITS_H 1
| #define HAVE_STDDEF_H 1
| #define HAVE_STDLIB_H 1
| #define HAVE_STRING_H 1
| #define HAVE_SYS_TIME_H 1
| #define HAVE_STDINT_H 1
| #define HAVE_PTHREAD_H 1
| /* end confdefs.h.  */
| #ifndef __APPLE_CC__
| 	       not a universal capable compiler
| 	     #endif
| 	     typedef int dummy;
| 
configure:18777: g++ -c -g -O2 -ffile-prefix-map=/<<PKGBUILDDIR>>=. -fstack-protector-strong -Wformat -Werror=format-security  -Wdate-time -D_FORTIFY_SOURCE=2 conftest.cpp >&5
configure:18777: $? = 0
configure:18796: g++ -c -g -O2 -ffile-prefix-map=/<<PKGBUILDDIR>>=. -fstack-protector-strong -Wformat -Werror=format-security  -Wdate-time -D_FORTIFY_SOURCE=2 conftest.cpp >&5
conftest.cpp:47:11: error: expected ';' after expression
                 not big endian
                        ^
                        ;
conftest.cpp:47:8: error: use of undeclared identifier 'big'
                 not big endian
                     ^
conftest.cpp:47:12: error: use of undeclared identifier 'endian'
                 not big endian
                         ^
3 errors generated.
configure:18796: $? = 1
configure: failed program was:
| /* confdefs.h */
| #define PACKAGE_NAME "FFLAS-FFPACK"
| #define PACKAGE_TARNAME "fflas-ffpack"
| #define PACKAGE_VERSION "2.4.3"
| #define PACKAGE_STRING "FFLAS-FFPACK 2.4.3"
| #define PACKAGE_BUGREPORT "ffpack-devel@googlegroups.com"
| #define PACKAGE_URL "https://github.com/linbox-team/fflas-ffpack"
| #define PACKAGE "fflas-ffpack"
| #define VERSION "2.4.3"
| #define HAVE_CXX11 1
| #define HAVE_STDIO_H 1
| #define HAVE_STDLIB_H 1
| #define HAVE_STRING_H 1
| #define HAVE_INTTYPES_H 1
| #define HAVE_STDINT_H 1
| #define HAVE_STRINGS_H 1
| #define HAVE_SYS_STAT_H 1
| #define HAVE_SYS_TYPES_H 1
| #define HAVE_UNISTD_H 1
| #define STDC_HEADERS 1
| #define HAVE_DLFCN_H 1
| #define LT_OBJDIR ".libs/"
| #define USE_OPENMP 1
| #define SIZEOF_CHAR 1
| #define SIZEOF_SHORT 2
| #define SIZEOF_INT 4
| #define SIZEOF_LONG 8
| #define SIZEOF_LONG_LONG 8
| #define SIZEOF___INT64 0
| #define HAVE_INT128 1
| #define HAVE_FLOAT_H 1
| #define HAVE_LIMITS_H 1
| #define HAVE_STDDEF_H 1
| #define HAVE_STDLIB_H 1
| #define HAVE_STRING_H 1
| #define HAVE_SYS_TIME_H 1
| #define HAVE_STDINT_H 1
| #define HAVE_PTHREAD_H 1
| /* end confdefs.h.  */
| #include <sys/types.h>
| 		#include <sys/param.h>
| 
| int
| main (void)
| {
| #if BYTE_ORDER != BIG_ENDIAN
| 		 not big endian
| 		#endif
| 
|   ;
|   return 0;
| }
configure:18930: result: no
configure:19089: checking for pkg-config
configure:19112: found /usr/bin/pkg-config
configure:19124: result: /usr/bin/pkg-config
configure:19149: checking pkg-config is at least version 0.9.0
configure:19152: result: yes
configure:19162: checking for givaro >= 4.1.0
configure:19169: $PKG_CONFIG --exists --print-errors "givaro >= 4.1.0"
configure:19172: $? = 0
configure:19186: $PKG_CONFIG --exists --print-errors "givaro >= 4.1.0"
configure:19189: $? = 0
configure:19247: result: yes
configure:19256: checking for GIVARO usability
configure:19269: g++ -o conftest -g -O2 -ffile-prefix-map=/<<PKGBUILDDIR>>=. -fstack-protector-strong -Wformat -Werror=format-security  -fabi-version=6 -Wdate-time -D_FORTIFY_SOURCE=2 -Wl,-z,relro conftest.cpp  -lgivaro -lgmp -lgmpxx >&5
clang: error: unknown argument: '-fabi-version=6'
configure:19269: $? = 1
configure: failed program was:
| /* confdefs.h */
| #define PACKAGE_NAME "FFLAS-FFPACK"
| #define PACKAGE_TARNAME "fflas-ffpack"
| #define PACKAGE_VERSION "2.4.3"
| #define PACKAGE_STRING "FFLAS-FFPACK 2.4.3"
| #define PACKAGE_BUGREPORT "ffpack-devel@googlegroups.com"
| #define PACKAGE_URL "https://github.com/linbox-team/fflas-ffpack"
| #define PACKAGE "fflas-ffpack"
| #define VERSION "2.4.3"
| #define HAVE_CXX11 1
| #define HAVE_STDIO_H 1
| #define HAVE_STDLIB_H 1
| #define HAVE_STRING_H 1
| #define HAVE_INTTYPES_H 1
| #define HAVE_STDINT_H 1
| #define HAVE_STRINGS_H 1
| #define HAVE_SYS_STAT_H 1
| #define HAVE_SYS_TYPES_H 1
| #define HAVE_UNISTD_H 1
| #define STDC_HEADERS 1
| #define HAVE_DLFCN_H 1
| #define LT_OBJDIR ".libs/"
| #define USE_OPENMP 1
| #define SIZEOF_CHAR 1
| #define SIZEOF_SHORT 2
| #define SIZEOF_INT 4
| #define SIZEOF_LONG 8
| #define SIZEOF_LONG_LONG 8
| #define SIZEOF___INT64 0
| #define HAVE_INT128 1
| #define HAVE_FLOAT_H 1
| #define HAVE_LIMITS_H 1
| #define HAVE_STDDEF_H 1
| #define HAVE_STDLIB_H 1
| #define HAVE_STRING_H 1
| #define HAVE_SYS_TIME_H 1
| #define HAVE_STDINT_H 1
| #define HAVE_PTHREAD_H 1
| #define HAVE_LITTLE_ENDIAN 1
| /* end confdefs.h.  */
| #include <givaro/givinteger.h>
| int
| main (void)
| {
| Givaro::Integer a;
|   ;
|   return 0;
| }
configure:19274: result: no
configure:19276: error: The Givaro library could not be used with the compiler and the flags set up by the configure script

## ---------------- ##
## Cache variables. ##
## ---------------- ##

ac_cv_build=x86_64-pc-linux-gnu
ac_cv_c_bigendian=no
ac_cv_c_compiler_gnu=yes
ac_cv_cxx_compiler_gnu=yes
ac_cv_env_CCC_set=
ac_cv_env_CCC_value=
ac_cv_env_CC_set=
ac_cv_env_CC_value=
ac_cv_env_CFLAGS_set=set
ac_cv_env_CFLAGS_value='-g -O2 -ffile-prefix-map=/<<PKGBUILDDIR>>=. -fstack-protector-strong -Wformat -Werror=format-security'
ac_cv_env_CPPFLAGS_set=set
ac_cv_env_CPPFLAGS_value='-Wdate-time -D_FORTIFY_SOURCE=2'
ac_cv_env_CXXCPP_set=
ac_cv_env_CXXCPP_value=
ac_cv_env_CXXFLAGS_set=set
ac_cv_env_CXXFLAGS_value='-g -O2 -ffile-prefix-map=/<<PKGBUILDDIR>>=. -fstack-protector-strong -Wformat -Werror=format-security'
ac_cv_env_CXX_set=
ac_cv_env_CXX_value=
ac_cv_env_GIVARO_CFLAGS_set=
ac_cv_env_GIVARO_CFLAGS_value=
ac_cv_env_GIVARO_LIBS_set=
ac_cv_env_GIVARO_LIBS_value=
ac_cv_env_LDFLAGS_set=set
ac_cv_env_LDFLAGS_value=-Wl,-z,relro
ac_cv_env_LIBS_set=
ac_cv_env_LIBS_value=
ac_cv_env_LT_SYS_LIBRARY_PATH_set=
ac_cv_env_LT_SYS_LIBRARY_PATH_value=
ac_cv_env_PKG_CONFIG_LIBDIR_set=
ac_cv_env_PKG_CONFIG_LIBDIR_value=
ac_cv_env_PKG_CONFIG_PATH_set=
ac_cv_env_PKG_CONFIG_PATH_value=
ac_cv_env_PKG_CONFIG_set=
ac_cv_env_PKG_CONFIG_value=
ac_cv_env_build_alias_set=set
ac_cv_env_build_alias_value=x86_64-linux-gnu
ac_cv_env_host_alias_set=
ac_cv_env_host_alias_value=
ac_cv_env_target_alias_set=
ac_cv_env_target_alias_value=
ac_cv_header_dlfcn_h=yes
ac_cv_header_float_h=yes
ac_cv_header_inttypes_h=yes
ac_cv_header_limits_h=yes
ac_cv_header_pthread_h=yes
ac_cv_header_stddef_h=yes
ac_cv_header_stdint_h=yes
ac_cv_header_stdio_h=yes
ac_cv_header_stdlib_h=yes
ac_cv_header_string_h=yes
ac_cv_header_strings_h=yes
ac_cv_header_sys_stat_h=yes
ac_cv_header_sys_time_h=yes
ac_cv_header_sys_types_h=yes
ac_cv_header_unistd_h=yes
ac_cv_host=x86_64-pc-linux-gnu
ac_cv_objext=o
ac_cv_path_EGREP='/bin/grep -E'
ac_cv_path_FGREP='/bin/grep -F'
ac_cv_path_GREP=/bin/grep
ac_cv_path_SED=/bin/sed
ac_cv_path_ac_pt_PKG_CONFIG=/usr/bin/pkg-config
ac_cv_path_install='/usr/bin/install -c'
ac_cv_path_lt_DD=/bin/dd
ac_cv_path_mkdir=/bin/mkdir
ac_cv_prog_AWK=mawk
ac_cv_prog_CXXCPP='g++ -E'
ac_cv_prog_ac_ct_AR=ar
ac_cv_prog_ac_ct_CC=gcc
ac_cv_prog_ac_ct_CXX=g++
ac_cv_prog_ac_ct_OBJDUMP=objdump
ac_cv_prog_ac_ct_RANLIB=ranlib
ac_cv_prog_ac_ct_STRIP=strip
ac_cv_prog_cc_c11=
ac_cv_prog_cc_g=yes
ac_cv_prog_cc_stdc=
ac_cv_prog_cxx_11=no
ac_cv_prog_cxx_cxx11=
ac_cv_prog_cxx_g=yes
ac_cv_prog_cxx_stdcxx=
ac_cv_prog_make_make_set=yes
ac_cv_sizeof___int64=0
ac_cv_sizeof_char=1
ac_cv_sizeof_int=4
ac_cv_sizeof_long=8
ac_cv_sizeof_long_long=8
ac_cv_sizeof_short=2
ac_cv_target=x86_64-pc-linux-gnu
ac_cv_type___int128_t=yes
am_cv_CC_dependencies_compiler_type=none
am_cv_CXX_dependencies_compiler_type=none
am_cv_make_support_nested_variables=yes
am_cv_prog_cc_c_o=yes
ax_cv_cxx_compile_cxx11=yes
lt_cv_ar_at_file=@
lt_cv_archive_cmds_need_lc=no
lt_cv_deplibs_check_method=pass_all
lt_cv_file_magic_cmd='$MAGIC_CMD'
lt_cv_file_magic_test_file=
lt_cv_ld_reload_flag=-r
lt_cv_nm_interface='BSD nm'
lt_cv_objdir=.libs
lt_cv_path_LD=/usr/bin/ld
lt_cv_path_LDCXX='/usr/bin/ld -m elf_x86_64'
lt_cv_path_NM='/usr/bin/nm -B'
lt_cv_path_mainfest_tool=no
lt_cv_prog_compiler_c_o=yes
lt_cv_prog_compiler_c_o_CXX=yes
lt_cv_prog_compiler_pic='-fPIC -DPIC'
lt_cv_prog_compiler_pic_CXX='-fPIC -DPIC'
lt_cv_prog_compiler_pic_works=yes
lt_cv_prog_compiler_pic_works_CXX=yes
lt_cv_prog_compiler_rtti_exceptions=yes
lt_cv_prog_compiler_static_works=yes
lt_cv_prog_compiler_static_works_CXX=yes
lt_cv_prog_gnu_ld=yes
lt_cv_prog_gnu_ldcxx=yes
lt_cv_sharedlib_from_linklib_cmd='printf %s\n'
lt_cv_shlibpath_overrides_runpath=yes
lt_cv_sys_global_symbol_pipe='sed -n -e '\''s/^.*[	 ]\([ABCDGIRSTW][ABCDGIRSTW]*\)[	 ][	 ]*\([_A-Za-z][_A-Za-z0-9]*\)$/\1 \2 \2/p'\'' | sed '\''/ __gnu_lto/d'\'''
lt_cv_sys_global_symbol_to_c_name_address='sed -n -e '\''s/^: \(.*\) .*$/  {"\1", (void *) 0},/p'\'' -e '\''s/^[ABCDGIRSTW][ABCDGIRSTW]* .* \(.*\)$/  {"\1", (void *) \&\1},/p'\'''
lt_cv_sys_global_symbol_to_c_name_address_lib_prefix='sed -n -e '\''s/^: \(.*\) .*$/  {"\1", (void *) 0},/p'\'' -e '\''s/^[ABCDGIRSTW][ABCDGIRSTW]* .* \(lib.*\)$/  {"\1", (void *) \&\1},/p'\'' -e '\''s/^[ABCDGIRSTW][ABCDGIRSTW]* .* \(.*\)$/  {"lib\1", (void *) \&\1},/p'\'''
lt_cv_sys_global_symbol_to_cdecl='sed -n -e '\''s/^T .* \(.*\)$/extern int \1();/p'\'' -e '\''s/^[ABCDGIRSTW][ABCDGIRSTW]* .* \(.*\)$/extern char \1;/p'\'''
lt_cv_sys_global_symbol_to_import=
lt_cv_sys_max_cmd_len=1572864
lt_cv_to_host_file_cmd=func_convert_file_noop
lt_cv_to_tool_file_cmd=func_convert_file_noop
lt_cv_truncate_bin='/bin/dd bs=4096 count=1'
pkg_cv_GIVARO_CFLAGS=-fabi-version=6
pkg_cv_GIVARO_LIBS='-lgivaro -lgmp -lgmpxx'

## ----------------- ##
## Output variables. ##
## ----------------- ##

ACLOCAL='${SHELL} '\''/<<PKGBUILDDIR>>/build-aux/missing'\'' aclocal-1.16'
AMDEPBACKSLASH=''
AMDEP_FALSE=''
AMDEP_TRUE='#'
AMTAR='$${TAR-tar}'
AM_BACKSLASH='\'
AM_DEFAULT_V='$(AM_DEFAULT_VERBOSITY)'
AM_DEFAULT_VERBOSITY='1'
AM_V='$(V)'
AR='ar'
AUTOCONF='${SHELL} '\''/<<PKGBUILDDIR>>/build-aux/missing'\'' autoconf'
AUTOHEADER='${SHELL} '\''/<<PKGBUILDDIR>>/build-aux/missing'\'' autoheader'
AUTOMAKE='${SHELL} '\''/<<PKGBUILDDIR>>/build-aux/missing'\'' automake-1.16'
AWK='mawk'
BLAS_CFLAGS=''
BLAS_LIBS=''
BLAS_VENDOR=''
CC='gcc'
CCDEPMODE='depmode=none'
CCNAM='clang'
CFLAGS='-g -O2 -ffile-prefix-map=/<<PKGBUILDDIR>>=. -fstack-protector-strong -Wformat -Werror=format-security'
CPPFLAGS='-Wdate-time -D_FORTIFY_SOURCE=2'
CSCOPE='cscope'
CTAGS='ctags'
CXX='g++'
CXXCPP='g++ -E'
CXXDEPMODE='depmode=none'
CXXFLAGS='-g -O2 -ffile-prefix-map=/<<PKGBUILDDIR>>=. -fstack-protector-strong -Wformat -Werror=format-security  -fabi-version=6'
CYGPATH_W='echo'
DEBUG_FALSE=''
DEBUG_TRUE='#'
DEFAULT_CFLAGS='-O2  -Wall -g'
DEFS=''
DEPDIR='.deps'
DLLTOOL='false'
DSYMUTIL=''
DUMPBIN=''
ECHO_C=''
ECHO_N='-n'
ECHO_T=''
EGREP='/bin/grep -E'
ETAGS='etags'
EXEEXT=''
FFLASFFPACK_BUILD_DOC_FALSE=''
FFLASFFPACK_BUILD_DOC_TRUE=''
FFLASFFPACK_DOC_PATH=''
FFLASFFPACK_HAVE_LAPACK_FALSE=''
FFLASFFPACK_HAVE_LAPACK_TRUE=''
FFLASFFPACK_HAVE_OMP_FALSE='#'
FFLASFFPACK_HAVE_OMP_TRUE=''
FFLASFFPACK_PRECOMPILED_FALSE=''
FFLASFFPACK_PRECOMPILED_TRUE=''
FGREP='/bin/grep -F'
GIVARO_CFLAGS='-fabi-version=6'
GIVARO_LIBS='-lgivaro -lgmp -lgmpxx'
GREP='/bin/grep'
HAVE_CXX11='1'
INSTALL_DATA='${INSTALL} -m 644'
INSTALL_PROGRAM='${INSTALL}'
INSTALL_SCRIPT='${INSTALL}'
INSTALL_STRIP_PROGRAM='$(install_sh) -c -s'
LAPACK_LIBS=''
LD='/usr/bin/ld -m elf_x86_64'
LDFLAGS='-Wl,-z,relro'
LIBOBJS=''
LIBS=' -lgivaro -lgmp -lgmpxx'
LIBTOOL='$(SHELL) $(top_builddir)/libtool'
LIPO=''
LN_S='ln -s'
LTLIBOBJS=''
LT_SYS_LIBRARY_PATH=''
MAKEINFO='${SHELL} '\''/<<PKGBUILDDIR>>/build-aux/missing'\'' makeinfo'
MANIFEST_TOOL=':'
MKDIR_P='/bin/mkdir -p'
NM='/usr/bin/nm -B'
NMEDIT=''
OBJDUMP='objdump'
OBJEXT='o'
OMPFLAGS='-fopenmp'
OTOOL64=''
OTOOL=''
PACKAGE='fflas-ffpack'
PACKAGE_BUGREPORT='ffpack-devel@googlegroups.com'
PACKAGE_NAME='FFLAS-FFPACK'
PACKAGE_STRING='FFLAS-FFPACK 2.4.3'
PACKAGE_TARNAME='fflas-ffpack'
PACKAGE_URL='https://github.com/linbox-team/fflas-ffpack'
PACKAGE_VERSION='2.4.3'
PARFLAGS='-fopenmp'
PARLIBS='-fopenmp'
PATH_SEPARATOR=':'
PKG_CONFIG='/usr/bin/pkg-config'
PKG_CONFIG_LIBDIR=''
PKG_CONFIG_PATH=''
PRECOMPILE_FLAGS=''
PRECOMPILE_LIBS=''
PROF='no'
PROFILE_FALSE=''
PROFILE_TRUE='#'
RANLIB='ranlib'
REQUIRED_FLAGS=''
SED='/bin/sed'
SET_MAKE=''
SHELL='/bin/bash'
SIMD_FLAGS=''
STRIP='strip'
USE_DEBUG='no'
USE_MKL=''
VERSION='2.4.3'
WARN='no'
ac_ct_AR='ar'
ac_ct_CC='gcc'
ac_ct_CXX='g++'
ac_ct_DUMPBIN=''
am__EXEEXT_FALSE=''
am__EXEEXT_TRUE=''
am__fastdepCC_FALSE=''
am__fastdepCC_TRUE='#'
am__fastdepCXX_FALSE=''
am__fastdepCXX_TRUE='#'
am__include='include'
am__isrc=''
am__leading_dot='.'
am__nodep=''
am__quote=''
am__tar='$${TAR-tar} chof - "$$tardir"'
am__untar='$${TAR-tar} xf -'
bindir='${exec_prefix}/bin'
build='x86_64-pc-linux-gnu'
build_alias='x86_64-linux-gnu'
build_cpu='x86_64'
build_os='linux-gnu'
build_vendor='pc'
datadir='${datarootdir}'
datarootdir='${prefix}/share'
docdir='${datarootdir}/doc/${PACKAGE_TARNAME}'
dvidir='${docdir}'
exec_prefix='NONE'
host='x86_64-pc-linux-gnu'
host_alias=''
host_cpu='x86_64'
host_os='linux-gnu'
host_vendor='pc'
htmldir='${docdir}'
includedir='${prefix}/include'
infodir='${prefix}/share/info'
install_sh='${SHELL} /<<PKGBUILDDIR>>/build-aux/install-sh'
libdir='${prefix}/lib/x86_64-linux-gnu'
libexecdir='${exec_prefix}/libexec'
localedir='${datarootdir}/locale'
localstatedir='/var'
mandir='${prefix}/share/man'
mkdir_p='$(MKDIR_P)'
oldincludedir='/usr/include'
pdfdir='${docdir}'
prefix='/usr'
program_transform_name='s,x,x,'
psdir='${docdir}'
runstatedir='/run'
sbindir='${exec_prefix}/sbin'
sharedstatedir='${prefix}/com'
sysconfdir='/etc'
target='x86_64-pc-linux-gnu'
target_alias=''
target_cpu='x86_64'
target_os='linux-gnu'
target_vendor='pc'

## ----------- ##
## confdefs.h. ##
## ----------- ##

/* confdefs.h */
#define PACKAGE_NAME "FFLAS-FFPACK"
#define PACKAGE_TARNAME "fflas-ffpack"
#define PACKAGE_VERSION "2.4.3"
#define PACKAGE_STRING "FFLAS-FFPACK 2.4.3"
#define PACKAGE_BUGREPORT "ffpack-devel@googlegroups.com"
#define PACKAGE_URL "https://github.com/linbox-team/fflas-ffpack"
#define PACKAGE "fflas-ffpack"
#define VERSION "2.4.3"
#define HAVE_CXX11 1
#define HAVE_STDIO_H 1
#define HAVE_STDLIB_H 1
#define HAVE_STRING_H 1
#define HAVE_INTTYPES_H 1
#define HAVE_STDINT_H 1
#define HAVE_STRINGS_H 1
#define HAVE_SYS_STAT_H 1
#define HAVE_SYS_TYPES_H 1
#define HAVE_UNISTD_H 1
#define STDC_HEADERS 1
#define HAVE_DLFCN_H 1
#define LT_OBJDIR ".libs/"
#define USE_OPENMP 1
#define SIZEOF_CHAR 1
#define SIZEOF_SHORT 2
#define SIZEOF_INT 4
#define SIZEOF_LONG 8
#define SIZEOF_LONG_LONG 8
#define SIZEOF___INT64 0
#define HAVE_INT128 1
#define HAVE_FLOAT_H 1
#define HAVE_LIMITS_H 1
#define HAVE_STDDEF_H 1
#define HAVE_STDLIB_H 1
#define HAVE_STRING_H 1
#define HAVE_SYS_TIME_H 1
#define HAVE_STDINT_H 1
#define HAVE_PTHREAD_H 1
#define HAVE_LITTLE_ENDIAN 1

configure: exit 1
dh_auto_configure: error: ./configure --build=x86_64-linux-gnu --prefix=/usr --includedir=\${prefix}/include --mandir=\${prefix}/share/man --infodir=\${prefix}/share/info --sysconfdir=/etc --localstatedir=/var --disable-option-checking --disable-silent-rules --libdir=\${prefix}/lib/x86_64-linux-gnu --runstatedir=/run --disable-maintainer-mode --disable-dependency-tracking --prefix=/usr --with-all "--with-blas-libs=-lblas -llapack" --disable-sse3 --disable-ssse3 --disable-sse41 --disable-sse42 --disable-avx --disable-avx2 --disable-fma --disable-fma4 returned exit code 1
make[1]: *** [debian/rules:26: override_dh_auto_configure] Error 25
make[1]: Leaving directory '/<<PKGBUILDDIR>>'
make: *** [debian/rules:42: binary] Error 2
dpkg-buildpackage: error: debian/rules binary subprocess returned exit status 2
--------------------------------------------------------------------------------
Build finished at 2021-10-26T21:13:45Z

Finished
--------


+------------------------------------------------------------------------------+
| Cleanup                                                                      |
+------------------------------------------------------------------------------+

Purging /<<BUILDDIR>>
Not cleaning session: cloned chroot in use
E: Build failure (dpkg-buildpackage died)

+------------------------------------------------------------------------------+
| Summary                                                                      |
+------------------------------------------------------------------------------+

Build Architecture: amd64
Build Type: binary
Build-Space: 11792
Build-Time: 12
Distribution: unstable
Fail-Stage: build
Host Architecture: amd64
Install-Time: 58
Job: fflas-ffpack_2.4.3-2
Machine Architecture: amd64
Package: fflas-ffpack
Package-Time: 91
Source-Version: 2.4.3-2
Space: 11792
Status: attempted
Version: 2.4.3-2
--------------------------------------------------------------------------------
Finished at 2021-10-26T21:13:45Z
Build needed 00:01:31, 11792k disk space
E: Build failure (dpkg-buildpackage died)
DC-Status: Failed 92.476824218s
DC-Time-Estimation: 92.476824218 versus expected 627 (r/m: 5.780077119884038 ; m: 92.476824218)
