DC-Build-Header: fim 0.5.3-7 / 2021-10-26 22:43:02 +0000
DC-Task: type:rebuild-binarch-only source:fim version:0.5.3-7 chroot:unstable esttime:103 logfile:/tmp/fim_0.5.3-7_unstable_clang12.log modes:clang12:binarch-only
DC-Sbuild-call: su user42 -c 'sbuild -n --arch-any --apt-update -d unstable -v --no-run-lintian --chroot-setup-commands=/tmp/clang12 fim_0.5.3-7'
sbuild (Debian sbuild) 0.78.1 (09 February 2019) on ip-172-31-5-178.eu-central-1.compute.internal

+==============================================================================+
| fim 0.5.3-7 (amd64)                          Tue, 26 Oct 2021 22:43:02 +0000 |
+==============================================================================+

Package: fim
Version: 0.5.3-7
Source Version: 0.5.3-7
Distribution: unstable
Machine Architecture: amd64
Host Architecture: amd64
Build Architecture: amd64
Build Type: binary

I: NOTICE: Log filtering will replace 'var/run/schroot/mount/sid-amd64-sbuild-0f1f2d60-dd72-4dd2-81bf-edc11775677e' with '<<CHROOT>>'

+------------------------------------------------------------------------------+
| Chroot Setup Commands                                                        |
+------------------------------------------------------------------------------+


/tmp/clang12
------------

+ echo 'Entering customization script...'
Entering customization script...
+ CLANG_VERSION=12
+ echo 'Install of clang-12'
Install of clang-12
+ apt-get update
Get:1 http://127.0.0.1:12990/debian sid InRelease [165 kB]
Get:2 http://127.0.0.1:12990/debian sid/main Sources.diff/Index [63.6 kB]
Get:3 http://127.0.0.1:12990/debian sid/main amd64 Packages.diff/Index [63.6 kB]
Get:4 http://127.0.0.1:12990/debian sid/main Sources T-2021-10-26-2004.40-F-2021-10-26-0202.15.pdiff [47.3 kB]
Get:4 http://127.0.0.1:12990/debian sid/main Sources T-2021-10-26-2004.40-F-2021-10-26-0202.15.pdiff [47.3 kB]
Get:5 http://127.0.0.1:12990/debian sid/main amd64 Packages T-2021-10-26-2004.40-F-2021-10-26-0202.15.pdiff [55.9 kB]
Get:5 http://127.0.0.1:12990/debian sid/main amd64 Packages T-2021-10-26-2004.40-F-2021-10-26-0202.15.pdiff [55.9 kB]
Get:6 http://127.0.0.1:12990/debian sid/main Translation-en [6586 kB]
Fetched 6981 kB in 3s (2692 kB/s)
Reading package lists...
+ apt-get install --yes --no-install-recommends --force-yes clang-12 libomp-12-dev libobjc-9-dev
Reading package lists...
Building dependency tree...
The following additional packages will be installed:
  lib32gcc-s1 lib32stdc++6 libasan5 libbsd0 libc6-i386 libclang-common-12-dev
  libclang-cpp12 libclang1-12 libedit2 libelf1 libgc1 libgcc-9-dev libicu67
  libllvm12 libmd0 libobjc-11-dev libobjc4 libomp5-12 libunwind-12 libxml2
  libz3-4 llvm-12-linker-tools
Suggested packages:
  clang-12-doc libomp-12-doc
Recommended packages:
  llvm-12-dev python3
The following NEW packages will be installed:
  clang-12 lib32gcc-s1 lib32stdc++6 libasan5 libbsd0 libc6-i386
  libclang-common-12-dev libclang-cpp12 libclang1-12 libedit2 libelf1 libgc1
  libgcc-9-dev libicu67 libllvm12 libmd0 libobjc-11-dev libobjc-9-dev libobjc4
  libomp-12-dev libomp5-12 libunwind-12 libxml2 libz3-4 llvm-12-linker-tools
0 upgraded, 25 newly installed, 0 to remove and 0 not upgraded.
Need to get 67.6 MB of archives.
After this operation, 349 MB of additional disk space will be used.
Get:1 http://127.0.0.1:12990/debian sid/main amd64 libmd0 amd64 1.0.4-1 [29.6 kB]
Get:2 http://127.0.0.1:12990/debian sid/main amd64 libbsd0 amd64 0.11.3-1 [108 kB]
Get:3 http://127.0.0.1:12990/debian sid/main amd64 libedit2 amd64 3.1-20210910-1 [97.5 kB]
Get:4 http://127.0.0.1:12990/debian sid/main amd64 libicu67 amd64 67.1-7 [8622 kB]
Get:5 http://127.0.0.1:12990/debian sid/main amd64 libxml2 amd64 2.9.12+dfsg-5 [696 kB]
Get:6 http://127.0.0.1:12990/debian sid/main amd64 libz3-4 amd64 4.8.12-1+b1 [6997 kB]
Get:7 http://127.0.0.1:12990/debian sid/main amd64 libllvm12 amd64 1:12.0.1-15 [19.4 MB]
Get:8 http://127.0.0.1:12990/debian sid/main amd64 libclang-cpp12 amd64 1:12.0.1-15 [9996 kB]
Get:9 http://127.0.0.1:12990/debian sid/main amd64 libgc1 amd64 1:8.0.4-3 [239 kB]
Get:10 http://127.0.0.1:12990/debian sid/main amd64 libobjc4 amd64 11.2.0-10 [43.2 kB]
Get:11 http://127.0.0.1:12990/debian sid/main amd64 libobjc-11-dev amd64 11.2.0-10 [170 kB]
Get:12 http://127.0.0.1:12990/debian sid/main amd64 libc6-i386 amd64 2.32-4 [2624 kB]
Get:13 http://127.0.0.1:12990/debian sid/main amd64 lib32gcc-s1 amd64 11.2.0-10 [49.9 kB]
Get:14 http://127.0.0.1:12990/debian sid/main amd64 lib32stdc++6 amd64 11.2.0-10 [601 kB]
Get:15 http://127.0.0.1:12990/debian sid/main amd64 libclang-common-12-dev amd64 1:12.0.1-15 [4819 kB]
Get:16 http://127.0.0.1:12990/debian sid/main amd64 llvm-12-linker-tools amd64 1:12.0.1-15 [1222 kB]
Get:17 http://127.0.0.1:12990/debian sid/main amd64 libclang1-12 amd64 1:12.0.1-15 [5644 kB]
Get:18 http://127.0.0.1:12990/debian sid/main amd64 clang-12 amd64 1:12.0.1-15 [117 kB]
Get:19 http://127.0.0.1:12990/debian sid/main amd64 libasan5 amd64 9.4.0-3 [2734 kB]
Get:20 http://127.0.0.1:12990/debian sid/main amd64 libelf1 amd64 0.185-2 [172 kB]
Get:21 http://127.0.0.1:12990/debian sid/main amd64 libgcc-9-dev amd64 9.4.0-3 [2343 kB]
Get:22 http://127.0.0.1:12990/debian sid/main amd64 libobjc-9-dev amd64 9.4.0-3 [219 kB]
Get:23 http://127.0.0.1:12990/debian sid/main amd64 libunwind-12 amd64 1:12.0.1-15 [63.9 kB]
Get:24 http://127.0.0.1:12990/debian sid/main amd64 libomp5-12 amd64 1:12.0.1-15 [405 kB]
Get:25 http://127.0.0.1:12990/debian sid/main amd64 libomp-12-dev amd64 1:12.0.1-15 [104 kB]
debconf: delaying package configuration, since apt-utils is not installed
Fetched 67.6 MB in 0s (153 MB/s)
Selecting previously unselected package libmd0:amd64.
(Reading database ... (Reading database ... 5%(Reading database ... 10%(Reading database ... 15%(Reading database ... 20%(Reading database ... 25%(Reading database ... 30%(Reading database ... 35%(Reading database ... 40%(Reading database ... 45%(Reading database ... 50%(Reading database ... 55%(Reading database ... 60%(Reading database ... 65%(Reading database ... 70%(Reading database ... 75%(Reading database ... 80%(Reading database ... 85%(Reading database ... 90%(Reading database ... 95%(Reading database ... 100%(Reading database ... 12431 files and directories currently installed.)
Preparing to unpack .../00-libmd0_1.0.4-1_amd64.deb ...
Unpacking libmd0:amd64 (1.0.4-1) ...
Selecting previously unselected package libbsd0:amd64.
Preparing to unpack .../01-libbsd0_0.11.3-1_amd64.deb ...
Unpacking libbsd0:amd64 (0.11.3-1) ...
Selecting previously unselected package libedit2:amd64.
Preparing to unpack .../02-libedit2_3.1-20210910-1_amd64.deb ...
Unpacking libedit2:amd64 (3.1-20210910-1) ...
Selecting previously unselected package libicu67:amd64.
Preparing to unpack .../03-libicu67_67.1-7_amd64.deb ...
Unpacking libicu67:amd64 (67.1-7) ...
Selecting previously unselected package libxml2:amd64.
Preparing to unpack .../04-libxml2_2.9.12+dfsg-5_amd64.deb ...
Unpacking libxml2:amd64 (2.9.12+dfsg-5) ...
Selecting previously unselected package libz3-4:amd64.
Preparing to unpack .../05-libz3-4_4.8.12-1+b1_amd64.deb ...
Unpacking libz3-4:amd64 (4.8.12-1+b1) ...
Selecting previously unselected package libllvm12:amd64.
Preparing to unpack .../06-libllvm12_1%3a12.0.1-15_amd64.deb ...
Unpacking libllvm12:amd64 (1:12.0.1-15) ...
Selecting previously unselected package libclang-cpp12.
Preparing to unpack .../07-libclang-cpp12_1%3a12.0.1-15_amd64.deb ...
Unpacking libclang-cpp12 (1:12.0.1-15) ...
Selecting previously unselected package libgc1:amd64.
Preparing to unpack .../08-libgc1_1%3a8.0.4-3_amd64.deb ...
Unpacking libgc1:amd64 (1:8.0.4-3) ...
Selecting previously unselected package libobjc4:amd64.
Preparing to unpack .../09-libobjc4_11.2.0-10_amd64.deb ...
Unpacking libobjc4:amd64 (11.2.0-10) ...
Selecting previously unselected package libobjc-11-dev:amd64.
Preparing to unpack .../10-libobjc-11-dev_11.2.0-10_amd64.deb ...
Unpacking libobjc-11-dev:amd64 (11.2.0-10) ...
Selecting previously unselected package libc6-i386.
Preparing to unpack .../11-libc6-i386_2.32-4_amd64.deb ...
Unpacking libc6-i386 (2.32-4) ...
Selecting previously unselected package lib32gcc-s1.
Preparing to unpack .../12-lib32gcc-s1_11.2.0-10_amd64.deb ...
Unpacking lib32gcc-s1 (11.2.0-10) ...
Selecting previously unselected package lib32stdc++6.
Preparing to unpack .../13-lib32stdc++6_11.2.0-10_amd64.deb ...
Unpacking lib32stdc++6 (11.2.0-10) ...
Selecting previously unselected package libclang-common-12-dev.
Preparing to unpack .../14-libclang-common-12-dev_1%3a12.0.1-15_amd64.deb ...
Unpacking libclang-common-12-dev (1:12.0.1-15) ...
Selecting previously unselected package llvm-12-linker-tools.
Preparing to unpack .../15-llvm-12-linker-tools_1%3a12.0.1-15_amd64.deb ...
Unpacking llvm-12-linker-tools (1:12.0.1-15) ...
Selecting previously unselected package libclang1-12.
Preparing to unpack .../16-libclang1-12_1%3a12.0.1-15_amd64.deb ...
Unpacking libclang1-12 (1:12.0.1-15) ...
Selecting previously unselected package clang-12.
Preparing to unpack .../17-clang-12_1%3a12.0.1-15_amd64.deb ...
Unpacking clang-12 (1:12.0.1-15) ...
Selecting previously unselected package libasan5:amd64.
Preparing to unpack .../18-libasan5_9.4.0-3_amd64.deb ...
Unpacking libasan5:amd64 (9.4.0-3) ...
Selecting previously unselected package libelf1:amd64.
Preparing to unpack .../19-libelf1_0.185-2_amd64.deb ...
Unpacking libelf1:amd64 (0.185-2) ...
Selecting previously unselected package libgcc-9-dev:amd64.
Preparing to unpack .../20-libgcc-9-dev_9.4.0-3_amd64.deb ...
Unpacking libgcc-9-dev:amd64 (9.4.0-3) ...
Selecting previously unselected package libobjc-9-dev:amd64.
Preparing to unpack .../21-libobjc-9-dev_9.4.0-3_amd64.deb ...
Unpacking libobjc-9-dev:amd64 (9.4.0-3) ...
Selecting previously unselected package libunwind-12:amd64.
Preparing to unpack .../22-libunwind-12_1%3a12.0.1-15_amd64.deb ...
Unpacking libunwind-12:amd64 (1:12.0.1-15) ...
Selecting previously unselected package libomp5-12:amd64.
Preparing to unpack .../23-libomp5-12_1%3a12.0.1-15_amd64.deb ...
Unpacking libomp5-12:amd64 (1:12.0.1-15) ...
Selecting previously unselected package libomp-12-dev.
Preparing to unpack .../24-libomp-12-dev_1%3a12.0.1-15_amd64.deb ...
Unpacking libomp-12-dev (1:12.0.1-15) ...
Setting up libicu67:amd64 (67.1-7) ...
Setting up libasan5:amd64 (9.4.0-3) ...
Setting up libz3-4:amd64 (4.8.12-1+b1) ...
Setting up libunwind-12:amd64 (1:12.0.1-15) ...
Setting up libgc1:amd64 (1:8.0.4-3) ...
Setting up libmd0:amd64 (1.0.4-1) ...
Setting up libc6-i386 (2.32-4) ...
Setting up libbsd0:amd64 (0.11.3-1) ...
Setting up libelf1:amd64 (0.185-2) ...
Setting up libxml2:amd64 (2.9.12+dfsg-5) ...
Setting up libedit2:amd64 (3.1-20210910-1) ...
Setting up libobjc4:amd64 (11.2.0-10) ...
Setting up libgcc-9-dev:amd64 (9.4.0-3) ...
Setting up lib32gcc-s1 (11.2.0-10) ...
Setting up lib32stdc++6 (11.2.0-10) ...
Setting up libllvm12:amd64 (1:12.0.1-15) ...
Setting up libobjc-9-dev:amd64 (9.4.0-3) ...
Setting up libclang-common-12-dev (1:12.0.1-15) ...
Setting up libomp5-12:amd64 (1:12.0.1-15) ...
Setting up libobjc-11-dev:amd64 (11.2.0-10) ...
Setting up llvm-12-linker-tools (1:12.0.1-15) ...
Setting up libclang1-12 (1:12.0.1-15) ...
Setting up libclang-cpp12 (1:12.0.1-15) ...
Setting up libomp-12-dev (1:12.0.1-15) ...
Setting up clang-12 (1:12.0.1-15) ...
Processing triggers for libc-bin (2.32-4) ...
W: --force-yes is deprecated, use one of the options starting with --allow instead.
+ echo 'Replace gcc, g++ & cpp by clang'
Replace gcc, g++ & cpp by clang
+ VERSIONS='4.6 4.7 4.8 4.9 5 6 7 8 9 10 11'
+ cd /usr/bin
+ for VERSION in $VERSIONS
+ rm -f g++-4.6 gcc-4.6 cpp-4.6 gcc
+ ln -s clang++-12 g++-4.6
+ ln -s clang-12 gcc-4.6
+ ln -s clang-12 cpp-4.6
+ ln -s clang-12 gcc
+ echo 'gcc-4.6 hold'
+ dpkg --set-selections
dpkg: warning: package not in status nor available database at line 1: gcc-4.6
dpkg: warning: found unknown packages; this might mean the available database
is outdated, and needs to be updated through a frontend method;
please see the FAQ <https://wiki.debian.org/Teams/Dpkg/FAQ>
+ echo 'g++-4.6 hold'
+ dpkg --set-selections
dpkg: warning: package not in status nor available database at line 1: g++-4.6
dpkg: warning: found unknown packages; this might mean the available database
is outdated, and needs to be updated through a frontend method;
please see the FAQ <https://wiki.debian.org/Teams/Dpkg/FAQ>
+ for VERSION in $VERSIONS
+ rm -f g++-4.7 gcc-4.7 cpp-4.7 gcc
+ ln -s clang++-12 g++-4.7
+ ln -s clang-12 gcc-4.7
+ ln -s clang-12 cpp-4.7
+ ln -s clang-12 gcc
+ echo 'gcc-4.7 hold'
+ dpkg --set-selections
dpkg: warning: package not in status nor available database at line 1: gcc-4.7
dpkg: warning: found unknown packages; this might mean the available database
is outdated, and needs to be updated through a frontend method;
please see the FAQ <https://wiki.debian.org/Teams/Dpkg/FAQ>
+ echo 'g++-4.7 hold'
+ dpkg --set-selections
dpkg: warning: package not in status nor available database at line 1: g++-4.7
dpkg: warning: found unknown packages; this might mean the available database
is outdated, and needs to be updated through a frontend method;
please see the FAQ <https://wiki.debian.org/Teams/Dpkg/FAQ>
+ for VERSION in $VERSIONS
+ rm -f g++-4.8 gcc-4.8 cpp-4.8 gcc
+ ln -s clang++-12 g++-4.8
+ ln -s clang-12 gcc-4.8
+ ln -s clang-12 cpp-4.8
+ ln -s clang-12 gcc
+ echo 'gcc-4.8 hold'
+ dpkg --set-selections
dpkg: warning: package not in status nor available database at line 1: gcc-4.8
dpkg: warning: found unknown packages; this might mean the available database
is outdated, and needs to be updated through a frontend method;
please see the FAQ <https://wiki.debian.org/Teams/Dpkg/FAQ>
+ echo 'g++-4.8 hold'
+ dpkg --set-selections
dpkg: warning: package not in status nor available database at line 1: g++-4.8
dpkg: warning: found unknown packages; this might mean the available database
is outdated, and needs to be updated through a frontend method;
please see the FAQ <https://wiki.debian.org/Teams/Dpkg/FAQ>
+ for VERSION in $VERSIONS
+ rm -f g++-4.9 gcc-4.9 cpp-4.9 gcc
+ ln -s clang++-12 g++-4.9
+ ln -s clang-12 gcc-4.9
+ ln -s clang-12 cpp-4.9
+ ln -s clang-12 gcc
+ echo 'gcc-4.9 hold'
+ dpkg --set-selections
dpkg: warning: package not in status nor available database at line 1: gcc-4.9
dpkg: warning: found unknown packages; this might mean the available database
is outdated, and needs to be updated through a frontend method;
please see the FAQ <https://wiki.debian.org/Teams/Dpkg/FAQ>
+ echo 'g++-4.9 hold'
+ dpkg --set-selections
dpkg: warning: package not in status nor available database at line 1: g++-4.9
dpkg: warning: found unknown packages; this might mean the available database
is outdated, and needs to be updated through a frontend method;
please see the FAQ <https://wiki.debian.org/Teams/Dpkg/FAQ>
+ for VERSION in $VERSIONS
+ rm -f g++-5 gcc-5 cpp-5 gcc
+ ln -s clang++-12 g++-5
+ ln -s clang-12 gcc-5
+ ln -s clang-12 cpp-5
+ ln -s clang-12 gcc
+ echo 'gcc-5 hold'
+ dpkg --set-selections
dpkg: warning: package not in status nor available database at line 1: gcc-5
dpkg: warning: found unknown packages; this might mean the available database
is outdated, and needs to be updated through a frontend method;
please see the FAQ <https://wiki.debian.org/Teams/Dpkg/FAQ>
+ echo 'g++-5 hold'
+ dpkg --set-selections
dpkg: warning: package not in status nor available database at line 1: g++-5
dpkg: warning: found unknown packages; this might mean the available database
is outdated, and needs to be updated through a frontend method;
please see the FAQ <https://wiki.debian.org/Teams/Dpkg/FAQ>
+ for VERSION in $VERSIONS
+ rm -f g++-6 gcc-6 cpp-6 gcc
+ ln -s clang++-12 g++-6
+ ln -s clang-12 gcc-6
+ ln -s clang-12 cpp-6
+ ln -s clang-12 gcc
+ echo 'gcc-6 hold'
+ dpkg --set-selections
dpkg: warning: package not in status nor available database at line 1: gcc-6
dpkg: warning: found unknown packages; this might mean the available database
is outdated, and needs to be updated through a frontend method;
please see the FAQ <https://wiki.debian.org/Teams/Dpkg/FAQ>
+ echo 'g++-6 hold'
+ dpkg --set-selections
dpkg: warning: package not in status nor available database at line 1: g++-6
dpkg: warning: found unknown packages; this might mean the available database
is outdated, and needs to be updated through a frontend method;
please see the FAQ <https://wiki.debian.org/Teams/Dpkg/FAQ>
+ for VERSION in $VERSIONS
+ rm -f g++-7 gcc-7 cpp-7 gcc
+ ln -s clang++-12 g++-7
+ ln -s clang-12 gcc-7
+ ln -s clang-12 cpp-7
+ ln -s clang-12 gcc
+ echo 'gcc-7 hold'
+ dpkg --set-selections
dpkg: warning: package not in status nor available database at line 1: gcc-7
dpkg: warning: found unknown packages; this might mean the available database
is outdated, and needs to be updated through a frontend method;
please see the FAQ <https://wiki.debian.org/Teams/Dpkg/FAQ>
+ echo 'g++-7 hold'
+ dpkg --set-selections
dpkg: warning: package not in status nor available database at line 1: g++-7
dpkg: warning: found unknown packages; this might mean the available database
is outdated, and needs to be updated through a frontend method;
please see the FAQ <https://wiki.debian.org/Teams/Dpkg/FAQ>
+ for VERSION in $VERSIONS
+ rm -f g++-8 gcc-8 cpp-8 gcc
+ ln -s clang++-12 g++-8
+ ln -s clang-12 gcc-8
+ ln -s clang-12 cpp-8
+ ln -s clang-12 gcc
+ echo 'gcc-8 hold'
+ dpkg --set-selections
dpkg: warning: package not in status nor available database at line 1: gcc-8
dpkg: warning: found unknown packages; this might mean the available database
is outdated, and needs to be updated through a frontend method;
please see the FAQ <https://wiki.debian.org/Teams/Dpkg/FAQ>
+ echo 'g++-8 hold'
+ dpkg --set-selections
dpkg: warning: package not in status nor available database at line 1: g++-8
dpkg: warning: found unknown packages; this might mean the available database
is outdated, and needs to be updated through a frontend method;
please see the FAQ <https://wiki.debian.org/Teams/Dpkg/FAQ>
+ for VERSION in $VERSIONS
+ rm -f g++-9 gcc-9 cpp-9 gcc
+ ln -s clang++-12 g++-9
+ ln -s clang-12 gcc-9
+ ln -s clang-12 cpp-9
+ ln -s clang-12 gcc
+ echo 'gcc-9 hold'
+ dpkg --set-selections
dpkg: warning: package not in status nor available database at line 1: gcc-9
dpkg: warning: found unknown packages; this might mean the available database
is outdated, and needs to be updated through a frontend method;
please see the FAQ <https://wiki.debian.org/Teams/Dpkg/FAQ>
+ echo 'g++-9 hold'
+ dpkg --set-selections
dpkg: warning: package not in status nor available database at line 1: g++-9
dpkg: warning: found unknown packages; this might mean the available database
is outdated, and needs to be updated through a frontend method;
please see the FAQ <https://wiki.debian.org/Teams/Dpkg/FAQ>
+ for VERSION in $VERSIONS
+ rm -f g++-10 gcc-10 cpp-10 gcc
+ ln -s clang++-12 g++-10
+ ln -s clang-12 gcc-10
+ ln -s clang-12 cpp-10
+ ln -s clang-12 gcc
+ echo 'gcc-10 hold'
+ dpkg --set-selections
dpkg: warning: package not in status nor available database at line 1: gcc-10
dpkg: warning: found unknown packages; this might mean the available database
is outdated, and needs to be updated through a frontend method;
please see the FAQ <https://wiki.debian.org/Teams/Dpkg/FAQ>
+ echo 'g++-10 hold'
+ dpkg --set-selections
dpkg: warning: package not in status nor available database at line 1: g++-10
dpkg: warning: found unknown packages; this might mean the available database
is outdated, and needs to be updated through a frontend method;
please see the FAQ <https://wiki.debian.org/Teams/Dpkg/FAQ>
+ for VERSION in $VERSIONS
+ rm -f g++-11 gcc-11 cpp-11 gcc
+ ln -s clang++-12 g++-11
+ ln -s clang-12 gcc-11
+ ln -s clang-12 cpp-11
+ ln -s clang-12 gcc
+ echo 'gcc-11 hold'
+ dpkg --set-selections
+ echo 'g++-11 hold'
+ dpkg --set-selections
+ cd -
/build/fim-oEMeIF
+ echo 'Check if gcc, g++ & cpp are actually clang'
Check if gcc, g++ & cpp are actually clang
+ gcc --version
+ grep clang
+ cpp --version
+ grep clang
+ g++ --version
+ grep clang
+ cd /usr/bin/
+ rm -f clang++ clang
+ ln -s clang-12 clang++
+ ln -s clang-12 clang
+ clang++ --version
Debian clang version 12.0.1-15
Target: x86_64-pc-linux-gnu
Thread model: posix
InstalledDir: /usr/bin
+ clang --version
Debian clang version 12.0.1-15
Target: x86_64-pc-linux-gnu
Thread model: posix
InstalledDir: /usr/bin
+ cd -
/build/fim-oEMeIF
+ apt install --yes --no-install-recommends --force-yes qt5-qmake

WARNING: apt does not have a stable CLI interface. Use with caution in scripts.

Reading package lists...
Building dependency tree...
Reading state information...
The following additional packages will be installed:
  qt5-qmake-bin qtchooser
The following NEW packages will be installed:
  qt5-qmake qt5-qmake-bin qtchooser
0 upgraded, 3 newly installed, 0 to remove and 0 not upgraded.
Need to get 1322 kB of archives.
After this operation, 4914 kB of additional disk space will be used.
Get:1 http://127.0.0.1:12990/debian sid/main amd64 qt5-qmake-bin amd64 5.15.2+dfsg-12 [1046 kB]
Get:2 http://127.0.0.1:12990/debian sid/main amd64 qtchooser amd64 66-2 [26.3 kB]
Get:3 http://127.0.0.1:12990/debian sid/main amd64 qt5-qmake amd64 5.15.2+dfsg-12 [249 kB]
debconf: delaying package configuration, since apt-utils is not installed
Fetched 1322 kB in 0s (58.6 MB/s)
Selecting previously unselected package qt5-qmake-bin.
(Reading database ... (Reading database ... 5%(Reading database ... 10%(Reading database ... 15%(Reading database ... 20%(Reading database ... 25%(Reading database ... 30%(Reading database ... 35%(Reading database ... 40%(Reading database ... 45%(Reading database ... 50%(Reading database ... 55%(Reading database ... 60%(Reading database ... 65%(Reading database ... 70%(Reading database ... 75%(Reading database ... 80%(Reading database ... 85%(Reading database ... 90%(Reading database ... 95%(Reading database ... 100%(Reading database ... 13527 files and directories currently installed.)
Preparing to unpack .../qt5-qmake-bin_5.15.2+dfsg-12_amd64.deb ...
Unpacking qt5-qmake-bin (5.15.2+dfsg-12) ...
Selecting previously unselected package qtchooser.
Preparing to unpack .../qtchooser_66-2_amd64.deb ...
Unpacking qtchooser (66-2) ...
Selecting previously unselected package qt5-qmake:amd64.
Preparing to unpack .../qt5-qmake_5.15.2+dfsg-12_amd64.deb ...
Unpacking qt5-qmake:amd64 (5.15.2+dfsg-12) ...
Setting up qt5-qmake-bin (5.15.2+dfsg-12) ...
Setting up qtchooser (66-2) ...
Setting up qt5-qmake:amd64 (5.15.2+dfsg-12) ...
W: --force-yes is deprecated, use one of the options starting with --allow instead.
+ cp /usr/lib/x86_64-linux-gnu/qt5/mkspecs/linux-clang/qmake.conf /usr/lib/x86_64-linux-gnu/qt5/mkspecs/linux-clang/qplatformdefs.h /usr/lib/x86_64-linux-gnu/qt5/mkspecs/linux-g++/
+ ls -al /usr/lib/x86_64-linux-gnu/qt5/mkspecs/linux-g++/
total 16
drwxr-xr-x  2 root root 4096 Oct 26 22:43 .
drwxr-xr-x 76 root root 4096 Oct 26 22:43 ..
-rw-r--r--  1 root root  276 Oct 26 22:43 qmake.conf
-rw-r--r--  1 root root 3218 Oct 26 22:43 qplatformdefs.h
+ cat /usr/lib/x86_64-linux-gnu/qt5/mkspecs/linux-g++/qmake.conf
#
# qmake configuration for linux-clang
#

MAKEFILE_GENERATOR = UNIX
CONFIG += incremental

QMAKE_INCREMENTAL_STYLE = sublib

include(../common/linux.conf)
include(../common/gcc-base-unix.conf)
include(../common/clang.conf)

QMAKE_LFLAGS += -ccc-gcc-name g++

load(qt_config)
+ export QMAKESPEC=/usr/lib/x86_64-linux-gnu/qt5/mkspecs/linux-clang/
+ QMAKESPEC=/usr/lib/x86_64-linux-gnu/qt5/mkspecs/linux-clang/
+ sed -i -e 's|compare_problem(2,|compare_problem(0,|g' /usr/bin/dpkg-gensymbols
+ sed -i -e 's|compare_problem(1,|compare_problem(0,|g' /usr/bin/dpkg-gensymbols
+ grep 'compare_problem(' /usr/bin/dpkg-gensymbols
        compare_problem(4, g_('new libraries appeared in the symbols file: %s'), "@libs");
        compare_problem(3, g_('some libraries disappeared in the symbols file: %s'), "@libs");
        compare_problem(0, g_('some new symbols appeared in the symbols file: %s'),
        compare_problem(0, g_('some symbols or patterns disappeared in the symbols file: %s'),

I: Finished running '/tmp/clang12'.

Finished processing commands.
--------------------------------------------------------------------------------
I: NOTICE: Log filtering will replace 'build/fim-oEMeIF/resolver-L6biZA' with '<<RESOLVERDIR>>'

+------------------------------------------------------------------------------+
| Update chroot                                                                |
+------------------------------------------------------------------------------+

Hit:1 http://127.0.0.1:12990/debian sid InRelease
Reading package lists...
Reading package lists...
Building dependency tree...
Reading state information...
Calculating upgrade...
0 upgraded, 0 newly installed, 0 to remove and 0 not upgraded.

+------------------------------------------------------------------------------+
| Fetch source files                                                           |
+------------------------------------------------------------------------------+


Check APT
---------

Checking available source versions...

Download source files with APT
------------------------------

Reading package lists...
NOTICE: 'fim' packaging is maintained in the 'Git' version control system at:
https://salsa.debian.org/debian/fim.git
Please use:
git clone https://salsa.debian.org/debian/fim.git
to retrieve the latest (possibly unreleased) updates to the package.
Need to get 724 kB of source archives.
Get:1 http://127.0.0.1:12990/debian sid/main fim 0.5.3-7 (dsc) [2060 B]
Get:2 http://127.0.0.1:12990/debian sid/main fim 0.5.3-7 (tar) [704 kB]
Get:3 http://127.0.0.1:12990/debian sid/main fim 0.5.3-7 (diff) [17.5 kB]
Fetched 724 kB in 0s (7264 kB/s)
Download complete and in download only mode
I: NOTICE: Log filtering will replace 'build/fim-oEMeIF/fim-0.5.3' with '<<PKGBUILDDIR>>'
I: NOTICE: Log filtering will replace 'build/fim-oEMeIF' with '<<BUILDDIR>>'

+------------------------------------------------------------------------------+
| Install package build dependencies                                           |
+------------------------------------------------------------------------------+


Setup apt archive
-----------------

Merged Build-Depends: autoconf (>= 2.71), bison, debhelper-compat (= 13), flex, groff, libaa1-dev, libdjvulibre-dev, libexif-dev, libgif-dev, libjpeg-dev, libpng-dev, libreadline-dev, libsdl1.2-dev, libtiff-dev, libfl-dev, build-essential, fakeroot
Filtered Build-Depends: autoconf (>= 2.71), bison, debhelper-compat (= 13), flex, groff, libaa1-dev, libdjvulibre-dev, libexif-dev, libgif-dev, libjpeg-dev, libpng-dev, libreadline-dev, libsdl1.2-dev, libtiff-dev, libfl-dev, build-essential, fakeroot
dpkg-deb: building package 'sbuild-build-depends-main-dummy' in '/<<RESOLVERDIR>>/apt_archive/sbuild-build-depends-main-dummy.deb'.
Ign:1 copy:/<<RESOLVERDIR>>/apt_archive ./ InRelease
Get:2 copy:/<<RESOLVERDIR>>/apt_archive ./ Release [957 B]
Ign:3 copy:/<<RESOLVERDIR>>/apt_archive ./ Release.gpg
Get:4 copy:/<<RESOLVERDIR>>/apt_archive ./ Sources [449 B]
Get:5 copy:/<<RESOLVERDIR>>/apt_archive ./ Packages [530 B]
Fetched 1936 B in 0s (0 B/s)
Reading package lists...
Reading package lists...

Install main build dependencies (apt-based resolver)
----------------------------------------------------

Installing build dependencies
Reading package lists...
Building dependency tree...
Reading state information...
The following additional packages will be installed:
  autoconf automake autopoint autotools-dev bison bsdextrautils debhelper
  dh-autoreconf dh-strip-nondeterminism dwz file flex gettext gettext-base
  groff groff-base intltool-debian libaa1 libaa1-dev libarchive-zip-perl
  libasound2 libasound2-data libasound2-dev libasyncns0 libblkid-dev
  libcaca-dev libcaca0 libdbus-1-3 libdebhelper-perl libdeflate-dev
  libdeflate0 libdjvulibre-dev libdjvulibre-text libdjvulibre21 libdrm-amdgpu1
  libdrm-common libdrm-intel1 libdrm-nouveau2 libdrm-radeon1 libdrm2
  libegl-dev libegl-mesa0 libegl1 libexif-dev libexif12 libexpat1 libffi-dev
  libfile-stripnondeterminism-perl libfl-dev libfl2 libflac8 libgbm1
  libgif-dev libgif7 libgl-dev libgl1 libgl1-mesa-dev libgl1-mesa-dri
  libglapi-mesa libgles-dev libgles1 libgles2 libglib2.0-0 libglib2.0-bin
  libglib2.0-data libglib2.0-dev libglib2.0-dev-bin libglu1-mesa
  libglu1-mesa-dev libglvnd-core-dev libglvnd-dev libglvnd0 libglx-dev
  libglx-mesa0 libglx0 libgpm2 libice6 libjbig-dev libjbig0 libjpeg-dev
  libjpeg62-turbo libjpeg62-turbo-dev liblzma-dev libmagic-mgc libmagic1
  libmount-dev libmpdec3 libncurses-dev libncurses5-dev libncurses6
  libncursesw6 libogg0 libopengl-dev libopengl0 libopus0 libpciaccess0
  libpcre16-3 libpcre2-16-0 libpcre2-32-0 libpcre2-dev libpcre2-posix2
  libpcre3-dev libpcre32-3 libpcrecpp0v5 libpipeline1 libpng-dev libpng16-16
  libpthread-stubs0-dev libpulse-dev libpulse-mainloop-glib0 libpulse0
  libpython3-stdlib libpython3.9-minimal libpython3.9-stdlib libreadline-dev
  libreadline8 libsdl1.2-dev libsdl1.2debian libselinux1-dev libsensors-config
  libsensors5 libsepol1-dev libsigsegv2 libslang2 libslang2-dev libsm6
  libsndfile1 libsqlite3-0 libsub-override-perl libtiff-dev libtiff5
  libtiffxx5 libtool libuchardet0 libvorbis0a libvorbisenc2 libvulkan1
  libwayland-client0 libwayland-server0 libwebp6 libwrap0 libx11-6 libx11-data
  libx11-dev libx11-xcb1 libxau-dev libxau6 libxaw7 libxcb-dri2-0
  libxcb-dri3-0 libxcb-glx0 libxcb-present0 libxcb-shm0 libxcb-sync1
  libxcb-xfixes0 libxcb1 libxcb1-dev libxdmcp-dev libxdmcp6 libxext-dev
  libxext6 libxfixes3 libxmu6 libxpm4 libxshmfence1 libxt6 libxxf86vm1 m4
  man-db media-types pkg-config po-debconf python3 python3-distutils
  python3-lib2to3 python3-minimal python3.9 python3.9-minimal readline-common
  sensible-utils uuid-dev x11-common x11proto-dev xorg-sgml-doctools
  xtrans-dev zlib1g-dev
Suggested packages:
  autoconf-archive gnu-standards autoconf-doc bison-doc dh-make flex-doc
  gettext-doc libasprintf-dev libgettextpo-dev libasound2-plugins alsa-utils
  libasound2-doc libgirepository1.0-dev libglib2.0-doc libgdk-pixbuf2.0-bin
  | libgdk-pixbuf2.0-dev libxml2-utils gpm liblzma-doc ncurses-doc opus-tools
  pciutils pulseaudio readline-doc lm-sensors libtool-doc gfortran
  | fortran95-compiler gcj-jdk libx11-doc libxcb-doc libxext-doc m4-doc
  apparmor less www-browser libmail-box-perl python3-doc python3-tk
  python3-venv python3.9-venv python3.9-doc binfmt-support
Recommended packages:
  curl | wget | lynx ghostscript imagemagick libpaper1 netpbm psutils
  alsa-ucm-conf alsa-topology-conf dbus libexif-doc libarchive-cpio-perl
  shared-mime-info xdg-user-dirs libpng-tools ca-certificates libltdl-dev
  mesa-vulkan-drivers | vulkan-icd libmail-sendmail-perl
The following NEW packages will be installed:
  autoconf automake autopoint autotools-dev bison bsdextrautils debhelper
  dh-autoreconf dh-strip-nondeterminism dwz file flex gettext gettext-base
  groff groff-base intltool-debian libaa1 libaa1-dev libarchive-zip-perl
  libasound2 libasound2-data libasound2-dev libasyncns0 libblkid-dev
  libcaca-dev libcaca0 libdbus-1-3 libdebhelper-perl libdeflate-dev
  libdeflate0 libdjvulibre-dev libdjvulibre-text libdjvulibre21 libdrm-amdgpu1
  libdrm-common libdrm-intel1 libdrm-nouveau2 libdrm-radeon1 libdrm2
  libegl-dev libegl-mesa0 libegl1 libexif-dev libexif12 libexpat1 libffi-dev
  libfile-stripnondeterminism-perl libfl-dev libfl2 libflac8 libgbm1
  libgif-dev libgif7 libgl-dev libgl1 libgl1-mesa-dev libgl1-mesa-dri
  libglapi-mesa libgles-dev libgles1 libgles2 libglib2.0-0 libglib2.0-bin
  libglib2.0-data libglib2.0-dev libglib2.0-dev-bin libglu1-mesa
  libglu1-mesa-dev libglvnd-core-dev libglvnd-dev libglvnd0 libglx-dev
  libglx-mesa0 libglx0 libgpm2 libice6 libjbig-dev libjbig0 libjpeg-dev
  libjpeg62-turbo libjpeg62-turbo-dev liblzma-dev libmagic-mgc libmagic1
  libmount-dev libmpdec3 libncurses-dev libncurses5-dev libncurses6
  libncursesw6 libogg0 libopengl-dev libopengl0 libopus0 libpciaccess0
  libpcre16-3 libpcre2-16-0 libpcre2-32-0 libpcre2-dev libpcre2-posix2
  libpcre3-dev libpcre32-3 libpcrecpp0v5 libpipeline1 libpng-dev libpng16-16
  libpthread-stubs0-dev libpulse-dev libpulse-mainloop-glib0 libpulse0
  libpython3-stdlib libpython3.9-minimal libpython3.9-stdlib libreadline-dev
  libreadline8 libsdl1.2-dev libsdl1.2debian libselinux1-dev libsensors-config
  libsensors5 libsepol1-dev libsigsegv2 libslang2 libslang2-dev libsm6
  libsndfile1 libsqlite3-0 libsub-override-perl libtiff-dev libtiff5
  libtiffxx5 libtool libuchardet0 libvorbis0a libvorbisenc2 libvulkan1
  libwayland-client0 libwayland-server0 libwebp6 libwrap0 libx11-6 libx11-data
  libx11-dev libx11-xcb1 libxau-dev libxau6 libxaw7 libxcb-dri2-0
  libxcb-dri3-0 libxcb-glx0 libxcb-present0 libxcb-shm0 libxcb-sync1
  libxcb-xfixes0 libxcb1 libxcb1-dev libxdmcp-dev libxdmcp6 libxext-dev
  libxext6 libxfixes3 libxmu6 libxpm4 libxshmfence1 libxt6 libxxf86vm1 m4
  man-db media-types pkg-config po-debconf python3 python3-distutils
  python3-lib2to3 python3-minimal python3.9 python3.9-minimal readline-common
  sbuild-build-depends-main-dummy sensible-utils uuid-dev x11-common
  x11proto-dev xorg-sgml-doctools xtrans-dev zlib1g-dev
0 upgraded, 187 newly installed, 0 to remove and 0 not upgraded.
Need to get 59.1 MB of archives.
After this operation, 212 MB of additional disk space will be used.
Get:1 copy:/<<RESOLVERDIR>>/apt_archive ./ sbuild-build-depends-main-dummy 0.invalid.0 [956 B]
Get:2 http://127.0.0.1:12990/debian sid/main amd64 bsdextrautils amd64 2.37.2-4 [143 kB]
Get:3 http://127.0.0.1:12990/debian sid/main amd64 libuchardet0 amd64 0.0.7-1 [67.8 kB]
Get:4 http://127.0.0.1:12990/debian sid/main amd64 groff-base amd64 1.22.4-7 [935 kB]
Get:5 http://127.0.0.1:12990/debian sid/main amd64 libpipeline1 amd64 1.5.3-1 [34.3 kB]
Get:6 http://127.0.0.1:12990/debian sid/main amd64 man-db amd64 2.9.4-2 [1354 kB]
Get:7 http://127.0.0.1:12990/debian sid/main amd64 libsigsegv2 amd64 2.13-1 [34.8 kB]
Get:8 http://127.0.0.1:12990/debian sid/main amd64 m4 amd64 1.4.18-5 [204 kB]
Get:9 http://127.0.0.1:12990/debian sid/main amd64 flex amd64 2.6.4-8 [440 kB]
Get:10 http://127.0.0.1:12990/debian sid/main amd64 libpython3.9-minimal amd64 3.9.7-4 [804 kB]
Get:11 http://127.0.0.1:12990/debian sid/main amd64 libexpat1 amd64 2.4.1-3 [104 kB]
Get:12 http://127.0.0.1:12990/debian sid/main amd64 python3.9-minimal amd64 3.9.7-4 [1963 kB]
Get:13 http://127.0.0.1:12990/debian sid/main amd64 python3-minimal amd64 3.9.2-3 [38.2 kB]
Get:14 http://127.0.0.1:12990/debian sid/main amd64 media-types all 4.0.0 [30.3 kB]
Get:15 http://127.0.0.1:12990/debian sid/main amd64 libmpdec3 amd64 2.5.1-2 [87.8 kB]
Get:16 http://127.0.0.1:12990/debian sid/main amd64 libncursesw6 amd64 6.2+20210905-1 [133 kB]
Get:17 http://127.0.0.1:12990/debian sid/main amd64 readline-common all 8.1-2 [73.8 kB]
Get:18 http://127.0.0.1:12990/debian sid/main amd64 libreadline8 amd64 8.1-2 [168 kB]
Get:19 http://127.0.0.1:12990/debian sid/main amd64 libsqlite3-0 amd64 3.36.0-2 [815 kB]
Get:20 http://127.0.0.1:12990/debian sid/main amd64 libpython3.9-stdlib amd64 3.9.7-4 [1688 kB]
Get:21 http://127.0.0.1:12990/debian sid/main amd64 python3.9 amd64 3.9.7-4 [480 kB]
Get:22 http://127.0.0.1:12990/debian sid/main amd64 libpython3-stdlib amd64 3.9.2-3 [21.4 kB]
Get:23 http://127.0.0.1:12990/debian sid/main amd64 python3 amd64 3.9.2-3 [37.9 kB]
Get:24 http://127.0.0.1:12990/debian sid/main amd64 sensible-utils all 0.0.17 [21.5 kB]
Get:25 http://127.0.0.1:12990/debian sid/main amd64 libmagic-mgc amd64 1:5.39-3 [273 kB]
Get:26 http://127.0.0.1:12990/debian sid/main amd64 libmagic1 amd64 1:5.39-3 [126 kB]
Get:27 http://127.0.0.1:12990/debian sid/main amd64 file amd64 1:5.39-3 [69.1 kB]
Get:28 http://127.0.0.1:12990/debian sid/main amd64 gettext-base amd64 0.21-4 [175 kB]
Get:29 http://127.0.0.1:12990/debian sid/main amd64 autoconf all 2.71-2 [343 kB]
Get:30 http://127.0.0.1:12990/debian sid/main amd64 autotools-dev all 20180224.1+nmu1 [77.1 kB]
Get:31 http://127.0.0.1:12990/debian sid/main amd64 automake all 1:1.16.5-1 [823 kB]
Get:32 http://127.0.0.1:12990/debian sid/main amd64 autopoint all 0.21-4 [510 kB]
Get:33 http://127.0.0.1:12990/debian sid/main amd64 bison amd64 2:3.8.2+dfsg-1 [1173 kB]
Get:34 http://127.0.0.1:12990/debian sid/main amd64 libdebhelper-perl all 13.5.2 [192 kB]
Get:35 http://127.0.0.1:12990/debian sid/main amd64 libtool all 2.4.6-15 [513 kB]
Get:36 http://127.0.0.1:12990/debian sid/main amd64 dh-autoreconf all 20 [17.1 kB]
Get:37 http://127.0.0.1:12990/debian sid/main amd64 libarchive-zip-perl all 1.68-1 [104 kB]
Get:38 http://127.0.0.1:12990/debian sid/main amd64 libsub-override-perl all 0.09-2 [10.2 kB]
Get:39 http://127.0.0.1:12990/debian sid/main amd64 libfile-stripnondeterminism-perl all 1.12.0-2 [26.3 kB]
Get:40 http://127.0.0.1:12990/debian sid/main amd64 dh-strip-nondeterminism all 1.12.0-2 [15.5 kB]
Get:41 http://127.0.0.1:12990/debian sid/main amd64 dwz amd64 0.14-1 [98.3 kB]
Get:42 http://127.0.0.1:12990/debian sid/main amd64 gettext amd64 0.21-4 [1311 kB]
Get:43 http://127.0.0.1:12990/debian sid/main amd64 intltool-debian all 0.35.0+20060710.5 [26.8 kB]
Get:44 http://127.0.0.1:12990/debian sid/main amd64 po-debconf all 1.0.21+nmu1 [248 kB]
Get:45 http://127.0.0.1:12990/debian sid/main amd64 debhelper all 13.5.2 [1056 kB]
Get:46 http://127.0.0.1:12990/debian sid/main amd64 libxau6 amd64 1:1.0.9-1 [19.7 kB]
Get:47 http://127.0.0.1:12990/debian sid/main amd64 libxdmcp6 amd64 1:1.1.2-3 [26.3 kB]
Get:48 http://127.0.0.1:12990/debian sid/main amd64 libxcb1 amd64 1.14-3 [140 kB]
Get:49 http://127.0.0.1:12990/debian sid/main amd64 libx11-data all 2:1.7.2-2 [311 kB]
Get:50 http://127.0.0.1:12990/debian sid/main amd64 libx11-6 amd64 2:1.7.2-2+b1 [772 kB]
Get:51 http://127.0.0.1:12990/debian sid/main amd64 libxext6 amd64 2:1.3.4-1 [53.1 kB]
Get:52 http://127.0.0.1:12990/debian sid/main amd64 x11-common all 1:7.7+23 [252 kB]
Get:53 http://127.0.0.1:12990/debian sid/main amd64 libice6 amd64 2:1.0.10-1 [58.5 kB]
Get:54 http://127.0.0.1:12990/debian sid/main amd64 libsm6 amd64 2:1.2.3-1 [35.1 kB]
Get:55 http://127.0.0.1:12990/debian sid/main amd64 libxt6 amd64 1:1.2.0-1 [189 kB]
Get:56 http://127.0.0.1:12990/debian sid/main amd64 libxmu6 amd64 2:1.1.2-2+b3 [60.8 kB]
Get:57 http://127.0.0.1:12990/debian sid/main amd64 libxpm4 amd64 1:3.5.12-1 [49.1 kB]
Get:58 http://127.0.0.1:12990/debian sid/main amd64 libxaw7 amd64 2:1.0.13-1.1 [202 kB]
Get:59 http://127.0.0.1:12990/debian sid/main amd64 groff amd64 1.22.4-7 [3983 kB]
Get:60 http://127.0.0.1:12990/debian sid/main amd64 libgpm2 amd64 1.20.7-9 [35.8 kB]
Get:61 http://127.0.0.1:12990/debian sid/main amd64 libncurses6 amd64 6.2+20210905-1 [102 kB]
Get:62 http://127.0.0.1:12990/debian sid/main amd64 libslang2 amd64 2.3.2-5 [509 kB]
Get:63 http://127.0.0.1:12990/debian sid/main amd64 libaa1 amd64 1.4p5-50 [55.7 kB]
Get:64 http://127.0.0.1:12990/debian sid/main amd64 libncurses-dev amd64 6.2+20210905-1 [344 kB]
Get:65 http://127.0.0.1:12990/debian sid/main amd64 libncurses5-dev amd64 6.2+20210905-1 [940 B]
Get:66 http://127.0.0.1:12990/debian sid/main amd64 libpng16-16 amd64 1.6.37-3 [294 kB]
Get:67 http://127.0.0.1:12990/debian sid/main amd64 zlib1g-dev amd64 1:1.2.11.dfsg-2 [190 kB]
Get:68 http://127.0.0.1:12990/debian sid/main amd64 libpng-dev amd64 1.6.37-3 [298 kB]
Get:69 http://127.0.0.1:12990/debian sid/main amd64 libslang2-dev amd64 2.3.2-5 [485 kB]
Get:70 http://127.0.0.1:12990/debian sid/main amd64 xorg-sgml-doctools all 1:1.11-1.1 [22.1 kB]
Get:71 http://127.0.0.1:12990/debian sid/main amd64 x11proto-dev all 2021.5-1 [599 kB]
Get:72 http://127.0.0.1:12990/debian sid/main amd64 libxau-dev amd64 1:1.0.9-1 [22.9 kB]
Get:73 http://127.0.0.1:12990/debian sid/main amd64 libxdmcp-dev amd64 1:1.1.2-3 [42.2 kB]
Get:74 http://127.0.0.1:12990/debian sid/main amd64 xtrans-dev all 1.4.0-1 [98.7 kB]
Get:75 http://127.0.0.1:12990/debian sid/main amd64 libpthread-stubs0-dev amd64 0.4-1 [5344 B]
Get:76 http://127.0.0.1:12990/debian sid/main amd64 libxcb1-dev amd64 1.14-3 [176 kB]
Get:77 http://127.0.0.1:12990/debian sid/main amd64 libx11-dev amd64 2:1.7.2-2+b1 [844 kB]
Get:78 http://127.0.0.1:12990/debian sid/main amd64 libaa1-dev amd64 1.4p5-50 [130 kB]
Get:79 http://127.0.0.1:12990/debian sid/main amd64 libasound2-data all 1.2.5.1-1 [38.6 kB]
Get:80 http://127.0.0.1:12990/debian sid/main amd64 libasound2 amd64 1.2.5.1-1 [373 kB]
Get:81 http://127.0.0.1:12990/debian sid/main amd64 libasound2-dev amd64 1.2.5.1-1 [127 kB]
Get:82 http://127.0.0.1:12990/debian sid/main amd64 libasyncns0 amd64 0.8-6+b2 [12.9 kB]
Get:83 http://127.0.0.1:12990/debian sid/main amd64 uuid-dev amd64 2.37.2-4 [95.8 kB]
Get:84 http://127.0.0.1:12990/debian sid/main amd64 libblkid-dev amd64 2.37.2-4 [232 kB]
Get:85 http://127.0.0.1:12990/debian sid/main amd64 libcaca0 amd64 0.99.beta19-2.2 [348 kB]
Get:86 http://127.0.0.1:12990/debian sid/main amd64 libcaca-dev amd64 0.99.beta19-2.2 [893 kB]
Get:87 http://127.0.0.1:12990/debian sid/main amd64 libdbus-1-3 amd64 1.12.20-3 [219 kB]
Get:88 http://127.0.0.1:12990/debian sid/main amd64 libdeflate0 amd64 1.8-1 [53.1 kB]
Get:89 http://127.0.0.1:12990/debian sid/main amd64 libdeflate-dev amd64 1.8-1 [46.7 kB]
Get:90 http://127.0.0.1:12990/debian sid/main amd64 libjpeg62-turbo amd64 1:2.0.6-4 [151 kB]
Get:91 http://127.0.0.1:12990/debian sid/main amd64 libdjvulibre-text all 3.5.28-2 [61.8 kB]
Get:92 http://127.0.0.1:12990/debian sid/main amd64 libdjvulibre21 amd64 3.5.28-2 [591 kB]
Get:93 http://127.0.0.1:12990/debian sid/main amd64 libjpeg62-turbo-dev amd64 1:2.0.6-4 [278 kB]
Get:94 http://127.0.0.1:12990/debian sid/main amd64 libjpeg-dev amd64 1:2.0.6-4 [67.8 kB]
Get:95 http://127.0.0.1:12990/debian sid/main amd64 libdjvulibre-dev amd64 3.5.28-2 [2400 kB]
Get:96 http://127.0.0.1:12990/debian sid/main amd64 libdrm-common all 2.4.107-8 [15.3 kB]
Get:97 http://127.0.0.1:12990/debian sid/main amd64 libdrm2 amd64 2.4.107-8 [44.0 kB]
Get:98 http://127.0.0.1:12990/debian sid/main amd64 libdrm-amdgpu1 amd64 2.4.107-8 [29.0 kB]
Get:99 http://127.0.0.1:12990/debian sid/main amd64 libpciaccess0 amd64 0.16-1 [53.6 kB]
Get:100 http://127.0.0.1:12990/debian sid/main amd64 libdrm-intel1 amd64 2.4.107-8 [72.5 kB]
Get:101 http://127.0.0.1:12990/debian sid/main amd64 libdrm-nouveau2 amd64 2.4.107-8 [27.3 kB]
Get:102 http://127.0.0.1:12990/debian sid/main amd64 libdrm-radeon1 amd64 2.4.107-8 [30.6 kB]
Get:103 http://127.0.0.1:12990/debian sid/main amd64 libglvnd0 amd64 1.3.4-2+b1 [51.7 kB]
Get:104 http://127.0.0.1:12990/debian sid/main amd64 libwayland-server0 amd64 1.19.0-2+b1 [34.8 kB]
Get:105 http://127.0.0.1:12990/debian sid/main amd64 libgbm1 amd64 21.2.4-1 [76.8 kB]
Get:106 http://127.0.0.1:12990/debian sid/main amd64 libglapi-mesa amd64 21.2.4-1 [74.9 kB]
Get:107 http://127.0.0.1:12990/debian sid/main amd64 libwayland-client0 amd64 1.19.0-2+b1 [27.3 kB]
Get:108 http://127.0.0.1:12990/debian sid/main amd64 libx11-xcb1 amd64 2:1.7.2-2+b1 [203 kB]
Get:109 http://127.0.0.1:12990/debian sid/main amd64 libxcb-dri2-0 amd64 1.14-3 [103 kB]
Get:110 http://127.0.0.1:12990/debian sid/main amd64 libxcb-dri3-0 amd64 1.14-3 [102 kB]
Get:111 http://127.0.0.1:12990/debian sid/main amd64 libxcb-present0 amd64 1.14-3 [101 kB]
Get:112 http://127.0.0.1:12990/debian sid/main amd64 libxcb-sync1 amd64 1.14-3 [105 kB]
Get:113 http://127.0.0.1:12990/debian sid/main amd64 libxcb-xfixes0 amd64 1.14-3 [105 kB]
Get:114 http://127.0.0.1:12990/debian sid/main amd64 libxshmfence1 amd64 1.3-1 [8820 B]
Get:115 http://127.0.0.1:12990/debian sid/main amd64 libegl-mesa0 amd64 21.2.4-1 [144 kB]
Get:116 http://127.0.0.1:12990/debian sid/main amd64 libegl1 amd64 1.3.4-2+b1 [35.4 kB]
Get:117 http://127.0.0.1:12990/debian sid/main amd64 libxcb-glx0 amd64 1.14-3 [118 kB]
Get:118 http://127.0.0.1:12990/debian sid/main amd64 libxcb-shm0 amd64 1.14-3 [101 kB]
Get:119 http://127.0.0.1:12990/debian sid/main amd64 libxfixes3 amd64 1:5.0.3-2 [22.1 kB]
Get:120 http://127.0.0.1:12990/debian sid/main amd64 libxxf86vm1 amd64 1:1.1.4-1+b2 [20.8 kB]
Get:121 http://127.0.0.1:12990/debian sid/main amd64 libsensors-config all 1:3.6.0-7 [32.3 kB]
Get:122 http://127.0.0.1:12990/debian sid/main amd64 libsensors5 amd64 1:3.6.0-7 [52.3 kB]
Get:123 http://127.0.0.1:12990/debian sid/main amd64 libvulkan1 amd64 1.2.189.0-2 [104 kB]
Get:124 http://127.0.0.1:12990/debian sid/main amd64 libgl1-mesa-dri amd64 21.2.4-1 [10.3 MB]
Get:125 http://127.0.0.1:12990/debian sid/main amd64 libglx-mesa0 amd64 21.2.4-1 [184 kB]
Get:126 http://127.0.0.1:12990/debian sid/main amd64 libglx0 amd64 1.3.4-2+b1 [36.5 kB]
Get:127 http://127.0.0.1:12990/debian sid/main amd64 libgl1 amd64 1.3.4-2+b1 [89.6 kB]
Get:128 http://127.0.0.1:12990/debian sid/main amd64 libglx-dev amd64 1.3.4-2+b1 [16.9 kB]
Get:129 http://127.0.0.1:12990/debian sid/main amd64 libgl-dev amd64 1.3.4-2+b1 [101 kB]
Get:130 http://127.0.0.1:12990/debian sid/main amd64 libegl-dev amd64 1.3.4-2+b1 [20.4 kB]
Get:131 http://127.0.0.1:12990/debian sid/main amd64 libexif12 amd64 0.6.23-1 [387 kB]
Get:132 http://127.0.0.1:12990/debian sid/main amd64 libexif-dev amd64 0.6.23-1 [106 kB]
Get:133 http://127.0.0.1:12990/debian sid/main amd64 libffi-dev amd64 3.4.2-3 [60.4 kB]
Get:134 http://127.0.0.1:12990/debian sid/main amd64 libfl2 amd64 2.6.4-8 [103 kB]
Get:135 http://127.0.0.1:12990/debian sid/main amd64 libfl-dev amd64 2.6.4-8 [104 kB]
Get:136 http://127.0.0.1:12990/debian sid/main amd64 libogg0 amd64 1.3.4-0.1 [27.3 kB]
Get:137 http://127.0.0.1:12990/debian sid/main amd64 libflac8 amd64 1.3.3-2 [112 kB]
Get:138 http://127.0.0.1:12990/debian sid/main amd64 libgif7 amd64 5.1.9-2 [45.1 kB]
Get:139 http://127.0.0.1:12990/debian sid/main amd64 libgif-dev amd64 5.1.9-2 [47.8 kB]
Get:140 http://127.0.0.1:12990/debian sid/main amd64 libglvnd-core-dev amd64 1.3.4-2+b1 [14.4 kB]
Get:141 http://127.0.0.1:12990/debian sid/main amd64 libgles1 amd64 1.3.4-2+b1 [13.2 kB]
Get:142 http://127.0.0.1:12990/debian sid/main amd64 libgles2 amd64 1.3.4-2+b1 [18.3 kB]
Get:143 http://127.0.0.1:12990/debian sid/main amd64 libgles-dev amd64 1.3.4-2+b1 [50.9 kB]
Get:144 http://127.0.0.1:12990/debian sid/main amd64 libopengl0 amd64 1.3.4-2+b1 [32.0 kB]
Get:145 http://127.0.0.1:12990/debian sid/main amd64 libopengl-dev amd64 1.3.4-2+b1 [6428 B]
Get:146 http://127.0.0.1:12990/debian sid/main amd64 libglvnd-dev amd64 1.3.4-2+b1 [6188 B]
Get:147 http://127.0.0.1:12990/debian sid/main amd64 libgl1-mesa-dev amd64 21.2.4-1 [54.0 kB]
Get:148 http://127.0.0.1:12990/debian sid/main amd64 libglib2.0-0 amd64 2.70.0-3 [1401 kB]
Get:149 http://127.0.0.1:12990/debian sid/main amd64 libglib2.0-data all 2.70.0-3 [1189 kB]
Get:150 http://127.0.0.1:12990/debian sid/main amd64 libglib2.0-bin amd64 2.70.0-3 [145 kB]
Get:151 http://127.0.0.1:12990/debian sid/main amd64 python3-lib2to3 all 3.9.7-1 [79.4 kB]
Get:152 http://127.0.0.1:12990/debian sid/main amd64 python3-distutils all 3.9.7-1 [146 kB]
Get:153 http://127.0.0.1:12990/debian sid/main amd64 libglib2.0-dev-bin amd64 2.70.0-3 [183 kB]
Get:154 http://127.0.0.1:12990/debian sid/main amd64 libsepol1-dev amd64 3.1-1 [338 kB]
Get:155 http://127.0.0.1:12990/debian sid/main amd64 libpcre2-16-0 amd64 10.36-2 [231 kB]
Get:156 http://127.0.0.1:12990/debian sid/main amd64 libpcre2-32-0 amd64 10.36-2 [220 kB]
Get:157 http://127.0.0.1:12990/debian sid/main amd64 libpcre2-posix2 amd64 10.36-2 [49.1 kB]
Get:158 http://127.0.0.1:12990/debian sid/main amd64 libpcre2-dev amd64 10.36-2 [731 kB]
Get:159 http://127.0.0.1:12990/debian sid/main amd64 libselinux1-dev amd64 3.1-3 [168 kB]
Get:160 http://127.0.0.1:12990/debian sid/main amd64 libmount-dev amd64 2.37.2-4 [79.0 kB]
Get:161 http://127.0.0.1:12990/debian sid/main amd64 libpcre16-3 amd64 2:8.39-13 [259 kB]
Get:162 http://127.0.0.1:12990/debian sid/main amd64 libpcre32-3 amd64 2:8.39-13 [250 kB]
Get:163 http://127.0.0.1:12990/debian sid/main amd64 libpcrecpp0v5 amd64 2:8.39-13 [152 kB]
Get:164 http://127.0.0.1:12990/debian sid/main amd64 libpcre3-dev amd64 2:8.39-13 [650 kB]
Get:165 http://127.0.0.1:12990/debian sid/main amd64 pkg-config amd64 0.29.2-1 [65.1 kB]
Get:166 http://127.0.0.1:12990/debian sid/main amd64 libglib2.0-dev amd64 2.70.0-3 [1599 kB]
Get:167 http://127.0.0.1:12990/debian sid/main amd64 libglu1-mesa amd64 9.0.1-1 [168 kB]
Get:168 http://127.0.0.1:12990/debian sid/main amd64 libglu1-mesa-dev amd64 9.0.1-1 [207 kB]
Get:169 http://127.0.0.1:12990/debian sid/main amd64 libjbig0 amd64 2.1-3.1+b2 [31.0 kB]
Get:170 http://127.0.0.1:12990/debian sid/main amd64 libjbig-dev amd64 2.1-3.1+b2 [30.5 kB]
Get:171 http://127.0.0.1:12990/debian sid/main amd64 liblzma-dev amd64 5.2.5-2 [229 kB]
Get:172 http://127.0.0.1:12990/debian sid/main amd64 libopus0 amd64 1.3.1-0.1 [190 kB]
Get:173 http://127.0.0.1:12990/debian sid/main amd64 libvorbis0a amd64 1.3.7-1 [93.0 kB]
Get:174 http://127.0.0.1:12990/debian sid/main amd64 libvorbisenc2 amd64 1.3.7-1 [80.6 kB]
Get:175 http://127.0.0.1:12990/debian sid/main amd64 libsndfile1 amd64 1.0.31-2 [188 kB]
Get:176 http://127.0.0.1:12990/debian sid/main amd64 libwrap0 amd64 7.6.q-31 [59.0 kB]
Get:177 http://127.0.0.1:12990/debian sid/main amd64 libpulse0 amd64 15.0+dfsg1-2 [293 kB]
Get:178 http://127.0.0.1:12990/debian sid/main amd64 libpulse-mainloop-glib0 amd64 15.0+dfsg1-2 [43.9 kB]
Get:179 http://127.0.0.1:12990/debian sid/main amd64 libpulse-dev amd64 15.0+dfsg1-2 [106 kB]
Get:180 http://127.0.0.1:12990/debian sid/main amd64 libreadline-dev amd64 8.1-2 [148 kB]
Get:181 http://127.0.0.1:12990/debian sid/main amd64 libsdl1.2debian amd64 1.2.15+dfsg2-6 [195 kB]
Get:182 http://127.0.0.1:12990/debian sid/main amd64 libxext-dev amd64 2:1.3.4-1 [107 kB]
Get:183 http://127.0.0.1:12990/debian sid/main amd64 libsdl1.2-dev amd64 1.2.15+dfsg2-6 [730 kB]
Get:184 http://127.0.0.1:12990/debian sid/main amd64 libwebp6 amd64 0.6.1-2.1 [258 kB]
Get:185 http://127.0.0.1:12990/debian sid/main amd64 libtiff5 amd64 4.3.0-2 [294 kB]
Get:186 http://127.0.0.1:12990/debian sid/main amd64 libtiffxx5 amd64 4.3.0-2 [133 kB]
Get:187 http://127.0.0.1:12990/debian sid/main amd64 libtiff-dev amd64 4.3.0-2 [419 kB]
debconf: delaying package configuration, since apt-utils is not installed
Fetched 59.1 MB in 1s (107 MB/s)
Selecting previously unselected package bsdextrautils.
(Reading database ... 14272 files and directories currently installed.)
Preparing to unpack .../00-bsdextrautils_2.37.2-4_amd64.deb ...
Unpacking bsdextrautils (2.37.2-4) ...
Selecting previously unselected package libuchardet0:amd64.
Preparing to unpack .../01-libuchardet0_0.0.7-1_amd64.deb ...
Unpacking libuchardet0:amd64 (0.0.7-1) ...
Selecting previously unselected package groff-base.
Preparing to unpack .../02-groff-base_1.22.4-7_amd64.deb ...
Unpacking groff-base (1.22.4-7) ...
Selecting previously unselected package libpipeline1:amd64.
Preparing to unpack .../03-libpipeline1_1.5.3-1_amd64.deb ...
Unpacking libpipeline1:amd64 (1.5.3-1) ...
Selecting previously unselected package man-db.
Preparing to unpack .../04-man-db_2.9.4-2_amd64.deb ...
Unpacking man-db (2.9.4-2) ...
Selecting previously unselected package libsigsegv2:amd64.
Preparing to unpack .../05-libsigsegv2_2.13-1_amd64.deb ...
Unpacking libsigsegv2:amd64 (2.13-1) ...
Selecting previously unselected package m4.
Preparing to unpack .../06-m4_1.4.18-5_amd64.deb ...
Unpacking m4 (1.4.18-5) ...
Selecting previously unselected package flex.
Preparing to unpack .../07-flex_2.6.4-8_amd64.deb ...
Unpacking flex (2.6.4-8) ...
Selecting previously unselected package libpython3.9-minimal:amd64.
Preparing to unpack .../08-libpython3.9-minimal_3.9.7-4_amd64.deb ...
Unpacking libpython3.9-minimal:amd64 (3.9.7-4) ...
Selecting previously unselected package libexpat1:amd64.
Preparing to unpack .../09-libexpat1_2.4.1-3_amd64.deb ...
Unpacking libexpat1:amd64 (2.4.1-3) ...
Selecting previously unselected package python3.9-minimal.
Preparing to unpack .../10-python3.9-minimal_3.9.7-4_amd64.deb ...
Unpacking python3.9-minimal (3.9.7-4) ...
Setting up libpython3.9-minimal:amd64 (3.9.7-4) ...
Setting up libexpat1:amd64 (2.4.1-3) ...
Setting up python3.9-minimal (3.9.7-4) ...
Selecting previously unselected package python3-minimal.
(Reading database ... 15306 files and directories currently installed.)
Preparing to unpack .../0-python3-minimal_3.9.2-3_amd64.deb ...
Unpacking python3-minimal (3.9.2-3) ...
Selecting previously unselected package media-types.
Preparing to unpack .../1-media-types_4.0.0_all.deb ...
Unpacking media-types (4.0.0) ...
Selecting previously unselected package libmpdec3:amd64.
Preparing to unpack .../2-libmpdec3_2.5.1-2_amd64.deb ...
Unpacking libmpdec3:amd64 (2.5.1-2) ...
Selecting previously unselected package libncursesw6:amd64.
Preparing to unpack .../3-libncursesw6_6.2+20210905-1_amd64.deb ...
Unpacking libncursesw6:amd64 (6.2+20210905-1) ...
Selecting previously unselected package readline-common.
Preparing to unpack .../4-readline-common_8.1-2_all.deb ...
Unpacking readline-common (8.1-2) ...
Selecting previously unselected package libreadline8:amd64.
Preparing to unpack .../5-libreadline8_8.1-2_amd64.deb ...
Unpacking libreadline8:amd64 (8.1-2) ...
Selecting previously unselected package libsqlite3-0:amd64.
Preparing to unpack .../6-libsqlite3-0_3.36.0-2_amd64.deb ...
Unpacking libsqlite3-0:amd64 (3.36.0-2) ...
Selecting previously unselected package libpython3.9-stdlib:amd64.
Preparing to unpack .../7-libpython3.9-stdlib_3.9.7-4_amd64.deb ...
Unpacking libpython3.9-stdlib:amd64 (3.9.7-4) ...
Selecting previously unselected package python3.9.
Preparing to unpack .../8-python3.9_3.9.7-4_amd64.deb ...
Unpacking python3.9 (3.9.7-4) ...
Selecting previously unselected package libpython3-stdlib:amd64.
Preparing to unpack .../9-libpython3-stdlib_3.9.2-3_amd64.deb ...
Unpacking libpython3-stdlib:amd64 (3.9.2-3) ...
Setting up python3-minimal (3.9.2-3) ...
Selecting previously unselected package python3.
(Reading database ... 15745 files and directories currently installed.)
Preparing to unpack .../000-python3_3.9.2-3_amd64.deb ...
Unpacking python3 (3.9.2-3) ...
Selecting previously unselected package sensible-utils.
Preparing to unpack .../001-sensible-utils_0.0.17_all.deb ...
Unpacking sensible-utils (0.0.17) ...
Selecting previously unselected package libmagic-mgc.
Preparing to unpack .../002-libmagic-mgc_1%3a5.39-3_amd64.deb ...
Unpacking libmagic-mgc (1:5.39-3) ...
Selecting previously unselected package libmagic1:amd64.
Preparing to unpack .../003-libmagic1_1%3a5.39-3_amd64.deb ...
Unpacking libmagic1:amd64 (1:5.39-3) ...
Selecting previously unselected package file.
Preparing to unpack .../004-file_1%3a5.39-3_amd64.deb ...
Unpacking file (1:5.39-3) ...
Selecting previously unselected package gettext-base.
Preparing to unpack .../005-gettext-base_0.21-4_amd64.deb ...
Unpacking gettext-base (0.21-4) ...
Selecting previously unselected package autoconf.
Preparing to unpack .../006-autoconf_2.71-2_all.deb ...
Unpacking autoconf (2.71-2) ...
Selecting previously unselected package autotools-dev.
Preparing to unpack .../007-autotools-dev_20180224.1+nmu1_all.deb ...
Unpacking autotools-dev (20180224.1+nmu1) ...
Selecting previously unselected package automake.
Preparing to unpack .../008-automake_1%3a1.16.5-1_all.deb ...
Unpacking automake (1:1.16.5-1) ...
Selecting previously unselected package autopoint.
Preparing to unpack .../009-autopoint_0.21-4_all.deb ...
Unpacking autopoint (0.21-4) ...
Selecting previously unselected package bison.
Preparing to unpack .../010-bison_2%3a3.8.2+dfsg-1_amd64.deb ...
Unpacking bison (2:3.8.2+dfsg-1) ...
Selecting previously unselected package libdebhelper-perl.
Preparing to unpack .../011-libdebhelper-perl_13.5.2_all.deb ...
Unpacking libdebhelper-perl (13.5.2) ...
Selecting previously unselected package libtool.
Preparing to unpack .../012-libtool_2.4.6-15_all.deb ...
Unpacking libtool (2.4.6-15) ...
Selecting previously unselected package dh-autoreconf.
Preparing to unpack .../013-dh-autoreconf_20_all.deb ...
Unpacking dh-autoreconf (20) ...
Selecting previously unselected package libarchive-zip-perl.
Preparing to unpack .../014-libarchive-zip-perl_1.68-1_all.deb ...
Unpacking libarchive-zip-perl (1.68-1) ...
Selecting previously unselected package libsub-override-perl.
Preparing to unpack .../015-libsub-override-perl_0.09-2_all.deb ...
Unpacking libsub-override-perl (0.09-2) ...
Selecting previously unselected package libfile-stripnondeterminism-perl.
Preparing to unpack .../016-libfile-stripnondeterminism-perl_1.12.0-2_all.deb ...
Unpacking libfile-stripnondeterminism-perl (1.12.0-2) ...
Selecting previously unselected package dh-strip-nondeterminism.
Preparing to unpack .../017-dh-strip-nondeterminism_1.12.0-2_all.deb ...
Unpacking dh-strip-nondeterminism (1.12.0-2) ...
Selecting previously unselected package dwz.
Preparing to unpack .../018-dwz_0.14-1_amd64.deb ...
Unpacking dwz (0.14-1) ...
Selecting previously unselected package gettext.
Preparing to unpack .../019-gettext_0.21-4_amd64.deb ...
Unpacking gettext (0.21-4) ...
Selecting previously unselected package intltool-debian.
Preparing to unpack .../020-intltool-debian_0.35.0+20060710.5_all.deb ...
Unpacking intltool-debian (0.35.0+20060710.5) ...
Selecting previously unselected package po-debconf.
Preparing to unpack .../021-po-debconf_1.0.21+nmu1_all.deb ...
Unpacking po-debconf (1.0.21+nmu1) ...
Selecting previously unselected package debhelper.
Preparing to unpack .../022-debhelper_13.5.2_all.deb ...
Unpacking debhelper (13.5.2) ...
Selecting previously unselected package libxau6:amd64.
Preparing to unpack .../023-libxau6_1%3a1.0.9-1_amd64.deb ...
Unpacking libxau6:amd64 (1:1.0.9-1) ...
Selecting previously unselected package libxdmcp6:amd64.
Preparing to unpack .../024-libxdmcp6_1%3a1.1.2-3_amd64.deb ...
Unpacking libxdmcp6:amd64 (1:1.1.2-3) ...
Selecting previously unselected package libxcb1:amd64.
Preparing to unpack .../025-libxcb1_1.14-3_amd64.deb ...
Unpacking libxcb1:amd64 (1.14-3) ...
Selecting previously unselected package libx11-data.
Preparing to unpack .../026-libx11-data_2%3a1.7.2-2_all.deb ...
Unpacking libx11-data (2:1.7.2-2) ...
Selecting previously unselected package libx11-6:amd64.
Preparing to unpack .../027-libx11-6_2%3a1.7.2-2+b1_amd64.deb ...
Unpacking libx11-6:amd64 (2:1.7.2-2+b1) ...
Selecting previously unselected package libxext6:amd64.
Preparing to unpack .../028-libxext6_2%3a1.3.4-1_amd64.deb ...
Unpacking libxext6:amd64 (2:1.3.4-1) ...
Selecting previously unselected package x11-common.
Preparing to unpack .../029-x11-common_1%3a7.7+23_all.deb ...
Unpacking x11-common (1:7.7+23) ...
Selecting previously unselected package libice6:amd64.
Preparing to unpack .../030-libice6_2%3a1.0.10-1_amd64.deb ...
Unpacking libice6:amd64 (2:1.0.10-1) ...
Selecting previously unselected package libsm6:amd64.
Preparing to unpack .../031-libsm6_2%3a1.2.3-1_amd64.deb ...
Unpacking libsm6:amd64 (2:1.2.3-1) ...
Selecting previously unselected package libxt6:amd64.
Preparing to unpack .../032-libxt6_1%3a1.2.0-1_amd64.deb ...
Unpacking libxt6:amd64 (1:1.2.0-1) ...
Selecting previously unselected package libxmu6:amd64.
Preparing to unpack .../033-libxmu6_2%3a1.1.2-2+b3_amd64.deb ...
Unpacking libxmu6:amd64 (2:1.1.2-2+b3) ...
Selecting previously unselected package libxpm4:amd64.
Preparing to unpack .../034-libxpm4_1%3a3.5.12-1_amd64.deb ...
Unpacking libxpm4:amd64 (1:3.5.12-1) ...
Selecting previously unselected package libxaw7:amd64.
Preparing to unpack .../035-libxaw7_2%3a1.0.13-1.1_amd64.deb ...
Unpacking libxaw7:amd64 (2:1.0.13-1.1) ...
Selecting previously unselected package groff.
Preparing to unpack .../036-groff_1.22.4-7_amd64.deb ...
Unpacking groff (1.22.4-7) ...
Selecting previously unselected package libgpm2:amd64.
Preparing to unpack .../037-libgpm2_1.20.7-9_amd64.deb ...
Unpacking libgpm2:amd64 (1.20.7-9) ...
Selecting previously unselected package libncurses6:amd64.
Preparing to unpack .../038-libncurses6_6.2+20210905-1_amd64.deb ...
Unpacking libncurses6:amd64 (6.2+20210905-1) ...
Selecting previously unselected package libslang2:amd64.
Preparing to unpack .../039-libslang2_2.3.2-5_amd64.deb ...
Unpacking libslang2:amd64 (2.3.2-5) ...
Selecting previously unselected package libaa1:amd64.
Preparing to unpack .../040-libaa1_1.4p5-50_amd64.deb ...
Unpacking libaa1:amd64 (1.4p5-50) ...
Selecting previously unselected package libncurses-dev:amd64.
Preparing to unpack .../041-libncurses-dev_6.2+20210905-1_amd64.deb ...
Unpacking libncurses-dev:amd64 (6.2+20210905-1) ...
Selecting previously unselected package libncurses5-dev:amd64.
Preparing to unpack .../042-libncurses5-dev_6.2+20210905-1_amd64.deb ...
Unpacking libncurses5-dev:amd64 (6.2+20210905-1) ...
Selecting previously unselected package libpng16-16:amd64.
Preparing to unpack .../043-libpng16-16_1.6.37-3_amd64.deb ...
Unpacking libpng16-16:amd64 (1.6.37-3) ...
Selecting previously unselected package zlib1g-dev:amd64.
Preparing to unpack .../044-zlib1g-dev_1%3a1.2.11.dfsg-2_amd64.deb ...
Unpacking zlib1g-dev:amd64 (1:1.2.11.dfsg-2) ...
Selecting previously unselected package libpng-dev:amd64.
Preparing to unpack .../045-libpng-dev_1.6.37-3_amd64.deb ...
Unpacking libpng-dev:amd64 (1.6.37-3) ...
Selecting previously unselected package libslang2-dev:amd64.
Preparing to unpack .../046-libslang2-dev_2.3.2-5_amd64.deb ...
Unpacking libslang2-dev:amd64 (2.3.2-5) ...
Selecting previously unselected package xorg-sgml-doctools.
Preparing to unpack .../047-xorg-sgml-doctools_1%3a1.11-1.1_all.deb ...
Unpacking xorg-sgml-doctools (1:1.11-1.1) ...
Selecting previously unselected package x11proto-dev.
Preparing to unpack .../048-x11proto-dev_2021.5-1_all.deb ...
Unpacking x11proto-dev (2021.5-1) ...
Selecting previously unselected package libxau-dev:amd64.
Preparing to unpack .../049-libxau-dev_1%3a1.0.9-1_amd64.deb ...
Unpacking libxau-dev:amd64 (1:1.0.9-1) ...
Selecting previously unselected package libxdmcp-dev:amd64.
Preparing to unpack .../050-libxdmcp-dev_1%3a1.1.2-3_amd64.deb ...
Unpacking libxdmcp-dev:amd64 (1:1.1.2-3) ...
Selecting previously unselected package xtrans-dev.
Preparing to unpack .../051-xtrans-dev_1.4.0-1_all.deb ...
Unpacking xtrans-dev (1.4.0-1) ...
Selecting previously unselected package libpthread-stubs0-dev:amd64.
Preparing to unpack .../052-libpthread-stubs0-dev_0.4-1_amd64.deb ...
Unpacking libpthread-stubs0-dev:amd64 (0.4-1) ...
Selecting previously unselected package libxcb1-dev:amd64.
Preparing to unpack .../053-libxcb1-dev_1.14-3_amd64.deb ...
Unpacking libxcb1-dev:amd64 (1.14-3) ...
Selecting previously unselected package libx11-dev:amd64.
Preparing to unpack .../054-libx11-dev_2%3a1.7.2-2+b1_amd64.deb ...
Unpacking libx11-dev:amd64 (2:1.7.2-2+b1) ...
Selecting previously unselected package libaa1-dev.
Preparing to unpack .../055-libaa1-dev_1.4p5-50_amd64.deb ...
Unpacking libaa1-dev (1.4p5-50) ...
Selecting previously unselected package libasound2-data.
Preparing to unpack .../056-libasound2-data_1.2.5.1-1_all.deb ...
Unpacking libasound2-data (1.2.5.1-1) ...
Selecting previously unselected package libasound2:amd64.
Preparing to unpack .../057-libasound2_1.2.5.1-1_amd64.deb ...
Unpacking libasound2:amd64 (1.2.5.1-1) ...
Selecting previously unselected package libasound2-dev:amd64.
Preparing to unpack .../058-libasound2-dev_1.2.5.1-1_amd64.deb ...
Unpacking libasound2-dev:amd64 (1.2.5.1-1) ...
Selecting previously unselected package libasyncns0:amd64.
Preparing to unpack .../059-libasyncns0_0.8-6+b2_amd64.deb ...
Unpacking libasyncns0:amd64 (0.8-6+b2) ...
Selecting previously unselected package uuid-dev:amd64.
Preparing to unpack .../060-uuid-dev_2.37.2-4_amd64.deb ...
Unpacking uuid-dev:amd64 (2.37.2-4) ...
Selecting previously unselected package libblkid-dev:amd64.
Preparing to unpack .../061-libblkid-dev_2.37.2-4_amd64.deb ...
Unpacking libblkid-dev:amd64 (2.37.2-4) ...
Selecting previously unselected package libcaca0:amd64.
Preparing to unpack .../062-libcaca0_0.99.beta19-2.2_amd64.deb ...
Unpacking libcaca0:amd64 (0.99.beta19-2.2) ...
Selecting previously unselected package libcaca-dev.
Preparing to unpack .../063-libcaca-dev_0.99.beta19-2.2_amd64.deb ...
Unpacking libcaca-dev (0.99.beta19-2.2) ...
Selecting previously unselected package libdbus-1-3:amd64.
Preparing to unpack .../064-libdbus-1-3_1.12.20-3_amd64.deb ...
Unpacking libdbus-1-3:amd64 (1.12.20-3) ...
Selecting previously unselected package libdeflate0:amd64.
Preparing to unpack .../065-libdeflate0_1.8-1_amd64.deb ...
Unpacking libdeflate0:amd64 (1.8-1) ...
Selecting previously unselected package libdeflate-dev:amd64.
Preparing to unpack .../066-libdeflate-dev_1.8-1_amd64.deb ...
Unpacking libdeflate-dev:amd64 (1.8-1) ...
Selecting previously unselected package libjpeg62-turbo:amd64.
Preparing to unpack .../067-libjpeg62-turbo_1%3a2.0.6-4_amd64.deb ...
Unpacking libjpeg62-turbo:amd64 (1:2.0.6-4) ...
Selecting previously unselected package libdjvulibre-text.
Preparing to unpack .../068-libdjvulibre-text_3.5.28-2_all.deb ...
Unpacking libdjvulibre-text (3.5.28-2) ...
Selecting previously unselected package libdjvulibre21:amd64.
Preparing to unpack .../069-libdjvulibre21_3.5.28-2_amd64.deb ...
Unpacking libdjvulibre21:amd64 (3.5.28-2) ...
Selecting previously unselected package libjpeg62-turbo-dev:amd64.
Preparing to unpack .../070-libjpeg62-turbo-dev_1%3a2.0.6-4_amd64.deb ...
Unpacking libjpeg62-turbo-dev:amd64 (1:2.0.6-4) ...
Selecting previously unselected package libjpeg-dev:amd64.
Preparing to unpack .../071-libjpeg-dev_1%3a2.0.6-4_amd64.deb ...
Unpacking libjpeg-dev:amd64 (1:2.0.6-4) ...
Selecting previously unselected package libdjvulibre-dev:amd64.
Preparing to unpack .../072-libdjvulibre-dev_3.5.28-2_amd64.deb ...
Unpacking libdjvulibre-dev:amd64 (3.5.28-2) ...
Selecting previously unselected package libdrm-common.
Preparing to unpack .../073-libdrm-common_2.4.107-8_all.deb ...
Unpacking libdrm-common (2.4.107-8) ...
Selecting previously unselected package libdrm2:amd64.
Preparing to unpack .../074-libdrm2_2.4.107-8_amd64.deb ...
Unpacking libdrm2:amd64 (2.4.107-8) ...
Selecting previously unselected package libdrm-amdgpu1:amd64.
Preparing to unpack .../075-libdrm-amdgpu1_2.4.107-8_amd64.deb ...
Unpacking libdrm-amdgpu1:amd64 (2.4.107-8) ...
Selecting previously unselected package libpciaccess0:amd64.
Preparing to unpack .../076-libpciaccess0_0.16-1_amd64.deb ...
Unpacking libpciaccess0:amd64 (0.16-1) ...
Selecting previously unselected package libdrm-intel1:amd64.
Preparing to unpack .../077-libdrm-intel1_2.4.107-8_amd64.deb ...
Unpacking libdrm-intel1:amd64 (2.4.107-8) ...
Selecting previously unselected package libdrm-nouveau2:amd64.
Preparing to unpack .../078-libdrm-nouveau2_2.4.107-8_amd64.deb ...
Unpacking libdrm-nouveau2:amd64 (2.4.107-8) ...
Selecting previously unselected package libdrm-radeon1:amd64.
Preparing to unpack .../079-libdrm-radeon1_2.4.107-8_amd64.deb ...
Unpacking libdrm-radeon1:amd64 (2.4.107-8) ...
Selecting previously unselected package libglvnd0:amd64.
Preparing to unpack .../080-libglvnd0_1.3.4-2+b1_amd64.deb ...
Unpacking libglvnd0:amd64 (1.3.4-2+b1) ...
Selecting previously unselected package libwayland-server0:amd64.
Preparing to unpack .../081-libwayland-server0_1.19.0-2+b1_amd64.deb ...
Unpacking libwayland-server0:amd64 (1.19.0-2+b1) ...
Selecting previously unselected package libgbm1:amd64.
Preparing to unpack .../082-libgbm1_21.2.4-1_amd64.deb ...
Unpacking libgbm1:amd64 (21.2.4-1) ...
Selecting previously unselected package libglapi-mesa:amd64.
Preparing to unpack .../083-libglapi-mesa_21.2.4-1_amd64.deb ...
Unpacking libglapi-mesa:amd64 (21.2.4-1) ...
Selecting previously unselected package libwayland-client0:amd64.
Preparing to unpack .../084-libwayland-client0_1.19.0-2+b1_amd64.deb ...
Unpacking libwayland-client0:amd64 (1.19.0-2+b1) ...
Selecting previously unselected package libx11-xcb1:amd64.
Preparing to unpack .../085-libx11-xcb1_2%3a1.7.2-2+b1_amd64.deb ...
Unpacking libx11-xcb1:amd64 (2:1.7.2-2+b1) ...
Selecting previously unselected package libxcb-dri2-0:amd64.
Preparing to unpack .../086-libxcb-dri2-0_1.14-3_amd64.deb ...
Unpacking libxcb-dri2-0:amd64 (1.14-3) ...
Selecting previously unselected package libxcb-dri3-0:amd64.
Preparing to unpack .../087-libxcb-dri3-0_1.14-3_amd64.deb ...
Unpacking libxcb-dri3-0:amd64 (1.14-3) ...
Selecting previously unselected package libxcb-present0:amd64.
Preparing to unpack .../088-libxcb-present0_1.14-3_amd64.deb ...
Unpacking libxcb-present0:amd64 (1.14-3) ...
Selecting previously unselected package libxcb-sync1:amd64.
Preparing to unpack .../089-libxcb-sync1_1.14-3_amd64.deb ...
Unpacking libxcb-sync1:amd64 (1.14-3) ...
Selecting previously unselected package libxcb-xfixes0:amd64.
Preparing to unpack .../090-libxcb-xfixes0_1.14-3_amd64.deb ...
Unpacking libxcb-xfixes0:amd64 (1.14-3) ...
Selecting previously unselected package libxshmfence1:amd64.
Preparing to unpack .../091-libxshmfence1_1.3-1_amd64.deb ...
Unpacking libxshmfence1:amd64 (1.3-1) ...
Selecting previously unselected package libegl-mesa0:amd64.
Preparing to unpack .../092-libegl-mesa0_21.2.4-1_amd64.deb ...
Unpacking libegl-mesa0:amd64 (21.2.4-1) ...
Selecting previously unselected package libegl1:amd64.
Preparing to unpack .../093-libegl1_1.3.4-2+b1_amd64.deb ...
Unpacking libegl1:amd64 (1.3.4-2+b1) ...
Selecting previously unselected package libxcb-glx0:amd64.
Preparing to unpack .../094-libxcb-glx0_1.14-3_amd64.deb ...
Unpacking libxcb-glx0:amd64 (1.14-3) ...
Selecting previously unselected package libxcb-shm0:amd64.
Preparing to unpack .../095-libxcb-shm0_1.14-3_amd64.deb ...
Unpacking libxcb-shm0:amd64 (1.14-3) ...
Selecting previously unselected package libxfixes3:amd64.
Preparing to unpack .../096-libxfixes3_1%3a5.0.3-2_amd64.deb ...
Unpacking libxfixes3:amd64 (1:5.0.3-2) ...
Selecting previously unselected package libxxf86vm1:amd64.
Preparing to unpack .../097-libxxf86vm1_1%3a1.1.4-1+b2_amd64.deb ...
Unpacking libxxf86vm1:amd64 (1:1.1.4-1+b2) ...
Selecting previously unselected package libsensors-config.
Preparing to unpack .../098-libsensors-config_1%3a3.6.0-7_all.deb ...
Unpacking libsensors-config (1:3.6.0-7) ...
Selecting previously unselected package libsensors5:amd64.
Preparing to unpack .../099-libsensors5_1%3a3.6.0-7_amd64.deb ...
Unpacking libsensors5:amd64 (1:3.6.0-7) ...
Selecting previously unselected package libvulkan1:amd64.
Preparing to unpack .../100-libvulkan1_1.2.189.0-2_amd64.deb ...
Unpacking libvulkan1:amd64 (1.2.189.0-2) ...
Selecting previously unselected package libgl1-mesa-dri:amd64.
Preparing to unpack .../101-libgl1-mesa-dri_21.2.4-1_amd64.deb ...
Unpacking libgl1-mesa-dri:amd64 (21.2.4-1) ...
Selecting previously unselected package libglx-mesa0:amd64.
Preparing to unpack .../102-libglx-mesa0_21.2.4-1_amd64.deb ...
Unpacking libglx-mesa0:amd64 (21.2.4-1) ...
Selecting previously unselected package libglx0:amd64.
Preparing to unpack .../103-libglx0_1.3.4-2+b1_amd64.deb ...
Unpacking libglx0:amd64 (1.3.4-2+b1) ...
Selecting previously unselected package libgl1:amd64.
Preparing to unpack .../104-libgl1_1.3.4-2+b1_amd64.deb ...
Unpacking libgl1:amd64 (1.3.4-2+b1) ...
Selecting previously unselected package libglx-dev:amd64.
Preparing to unpack .../105-libglx-dev_1.3.4-2+b1_amd64.deb ...
Unpacking libglx-dev:amd64 (1.3.4-2+b1) ...
Selecting previously unselected package libgl-dev:amd64.
Preparing to unpack .../106-libgl-dev_1.3.4-2+b1_amd64.deb ...
Unpacking libgl-dev:amd64 (1.3.4-2+b1) ...
Selecting previously unselected package libegl-dev:amd64.
Preparing to unpack .../107-libegl-dev_1.3.4-2+b1_amd64.deb ...
Unpacking libegl-dev:amd64 (1.3.4-2+b1) ...
Selecting previously unselected package libexif12:amd64.
Preparing to unpack .../108-libexif12_0.6.23-1_amd64.deb ...
Unpacking libexif12:amd64 (0.6.23-1) ...
Selecting previously unselected package libexif-dev:amd64.
Preparing to unpack .../109-libexif-dev_0.6.23-1_amd64.deb ...
Unpacking libexif-dev:amd64 (0.6.23-1) ...
Selecting previously unselected package libffi-dev:amd64.
Preparing to unpack .../110-libffi-dev_3.4.2-3_amd64.deb ...
Unpacking libffi-dev:amd64 (3.4.2-3) ...
Selecting previously unselected package libfl2:amd64.
Preparing to unpack .../111-libfl2_2.6.4-8_amd64.deb ...
Unpacking libfl2:amd64 (2.6.4-8) ...
Selecting previously unselected package libfl-dev:amd64.
Preparing to unpack .../112-libfl-dev_2.6.4-8_amd64.deb ...
Unpacking libfl-dev:amd64 (2.6.4-8) ...
Selecting previously unselected package libogg0:amd64.
Preparing to unpack .../113-libogg0_1.3.4-0.1_amd64.deb ...
Unpacking libogg0:amd64 (1.3.4-0.1) ...
Selecting previously unselected package libflac8:amd64.
Preparing to unpack .../114-libflac8_1.3.3-2_amd64.deb ...
Unpacking libflac8:amd64 (1.3.3-2) ...
Selecting previously unselected package libgif7:amd64.
Preparing to unpack .../115-libgif7_5.1.9-2_amd64.deb ...
Unpacking libgif7:amd64 (5.1.9-2) ...
Selecting previously unselected package libgif-dev.
Preparing to unpack .../116-libgif-dev_5.1.9-2_amd64.deb ...
Unpacking libgif-dev (5.1.9-2) ...
Selecting previously unselected package libglvnd-core-dev:amd64.
Preparing to unpack .../117-libglvnd-core-dev_1.3.4-2+b1_amd64.deb ...
Unpacking libglvnd-core-dev:amd64 (1.3.4-2+b1) ...
Selecting previously unselected package libgles1:amd64.
Preparing to unpack .../118-libgles1_1.3.4-2+b1_amd64.deb ...
Unpacking libgles1:amd64 (1.3.4-2+b1) ...
Selecting previously unselected package libgles2:amd64.
Preparing to unpack .../119-libgles2_1.3.4-2+b1_amd64.deb ...
Unpacking libgles2:amd64 (1.3.4-2+b1) ...
Selecting previously unselected package libgles-dev:amd64.
Preparing to unpack .../120-libgles-dev_1.3.4-2+b1_amd64.deb ...
Unpacking libgles-dev:amd64 (1.3.4-2+b1) ...
Selecting previously unselected package libopengl0:amd64.
Preparing to unpack .../121-libopengl0_1.3.4-2+b1_amd64.deb ...
Unpacking libopengl0:amd64 (1.3.4-2+b1) ...
Selecting previously unselected package libopengl-dev:amd64.
Preparing to unpack .../122-libopengl-dev_1.3.4-2+b1_amd64.deb ...
Unpacking libopengl-dev:amd64 (1.3.4-2+b1) ...
Selecting previously unselected package libglvnd-dev:amd64.
Preparing to unpack .../123-libglvnd-dev_1.3.4-2+b1_amd64.deb ...
Unpacking libglvnd-dev:amd64 (1.3.4-2+b1) ...
Selecting previously unselected package libgl1-mesa-dev:amd64.
Preparing to unpack .../124-libgl1-mesa-dev_21.2.4-1_amd64.deb ...
Unpacking libgl1-mesa-dev:amd64 (21.2.4-1) ...
Selecting previously unselected package libglib2.0-0:amd64.
Preparing to unpack .../125-libglib2.0-0_2.70.0-3_amd64.deb ...
Unpacking libglib2.0-0:amd64 (2.70.0-3) ...
Selecting previously unselected package libglib2.0-data.
Preparing to unpack .../126-libglib2.0-data_2.70.0-3_all.deb ...
Unpacking libglib2.0-data (2.70.0-3) ...
Selecting previously unselected package libglib2.0-bin.
Preparing to unpack .../127-libglib2.0-bin_2.70.0-3_amd64.deb ...
Unpacking libglib2.0-bin (2.70.0-3) ...
Selecting previously unselected package python3-lib2to3.
Preparing to unpack .../128-python3-lib2to3_3.9.7-1_all.deb ...
Unpacking python3-lib2to3 (3.9.7-1) ...
Selecting previously unselected package python3-distutils.
Preparing to unpack .../129-python3-distutils_3.9.7-1_all.deb ...
Unpacking python3-distutils (3.9.7-1) ...
Selecting previously unselected package libglib2.0-dev-bin.
Preparing to unpack .../130-libglib2.0-dev-bin_2.70.0-3_amd64.deb ...
Unpacking libglib2.0-dev-bin (2.70.0-3) ...
Selecting previously unselected package libsepol1-dev:amd64.
Preparing to unpack .../131-libsepol1-dev_3.1-1_amd64.deb ...
Unpacking libsepol1-dev:amd64 (3.1-1) ...
Selecting previously unselected package libpcre2-16-0:amd64.
Preparing to unpack .../132-libpcre2-16-0_10.36-2_amd64.deb ...
Unpacking libpcre2-16-0:amd64 (10.36-2) ...
Selecting previously unselected package libpcre2-32-0:amd64.
Preparing to unpack .../133-libpcre2-32-0_10.36-2_amd64.deb ...
Unpacking libpcre2-32-0:amd64 (10.36-2) ...
Selecting previously unselected package libpcre2-posix2:amd64.
Preparing to unpack .../134-libpcre2-posix2_10.36-2_amd64.deb ...
Unpacking libpcre2-posix2:amd64 (10.36-2) ...
Selecting previously unselected package libpcre2-dev:amd64.
Preparing to unpack .../135-libpcre2-dev_10.36-2_amd64.deb ...
Unpacking libpcre2-dev:amd64 (10.36-2) ...
Selecting previously unselected package libselinux1-dev:amd64.
Preparing to unpack .../136-libselinux1-dev_3.1-3_amd64.deb ...
Unpacking libselinux1-dev:amd64 (3.1-3) ...
Selecting previously unselected package libmount-dev:amd64.
Preparing to unpack .../137-libmount-dev_2.37.2-4_amd64.deb ...
Unpacking libmount-dev:amd64 (2.37.2-4) ...
Selecting previously unselected package libpcre16-3:amd64.
Preparing to unpack .../138-libpcre16-3_2%3a8.39-13_amd64.deb ...
Unpacking libpcre16-3:amd64 (2:8.39-13) ...
Selecting previously unselected package libpcre32-3:amd64.
Preparing to unpack .../139-libpcre32-3_2%3a8.39-13_amd64.deb ...
Unpacking libpcre32-3:amd64 (2:8.39-13) ...
Selecting previously unselected package libpcrecpp0v5:amd64.
Preparing to unpack .../140-libpcrecpp0v5_2%3a8.39-13_amd64.deb ...
Unpacking libpcrecpp0v5:amd64 (2:8.39-13) ...
Selecting previously unselected package libpcre3-dev:amd64.
Preparing to unpack .../141-libpcre3-dev_2%3a8.39-13_amd64.deb ...
Unpacking libpcre3-dev:amd64 (2:8.39-13) ...
Selecting previously unselected package pkg-config.
Preparing to unpack .../142-pkg-config_0.29.2-1_amd64.deb ...
Unpacking pkg-config (0.29.2-1) ...
Selecting previously unselected package libglib2.0-dev:amd64.
Preparing to unpack .../143-libglib2.0-dev_2.70.0-3_amd64.deb ...
Unpacking libglib2.0-dev:amd64 (2.70.0-3) ...
Selecting previously unselected package libglu1-mesa:amd64.
Preparing to unpack .../144-libglu1-mesa_9.0.1-1_amd64.deb ...
Unpacking libglu1-mesa:amd64 (9.0.1-1) ...
Selecting previously unselected package libglu1-mesa-dev:amd64.
Preparing to unpack .../145-libglu1-mesa-dev_9.0.1-1_amd64.deb ...
Unpacking libglu1-mesa-dev:amd64 (9.0.1-1) ...
Selecting previously unselected package libjbig0:amd64.
Preparing to unpack .../146-libjbig0_2.1-3.1+b2_amd64.deb ...
Unpacking libjbig0:amd64 (2.1-3.1+b2) ...
Selecting previously unselected package libjbig-dev:amd64.
Preparing to unpack .../147-libjbig-dev_2.1-3.1+b2_amd64.deb ...
Unpacking libjbig-dev:amd64 (2.1-3.1+b2) ...
Selecting previously unselected package liblzma-dev:amd64.
Preparing to unpack .../148-liblzma-dev_5.2.5-2_amd64.deb ...
Unpacking liblzma-dev:amd64 (5.2.5-2) ...
Selecting previously unselected package libopus0:amd64.
Preparing to unpack .../149-libopus0_1.3.1-0.1_amd64.deb ...
Unpacking libopus0:amd64 (1.3.1-0.1) ...
Selecting previously unselected package libvorbis0a:amd64.
Preparing to unpack .../150-libvorbis0a_1.3.7-1_amd64.deb ...
Unpacking libvorbis0a:amd64 (1.3.7-1) ...
Selecting previously unselected package libvorbisenc2:amd64.
Preparing to unpack .../151-libvorbisenc2_1.3.7-1_amd64.deb ...
Unpacking libvorbisenc2:amd64 (1.3.7-1) ...
Selecting previously unselected package libsndfile1:amd64.
Preparing to unpack .../152-libsndfile1_1.0.31-2_amd64.deb ...
Unpacking libsndfile1:amd64 (1.0.31-2) ...
Selecting previously unselected package libwrap0:amd64.
Preparing to unpack .../153-libwrap0_7.6.q-31_amd64.deb ...
Unpacking libwrap0:amd64 (7.6.q-31) ...
Selecting previously unselected package libpulse0:amd64.
Preparing to unpack .../154-libpulse0_15.0+dfsg1-2_amd64.deb ...
Unpacking libpulse0:amd64 (15.0+dfsg1-2) ...
Selecting previously unselected package libpulse-mainloop-glib0:amd64.
Preparing to unpack .../155-libpulse-mainloop-glib0_15.0+dfsg1-2_amd64.deb ...
Unpacking libpulse-mainloop-glib0:amd64 (15.0+dfsg1-2) ...
Selecting previously unselected package libpulse-dev:amd64.
Preparing to unpack .../156-libpulse-dev_15.0+dfsg1-2_amd64.deb ...
Unpacking libpulse-dev:amd64 (15.0+dfsg1-2) ...
Selecting previously unselected package libreadline-dev:amd64.
Preparing to unpack .../157-libreadline-dev_8.1-2_amd64.deb ...
Unpacking libreadline-dev:amd64 (8.1-2) ...
Selecting previously unselected package libsdl1.2debian:amd64.
Preparing to unpack .../158-libsdl1.2debian_1.2.15+dfsg2-6_amd64.deb ...
Unpacking libsdl1.2debian:amd64 (1.2.15+dfsg2-6) ...
Selecting previously unselected package libxext-dev:amd64.
Preparing to unpack .../159-libxext-dev_2%3a1.3.4-1_amd64.deb ...
Unpacking libxext-dev:amd64 (2:1.3.4-1) ...
Selecting previously unselected package libsdl1.2-dev.
Preparing to unpack .../160-libsdl1.2-dev_1.2.15+dfsg2-6_amd64.deb ...
Unpacking libsdl1.2-dev (1.2.15+dfsg2-6) ...
Selecting previously unselected package libwebp6:amd64.
Preparing to unpack .../161-libwebp6_0.6.1-2.1_amd64.deb ...
Unpacking libwebp6:amd64 (0.6.1-2.1) ...
Selecting previously unselected package libtiff5:amd64.
Preparing to unpack .../162-libtiff5_4.3.0-2_amd64.deb ...
Unpacking libtiff5:amd64 (4.3.0-2) ...
Selecting previously unselected package libtiffxx5:amd64.
Preparing to unpack .../163-libtiffxx5_4.3.0-2_amd64.deb ...
Unpacking libtiffxx5:amd64 (4.3.0-2) ...
Selecting previously unselected package libtiff-dev:amd64.
Preparing to unpack .../164-libtiff-dev_4.3.0-2_amd64.deb ...
Unpacking libtiff-dev:amd64 (4.3.0-2) ...
Selecting previously unselected package sbuild-build-depends-main-dummy.
Preparing to unpack .../165-sbuild-build-depends-main-dummy_0.invalid.0_amd64.deb ...
Unpacking sbuild-build-depends-main-dummy (0.invalid.0) ...
Setting up media-types (4.0.0) ...
Setting up libpcrecpp0v5:amd64 (2:8.39-13) ...
Setting up libpipeline1:amd64 (1.5.3-1) ...
Setting up libwayland-server0:amd64 (1.19.0-2+b1) ...
Setting up libpciaccess0:amd64 (0.16-1) ...
Setting up libxau6:amd64 (1:1.0.9-1) ...
Setting up libxdmcp6:amd64 (1:1.1.2-3) ...
Setting up libxcb1:amd64 (1.14-3) ...
Setting up libgpm2:amd64 (1.20.7-9) ...
Setting up libxcb-xfixes0:amd64 (1.14-3) ...
Setting up libogg0:amd64 (1.3.4-0.1) ...
Setting up bsdextrautils (2.37.2-4) ...
update-alternatives: using /usr/bin/write.ul to provide /usr/bin/write (write) in auto mode
Setting up libglvnd-core-dev:amd64 (1.3.4-2+b1) ...
Setting up libpcre16-3:amd64 (2:8.39-13) ...
Setting up libmagic-mgc (1:5.39-3) ...
Setting up libarchive-zip-perl (1.68-1) ...
Setting up libglib2.0-0:amd64 (2.70.0-3) ...
No schema files found: doing nothing.
Setting up libglvnd0:amd64 (1.3.4-2+b1) ...
Setting up libxcb-glx0:amd64 (1.14-3) ...
Setting up libdebhelper-perl (13.5.2) ...
Setting up libsqlite3-0:amd64 (3.36.0-2) ...
Setting up x11-common (1:7.7+23) ...
invoke-rc.d: could not determine current runlevel
All runlevel operations denied by policy
invoke-rc.d: policy-rc.d denied execution of restart.
Setting up libsensors-config (1:3.6.0-7) ...
Setting up libmagic1:amd64 (1:5.39-3) ...
Setting up libsepol1-dev:amd64 (3.1-1) ...
Setting up libdeflate0:amd64 (1.8-1) ...
Setting up gettext-base (0.21-4) ...
Setting up libxcb-shm0:amd64 (1.14-3) ...
Setting up file (1:5.39-3) ...
Setting up libffi-dev:amd64 (3.4.2-3) ...
Setting up libpthread-stubs0-dev:amd64 (0.4-1) ...
Setting up libjbig0:amd64 (2.1-3.1+b2) ...
Setting up libpcre2-16-0:amd64 (10.36-2) ...
Setting up libopengl0:amd64 (1.3.4-2+b1) ...
Setting up libflac8:amd64 (1.3.3-2) ...
Setting up libxcb-present0:amd64 (1.14-3) ...
Setting up libasound2-data (1.2.5.1-1) ...
Setting up xtrans-dev (1.4.0-1) ...
Setting up autotools-dev (20180224.1+nmu1) ...
Setting up libpcre2-32-0:amd64 (10.36-2) ...
Setting up libglib2.0-data (2.70.0-3) ...
Setting up libgles2:amd64 (1.3.4-2+b1) ...
Setting up libjpeg62-turbo:amd64 (1:2.0.6-4) ...
Setting up libslang2:amd64 (2.3.2-5) ...
Setting up libwrap0:amd64 (7.6.q-31) ...
Setting up libx11-data (2:1.7.2-2) ...
Setting up libjpeg62-turbo-dev:amd64 (1:2.0.6-4) ...
Setting up libxcb-sync1:amd64 (1.14-3) ...
Setting up uuid-dev:amd64 (2.37.2-4) ...
Setting up libncurses6:amd64 (6.2+20210905-1) ...
Setting up libgles1:amd64 (1.3.4-2+b1) ...
Setting up libdbus-1-3:amd64 (1.12.20-3) ...
Setting up libsigsegv2:amd64 (2.13-1) ...
Setting up libopus0:amd64 (1.3.1-0.1) ...
Setting up libexif12:amd64 (0.6.23-1) ...
Setting up libpng16-16:amd64 (1.6.37-3) ...
Setting up libpcre32-3:amd64 (2:8.39-13) ...
Setting up libvorbis0a:amd64 (1.3.7-1) ...
Setting up autopoint (0.21-4) ...
Setting up libwebp6:amd64 (0.6.1-2.1) ...
Setting up pkg-config (0.29.2-1) ...
Setting up libfl2:amd64 (2.6.4-8) ...
Setting up libpcre2-posix2:amd64 (10.36-2) ...
Setting up libsensors5:amd64 (1:3.6.0-7) ...
Setting up libncursesw6:amd64 (6.2+20210905-1) ...
Setting up libglapi-mesa:amd64 (21.2.4-1) ...
Setting up libvulkan1:amd64 (1.2.189.0-2) ...
Setting up liblzma-dev:amd64 (5.2.5-2) ...
Setting up libxcb-dri2-0:amd64 (1.14-3) ...
Setting up libgif7:amd64 (5.1.9-2) ...
Setting up zlib1g-dev:amd64 (1:1.2.11.dfsg-2) ...
Setting up dwz (0.14-1) ...
Setting up sensible-utils (0.0.17) ...
Setting up libgif-dev (5.1.9-2) ...
Setting up libasyncns0:amd64 (0.8-6+b2) ...
Setting up libxshmfence1:amd64 (1.3-1) ...
Setting up libuchardet0:amd64 (0.0.7-1) ...
Setting up libasound2:amd64 (1.2.5.1-1) ...
Setting up libmpdec3:amd64 (2.5.1-2) ...
Setting up libsub-override-perl (0.09-2) ...
Setting up libx11-6:amd64 (2:1.7.2-2+b1) ...
Setting up xorg-sgml-doctools (1:1.11-1.1) ...
Setting up libtiff5:amd64 (4.3.0-2) ...
Setting up libdjvulibre-text (3.5.28-2) ...
Setting up libopengl-dev:amd64 (1.3.4-2+b1) ...
Setting up libasound2-dev:amd64 (1.2.5.1-1) ...
Setting up libdeflate-dev:amd64 (1.8-1) ...
Setting up libdrm-common (2.4.107-8) ...
Setting up readline-common (8.1-2) ...
Setting up libvorbisenc2:amd64 (1.3.7-1) ...
Setting up libtiffxx5:amd64 (4.3.0-2) ...
Setting up libaa1:amd64 (1.4p5-50) ...
Setting up libwayland-client0:amd64 (1.19.0-2+b1) ...
Setting up x11proto-dev (2021.5-1) ...
Setting up libfile-stripnondeterminism-perl (1.12.0-2) ...
Setting up libxcb-dri3-0:amd64 (1.14-3) ...
Setting up libblkid-dev:amd64 (2.37.2-4) ...
Setting up libx11-xcb1:amd64 (2:1.7.2-2+b1) ...
Setting up libice6:amd64 (2:1.0.10-1) ...
Setting up libexif-dev:amd64 (0.6.23-1) ...
Setting up libncurses-dev:amd64 (6.2+20210905-1) ...
Setting up gettext (0.21-4) ...
Setting up libxau-dev:amd64 (1:1.0.9-1) ...
Setting up libcaca0:amd64 (0.99.beta19-2.2) ...
Setting up libxpm4:amd64 (1:3.5.12-1) ...
Setting up libpcre2-dev:amd64 (10.36-2) ...
Setting up libtool (2.4.6-15) ...
Setting up libselinux1-dev:amd64 (3.1-3) ...
Setting up libpcre3-dev:amd64 (2:8.39-13) ...
Setting up libreadline8:amd64 (8.1-2) ...
Setting up libpng-dev:amd64 (1.6.37-3) ...
Setting up libdjvulibre21:amd64 (3.5.28-2) ...
Setting up libjpeg-dev:amd64 (1:2.0.6-4) ...
Setting up libjbig-dev:amd64 (2.1-3.1+b2) ...
Setting up libxext6:amd64 (2:1.3.4-1) ...
Setting up libglib2.0-bin (2.70.0-3) ...
Setting up m4 (1.4.18-5) ...
Setting up libreadline-dev:amd64 (8.1-2) ...
Setting up libdjvulibre-dev:amd64 (3.5.28-2) ...
Setting up libxxf86vm1:amd64 (1:1.1.4-1+b2) ...
Setting up intltool-debian (0.35.0+20060710.5) ...
Setting up libxdmcp-dev:amd64 (1:1.1.2-3) ...
Setting up libtiff-dev:amd64 (4.3.0-2) ...
Setting up libxfixes3:amd64 (1:5.0.3-2) ...
Setting up autoconf (2.71-2) ...
Setting up dh-strip-nondeterminism (1.12.0-2) ...
Setting up libdrm2:amd64 (2.4.107-8) ...
Setting up groff-base (1.22.4-7) ...
Setting up libncurses5-dev:amd64 (6.2+20210905-1) ...
Setting up bison (2:3.8.2+dfsg-1) ...
update-alternatives: using /usr/bin/bison.yacc to provide /usr/bin/yacc (yacc) in auto mode
Setting up libsndfile1:amd64 (1.0.31-2) ...
Setting up libsm6:amd64 (2:1.2.3-1) ...
Setting up libmount-dev:amd64 (2.37.2-4) ...
Setting up libpython3.9-stdlib:amd64 (3.9.7-4) ...
Setting up libpython3-stdlib:amd64 (3.9.2-3) ...
Setting up libdrm-amdgpu1:amd64 (2.4.107-8) ...
Setting up automake (1:1.16.5-1) ...
update-alternatives: using /usr/bin/automake-1.16 to provide /usr/bin/automake (automake) in auto mode
Setting up libslang2-dev:amd64 (2.3.2-5) ...
Setting up flex (2.6.4-8) ...
Setting up libdrm-nouveau2:amd64 (2.4.107-8) ...
Setting up libxcb1-dev:amd64 (1.14-3) ...
Setting up libgbm1:amd64 (21.2.4-1) ...
Setting up libpulse0:amd64 (15.0+dfsg1-2) ...
Setting up libdrm-radeon1:amd64 (2.4.107-8) ...
Setting up po-debconf (1.0.21+nmu1) ...
Setting up libdrm-intel1:amd64 (2.4.107-8) ...
Setting up libgl1-mesa-dri:amd64 (21.2.4-1) ...
Setting up libx11-dev:amd64 (2:1.7.2-2+b1) ...
Setting up man-db (2.9.4-2) ...
Not building database; man-db/auto-update is not 'true'.
Setting up libfl-dev:amd64 (2.6.4-8) ...
Setting up dh-autoreconf (20) ...
Setting up libegl-mesa0:amd64 (21.2.4-1) ...
Setting up libpulse-mainloop-glib0:amd64 (15.0+dfsg1-2) ...
Setting up libsdl1.2debian:amd64 (1.2.15+dfsg2-6) ...
Setting up libxt6:amd64 (1:1.2.0-1) ...
Setting up libxext-dev:amd64 (2:1.3.4-1) ...
Setting up libegl1:amd64 (1.3.4-2+b1) ...
Setting up libaa1-dev (1.4p5-50) ...
Setting up libcaca-dev (0.99.beta19-2.2) ...
Setting up python3.9 (3.9.7-4) ...
Setting up libxmu6:amd64 (2:1.1.2-2+b3) ...
Setting up libglx-mesa0:amd64 (21.2.4-1) ...
Setting up libglx0:amd64 (1.3.4-2+b1) ...
Setting up debhelper (13.5.2) ...
Setting up python3 (3.9.2-3) ...
Setting up libxaw7:amd64 (2:1.0.13-1.1) ...
Setting up groff (1.22.4-7) ...
Setting up libgl1:amd64 (1.3.4-2+b1) ...
Setting up libglx-dev:amd64 (1.3.4-2+b1) ...
Setting up libglu1-mesa:amd64 (9.0.1-1) ...
Setting up python3-lib2to3 (3.9.7-1) ...
Setting up libgl-dev:amd64 (1.3.4-2+b1) ...
Setting up python3-distutils (3.9.7-1) ...
Setting up libglib2.0-dev-bin (2.70.0-3) ...
Setting up libegl-dev:amd64 (1.3.4-2+b1) ...
Setting up libglib2.0-dev:amd64 (2.70.0-3) ...
Setting up libglu1-mesa-dev:amd64 (9.0.1-1) ...
Setting up libpulse-dev:amd64 (15.0+dfsg1-2) ...
Setting up libgles-dev:amd64 (1.3.4-2+b1) ...
Setting up libglvnd-dev:amd64 (1.3.4-2+b1) ...
Setting up libsdl1.2-dev (1.2.15+dfsg2-6) ...
Setting up libgl1-mesa-dev:amd64 (21.2.4-1) ...
Setting up sbuild-build-depends-main-dummy (0.invalid.0) ...
Processing triggers for libc-bin (2.32-4) ...

+------------------------------------------------------------------------------+
| Check architectures                                                          |
+------------------------------------------------------------------------------+

Arch check ok (amd64 included in any)

+------------------------------------------------------------------------------+
| Build environment                                                            |
+------------------------------------------------------------------------------+

Kernel: Linux 4.19.0-6-cloud-amd64 #1 SMP Debian 4.19.67-2+deb10u2 (2019-11-11) amd64 (x86_64)
Toolchain package versions: binutils_2.37-7 dpkg-dev_1.20.9 g++-11_11.2.0-10 gcc-11_11.2.0-10 libc6-dev_2.32-4 libstdc++-11-dev_11.2.0-10 libstdc++6_11.2.0-10 linux-libc-dev_5.14.12-1
Package versions: adduser_3.118 apt_2.3.11 autoconf_2.71-2 automake_1:1.16.5-1 autopoint_0.21-4 autotools-dev_20180224.1+nmu1 base-files_12 base-passwd_3.5.52 bash_5.1-3+b2 binutils_2.37-7 binutils-common_2.37-7 binutils-x86-64-linux-gnu_2.37-7 bison_2:3.8.2+dfsg-1 bsdextrautils_2.37.2-4 bsdutils_1:2.37.2-4 build-essential_12.9 bzip2_1.0.8-4 clang-12_1:12.0.1-15 coreutils_8.32-4+b1 cpp_4:11.2.0-2 cpp-11_11.2.0-10 dash_0.5.11+git20210120+802ebd4-2 debconf_1.5.78 debhelper_13.5.2 debian-archive-keyring_2021.1.1 debianutils_5.5-1 dh-autoreconf_20 dh-strip-nondeterminism_1.12.0-2 diffutils_1:3.7-5 dpkg_1.20.9 dpkg-dev_1.20.9 dwz_0.14-1 e2fsprogs_1.46.4-1 fakeroot_1.26-1 file_1:5.39-3 findutils_4.8.0-1 flex_2.6.4-8 g++_4:11.2.0-2 g++-11_11.2.0-10 gcc_4:11.2.0-2 gcc-10-base_10.3.0-11 gcc-11_11.2.0-10 gcc-11-base_11.2.0-10 gcc-9-base_9.4.0-3 gettext_0.21-4 gettext-base_0.21-4 gpgv_2.2.27-2 grep_3.7-1 groff_1.22.4-7 groff-base_1.22.4-7 gzip_1.10-4 hostname_3.23 init-system-helpers_1.60 intltool-debian_0.35.0+20060710.5 lib32gcc-s1_11.2.0-10 lib32stdc++6_11.2.0-10 libaa1_1.4p5-50 libaa1-dev_1.4p5-50 libacl1_2.3.1-1 libapt-pkg6.0_2.3.11 libarchive-zip-perl_1.68-1 libasan5_9.4.0-3 libasan6_11.2.0-10 libasound2_1.2.5.1-1 libasound2-data_1.2.5.1-1 libasound2-dev_1.2.5.1-1 libasyncns0_0.8-6+b2 libatomic1_11.2.0-10 libattr1_1:2.5.1-1 libaudit-common_1:3.0.6-1 libaudit1_1:3.0.6-1 libbinutils_2.37-7 libblkid-dev_2.37.2-4 libblkid1_2.37.2-4 libbsd0_0.11.3-1 libbz2-1.0_1.0.8-4 libc-bin_2.32-4 libc-dev-bin_2.32-4 libc6_2.32-4 libc6-dev_2.32-4 libc6-i386_2.32-4 libcaca-dev_0.99.beta19-2.2 libcaca0_0.99.beta19-2.2 libcap-ng0_0.7.9-2.2+b1 libcap2_1:2.44-1 libcc1-0_11.2.0-10 libclang-common-12-dev_1:12.0.1-15 libclang-cpp12_1:12.0.1-15 libclang1-12_1:12.0.1-15 libcom-err2_1.46.4-1 libcrypt-dev_1:4.4.25-2 libcrypt1_1:4.4.25-2 libctf-nobfd0_2.37-7 libctf0_2.37-7 libdb5.3_5.3.28+dfsg1-0.8 libdbus-1-3_1.12.20-3 libdebconfclient0_0.260 libdebhelper-perl_13.5.2 libdeflate-dev_1.8-1 libdeflate0_1.8-1 libdjvulibre-dev_3.5.28-2 libdjvulibre-text_3.5.28-2 libdjvulibre21_3.5.28-2 libdpkg-perl_1.20.9 libdrm-amdgpu1_2.4.107-8 libdrm-common_2.4.107-8 libdrm-intel1_2.4.107-8 libdrm-nouveau2_2.4.107-8 libdrm-radeon1_2.4.107-8 libdrm2_2.4.107-8 libedit2_3.1-20210910-1 libegl-dev_1.3.4-2+b1 libegl-mesa0_21.2.4-1 libegl1_1.3.4-2+b1 libelf1_0.185-2 libexif-dev_0.6.23-1 libexif12_0.6.23-1 libexpat1_2.4.1-3 libext2fs2_1.46.4-1 libfakeroot_1.26-1 libffi-dev_3.4.2-3 libffi8_3.4.2-3 libfile-stripnondeterminism-perl_1.12.0-2 libfl-dev_2.6.4-8 libfl2_2.6.4-8 libflac8_1.3.3-2 libgbm1_21.2.4-1 libgc1_1:8.0.4-3 libgcc-11-dev_11.2.0-10 libgcc-9-dev_9.4.0-3 libgcc-s1_11.2.0-10 libgcrypt20_1.9.4-3+b1 libgdbm-compat4_1.22-1 libgdbm6_1.22-1 libgif-dev_5.1.9-2 libgif7_5.1.9-2 libgl-dev_1.3.4-2+b1 libgl1_1.3.4-2+b1 libgl1-mesa-dev_21.2.4-1 libgl1-mesa-dri_21.2.4-1 libglapi-mesa_21.2.4-1 libgles-dev_1.3.4-2+b1 libgles1_1.3.4-2+b1 libgles2_1.3.4-2+b1 libglib2.0-0_2.70.0-3 libglib2.0-bin_2.70.0-3 libglib2.0-data_2.70.0-3 libglib2.0-dev_2.70.0-3 libglib2.0-dev-bin_2.70.0-3 libglu1-mesa_9.0.1-1 libglu1-mesa-dev_9.0.1-1 libglvnd-core-dev_1.3.4-2+b1 libglvnd-dev_1.3.4-2+b1 libglvnd0_1.3.4-2+b1 libglx-dev_1.3.4-2+b1 libglx-mesa0_21.2.4-1 libglx0_1.3.4-2+b1 libgmp10_2:6.2.1+dfsg-2 libgnutls30_3.7.2-2 libgomp1_11.2.0-10 libgpg-error0_1.42-3 libgpm2_1.20.7-9 libgssapi-krb5-2_1.18.3-7 libhogweed6_3.7.3-1 libice6_2:1.0.10-1 libicu67_67.1-7 libidn2-0_2.3.2-2 libisl23_0.24-2 libitm1_11.2.0-10 libjbig-dev_2.1-3.1+b2 libjbig0_2.1-3.1+b2 libjpeg-dev_1:2.0.6-4 libjpeg62-turbo_1:2.0.6-4 libjpeg62-turbo-dev_1:2.0.6-4 libk5crypto3_1.18.3-7 libkeyutils1_1.6.1-2 libkrb5-3_1.18.3-7 libkrb5support0_1.18.3-7 libllvm12_1:12.0.1-15 liblsan0_11.2.0-10 liblz4-1_1.9.3-2 liblzma-dev_5.2.5-2 liblzma5_5.2.5-2 libmagic-mgc_1:5.39-3 libmagic1_1:5.39-3 libmd0_1.0.4-1 libmount-dev_2.37.2-4 libmount1_2.37.2-4 libmpc3_1.2.1-1 libmpdec3_2.5.1-2 libmpfr6_4.1.0-3 libncurses-dev_6.2+20210905-1 libncurses5-dev_6.2+20210905-1 libncurses6_6.2+20210905-1 libncursesw6_6.2+20210905-1 libnettle8_3.7.3-1 libnsl-dev_1.3.0-2 libnsl2_1.3.0-2 libobjc-11-dev_11.2.0-10 libobjc-9-dev_9.4.0-3 libobjc4_11.2.0-10 libogg0_1.3.4-0.1 libomp-12-dev_1:12.0.1-15 libomp5-12_1:12.0.1-15 libopengl-dev_1.3.4-2+b1 libopengl0_1.3.4-2+b1 libopus0_1.3.1-0.1 libp11-kit0_0.24.0-5 libpam-modules_1.4.0-10 libpam-modules-bin_1.4.0-10 libpam-runtime_1.4.0-10 libpam0g_1.4.0-10 libpciaccess0_0.16-1 libpcre16-3_2:8.39-13 libpcre2-16-0_10.36-2 libpcre2-32-0_10.36-2 libpcre2-8-0_10.36-2 libpcre2-dev_10.36-2 libpcre2-posix2_10.36-2 libpcre3_2:8.39-13 libpcre3-dev_2:8.39-13 libpcre32-3_2:8.39-13 libpcrecpp0v5_2:8.39-13 libperl5.32_5.32.1-6 libpipeline1_1.5.3-1 libpng-dev_1.6.37-3 libpng16-16_1.6.37-3 libpthread-stubs0-dev_0.4-1 libpulse-dev_15.0+dfsg1-2 libpulse-mainloop-glib0_15.0+dfsg1-2 libpulse0_15.0+dfsg1-2 libpython3-stdlib_3.9.2-3 libpython3.9-minimal_3.9.7-4 libpython3.9-stdlib_3.9.7-4 libquadmath0_11.2.0-10 libreadline-dev_8.1-2 libreadline8_8.1-2 libsdl1.2-dev_1.2.15+dfsg2-6 libsdl1.2debian_1.2.15+dfsg2-6 libseccomp2_2.5.2-2 libselinux1_3.1-3 libselinux1-dev_3.1-3 libsemanage-common_3.1-1 libsemanage1_3.1-1+b2 libsensors-config_1:3.6.0-7 libsensors5_1:3.6.0-7 libsepol1_3.1-1 libsepol1-dev_3.1-1 libsigsegv2_2.13-1 libslang2_2.3.2-5 libslang2-dev_2.3.2-5 libsm6_2:1.2.3-1 libsmartcols1_2.37.2-4 libsndfile1_1.0.31-2 libsqlite3-0_3.36.0-2 libss2_1.46.4-1 libssl1.1_1.1.1l-1 libstdc++-11-dev_11.2.0-10 libstdc++6_11.2.0-10 libsub-override-perl_0.09-2 libsystemd0_249.5-1 libtasn1-6_4.17.0-2 libtiff-dev_4.3.0-2 libtiff5_4.3.0-2 libtiffxx5_4.3.0-2 libtinfo6_6.2+20210905-1 libtirpc-common_1.3.2-2 libtirpc-dev_1.3.2-2 libtirpc3_1.3.2-2 libtool_2.4.6-15 libtsan0_11.2.0-10 libubsan1_11.2.0-10 libuchardet0_0.0.7-1 libudev1_249.5-1 libunistring2_0.9.10-6 libunwind-12_1:12.0.1-15 libuuid1_2.37.2-4 libvorbis0a_1.3.7-1 libvorbisenc2_1.3.7-1 libvulkan1_1.2.189.0-2 libwayland-client0_1.19.0-2+b1 libwayland-server0_1.19.0-2+b1 libwebp6_0.6.1-2.1 libwrap0_7.6.q-31 libx11-6_2:1.7.2-2+b1 libx11-data_2:1.7.2-2 libx11-dev_2:1.7.2-2+b1 libx11-xcb1_2:1.7.2-2+b1 libxau-dev_1:1.0.9-1 libxau6_1:1.0.9-1 libxaw7_2:1.0.13-1.1 libxcb-dri2-0_1.14-3 libxcb-dri3-0_1.14-3 libxcb-glx0_1.14-3 libxcb-present0_1.14-3 libxcb-shm0_1.14-3 libxcb-sync1_1.14-3 libxcb-xfixes0_1.14-3 libxcb1_1.14-3 libxcb1-dev_1.14-3 libxdmcp-dev_1:1.1.2-3 libxdmcp6_1:1.1.2-3 libxext-dev_2:1.3.4-1 libxext6_2:1.3.4-1 libxfixes3_1:5.0.3-2 libxml2_2.9.12+dfsg-5 libxmu6_2:1.1.2-2+b3 libxpm4_1:3.5.12-1 libxshmfence1_1.3-1 libxt6_1:1.2.0-1 libxxf86vm1_1:1.1.4-1+b2 libxxhash0_0.8.0-2 libz3-4_4.8.12-1+b1 libzstd1_1.4.8+dfsg-3 linux-libc-dev_5.14.12-1 llvm-12-linker-tools_1:12.0.1-15 login_1:4.8.1-1 logsave_1.46.4-1 lsb-base_11.1.0 m4_1.4.18-5 make_4.3-4.1 man-db_2.9.4-2 mawk_1.3.4.20200120-2 media-types_4.0.0 mount_2.37.2-4 ncurses-base_6.2+20210905-1 ncurses-bin_6.2+20210905-1 passwd_1:4.8.1-1 patch_2.7.6-7 perl_5.32.1-6 perl-base_5.32.1-6 perl-modules-5.32_5.32.1-6 pkg-config_0.29.2-1 po-debconf_1.0.21+nmu1 python3_3.9.2-3 python3-distutils_3.9.7-1 python3-lib2to3_3.9.7-1 python3-minimal_3.9.2-3 python3.9_3.9.7-4 python3.9-minimal_3.9.7-4 qt5-qmake_5.15.2+dfsg-12 qt5-qmake-bin_5.15.2+dfsg-12 qtchooser_66-2 readline-common_8.1-2 rpcsvc-proto_1.4.2-4 sbuild-build-depends-main-dummy_0.invalid.0 sed_4.8-1 sensible-utils_0.0.17 sysvinit-utils_3.00-1 tar_1.34+dfsg-1 tzdata_2021e-1 util-linux_2.37.2-4 uuid-dev_2.37.2-4 x11-common_1:7.7+23 x11proto-dev_2021.5-1 xorg-sgml-doctools_1:1.11-1.1 xtrans-dev_1.4.0-1 xz-utils_5.2.5-2 zlib1g_1:1.2.11.dfsg-2 zlib1g-dev_1:1.2.11.dfsg-2

+------------------------------------------------------------------------------+
| Build                                                                        |
+------------------------------------------------------------------------------+


Unpack source
-------------

-----BEGIN PGP SIGNED MESSAGE-----
Hash: SHA256

Format: 3.0 (quilt)
Source: fim
Binary: fim
Architecture: any
Version: 0.5.3-7
Maintainer: Michele Martone <michelemartone@users.sourceforge.net>
Uploaders: Rafael Laboissire <rafael@debian.org>
Homepage: https://savannah.nongnu.org/projects/fbi-improved/
Standards-Version: 4.5.1
Vcs-Browser: https://salsa.debian.org/debian/fim
Vcs-Git: https://salsa.debian.org/debian/fim.git
Testsuite: autopkgtest
Build-Depends: autoconf (>= 2.71), bison, debhelper-compat (= 13), flex, groff, libaa1-dev, libdjvulibre-dev, libexif-dev, libgif-dev, libjpeg-dev, libpng-dev, libreadline-dev, libsdl1.2-dev, libtiff-dev, libfl-dev
Package-List:
 fim deb graphics optional arch=any
Checksums-Sha1:
 b0c375420758c9c93a999f55e9861bea2482374d 704282 fim_0.5.3.orig.tar.gz
 487d9b988527685de6bbf74d0336f1dba5b148c3 17488 fim_0.5.3-7.debian.tar.xz
Checksums-Sha256:
 82816225ae89b246c37a93a95c9c45f88163d56d7d74f681743f19020b525389 704282 fim_0.5.3.orig.tar.gz
 1db571ab486a8d95a31aede9046ba87597c1a9e66457d70688321a891fa45a4c 17488 fim_0.5.3-7.debian.tar.xz
Files:
 f31d4917a23606df03406a017e7ee509 704282 fim_0.5.3.orig.tar.gz
 fd828a69ba426d5d7595acdee22042f8 17488 fim_0.5.3-7.debian.tar.xz

-----BEGIN PGP SIGNATURE-----

iQIzBAEBCAAdFiEEP0ZDkUmP6HS9tdmPISSqGYN4XJAFAmElPooACgkQISSqGYN4
XJCnIQ/+O+E5qZ0vv6lLVFN7knO1SnJ50WKVUS91fWqso6m+0MAShGYOsEtym7k9
GSPsMHEUd2rSZfxcps5/jPN1Ww6jqj/9UK9YgAZjaJZuSdrK38qxkJSRXNA5mgA0
0KbsBuBK6q99pTI9vDhJ4fh23SB6nLtYPJYr4bsmOGjw9qUfLkfcJL8YBnITimk0
WP5vy3U0vQ3KeVejk1lrOJdjtbBaE2qqL3gQ5RaNCCPFyXianjdGL78lsBhz4yVr
o6c3Nf354QnaXm0OCP99MgubEqU5E4iPya8E+QyJzKckP0/oiwKjAqthleF045Bj
CxYlPfy2kW96WQkNVbjEaNbSEaeUkinOjsXZT5IsQAIiB1mj2fFWGF/pCgwFFVVh
L+mQPb8i3DmELUrmpWaPYOOXbfJOLlPX8vxBPZ/sOVxlDRAb2mEUhcweC1ezxEc0
JSJtmrA9UfrnHiiIz1IxEyRqhHRDshf96r8qQsKHR3cbXmio32FbryMIB5n/yMQ4
gB8PqInFrchZEKbvLEDwEVsvkCwyFegzKM4pr/4N2vAZsXaGs9B+UwgX01RsZxNV
gLyxEgwq6tDaEFQBNPz2WEs2t1KZb6A/1oDZSam385JBS/qSqybFxlfZbsn4cNAH
ytaEG6vNbPlFHle9sV87h8Hao5hSKr/lBmB0h3OhCP0OpYoJ4As=
=+tXA
-----END PGP SIGNATURE-----

gpgv: unknown type of key resource 'trustedkeys.kbx'
gpgv: keyblock resource '/tmp/dpkg-verify-sig.mg2jU5o8/trustedkeys.kbx': General error
gpgv: Signature made Tue Aug 24 18:46:34 2021 UTC
gpgv:                using RSA key 3F464391498FE874BDB5D98F2124AA1983785C90
gpgv: Can't check signature: No public key
dpkg-source: warning: failed to verify signature on ./fim_0.5.3-7.dsc
dpkg-source: info: extracting fim in /<<PKGBUILDDIR>>
dpkg-source: info: unpacking fim_0.5.3.orig.tar.gz
dpkg-source: info: unpacking fim_0.5.3-7.debian.tar.xz
dpkg-source: info: using patch list from debian/patches/series
dpkg-source: info: applying compile-with-gcc-9.patch
dpkg-source: info: applying reproducible-build.patch
dpkg-source: info: applying compile-with-gcc-10.patch
dpkg-source: info: applying update-configure-ac.patch

Check disk space
----------------

Sufficient free space for build

User Environment
----------------

APT_CONFIG=/var/lib/sbuild/apt.conf
HOME=/sbuild-nonexistent
LANG=C.UTF-8
LC_ALL=C.UTF-8
LOGNAME=user42
PATH=/usr/local/sbin:/usr/local/bin:/usr/sbin:/usr/bin:/sbin:/bin:/usr/games
SCHROOT_ALIAS_NAME=unstable
SCHROOT_CHROOT_NAME=sid-amd64-sbuild
SCHROOT_COMMAND=env
SCHROOT_GID=1001
SCHROOT_GROUP=user42
SCHROOT_SESSION_ID=sid-amd64-sbuild-0f1f2d60-dd72-4dd2-81bf-edc11775677e
SCHROOT_UID=1001
SCHROOT_USER=user42
SHELL=/bin/sh
USER=user42

dpkg-buildpackage
-----------------

Command: dpkg-buildpackage -us -uc -b -rfakeroot
dpkg-buildpackage: info: source package fim
dpkg-buildpackage: info: source version 0.5.3-7
dpkg-buildpackage: info: source distribution unstable
dpkg-buildpackage: info: source changed by Rafael Laboissire <rafael@debian.org>
 dpkg-source --before-build .
dpkg-buildpackage: info: host architecture amd64
dpkg-source: info: using options from fim-0.5.3/debian/source/options: --extend-diff-ignore=src/version\.h|config\.log|lex\.yy\.c|src/config\.h\.in|INSTALL|install-sh|aclocal\.m4|Makefile\.in|configure$|missing|scripts/Makefile\.in|distros/Makefile\.in|doc/fimrc\.man\.html|doc/FIM\.html|doc/fimgs\.man\.html|doc/Makefile\.in|doc/fim\.man\.html|src/Makefile\.in
 debian/rules clean
dh clean
   dh_clean
 debian/rules binary
dh binary
   dh_update_autotools_config
   dh_autoreconf
sh: 1: svnversion: not found
sh: 1: svnversion: not found
sh: 1: svnversion: not found
configure.ac:65: warning: AC_PROG_LEX without either yywrap or noyywrap is obsolete
./lib/autoconf/programs.m4:716: _AC_PROG_LEX is expanded from...
./lib/autoconf/programs.m4:709: AC_PROG_LEX is expanded from...
configure.ac:65: the top level
configure.ac:266: warning: The preprocessor macro `STDC_HEADERS' is obsolete.
configure.ac:266:   Except in unusual embedded environments, you can safely include all
configure.ac:266:   ISO C90 headers unconditionally.
configure.ac:331: warning: your code may safely assume C89 semantics that RETSIGTYPE is void.
configure.ac:331: Remove this warning and the `AC_CACHE_CHECK' when you adjust the code.
sh: 1: svnversion: not found
configure.ac:49: installing './compile'
configure.ac:275: installing './config.guess'
configure.ac:275: installing './config.sub'
src/Makefile.am:109: warning: source file '$(srcdir)/fim.cpp' is in a subdirectory,
src/Makefile.am:109: but option 'subdir-objects' is disabled
automake: warning: possible forward-incompatibility.
automake: At least one source file is in a subdirectory, but the 'subdir-objects'
automake: automake option hasn't been enabled.  For now, the corresponding output
automake: object file(s) will be placed in the top-level directory.  However, this
automake: behavior may change in a future Automake major version, with object
automake: files being placed in the same subdirectory as the corresponding sources.
automake: You are advised to start using 'subdir-objects' option throughout your
automake: project, to avoid future incompatibilities.
src/Makefile.am:109: warning: source file '$(srcdir)/fim_plugin.cpp' is in a subdirectory,
src/Makefile.am:109: but option 'subdir-objects' is disabled
src/Makefile.am:109: warning: source file '$(srcdir)/help.cpp' is in a subdirectory,
src/Makefile.am:109: but option 'subdir-objects' is disabled
src/Makefile.am:109: warning: source file '$(srcdir)/help-acm.cpp' is in a subdirectory,
src/Makefile.am:109: but option 'subdir-objects' is disabled
src/Makefile.am:109: warning: source file '$(srcdir)/fim_stream.cpp' is in a subdirectory,
src/Makefile.am:109: but option 'subdir-objects' is disabled
src/Makefile.am:109: warning: source file '$(srcdir)/readline.cpp' is in a subdirectory,
src/Makefile.am:109: but option 'subdir-objects' is disabled
src/Makefile.am:109: warning: source file '$(srcdir)/AADevice.cpp' is in a subdirectory,
src/Makefile.am:109: but option 'subdir-objects' is disabled
src/Makefile.am:109: warning: source file '$(srcdir)/CACADevice.cpp' is in a subdirectory,
src/Makefile.am:109: but option 'subdir-objects' is disabled
src/Makefile.am:109: warning: source file '$(srcdir)/SDLDevice.cpp' is in a subdirectory,
src/Makefile.am:109: but option 'subdir-objects' is disabled
src/Makefile.am:109: warning: source file '$(srcdir)/Arg.cpp' is in a subdirectory,
src/Makefile.am:109: but option 'subdir-objects' is disabled
src/Makefile.am:109: warning: source file '$(srcdir)/Browser.cpp' is in a subdirectory,
src/Makefile.am:109: but option 'subdir-objects' is disabled
src/Makefile.am:109: warning: source file '$(srcdir)/Cache.cpp' is in a subdirectory,
src/Makefile.am:109: but option 'subdir-objects' is disabled
src/Makefile.am:109: warning: source file '$(srcdir)/Command.cpp' is in a subdirectory,
src/Makefile.am:109: but option 'subdir-objects' is disabled
src/Makefile.am:109: warning: source file '$(srcdir)/CommandConsole.cpp' is in a subdirectory,
src/Makefile.am:109: but option 'subdir-objects' is disabled
src/Makefile.am:109: warning: source file '$(srcdir)/CommandConsole-cmd.cpp' is in a subdirectory,
src/Makefile.am:109: but option 'subdir-objects' is disabled
src/Makefile.am:109: warning: source file '$(srcdir)/CommandConsole-var.cpp' is in a subdirectory,
src/Makefile.am:109: but option 'subdir-objects' is disabled
src/Makefile.am:109: warning: source file '$(srcdir)/CommandConsole-init.cpp' is in a subdirectory,
src/Makefile.am:109: but option 'subdir-objects' is disabled
src/Makefile.am:109: warning: source file '$(srcdir)/CommandConsole-help.cpp' is in a subdirectory,
src/Makefile.am:109: but option 'subdir-objects' is disabled
src/Makefile.am:109: warning: source file '$(srcdir)/DebugConsole.cpp' is in a subdirectory,
src/Makefile.am:109: but option 'subdir-objects' is disabled
src/Makefile.am:109: warning: source file '$(srcdir)/DisplayDevice.cpp' is in a subdirectory,
src/Makefile.am:109: but option 'subdir-objects' is disabled
src/Makefile.am:109: warning: source file '$(srcdir)/FbiStuff.cpp' is in a subdirectory,
src/Makefile.am:109: but option 'subdir-objects' is disabled
src/Makefile.am:109: warning: source file '$(srcdir)/FbiStuffFbtools.cpp' is in a subdirectory,
src/Makefile.am:109: but option 'subdir-objects' is disabled
src/Makefile.am:109: warning: source file '$(srcdir)/FbiStuffLoader.cpp' is in a subdirectory,
src/Makefile.am:109: but option 'subdir-objects' is disabled
src/Makefile.am:109: warning: source file '$(srcdir)/FbiStuffPpm.cpp' is in a subdirectory,
src/Makefile.am:109: but option 'subdir-objects' is disabled
src/Makefile.am:109: warning: source file '$(srcdir)/FbiStuffBit1.cpp' is in a subdirectory,
src/Makefile.am:109: but option 'subdir-objects' is disabled
src/Makefile.am:109: warning: source file '$(srcdir)/FbiStuffBit24.cpp' is in a subdirectory,
src/Makefile.am:109: but option 'subdir-objects' is disabled
src/Makefile.am:109: warning: source file '$(srcdir)/FbiStuffText.cpp' is in a subdirectory,
src/Makefile.am:109: but option 'subdir-objects' is disabled
src/Makefile.am:109: warning: source file '$(srcdir)/FbiStuffMatrixMarket.cpp' is in a subdirectory,
src/Makefile.am:109: but option 'subdir-objects' is disabled
src/Makefile.am:109: warning: source file '$(srcdir)/FontServer.cpp' is in a subdirectory,
src/Makefile.am:109: but option 'subdir-objects' is disabled
src/Makefile.am:109: warning: source file '$(srcdir)/FramebufferDevice.cpp' is in a subdirectory,
src/Makefile.am:109: but option 'subdir-objects' is disabled
src/Makefile.am:109: warning: source file '$(srcdir)/Image.cpp' is in a subdirectory,
src/Makefile.am:109: but option 'subdir-objects' is disabled
src/Makefile.am:109: warning: source file '$(srcdir)/Namespace.cpp' is in a subdirectory,
src/Makefile.am:109: but option 'subdir-objects' is disabled
src/Makefile.am:109: warning: source file '$(srcdir)/Var.cpp' is in a subdirectory,
src/Makefile.am:109: but option 'subdir-objects' is disabled
src/Makefile.am:109: warning: source file '$(srcdir)/Viewport.cpp' is in a subdirectory,
src/Makefile.am:109: but option 'subdir-objects' is disabled
src/Makefile.am:109: warning: source file '$(srcdir)/FimWindow.cpp' is in a subdirectory,
src/Makefile.am:109: but option 'subdir-objects' is disabled
src/Makefile.am:109: warning: source file '$(srcdir)/common.cpp' is in a subdirectory,
src/Makefile.am:109: but option 'subdir-objects' is disabled
src/Makefile.am:109: warning: source file '$(srcdir)/interpreter.cpp' is in a subdirectory,
src/Makefile.am:109: but option 'subdir-objects' is disabled
src/Makefile.am:109: warning: source file '$(srcdir)/fim_string.cpp' is in a subdirectory,
src/Makefile.am:109: but option 'subdir-objects' is disabled
/usr/share/automake-1.16/am/depend2.am: warning: FontServer.o was already defined in condition !FIM_WANT_HARDCODED_CONSOLEFONT, which is included in condition TRUE ...
/usr/share/automake-1.16/am/depend2.am: ... 'FontServer.o' previously defined here
   dh_auto_configure
	./configure --build=x86_64-linux-gnu --prefix=/usr --includedir=\${prefix}/include --mandir=\${prefix}/share/man --infodir=\${prefix}/share/info --sysconfdir=/etc --localstatedir=/var --disable-option-checking --disable-silent-rules --libdir=\${prefix}/lib/x86_64-linux-gnu --runstatedir=/run --disable-maintainer-mode --disable-dependency-tracking
configure:
        Welcome to the Fim (revision ) configure script!
	This script will create the right Makefile for building Fim on your system.
	But first, it will check if your system has the right configuration for Fim to build.

	There are options to this script, please run :
	  ./configure --help=short
	for a complete list of these options.

	Please read BUGS and README and report any bug found to the Fim maintainer!

checking for gcc... gcc
checking whether the C compiler works... yes
checking for C compiler default output file name... a.out
checking for suffix of executables... 
checking whether we are cross compiling... no
checking for suffix of object files... o
checking whether the compiler supports GNU C... yes
checking whether gcc accepts -g... yes
checking for gcc option to enable C11 features... none needed
checking whether gcc understands -c and -o together... yes
checking for stdio.h... yes
checking for stdlib.h... yes
checking for string.h... yes
checking for inttypes.h... yes
checking for stdint.h... yes
checking for strings.h... yes
checking for sys/stat.h... yes
checking for sys/types.h... yes
checking for unistd.h... yes
checking for wchar.h... yes
checking for minix/config.h... no
checking whether it is safe to define __EXTENSIONS__... yes
checking whether _XOPEN_SOURCE should be defined... no
checking for gcc... (cached) gcc
checking whether the compiler supports GNU C... (cached) yes
checking whether gcc accepts -g... (cached) yes
checking for gcc option to enable C11 features... (cached) none needed
checking whether gcc understands -c and -o together... (cached) yes
checking how to run the C preprocessor... gcc -E
checking for bison... bison -y
checking for flex... flex
checking for lex output file root... lex.yy
checking for lex library... none needed
checking for library containing yywrap... -ll
checking whether yytext is a pointer... yes
checking for a BSD-compatible install... /usr/bin/install -c
checking for ranlib... ranlib
checking for g++... g++
checking whether the compiler supports GNU C++... yes
checking whether g++ accepts -g... yes
checking for g++ option to enable C++11 features... none needed
checking for ar... ar
checking whether build environment is sane... yes
checking for a race-free mkdir -p... /bin/mkdir -p
checking for gawk... no
checking for mawk... mawk
checking whether make sets $(MAKE)... yes
checking whether make supports the include directive... yes (GNU style)
checking whether make supports nested variables... yes
checking dependency style of gcc... none
checking dependency style of g++... none
checking for prefix... /usr
checking for library containing strerror... none required
checking whether make sets $(MAKE)... (cached) yes
checking for inline... inline
checking for an ANSI C-conforming const... yes
checking for special C compiler options needed for large files... no
checking for _FILE_OFFSET_BITS value needed for large files... no
checking for _LARGEFILE_SOURCE value needed for large files... no
checking size of off_t... 8
checking whether to enable maintainer-specific portions of Makefiles... no
checking for getenv... yes
checking for getline... yes
checking for fgetln... no
checking for get_current_dir_name... yes
checking for rsb_lib_init... no
checking for pow in -lm... yes
checking for yylex in -lfl... no
checking for GetMagickVersion in -lGraphicsMagick... no
checking for imlib_create_image in -lImlib2... no
checking for flex... yes
checking for bison... yes
checking for echo... yes
checking for rm... yes
checking for sed... yes
checking for grep... yes
checking for sort... yes
checking for cpp... yes
checking for awk... yes
checking for cat... yes
checking for man... yes
checking for rm... /bin/rm
checking for sed... /bin/sed
checking for grep... /bin/grep
checking for echo... /bin/echo
checking for sort... /usr/bin/sort
checking for cpp... /usr/bin/cpp
checking for awk... /usr/bin/awk
checking for cat... /bin/cat
checking for man... /usr/bin/man
configure: Checking for headers required by the Linux framebuffer device.
checking for linux/fb.h... yes
checking for linux/vt.h... yes
checking for linux/kd.h... yes
checking for grep that handles long lines and -e... (cached) /bin/grep
checking for egrep... /bin/grep -E
checking build system type... x86_64-pc-linux-gnu
checking host system type... x86_64-pc-linux-gnu
checking for sys/param.h... yes
checking for getpagesize... yes
checking for working mmap... yes
checking for bzero... yes
checking for memset... yes
checking for memcmp... yes
checking for strncmp... yes
checking for strcpy... yes
checking for bcopy... yes
checking for bcmp... yes
checking for drand48... yes
checking for random... yes
checking for rand... yes
checking for fileno... yes
checking for fmemopen... yes
checking for string.h... (cached) yes
checking for strerror... yes
checking for strings.h... (cached) yes
checking for strerror... (cached) yes
checking for stdint.h... (cached) yes
checking for wchar.h... (cached) yes
checking for fontconfig/fontconfig.h... no
checking for fontconfig/fcfreetype.h... no
checking for dirent.h that defines DIR... yes
checking for library containing opendir... none required
checking for stdarg.h... yes
checking for sys/ioctl.h... yes
checking for ioctl.h... no
checking for sysexits.h... yes
checking for sys/time.h... yes
checking for sys/resource.h... yes
checking for unix.h... no
checking for libgen.h... yes
checking for sys/user.h... yes
checking for sys/mman.h... yes
checking for cstdio... yes
checking for climits... yes
checking size of int... 4
checking size of int *... 8
checking size of size_t... 8
checking whether byte ordering is bigendian... no
checking return type of signal handlers... void
checking for regcomp... yes
checking whether your system regexp library is completely broken... no
checking where to put the documentation...... 
checking for DGifOpenFileHandle  in -lgif... yes
checking for gif.h... checking how to run the C++ preprocessor... g++ -E
yes
checking for TIFFOpen  in -ltiff... yes
checking for tiff.h... yes
checking for noecho in -lcurses... yes
checking for noecho in -lncurses... yes
checking for caca_create_canvas in -lcaca... yes
checking for rl_replace_line in -lreadline... yes
checking for tputs in -lcurses... yes
checking for jpeg_destroy_decompress in -ljpeg... yes
checking for jpeglib.h... yes
checking for spectre_page_render in -lspectre... no
configure: WARNING: *** PS loader will not be built (spectre library not found) ***
checking for ddjvu_page_create_by_pageno in -ldjvulibre... yes
checking for libdjvu/ddjvuapi.h... yes
checking for pkg-config... /usr/bin/pkg-config
checking pkg-config is at least version 0.9.0... yes
checking for poppler >= 0.8.7... no
configure: WARNING: "PDF support is disabled since poppler library version 0.8.7 or newer not found"
configure: Enabling BMP file format support.
configure: Enabling PCX file format support.
checking for libpng-config... /usr/bin/libpng-config
checking for exif_data_new_from_data in -lexif... yes
configure: Enabling libexif usage.
checking for aa_getfirst in -laa... yes
configure: Enabling aalib driver.
checking for aalib-config... /usr/bin/aalib-config
checking for sdl-config... /usr/bin/sdl-config
configure: Activating LIBSDL.
checking for zcat... yes
configure: Fim will use 'zcat' to uncompress "gzipped" font files.
checking for convert... no
checking for xcftopnm... no
checking for inkscape... no
checking for fig2dev... no
checking for dia... no
checking that generated files are newer than configure... done
configure: creating ./config.status
config.status: creating Makefile
config.status: creating src/Makefile
config.status: creating doc/Makefile
config.status: creating distros/Makefile
config.status: creating scripts/Makefile
config.status: creating scripts/maintenance/cron-build.sh
config.status: creating scripts/maintenance/remote-build.sh
config.status: creating scripts/maintenance/cron-svndump.pl
config.status: creating scripts/maintenance/cron-rsync.sh
config.status: creating config.h
config.status: executing depfiles commands
configure:
	Fim v0.5-rc3 has been configured as follows (features marked with * are not recommended: either unfinished or broken: please do NOT use them when building for a distro):

   	default minimal key mapping         : yes
   	default minimal key bindings        : yes
	default configuration file builtin  : yes
        resize optimizations                : yes
        system,popen calls wrappers enabled : yes
   	will allow push of directories      : yes
   	will recurse directories (-R switch): yes
	patch for running under screen      : yes
	~/.fimrc startup file support       : yes
	~/.fim_history load/save support    : yes
	autocommands enabled                : yes
	hardcoded PSF font (FBFONT=fim://)  : yes
	will read image files from stdin(-i): yes
	GNU regexps (default is Posix)      :*no
        seek magic signatures               :*no
	customizable status bar             : yes
	use C++11 constructs (internals)    : no
	readline (-lrl) library support     : yes
	use 'xcftopnm' for XCF files        :*no
	use 'inkscape' for SVG files        : no
	use 'fig2dev' for FIG files         : no
	use 'convert' for unrecognized files:*no
	use 'exiftool' for EXIF tags in JPEG:*no
        framebuffer (built-in) support      : yes
	X        (sdllib) support (-o sdl)  : yes
	ASCII art (aalib) support (-o aa)   : yes
	X        (Imlib2) support(-o imlib2):*no
	coloured ASCII art (cacalib) support:*no
   	EXIF (JPEG) tags support (libexif)  : yes
	BMP      file support (builtin)     : yes
	JP2 (JPEG-2K) file support (JasPer) : no
	PCX      file support (builtin)     : yes
	PNG      file support (libpng)      : yes
	JPEG     file support (libjpeg)     : yes
	TIFF     file support (libtiff)     : yes
	GIF      file support (libgif)      : yes
	DJVU     file support (libdjvu)     :*yes
	PDF      file support (libpoppler)  :*no
	PS       file support (libspectre)  :*no
	NEF/RAW  file support (libufraw)    :*no
	TAR/ZIP/.. file support (libarchive):*no
	GraphicsMagick support (libGraphicsMagick):*no

	If you are not satisfied with this configuration, please invoke
	  ./configure --help=short
	for a complete list of configure options specific to Fim.
	When you are satisfied, run 'make' to build Fim and its documentation.
	To install the program and its documentation, run 'make install' if you are root,
	or run 'su -c '"make install"' if you are not root.
	RTFM: README, man fim, man fimrc.  Enjoy!

   dh_auto_build
	make -j4
make[1]: Entering directory '/<<PKGBUILDDIR>>'
(CDPATH="${ZSH_VERSION+.}:" && cd . && /bin/bash '/<<PKGBUILDDIR>>/missing' autoheader)
rm -f stamp-h1
touch src/config.h.in
cd . && /bin/bash ./config.status config.h
config.status: creating config.h
config.status: config.h is unchanged
make  all-recursive
make[2]: Entering directory '/<<PKGBUILDDIR>>'
Making all in src
make[3]: Entering directory '/<<PKGBUILDDIR>>/src'
LC_ALL=C bison -y -v -d yacc.ypp -o yacc.tab.cpp
/bin/echo 'const fim_char_t * FIM_DEFAULT_CONFIG_FILE_CONTENTS =' > conf.h
/bin/sed  's/\\/\\\\/g;s/"/\\\"/g;s/^/"/g;s/$/\\n"/g;' fimrc >> conf.h
yacc.ypp: warning: 1 shift/reduce conflict [-Wconflicts-sr]
yacc.ypp: warning: 25 reduce/reduce conflicts [-Wconflicts-rr]
yacc.ypp: note: rerun with option '-Wcounterexamples' to generate conflict counterexamples
/bin/echo '"";' >> conf.h
flex -+ --nounistd lex.lex
Applying a horrible hack to avoid the flex non-throwing isatty() redeclaration in 'extern C int isatty (int );'
/bin/sed -i 's/^.*extern.*isatty.*int.*$//g' lex.yy.cc
make  all-recursive
make[4]: Entering directory '/<<PKGBUILDDIR>>/src'
make[5]: Entering directory '/<<PKGBUILDDIR>>/src'
g++ -DHAVE_CONFIG_H -I. -I..     -g -O2 -ffile-prefix-map=/<<PKGBUILDDIR>>=. -fstack-protector-strong -Wformat -Werror=format-security -I/usr/include/libpng16 -I/usr/include -I/usr/include/SDL -D_GNU_SOURCE=1 -D_REENTRANT -c -o lex.yy.o lex.yy.cc
g++ -DHAVE_CONFIG_H -I. -I..     -g -O2 -ffile-prefix-map=/<<PKGBUILDDIR>>=. -fstack-protector-strong -Wformat -Werror=format-security -I/usr/include/libpng16 -I/usr/include -I/usr/include/SDL -D_GNU_SOURCE=1 -D_REENTRANT -c -o yacc.tab.o yacc.tab.cpp
/bin/grep define ../config.h | /bin/grep FIM | LC_ALL=C /usr/bin/sort | /bin/sed 's/^#//g;s/define //g;s/^\([A-Za-z0-9_]*\).*$/+\1  /g;s/^/\"/g;s/$/\"/g' > version.h
/bin/echo 'const fim_char_t * FIM_DEFAULT_GRAMMAR_FILE_CONTENTS =' > grammar.h
/usr/bin/awk -f ../scripts/maintenance/yacc2grammar.awk yacc.output | /usr/bin/cpp -include ../scripts/maintenance/yacc2grammar.h  | /bin/grep -v '^#' | /bin/sed 's/"/\\\"/g;s/^/"/g;s/$/\\n"/g;' >> grammar.h
/bin/echo "\"\n\"" >> version.h
/bin/grep define ../config.h | /bin/grep FIM.*'"' | LC_ALL=C /usr/bin/sort | /bin/sed 's/^#//g;s/define //g;s/^\([A-Za-z0-9_]*\) "\(.*\)"$/"\1 = \\"\2\\"\\n"/g'   >> version.h
/bin/grep undef ../config.h | /bin/grep FIM | LC_ALL=C /usr/bin/sort | /bin/sed 's/^#//g;s/.*undef //g;s/^\([A-Za-z0-9_]*\).\+$/-\1  /g;s/^/\"/g;s/$/\"/g' >> version.h
g++ -DHAVE_CONFIG_H -I. -I..     -g -O2 -ffile-prefix-map=/<<PKGBUILDDIR>>=. -fstack-protector-strong -Wformat -Werror=format-security -I/usr/include/libpng16 -I/usr/include -I/usr/include/SDL -D_GNU_SOURCE=1 -D_REENTRANT -c -o fim_plugin.o `test -f './fim_plugin.cpp' || echo './'`./fim_plugin.cpp
/bin/echo '"";' >> grammar.h
g++ -DHAVE_CONFIG_H -I. -I..     -g -O2 -ffile-prefix-map=/<<PKGBUILDDIR>>=. -fstack-protector-strong -Wformat -Werror=format-security -I/usr/include/libpng16 -I/usr/include -I/usr/include/SDL -D_GNU_SOURCE=1 -D_REENTRANT -c -o defaultConfiguration.o defaultConfiguration.cpp
g++ -DHAVE_CONFIG_H -I. -I..     -g -O2 -ffile-prefix-map=/<<PKGBUILDDIR>>=. -fstack-protector-strong -Wformat -Werror=format-security -I/usr/include/libpng16 -I/usr/include -I/usr/include/SDL -D_GNU_SOURCE=1 -D_REENTRANT -c -o help-acm.o `test -f './help-acm.cpp' || echo './'`./help-acm.cpp
g++ -DHAVE_CONFIG_H -I. -I..     -g -O2 -ffile-prefix-map=/<<PKGBUILDDIR>>=. -fstack-protector-strong -Wformat -Werror=format-security -I/usr/include/libpng16 -I/usr/include -I/usr/include/SDL -D_GNU_SOURCE=1 -D_REENTRANT -c -o fim_stream.o `test -f './fim_stream.cpp' || echo './'`./fim_stream.cpp
In file included from lex.lex:32:
In file included from ./fim.h:473:
In file included from ./FbiStuff.h:31:
In file included from ./FramebufferDevice.h:37:
In file included from ./DisplayDevice.h:24:
In file included from ./DebugConsole.h:In file included from yacc.ypp:59:
In file included from ./fim.h:473:
In file included from ./FbiStuff.h:31:
In file included from ./FramebufferDevice.h:37:
In file included from ./DisplayDevice.h:24:
In file included from ./DebugConsole.h:27:
./Var.h:278:2: warning: non-void function does not return a value in all control paths [-Wreturn-type]
        }
        ^
27:
./Var.h:278:2: warning: non-void function does not return a value in all control paths [-Wreturn-type]
        }
        ^
In file included from ./fim_plugin.cpp:28:
In file included from ./fim_plugin.h:24:
In file included from ./fim.h:473:
In file included from ./FbiStuff.h:31:
In file included from ./FramebufferDevice.h:37:
In file included from ./DisplayDevice.h:24:
In file included from ./DebugConsole.h:27:
./Var.h:278:2: warning: non-void function does not return a value in all control paths [-Wreturn-type]
        }
        ^
In file included from ./fim_stream.cpp:23:
In file included from ./fim.h:473:
In file included from ./FbiStuff.h:31:
In file included from ./FramebufferDevice.h:37:
In file included from ./DisplayDevice.h:24:
In file included from ./DebugConsole.h:27:
./Var.h:278:2: warning: non-void function does not return a value in all control paths [-Wreturn-type]
        }
        ^
1 warning generated.
g++ -DHAVE_CONFIG_H -I. -I..     -g -O2 -ffile-prefix-map=/<<PKGBUILDDIR>>=. -fstack-protector-strong -Wformat -Werror=format-security -I/usr/include/libpng16 -I/usr/include -I/usr/include/SDL -D_GNU_SOURCE=1 -D_REENTRANT -c -o readline.o `test -f './readline.cpp' || echo './'`./readline.cpp
1 warning generated.
g++ -DHAVE_CONFIG_H -I. -I..     -g -O2 -ffile-prefix-map=/<<PKGBUILDDIR>>=. -fstack-protector-strong -Wformat -Werror=format-security -I/usr/include/libpng16 -I/usr/include -I/usr/include/SDL -D_GNU_SOURCE=1 -D_REENTRANT -c -o AADevice.o `test -f './AADevice.cpp' || echo './'`./AADevice.cpp
1 warning generated.
g++ -DHAVE_CONFIG_H -I. -I..     -g -O2 -ffile-prefix-map=/<<PKGBUILDDIR>>=. -fstack-protector-strong -Wformat -Werror=format-security -I/usr/include/libpng16 -I/usr/include -I/usr/include/SDL -D_GNU_SOURCE=1 -D_REENTRANT -c -o CACADevice.o `test -f './CACADevice.cpp' || echo './'`./CACADevice.cpp
1 warning generated.
g++ -DHAVE_CONFIG_H -I. -I..     -g -O2 -ffile-prefix-map=/<<PKGBUILDDIR>>=. -fstack-protector-strong -Wformat -Werror=format-security -I/usr/include/libpng16 -I/usr/include -I/usr/include/SDL -D_GNU_SOURCE=1 -D_REENTRANT -c -o SDLDevice.o SDLDevice.cpp
In file included from ./readline.cpp:22:
In file included from ./CommandConsole.h:24:
In file included from ./fim.h:473:
In file included from ./FbiStuff.h:31:
In file included from ./FramebufferDevice.h:37:
In file included from ./DisplayDevice.h:24:
In file included from ./DebugConsole.h:27:
./Var.h:278:2: warning: non-void function does not return a value in all control paths [-Wreturn-type]
        }
        ^
In file included from ./AADevice.cpp:22:
In file included from ./fim.h:473:
In file included from ./FbiStuff.h:31:
In file included from ./FramebufferDevice.h:37:
In file included from ./DisplayDevice.h:24:
In file included from ./DebugConsole.h:27:
./Var.h:278:2: warning: non-void function does not return a value in all control paths [-Wreturn-type]
        }
        ^
In file included from ./CACADevice.cpp:24:
In file included from ./fim.h:473:
In file included from ./FbiStuff.h:31:
In file included from ./FramebufferDevice.h:37:
In file included from ./DisplayDevice.h:24:
In file included from ./DebugConsole.h:27:
./Var.h:278:2: warning: non-void function does not return a value in all control paths [-Wreturn-type]
        }
        ^
In file included from SDLDevice.cpp:28:
In file included from ./fim.h:473:
In file included from ./FbiStuff.h:31:
In file included from ./FramebufferDevice.h:37:
In file included from ./DisplayDevice.h:24:
In file included from ./DebugConsole.h:27:
./Var.h:278:2: warning: non-void function does not return a value in all control paths [-Wreturn-type]
        }
        ^
1 warning generated.
g++ -DHAVE_CONFIG_H -I. -I..     -g -O2 -ffile-prefix-map=/<<PKGBUILDDIR>>=. -fstack-protector-strong -Wformat -Werror=format-security -I/usr/include/libpng16 -I/usr/include -I/usr/include/SDL -D_GNU_SOURCE=1 -D_REENTRANT -c -o Arg.o `test -f './Arg.cpp' || echo './'`./Arg.cpp
1 warning generated.
g++ -DHAVE_CONFIG_H -I. -I..     -g -O2 -ffile-prefix-map=/<<PKGBUILDDIR>>=. -fstack-protector-strong -Wformat -Werror=format-security -I/usr/include/libpng16 -I/usr/include -I/usr/include/SDL -D_GNU_SOURCE=1 -D_REENTRANT -c -o Browser.o `test -f './Browser.cpp' || echo './'`./Browser.cpp
1 warning generated.
g++ -DHAVE_CONFIG_H -I. -I..     -g -O2 -ffile-prefix-map=/<<PKGBUILDDIR>>=. -fstack-protector-strong -Wformat -Werror=format-security -I/usr/include/libpng16 -I/usr/include -I/usr/include/SDL -D_GNU_SOURCE=1 -D_REENTRANT -c -o Cache.o `test -f './Cache.cpp' || echo './'`./Cache.cpp
In file included from ./Arg.cpp:22:
In file included from ./fim.h:473:
In file included from ./FbiStuff.h:31:
In file included from ./FramebufferDevice.h:37:
In file included from ./DisplayDevice.h:24:
In file included from ./DebugConsole.h:27:
./Var.h:278:2: warning: non-void function does not return a value in all control paths [-Wreturn-type]
        }
        ^
In file included from ./Browser.cpp:30:
In file included from ./fim.h:473:
In file included from ./FbiStuff.h:31:
In file included from ./FramebufferDevice.h:37:
In file included from ./DisplayDevice.h:24:
In file included from ./DebugConsole.h:27:
./Var.h:278:2: warning: non-void function does not return a value in all control paths [-Wreturn-type]
        }
        ^
In file included from ./Cache.cpp:21:
1 warning generated.
In file included from ./fim.h:473:
In file included from ./FbiStuff.h:31:
In file included from ./FramebufferDevice.h:37:
In file included from ./DisplayDevice.h:24:
In file included from ./DebugConsole.h:27:
./Var.h:278:2: warning: non-void function does not return a value in all control paths [-Wreturn-type]
        }
        ^
g++ -DHAVE_CONFIG_H -I. -I..     -g -O2 -ffile-prefix-map=/<<PKGBUILDDIR>>=. -fstack-protector-strong -Wformat -Werror=format-security -I/usr/include/libpng16 -I/usr/include -I/usr/include/SDL -D_GNU_SOURCE=1 -D_REENTRANT -c -o Command.o Command.cpp
./Browser.cpp:230:10: warning: field 'tlist_' is uninitialized when used here [-Wuninitialized]
                flist_(tlist_),
                       ^
1 warning generated.
g++ -DHAVE_CONFIG_H -I. -I..     -g -O2 -ffile-prefix-map=/<<PKGBUILDDIR>>=. -fstack-protector-strong -Wformat -Werror=format-security -I/usr/include/libpng16 -I/usr/include -I/usr/include/SDL -D_GNU_SOURCE=1 -D_REENTRANT -c -o CommandConsole.o CommandConsole.cpp
In file included from Command.cpp:22:
In file included from ./fim.h:473:
In file included from ./FbiStuff.h:31:
In file included from ./FramebufferDevice.h:37:
In file included from ./DisplayDevice.h:24:
In file included from ./DebugConsole.h:27:
./Var.h:278:2: warning: non-void function does not return a value in all control paths [-Wreturn-type]
        }
        ^
In file included from CommandConsole.cpp:27:
In file included from ./fim.h:473:
In file included from ./FbiStuff.h:31:
In file included from ./FramebufferDevice.h:37:
In file included from ./DisplayDevice.h:24:
In file included from ./DebugConsole.h:27:
./Var.h:278:2: warning: non-void function does not return a value in all control paths [-Wreturn-type]
        }
        ^
1 warning generated.
g++ -DHAVE_CONFIG_H -I. -I..     -g -O2 -ffile-prefix-map=/<<PKGBUILDDIR>>=. -fstack-protector-strong -Wformat -Werror=format-security -I/usr/include/libpng16 -I/usr/include -I/usr/include/SDL -D_GNU_SOURCE=1 -D_REENTRANT -c -o CommandConsole-cmd.o `test -f './CommandConsole-cmd.cpp' || echo './'`./CommandConsole-cmd.cpp
CommandConsole.cpp:1639:12: warning: adding 'size_t' (aka 'unsigned long') to a string does not append to the string [-Wstring-plus-int]
                        return n+" autocmd's removed\n";
                               ~^~~~~~~~~~~~~~~~~~~~~~~
CommandConsole.cpp:1639:12: note: use array indexing to silence this warning
In file included from ./CommandConsole-cmd.cpp:24:
In file included from ./fim.h:473:
In file included from ./FbiStuff.h:31:
In file included from ./FramebufferDevice.h:37:
In file included from ./DisplayDevice.h:24:
In file included from ./DebugConsole.h:27:
./Var.h:278:2: warning: non-void function does not return a value in all control paths [-Wreturn-type]
        }
        ^
1 warning generated.
g++ -DHAVE_CONFIG_H -I. -I..     -g -O2 -ffile-prefix-map=/<<PKGBUILDDIR>>=. -fstack-protector-strong -Wformat -Werror=format-security -I/usr/include/libpng16 -I/usr/include -I/usr/include/SDL -D_GNU_SOURCE=1 -D_REENTRANT -c -o CommandConsole-var.o `test -f './CommandConsole-var.cpp' || echo './'`./CommandConsole-var.cpp
2 warnings generated.
g++ -DHAVE_CONFIG_H -I. -I..     -g -O2 -ffile-prefix-map=/<<PKGBUILDDIR>>=. -fstack-protector-strong -Wformat -Werror=format-security -I/usr/include/libpng16 -I/usr/include -I/usr/include/SDL -D_GNU_SOURCE=1 -D_REENTRANT -c -o CommandConsole-init.o CommandConsole-init.cpp
In file included from ./CommandConsole-var.cpp:22:
In file included from ./fim.h:473:
In file included from ./FbiStuff.h:31:
In file included from ./FramebufferDevice.h:37:
In file included from ./DisplayDevice.h:24:
In file included from ./DebugConsole.h:27:
./Var.h:278:2: warning: non-void function does not return a value in all control paths [-Wreturn-type]
        }
        ^
In file included from CommandConsole-init.cpp:27:
In file included from ./fim.h:473:
In file included from ./FbiStuff.h:31:
In file included from ./FramebufferDevice.h:37:
In file included from ./DisplayDevice.h:24:
In file included from ./DebugConsole.h:27:
./Var.h:278:2: warning: non-void function does not return a value in all control paths [-Wreturn-type]
        }
        ^
1 warning generated.
g++ -DHAVE_CONFIG_H -I. -I..     -g -O2 -ffile-prefix-map=/<<PKGBUILDDIR>>=. -fstack-protector-strong -Wformat -Werror=format-security -I/usr/include/libpng16 -I/usr/include -I/usr/include/SDL -D_GNU_SOURCE=1 -D_REENTRANT -c -o CommandConsole-help.o CommandConsole-help.cpp
CommandConsole-init.cpp:358:50: warning: if statement has empty body [-Wempty-body]
                                if(FIM_ERR_NO_ERROR!=executeFile(ef.c_str()));
                                                                             ^
CommandConsole-init.cpp:358:50: note: put the semicolon on a separate line to silence this warning
1 warning generated.
In file included from CommandConsole-help.cpp:22:
In file included from ./fim.h:473:
In file included from ./FbiStuff.h:31:
In file included from ./FramebufferDevice.h:37:
In file included from ./DisplayDevice.h:24:
In file included from ./DebugConsole.h:27:
./Var.h:278:2: warning: non-void function does not return a value in all control paths [-Wreturn-type]
        }
        ^
g++ -DHAVE_CONFIG_H -I. -I..     -g -O2 -ffile-prefix-map=/<<PKGBUILDDIR>>=. -fstack-protector-strong -Wformat -Werror=format-security -I/usr/include/libpng16 -I/usr/include -I/usr/include/SDL -D_GNU_SOURCE=1 -D_REENTRANT -c -o DebugConsole.o `test -f './DebugConsole.cpp' || echo './'`./DebugConsole.cpp
2 warnings generated.
g++ -DHAVE_CONFIG_H -I. -I..     -g -O2 -ffile-prefix-map=/<<PKGBUILDDIR>>=. -fstack-protector-strong -Wformat -Werror=format-security -I/usr/include/libpng16 -I/usr/include -I/usr/include/SDL -D_GNU_SOURCE=1 -D_REENTRANT -c -o DisplayDevice.o `test -f './DisplayDevice.cpp' || echo './'`./DisplayDevice.cpp
In file included from ./DebugConsole.cpp:22:
In file included from ./fim.h:473:
In file included from ./FbiStuff.h:31:
In file included from ./FramebufferDevice.h:37:
In file included from ./DisplayDevice.h:24:
In file included from ./DebugConsole.h:27:
./Var.h:278:2: warning: non-void function does not return a value in all control paths [-Wreturn-type]
        }
        ^
1 warning generated.
g++ -DHAVE_CONFIG_H -I. -I..     -g -O2 -ffile-prefix-map=/<<PKGBUILDDIR>>=. -fstack-protector-strong -Wformat -Werror=format-security -I/usr/include/libpng16 -I/usr/include -I/usr/include/SDL -D_GNU_SOURCE=1 -D_REENTRANT -c -o FbiStuff.o `test -f './FbiStuff.cpp' || echo './'`./FbiStuff.cpp
In file included from ./DisplayDevice.cpp:22:
In file included from ./fim.h:473:
In file included from ./FbiStuff.h:31:
In file included from ./FramebufferDevice.h:37:
In file included from ./DisplayDevice.h:24:
In file included from ./DebugConsole.h:27:
./Var.h:278:2: warning: non-void function does not return a value in all control paths [-Wreturn-type]
        }
        ^
1 warning generated.
g++ -DHAVE_CONFIG_H -I. -I..     -g -O2 -ffile-prefix-map=/<<PKGBUILDDIR>>=. -fstack-protector-strong -Wformat -Werror=format-security -I/usr/include/libpng16 -I/usr/include -I/usr/include/SDL -D_GNU_SOURCE=1 -D_REENTRANT -c -o FbiStuffFbtools.o `test -f './FbiStuffFbtools.cpp' || echo './'`./FbiStuffFbtools.cpp
In file included from ./FbiStuff.cpp:27:
In file included from ./fim.h:473:
In file included from ./FbiStuff.h:31:
In file included from ./FramebufferDevice.h:37:
In file included from ./DisplayDevice.h:24:
In file included from ./DebugConsole.h:27:
./Var.h:278:2: warning: non-void function does not return a value in all control paths [-Wreturn-type]
        }
        ^
1 warning generated.
g++ -DHAVE_CONFIG_H -I. -I..     -g -O2 -ffile-prefix-map=/<<PKGBUILDDIR>>=. -fstack-protector-strong -Wformat -Werror=format-security -I/usr/include/libpng16 -I/usr/include -I/usr/include/SDL -D_GNU_SOURCE=1 -D_REENTRANT -c -o FbiStuffLoader.o `test -f './FbiStuffLoader.cpp' || echo './'`./FbiStuffLoader.cpp
./FbiStuff.cpp:449:2: warning: 'register' storage class specifier is deprecated and incompatible with C++17 [-Wdeprecated-register]
        register int sx=0,dx;
        ^~~~~~~~~
./FbiStuff.cpp:449:2: warning: 'register' storage class specifier is deprecated and incompatible with C++17 [-Wdeprecated-register]
        register int sx=0,dx;
        ^~~~~~~~~
./FbiStuff.cpp:496:2: warning: 'register' storage class specifier is deprecated and incompatible with C++17 [-Wdeprecated-register]
        register int sx,dx;
        ^~~~~~~~~
./FbiStuff.cpp:496:2: warning: 'register' storage class specifier is deprecated and incompatible with C++17 [-Wdeprecated-register]
        register int sx,dx;
        ^~~~~~~~~
./FbiStuff.cpp:590:2: warning: 'register' storage class specifier is deprecated and incompatible with C++17 [-Wdeprecated-register]
        register int sx,dx;
        ^~~~~~~~~
./FbiStuff.cpp:590:2: warning: 'register' storage class specifier is deprecated and incompatible with C++17 [-Wdeprecated-register]
        register int sx,dx;
        ^~~~~~~~~
./FbiStuff.cpp:605:4: warning: 'register' storage class specifier is deprecated and incompatible with C++17 [-Wdeprecated-register]
                        register fim_byte_t r,g,b;
                        ^~~~~~~~~
./FbiStuff.cpp:605:4: warning: 'register' storage class specifier is deprecated and incompatible with C++17 [-Wdeprecated-register]
                        register fim_byte_t r,g,b;
                        ^~~~~~~~~
./FbiStuff.cpp:605:4: warning: 'register' storage class specifier is deprecated and incompatible with C++17 [-Wdeprecated-register]
                        register fim_byte_t r,g,b;
                        ^~~~~~~~~
./FbiStuff.cpp:655:2: warning: 'register' storage class specifier is deprecated and incompatible with C++17 [-Wdeprecated-register]
        register int sx,dx;
        ^~~~~~~~~
./FbiStuff.cpp:655:2: warning: 'register' storage class specifier is deprecated and incompatible with C++17 [-Wdeprecated-register]
        register int sx,dx;
        ^~~~~~~~~
./FbiStuff.cpp:670:4: warning: 'register' storage class specifier is deprecated and incompatible with C++17 [-Wdeprecated-register]
                        register fim_byte_t r,g,b;
                        ^~~~~~~~~
./FbiStuff.cpp:670:4: warning: 'register' storage class specifier is deprecated and incompatible with C++17 [-Wdeprecated-register]
                        register fim_byte_t r,g,b;
                        ^~~~~~~~~
./FbiStuff.cpp:670:4: warning: 'register' storage class specifier is deprecated and incompatible with C++17 [-Wdeprecated-register]
                        register fim_byte_t r,g,b;
                        ^~~~~~~~~
./FbiStuff.cpp:719:5: warning: 'register' storage class specifier is deprecated and incompatible with C++17 [-Wdeprecated-register]
    register unsigned int i,sx,dx;
    ^~~~~~~~~
./FbiStuff.cpp:719:5: warning: 'register' storage class specifier is deprecated and incompatible with C++17 [-Wdeprecated-register]
    register unsigned int i,sx,dx;
    ^~~~~~~~~
./FbiStuff.cpp:719:5: warning: 'register' storage class specifier is deprecated and incompatible with C++17 [-Wdeprecated-register]
    register unsigned int i,sx,dx;
    ^~~~~~~~~
./FbiStuff.cpp:1560:2: warning: 'register' storage class specifier is deprecated and incompatible with C++17 [-Wdeprecated-register]
        register fim_byte_t t;
        ^~~~~~~~~
./FbiStuff.cpp:1561:2: warning: 'register' storage class specifier is deprecated and incompatible with C++17 [-Wdeprecated-register]
        register fim_byte_t *p=data,
        ^~~~~~~~~
./FbiStuff.cpp:1561:2: warning: 'register' storage class specifier is deprecated and incompatible with C++17 [-Wdeprecated-register]
        register fim_byte_t *p=data,
        ^~~~~~~~~
In file included from ./FbiStuffFbtools.cpp:37:
In file included from ./FbiStuffFbtools.h:26:
In file included from ./fim.h:473:
In file included from ./FbiStuff.h:31:
In file included from ./FramebufferDevice.h:37:
In file included from ./DisplayDevice.h:24:
In file included from ./DebugConsole.h:27:
./Var.h:278:2: warning: non-void function does not return a value in all control paths [-Wreturn-type]
        }
        ^
2 warnings generated.
g++ -DHAVE_CONFIG_H -I. -I..     -g -O2 -ffile-prefix-map=/<<PKGBUILDDIR>>=. -fstack-protector-strong -Wformat -Werror=format-security -I/usr/include/libpng16 -I/usr/include -I/usr/include/SDL -D_GNU_SOURCE=1 -D_REENTRANT -c -o FbiStuffPpm.o `test -f './FbiStuffPpm.cpp' || echo './'`./FbiStuffPpm.cpp
In file included from ./FbiStuffLoader.cpp:33:
In file included from ./fim.h:473:
In file included from ./FbiStuff.h:31:
In file included from ./FramebufferDevice.h:37:
In file included from ./DisplayDevice.h:24:
In file included from ./DebugConsole.h:27:
./Var.h:278:2: warning: non-void function does not return a value in all control paths [-Wreturn-type]
        }
        ^
1 warning generated.
g++ -DHAVE_CONFIG_H -I. -I..     -g -O2 -ffile-prefix-map=/<<PKGBUILDDIR>>=. -fstack-protector-strong -Wformat -Werror=format-security -I/usr/include/libpng16 -I/usr/include -I/usr/include/SDL -D_GNU_SOURCE=1 -D_REENTRANT -c -o FbiStuffBit1.o `test -f './FbiStuffBit1.cpp' || echo './'`./FbiStuffBit1.cpp
21 warnings generated.
g++ -DHAVE_CONFIG_H -I. -I..     -g -O2 -ffile-prefix-map=/<<PKGBUILDDIR>>=. -fstack-protector-strong -Wformat -Werror=format-security -I/usr/include/libpng16 -I/usr/include -I/usr/include/SDL -D_GNU_SOURCE=1 -D_REENTRANT -c -o FbiStuffBit24.o `test -f './FbiStuffBit24.cpp' || echo './'`./FbiStuffBit24.cpp
In file included from ./FbiStuffPpm.cpp:34:
In file included from ./fim.h:473:
In file included from ./FbiStuff.h:31:
In file included from ./FramebufferDevice.h:37:
In file included from ./DisplayDevice.h:24:
In file included from ./DebugConsole.h:27:
./Var.h:278:2: warning: non-void function does not return a value in all control paths [-Wreturn-type]
        }
        ^
1 warning generated.
g++ -DHAVE_CONFIG_H -I. -I..     -g -O2 -ffile-prefix-map=/<<PKGBUILDDIR>>=. -fstack-protector-strong -Wformat -Werror=format-security -I/usr/include/libpng16 -I/usr/include -I/usr/include/SDL -D_GNU_SOURCE=1 -D_REENTRANT -c -o FbiStuffText.o `test -f './FbiStuffText.cpp' || echo './'`./FbiStuffText.cpp
In file included from ./FbiStuffBit1.cpp:27:
In file included from ./fim.h:473:
In file included from ./FbiStuff.h:31:
In file included from ./FramebufferDevice.h:37:
In file included from ./DisplayDevice.h:24:
In file included from ./DebugConsole.h:27:
./Var.h:278:2: warning: non-void function does not return a value in all control paths [-Wreturn-type]
        }
        ^
1 warning generated.
g++ -DHAVE_CONFIG_H -I. -I..     -g -O2 -ffile-prefix-map=/<<PKGBUILDDIR>>=. -fstack-protector-strong -Wformat -Werror=format-security -I/usr/include/libpng16 -I/usr/include -I/usr/include/SDL -D_GNU_SOURCE=1 -D_REENTRANT -c -o FbiStuffMatrixMarket.o `test -f './FbiStuffMatrixMarket.cpp' || echo './'`./FbiStuffMatrixMarket.cpp
In file included from ./FbiStuffBit24.cpp:27:
In file included from ./fim.h:473:
In file included from ./FbiStuff.h:31:
In file included from ./FramebufferDevice.h:37:
In file included from ./DisplayDevice.h:24:
In file included from ./DebugConsole.h:27:
./Var.h:278:2: warning: non-void function does not return a value in all control paths [-Wreturn-type]
        }
        ^
In file included from ./FbiStuffText.cpp:26:
In file included from ./fim.h:473:
In file included from ./FbiStuff.h:31:
In file included from ./FramebufferDevice.h:37:
In file included from ./DisplayDevice.h:24:
In file included from ./DebugConsole.h:27:
./Var.h:278:2: warning: non-void function does not return a value in all control paths [-Wreturn-type]
        }
        ^
1 warning generated.
gcc -o b2ba b2ba.c
b2ba.c:25:8: warning: implicit declaration of function 'read' is invalid in C99 [-Wimplicit-function-declaration]
        while(read(0,&byte,1)==1)
              ^
1 warning generated.
g++ -DHAVE_CONFIG_H -I. -I..     -g -O2 -ffile-prefix-map=/<<PKGBUILDDIR>>=. -fstack-protector-strong -Wformat -Werror=format-security -I/usr/include/libpng16 -I/usr/include -I/usr/include/SDL -D_GNU_SOURCE=1 -D_REENTRANT -c -o FramebufferDevice.o `test -f './FramebufferDevice.cpp' || echo './'`./FramebufferDevice.cpp
In file included from ./FbiStuffMatrixMarket.cpp:27:
In file included from ./FbiStuff.h:29:
In file included from ./fim.h:474:
./Var.h:278:2: warning: non-void function does not return a value in all control paths [-Wreturn-type]
        }
        ^
1 warning generated.
g++ -DHAVE_CONFIG_H -I. -I..     -g -O2 -ffile-prefix-map=/<<PKGBUILDDIR>>=. -fstack-protector-strong -Wformat -Werror=format-security -I/usr/include/libpng16 -I/usr/include -I/usr/include/SDL -D_GNU_SOURCE=1 -D_REENTRANT -c -o Image.o `test -f './Image.cpp' || echo './'`./Image.cpp
1 warning generated.
g++ -DHAVE_CONFIG_H -I. -I..     -g -O2 -ffile-prefix-map=/<<PKGBUILDDIR>>=. -fstack-protector-strong -Wformat -Werror=format-security -I/usr/include/libpng16 -I/usr/include -I/usr/include/SDL -D_GNU_SOURCE=1 -D_REENTRANT -c -o Namespace.o `test -f './Namespace.cpp' || echo './'`./Namespace.cpp
1 warning generated.
g++ -DHAVE_CONFIG_H -I. -I..     -g -O2 -ffile-prefix-map=/<<PKGBUILDDIR>>=. -fstack-protector-strong -Wformat -Werror=format-security -I/usr/include/libpng16 -I/usr/include -I/usr/include/SDL -D_GNU_SOURCE=1 -D_REENTRANT -c -o Var.o Var.cpp
In file included from ./FramebufferDevice.cpp:26:
In file included from ./FbiStuffFbtools.h:26:
In file included from ./fim.h:473:
In file included from ./FbiStuff.h:31:
In file included from ./FramebufferDevice.h:37:
In file included from ./DisplayDevice.h:24:
In file included from ./DebugConsole.h:27:
./Var.h:278:2: warning: non-void function does not return a value in all control paths [-Wreturn-type]
        }
        ^
In file included from ./Image.cpp:23:
In file included from ./fim.h:473:
In file included from ./FbiStuff.h:31:
In file included from ./FramebufferDevice.h:37:
In file included from ./DisplayDevice.h:24:
In file included from ./DebugConsole.h:27:
./Var.h:278:2: warning: non-void function does not return a value in all control paths [-Wreturn-type]
        }
        ^
./FramebufferDevice.cpp:1449:5: warning: 'register' storage class specifier is deprecated and incompatible with C++17 [-Wdeprecated-register]
    register long   a, b
    ^~~~~~~~~
./FramebufferDevice.cpp:1449:5: warning: 'register' storage class specifier is deprecated and incompatible with C++17 [-Wdeprecated-register]
    register long   a, b
    ^~~~~~~~~
./FramebufferDevice.cpp:1459:5: warning: 'register' storage class specifier is deprecated and incompatible with C++17 [-Wdeprecated-register]
    register const int inc=mirror?-1:1;
    ^~~~~~~~~
./FramebufferDevice.cpp:1548:5: warning: 'register' storage class specifier is deprecated and incompatible with C++17 [-Wdeprecated-register]
    register long   a;
    ^~~~~~~~~
In file included from ./Namespace.cpp:22:
In file included from ./fim.h:473:
In file included from ./FbiStuff.h:31:
In file included from ./FramebufferDevice.h:37:
In file included from ./DisplayDevice.h:24:
In file included from ./DebugConsole.h:27:
./Var.h:278:2: warning: non-void function does not return a value in all control paths [-Wreturn-type]
        }
        ^
./Image.cpp:74:3: warning: 'register' storage class specifier is deprecated and incompatible with C++17 [-Wdeprecated-register]
                register int avg;
                ^~~~~~~~~
./Image.cpp:81:3: warning: 'register' storage class specifier is deprecated and incompatible with C++17 [-Wdeprecated-register]
                register int avg;
                ^~~~~~~~~
In file included from Var.cpp:21:
In file included from ./fim.h:473:
In file included from ./FbiStuff.h:31:
In file included from ./FramebufferDevice.h:37:
In file included from ./DisplayDevice.h:24:
In file included from ./DebugConsole.h:27:
./Var.h:278:2: warning: non-void function does not return a value in all control paths [-Wreturn-type]
        }
        ^
5 warnings generated.
g++ -DHAVE_CONFIG_H -I. -I..     -g -O2 -ffile-prefix-map=/<<PKGBUILDDIR>>=. -fstack-protector-strong -Wformat -Werror=format-security -I/usr/include/libpng16 -I/usr/include -I/usr/include/SDL -D_GNU_SOURCE=1 -D_REENTRANT -c -o Viewport.o `test -f './Viewport.cpp' || echo './'`./Viewport.cpp
1 warning generated.
g++ -DHAVE_CONFIG_H -I. -I..     -g -O2 -ffile-prefix-map=/<<PKGBUILDDIR>>=. -fstack-protector-strong -Wformat -Werror=format-security -I/usr/include/libpng16 -I/usr/include -I/usr/include/SDL -D_GNU_SOURCE=1 -D_REENTRANT -c -o FimWindow.o `test -f './FimWindow.cpp' || echo './'`./FimWindow.cpp
In file included from ./Viewport.cpp:22:
In file included from ./Viewport.h:26:
In file included from ./fim.h:473:
In file included from ./FbiStuff.h:31:
In file included from ./FramebufferDevice.h:37:
In file included from ./DisplayDevice.h:24:
In file included from ./DebugConsole.h:27:
./Var.h:278:2: warning: non-void function does not return a value in all control paths [-Wreturn-type]
        }
        ^
In file included from ./FimWindow.cpp:27:
In file included from ./fim.h:473:
In file included from ./FbiStuff.h:31:
In file included from ./FramebufferDevice.h:37:
In file included from ./DisplayDevice.h:24:
In file included from ./DebugConsole.h:27:
./Var.h:278:2: warning: non-void function does not return a value in all control paths [-Wreturn-type]
        }
        ^
3 warnings generated.
g++ -DHAVE_CONFIG_H -I. -I..     -g -O2 -ffile-prefix-map=/<<PKGBUILDDIR>>=. -fstack-protector-strong -Wformat -Werror=format-security -I/usr/include/libpng16 -I/usr/include -I/usr/include/SDL -D_GNU_SOURCE=1 -D_REENTRANT -c -o common.o `test -f './common.cpp' || echo './'`./common.cpp
./FimWindow.cpp:1094:33: warning: if statement has empty body [-Wempty-body]
                        if( e != FIM_E_WINDOW_ERROR) ;// this would be bad..
                                                     ^
./FimWindow.cpp:1094:33: note: put the semicolon on a separate line to silence this warning
./FimWindow.cpp:1121:33: warning: if statement has empty body [-Wempty-body]
                        if( e != FIM_E_WINDOW_ERROR) ;// this would be bad..
                                                     ^
./FimWindow.cpp:1121:33: note: put the semicolon on a separate line to silence this warning
./FimWindow.cpp:1160:74: warning: if statement has empty body [-Wempty-body]
                if(!viewport_)/* temporarily, for security reasons throw FIM_E_TRAGIC*/; // isleaf(void)
                                                                                       ^
./FimWindow.cpp:1160:74: note: put the semicolon on a separate line to silence this warning
1 warning generated.
g++ -DHAVE_CONFIG_H -I. -I..     -g -O2 -ffile-prefix-map=/<<PKGBUILDDIR>>=. -fstack-protector-strong -Wformat -Werror=format-security -I/usr/include/libpng16 -I/usr/include -I/usr/include/SDL -D_GNU_SOURCE=1 -D_REENTRANT -c -o interpreter.o `test -f './interpreter.cpp' || echo './'`./interpreter.cpp
In file included from ./common.cpp:26:
In file included from ./fim.h:473:
In file included from ./FbiStuff.h:31:
In file included from ./FramebufferDevice.h:37:
In file included from ./DisplayDevice.h:24:
In file included from ./DebugConsole.h:27:
./Var.h:278:2: warning: non-void function does not return a value in all control paths [-Wreturn-type]
        }
        ^
1 warning generated.
g++ -DHAVE_CONFIG_H -I. -I..     -g -O2 -ffile-prefix-map=/<<PKGBUILDDIR>>=. -fstack-protector-strong -Wformat -Werror=format-security -I/usr/include/libpng16 -I/usr/include -I/usr/include/SDL -D_GNU_SOURCE=1 -D_REENTRANT -c -o fim_string.o `test -f './fim_string.cpp' || echo './'`./fim_string.cpp
./common.cpp:355:4: warning: add explicit braces to avoid dangling else [-Wdangling-else]
                        else
                        ^
./common.cpp:373:4: warning: add explicit braces to avoid dangling else [-Wdangling-else]
                        else
                        ^
4 warnings generated.
g++ -DHAVE_CONFIG_H -I. -I..     -g -O2 -ffile-prefix-map=/<<PKGBUILDDIR>>=. -fstack-protector-strong -Wformat -Werror=format-security -I/usr/include/libpng16 -I/usr/include -I/usr/include/SDL -D_GNU_SOURCE=1 -D_REENTRANT -c -o FbiStuffGif.o FbiStuffGif.cpp
In file included from ./interpreter.cpp:26:
In file included from ./fim.h:473:
In file included from ./FbiStuff.h:31:
In file included from ./FramebufferDevice.h:37:
In file included from ./DisplayDevice.h:24:
In file included from ./DebugConsole.h:27:
./Var.h:278:2: warning: non-void function does not return a value in all control paths [-Wreturn-type]
        }
        ^
In file included from ./fim_string.cpp:21:
In file included from ./fim.h:473:
In file included from ./FbiStuff.h:31:
In file included from ./FramebufferDevice.h:37:
In file included from ./DisplayDevice.h:24:
In file included from ./DebugConsole.h:27:
./Var.h:278:2: warning: non-void function does not return a value in all control paths [-Wreturn-type]
        }
        ^
3 warnings generated.
g++ -DHAVE_CONFIG_H -I. -I..     -g -O2 -ffile-prefix-map=/<<PKGBUILDDIR>>=. -fstack-protector-strong -Wformat -Werror=format-security -I/usr/include/libpng16 -I/usr/include -I/usr/include/SDL -D_GNU_SOURCE=1 -D_REENTRANT -c -o FbiStuffTiff.o FbiStuffTiff.cpp
In file included from FbiStuffGif.cpp:32:
In file included from ./FbiStuff.h:29:
In file included from ./fim.h:474:
./Var.h:278:2: warning: non-void function does not return a value in all control paths [-Wreturn-type]
        }
        ^
1 warning generated.
g++ -DHAVE_CONFIG_H -I. -I..     -g -O2 -ffile-prefix-map=/<<PKGBUILDDIR>>=. -fstack-protector-strong -Wformat -Werror=format-security -I/usr/include/libpng16 -I/usr/include -I/usr/include/SDL -D_GNU_SOURCE=1 -D_REENTRANT -c -o FbiStuffJpeg.o FbiStuffJpeg.cpp
1 warning generated.
g++ -DHAVE_CONFIG_H -I. -I..     -g -O2 -ffile-prefix-map=/<<PKGBUILDDIR>>=. -fstack-protector-strong -Wformat -Werror=format-security -I/usr/include/libpng16 -I/usr/include -I/usr/include/SDL -D_GNU_SOURCE=1 -D_REENTRANT -c -o FbiStuffDjvu.o FbiStuffDjvu.cpp
In file included from FbiStuffTiff.cpp:33:
In file included from ./FbiStuff.h:29:
In file included from ./fim.h:474:
./Var.h:278:2: warning: non-void function does not return a value in all control paths [-Wreturn-type]
        }
        ^
FbiStuffTiff.cpp:47:5: warning: 'uint32' is deprecated [-Wdeprecated-declarations]
    uint32         width,height;
    ^
/usr/include/x86_64-linux-gnu/tiff.h:84:45: note: 'uint32' has been explicitly marked deprecated here
typedef TIFF_MSC_DEPRECATED uint32_t uint32 TIFF_GCC_DEPRECATED;
                                            ^
/usr/include/x86_64-linux-gnu/tiff.h:66:44: note: expanded from macro 'TIFF_GCC_DEPRECATED'
#define TIFF_GCC_DEPRECATED __attribute__((deprecated))
                                           ^
FbiStuffTiff.cpp:48:5: warning: 'uint16' is deprecated [-Wdeprecated-declarations]
    uint16         config,nsamples,depth,fillorder,photometric;
    ^
/usr/include/x86_64-linux-gnu/tiff.h:81:45: note: 'uint16' has been explicitly marked deprecated here
typedef TIFF_MSC_DEPRECATED uint16_t uint16 TIFF_GCC_DEPRECATED;
                                            ^
/usr/include/x86_64-linux-gnu/tiff.h:66:44: note: expanded from macro 'TIFF_GCC_DEPRECATED'
#define TIFF_GCC_DEPRECATED __attribute__((deprecated))
                                           ^
FbiStuffTiff.cpp:49:5: warning: 'uint32' is deprecated [-Wdeprecated-declarations]
    uint32*        row;
    ^
/usr/include/x86_64-linux-gnu/tiff.h:84:45: note: 'uint32' has been explicitly marked deprecated here
typedef TIFF_MSC_DEPRECATED uint32_t uint32 TIFF_GCC_DEPRECATED;
                                            ^
/usr/include/x86_64-linux-gnu/tiff.h:66:44: note: expanded from macro 'TIFF_GCC_DEPRECATED'
#define TIFF_GCC_DEPRECATED __attribute__((deprecated))
                                           ^
FbiStuffTiff.cpp:50:5: warning: 'uint32' is deprecated [-Wdeprecated-declarations]
    uint32*        image;
    ^
/usr/include/x86_64-linux-gnu/tiff.h:84:45: note: 'uint32' has been explicitly marked deprecated here
typedef TIFF_MSC_DEPRECATED uint32_t uint32 TIFF_GCC_DEPRECATED;
                                            ^
/usr/include/x86_64-linux-gnu/tiff.h:66:44: note: expanded from macro 'TIFF_GCC_DEPRECATED'
#define TIFF_GCC_DEPRECATED __attribute__((deprecated))
                                           ^
FbiStuffTiff.cpp:51:5: warning: 'uint16' is deprecated [-Wdeprecated-declarations]
    uint16         resunit;
    ^
/usr/include/x86_64-linux-gnu/tiff.h:81:45: note: 'uint16' has been explicitly marked deprecated here
typedef TIFF_MSC_DEPRECATED uint16_t uint16 TIFF_GCC_DEPRECATED;
                                            ^
/usr/include/x86_64-linux-gnu/tiff.h:66:44: note: expanded from macro 'TIFF_GCC_DEPRECATED'
#define TIFF_GCC_DEPRECATED __attribute__((deprecated))
                                           ^
FbiStuffTiff.cpp:85:15: warning: 'uint32' is deprecated [-Wdeprecated-declarations]
    h->row = (uint32*)fim_malloc(TIFFScanlineSize(h->tif));
              ^
/usr/include/x86_64-linux-gnu/tiff.h:84:45: note: 'uint32' has been explicitly marked deprecated here
typedef TIFF_MSC_DEPRECATED uint32_t uint32 TIFF_GCC_DEPRECATED;
                                            ^
/usr/include/x86_64-linux-gnu/tiff.h:66:44: note: expanded from macro 'TIFF_GCC_DEPRECATED'
#define TIFF_GCC_DEPRECATED __attribute__((deprecated))
                                           ^
FbiStuffTiff.cpp:109:12: warning: 'uint32' is deprecated [-Wdeprecated-declarations]
        h->image=(uint32*)fim_malloc(4*h->width*h->height);
                  ^
/usr/include/x86_64-linux-gnu/tiff.h:84:45: note: 'uint32' has been explicitly marked deprecated here
typedef TIFF_MSC_DEPRECATED uint32_t uint32 TIFF_GCC_DEPRECATED;
                                            ^
/usr/include/x86_64-linux-gnu/tiff.h:66:44: note: expanded from macro 'TIFF_GCC_DEPRECATED'
#define TIFF_GCC_DEPRECATED __attribute__((deprecated))
                                           ^
FbiStuffTiff.cpp:115:12: warning: 'uint32' is deprecated [-Wdeprecated-declarations]
        h->row = (uint32*)fim_malloc(TIFFScanlineSize(h->tif));
                  ^
/usr/include/x86_64-linux-gnu/tiff.h:84:45: note: 'uint32' has been explicitly marked deprecated here
typedef TIFF_MSC_DEPRECATED uint32_t uint32 TIFF_GCC_DEPRECATED;
                                            ^
/usr/include/x86_64-linux-gnu/tiff.h:66:44: note: expanded from macro 'TIFF_GCC_DEPRECATED'
#define TIFF_GCC_DEPRECATED __attribute__((deprecated))
                                           ^
FbiStuffTiff.cpp:156:2: warning: 'uint32' is deprecated [-Wdeprecated-declarations]
        uint32 *row = h->image + h->width * (h->height - line -1);
        ^
/usr/include/x86_64-linux-gnu/tiff.h:84:45: note: 'uint32' has been explicitly marked deprecated here
typedef TIFF_MSC_DEPRECATED uint32_t uint32 TIFF_GCC_DEPRECATED;
                                            ^
/usr/include/x86_64-linux-gnu/tiff.h:66:44: note: expanded from macro 'TIFF_GCC_DEPRECATED'
#define TIFF_GCC_DEPRECATED __attribute__((deprecated))
                                           ^
1 warning generated.
g++ -DHAVE_CONFIG_H -I. -I..     -g -O2 -ffile-prefix-map=/<<PKGBUILDDIR>>=. -fstack-protector-strong -Wformat -Werror=format-security -I/usr/include/libpng16 -I/usr/include -I/usr/include/SDL -D_GNU_SOURCE=1 -D_REENTRANT -c -o FbiStuffBmp.o FbiStuffBmp.cpp
10 warnings generated.
g++ -DHAVE_CONFIG_H -I. -I..     -g -O2 -ffile-prefix-map=/<<PKGBUILDDIR>>=. -fstack-protector-strong -Wformat -Werror=format-security -I/usr/include/libpng16 -I/usr/include -I/usr/include/SDL -D_GNU_SOURCE=1 -D_REENTRANT -c -o FbiStuffPcx.o FbiStuffPcx.cpp
In file included from FbiStuffDjvu.cpp:31:
In file included from ./FbiStuff.h:29:
In file included from ./fim.h:474:
./Var.h:278:2: warning: non-void function does not return a value in all control paths [-Wreturn-type]
        }
        ^
In file included from FbiStuffJpeg.cpp:43:
In file included from ./FbiStuff.h:29:
In file included from ./fim.h:474:
./Var.h:278:2: warning: non-void function does not return a value in all control paths [-Wreturn-type]
        }
        ^
FbiStuffDjvu.cpp:117:52: warning: expression result unused [-Wunused-value]
        while (!ddjvu_page_decoding_done (ds->dp)){1;/* we just kill time (FIXME : inefficient) */}
                                                   ^
FbiStuffJpeg.cpp:181:36: error: use of overloaded operator '+' is ambiguous (with operand types 'fim::string' and 'const fim_char_t *' (aka 'const char *'))
                nsp->setVariable(string("EXIF_") + title,value);
                                 ~~~~~~~~~~~~~~~ ^ ~~~~~
/usr/bin/../lib/gcc/x86_64-linux-gnu/11/../../../../include/c++/11/bits/basic_string.h:6204:5: note: candidate function [with _CharT = char, _Traits = std::char_traits<char>, _Alloc = std::allocator<char>]
    operator+(basic_string<_CharT, _Traits, _Alloc>&& __lhs,
    ^
/usr/bin/../lib/gcc/x86_64-linux-gnu/11/../../../../include/c++/11/bits/basic_string.h:6130:5: note: candidate function [with _CharT = char, _Traits = std::char_traits<char>, _Alloc = std::allocator<char>]
    operator+(const basic_string<_CharT, _Traits, _Alloc>& __lhs,
    ^
./fim_string.h:141:10: note: candidate function
                string operator+(const string s)const;
                       ^
FbiStuffJpeg.cpp:181:36: note: built-in candidate operator+(long, const char *)
                nsp->setVariable(string("EXIF_") + title,value);
                                                 ^
FbiStuffJpeg.cpp:181:36: note: built-in candidate operator+(long, const volatile char *)
In file included from FbiStuffBmp.cpp:26:
In file included from ./fim.h:473:
In file included from ./FbiStuff.h:31:
In file included from ./FramebufferDevice.h:37:
In file included from ./DisplayDevice.h:24:
In file included from ./DebugConsole.h:27:
./Var.h:278:2: warning: non-void function does not return a value in all control paths [-Wreturn-type]
        }
        ^
1 warning and 1 error generated.
make[5]: *** [Makefile:886: FbiStuffJpeg.o] Error 1
make[5]: *** Waiting for unfinished jobs....
In file included from FbiStuffPcx.cpp:24:
In file included from ./fim.h:473:
In file included from ./FbiStuff.h:31:
In file included from ./FramebufferDevice.h:37:
In file included from ./DisplayDevice.h:24:
In file included from ./DebugConsole.h:27:
./Var.h:278:2: warning: non-void function does not return a value in all control paths [-Wreturn-type]
        }
        ^
2 warnings generated.
1 warning generated.
1 warning generated.
make[5]: Leaving directory '/<<PKGBUILDDIR>>/src'
make[4]: *** [Makefile:919: all-recursive] Error 1
make[4]: Leaving directory '/<<PKGBUILDDIR>>/src'
make[3]: *** [Makefile:545: all] Error 2
make[3]: Leaving directory '/<<PKGBUILDDIR>>/src'
make[2]: *** [Makefile:522: all-recursive] Error 1
make[2]: Leaving directory '/<<PKGBUILDDIR>>'
make[1]: *** [Makefile:434: all] Error 2
make[1]: Leaving directory '/<<PKGBUILDDIR>>'
dh_auto_build: error: make -j4 returned exit code 2
make: *** [debian/rules:8: binary] Error 25
dpkg-buildpackage: error: debian/rules binary subprocess returned exit status 2
--------------------------------------------------------------------------------
Build finished at 2021-10-26T22:44:19Z

Finished
--------


+------------------------------------------------------------------------------+
| Cleanup                                                                      |
+------------------------------------------------------------------------------+

Purging /<<BUILDDIR>>
Not cleaning session: cloned chroot in use
E: Build failure (dpkg-buildpackage died)

+------------------------------------------------------------------------------+
| Summary                                                                      |
+------------------------------------------------------------------------------+

Build Architecture: amd64
Build Type: binary
Build-Space: 18312
Build-Time: 33
Distribution: unstable
Fail-Stage: build
Host Architecture: amd64
Install-Time: 22
Job: fim_0.5.3-7
Machine Architecture: amd64
Package: fim
Package-Time: 77
Source-Version: 0.5.3-7
Space: 18312
Status: attempted
Version: 0.5.3-7
--------------------------------------------------------------------------------
Finished at 2021-10-26T22:44:19Z
Build needed 00:01:17, 18312k disk space
E: Build failure (dpkg-buildpackage died)
DC-Status: Failed 78.613082128s
