DC-Build-Header: gnucap-python 0.0.2-1.2 / 2021-10-26 21:36:38 +0000
DC-Task: type:rebuild-binarch-only source:gnucap-python version:0.0.2-1.2 chroot:unstable esttime:354 logfile:/tmp/gnucap-python_0.0.2-1.2_unstable_clang12.log modes:clang12:binarch-only
DC-Sbuild-call: su user42 -c 'sbuild -n --arch-any --apt-update -d unstable -v --no-run-lintian --chroot-setup-commands=/tmp/clang12 gnucap-python_0.0.2-1.2'
sbuild (Debian sbuild) 0.78.1 (09 February 2019) on ip-172-31-1-101.eu-central-1.compute.internal

+==============================================================================+
| gnucap-python 0.0.2-1.2 (amd64)              Tue, 26 Oct 2021 21:36:38 +0000 |
+==============================================================================+

Package: gnucap-python
Version: 0.0.2-1.2
Source Version: 0.0.2-1.2
Distribution: unstable
Machine Architecture: amd64
Host Architecture: amd64
Build Architecture: amd64
Build Type: binary

I: NOTICE: Log filtering will replace 'var/run/schroot/mount/sid-amd64-sbuild-72db43c7-3dc5-48bf-b346-6b5dccf4a756' with '<<CHROOT>>'

+------------------------------------------------------------------------------+
| Chroot Setup Commands                                                        |
+------------------------------------------------------------------------------+


/tmp/clang12
------------

+ echo 'Entering customization script...'
Entering customization script...
+ CLANG_VERSION=12
+ echo 'Install of clang-12'
Install of clang-12
+ apt-get update
Get:1 http://127.0.0.1:12990/debian sid InRelease [165 kB]
Get:2 http://127.0.0.1:12990/debian sid/main Sources.diff/Index [63.6 kB]
Get:3 http://127.0.0.1:12990/debian sid/main amd64 Packages.diff/Index [63.6 kB]
Get:4 http://127.0.0.1:12990/debian sid/main Sources T-2021-10-26-2004.40-F-2021-10-26-0202.15.pdiff [47.3 kB]
Get:4 http://127.0.0.1:12990/debian sid/main Sources T-2021-10-26-2004.40-F-2021-10-26-0202.15.pdiff [47.3 kB]
Get:5 http://127.0.0.1:12990/debian sid/main amd64 Packages T-2021-10-26-2004.40-F-2021-10-26-0202.15.pdiff [55.9 kB]
Get:5 http://127.0.0.1:12990/debian sid/main amd64 Packages T-2021-10-26-2004.40-F-2021-10-26-0202.15.pdiff [55.9 kB]
Get:6 http://127.0.0.1:12990/debian sid/main Translation-en [6586 kB]
Fetched 6981 kB in 2s (2811 kB/s)
Reading package lists...
+ apt-get install --yes --no-install-recommends --force-yes clang-12 libomp-12-dev libobjc-9-dev
Reading package lists...
Building dependency tree...
The following additional packages will be installed:
  lib32gcc-s1 lib32stdc++6 libasan5 libbsd0 libc6-i386 libclang-common-12-dev
  libclang-cpp12 libclang1-12 libedit2 libelf1 libgc1 libgcc-9-dev libicu67
  libllvm12 libmd0 libobjc-11-dev libobjc4 libomp5-12 libunwind-12 libxml2
  libz3-4 llvm-12-linker-tools
Suggested packages:
  clang-12-doc libomp-12-doc
Recommended packages:
  llvm-12-dev python3
The following NEW packages will be installed:
  clang-12 lib32gcc-s1 lib32stdc++6 libasan5 libbsd0 libc6-i386
  libclang-common-12-dev libclang-cpp12 libclang1-12 libedit2 libelf1 libgc1
  libgcc-9-dev libicu67 libllvm12 libmd0 libobjc-11-dev libobjc-9-dev libobjc4
  libomp-12-dev libomp5-12 libunwind-12 libxml2 libz3-4 llvm-12-linker-tools
0 upgraded, 25 newly installed, 0 to remove and 0 not upgraded.
Need to get 67.6 MB of archives.
After this operation, 349 MB of additional disk space will be used.
Get:1 http://127.0.0.1:12990/debian sid/main amd64 libmd0 amd64 1.0.4-1 [29.6 kB]
Get:2 http://127.0.0.1:12990/debian sid/main amd64 libbsd0 amd64 0.11.3-1 [108 kB]
Get:3 http://127.0.0.1:12990/debian sid/main amd64 libedit2 amd64 3.1-20210910-1 [97.5 kB]
Get:4 http://127.0.0.1:12990/debian sid/main amd64 libicu67 amd64 67.1-7 [8622 kB]
Get:5 http://127.0.0.1:12990/debian sid/main amd64 libxml2 amd64 2.9.12+dfsg-5 [696 kB]
Get:6 http://127.0.0.1:12990/debian sid/main amd64 libz3-4 amd64 4.8.12-1+b1 [6997 kB]
Get:7 http://127.0.0.1:12990/debian sid/main amd64 libllvm12 amd64 1:12.0.1-15 [19.4 MB]
Get:8 http://127.0.0.1:12990/debian sid/main amd64 libclang-cpp12 amd64 1:12.0.1-15 [9996 kB]
Get:9 http://127.0.0.1:12990/debian sid/main amd64 libgc1 amd64 1:8.0.4-3 [239 kB]
Get:10 http://127.0.0.1:12990/debian sid/main amd64 libobjc4 amd64 11.2.0-10 [43.2 kB]
Get:11 http://127.0.0.1:12990/debian sid/main amd64 libobjc-11-dev amd64 11.2.0-10 [170 kB]
Get:12 http://127.0.0.1:12990/debian sid/main amd64 libc6-i386 amd64 2.32-4 [2624 kB]
Get:13 http://127.0.0.1:12990/debian sid/main amd64 lib32gcc-s1 amd64 11.2.0-10 [49.9 kB]
Get:14 http://127.0.0.1:12990/debian sid/main amd64 lib32stdc++6 amd64 11.2.0-10 [601 kB]
Get:15 http://127.0.0.1:12990/debian sid/main amd64 libclang-common-12-dev amd64 1:12.0.1-15 [4819 kB]
Get:16 http://127.0.0.1:12990/debian sid/main amd64 llvm-12-linker-tools amd64 1:12.0.1-15 [1222 kB]
Get:17 http://127.0.0.1:12990/debian sid/main amd64 libclang1-12 amd64 1:12.0.1-15 [5644 kB]
Get:18 http://127.0.0.1:12990/debian sid/main amd64 clang-12 amd64 1:12.0.1-15 [117 kB]
Get:19 http://127.0.0.1:12990/debian sid/main amd64 libasan5 amd64 9.4.0-3 [2734 kB]
Get:20 http://127.0.0.1:12990/debian sid/main amd64 libelf1 amd64 0.185-2 [172 kB]
Get:21 http://127.0.0.1:12990/debian sid/main amd64 libgcc-9-dev amd64 9.4.0-3 [2343 kB]
Get:22 http://127.0.0.1:12990/debian sid/main amd64 libobjc-9-dev amd64 9.4.0-3 [219 kB]
Get:23 http://127.0.0.1:12990/debian sid/main amd64 libunwind-12 amd64 1:12.0.1-15 [63.9 kB]
Get:24 http://127.0.0.1:12990/debian sid/main amd64 libomp5-12 amd64 1:12.0.1-15 [405 kB]
Get:25 http://127.0.0.1:12990/debian sid/main amd64 libomp-12-dev amd64 1:12.0.1-15 [104 kB]
debconf: delaying package configuration, since apt-utils is not installed
Fetched 67.6 MB in 0s (140 MB/s)
Selecting previously unselected package libmd0:amd64.
(Reading database ... (Reading database ... 5%(Reading database ... 10%(Reading database ... 15%(Reading database ... 20%(Reading database ... 25%(Reading database ... 30%(Reading database ... 35%(Reading database ... 40%(Reading database ... 45%(Reading database ... 50%(Reading database ... 55%(Reading database ... 60%(Reading database ... 65%(Reading database ... 70%(Reading database ... 75%(Reading database ... 80%(Reading database ... 85%(Reading database ... 90%(Reading database ... 95%(Reading database ... 100%(Reading database ... 12431 files and directories currently installed.)
Preparing to unpack .../00-libmd0_1.0.4-1_amd64.deb ...
Unpacking libmd0:amd64 (1.0.4-1) ...
Selecting previously unselected package libbsd0:amd64.
Preparing to unpack .../01-libbsd0_0.11.3-1_amd64.deb ...
Unpacking libbsd0:amd64 (0.11.3-1) ...
Selecting previously unselected package libedit2:amd64.
Preparing to unpack .../02-libedit2_3.1-20210910-1_amd64.deb ...
Unpacking libedit2:amd64 (3.1-20210910-1) ...
Selecting previously unselected package libicu67:amd64.
Preparing to unpack .../03-libicu67_67.1-7_amd64.deb ...
Unpacking libicu67:amd64 (67.1-7) ...
Selecting previously unselected package libxml2:amd64.
Preparing to unpack .../04-libxml2_2.9.12+dfsg-5_amd64.deb ...
Unpacking libxml2:amd64 (2.9.12+dfsg-5) ...
Selecting previously unselected package libz3-4:amd64.
Preparing to unpack .../05-libz3-4_4.8.12-1+b1_amd64.deb ...
Unpacking libz3-4:amd64 (4.8.12-1+b1) ...
Selecting previously unselected package libllvm12:amd64.
Preparing to unpack .../06-libllvm12_1%3a12.0.1-15_amd64.deb ...
Unpacking libllvm12:amd64 (1:12.0.1-15) ...
Selecting previously unselected package libclang-cpp12.
Preparing to unpack .../07-libclang-cpp12_1%3a12.0.1-15_amd64.deb ...
Unpacking libclang-cpp12 (1:12.0.1-15) ...
Selecting previously unselected package libgc1:amd64.
Preparing to unpack .../08-libgc1_1%3a8.0.4-3_amd64.deb ...
Unpacking libgc1:amd64 (1:8.0.4-3) ...
Selecting previously unselected package libobjc4:amd64.
Preparing to unpack .../09-libobjc4_11.2.0-10_amd64.deb ...
Unpacking libobjc4:amd64 (11.2.0-10) ...
Selecting previously unselected package libobjc-11-dev:amd64.
Preparing to unpack .../10-libobjc-11-dev_11.2.0-10_amd64.deb ...
Unpacking libobjc-11-dev:amd64 (11.2.0-10) ...
Selecting previously unselected package libc6-i386.
Preparing to unpack .../11-libc6-i386_2.32-4_amd64.deb ...
Unpacking libc6-i386 (2.32-4) ...
Selecting previously unselected package lib32gcc-s1.
Preparing to unpack .../12-lib32gcc-s1_11.2.0-10_amd64.deb ...
Unpacking lib32gcc-s1 (11.2.0-10) ...
Selecting previously unselected package lib32stdc++6.
Preparing to unpack .../13-lib32stdc++6_11.2.0-10_amd64.deb ...
Unpacking lib32stdc++6 (11.2.0-10) ...
Selecting previously unselected package libclang-common-12-dev.
Preparing to unpack .../14-libclang-common-12-dev_1%3a12.0.1-15_amd64.deb ...
Unpacking libclang-common-12-dev (1:12.0.1-15) ...
Selecting previously unselected package llvm-12-linker-tools.
Preparing to unpack .../15-llvm-12-linker-tools_1%3a12.0.1-15_amd64.deb ...
Unpacking llvm-12-linker-tools (1:12.0.1-15) ...
Selecting previously unselected package libclang1-12.
Preparing to unpack .../16-libclang1-12_1%3a12.0.1-15_amd64.deb ...
Unpacking libclang1-12 (1:12.0.1-15) ...
Selecting previously unselected package clang-12.
Preparing to unpack .../17-clang-12_1%3a12.0.1-15_amd64.deb ...
Unpacking clang-12 (1:12.0.1-15) ...
Selecting previously unselected package libasan5:amd64.
Preparing to unpack .../18-libasan5_9.4.0-3_amd64.deb ...
Unpacking libasan5:amd64 (9.4.0-3) ...
Selecting previously unselected package libelf1:amd64.
Preparing to unpack .../19-libelf1_0.185-2_amd64.deb ...
Unpacking libelf1:amd64 (0.185-2) ...
Selecting previously unselected package libgcc-9-dev:amd64.
Preparing to unpack .../20-libgcc-9-dev_9.4.0-3_amd64.deb ...
Unpacking libgcc-9-dev:amd64 (9.4.0-3) ...
Selecting previously unselected package libobjc-9-dev:amd64.
Preparing to unpack .../21-libobjc-9-dev_9.4.0-3_amd64.deb ...
Unpacking libobjc-9-dev:amd64 (9.4.0-3) ...
Selecting previously unselected package libunwind-12:amd64.
Preparing to unpack .../22-libunwind-12_1%3a12.0.1-15_amd64.deb ...
Unpacking libunwind-12:amd64 (1:12.0.1-15) ...
Selecting previously unselected package libomp5-12:amd64.
Preparing to unpack .../23-libomp5-12_1%3a12.0.1-15_amd64.deb ...
Unpacking libomp5-12:amd64 (1:12.0.1-15) ...
Selecting previously unselected package libomp-12-dev.
Preparing to unpack .../24-libomp-12-dev_1%3a12.0.1-15_amd64.deb ...
Unpacking libomp-12-dev (1:12.0.1-15) ...
Setting up libicu67:amd64 (67.1-7) ...
Setting up libasan5:amd64 (9.4.0-3) ...
Setting up libz3-4:amd64 (4.8.12-1+b1) ...
Setting up libunwind-12:amd64 (1:12.0.1-15) ...
Setting up libgc1:amd64 (1:8.0.4-3) ...
Setting up libmd0:amd64 (1.0.4-1) ...
Setting up libc6-i386 (2.32-4) ...
Setting up libbsd0:amd64 (0.11.3-1) ...
Setting up libelf1:amd64 (0.185-2) ...
Setting up libxml2:amd64 (2.9.12+dfsg-5) ...
Setting up libedit2:amd64 (3.1-20210910-1) ...
Setting up libobjc4:amd64 (11.2.0-10) ...
Setting up libgcc-9-dev:amd64 (9.4.0-3) ...
Setting up lib32gcc-s1 (11.2.0-10) ...
Setting up lib32stdc++6 (11.2.0-10) ...
Setting up libllvm12:amd64 (1:12.0.1-15) ...
Setting up libobjc-9-dev:amd64 (9.4.0-3) ...
Setting up libclang-common-12-dev (1:12.0.1-15) ...
Setting up libomp5-12:amd64 (1:12.0.1-15) ...
Setting up libobjc-11-dev:amd64 (11.2.0-10) ...
Setting up llvm-12-linker-tools (1:12.0.1-15) ...
Setting up libclang1-12 (1:12.0.1-15) ...
Setting up libclang-cpp12 (1:12.0.1-15) ...
Setting up libomp-12-dev (1:12.0.1-15) ...
Setting up clang-12 (1:12.0.1-15) ...
Processing triggers for libc-bin (2.32-4) ...
W: --force-yes is deprecated, use one of the options starting with --allow instead.
+ echo 'Replace gcc, g++ & cpp by clang'
Replace gcc, g++ & cpp by clang
+ VERSIONS='4.6 4.7 4.8 4.9 5 6 7 8 9 10 11'
+ cd /usr/bin
+ for VERSION in $VERSIONS
+ rm -f g++-4.6 gcc-4.6 cpp-4.6 gcc
+ ln -s clang++-12 g++-4.6
+ ln -s clang-12 gcc-4.6
+ ln -s clang-12 cpp-4.6
+ ln -s clang-12 gcc
+ echo 'gcc-4.6 hold'
+ dpkg --set-selections
dpkg: warning: package not in status nor available database at line 1: gcc-4.6
dpkg: warning: found unknown packages; this might mean the available database
is outdated, and needs to be updated through a frontend method;
please see the FAQ <https://wiki.debian.org/Teams/Dpkg/FAQ>
+ echo 'g++-4.6 hold'
+ dpkg --set-selections
dpkg: warning: package not in status nor available database at line 1: g++-4.6
dpkg: warning: found unknown packages; this might mean the available database
is outdated, and needs to be updated through a frontend method;
please see the FAQ <https://wiki.debian.org/Teams/Dpkg/FAQ>
+ for VERSION in $VERSIONS
+ rm -f g++-4.7 gcc-4.7 cpp-4.7 gcc
+ ln -s clang++-12 g++-4.7
+ ln -s clang-12 gcc-4.7
+ ln -s clang-12 cpp-4.7
+ ln -s clang-12 gcc
+ echo 'gcc-4.7 hold'
+ dpkg --set-selections
dpkg: warning: package not in status nor available database at line 1: gcc-4.7
dpkg: warning: found unknown packages; this might mean the available database
is outdated, and needs to be updated through a frontend method;
please see the FAQ <https://wiki.debian.org/Teams/Dpkg/FAQ>
+ echo 'g++-4.7 hold'
+ dpkg --set-selections
dpkg: warning: package not in status nor available database at line 1: g++-4.7
dpkg: warning: found unknown packages; this might mean the available database
is outdated, and needs to be updated through a frontend method;
please see the FAQ <https://wiki.debian.org/Teams/Dpkg/FAQ>
+ for VERSION in $VERSIONS
+ rm -f g++-4.8 gcc-4.8 cpp-4.8 gcc
+ ln -s clang++-12 g++-4.8
+ ln -s clang-12 gcc-4.8
+ ln -s clang-12 cpp-4.8
+ ln -s clang-12 gcc
+ echo 'gcc-4.8 hold'
+ dpkg --set-selections
dpkg: warning: package not in status nor available database at line 1: gcc-4.8
dpkg: warning: found unknown packages; this might mean the available database
is outdated, and needs to be updated through a frontend method;
please see the FAQ <https://wiki.debian.org/Teams/Dpkg/FAQ>
+ echo 'g++-4.8 hold'
+ dpkg --set-selections
dpkg: warning: package not in status nor available database at line 1: g++-4.8
dpkg: warning: found unknown packages; this might mean the available database
is outdated, and needs to be updated through a frontend method;
please see the FAQ <https://wiki.debian.org/Teams/Dpkg/FAQ>
+ for VERSION in $VERSIONS
+ rm -f g++-4.9 gcc-4.9 cpp-4.9 gcc
+ ln -s clang++-12 g++-4.9
+ ln -s clang-12 gcc-4.9
+ ln -s clang-12 cpp-4.9
+ ln -s clang-12 gcc
+ echo 'gcc-4.9 hold'
+ dpkg --set-selections
dpkg: warning: package not in status nor available database at line 1: gcc-4.9
dpkg: warning: found unknown packages; this might mean the available database
is outdated, and needs to be updated through a frontend method;
please see the FAQ <https://wiki.debian.org/Teams/Dpkg/FAQ>
+ echo 'g++-4.9 hold'
+ dpkg --set-selections
dpkg: warning: package not in status nor available database at line 1: g++-4.9
dpkg: warning: found unknown packages; this might mean the available database
is outdated, and needs to be updated through a frontend method;
please see the FAQ <https://wiki.debian.org/Teams/Dpkg/FAQ>
+ for VERSION in $VERSIONS
+ rm -f g++-5 gcc-5 cpp-5 gcc
+ ln -s clang++-12 g++-5
+ ln -s clang-12 gcc-5
+ ln -s clang-12 cpp-5
+ ln -s clang-12 gcc
+ echo 'gcc-5 hold'
+ dpkg --set-selections
dpkg: warning: package not in status nor available database at line 1: gcc-5
dpkg: warning: found unknown packages; this might mean the available database
is outdated, and needs to be updated through a frontend method;
please see the FAQ <https://wiki.debian.org/Teams/Dpkg/FAQ>
+ echo 'g++-5 hold'
+ dpkg --set-selections
dpkg: warning: package not in status nor available database at line 1: g++-5
dpkg: warning: found unknown packages; this might mean the available database
is outdated, and needs to be updated through a frontend method;
please see the FAQ <https://wiki.debian.org/Teams/Dpkg/FAQ>
+ for VERSION in $VERSIONS
+ rm -f g++-6 gcc-6 cpp-6 gcc
+ ln -s clang++-12 g++-6
+ ln -s clang-12 gcc-6
+ ln -s clang-12 cpp-6
+ ln -s clang-12 gcc
+ echo 'gcc-6 hold'
+ dpkg --set-selections
dpkg: warning: package not in status nor available database at line 1: gcc-6
dpkg: warning: found unknown packages; this might mean the available database
is outdated, and needs to be updated through a frontend method;
please see the FAQ <https://wiki.debian.org/Teams/Dpkg/FAQ>
+ echo 'g++-6 hold'
+ dpkg --set-selections
dpkg: warning: package not in status nor available database at line 1: g++-6
dpkg: warning: found unknown packages; this might mean the available database
is outdated, and needs to be updated through a frontend method;
please see the FAQ <https://wiki.debian.org/Teams/Dpkg/FAQ>
+ for VERSION in $VERSIONS
+ rm -f g++-7 gcc-7 cpp-7 gcc
+ ln -s clang++-12 g++-7
+ ln -s clang-12 gcc-7
+ ln -s clang-12 cpp-7
+ ln -s clang-12 gcc
+ echo 'gcc-7 hold'
+ dpkg --set-selections
dpkg: warning: package not in status nor available database at line 1: gcc-7
dpkg: warning: found unknown packages; this might mean the available database
is outdated, and needs to be updated through a frontend method;
please see the FAQ <https://wiki.debian.org/Teams/Dpkg/FAQ>
+ echo 'g++-7 hold'
+ dpkg --set-selections
dpkg: warning: package not in status nor available database at line 1: g++-7
dpkg: warning: found unknown packages; this might mean the available database
is outdated, and needs to be updated through a frontend method;
please see the FAQ <https://wiki.debian.org/Teams/Dpkg/FAQ>
+ for VERSION in $VERSIONS
+ rm -f g++-8 gcc-8 cpp-8 gcc
+ ln -s clang++-12 g++-8
+ ln -s clang-12 gcc-8
+ ln -s clang-12 cpp-8
+ ln -s clang-12 gcc
+ echo 'gcc-8 hold'
+ dpkg --set-selections
dpkg: warning: package not in status nor available database at line 1: gcc-8
dpkg: warning: found unknown packages; this might mean the available database
is outdated, and needs to be updated through a frontend method;
please see the FAQ <https://wiki.debian.org/Teams/Dpkg/FAQ>
+ echo 'g++-8 hold'
+ dpkg --set-selections
dpkg: warning: package not in status nor available database at line 1: g++-8
dpkg: warning: found unknown packages; this might mean the available database
is outdated, and needs to be updated through a frontend method;
please see the FAQ <https://wiki.debian.org/Teams/Dpkg/FAQ>
+ for VERSION in $VERSIONS
+ rm -f g++-9 gcc-9 cpp-9 gcc
+ ln -s clang++-12 g++-9
+ ln -s clang-12 gcc-9
+ ln -s clang-12 cpp-9
+ ln -s clang-12 gcc
+ echo 'gcc-9 hold'
+ dpkg --set-selections
dpkg: warning: package not in status nor available database at line 1: gcc-9
dpkg: warning: found unknown packages; this might mean the available database
is outdated, and needs to be updated through a frontend method;
please see the FAQ <https://wiki.debian.org/Teams/Dpkg/FAQ>
+ echo 'g++-9 hold'
+ dpkg --set-selections
dpkg: warning: package not in status nor available database at line 1: g++-9
dpkg: warning: found unknown packages; this might mean the available database
is outdated, and needs to be updated through a frontend method;
please see the FAQ <https://wiki.debian.org/Teams/Dpkg/FAQ>
+ for VERSION in $VERSIONS
+ rm -f g++-10 gcc-10 cpp-10 gcc
+ ln -s clang++-12 g++-10
+ ln -s clang-12 gcc-10
+ ln -s clang-12 cpp-10
+ ln -s clang-12 gcc
+ echo 'gcc-10 hold'
+ dpkg --set-selections
dpkg: warning: package not in status nor available database at line 1: gcc-10
dpkg: warning: found unknown packages; this might mean the available database
is outdated, and needs to be updated through a frontend method;
please see the FAQ <https://wiki.debian.org/Teams/Dpkg/FAQ>
+ echo 'g++-10 hold'
+ dpkg --set-selections
dpkg: warning: package not in status nor available database at line 1: g++-10
dpkg: warning: found unknown packages; this might mean the available database
is outdated, and needs to be updated through a frontend method;
please see the FAQ <https://wiki.debian.org/Teams/Dpkg/FAQ>
+ for VERSION in $VERSIONS
+ rm -f g++-11 gcc-11 cpp-11 gcc
+ ln -s clang++-12 g++-11
+ ln -s clang-12 gcc-11
+ ln -s clang-12 cpp-11
+ ln -s clang-12 gcc
+ echo 'gcc-11 hold'
+ dpkg --set-selections
+ echo 'g++-11 hold'
+ dpkg --set-selections
+ cd -
/build/gnucap-python-IzFMTh
+ echo 'Check if gcc, g++ & cpp are actually clang'
Check if gcc, g++ & cpp are actually clang
+ gcc --version
+ grep clang
+ cpp --version
+ grep clang
+ g++ --version
+ grep clang
+ cd /usr/bin/
+ rm -f clang++ clang
+ ln -s clang-12 clang++
+ ln -s clang-12 clang
+ clang++ --version
Debian clang version 12.0.1-15
Target: x86_64-pc-linux-gnu
Thread model: posix
InstalledDir: /usr/bin
+ clang --version
Debian clang version 12.0.1-15
Target: x86_64-pc-linux-gnu
Thread model: posix
InstalledDir: /usr/bin
+ cd -
/build/gnucap-python-IzFMTh
+ apt install --yes --no-install-recommends --force-yes qt5-qmake

WARNING: apt does not have a stable CLI interface. Use with caution in scripts.

Reading package lists...
Building dependency tree...
Reading state information...
The following additional packages will be installed:
  qt5-qmake-bin qtchooser
The following NEW packages will be installed:
  qt5-qmake qt5-qmake-bin qtchooser
0 upgraded, 3 newly installed, 0 to remove and 0 not upgraded.
Need to get 1322 kB of archives.
After this operation, 4914 kB of additional disk space will be used.
Get:1 http://127.0.0.1:12990/debian sid/main amd64 qt5-qmake-bin amd64 5.15.2+dfsg-12 [1046 kB]
Get:2 http://127.0.0.1:12990/debian sid/main amd64 qtchooser amd64 66-2 [26.3 kB]
Get:3 http://127.0.0.1:12990/debian sid/main amd64 qt5-qmake amd64 5.15.2+dfsg-12 [249 kB]
debconf: delaying package configuration, since apt-utils is not installed
Fetched 1322 kB in 0s (57.7 MB/s)
Selecting previously unselected package qt5-qmake-bin.
(Reading database ... (Reading database ... 5%(Reading database ... 10%(Reading database ... 15%(Reading database ... 20%(Reading database ... 25%(Reading database ... 30%(Reading database ... 35%(Reading database ... 40%(Reading database ... 45%(Reading database ... 50%(Reading database ... 55%(Reading database ... 60%(Reading database ... 65%(Reading database ... 70%(Reading database ... 75%(Reading database ... 80%(Reading database ... 85%(Reading database ... 90%(Reading database ... 95%(Reading database ... 100%(Reading database ... 13527 files and directories currently installed.)
Preparing to unpack .../qt5-qmake-bin_5.15.2+dfsg-12_amd64.deb ...
Unpacking qt5-qmake-bin (5.15.2+dfsg-12) ...
Selecting previously unselected package qtchooser.
Preparing to unpack .../qtchooser_66-2_amd64.deb ...
Unpacking qtchooser (66-2) ...
Selecting previously unselected package qt5-qmake:amd64.
Preparing to unpack .../qt5-qmake_5.15.2+dfsg-12_amd64.deb ...
Unpacking qt5-qmake:amd64 (5.15.2+dfsg-12) ...
Setting up qt5-qmake-bin (5.15.2+dfsg-12) ...
Setting up qtchooser (66-2) ...
Setting up qt5-qmake:amd64 (5.15.2+dfsg-12) ...
W: --force-yes is deprecated, use one of the options starting with --allow instead.
+ cp /usr/lib/x86_64-linux-gnu/qt5/mkspecs/linux-clang/qmake.conf /usr/lib/x86_64-linux-gnu/qt5/mkspecs/linux-clang/qplatformdefs.h /usr/lib/x86_64-linux-gnu/qt5/mkspecs/linux-g++/
+ ls -al /usr/lib/x86_64-linux-gnu/qt5/mkspecs/linux-g++/
total 16
drwxr-xr-x  2 root root 4096 Oct 26 21:36 .
drwxr-xr-x 76 root root 4096 Oct 26 21:36 ..
-rw-r--r--  1 root root  276 Oct 26 21:36 qmake.conf
-rw-r--r--  1 root root 3218 Oct 26 21:36 qplatformdefs.h
+ cat /usr/lib/x86_64-linux-gnu/qt5/mkspecs/linux-g++/qmake.conf
#
# qmake configuration for linux-clang
#

MAKEFILE_GENERATOR = UNIX
CONFIG += incremental

QMAKE_INCREMENTAL_STYLE = sublib

include(../common/linux.conf)
include(../common/gcc-base-unix.conf)
include(../common/clang.conf)

QMAKE_LFLAGS += -ccc-gcc-name g++

load(qt_config)
+ export QMAKESPEC=/usr/lib/x86_64-linux-gnu/qt5/mkspecs/linux-clang/
+ QMAKESPEC=/usr/lib/x86_64-linux-gnu/qt5/mkspecs/linux-clang/
+ sed -i -e 's|compare_problem(2,|compare_problem(0,|g' /usr/bin/dpkg-gensymbols
+ sed -i -e 's|compare_problem(1,|compare_problem(0,|g' /usr/bin/dpkg-gensymbols
+ grep 'compare_problem(' /usr/bin/dpkg-gensymbols
        compare_problem(4, g_('new libraries appeared in the symbols file: %s'), "@libs");
        compare_problem(3, g_('some libraries disappeared in the symbols file: %s'), "@libs");
        compare_problem(0, g_('some new symbols appeared in the symbols file: %s'),
        compare_problem(0, g_('some symbols or patterns disappeared in the symbols file: %s'),

I: Finished running '/tmp/clang12'.

Finished processing commands.
--------------------------------------------------------------------------------
I: NOTICE: Log filtering will replace 'build/gnucap-python-IzFMTh/resolver-UpbWvR' with '<<RESOLVERDIR>>'

+------------------------------------------------------------------------------+
| Update chroot                                                                |
+------------------------------------------------------------------------------+

Hit:1 http://127.0.0.1:12990/debian sid InRelease
Reading package lists...
Reading package lists...
Building dependency tree...
Reading state information...
Calculating upgrade...
0 upgraded, 0 newly installed, 0 to remove and 0 not upgraded.

+------------------------------------------------------------------------------+
| Fetch source files                                                           |
+------------------------------------------------------------------------------+


Check APT
---------

Checking available source versions...

Download source files with APT
------------------------------

Reading package lists...
NOTICE: 'gnucap-python' packaging is maintained in the 'Git' version control system at:
https://salsa.debian.org/electronics-team/Gnucap/gnucap-python.git
Please use:
git clone https://salsa.debian.org/electronics-team/Gnucap/gnucap-python.git
to retrieve the latest (possibly unreleased) updates to the package.
Need to get 519 kB of source archives.
Get:1 http://127.0.0.1:12990/debian sid/main gnucap-python 0.0.2-1.2 (dsc) [2229 B]
Get:2 http://127.0.0.1:12990/debian sid/main gnucap-python 0.0.2-1.2 (tar) [509 kB]
Get:3 http://127.0.0.1:12990/debian sid/main gnucap-python 0.0.2-1.2 (diff) [7996 B]
Fetched 519 kB in 0s (6274 kB/s)
Download complete and in download only mode
I: NOTICE: Log filtering will replace 'build/gnucap-python-IzFMTh/gnucap-python-0.0.2' with '<<PKGBUILDDIR>>'
I: NOTICE: Log filtering will replace 'build/gnucap-python-IzFMTh' with '<<BUILDDIR>>'

+------------------------------------------------------------------------------+
| Install package build dependencies                                           |
+------------------------------------------------------------------------------+


Setup apt archive
-----------------

Merged Build-Depends: debhelper (>= 11), dh-python, dpkg-dev (>= 1.17.14), gnucap, gnucap-default-plugins0, libgnucap-dev, python3-all-dev, python3-numpy, python3-scipy, swig, build-essential, fakeroot
Filtered Build-Depends: debhelper (>= 11), dh-python, dpkg-dev (>= 1.17.14), gnucap, gnucap-default-plugins0, libgnucap-dev, python3-all-dev, python3-numpy, python3-scipy, swig, build-essential, fakeroot
dpkg-deb: building package 'sbuild-build-depends-main-dummy' in '/<<RESOLVERDIR>>/apt_archive/sbuild-build-depends-main-dummy.deb'.
Ign:1 copy:/<<RESOLVERDIR>>/apt_archive ./ InRelease
Get:2 copy:/<<RESOLVERDIR>>/apt_archive ./ Release [957 B]
Ign:3 copy:/<<RESOLVERDIR>>/apt_archive ./ Release.gpg
Get:4 copy:/<<RESOLVERDIR>>/apt_archive ./ Sources [434 B]
Get:5 copy:/<<RESOLVERDIR>>/apt_archive ./ Packages [516 B]
Fetched 1907 B in 0s (0 B/s)
Reading package lists...
Reading package lists...

Install main build dependencies (apt-based resolver)
----------------------------------------------------

Installing build dependencies
Reading package lists...
Building dependency tree...
Reading state information...
The following additional packages will be installed:
  autoconf automake autopoint autotools-dev bsdextrautils debhelper
  dh-autoreconf dh-python dh-strip-nondeterminism dwz file gettext
  gettext-base gnucap gnucap-common gnucap-default-plugins0 groff-base
  intltool-debian libarchive-zip-perl libblas3 libdebhelper-perl libexpat1
  libexpat1-dev libfile-stripnondeterminism-perl libgfortran5 libgnucap-dev
  libgnucap0 libjs-jquery libjs-sphinxdoc libjs-underscore liblapack3
  liblbfgsb0 libmagic-mgc libmagic1 libmpdec3 libncursesw6 libpipeline1
  libpython3-all-dev libpython3-dev libpython3-stdlib libpython3.9
  libpython3.9-dev libpython3.9-minimal libpython3.9-stdlib libreadline8
  libsigsegv2 libsqlite3-0 libsub-override-perl libtool libuchardet0 m4 man-db
  media-types po-debconf python3 python3-all python3-all-dev python3-decorator
  python3-dev python3-distutils python3-lib2to3 python3-minimal python3-numpy
  python3-pkg-resources python3-scipy python3.9 python3.9-dev
  python3.9-minimal readline-common sensible-utils swig swig4.0 zlib1g-dev
Suggested packages:
  autoconf-archive gnu-standards autoconf-doc dh-make flit python3-toml
  gettext-doc libasprintf-dev libgettextpo-dev groff libtool-doc gfortran
  | fortran95-compiler gcj-jdk m4-doc apparmor less www-browser
  libmail-box-perl python3-doc python3-tk python3-venv gfortran
  python-numpy-doc python3-numpy-dbg python3-pytest python3-setuptools
  python-scipy-doc python3.9-venv python3.9-doc binfmt-support readline-doc
  swig-doc swig-examples swig4.0-examples swig4.0-doc
Recommended packages:
  curl | wget | lynx libarchive-cpio-perl javascript-common libgpm2
  ca-certificates libltdl-dev libmail-sendmail-perl python3-pil
The following NEW packages will be installed:
  autoconf automake autopoint autotools-dev bsdextrautils debhelper
  dh-autoreconf dh-python dh-strip-nondeterminism dwz file gettext
  gettext-base gnucap gnucap-common gnucap-default-plugins0 groff-base
  intltool-debian libarchive-zip-perl libblas3 libdebhelper-perl libexpat1
  libexpat1-dev libfile-stripnondeterminism-perl libgfortran5 libgnucap-dev
  libgnucap0 libjs-jquery libjs-sphinxdoc libjs-underscore liblapack3
  liblbfgsb0 libmagic-mgc libmagic1 libmpdec3 libncursesw6 libpipeline1
  libpython3-all-dev libpython3-dev libpython3-stdlib libpython3.9
  libpython3.9-dev libpython3.9-minimal libpython3.9-stdlib libreadline8
  libsigsegv2 libsqlite3-0 libsub-override-perl libtool libuchardet0 m4 man-db
  media-types po-debconf python3 python3-all python3-all-dev python3-decorator
  python3-dev python3-distutils python3-lib2to3 python3-minimal python3-numpy
  python3-pkg-resources python3-scipy python3.9 python3.9-dev
  python3.9-minimal readline-common sbuild-build-depends-main-dummy
  sensible-utils swig swig4.0 zlib1g-dev
0 upgraded, 74 newly installed, 0 to remove and 0 not upgraded.
Need to get 44.5 MB of archives.
After this operation, 175 MB of additional disk space will be used.
Get:1 copy:/<<RESOLVERDIR>>/apt_archive ./ sbuild-build-depends-main-dummy 0.invalid.0 [944 B]
Get:2 http://127.0.0.1:12990/debian sid/main amd64 bsdextrautils amd64 2.37.2-4 [143 kB]
Get:3 http://127.0.0.1:12990/debian sid/main amd64 libuchardet0 amd64 0.0.7-1 [67.8 kB]
Get:4 http://127.0.0.1:12990/debian sid/main amd64 groff-base amd64 1.22.4-7 [935 kB]
Get:5 http://127.0.0.1:12990/debian sid/main amd64 libpipeline1 amd64 1.5.3-1 [34.3 kB]
Get:6 http://127.0.0.1:12990/debian sid/main amd64 man-db amd64 2.9.4-2 [1354 kB]
Get:7 http://127.0.0.1:12990/debian sid/main amd64 libpython3.9-minimal amd64 3.9.7-4 [804 kB]
Get:8 http://127.0.0.1:12990/debian sid/main amd64 libexpat1 amd64 2.4.1-3 [104 kB]
Get:9 http://127.0.0.1:12990/debian sid/main amd64 python3.9-minimal amd64 3.9.7-4 [1963 kB]
Get:10 http://127.0.0.1:12990/debian sid/main amd64 python3-minimal amd64 3.9.2-3 [38.2 kB]
Get:11 http://127.0.0.1:12990/debian sid/main amd64 media-types all 4.0.0 [30.3 kB]
Get:12 http://127.0.0.1:12990/debian sid/main amd64 libmpdec3 amd64 2.5.1-2 [87.8 kB]
Get:13 http://127.0.0.1:12990/debian sid/main amd64 libncursesw6 amd64 6.2+20210905-1 [133 kB]
Get:14 http://127.0.0.1:12990/debian sid/main amd64 readline-common all 8.1-2 [73.8 kB]
Get:15 http://127.0.0.1:12990/debian sid/main amd64 libreadline8 amd64 8.1-2 [168 kB]
Get:16 http://127.0.0.1:12990/debian sid/main amd64 libsqlite3-0 amd64 3.36.0-2 [815 kB]
Get:17 http://127.0.0.1:12990/debian sid/main amd64 libpython3.9-stdlib amd64 3.9.7-4 [1688 kB]
Get:18 http://127.0.0.1:12990/debian sid/main amd64 python3.9 amd64 3.9.7-4 [480 kB]
Get:19 http://127.0.0.1:12990/debian sid/main amd64 libpython3-stdlib amd64 3.9.2-3 [21.4 kB]
Get:20 http://127.0.0.1:12990/debian sid/main amd64 python3 amd64 3.9.2-3 [37.9 kB]
Get:21 http://127.0.0.1:12990/debian sid/main amd64 sensible-utils all 0.0.17 [21.5 kB]
Get:22 http://127.0.0.1:12990/debian sid/main amd64 libmagic-mgc amd64 1:5.39-3 [273 kB]
Get:23 http://127.0.0.1:12990/debian sid/main amd64 libmagic1 amd64 1:5.39-3 [126 kB]
Get:24 http://127.0.0.1:12990/debian sid/main amd64 file amd64 1:5.39-3 [69.1 kB]
Get:25 http://127.0.0.1:12990/debian sid/main amd64 gettext-base amd64 0.21-4 [175 kB]
Get:26 http://127.0.0.1:12990/debian sid/main amd64 libsigsegv2 amd64 2.13-1 [34.8 kB]
Get:27 http://127.0.0.1:12990/debian sid/main amd64 m4 amd64 1.4.18-5 [204 kB]
Get:28 http://127.0.0.1:12990/debian sid/main amd64 autoconf all 2.71-2 [343 kB]
Get:29 http://127.0.0.1:12990/debian sid/main amd64 autotools-dev all 20180224.1+nmu1 [77.1 kB]
Get:30 http://127.0.0.1:12990/debian sid/main amd64 automake all 1:1.16.5-1 [823 kB]
Get:31 http://127.0.0.1:12990/debian sid/main amd64 autopoint all 0.21-4 [510 kB]
Get:32 http://127.0.0.1:12990/debian sid/main amd64 libdebhelper-perl all 13.5.2 [192 kB]
Get:33 http://127.0.0.1:12990/debian sid/main amd64 libtool all 2.4.6-15 [513 kB]
Get:34 http://127.0.0.1:12990/debian sid/main amd64 dh-autoreconf all 20 [17.1 kB]
Get:35 http://127.0.0.1:12990/debian sid/main amd64 libarchive-zip-perl all 1.68-1 [104 kB]
Get:36 http://127.0.0.1:12990/debian sid/main amd64 libsub-override-perl all 0.09-2 [10.2 kB]
Get:37 http://127.0.0.1:12990/debian sid/main amd64 libfile-stripnondeterminism-perl all 1.12.0-2 [26.3 kB]
Get:38 http://127.0.0.1:12990/debian sid/main amd64 dh-strip-nondeterminism all 1.12.0-2 [15.5 kB]
Get:39 http://127.0.0.1:12990/debian sid/main amd64 dwz amd64 0.14-1 [98.3 kB]
Get:40 http://127.0.0.1:12990/debian sid/main amd64 gettext amd64 0.21-4 [1311 kB]
Get:41 http://127.0.0.1:12990/debian sid/main amd64 intltool-debian all 0.35.0+20060710.5 [26.8 kB]
Get:42 http://127.0.0.1:12990/debian sid/main amd64 po-debconf all 1.0.21+nmu1 [248 kB]
Get:43 http://127.0.0.1:12990/debian sid/main amd64 debhelper all 13.5.2 [1056 kB]
Get:44 http://127.0.0.1:12990/debian sid/main amd64 python3-lib2to3 all 3.9.7-1 [79.4 kB]
Get:45 http://127.0.0.1:12990/debian sid/main amd64 python3-distutils all 3.9.7-1 [146 kB]
Get:46 http://127.0.0.1:12990/debian sid/main amd64 dh-python all 5.20211022.1 [103 kB]
Get:47 http://127.0.0.1:12990/debian sid/main amd64 libgnucap0 amd64 1:0.36~20171003-1.1 [213 kB]
Get:48 http://127.0.0.1:12990/debian sid/main amd64 gnucap amd64 1:0.36~20171003-1.1 [131 kB]
Get:49 http://127.0.0.1:12990/debian sid/main amd64 gnucap-common all 1:0.36~20171003-1.1 [80.9 kB]
Get:50 http://127.0.0.1:12990/debian sid/main amd64 gnucap-default-plugins0 amd64 1:0.36~20171003-1.1 [435 kB]
Get:51 http://127.0.0.1:12990/debian sid/main amd64 libblas3 amd64 3.10.0-1 [156 kB]
Get:52 http://127.0.0.1:12990/debian sid/main amd64 libexpat1-dev amd64 2.4.1-3 [156 kB]
Get:53 http://127.0.0.1:12990/debian sid/main amd64 libgfortran5 amd64 11.2.0-10 [710 kB]
Get:54 http://127.0.0.1:12990/debian sid/main amd64 libgnucap-dev amd64 1:0.36~20171003-1.1 [20.1 kB]
Get:55 http://127.0.0.1:12990/debian sid/main amd64 libjs-jquery all 3.5.1+dfsg+~3.5.5-8 [315 kB]
Get:56 http://127.0.0.1:12990/debian sid/main amd64 libjs-underscore all 1.9.1~dfsg-4 [100 kB]
Get:57 http://127.0.0.1:12990/debian sid/main amd64 libjs-sphinxdoc all 4.2.0-5 [137 kB]
Get:58 http://127.0.0.1:12990/debian sid/main amd64 liblapack3 amd64 3.10.0-1 [2213 kB]
Get:59 http://127.0.0.1:12990/debian sid/main amd64 liblbfgsb0 amd64 3.0+dfsg.3-9 [28.5 kB]
Get:60 http://127.0.0.1:12990/debian sid/main amd64 libpython3.9 amd64 3.9.7-4 [1693 kB]
Get:61 http://127.0.0.1:12990/debian sid/main amd64 zlib1g-dev amd64 1:1.2.11.dfsg-2 [190 kB]
Get:62 http://127.0.0.1:12990/debian sid/main amd64 libpython3.9-dev amd64 3.9.7-4 [4032 kB]
Get:63 http://127.0.0.1:12990/debian sid/main amd64 libpython3-dev amd64 3.9.2-3 [21.7 kB]
Get:64 http://127.0.0.1:12990/debian sid/main amd64 libpython3-all-dev amd64 3.9.2-3 [1068 B]
Get:65 http://127.0.0.1:12990/debian sid/main amd64 python3-all amd64 3.9.2-3 [1056 B]
Get:66 http://127.0.0.1:12990/debian sid/main amd64 python3.9-dev amd64 3.9.7-4 [508 kB]
Get:67 http://127.0.0.1:12990/debian sid/main amd64 python3-dev amd64 3.9.2-3 [24.8 kB]
Get:68 http://127.0.0.1:12990/debian sid/main amd64 python3-all-dev amd64 3.9.2-3 [1064 B]
Get:69 http://127.0.0.1:12990/debian sid/main amd64 python3-decorator all 4.4.2-2 [15.8 kB]
Get:70 http://127.0.0.1:12990/debian sid/main amd64 python3-pkg-resources all 58.2.0-1 [192 kB]
Get:71 http://127.0.0.1:12990/debian sid/main amd64 python3-numpy amd64 1:1.19.5-1 [2693 kB]
Get:72 http://127.0.0.1:12990/debian sid/main amd64 python3-scipy amd64 1.7.1-1 [13.2 MB]
Get:73 http://127.0.0.1:12990/debian sid/main amd64 swig4.0 amd64 4.0.2-1 [1377 kB]
Get:74 http://127.0.0.1:12990/debian sid/main amd64 swig all 4.0.2-1 [330 kB]
debconf: delaying package configuration, since apt-utils is not installed
Fetched 44.5 MB in 0s (112 MB/s)
Selecting previously unselected package bsdextrautils.
(Reading database ... 14272 files and directories currently installed.)
Preparing to unpack .../0-bsdextrautils_2.37.2-4_amd64.deb ...
Unpacking bsdextrautils (2.37.2-4) ...
Selecting previously unselected package libuchardet0:amd64.
Preparing to unpack .../1-libuchardet0_0.0.7-1_amd64.deb ...
Unpacking libuchardet0:amd64 (0.0.7-1) ...
Selecting previously unselected package groff-base.
Preparing to unpack .../2-groff-base_1.22.4-7_amd64.deb ...
Unpacking groff-base (1.22.4-7) ...
Selecting previously unselected package libpipeline1:amd64.
Preparing to unpack .../3-libpipeline1_1.5.3-1_amd64.deb ...
Unpacking libpipeline1:amd64 (1.5.3-1) ...
Selecting previously unselected package man-db.
Preparing to unpack .../4-man-db_2.9.4-2_amd64.deb ...
Unpacking man-db (2.9.4-2) ...
Selecting previously unselected package libpython3.9-minimal:amd64.
Preparing to unpack .../5-libpython3.9-minimal_3.9.7-4_amd64.deb ...
Unpacking libpython3.9-minimal:amd64 (3.9.7-4) ...
Selecting previously unselected package libexpat1:amd64.
Preparing to unpack .../6-libexpat1_2.4.1-3_amd64.deb ...
Unpacking libexpat1:amd64 (2.4.1-3) ...
Selecting previously unselected package python3.9-minimal.
Preparing to unpack .../7-python3.9-minimal_3.9.7-4_amd64.deb ...
Unpacking python3.9-minimal (3.9.7-4) ...
Setting up libpython3.9-minimal:amd64 (3.9.7-4) ...
Setting up libexpat1:amd64 (2.4.1-3) ...
Setting up python3.9-minimal (3.9.7-4) ...
Selecting previously unselected package python3-minimal.
(Reading database ... 15139 files and directories currently installed.)
Preparing to unpack .../0-python3-minimal_3.9.2-3_amd64.deb ...
Unpacking python3-minimal (3.9.2-3) ...
Selecting previously unselected package media-types.
Preparing to unpack .../1-media-types_4.0.0_all.deb ...
Unpacking media-types (4.0.0) ...
Selecting previously unselected package libmpdec3:amd64.
Preparing to unpack .../2-libmpdec3_2.5.1-2_amd64.deb ...
Unpacking libmpdec3:amd64 (2.5.1-2) ...
Selecting previously unselected package libncursesw6:amd64.
Preparing to unpack .../3-libncursesw6_6.2+20210905-1_amd64.deb ...
Unpacking libncursesw6:amd64 (6.2+20210905-1) ...
Selecting previously unselected package readline-common.
Preparing to unpack .../4-readline-common_8.1-2_all.deb ...
Unpacking readline-common (8.1-2) ...
Selecting previously unselected package libreadline8:amd64.
Preparing to unpack .../5-libreadline8_8.1-2_amd64.deb ...
Unpacking libreadline8:amd64 (8.1-2) ...
Selecting previously unselected package libsqlite3-0:amd64.
Preparing to unpack .../6-libsqlite3-0_3.36.0-2_amd64.deb ...
Unpacking libsqlite3-0:amd64 (3.36.0-2) ...
Selecting previously unselected package libpython3.9-stdlib:amd64.
Preparing to unpack .../7-libpython3.9-stdlib_3.9.7-4_amd64.deb ...
Unpacking libpython3.9-stdlib:amd64 (3.9.7-4) ...
Selecting previously unselected package python3.9.
Preparing to unpack .../8-python3.9_3.9.7-4_amd64.deb ...
Unpacking python3.9 (3.9.7-4) ...
Selecting previously unselected package libpython3-stdlib:amd64.
Preparing to unpack .../9-libpython3-stdlib_3.9.2-3_amd64.deb ...
Unpacking libpython3-stdlib:amd64 (3.9.2-3) ...
Setting up python3-minimal (3.9.2-3) ...
Selecting previously unselected package python3.
(Reading database ... 15578 files and directories currently installed.)
Preparing to unpack .../00-python3_3.9.2-3_amd64.deb ...
Unpacking python3 (3.9.2-3) ...
Selecting previously unselected package sensible-utils.
Preparing to unpack .../01-sensible-utils_0.0.17_all.deb ...
Unpacking sensible-utils (0.0.17) ...
Selecting previously unselected package libmagic-mgc.
Preparing to unpack .../02-libmagic-mgc_1%3a5.39-3_amd64.deb ...
Unpacking libmagic-mgc (1:5.39-3) ...
Selecting previously unselected package libmagic1:amd64.
Preparing to unpack .../03-libmagic1_1%3a5.39-3_amd64.deb ...
Unpacking libmagic1:amd64 (1:5.39-3) ...
Selecting previously unselected package file.
Preparing to unpack .../04-file_1%3a5.39-3_amd64.deb ...
Unpacking file (1:5.39-3) ...
Selecting previously unselected package gettext-base.
Preparing to unpack .../05-gettext-base_0.21-4_amd64.deb ...
Unpacking gettext-base (0.21-4) ...
Selecting previously unselected package libsigsegv2:amd64.
Preparing to unpack .../06-libsigsegv2_2.13-1_amd64.deb ...
Unpacking libsigsegv2:amd64 (2.13-1) ...
Selecting previously unselected package m4.
Preparing to unpack .../07-m4_1.4.18-5_amd64.deb ...
Unpacking m4 (1.4.18-5) ...
Selecting previously unselected package autoconf.
Preparing to unpack .../08-autoconf_2.71-2_all.deb ...
Unpacking autoconf (2.71-2) ...
Selecting previously unselected package autotools-dev.
Preparing to unpack .../09-autotools-dev_20180224.1+nmu1_all.deb ...
Unpacking autotools-dev (20180224.1+nmu1) ...
Selecting previously unselected package automake.
Preparing to unpack .../10-automake_1%3a1.16.5-1_all.deb ...
Unpacking automake (1:1.16.5-1) ...
Selecting previously unselected package autopoint.
Preparing to unpack .../11-autopoint_0.21-4_all.deb ...
Unpacking autopoint (0.21-4) ...
Selecting previously unselected package libdebhelper-perl.
Preparing to unpack .../12-libdebhelper-perl_13.5.2_all.deb ...
Unpacking libdebhelper-perl (13.5.2) ...
Selecting previously unselected package libtool.
Preparing to unpack .../13-libtool_2.4.6-15_all.deb ...
Unpacking libtool (2.4.6-15) ...
Selecting previously unselected package dh-autoreconf.
Preparing to unpack .../14-dh-autoreconf_20_all.deb ...
Unpacking dh-autoreconf (20) ...
Selecting previously unselected package libarchive-zip-perl.
Preparing to unpack .../15-libarchive-zip-perl_1.68-1_all.deb ...
Unpacking libarchive-zip-perl (1.68-1) ...
Selecting previously unselected package libsub-override-perl.
Preparing to unpack .../16-libsub-override-perl_0.09-2_all.deb ...
Unpacking libsub-override-perl (0.09-2) ...
Selecting previously unselected package libfile-stripnondeterminism-perl.
Preparing to unpack .../17-libfile-stripnondeterminism-perl_1.12.0-2_all.deb ...
Unpacking libfile-stripnondeterminism-perl (1.12.0-2) ...
Selecting previously unselected package dh-strip-nondeterminism.
Preparing to unpack .../18-dh-strip-nondeterminism_1.12.0-2_all.deb ...
Unpacking dh-strip-nondeterminism (1.12.0-2) ...
Selecting previously unselected package dwz.
Preparing to unpack .../19-dwz_0.14-1_amd64.deb ...
Unpacking dwz (0.14-1) ...
Selecting previously unselected package gettext.
Preparing to unpack .../20-gettext_0.21-4_amd64.deb ...
Unpacking gettext (0.21-4) ...
Selecting previously unselected package intltool-debian.
Preparing to unpack .../21-intltool-debian_0.35.0+20060710.5_all.deb ...
Unpacking intltool-debian (0.35.0+20060710.5) ...
Selecting previously unselected package po-debconf.
Preparing to unpack .../22-po-debconf_1.0.21+nmu1_all.deb ...
Unpacking po-debconf (1.0.21+nmu1) ...
Selecting previously unselected package debhelper.
Preparing to unpack .../23-debhelper_13.5.2_all.deb ...
Unpacking debhelper (13.5.2) ...
Selecting previously unselected package python3-lib2to3.
Preparing to unpack .../24-python3-lib2to3_3.9.7-1_all.deb ...
Unpacking python3-lib2to3 (3.9.7-1) ...
Selecting previously unselected package python3-distutils.
Preparing to unpack .../25-python3-distutils_3.9.7-1_all.deb ...
Unpacking python3-distutils (3.9.7-1) ...
Selecting previously unselected package dh-python.
Preparing to unpack .../26-dh-python_5.20211022.1_all.deb ...
Unpacking dh-python (5.20211022.1) ...
Selecting previously unselected package libgnucap0:amd64.
Preparing to unpack .../27-libgnucap0_1%3a0.36~20171003-1.1_amd64.deb ...
Unpacking libgnucap0:amd64 (1:0.36~20171003-1.1) ...
Selecting previously unselected package gnucap.
Preparing to unpack .../28-gnucap_1%3a0.36~20171003-1.1_amd64.deb ...
Unpacking gnucap (1:0.36~20171003-1.1) ...
Selecting previously unselected package gnucap-common.
Preparing to unpack .../29-gnucap-common_1%3a0.36~20171003-1.1_all.deb ...
Unpacking gnucap-common (1:0.36~20171003-1.1) ...
Selecting previously unselected package gnucap-default-plugins0:amd64.
Preparing to unpack .../30-gnucap-default-plugins0_1%3a0.36~20171003-1.1_amd64.deb ...
Unpacking gnucap-default-plugins0:amd64 (1:0.36~20171003-1.1) ...
Selecting previously unselected package libblas3:amd64.
Preparing to unpack .../31-libblas3_3.10.0-1_amd64.deb ...
Unpacking libblas3:amd64 (3.10.0-1) ...
Selecting previously unselected package libexpat1-dev:amd64.
Preparing to unpack .../32-libexpat1-dev_2.4.1-3_amd64.deb ...
Unpacking libexpat1-dev:amd64 (2.4.1-3) ...
Selecting previously unselected package libgfortran5:amd64.
Preparing to unpack .../33-libgfortran5_11.2.0-10_amd64.deb ...
Unpacking libgfortran5:amd64 (11.2.0-10) ...
Selecting previously unselected package libgnucap-dev.
Preparing to unpack .../34-libgnucap-dev_1%3a0.36~20171003-1.1_amd64.deb ...
Unpacking libgnucap-dev (1:0.36~20171003-1.1) ...
Selecting previously unselected package libjs-jquery.
Preparing to unpack .../35-libjs-jquery_3.5.1+dfsg+~3.5.5-8_all.deb ...
Unpacking libjs-jquery (3.5.1+dfsg+~3.5.5-8) ...
Selecting previously unselected package libjs-underscore.
Preparing to unpack .../36-libjs-underscore_1.9.1~dfsg-4_all.deb ...
Unpacking libjs-underscore (1.9.1~dfsg-4) ...
Selecting previously unselected package libjs-sphinxdoc.
Preparing to unpack .../37-libjs-sphinxdoc_4.2.0-5_all.deb ...
Unpacking libjs-sphinxdoc (4.2.0-5) ...
Selecting previously unselected package liblapack3:amd64.
Preparing to unpack .../38-liblapack3_3.10.0-1_amd64.deb ...
Unpacking liblapack3:amd64 (3.10.0-1) ...
Selecting previously unselected package liblbfgsb0:amd64.
Preparing to unpack .../39-liblbfgsb0_3.0+dfsg.3-9_amd64.deb ...
Unpacking liblbfgsb0:amd64 (3.0+dfsg.3-9) ...
Selecting previously unselected package libpython3.9:amd64.
Preparing to unpack .../40-libpython3.9_3.9.7-4_amd64.deb ...
Unpacking libpython3.9:amd64 (3.9.7-4) ...
Selecting previously unselected package zlib1g-dev:amd64.
Preparing to unpack .../41-zlib1g-dev_1%3a1.2.11.dfsg-2_amd64.deb ...
Unpacking zlib1g-dev:amd64 (1:1.2.11.dfsg-2) ...
Selecting previously unselected package libpython3.9-dev:amd64.
Preparing to unpack .../42-libpython3.9-dev_3.9.7-4_amd64.deb ...
Unpacking libpython3.9-dev:amd64 (3.9.7-4) ...
Selecting previously unselected package libpython3-dev:amd64.
Preparing to unpack .../43-libpython3-dev_3.9.2-3_amd64.deb ...
Unpacking libpython3-dev:amd64 (3.9.2-3) ...
Selecting previously unselected package libpython3-all-dev:amd64.
Preparing to unpack .../44-libpython3-all-dev_3.9.2-3_amd64.deb ...
Unpacking libpython3-all-dev:amd64 (3.9.2-3) ...
Selecting previously unselected package python3-all.
Preparing to unpack .../45-python3-all_3.9.2-3_amd64.deb ...
Unpacking python3-all (3.9.2-3) ...
Selecting previously unselected package python3.9-dev.
Preparing to unpack .../46-python3.9-dev_3.9.7-4_amd64.deb ...
Unpacking python3.9-dev (3.9.7-4) ...
Selecting previously unselected package python3-dev.
Preparing to unpack .../47-python3-dev_3.9.2-3_amd64.deb ...
Unpacking python3-dev (3.9.2-3) ...
Selecting previously unselected package python3-all-dev.
Preparing to unpack .../48-python3-all-dev_3.9.2-3_amd64.deb ...
Unpacking python3-all-dev (3.9.2-3) ...
Selecting previously unselected package python3-decorator.
Preparing to unpack .../49-python3-decorator_4.4.2-2_all.deb ...
Unpacking python3-decorator (4.4.2-2) ...
Selecting previously unselected package python3-pkg-resources.
Preparing to unpack .../50-python3-pkg-resources_58.2.0-1_all.deb ...
Unpacking python3-pkg-resources (58.2.0-1) ...
Selecting previously unselected package python3-numpy.
Preparing to unpack .../51-python3-numpy_1%3a1.19.5-1_amd64.deb ...
Unpacking python3-numpy (1:1.19.5-1) ...
Selecting previously unselected package python3-scipy.
Preparing to unpack .../52-python3-scipy_1.7.1-1_amd64.deb ...
Unpacking python3-scipy (1.7.1-1) ...
Selecting previously unselected package swig4.0.
Preparing to unpack .../53-swig4.0_4.0.2-1_amd64.deb ...
Unpacking swig4.0 (4.0.2-1) ...
Selecting previously unselected package swig.
Preparing to unpack .../54-swig_4.0.2-1_all.deb ...
Unpacking swig (4.0.2-1) ...
Selecting previously unselected package sbuild-build-depends-main-dummy.
Preparing to unpack .../55-sbuild-build-depends-main-dummy_0.invalid.0_amd64.deb ...
Unpacking sbuild-build-depends-main-dummy (0.invalid.0) ...
Setting up gnucap-common (1:0.36~20171003-1.1) ...
Setting up media-types (4.0.0) ...
Setting up libpipeline1:amd64 (1.5.3-1) ...
Setting up bsdextrautils (2.37.2-4) ...
update-alternatives: using /usr/bin/write.ul to provide /usr/bin/write (write) in auto mode
Setting up libmagic-mgc (1:5.39-3) ...
Setting up libarchive-zip-perl (1.68-1) ...
Setting up libdebhelper-perl (13.5.2) ...
Setting up libsqlite3-0:amd64 (3.36.0-2) ...
Setting up libmagic1:amd64 (1:5.39-3) ...
Setting up gettext-base (0.21-4) ...
Setting up file (1:5.39-3) ...
Setting up autotools-dev (20180224.1+nmu1) ...
Setting up libblas3:amd64 (3.10.0-1) ...
update-alternatives: using /usr/lib/x86_64-linux-gnu/blas/libblas.so.3 to provide /usr/lib/x86_64-linux-gnu/libblas.so.3 (libblas.so.3-x86_64-linux-gnu) in auto mode
Setting up gnucap-default-plugins0:amd64 (1:0.36~20171003-1.1) ...
Setting up libexpat1-dev:amd64 (2.4.1-3) ...
Setting up libsigsegv2:amd64 (2.13-1) ...
Setting up autopoint (0.21-4) ...
Setting up libncursesw6:amd64 (6.2+20210905-1) ...
Setting up libgfortran5:amd64 (11.2.0-10) ...
Setting up zlib1g-dev:amd64 (1:1.2.11.dfsg-2) ...
Setting up dwz (0.14-1) ...
Setting up sensible-utils (0.0.17) ...
Setting up libuchardet0:amd64 (0.0.7-1) ...
Setting up libmpdec3:amd64 (2.5.1-2) ...
Setting up libsub-override-perl (0.09-2) ...
Setting up libjs-jquery (3.5.1+dfsg+~3.5.5-8) ...
Setting up swig4.0 (4.0.2-1) ...
Setting up readline-common (8.1-2) ...
Setting up libjs-underscore (1.9.1~dfsg-4) ...
Setting up libfile-stripnondeterminism-perl (1.12.0-2) ...
Setting up liblapack3:amd64 (3.10.0-1) ...
update-alternatives: using /usr/lib/x86_64-linux-gnu/lapack/liblapack.so.3 to provide /usr/lib/x86_64-linux-gnu/liblapack.so.3 (liblapack.so.3-x86_64-linux-gnu) in auto mode
Setting up gettext (0.21-4) ...
Setting up swig (4.0.2-1) ...
Setting up libtool (2.4.6-15) ...
Setting up libreadline8:amd64 (8.1-2) ...
Setting up m4 (1.4.18-5) ...
Setting up intltool-debian (0.35.0+20060710.5) ...
Setting up libjs-sphinxdoc (4.2.0-5) ...
Setting up autoconf (2.71-2) ...
Setting up dh-strip-nondeterminism (1.12.0-2) ...
Setting up groff-base (1.22.4-7) ...
Setting up libpython3.9-stdlib:amd64 (3.9.7-4) ...
Setting up libpython3-stdlib:amd64 (3.9.2-3) ...
Setting up liblbfgsb0:amd64 (3.0+dfsg.3-9) ...
Setting up automake (1:1.16.5-1) ...
update-alternatives: using /usr/bin/automake-1.16 to provide /usr/bin/automake (automake) in auto mode
Setting up libgnucap0:amd64 (1:0.36~20171003-1.1) ...
Setting up po-debconf (1.0.21+nmu1) ...
Setting up man-db (2.9.4-2) ...
Not building database; man-db/auto-update is not 'true'.
Setting up dh-autoreconf (20) ...
Setting up libpython3.9:amd64 (3.9.7-4) ...
Setting up gnucap (1:0.36~20171003-1.1) ...
Setting up libgnucap-dev (1:0.36~20171003-1.1) ...
Setting up python3.9 (3.9.7-4) ...
Setting up libpython3.9-dev:amd64 (3.9.7-4) ...
Setting up debhelper (13.5.2) ...
Setting up python3 (3.9.2-3) ...
Setting up python3-decorator (4.4.2-2) ...
Setting up python3.9-dev (3.9.7-4) ...
Setting up python3-lib2to3 (3.9.7-1) ...
Setting up python3-pkg-resources (58.2.0-1) ...
Setting up python3-distutils (3.9.7-1) ...
Setting up dh-python (5.20211022.1) ...
Setting up libpython3-dev:amd64 (3.9.2-3) ...
Setting up python3-all (3.9.2-3) ...
Setting up libpython3-all-dev:amd64 (3.9.2-3) ...
Setting up python3-dev (3.9.2-3) ...
Setting up python3-numpy (1:1.19.5-1) ...
Setting up python3-all-dev (3.9.2-3) ...
Setting up python3-scipy (1.7.1-1) ...
Setting up sbuild-build-depends-main-dummy (0.invalid.0) ...
Processing triggers for libc-bin (2.32-4) ...

+------------------------------------------------------------------------------+
| Check architectures                                                          |
+------------------------------------------------------------------------------+

Arch check ok (amd64 included in any)

+------------------------------------------------------------------------------+
| Build environment                                                            |
+------------------------------------------------------------------------------+

Kernel: Linux 4.19.0-6-cloud-amd64 #1 SMP Debian 4.19.67-2+deb10u2 (2019-11-11) amd64 (x86_64)
Toolchain package versions: binutils_2.37-7 dpkg-dev_1.20.9 g++-11_11.2.0-10 gcc-11_11.2.0-10 libc6-dev_2.32-4 libstdc++-11-dev_11.2.0-10 libstdc++6_11.2.0-10 linux-libc-dev_5.14.12-1
Package versions: adduser_3.118 apt_2.3.11 autoconf_2.71-2 automake_1:1.16.5-1 autopoint_0.21-4 autotools-dev_20180224.1+nmu1 base-files_12 base-passwd_3.5.52 bash_5.1-3+b2 binutils_2.37-7 binutils-common_2.37-7 binutils-x86-64-linux-gnu_2.37-7 bsdextrautils_2.37.2-4 bsdutils_1:2.37.2-4 build-essential_12.9 bzip2_1.0.8-4 clang-12_1:12.0.1-15 coreutils_8.32-4+b1 cpp_4:11.2.0-2 cpp-11_11.2.0-10 dash_0.5.11+git20210120+802ebd4-2 debconf_1.5.78 debhelper_13.5.2 debian-archive-keyring_2021.1.1 debianutils_5.5-1 dh-autoreconf_20 dh-python_5.20211022.1 dh-strip-nondeterminism_1.12.0-2 diffutils_1:3.7-5 dpkg_1.20.9 dpkg-dev_1.20.9 dwz_0.14-1 e2fsprogs_1.46.4-1 fakeroot_1.26-1 file_1:5.39-3 findutils_4.8.0-1 g++_4:11.2.0-2 g++-11_11.2.0-10 gcc_4:11.2.0-2 gcc-10-base_10.3.0-11 gcc-11_11.2.0-10 gcc-11-base_11.2.0-10 gcc-9-base_9.4.0-3 gettext_0.21-4 gettext-base_0.21-4 gnucap_1:0.36~20171003-1.1 gnucap-common_1:0.36~20171003-1.1 gnucap-default-plugins0_1:0.36~20171003-1.1 gpgv_2.2.27-2 grep_3.7-1 groff-base_1.22.4-7 gzip_1.10-4 hostname_3.23 init-system-helpers_1.60 intltool-debian_0.35.0+20060710.5 lib32gcc-s1_11.2.0-10 lib32stdc++6_11.2.0-10 libacl1_2.3.1-1 libapt-pkg6.0_2.3.11 libarchive-zip-perl_1.68-1 libasan5_9.4.0-3 libasan6_11.2.0-10 libatomic1_11.2.0-10 libattr1_1:2.5.1-1 libaudit-common_1:3.0.6-1 libaudit1_1:3.0.6-1 libbinutils_2.37-7 libblas3_3.10.0-1 libblkid1_2.37.2-4 libbsd0_0.11.3-1 libbz2-1.0_1.0.8-4 libc-bin_2.32-4 libc-dev-bin_2.32-4 libc6_2.32-4 libc6-dev_2.32-4 libc6-i386_2.32-4 libcap-ng0_0.7.9-2.2+b1 libcap2_1:2.44-1 libcc1-0_11.2.0-10 libclang-common-12-dev_1:12.0.1-15 libclang-cpp12_1:12.0.1-15 libclang1-12_1:12.0.1-15 libcom-err2_1.46.4-1 libcrypt-dev_1:4.4.25-2 libcrypt1_1:4.4.25-2 libctf-nobfd0_2.37-7 libctf0_2.37-7 libdb5.3_5.3.28+dfsg1-0.8 libdebconfclient0_0.260 libdebhelper-perl_13.5.2 libdpkg-perl_1.20.9 libedit2_3.1-20210910-1 libelf1_0.185-2 libexpat1_2.4.1-3 libexpat1-dev_2.4.1-3 libext2fs2_1.46.4-1 libfakeroot_1.26-1 libffi8_3.4.2-3 libfile-stripnondeterminism-perl_1.12.0-2 libgc1_1:8.0.4-3 libgcc-11-dev_11.2.0-10 libgcc-9-dev_9.4.0-3 libgcc-s1_11.2.0-10 libgcrypt20_1.9.4-3+b1 libgdbm-compat4_1.22-1 libgdbm6_1.22-1 libgfortran5_11.2.0-10 libgmp10_2:6.2.1+dfsg-2 libgnucap-dev_1:0.36~20171003-1.1 libgnucap0_1:0.36~20171003-1.1 libgnutls30_3.7.2-2 libgomp1_11.2.0-10 libgpg-error0_1.42-3 libgssapi-krb5-2_1.18.3-7 libhogweed6_3.7.3-1 libicu67_67.1-7 libidn2-0_2.3.2-2 libisl23_0.24-2 libitm1_11.2.0-10 libjs-jquery_3.5.1+dfsg+~3.5.5-8 libjs-sphinxdoc_4.2.0-5 libjs-underscore_1.9.1~dfsg-4 libk5crypto3_1.18.3-7 libkeyutils1_1.6.1-2 libkrb5-3_1.18.3-7 libkrb5support0_1.18.3-7 liblapack3_3.10.0-1 liblbfgsb0_3.0+dfsg.3-9 libllvm12_1:12.0.1-15 liblsan0_11.2.0-10 liblz4-1_1.9.3-2 liblzma5_5.2.5-2 libmagic-mgc_1:5.39-3 libmagic1_1:5.39-3 libmd0_1.0.4-1 libmount1_2.37.2-4 libmpc3_1.2.1-1 libmpdec3_2.5.1-2 libmpfr6_4.1.0-3 libncursesw6_6.2+20210905-1 libnettle8_3.7.3-1 libnsl-dev_1.3.0-2 libnsl2_1.3.0-2 libobjc-11-dev_11.2.0-10 libobjc-9-dev_9.4.0-3 libobjc4_11.2.0-10 libomp-12-dev_1:12.0.1-15 libomp5-12_1:12.0.1-15 libp11-kit0_0.24.0-5 libpam-modules_1.4.0-10 libpam-modules-bin_1.4.0-10 libpam-runtime_1.4.0-10 libpam0g_1.4.0-10 libpcre2-8-0_10.36-2 libpcre3_2:8.39-13 libperl5.32_5.32.1-6 libpipeline1_1.5.3-1 libpython3-all-dev_3.9.2-3 libpython3-dev_3.9.2-3 libpython3-stdlib_3.9.2-3 libpython3.9_3.9.7-4 libpython3.9-dev_3.9.7-4 libpython3.9-minimal_3.9.7-4 libpython3.9-stdlib_3.9.7-4 libquadmath0_11.2.0-10 libreadline8_8.1-2 libseccomp2_2.5.2-2 libselinux1_3.1-3 libsemanage-common_3.1-1 libsemanage1_3.1-1+b2 libsepol1_3.1-1 libsigsegv2_2.13-1 libsmartcols1_2.37.2-4 libsqlite3-0_3.36.0-2 libss2_1.46.4-1 libssl1.1_1.1.1l-1 libstdc++-11-dev_11.2.0-10 libstdc++6_11.2.0-10 libsub-override-perl_0.09-2 libsystemd0_249.5-1 libtasn1-6_4.17.0-2 libtinfo6_6.2+20210905-1 libtirpc-common_1.3.2-2 libtirpc-dev_1.3.2-2 libtirpc3_1.3.2-2 libtool_2.4.6-15 libtsan0_11.2.0-10 libubsan1_11.2.0-10 libuchardet0_0.0.7-1 libudev1_249.5-1 libunistring2_0.9.10-6 libunwind-12_1:12.0.1-15 libuuid1_2.37.2-4 libxml2_2.9.12+dfsg-5 libxxhash0_0.8.0-2 libz3-4_4.8.12-1+b1 libzstd1_1.4.8+dfsg-3 linux-libc-dev_5.14.12-1 llvm-12-linker-tools_1:12.0.1-15 login_1:4.8.1-1 logsave_1.46.4-1 lsb-base_11.1.0 m4_1.4.18-5 make_4.3-4.1 man-db_2.9.4-2 mawk_1.3.4.20200120-2 media-types_4.0.0 mount_2.37.2-4 ncurses-base_6.2+20210905-1 ncurses-bin_6.2+20210905-1 passwd_1:4.8.1-1 patch_2.7.6-7 perl_5.32.1-6 perl-base_5.32.1-6 perl-modules-5.32_5.32.1-6 po-debconf_1.0.21+nmu1 python3_3.9.2-3 python3-all_3.9.2-3 python3-all-dev_3.9.2-3 python3-decorator_4.4.2-2 python3-dev_3.9.2-3 python3-distutils_3.9.7-1 python3-lib2to3_3.9.7-1 python3-minimal_3.9.2-3 python3-numpy_1:1.19.5-1 python3-pkg-resources_58.2.0-1 python3-scipy_1.7.1-1 python3.9_3.9.7-4 python3.9-dev_3.9.7-4 python3.9-minimal_3.9.7-4 qt5-qmake_5.15.2+dfsg-12 qt5-qmake-bin_5.15.2+dfsg-12 qtchooser_66-2 readline-common_8.1-2 rpcsvc-proto_1.4.2-4 sbuild-build-depends-main-dummy_0.invalid.0 sed_4.8-1 sensible-utils_0.0.17 swig_4.0.2-1 swig4.0_4.0.2-1 sysvinit-utils_3.00-1 tar_1.34+dfsg-1 tzdata_2021e-1 util-linux_2.37.2-4 xz-utils_5.2.5-2 zlib1g_1:1.2.11.dfsg-2 zlib1g-dev_1:1.2.11.dfsg-2

+------------------------------------------------------------------------------+
| Build                                                                        |
+------------------------------------------------------------------------------+


Unpack source
-------------

-----BEGIN PGP SIGNED MESSAGE-----
Hash: SHA256

Format: 3.0 (quilt)
Source: gnucap-python
Binary: gnucap-python, python3-gnucap
Architecture: any
Version: 0.0.2-1.2
Maintainer: Debian Electronics Team <pkg-electronics-devel@lists.alioth.debian.org>
Uploaders: Felix Salfelder <felix@salfelder.org>
Homepage: http://gnucap.org/dokuwiki/doku.php/gnucap:user:gnucap_python
Standards-Version: 4.2.1
Vcs-Browser: https://salsa.debian.org/electronics-team/Gnucap/gnucap-python
Vcs-Git: https://salsa.debian.org/electronics-team/Gnucap/gnucap-python.git
Build-Depends: debhelper (>= 11), dh-python, dpkg-dev (>= 1.17.14), gnucap, gnucap-default-plugins0, libgnucap-dev, python3-all-dev, python3-numpy, python3-scipy, swig
Package-List:
 gnucap-python deb electronics optional arch=any
 python3-gnucap deb python optional arch=any
Checksums-Sha1:
 816f9405839f7071a4d5d286ef60a673a011527a 508745 gnucap-python_0.0.2.orig.tar.gz
 cbb974f1ff61b92dbab33a692c2ff0ab21126bd3 7996 gnucap-python_0.0.2-1.2.debian.tar.xz
Checksums-Sha256:
 281f2bb38bfd4b67e9b8ca6e5e2c5eea5a18f63015ee68a24f3df874d5e76f6b 508745 gnucap-python_0.0.2.orig.tar.gz
 e2588b5ca7c7a31e09ecd4fe0afdc7d7b4e49d6a9fabc4558cbbe92a573cab84 7996 gnucap-python_0.0.2-1.2.debian.tar.xz
Files:
 cfe712eec3f1ee3c177e430bb3196d14 508745 gnucap-python_0.0.2.orig.tar.gz
 f86b02bf87cddb8b4726993affe295f2 7996 gnucap-python_0.0.2-1.2.debian.tar.xz

-----BEGIN PGP SIGNATURE-----

iQIzBAEBCAAdFiEEufrTGSrz5KUwnZ05h588mTgBqU8FAl8iInAACgkQh588mTgB
qU9QxhAAyrv/TgVVWygGEB0FxCi/X2wZUX3Y8sL/Y+wxnB1qbsolDICkAIHVZwQ2
MrZxdsyjyJzd8Xtj8fAIk98Tpy/I3ul4CkM5Nxoxj0OR7eD2Ygx/rt5T8+BHz8rD
eD05gb1dE80pmvirOj90Jp2biypx/2/M+u1WGf1Z61q6HiBlUmU+OpNHxNGIequV
PHXf87Eyrp0rYVx/8ssGoq8JLOF1gzcJ87aBj5LmUuEdRVF3KpmGroykW41VsFiM
Vzu91GWFZtE+2gsAO504bdAUf4wDrJ3lmJz3i697KUlLcQXX68Y/O5Or3CE5aZr5
AhOeRkTQUGVSYE1AcmcX04Ul/K7jl9t5qnHT04ccipSR13EqEqoDnyi3ECfSScc4
CKeIlFLMpJuPXuZOEqClBBwZx7fe2dw+ufox+ooDKpjHTRHyzicLBy9q8DD4+Pmy
lBtANrfnlbQzrYHp4+bOkF1M/uTUKDDGC4l4iC5BWNJNiPkQoJPe1FwbeURDs337
PQ9STybL/x+FqNMLtvmQmzZAdNznBbv8x/gHRyLAkLnepEKmb30kcwtbmjhu1dzx
EPdcZbHG8EhxUcAcWZjwb25v8falSCYMGpWXNLtvrgrgUvLMkGLJ3L0Jp/t/sNkh
IjnpKyG9YdyALMzNOU1zZRxUvs0HygMbDTx7W1hRjliulcaH9+0=
=iiJ1
-----END PGP SIGNATURE-----

gpgv: unknown type of key resource 'trustedkeys.kbx'
gpgv: keyblock resource '/tmp/dpkg-verify-sig.FcLbl9Cw/trustedkeys.kbx': General error
gpgv: Signature made Thu Jul 30 01:29:20 2020 UTC
gpgv:                using RSA key B9FAD3192AF3E4A5309D9D39879F3C993801A94F
gpgv: Can't check signature: No public key
dpkg-source: warning: failed to verify signature on ./gnucap-python_0.0.2-1.2.dsc
dpkg-source: info: extracting gnucap-python in /<<PKGBUILDDIR>>
dpkg-source: info: unpacking gnucap-python_0.0.2.orig.tar.gz
dpkg-source: info: unpacking gnucap-python_0.0.2-1.2.debian.tar.xz

Check disk space
----------------

Sufficient free space for build

User Environment
----------------

APT_CONFIG=/var/lib/sbuild/apt.conf
HOME=/sbuild-nonexistent
LANG=C.UTF-8
LC_ALL=C.UTF-8
LOGNAME=user42
PATH=/usr/local/sbin:/usr/local/bin:/usr/sbin:/usr/bin:/sbin:/bin:/usr/games
SCHROOT_ALIAS_NAME=unstable
SCHROOT_CHROOT_NAME=sid-amd64-sbuild
SCHROOT_COMMAND=env
SCHROOT_GID=1001
SCHROOT_GROUP=user42
SCHROOT_SESSION_ID=sid-amd64-sbuild-72db43c7-3dc5-48bf-b346-6b5dccf4a756
SCHROOT_UID=1001
SCHROOT_USER=user42
SHELL=/bin/sh
USER=user42

dpkg-buildpackage
-----------------

Command: dpkg-buildpackage -us -uc -b -rfakeroot
dpkg-buildpackage: info: source package gnucap-python
dpkg-buildpackage: info: source version 0.0.2-1.2
dpkg-buildpackage: info: source distribution unstable
dpkg-buildpackage: info: source changed by Sandro Tosi <morph@debian.org>
 dpkg-source --before-build .
dpkg-buildpackage: info: host architecture amd64
 debian/rules clean
dh clean --with python3
   debian/rules override_dh_clean
make[1]: Entering directory '/<<PKGBUILDDIR>>'
rm -rf out3.9
rm -rf debian/tmp3.9
dh_clean
rm -rf build*
find . -name *.pyc -delete
find . -name *.pyo -delete
rm -f debian/tmp.*
make[1]: Leaving directory '/<<PKGBUILDDIR>>'
 debian/rules binary
dh binary --with python3
   debian/rules build
make[1]: Entering directory '/<<PKGBUILDDIR>>'
dh build-arch --with python3
dh build-indep --with python3
   dh_update_autotools_config -a
   dh_autoreconf -a
libtoolize: putting auxiliary files in '.'.
libtoolize: copying file './ltmain.sh'
libtoolize: putting macros in AC_CONFIG_MACRO_DIRS, 'm4'.
libtoolize: copying file 'm4/libtool.m4'
libtoolize: copying file 'm4/ltoptions.m4'
libtoolize: copying file 'm4/ltsugar.m4'
libtoolize: copying file 'm4/ltversion.m4'
libtoolize: copying file 'm4/lt~obsolete.m4'
configure.ac:14: warning: 'AM_CONFIG_HEADER': this macro is obsolete.
configure.ac:14: You should use the 'AC_CONFIG_HEADERS' macro instead.
./lib/autoconf/general.m4:2434: AC_DIAGNOSE is expanded from...
aclocal.m4:745: AM_CONFIG_HEADER is expanded from...
configure.ac:14: the top level
configure.ac:54: warning: The macro `AC_PYTHON_DEVEL' is obsolete.
configure.ac:54: You should run autoupdate.
m4/ac_python_devel.m4:72: AC_PYTHON_DEVEL is expanded from...
configure.ac:54: the top level
configure.ac:67: warning: The macro `AC_PROG_LIBTOOL' is obsolete.
configure.ac:67: You should run autoupdate.
m4/libtool.m4:99: AC_PROG_LIBTOOL is expanded from...
configure.ac:67: the top level
configure.ac:73: warning: The macro `AC_TRY_LINK' is obsolete.
configure.ac:73: You should run autoupdate.
./lib/autoconf/general.m4:2920: AC_TRY_LINK is expanded from...
lib/m4sugar/m4sh.m4:699: AS_IF is expanded from...
lib/m4sugar/m4sh.m4:699: AS_IF is expanded from...
lib/m4sugar/m4sh.m4:692: _AS_IF_ELSE is expanded from...
lib/m4sugar/m4sh.m4:699: AS_IF is expanded from...
./lib/autoconf/general.m4:2249: AC_CACHE_VAL is expanded from...
./lib/autoconf/general.m4:2270: AC_CACHE_CHECK is expanded from...
lib/m4sugar/m4sh.m4:699: AS_IF is expanded from...
./lib/autoconf/libs.m4:100: AC_CHECK_LIB is expanded from...
m4/ax_soname.m4:14: AX_CHECK_LIB_SONAME is expanded from...
configure.ac:73: the top level
configure.ac:108: warning: The macro `AC_HELP_STRING' is obsolete.
configure.ac:108: You should run autoupdate.
./lib/autoconf/general.m4:204: AC_HELP_STRING is expanded from...
./lib/autoconf/general.m4:1553: AC_ARG_WITH is expanded from...
configure.ac:108: the top level
configure.ac:127: warning: AC_OUTPUT should be used without arguments.
configure.ac:127: You should run autoupdate.
configure.ac:54: installing './compile'
configure.ac:13: installing './missing'
Makefile.am: installing './depcomp'
   debian/rules override_dh_auto_configure
make[2]: Entering directory '/<<PKGBUILDDIR>>'
dh_auto_configure --builddirectory=build3.9 -- PYTHON=python3.9
	cd build3.9 && ../configure --build=x86_64-linux-gnu --prefix=/usr --includedir=\${prefix}/include --mandir=\${prefix}/share/man --infodir=\${prefix}/share/info --sysconfdir=/etc --localstatedir=/var --disable-option-checking --disable-silent-rules --libdir=\${prefix}/lib/x86_64-linux-gnu --libexecdir=\${prefix}/lib/x86_64-linux-gnu --runstatedir=/run --disable-maintainer-mode --disable-dependency-tracking PYTHON=python3.9
checking for a BSD-compatible install... /usr/bin/install -c
checking whether build environment is sane... yes
checking for a race-free mkdir -p... /bin/mkdir -p
checking for gawk... no
checking for mawk... mawk
checking whether make sets $(MAKE)... yes
checking whether make supports nested variables... yes
checking whether make supports the include directive... yes (GNU style)
checking for g++... g++
checking whether the C++ compiler works... yes
checking for C++ compiler default output file name... a.out
checking for suffix of executables... 
checking whether we are cross compiling... no
checking for suffix of object files... o
checking whether the compiler supports GNU C++... yes
checking whether g++ accepts -g... yes
checking for g++ option to enable C++11 features... none needed
checking dependency style of g++... none
checking for dlopen in -ldl... yes
checking if debug code should be compiled in... no
checking for gnucap-conf... true
clang: error: unsupported option '--print-multiarch'
clang: error: no input files
clang: error: unsupported option '--print-multiarch'
clang: error: no input files
clang: error: unsupported option '--print-multiarch'
clang: error: no input files
clang: error: unsupported option '--print-multiarch'
clang: error: no input files
clang: error: unsupported option '--print-multiarch'
clang: error: no input files
checking whether python3.9 version is >= 2.7... yes
checking for python3.9 version... 3.9
checking for python3.9 platform... linux
checking for GNU default python3.9 prefix... ${prefix}
checking for GNU default python3.9 exec_prefix... ${exec_prefix}
checking for python3.9 script directory (pythondir)... ${PYTHON_PREFIX}/lib/python3.9/site-packages
checking for python3.9 extension module directory (pyexecdir)... ${PYTHON_EXEC_PREFIX}/lib/python3.9/site-packages
checking for gcc... gcc
checking whether the compiler supports GNU C... yes
checking whether gcc accepts -g... yes
checking for gcc option to enable C11 features... none needed
checking whether gcc understands -c and -o together... yes
checking dependency style of gcc... none
checking for python3.9... /usr/bin/python3.9
checking for a version of Python >= '2.1.0'... yes
checking for a version of Python >= '2.3'... yes
checking for the distutils Python package... yes
checking for Python include path... -I/usr/include/python3.9
checking for Python library path... -L/usr/lib/x86_64-linux-gnu -lpython3.9
checking for Python site-packages path... /usr/lib/python3/dist-packages
checking python extra libraries... -lcrypt -lpthread -ldl  -lutil -lm -lm
checking python extra linking flags... -Xlinker -export-dynamic -Wl,-O1 -Wl,-Bsymbolic-functions
checking consistency of all components of python development environment... yes
checking build system type... x86_64-pc-linux-gnu
checking host system type... x86_64-pc-linux-gnu
checking how to print strings... printf
checking for a sed that does not truncate output... /bin/sed
checking for grep that handles long lines and -e... /bin/grep
checking for egrep... /bin/grep -E
checking for fgrep... /bin/grep -F
checking for ld used by gcc... /usr/bin/ld
checking if the linker (/usr/bin/ld) is GNU ld... yes
checking for BSD- or MS-compatible name lister (nm)... /usr/bin/nm -B
checking the name lister (/usr/bin/nm -B) interface... BSD nm
checking whether ln -s works... yes
checking the maximum length of command line arguments... 1572864
checking how to convert x86_64-pc-linux-gnu file names to x86_64-pc-linux-gnu format... func_convert_file_noop
checking how to convert x86_64-pc-linux-gnu file names to toolchain format... func_convert_file_noop
checking for /usr/bin/ld option to reload object files... -r
checking for objdump... objdump
checking how to recognize dependent libraries... pass_all
checking for dlltool... no
checking how to associate runtime and link libraries... printf %s\n
checking for ar... ar
checking for archiver @FILE support... @
checking for strip... strip
checking for ranlib... ranlib
checking command to parse /usr/bin/nm -B output from gcc object... ok
checking for sysroot... no
checking for a working dd... /bin/dd
checking how to truncate binary pipes... /bin/dd bs=4096 count=1
checking for mt... no
checking if : is a manifest tool... no
checking for stdio.h... yes
checking for stdlib.h... yes
checking for string.h... yes
checking for inttypes.h... yes
checking for stdint.h... yes
checking for strings.h... yes
checking for sys/stat.h... yes
checking for sys/types.h... yes
checking for unistd.h... yes
checking for dlfcn.h... yes
checking for objdir... .libs
checking if gcc supports -fno-rtti -fno-exceptions... yes
checking for gcc option to produce PIC... -fPIC -DPIC
checking if gcc PIC flag -fPIC -DPIC works... yes
checking if gcc static flag -static works... yes
checking if gcc supports -c -o file.o... yes
checking if gcc supports -c -o file.o... (cached) yes
checking whether the gcc linker (/usr/bin/ld -m elf_x86_64) supports shared libraries... yes
checking whether -lc should be explicitly linked in... no
checking dynamic linker characteristics... GNU/Linux ld.so
checking how to hardcode library paths into programs... immediate
checking whether stripping libraries is possible... yes
checking if libtool supports shared libraries... yes
checking whether to build shared libraries... yes
checking whether to build static libraries... yes
checking how to run the C++ preprocessor... g++ -E
checking for ld used by g++... /usr/bin/ld -m elf_x86_64
checking if the linker (/usr/bin/ld -m elf_x86_64) is GNU ld... yes
checking whether the g++ linker (/usr/bin/ld -m elf_x86_64) supports shared libraries... yes
checking for g++ option to produce PIC... -fPIC -DPIC
checking if g++ PIC flag -fPIC -DPIC works... yes
checking if g++ static flag -static works... yes
checking if g++ supports -c -o file.o... yes
checking if g++ supports -c -o file.o... (cached) yes
checking whether the g++ linker (/usr/bin/ld -m elf_x86_64) supports shared libraries... yes
checking dynamic linker characteristics... (cached) GNU/Linux ld.so
checking how to hardcode library paths into programs... immediate
checking for help_dispatcher in -lgnucap... yes
checking for ldd... /usr/bin/ldd
checking for SONAME in libgnucap... libgnucap.so.0
checking plugpath-override... no
clang: error: unsupported option '--print-multiarch'
clang: error: no input files
checking python3.9 module: numpy... yes
checking for /usr/lib/python3/dist-packages/numpy/core/include/numpy/arrayobject.h... yes
checking for swig... /usr/bin/swig
checking that generated files are newer than configure... done
configure: creating ./config.status
config.status: creating Makefile
config.status: creating misc/Makefile
config.status: creating gnucap/Makefile
config.status: creating examples/Makefile
config.status: creating gnucap/__init__.py
config.status: creating config.h
config.status: executing depfiles commands
config.status: executing libtool commands

** Configuration summary for gnucap-python 0.0.2:

   prefix:                   /usr
   plugpath:                 /usr/lib//gnucap0
   CPPFLAGS:                 -Wdate-time -D_FORTIFY_SOURCE=2 -DNDEBUG
   GC_CPPFLAGS:              -I/usr/include/gnucap
   CFLAGS:                   -g -O2 -ffile-prefix-map=/<<PKGBUILDDIR>>=. -fstack-protector-strong -Wformat -Werror=format-security
   CXXFLAGS:                 -g -O2 -ffile-prefix-map=/<<PKGBUILDDIR>>=. -fstack-protector-strong -Wformat -Werror=format-security
   LDFLAGS:                  -Wl,-z,relro -Wl,-z,now -rdynamic -L/usr/lib/
   LIBS:                     -ldl 
   PYTHON:                   /usr/bin/python3.9


dh override_dh_auto_configure --with python3
make[2]: Leaving directory '/<<PKGBUILDDIR>>'
   debian/rules override_dh_auto_build
make[2]: Entering directory '/<<PKGBUILDDIR>>'
dh_auto_build --builddirectory=build3.9
	cd build3.9 && make -j4
make[3]: Entering directory '/<<PKGBUILDDIR>>/build3.9'
make  all-recursive
make[4]: Entering directory '/<<PKGBUILDDIR>>/build3.9'
Making all in examples
make[5]: Entering directory '/<<PKGBUILDDIR>>/build3.9/examples'
make[5]: Nothing to be done for 'all'.
make[5]: Leaving directory '/<<PKGBUILDDIR>>/build3.9/examples'
Making all in gnucap
make[5]: Entering directory '/<<PKGBUILDDIR>>/build3.9/gnucap'
cp /usr/include/gnucap/u_xprobe.h u_xprobe.h
cp /usr/include/gnucap/m_matrix.h m_matrix_hack.h
sed -i '/^  explicit.*XPROBE():$/s/e/public:e/' u_xprobe.h
sed -i '/^  mutable bool/s/m/public:m/' m_matrix_hack.h
make  all-am
make[6]: Entering directory '/<<PKGBUILDDIR>>/build3.9/gnucap'
/bin/bash ../libtool  --tag=CXX   --mode=compile g++ -DHAVE_CONFIG_H -I. -I../../gnucap -I..  -I../../include -I/usr/include/python3.9 -Wdate-time -D_FORTIFY_SOURCE=2 -DNDEBUG -I/usr/include/gnucap -I/usr/lib/python3/dist-packages -DPYTHON_SO=\"/usr/lib/x86_64-linux-gnu/\" -Wdate-time -D_FORTIFY_SOURCE=2 -DNDEBUG  -g -O2 -ffile-prefix-map=/<<PKGBUILDDIR>>=. -fstack-protector-strong -Wformat -Werror=format-security -c -o garbage.lo ../../gnucap/garbage.cc
swig -python -c++ -Wall -I/usr/include/gnucap -o _ap.cxx ../../gnucap/_ap.i
/bin/bash ../libtool  --tag=CXX   --mode=compile g++ -DHAVE_CONFIG_H -I. -I../../gnucap -I..  -I../../include -I/usr/include/python3.9 -Wdate-time -D_FORTIFY_SOURCE=2 -DNDEBUG -I/usr/include/gnucap -I/usr/lib/python3/dist-packages -DPYTHON_SO=\"/usr/lib/x86_64-linux-gnu/\" -Wdate-time -D_FORTIFY_SOURCE=2 -DNDEBUG  -g -O2 -ffile-prefix-map=/<<PKGBUILDDIR>>=. -fstack-protector-strong -Wformat -Werror=format-security -c -o command.lo ../../gnucap/command.cc
swig -python -c++ -Wall -I/usr/include/gnucap -o _gnucap_swig.cxx ../../gnucap/_gnucap_swig.i
libtool: compile:  g++ -DHAVE_CONFIG_H -I. -I../../gnucap -I.. -I../../include -I/usr/include/python3.9 -Wdate-time -D_FORTIFY_SOURCE=2 -DNDEBUG -I/usr/include/gnucap -I/usr/lib/python3/dist-packages -DPYTHON_SO=\"/usr/lib/x86_64-linux-gnu/\" -Wdate-time -D_FORTIFY_SOURCE=2 -DNDEBUG -g -O2 -ffile-prefix-map=/<<PKGBUILDDIR>>=. -fstack-protector-strong -Wformat -Werror=format-security -c ../../gnucap/garbage.cc  -fPIC -DPIC -o .libs/garbage.o
libtool: compile:  g++ -DHAVE_CONFIG_H -I. -I../../gnucap -I.. -I../../include -I/usr/include/python3.9 -Wdate-time -D_FORTIFY_SOURCE=2 -DNDEBUG -I/usr/include/gnucap -I/usr/lib/python3/dist-packages -DPYTHON_SO=\"/usr/lib/x86_64-linux-gnu/\" -Wdate-time -D_FORTIFY_SOURCE=2 -DNDEBUG -g -O2 -ffile-prefix-map=/<<PKGBUILDDIR>>=. -fstack-protector-strong -Wformat -Werror=format-security -c ../../gnucap/command.cc  -fPIC -DPIC -o .libs/command.o
/bin/bash ../libtool  --tag=CXX   --mode=compile g++ -DHAVE_CONFIG_H -I. -I../../gnucap -I..  -I../../include -I/usr/include/python3.9 -Wdate-time -D_FORTIFY_SOURCE=2 -DNDEBUG -I/usr/include/gnucap -I/usr/lib/python3/dist-packages -DPYTHON_SO=\"/usr/lib/x86_64-linux-gnu/\" -Wdate-time -D_FORTIFY_SOURCE=2 -DNDEBUG  -g -O2 -ffile-prefix-map=/<<PKGBUILDDIR>>=. -fstack-protector-strong -Wformat -Werror=format-security -c -o c_genrat.lo ../../gnucap/c_genrat.cc
libtool: compile:  g++ -DHAVE_CONFIG_H -I. -I../../gnucap -I.. -I../../include -I/usr/include/python3.9 -Wdate-time -D_FORTIFY_SOURCE=2 -DNDEBUG -I/usr/include/gnucap -I/usr/lib/python3/dist-packages -DPYTHON_SO=\"/usr/lib/x86_64-linux-gnu/\" -Wdate-time -D_FORTIFY_SOURCE=2 -DNDEBUG -g -O2 -ffile-prefix-map=/<<PKGBUILDDIR>>=. -fstack-protector-strong -Wformat -Werror=format-security -c ../../gnucap/garbage.cc -o garbage.o >/dev/null 2>&1
libtool: compile:  g++ -DHAVE_CONFIG_H -I. -I../../gnucap -I.. -I../../include -I/usr/include/python3.9 -Wdate-time -D_FORTIFY_SOURCE=2 -DNDEBUG -I/usr/include/gnucap -I/usr/lib/python3/dist-packages -DPYTHON_SO=\"/usr/lib/x86_64-linux-gnu/\" -Wdate-time -D_FORTIFY_SOURCE=2 -DNDEBUG -g -O2 -ffile-prefix-map=/<<PKGBUILDDIR>>=. -fstack-protector-strong -Wformat -Werror=format-security -c ../../gnucap/c_genrat.cc  -fPIC -DPIC -o .libs/c_genrat.o
/bin/bash ../libtool  --tag=CXX   --mode=compile g++ -DHAVE_CONFIG_H -I. -I../../gnucap -I..  -I../../include -I/usr/include/python3.9 -Wdate-time -D_FORTIFY_SOURCE=2 -DNDEBUG -I/usr/include/gnucap -I/usr/lib/python3/dist-packages -DPYTHON_SO=\"/usr/lib/x86_64-linux-gnu/\" -Wdate-time -D_FORTIFY_SOURCE=2 -DNDEBUG  -g -O2 -ffile-prefix-map=/<<PKGBUILDDIR>>=. -fstack-protector-strong -Wformat -Werror=format-security -c -o s_tr.lo ../../gnucap/s_tr.cc
libtool: compile:  g++ -DHAVE_CONFIG_H -I. -I../../gnucap -I.. -I../../include -I/usr/include/python3.9 -Wdate-time -D_FORTIFY_SOURCE=2 -DNDEBUG -I/usr/include/gnucap -I/usr/lib/python3/dist-packages -DPYTHON_SO=\"/usr/lib/x86_64-linux-gnu/\" -Wdate-time -D_FORTIFY_SOURCE=2 -DNDEBUG -g -O2 -ffile-prefix-map=/<<PKGBUILDDIR>>=. -fstack-protector-strong -Wformat -Werror=format-security -c ../../gnucap/s_tr.cc  -fPIC -DPIC -o .libs/s_tr.o
../../gnucap/_m_wave.i:32: Warning 322: Redundant redeclaration of 'DPAIR',
/usr/include/gnucap/md.h:96: Warning 322: previous declaration of 'DPAIR'.
In file included from ../../gnucap/command.cc:1:
In file included from ../../gnucap/wrap.h:18:
In file included from /usr/include/gnucap/l_dispatcher.h:29:
In file included from /usr/include/gnucap/u_opt.h:27:
In file included from /usr/include/gnucap/mode.h:27:
In file included from /usr/include/gnucap/io_.h:28:
/usr/include/gnucap/l_lib.h:46:5: warning: ignoring return value of function declared with 'warn_unused_result' attribute [-Wunused-result]
    ::system(s.c_str());
    ^~~~~~~~ ~~~~~~~~~
/usr/include/gnucap/l_lib.h:50:5: warning: ignoring return value of function declared with 'warn_unused_result' attribute [-Wunused-result]
    ::chdir(s.c_str());
    ^~~~~~~ ~~~~~~~~~
In file included from ../../gnucap/c_genrat.cc:27:
In file included from /usr/include/gnucap/u_sim_data.h:29:
In file included from /usr/include/gnucap/u_opt.h:27:
In file included from /usr/include/gnucap/mode.h:27:
In file included from /usr/include/gnucap/io_.h:28:
/usr/include/gnucap/l_lib.h:46:5: warning: ignoring return value of function declared with 'warn_unused_result' attribute [-Wunused-result]
    ::system(s.c_str());
    ^~~~~~~~ ~~~~~~~~~
/usr/include/gnucap/l_lib.h:50:5: warning: ignoring return value of function declared with 'warn_unused_result' attribute [-Wunused-result]
    ::chdir(s.c_str());
    ^~~~~~~ ~~~~~~~~~
In file included from ../../gnucap/s_tr.cc:25:
In file included from /usr/include/gnucap/globals.h:24:
In file included from /usr/include/gnucap/l_dispatcher.h:29:
In file included from /usr/include/gnucap/u_opt.h:27:
In file included from /usr/include/gnucap/mode.h:27:
In file included from /usr/include/gnucap/io_.h:28:
/usr/include/gnucap/l_lib.h:46:5: warning: ignoring return value of function declared with 'warn_unused_result' attribute [-Wunused-result]
    ::system(s.c_str());
    ^~~~~~~~ ~~~~~~~~~
/usr/include/gnucap/l_lib.h:50:5: warning: ignoring return value of function declared with 'warn_unused_result' attribute [-Wunused-result]
    ::chdir(s.c_str());
    ^~~~~~~ ~~~~~~~~~
2 warnings generated.
libtool: compile:  g++ -DHAVE_CONFIG_H -I. -I../../gnucap -I.. -I../../include -I/usr/include/python3.9 -Wdate-time -D_FORTIFY_SOURCE=2 -DNDEBUG -I/usr/include/gnucap -I/usr/lib/python3/dist-packages -DPYTHON_SO=\"/usr/lib/x86_64-linux-gnu/\" -Wdate-time -D_FORTIFY_SOURCE=2 -DNDEBUG -g -O2 -ffile-prefix-map=/<<PKGBUILDDIR>>=. -fstack-protector-strong -Wformat -Werror=format-security -c ../../gnucap/command.cc -o command.o >/dev/null 2>&1
/bin/bash ../libtool  --tag=CXX   --mode=compile g++ -DHAVE_CONFIG_H -I. -I../../gnucap -I..  -I../../include -I/usr/include/python3.9 -Wdate-time -D_FORTIFY_SOURCE=2 -DNDEBUG -I/usr/include/gnucap -I/usr/lib/python3/dist-packages -DPYTHON_SO=\"/usr/lib/x86_64-linux-gnu/\" -Wdate-time -D_FORTIFY_SOURCE=2 -DNDEBUG  -g -O2 -ffile-prefix-map=/<<PKGBUILDDIR>>=. -fstack-protector-strong -Wformat -Werror=format-security -c -o s_tr_set.lo ../../gnucap/s_tr_set.cc
2 warnings generated.
libtool: compile:  g++ -DHAVE_CONFIG_H -I. -I../../gnucap -I.. -I../../include -I/usr/include/python3.9 -Wdate-time -D_FORTIFY_SOURCE=2 -DNDEBUG -I/usr/include/gnucap -I/usr/lib/python3/dist-packages -DPYTHON_SO=\"/usr/lib/x86_64-linux-gnu/\" -Wdate-time -D_FORTIFY_SOURCE=2 -DNDEBUG -g -O2 -ffile-prefix-map=/<<PKGBUILDDIR>>=. -fstack-protector-strong -Wformat -Werror=format-security -c ../../gnucap/c_genrat.cc -o c_genrat.o >/dev/null 2>&1
libtool: compile:  g++ -DHAVE_CONFIG_H -I. -I../../gnucap -I.. -I../../include -I/usr/include/python3.9 -Wdate-time -D_FORTIFY_SOURCE=2 -DNDEBUG -I/usr/include/gnucap -I/usr/lib/python3/dist-packages -DPYTHON_SO=\"/usr/lib/x86_64-linux-gnu/\" -Wdate-time -D_FORTIFY_SOURCE=2 -DNDEBUG -g -O2 -ffile-prefix-map=/<<PKGBUILDDIR>>=. -fstack-protector-strong -Wformat -Werror=format-security -c ../../gnucap/s_tr_set.cc  -fPIC -DPIC -o .libs/s_tr_set.o
2 warnings generated.
libtool: compile:  g++ -DHAVE_CONFIG_H -I. -I../../gnucap -I.. -I../../include -I/usr/include/python3.9 -Wdate-time -D_FORTIFY_SOURCE=2 -DNDEBUG -I/usr/include/gnucap -I/usr/lib/python3/dist-packages -DPYTHON_SO=\"/usr/lib/x86_64-linux-gnu/\" -Wdate-time -D_FORTIFY_SOURCE=2 -DNDEBUG -g -O2 -ffile-prefix-map=/<<PKGBUILDDIR>>=. -fstack-protector-strong -Wformat -Werror=format-security -c ../../gnucap/s_tr.cc -o s_tr.o >/dev/null 2>&1
In file included from ../../gnucap/s_tr_set.cc:25:
In file included from /usr/include/gnucap/u_sim_data.h:29:
In file included from /usr/include/gnucap/u_opt.h:27:
In file included from /usr/include/gnucap/mode.h:27:
In file included from /usr/include/gnucap/io_.h:28:
/usr/include/gnucap/l_lib.h:46:5: warning: ignoring return value of function declared with 'warn_unused_result' attribute [-Wunused-result]
    ::system(s.c_str());
    ^~~~~~~~ ~~~~~~~~~
/usr/include/gnucap/l_lib.h:50:5: warning: ignoring return value of function declared with 'warn_unused_result' attribute [-Wunused-result]
    ::chdir(s.c_str());
    ^~~~~~~ ~~~~~~~~~
/bin/bash ../libtool  --tag=CXX   --mode=compile g++ -DHAVE_CONFIG_H -I. -I../../gnucap -I..  -I../../include -I/usr/include/python3.9 -Wdate-time -D_FORTIFY_SOURCE=2 -DNDEBUG -I/usr/include/gnucap -I/usr/lib/python3/dist-packages -DPYTHON_SO=\"/usr/lib/x86_64-linux-gnu/\" -Wdate-time -D_FORTIFY_SOURCE=2 -DNDEBUG  -g -O2 -ffile-prefix-map=/<<PKGBUILDDIR>>=. -fstack-protector-strong -Wformat -Werror=format-security -c -o s_tr_swp.lo ../../gnucap/s_tr_swp.cc
libtool: compile:  g++ -DHAVE_CONFIG_H -I. -I../../gnucap -I.. -I../../include -I/usr/include/python3.9 -Wdate-time -D_FORTIFY_SOURCE=2 -DNDEBUG -I/usr/include/gnucap -I/usr/lib/python3/dist-packages -DPYTHON_SO=\"/usr/lib/x86_64-linux-gnu/\" -Wdate-time -D_FORTIFY_SOURCE=2 -DNDEBUG -g -O2 -ffile-prefix-map=/<<PKGBUILDDIR>>=. -fstack-protector-strong -Wformat -Werror=format-security -c ../../gnucap/s_tr_swp.cc  -fPIC -DPIC -o .libs/s_tr_swp.o
/bin/bash ../libtool  --tag=CXX   --mode=compile g++ -DHAVE_CONFIG_H -I. -I../../gnucap -I..  -I../../include -I/usr/include/python3.9 -Wdate-time -D_FORTIFY_SOURCE=2 -DNDEBUG -I/usr/include/gnucap -I/usr/lib/python3/dist-packages -DPYTHON_SO=\"/usr/lib/x86_64-linux-gnu/\" -Wdate-time -D_FORTIFY_SOURCE=2 -DNDEBUG  -g -O2 -ffile-prefix-map=/<<PKGBUILDDIR>>=. -fstack-protector-strong -Wformat -Werror=format-security -c -o s__solve.lo ../../gnucap/s__solve.cc
libtool: compile:  g++ -DHAVE_CONFIG_H -I. -I../../gnucap -I.. -I../../include -I/usr/include/python3.9 -Wdate-time -D_FORTIFY_SOURCE=2 -DNDEBUG -I/usr/include/gnucap -I/usr/lib/python3/dist-packages -DPYTHON_SO=\"/usr/lib/x86_64-linux-gnu/\" -Wdate-time -D_FORTIFY_SOURCE=2 -DNDEBUG -g -O2 -ffile-prefix-map=/<<PKGBUILDDIR>>=. -fstack-protector-strong -Wformat -Werror=format-security -c ../../gnucap/s__solve.cc  -fPIC -DPIC -o .libs/s__solve.o
2 warnings generated.
libtool: compile:  g++ -DHAVE_CONFIG_H -I. -I../../gnucap -I.. -I../../include -I/usr/include/python3.9 -Wdate-time -D_FORTIFY_SOURCE=2 -DNDEBUG -I/usr/include/gnucap -I/usr/lib/python3/dist-packages -DPYTHON_SO=\"/usr/lib/x86_64-linux-gnu/\" -Wdate-time -D_FORTIFY_SOURCE=2 -DNDEBUG -g -O2 -ffile-prefix-map=/<<PKGBUILDDIR>>=. -fstack-protector-strong -Wformat -Werror=format-security -c ../../gnucap/s_tr_set.cc -o s_tr_set.o >/dev/null 2>&1
In file included from ../../gnucap/s_tr_swp.cc:27:
In file included from /usr/include/gnucap/u_sim_data.h:29:
In file included from /usr/include/gnucap/u_opt.h:27:
In file included from /usr/include/gnucap/mode.h:27:
In file included from /usr/include/gnucap/io_.h:28:
/usr/include/gnucap/l_lib.h:46:5: warning: ignoring return value of function declared with 'warn_unused_result' attribute [-Wunused-result]
    ::system(s.c_str());
    ^~~~~~~~ ~~~~~~~~~
/usr/include/gnucap/l_lib.h:50:5: warning: ignoring return value of function declared with 'warn_unused_result' attribute [-Wunused-result]
    ::chdir(s.c_str());
    ^~~~~~~ ~~~~~~~~~
In file included from ../../gnucap/s__solve.cc:26:
In file included from /usr/include/gnucap/u_status.h:27:
In file included from /usr/include/gnucap/mode.h:27:
In file included from /usr/include/gnucap/io_.h:28:
/usr/include/gnucap/l_lib.h:46:5: warning: ignoring return value of function declared with 'warn_unused_result' attribute [-Wunused-result]
    ::system(s.c_str());
    ^~~~~~~~ ~~~~~~~~~
/usr/include/gnucap/l_lib.h:50:5: warning: ignoring return value of function declared with 'warn_unused_result' attribute [-Wunused-result]
    ::chdir(s.c_str());
    ^~~~~~~ ~~~~~~~~~
2 warnings generated.
libtool: compile:  g++ -DHAVE_CONFIG_H -I. -I../../gnucap -I.. -I../../include -I/usr/include/python3.9 -Wdate-time -D_FORTIFY_SOURCE=2 -DNDEBUG -I/usr/include/gnucap -I/usr/lib/python3/dist-packages -DPYTHON_SO=\"/usr/lib/x86_64-linux-gnu/\" -Wdate-time -D_FORTIFY_SOURCE=2 -DNDEBUG -g -O2 -ffile-prefix-map=/<<PKGBUILDDIR>>=. -fstack-protector-strong -Wformat -Werror=format-security -c ../../gnucap/s_tr_swp.cc -o s_tr_swp.o >/dev/null 2>&1
/bin/bash ../libtool  --tag=CXX   --mode=compile g++ -DHAVE_CONFIG_H -I. -I../../gnucap -I..  -I../../include -I/usr/include/python3.9 -Wdate-time -D_FORTIFY_SOURCE=2 -DNDEBUG -I/usr/include/gnucap -I/usr/lib/python3/dist-packages -DPYTHON_SO=\"/usr/lib/x86_64-linux-gnu/\" -Wdate-time -D_FORTIFY_SOURCE=2 -DNDEBUG  -g -O2 -ffile-prefix-map=/<<PKGBUILDDIR>>=. -fstack-protector-strong -Wformat -Werror=format-security -c -o s__out.lo ../../gnucap/s__out.cc
2 warnings generated.
libtool: compile:  g++ -DHAVE_CONFIG_H -I. -I../../gnucap -I.. -I../../include -I/usr/include/python3.9 -Wdate-time -D_FORTIFY_SOURCE=2 -DNDEBUG -I/usr/include/gnucap -I/usr/lib/python3/dist-packages -DPYTHON_SO=\"/usr/lib/x86_64-linux-gnu/\" -Wdate-time -D_FORTIFY_SOURCE=2 -DNDEBUG -g -O2 -ffile-prefix-map=/<<PKGBUILDDIR>>=. -fstack-protector-strong -Wformat -Werror=format-security -c ../../gnucap/s__solve.cc -o s__solve.o >/dev/null 2>&1
libtool: compile:  g++ -DHAVE_CONFIG_H -I. -I../../gnucap -I.. -I../../include -I/usr/include/python3.9 -Wdate-time -D_FORTIFY_SOURCE=2 -DNDEBUG -I/usr/include/gnucap -I/usr/lib/python3/dist-packages -DPYTHON_SO=\"/usr/lib/x86_64-linux-gnu/\" -Wdate-time -D_FORTIFY_SOURCE=2 -DNDEBUG -g -O2 -ffile-prefix-map=/<<PKGBUILDDIR>>=. -fstack-protector-strong -Wformat -Werror=format-security -c ../../gnucap/s__out.cc  -fPIC -DPIC -o .libs/s__out.o
In file included from ../../gnucap/s__out.cc:25:
In file included from /usr/include/gnucap/u_sim_data.h:29:
In file included from /usr/include/gnucap/u_opt.h:27:
In file included from /usr/include/gnucap/mode.h:27:
In file included from /usr/include/gnucap/io_.h:28:
/usr/include/gnucap/l_lib.h:46:5: warning: ignoring return value of function declared with 'warn_unused_result' attribute [-Wunused-result]
    ::system(s.c_str());
    ^~~~~~~~ ~~~~~~~~~
/usr/include/gnucap/l_lib.h:50:5: warning: ignoring return value of function declared with 'warn_unused_result' attribute [-Wunused-result]
    ::chdir(s.c_str());
    ^~~~~~~ ~~~~~~~~~
/bin/bash ../libtool  --tag=CXX   --mode=compile g++ -DHAVE_CONFIG_H -I. -I../../gnucap -I..  -I../../include -I/usr/include/python3.9 -Wdate-time -D_FORTIFY_SOURCE=2 -DNDEBUG -I/usr/include/gnucap -I/usr/lib/python3/dist-packages -DPYTHON_SO=\"/usr/lib/x86_64-linux-gnu/\" -Wdate-time -D_FORTIFY_SOURCE=2 -DNDEBUG  -g -O2 -ffile-prefix-map=/<<PKGBUILDDIR>>=. -fstack-protector-strong -Wformat -Werror=format-security -c -o s__init.lo ../../gnucap/s__init.cc
libtool: compile:  g++ -DHAVE_CONFIG_H -I. -I../../gnucap -I.. -I../../include -I/usr/include/python3.9 -Wdate-time -D_FORTIFY_SOURCE=2 -DNDEBUG -I/usr/include/gnucap -I/usr/lib/python3/dist-packages -DPYTHON_SO=\"/usr/lib/x86_64-linux-gnu/\" -Wdate-time -D_FORTIFY_SOURCE=2 -DNDEBUG -g -O2 -ffile-prefix-map=/<<PKGBUILDDIR>>=. -fstack-protector-strong -Wformat -Werror=format-security -c ../../gnucap/s__init.cc  -fPIC -DPIC -o .libs/s__init.o
2 warnings generated.
libtool: compile:  g++ -DHAVE_CONFIG_H -I. -I../../gnucap -I.. -I../../include -I/usr/include/python3.9 -Wdate-time -D_FORTIFY_SOURCE=2 -DNDEBUG -I/usr/include/gnucap -I/usr/lib/python3/dist-packages -DPYTHON_SO=\"/usr/lib/x86_64-linux-gnu/\" -Wdate-time -D_FORTIFY_SOURCE=2 -DNDEBUG -g -O2 -ffile-prefix-map=/<<PKGBUILDDIR>>=. -fstack-protector-strong -Wformat -Werror=format-security -c ../../gnucap/s__out.cc -o s__out.o >/dev/null 2>&1
swig -python -c++ -Wall -I/usr/include/gnucap -o _component.cxx ../../gnucap/_component.i
swig -python -c++ -Wall -I/usr/include/gnucap -o _globals.cxx ../../gnucap/_globals.i
In file included from ../../gnucap/s__init.cc:26:
In file included from /usr/include/gnucap/u_status.h:27:
In file included from /usr/include/gnucap/mode.h:27:
In file included from /usr/include/gnucap/io_.h:28:
/usr/include/gnucap/l_lib.h:46:5: warning: ignoring return value of function declared with 'warn_unused_result' attribute [-Wunused-result]
    ::system(s.c_str());
    ^~~~~~~~ ~~~~~~~~~
/usr/include/gnucap/l_lib.h:50:5: warning: ignoring return value of function declared with 'warn_unused_result' attribute [-Wunused-result]
    ::chdir(s.c_str());
    ^~~~~~~ ~~~~~~~~~
../../gnucap/_component.i:115: Warning 473: Returning a pointer or reference in a director method is not recommended.
swig -python -c++ -Wall -I/usr/include/gnucap -o _md.cxx ../../gnucap/_md.i
swig -python -c++ -Wall -I/usr/include/gnucap -o _u_sim_data.cxx ../../gnucap/_u_sim_data.i
swig -python -c++ -Wall -I/usr/include/gnucap -o _m_cpoly.cxx ../../gnucap/_m_cpoly.i
2 warnings generated.
libtool: compile:  g++ -DHAVE_CONFIG_H -I. -I../../gnucap -I.. -I../../include -I/usr/include/python3.9 -Wdate-time -D_FORTIFY_SOURCE=2 -DNDEBUG -I/usr/include/gnucap -I/usr/lib/python3/dist-packages -DPYTHON_SO=\"/usr/lib/x86_64-linux-gnu/\" -Wdate-time -D_FORTIFY_SOURCE=2 -DNDEBUG -g -O2 -ffile-prefix-map=/<<PKGBUILDDIR>>=. -fstack-protector-strong -Wformat -Werror=format-security -c ../../gnucap/s__init.cc -o s__init.o >/dev/null 2>&1
swig -python -c++ -Wall -I/usr/include/gnucap -o _m_matrix.cxx ../../gnucap/_m_matrix.i
swig -python -c++ -Wall -I/usr/include/gnucap -o _m_wave.cxx ../../gnucap/_m_wave.i
swig -python -c++ -Wall -I/usr/include/gnucap -o _mode.cxx ../../gnucap/_mode.i
swig -python -c++ -Wall -I/usr/include/gnucap -o _c_exp.cxx ../../gnucap/_c_exp.i
swig -python -c++ -Wall -I/usr/include/gnucap -o _c_comand.cxx ../../gnucap/_c_comand.i
../../gnucap/_c_exp.i:48: Warning 321: 'eval' conflicts with a built-in name in python
swig -python -c++ -Wall -I/usr/include/gnucap -o _e_base.cxx ../../gnucap/_e_base.i
swig -python -c++ -Wall -I/usr/include/gnucap -o _e_cardlist.cxx ../../gnucap/_e_cardlist.i
swig -python -c++ -Wall -I/usr/include/gnucap -o _e_elemnt.cxx ../../gnucap/_e_elemnt.i
../../gnucap/_e_node.i:94: Warning 401: Nothing known about base class 'CKT_BASE'. Ignored.
swig -python -c++ -Wall -I/usr/include/gnucap -o _e_node.cxx ../../gnucap/_e_node.i
../../gnucap/_e_node.i:94: Warning 401: Nothing known about base class 'CKT_BASE'. Ignored.
swig -python -c++ -Wall -I/usr/include/gnucap -o _io_.cxx ../../gnucap/_io_.i
swig -python -c++ -Wall -I/usr/include/gnucap -o _u_nodemap.cxx ../../gnucap/_u_nodemap.i
swig -python -c++ -Wall -I/usr/include/gnucap -o _u_opt.cxx ../../gnucap/_u_opt.i
/usr/include/gnucap/io_.h:68: Warning 362: operator= ignored
../../gnucap/_io_.i:35: Warning 314: 'print' is a python keyword, renaming to '_print'
../../gnucap/_e_node.i:94: Warning 401: Nothing known about base class 'CKT_BASE'. Ignored.
swig -python -c++ -Wall -I/usr/include/gnucap -o _u_status.cxx ../../gnucap/_u_status.i
swig -python -c++ -Wall -I/usr/include/gnucap -o _u_xprobe.cxx ../../gnucap/_u_xprobe.i
swig -python -c++ -Wall -I/usr/include/gnucap -o _s__.cxx ../../gnucap/_s__.i
../../gnucap/_component.i:115: Warning 473: Returning a pointer or reference in a director method is not recommended.
../../gnucap/_u_opt.i:42: Warning 302: Identifier 'ENV' redefined (ignored),
/usr/include/gnucap/md.h:192: Warning 302: previous definition of 'ENV'.
for i in _ap.so _gnucap_swig.so _component.so _globals.so _md.so _u_sim_data.so _m_cpoly.so _m_matrix.so _m_wave.so _mode.so _c_exp.so _c_comand.so _e_base.so _e_cardlist.so _e_elemnt.so _e_node.so _io_.so _u_nodemap.so _u_opt.so _u_status.so _u_xprobe.so _s__.so; do \
	rm -f $i; \
	ln -s .libs/$i $i; \
done
/bin/bash ../libtool  --tag=CXX   --mode=link g++  -g -O2 -ffile-prefix-map=/<<PKGBUILDDIR>>=. -fstack-protector-strong -Wformat -Werror=format-security  -Wl,-z,relro -Wl,-z,now -rdynamic -L/usr/lib/ -o libgnucap-python.la -rpath /usr/lib/x86_64-linux-gnu/gnucap-python garbage.lo  -ldl 
/bin/bash ../libtool  --tag=CXX   --mode=compile g++ -DHAVE_CONFIG_H -I. -I../../gnucap -I..  -I../../include -I/usr/include/python3.9 -Wdate-time -D_FORTIFY_SOURCE=2 -DNDEBUG -I/usr/include/gnucap -I/usr/lib/python3/dist-packages -DPYTHON_SO=\"/usr/lib/x86_64-linux-gnu/\" -Wdate-time -D_FORTIFY_SOURCE=2 -DNDEBUG  -g -O2 -ffile-prefix-map=/<<PKGBUILDDIR>>=. -fstack-protector-strong -Wformat -Werror=format-security -c -o _ap.lo _ap.cxx
../../gnucap/_e_elemnt.i:61: Warning 473: Returning a pointer or reference in a director method is not recommended.
libtool: compile:  g++ -DHAVE_CONFIG_H -I. -I../../gnucap -I.. -I../../include -I/usr/include/python3.9 -Wdate-time -D_FORTIFY_SOURCE=2 -DNDEBUG -I/usr/include/gnucap -I/usr/lib/python3/dist-packages -DPYTHON_SO=\"/usr/lib/x86_64-linux-gnu/\" -Wdate-time -D_FORTIFY_SOURCE=2 -DNDEBUG -g -O2 -ffile-prefix-map=/<<PKGBUILDDIR>>=. -fstack-protector-strong -Wformat -Werror=format-security -c _ap.cxx  -fPIC -DPIC -o .libs/_ap.o
/bin/bash ../libtool  --tag=CXX   --mode=compile g++ -DHAVE_CONFIG_H -I. -I../../gnucap -I..  -I../../include -I/usr/include/python3.9 -Wdate-time -D_FORTIFY_SOURCE=2 -DNDEBUG -I/usr/include/gnucap -I/usr/lib/python3/dist-packages -DPYTHON_SO=\"/usr/lib/x86_64-linux-gnu/\" -Wdate-time -D_FORTIFY_SOURCE=2 -DNDEBUG  -g -O2 -ffile-prefix-map=/<<PKGBUILDDIR>>=. -fstack-protector-strong -Wformat -Werror=format-security -c -o _gnucap_swig.lo _gnucap_swig.cxx
libtool: link: g++  -fPIC -DPIC -shared -nostdlib /usr/bin/../lib/gcc/x86_64-linux-gnu/11/../../../x86_64-linux-gnu/crti.o /usr/bin/../lib/gcc/x86_64-linux-gnu/11/crtbeginS.o  .libs/garbage.o   -L/usr/lib/ -ldl -L/usr/bin/../lib/gcc/x86_64-linux-gnu/11 -L/usr/bin/../lib/gcc/x86_64-linux-gnu/11/../../../x86_64-linux-gnu -L/lib/x86_64-linux-gnu -L/lib/../lib64 -L/usr/lib/x86_64-linux-gnu -L/usr/bin/../lib/gcc/x86_64-linux-gnu/11/../../.. -L/usr/lib/llvm-12/bin/../lib -L/lib -L/usr/lib -lstdc++ -lm -lc -lgcc_s -lgcc /usr/bin/../lib/gcc/x86_64-linux-gnu/11/crtendS.o /usr/bin/../lib/gcc/x86_64-linux-gnu/11/../../../x86_64-linux-gnu/crtn.o  -g -O2 -fstack-protector-strong -Wl,-z -Wl,relro -Wl,-z -Wl,now   -Wl,-soname -Wl,libgnucap-python.so.0 -o .libs/libgnucap-python.so.0.0.0
libtool: compile:  g++ -DHAVE_CONFIG_H -I. -I../../gnucap -I.. -I../../include -I/usr/include/python3.9 -Wdate-time -D_FORTIFY_SOURCE=2 -DNDEBUG -I/usr/include/gnucap -I/usr/lib/python3/dist-packages -DPYTHON_SO=\"/usr/lib/x86_64-linux-gnu/\" -Wdate-time -D_FORTIFY_SOURCE=2 -DNDEBUG -g -O2 -ffile-prefix-map=/<<PKGBUILDDIR>>=. -fstack-protector-strong -Wformat -Werror=format-security -c _gnucap_swig.cxx  -fPIC -DPIC -o .libs/_gnucap_swig.o
libtool: link: (cd ".libs" && rm -f "libgnucap-python.so.0" && ln -s "libgnucap-python.so.0.0.0" "libgnucap-python.so.0")
libtool: link: (cd ".libs" && rm -f "libgnucap-python.so" && ln -s "libgnucap-python.so.0.0.0" "libgnucap-python.so")
libtool: link: ar cr .libs/libgnucap-python.a  garbage.o
libtool: link: ranlib .libs/libgnucap-python.a
libtool: link: ( cd ".libs" && rm -f "libgnucap-python.la" && ln -s "../libgnucap-python.la" "libgnucap-python.la" )
/bin/bash ../libtool  --tag=CXX   --mode=compile g++ -DHAVE_CONFIG_H -I. -I../../gnucap -I..  -I../../include -I/usr/include/python3.9 -Wdate-time -D_FORTIFY_SOURCE=2 -DNDEBUG -I/usr/include/gnucap -I/usr/lib/python3/dist-packages -DPYTHON_SO=\"/usr/lib/x86_64-linux-gnu/\" -Wdate-time -D_FORTIFY_SOURCE=2 -DNDEBUG  -g -O2 -ffile-prefix-map=/<<PKGBUILDDIR>>=. -fstack-protector-strong -Wformat -Werror=format-security -c -o _component.lo _component.cxx
libtool: compile:  g++ -DHAVE_CONFIG_H -I. -I../../gnucap -I.. -I../../include -I/usr/include/python3.9 -Wdate-time -D_FORTIFY_SOURCE=2 -DNDEBUG -I/usr/include/gnucap -I/usr/lib/python3/dist-packages -DPYTHON_SO=\"/usr/lib/x86_64-linux-gnu/\" -Wdate-time -D_FORTIFY_SOURCE=2 -DNDEBUG -g -O2 -ffile-prefix-map=/<<PKGBUILDDIR>>=. -fstack-protector-strong -Wformat -Werror=format-security -c _component.cxx  -fPIC -DPIC -o .libs/_component.o
../../gnucap/_m_wave.i:32: Warning 322: Redundant redeclaration of 'DPAIR',
/usr/include/gnucap/md.h:96: Warning 322: previous declaration of 'DPAIR'.
In file included from _gnucap_swig.cxx:3774:
In file included from ../../gnucap/wrap.h:18:
In file included from /usr/include/gnucap/l_dispatcher.h:29:
In file included from /usr/include/gnucap/u_opt.h:27:
In file included from /usr/include/gnucap/mode.h:27:
In file included from /usr/include/gnucap/io_.h:28:
/usr/include/gnucap/l_lib.h:46:5: warning: ignoring return value of function declared with 'warn_unused_result' attribute [-Wunused-result]
    ::system(s.c_str());
    ^~~~~~~~ ~~~~~~~~~
/usr/include/gnucap/l_lib.h:50:5: warning: ignoring return value of function declared with 'warn_unused_result' attribute [-Wunused-result]
    ::chdir(s.c_str());
    ^~~~~~~ ~~~~~~~~~
In file included from _component.cxx:3750:
In file included from ../../gnucap/m_wave_.h:4:
In file included from /usr/include/gnucap/m_wave.h:25:
In file included from /usr/include/gnucap/l_denoise.h:28:
In file included from /usr/include/gnucap/u_opt.h:27:
In file included from /usr/include/gnucap/mode.h:27:
In file included from /usr/include/gnucap/io_.h:28:
/usr/include/gnucap/l_lib.h:46:5: warning: ignoring return value of function declared with 'warn_unused_result' attribute [-Wunused-result]
    ::system(s.c_str());
    ^~~~~~~~ ~~~~~~~~~
/usr/include/gnucap/l_lib.h:50:5: warning: ignoring return value of function declared with 'warn_unused_result' attribute [-Wunused-result]
    ::chdir(s.c_str());
    ^~~~~~~ ~~~~~~~~~
_gnucap_swig.cxx:7489:14: warning: implicit conversion of NULL constant to 'int' [-Wnull-conversion]
      return NULL;
      ~~~~~~ ^~~~
             0
/bin/bash ../libtool  --tag=CXX   --mode=compile g++ -DHAVE_CONFIG_H -I. -I../../gnucap -I..  -I../../include -I/usr/include/python3.9 -Wdate-time -D_FORTIFY_SOURCE=2 -DNDEBUG -I/usr/include/gnucap -I/usr/lib/python3/dist-packages -DPYTHON_SO=\"/usr/lib/x86_64-linux-gnu/\" -Wdate-time -D_FORTIFY_SOURCE=2 -DNDEBUG  -g -O2 -ffile-prefix-map=/<<PKGBUILDDIR>>=. -fstack-protector-strong -Wformat -Werror=format-security -c -o _globals.lo _globals.cxx
libtool: compile:  g++ -DHAVE_CONFIG_H -I. -I../../gnucap -I.. -I../../include -I/usr/include/python3.9 -Wdate-time -D_FORTIFY_SOURCE=2 -DNDEBUG -I/usr/include/gnucap -I/usr/lib/python3/dist-packages -DPYTHON_SO=\"/usr/lib/x86_64-linux-gnu/\" -Wdate-time -D_FORTIFY_SOURCE=2 -DNDEBUG -g -O2 -ffile-prefix-map=/<<PKGBUILDDIR>>=. -fstack-protector-strong -Wformat -Werror=format-security -c _globals.cxx  -fPIC -DPIC -o .libs/_globals.o
libtool: compile:  g++ -DHAVE_CONFIG_H -I. -I../../gnucap -I.. -I../../include -I/usr/include/python3.9 -Wdate-time -D_FORTIFY_SOURCE=2 -DNDEBUG -I/usr/include/gnucap -I/usr/lib/python3/dist-packages -DPYTHON_SO=\"/usr/lib/x86_64-linux-gnu/\" -Wdate-time -D_FORTIFY_SOURCE=2 -DNDEBUG -g -O2 -ffile-prefix-map=/<<PKGBUILDDIR>>=. -fstack-protector-strong -Wformat -Werror=format-security -c _ap.cxx -o _ap.o >/dev/null 2>&1
In file included from _globals.cxx:3752:
In file included from ../../gnucap/m_wave_.h:4:
In file included from /usr/include/gnucap/m_wave.h:25:
In file included from /usr/include/gnucap/l_denoise.h:28:
In file included from /usr/include/gnucap/u_opt.h:27:
In file included from /usr/include/gnucap/mode.h:27:
In file included from /usr/include/gnucap/io_.h:28:
/usr/include/gnucap/l_lib.h:46:5: warning: ignoring return value of function declared with 'warn_unused_result' attribute [-Wunused-result]
    ::system(s.c_str());
    ^~~~~~~~ ~~~~~~~~~
/usr/include/gnucap/l_lib.h:50:5: warning: ignoring return value of function declared with 'warn_unused_result' attribute [-Wunused-result]
    ::chdir(s.c_str());
    ^~~~~~~ ~~~~~~~~~
/bin/bash ../libtool  --tag=CXX   --mode=compile g++ -DHAVE_CONFIG_H -I. -I../../gnucap -I..  -I../../include -I/usr/include/python3.9 -Wdate-time -D_FORTIFY_SOURCE=2 -DNDEBUG -I/usr/include/gnucap -I/usr/lib/python3/dist-packages -DPYTHON_SO=\"/usr/lib/x86_64-linux-gnu/\" -Wdate-time -D_FORTIFY_SOURCE=2 -DNDEBUG  -g -O2 -ffile-prefix-map=/<<PKGBUILDDIR>>=. -fstack-protector-strong -Wformat -Werror=format-security -c -o _md.lo _md.cxx
libtool: compile:  g++ -DHAVE_CONFIG_H -I. -I../../gnucap -I.. -I../../include -I/usr/include/python3.9 -Wdate-time -D_FORTIFY_SOURCE=2 -DNDEBUG -I/usr/include/gnucap -I/usr/lib/python3/dist-packages -DPYTHON_SO=\"/usr/lib/x86_64-linux-gnu/\" -Wdate-time -D_FORTIFY_SOURCE=2 -DNDEBUG -g -O2 -ffile-prefix-map=/<<PKGBUILDDIR>>=. -fstack-protector-strong -Wformat -Werror=format-security -c _md.cxx  -fPIC -DPIC -o .libs/_md.o
In file included from _md.cxx:3420:
In file included from ../../gnucap/wrap.h:18:
In file included from /usr/include/gnucap/l_dispatcher.h:29:
In file included from /usr/include/gnucap/u_opt.h:27:
In file included from /usr/include/gnucap/mode.h:27:
In file included from /usr/include/gnucap/io_.h:28:
/usr/include/gnucap/l_lib.h:46:5: warning: ignoring return value of function declared with 'warn_unused_result' attribute [-Wunused-result]
    ::system(s.c_str());
    ^~~~~~~~ ~~~~~~~~~
/usr/include/gnucap/l_lib.h:50:5: warning: ignoring return value of function declared with 'warn_unused_result' attribute [-Wunused-result]
    ::chdir(s.c_str());
    ^~~~~~~ ~~~~~~~~~
2 warnings generated.
libtool: compile:  g++ -DHAVE_CONFIG_H -I. -I../../gnucap -I.. -I../../include -I/usr/include/python3.9 -Wdate-time -D_FORTIFY_SOURCE=2 -DNDEBUG -I/usr/include/gnucap -I/usr/lib/python3/dist-packages -DPYTHON_SO=\"/usr/lib/x86_64-linux-gnu/\" -Wdate-time -D_FORTIFY_SOURCE=2 -DNDEBUG -g -O2 -ffile-prefix-map=/<<PKGBUILDDIR>>=. -fstack-protector-strong -Wformat -Werror=format-security -c _md.cxx -o _md.o >/dev/null 2>&1
/bin/bash ../libtool  --tag=CXX   --mode=compile g++ -DHAVE_CONFIG_H -I. -I../../gnucap -I..  -I../../include -I/usr/include/python3.9 -Wdate-time -D_FORTIFY_SOURCE=2 -DNDEBUG -I/usr/include/gnucap -I/usr/lib/python3/dist-packages -DPYTHON_SO=\"/usr/lib/x86_64-linux-gnu/\" -Wdate-time -D_FORTIFY_SOURCE=2 -DNDEBUG  -g -O2 -ffile-prefix-map=/<<PKGBUILDDIR>>=. -fstack-protector-strong -Wformat -Werror=format-security -c -o _u_sim_data.lo _u_sim_data.cxx
libtool: compile:  g++ -DHAVE_CONFIG_H -I. -I../../gnucap -I.. -I../../include -I/usr/include/python3.9 -Wdate-time -D_FORTIFY_SOURCE=2 -DNDEBUG -I/usr/include/gnucap -I/usr/lib/python3/dist-packages -DPYTHON_SO=\"/usr/lib/x86_64-linux-gnu/\" -Wdate-time -D_FORTIFY_SOURCE=2 -DNDEBUG -g -O2 -ffile-prefix-map=/<<PKGBUILDDIR>>=. -fstack-protector-strong -Wformat -Werror=format-security -c _u_sim_data.cxx  -fPIC -DPIC -o .libs/_u_sim_data.o
2 warnings generated.
libtool: compile:  g++ -DHAVE_CONFIG_H -I. -I../../gnucap -I.. -I../../include -I/usr/include/python3.9 -Wdate-time -D_FORTIFY_SOURCE=2 -DNDEBUG -I/usr/include/gnucap -I/usr/lib/python3/dist-packages -DPYTHON_SO=\"/usr/lib/x86_64-linux-gnu/\" -Wdate-time -D_FORTIFY_SOURCE=2 -DNDEBUG -g -O2 -ffile-prefix-map=/<<PKGBUILDDIR>>=. -fstack-protector-strong -Wformat -Werror=format-security -c _component.cxx -o _component.o >/dev/null 2>&1
2 warnings generated.
libtool: compile:  g++ -DHAVE_CONFIG_H -I. -I../../gnucap -I.. -I../../include -I/usr/include/python3.9 -Wdate-time -D_FORTIFY_SOURCE=2 -DNDEBUG -I/usr/include/gnucap -I/usr/lib/python3/dist-packages -DPYTHON_SO=\"/usr/lib/x86_64-linux-gnu/\" -Wdate-time -D_FORTIFY_SOURCE=2 -DNDEBUG -g -O2 -ffile-prefix-map=/<<PKGBUILDDIR>>=. -fstack-protector-strong -Wformat -Werror=format-security -c _globals.cxx -o _globals.o >/dev/null 2>&1
In file included from _u_sim_data.cxx:3223:
In file included from /usr/include/gnucap/u_sim_data.h:29:
In file included from /usr/include/gnucap/u_opt.h:27:
In file included from /usr/include/gnucap/mode.h:27:
In file included from /usr/include/gnucap/io_.h:28:
/usr/include/gnucap/l_lib.h:46:5: warning: ignoring return value of function declared with 'warn_unused_result' attribute [-Wunused-result]
    ::system(s.c_str());
    ^~~~~~~~ ~~~~~~~~~
/usr/include/gnucap/l_lib.h:50:5: warning: ignoring return value of function declared with 'warn_unused_result' attribute [-Wunused-result]
    ::chdir(s.c_str());
    ^~~~~~~ ~~~~~~~~~
3 warnings generated.
libtool: compile:  g++ -DHAVE_CONFIG_H -I. -I../../gnucap -I.. -I../../include -I/usr/include/python3.9 -Wdate-time -D_FORTIFY_SOURCE=2 -DNDEBUG -I/usr/include/gnucap -I/usr/lib/python3/dist-packages -DPYTHON_SO=\"/usr/lib/x86_64-linux-gnu/\" -Wdate-time -D_FORTIFY_SOURCE=2 -DNDEBUG -g -O2 -ffile-prefix-map=/<<PKGBUILDDIR>>=. -fstack-protector-strong -Wformat -Werror=format-security -c _gnucap_swig.cxx -o _gnucap_swig.o >/dev/null 2>&1
2 warnings generated.
libtool: compile:  g++ -DHAVE_CONFIG_H -I. -I../../gnucap -I.. -I../../include -I/usr/include/python3.9 -Wdate-time -D_FORTIFY_SOURCE=2 -DNDEBUG -I/usr/include/gnucap -I/usr/lib/python3/dist-packages -DPYTHON_SO=\"/usr/lib/x86_64-linux-gnu/\" -Wdate-time -D_FORTIFY_SOURCE=2 -DNDEBUG -g -O2 -ffile-prefix-map=/<<PKGBUILDDIR>>=. -fstack-protector-strong -Wformat -Werror=format-security -c _u_sim_data.cxx -o _u_sim_data.o >/dev/null 2>&1
/bin/bash ../libtool  --tag=CXX   --mode=compile g++ -DHAVE_CONFIG_H -I. -I../../gnucap -I..  -I../../include -I/usr/include/python3.9 -Wdate-time -D_FORTIFY_SOURCE=2 -DNDEBUG -I/usr/include/gnucap -I/usr/lib/python3/dist-packages -DPYTHON_SO=\"/usr/lib/x86_64-linux-gnu/\" -Wdate-time -D_FORTIFY_SOURCE=2 -DNDEBUG  -g -O2 -ffile-prefix-map=/<<PKGBUILDDIR>>=. -fstack-protector-strong -Wformat -Werror=format-security -c -o _m_cpoly.lo _m_cpoly.cxx
libtool: compile:  g++ -DHAVE_CONFIG_H -I. -I../../gnucap -I.. -I../../include -I/usr/include/python3.9 -Wdate-time -D_FORTIFY_SOURCE=2 -DNDEBUG -I/usr/include/gnucap -I/usr/lib/python3/dist-packages -DPYTHON_SO=\"/usr/lib/x86_64-linux-gnu/\" -Wdate-time -D_FORTIFY_SOURCE=2 -DNDEBUG -g -O2 -ffile-prefix-map=/<<PKGBUILDDIR>>=. -fstack-protector-strong -Wformat -Werror=format-security -c _m_cpoly.cxx  -fPIC -DPIC -o .libs/_m_cpoly.o
/bin/bash ../libtool  --tag=CXX   --mode=compile g++ -DHAVE_CONFIG_H -I. -I../../gnucap -I..  -I../../include -I/usr/include/python3.9 -Wdate-time -D_FORTIFY_SOURCE=2 -DNDEBUG -I/usr/include/gnucap -I/usr/lib/python3/dist-packages -DPYTHON_SO=\"/usr/lib/x86_64-linux-gnu/\" -Wdate-time -D_FORTIFY_SOURCE=2 -DNDEBUG  -g -O2 -ffile-prefix-map=/<<PKGBUILDDIR>>=. -fstack-protector-strong -Wformat -Werror=format-security -c -o _m_matrix.lo _m_matrix.cxx
libtool: compile:  g++ -DHAVE_CONFIG_H -I. -I../../gnucap -I.. -I../../include -I/usr/include/python3.9 -Wdate-time -D_FORTIFY_SOURCE=2 -DNDEBUG -I/usr/include/gnucap -I/usr/lib/python3/dist-packages -DPYTHON_SO=\"/usr/lib/x86_64-linux-gnu/\" -Wdate-time -D_FORTIFY_SOURCE=2 -DNDEBUG -g -O2 -ffile-prefix-map=/<<PKGBUILDDIR>>=. -fstack-protector-strong -Wformat -Werror=format-security -c _m_matrix.cxx  -fPIC -DPIC -o .libs/_m_matrix.o
In file included from _m_matrix.cxx:3811:
In file included from ../../gnucap/wrap.h:18:
In file included from /usr/include/gnucap/l_dispatcher.h:29:
In file included from /usr/include/gnucap/u_opt.h:27:
In file included from /usr/include/gnucap/mode.h:27:
In file included from /usr/include/gnucap/io_.h:28:
/usr/include/gnucap/l_lib.h:46:5: warning: ignoring return value of function declared with 'warn_unused_result' attribute [-Wunused-result]
    ::system(s.c_str());
    ^~~~~~~~ ~~~~~~~~~
/usr/include/gnucap/l_lib.h:50:5: warning: ignoring return value of function declared with 'warn_unused_result' attribute [-Wunused-result]
    ::chdir(s.c_str());
    ^~~~~~~ ~~~~~~~~~
/bin/bash ../libtool  --tag=CXX   --mode=compile g++ -DHAVE_CONFIG_H -I. -I../../gnucap -I..  -I../../include -I/usr/include/python3.9 -Wdate-time -D_FORTIFY_SOURCE=2 -DNDEBUG -I/usr/include/gnucap -I/usr/lib/python3/dist-packages -DPYTHON_SO=\"/usr/lib/x86_64-linux-gnu/\" -Wdate-time -D_FORTIFY_SOURCE=2 -DNDEBUG  -g -O2 -ffile-prefix-map=/<<PKGBUILDDIR>>=. -fstack-protector-strong -Wformat -Werror=format-security -c -o _m_wave.lo _m_wave.cxx
libtool: compile:  g++ -DHAVE_CONFIG_H -I. -I../../gnucap -I.. -I../../include -I/usr/include/python3.9 -Wdate-time -D_FORTIFY_SOURCE=2 -DNDEBUG -I/usr/include/gnucap -I/usr/lib/python3/dist-packages -DPYTHON_SO=\"/usr/lib/x86_64-linux-gnu/\" -Wdate-time -D_FORTIFY_SOURCE=2 -DNDEBUG -g -O2 -ffile-prefix-map=/<<PKGBUILDDIR>>=. -fstack-protector-strong -Wformat -Werror=format-security -c _m_wave.cxx  -fPIC -DPIC -o .libs/_m_wave.o
libtool: compile:  g++ -DHAVE_CONFIG_H -I. -I../../gnucap -I.. -I../../include -I/usr/include/python3.9 -Wdate-time -D_FORTIFY_SOURCE=2 -DNDEBUG -I/usr/include/gnucap -I/usr/lib/python3/dist-packages -DPYTHON_SO=\"/usr/lib/x86_64-linux-gnu/\" -Wdate-time -D_FORTIFY_SOURCE=2 -DNDEBUG -g -O2 -ffile-prefix-map=/<<PKGBUILDDIR>>=. -fstack-protector-strong -Wformat -Werror=format-security -c _m_cpoly.cxx -o _m_cpoly.o >/dev/null 2>&1
In file included from _m_wave.cxx:3224:
In file included from ../../gnucap/m_wave_.h:4:
In file included from /usr/include/gnucap/m_wave.h:25:
In file included from /usr/include/gnucap/l_denoise.h:28:
In file included from /usr/include/gnucap/u_opt.h:27:
In file included from /usr/include/gnucap/mode.h:27:
In file included from /usr/include/gnucap/io_.h:28:
/usr/include/gnucap/l_lib.h:46:5: warning: ignoring return value of function declared with 'warn_unused_result' attribute [-Wunused-result]
    ::system(s.c_str());
    ^~~~~~~~ ~~~~~~~~~
/usr/include/gnucap/l_lib.h:50:5: warning: ignoring return value of function declared with 'warn_unused_result' attribute [-Wunused-result]
    ::chdir(s.c_str());
    ^~~~~~~ ~~~~~~~~~
/bin/bash ../libtool  --tag=CXX   --mode=compile g++ -DHAVE_CONFIG_H -I. -I../../gnucap -I..  -I../../include -I/usr/include/python3.9 -Wdate-time -D_FORTIFY_SOURCE=2 -DNDEBUG -I/usr/include/gnucap -I/usr/lib/python3/dist-packages -DPYTHON_SO=\"/usr/lib/x86_64-linux-gnu/\" -Wdate-time -D_FORTIFY_SOURCE=2 -DNDEBUG  -g -O2 -ffile-prefix-map=/<<PKGBUILDDIR>>=. -fstack-protector-strong -Wformat -Werror=format-security -c -o _mode.lo _mode.cxx
libtool: compile:  g++ -DHAVE_CONFIG_H -I. -I../../gnucap -I.. -I../../include -I/usr/include/python3.9 -Wdate-time -D_FORTIFY_SOURCE=2 -DNDEBUG -I/usr/include/gnucap -I/usr/lib/python3/dist-packages -DPYTHON_SO=\"/usr/lib/x86_64-linux-gnu/\" -Wdate-time -D_FORTIFY_SOURCE=2 -DNDEBUG -g -O2 -ffile-prefix-map=/<<PKGBUILDDIR>>=. -fstack-protector-strong -Wformat -Werror=format-security -c _mode.cxx  -fPIC -DPIC -o .libs/_mode.o
2 warnings generated.
libtool: compile:  g++ -DHAVE_CONFIG_H -I. -I../../gnucap -I.. -I../../include -I/usr/include/python3.9 -Wdate-time -D_FORTIFY_SOURCE=2 -DNDEBUG -I/usr/include/gnucap -I/usr/lib/python3/dist-packages -DPYTHON_SO=\"/usr/lib/x86_64-linux-gnu/\" -Wdate-time -D_FORTIFY_SOURCE=2 -DNDEBUG -g -O2 -ffile-prefix-map=/<<PKGBUILDDIR>>=. -fstack-protector-strong -Wformat -Werror=format-security -c _m_matrix.cxx -o _m_matrix.o >/dev/null 2>&1
libtool: compile:  g++ -DHAVE_CONFIG_H -I. -I../../gnucap -I.. -I../../include -I/usr/include/python3.9 -Wdate-time -D_FORTIFY_SOURCE=2 -DNDEBUG -I/usr/include/gnucap -I/usr/lib/python3/dist-packages -DPYTHON_SO=\"/usr/lib/x86_64-linux-gnu/\" -Wdate-time -D_FORTIFY_SOURCE=2 -DNDEBUG -g -O2 -ffile-prefix-map=/<<PKGBUILDDIR>>=. -fstack-protector-strong -Wformat -Werror=format-security -c _mode.cxx -o _mode.o >/dev/null 2>&1
/bin/bash ../libtool  --tag=CXX   --mode=compile g++ -DHAVE_CONFIG_H -I. -I../../gnucap -I..  -I../../include -I/usr/include/python3.9 -Wdate-time -D_FORTIFY_SOURCE=2 -DNDEBUG -I/usr/include/gnucap -I/usr/lib/python3/dist-packages -DPYTHON_SO=\"/usr/lib/x86_64-linux-gnu/\" -Wdate-time -D_FORTIFY_SOURCE=2 -DNDEBUG  -g -O2 -ffile-prefix-map=/<<PKGBUILDDIR>>=. -fstack-protector-strong -Wformat -Werror=format-security -c -o _c_exp.lo _c_exp.cxx
libtool: compile:  g++ -DHAVE_CONFIG_H -I. -I../../gnucap -I.. -I../../include -I/usr/include/python3.9 -Wdate-time -D_FORTIFY_SOURCE=2 -DNDEBUG -I/usr/include/gnucap -I/usr/lib/python3/dist-packages -DPYTHON_SO=\"/usr/lib/x86_64-linux-gnu/\" -Wdate-time -D_FORTIFY_SOURCE=2 -DNDEBUG -g -O2 -ffile-prefix-map=/<<PKGBUILDDIR>>=. -fstack-protector-strong -Wformat -Werror=format-security -c _c_exp.cxx  -fPIC -DPIC -o .libs/_c_exp.o
In file included from _c_exp.cxx:3206:
In file included from /usr/include/gnucap/globals.h:24:
In file included from /usr/include/gnucap/l_dispatcher.h:29:
In file included from /usr/include/gnucap/u_opt.h:27:
In file included from /usr/include/gnucap/mode.h:27:
In file included from /usr/include/gnucap/io_.h:28:
/usr/include/gnucap/l_lib.h:46:5: warning: ignoring return value of function declared with 'warn_unused_result' attribute [-Wunused-result]
    ::system(s.c_str());
    ^~~~~~~~ ~~~~~~~~~
/usr/include/gnucap/l_lib.h:50:5: warning: ignoring return value of function declared with 'warn_unused_result' attribute [-Wunused-result]
    ::chdir(s.c_str());
    ^~~~~~~ ~~~~~~~~~
2 warnings generated.
libtool: compile:  g++ -DHAVE_CONFIG_H -I. -I../../gnucap -I.. -I../../include -I/usr/include/python3.9 -Wdate-time -D_FORTIFY_SOURCE=2 -DNDEBUG -I/usr/include/gnucap -I/usr/lib/python3/dist-packages -DPYTHON_SO=\"/usr/lib/x86_64-linux-gnu/\" -Wdate-time -D_FORTIFY_SOURCE=2 -DNDEBUG -g -O2 -ffile-prefix-map=/<<PKGBUILDDIR>>=. -fstack-protector-strong -Wformat -Werror=format-security -c _m_wave.cxx -o _m_wave.o >/dev/null 2>&1
2 warnings generated.
libtool: compile:  g++ -DHAVE_CONFIG_H -I. -I../../gnucap -I.. -I../../include -I/usr/include/python3.9 -Wdate-time -D_FORTIFY_SOURCE=2 -DNDEBUG -I/usr/include/gnucap -I/usr/lib/python3/dist-packages -DPYTHON_SO=\"/usr/lib/x86_64-linux-gnu/\" -Wdate-time -D_FORTIFY_SOURCE=2 -DNDEBUG -g -O2 -ffile-prefix-map=/<<PKGBUILDDIR>>=. -fstack-protector-strong -Wformat -Werror=format-security -c _c_exp.cxx -o _c_exp.o >/dev/null 2>&1
/bin/bash ../libtool  --tag=CXX   --mode=compile g++ -DHAVE_CONFIG_H -I. -I../../gnucap -I..  -I../../include -I/usr/include/python3.9 -Wdate-time -D_FORTIFY_SOURCE=2 -DNDEBUG -I/usr/include/gnucap -I/usr/lib/python3/dist-packages -DPYTHON_SO=\"/usr/lib/x86_64-linux-gnu/\" -Wdate-time -D_FORTIFY_SOURCE=2 -DNDEBUG  -g -O2 -ffile-prefix-map=/<<PKGBUILDDIR>>=. -fstack-protector-strong -Wformat -Werror=format-security -c -o _c_comand.lo _c_comand.cxx
libtool: compile:  g++ -DHAVE_CONFIG_H -I. -I../../gnucap -I.. -I../../include -I/usr/include/python3.9 -Wdate-time -D_FORTIFY_SOURCE=2 -DNDEBUG -I/usr/include/gnucap -I/usr/lib/python3/dist-packages -DPYTHON_SO=\"/usr/lib/x86_64-linux-gnu/\" -Wdate-time -D_FORTIFY_SOURCE=2 -DNDEBUG -g -O2 -ffile-prefix-map=/<<PKGBUILDDIR>>=. -fstack-protector-strong -Wformat -Werror=format-security -c _c_comand.cxx  -fPIC -DPIC -o .libs/_c_comand.o
/bin/bash ../libtool  --tag=CXX   --mode=compile g++ -DHAVE_CONFIG_H -I. -I../../gnucap -I..  -I../../include -I/usr/include/python3.9 -Wdate-time -D_FORTIFY_SOURCE=2 -DNDEBUG -I/usr/include/gnucap -I/usr/lib/python3/dist-packages -DPYTHON_SO=\"/usr/lib/x86_64-linux-gnu/\" -Wdate-time -D_FORTIFY_SOURCE=2 -DNDEBUG  -g -O2 -ffile-prefix-map=/<<PKGBUILDDIR>>=. -fstack-protector-strong -Wformat -Werror=format-security -c -o _e_base.lo _e_base.cxx
libtool: compile:  g++ -DHAVE_CONFIG_H -I. -I../../gnucap -I.. -I../../include -I/usr/include/python3.9 -Wdate-time -D_FORTIFY_SOURCE=2 -DNDEBUG -I/usr/include/gnucap -I/usr/lib/python3/dist-packages -DPYTHON_SO=\"/usr/lib/x86_64-linux-gnu/\" -Wdate-time -D_FORTIFY_SOURCE=2 -DNDEBUG -g -O2 -ffile-prefix-map=/<<PKGBUILDDIR>>=. -fstack-protector-strong -Wformat -Werror=format-security -c _e_base.cxx  -fPIC -DPIC -o .libs/_e_base.o
In file included from _c_comand.cxx:3228:
In file included from ../../gnucap/m_wave_.h:4:
In file included from /usr/include/gnucap/m_wave.h:25:
In file included from /usr/include/gnucap/l_denoise.h:28:
In file included from /usr/include/gnucap/u_opt.h:27:
In file included from /usr/include/gnucap/mode.h:27:
In file included from /usr/include/gnucap/io_.h:28:
/usr/include/gnucap/l_lib.h:46:5: warning: ignoring return value of function declared with 'warn_unused_result' attribute [-Wunused-result]
    ::system(s.c_str());
    ^~~~~~~~ ~~~~~~~~~
/usr/include/gnucap/l_lib.h:50:5: warning: ignoring return value of function declared with 'warn_unused_result' attribute [-Wunused-result]
    ::chdir(s.c_str());
    ^~~~~~~ ~~~~~~~~~
/bin/bash ../libtool  --tag=CXX   --mode=compile g++ -DHAVE_CONFIG_H -I. -I../../gnucap -I..  -I../../include -I/usr/include/python3.9 -Wdate-time -D_FORTIFY_SOURCE=2 -DNDEBUG -I/usr/include/gnucap -I/usr/lib/python3/dist-packages -DPYTHON_SO=\"/usr/lib/x86_64-linux-gnu/\" -Wdate-time -D_FORTIFY_SOURCE=2 -DNDEBUG  -g -O2 -ffile-prefix-map=/<<PKGBUILDDIR>>=. -fstack-protector-strong -Wformat -Werror=format-security -c -o _e_cardlist.lo _e_cardlist.cxx
In file included from _e_base.cxx:3225:
In file included from ../../gnucap/m_wave_.h:4:
In file included from /usr/include/gnucap/m_wave.h:25:
In file included from /usr/include/gnucap/l_denoise.h:28:
In file included from /usr/include/gnucap/u_opt.h:27:
In file included from /usr/include/gnucap/mode.h:27:
In file included from /usr/include/gnucap/io_.h:28:
/usr/include/gnucap/l_lib.h:46:5: warning: ignoring return value of function declared with 'warn_unused_result' attribute [-Wunused-result]
    ::system(s.c_str());
    ^~~~~~~~ ~~~~~~~~~
/usr/include/gnucap/l_lib.h:50:5: warning: ignoring return value of function declared with 'warn_unused_result' attribute [-Wunused-result]
    ::chdir(s.c_str());
    ^~~~~~~ ~~~~~~~~~
libtool: compile:  g++ -DHAVE_CONFIG_H -I. -I../../gnucap -I.. -I../../include -I/usr/include/python3.9 -Wdate-time -D_FORTIFY_SOURCE=2 -DNDEBUG -I/usr/include/gnucap -I/usr/lib/python3/dist-packages -DPYTHON_SO=\"/usr/lib/x86_64-linux-gnu/\" -Wdate-time -D_FORTIFY_SOURCE=2 -DNDEBUG -g -O2 -ffile-prefix-map=/<<PKGBUILDDIR>>=. -fstack-protector-strong -Wformat -Werror=format-security -c _e_cardlist.cxx  -fPIC -DPIC -o .libs/_e_cardlist.o
In file included from _e_cardlist.cxx:3223:
In file included from /usr/include/gnucap/e_elemnt.h:27:
In file included from /usr/include/gnucap/e_node.h:27:
In file included from /usr/include/gnucap/u_sim_data.h:29:
In file included from /usr/include/gnucap/u_opt.h:27:
In file included from /usr/include/gnucap/mode.h:27:
In file included from /usr/include/gnucap/io_.h:28:
/usr/include/gnucap/l_lib.h:46:5: warning: ignoring return value of function declared with 'warn_unused_result' attribute [-Wunused-result]
    ::system(s.c_str());
    ^~~~~~~~ ~~~~~~~~~
/usr/include/gnucap/l_lib.h:50:5: warning: ignoring return value of function declared with 'warn_unused_result' attribute [-Wunused-result]
    ::chdir(s.c_str());
    ^~~~~~~ ~~~~~~~~~
2 warnings generated.
libtool: compile:  g++ -DHAVE_CONFIG_H -I. -I../../gnucap -I.. -I../../include -I/usr/include/python3.9 -Wdate-time -D_FORTIFY_SOURCE=2 -DNDEBUG -I/usr/include/gnucap -I/usr/lib/python3/dist-packages -DPYTHON_SO=\"/usr/lib/x86_64-linux-gnu/\" -Wdate-time -D_FORTIFY_SOURCE=2 -DNDEBUG -g -O2 -ffile-prefix-map=/<<PKGBUILDDIR>>=. -fstack-protector-strong -Wformat -Werror=format-security -c _e_cardlist.cxx -o _e_cardlist.o >/dev/null 2>&1
/bin/bash ../libtool  --tag=CXX   --mode=compile g++ -DHAVE_CONFIG_H -I. -I../../gnucap -I..  -I../../include -I/usr/include/python3.9 -Wdate-time -D_FORTIFY_SOURCE=2 -DNDEBUG -I/usr/include/gnucap -I/usr/lib/python3/dist-packages -DPYTHON_SO=\"/usr/lib/x86_64-linux-gnu/\" -Wdate-time -D_FORTIFY_SOURCE=2 -DNDEBUG  -g -O2 -ffile-prefix-map=/<<PKGBUILDDIR>>=. -fstack-protector-strong -Wformat -Werror=format-security -c -o _e_elemnt.lo _e_elemnt.cxx
libtool: compile:  g++ -DHAVE_CONFIG_H -I. -I../../gnucap -I.. -I../../include -I/usr/include/python3.9 -Wdate-time -D_FORTIFY_SOURCE=2 -DNDEBUG -I/usr/include/gnucap -I/usr/lib/python3/dist-packages -DPYTHON_SO=\"/usr/lib/x86_64-linux-gnu/\" -Wdate-time -D_FORTIFY_SOURCE=2 -DNDEBUG -g -O2 -ffile-prefix-map=/<<PKGBUILDDIR>>=. -fstack-protector-strong -Wformat -Werror=format-security -c _e_elemnt.cxx  -fPIC -DPIC -o .libs/_e_elemnt.o
In file included from _e_elemnt.cxx:3762:
In file included from ../../gnucap/m_wave_.h:4:
In file included from /usr/include/gnucap/m_wave.h:25:
In file included from /usr/include/gnucap/l_denoise.h:28:
In file included from /usr/include/gnucap/u_opt.h:27:
In file included from /usr/include/gnucap/mode.h:27:
In file included from /usr/include/gnucap/io_.h:28:
/usr/include/gnucap/l_lib.h:46:5: warning: ignoring return value of function declared with 'warn_unused_result' attribute [-Wunused-result]
    ::system(s.c_str());
    ^~~~~~~~ ~~~~~~~~~
/usr/include/gnucap/l_lib.h:50:5: warning: ignoring return value of function declared with 'warn_unused_result' attribute [-Wunused-result]
    ::chdir(s.c_str());
    ^~~~~~~ ~~~~~~~~~
2 warnings generated.
libtool: compile:  g++ -DHAVE_CONFIG_H -I. -I../../gnucap -I.. -I../../include -I/usr/include/python3.9 -Wdate-time -D_FORTIFY_SOURCE=2 -DNDEBUG -I/usr/include/gnucap -I/usr/lib/python3/dist-packages -DPYTHON_SO=\"/usr/lib/x86_64-linux-gnu/\" -Wdate-time -D_FORTIFY_SOURCE=2 -DNDEBUG -g -O2 -ffile-prefix-map=/<<PKGBUILDDIR>>=. -fstack-protector-strong -Wformat -Werror=format-security -c _c_comand.cxx -o _c_comand.o >/dev/null 2>&1
2 warnings generated.
libtool: compile:  g++ -DHAVE_CONFIG_H -I. -I../../gnucap -I.. -I../../include -I/usr/include/python3.9 -Wdate-time -D_FORTIFY_SOURCE=2 -DNDEBUG -I/usr/include/gnucap -I/usr/lib/python3/dist-packages -DPYTHON_SO=\"/usr/lib/x86_64-linux-gnu/\" -Wdate-time -D_FORTIFY_SOURCE=2 -DNDEBUG -g -O2 -ffile-prefix-map=/<<PKGBUILDDIR>>=. -fstack-protector-strong -Wformat -Werror=format-security -c _e_base.cxx -o _e_base.o >/dev/null 2>&1
/bin/bash ../libtool  --tag=CXX   --mode=compile g++ -DHAVE_CONFIG_H -I. -I../../gnucap -I..  -I../../include -I/usr/include/python3.9 -Wdate-time -D_FORTIFY_SOURCE=2 -DNDEBUG -I/usr/include/gnucap -I/usr/lib/python3/dist-packages -DPYTHON_SO=\"/usr/lib/x86_64-linux-gnu/\" -Wdate-time -D_FORTIFY_SOURCE=2 -DNDEBUG  -g -O2 -ffile-prefix-map=/<<PKGBUILDDIR>>=. -fstack-protector-strong -Wformat -Werror=format-security -c -o _e_node.lo _e_node.cxx
libtool: compile:  g++ -DHAVE_CONFIG_H -I. -I../../gnucap -I.. -I../../include -I/usr/include/python3.9 -Wdate-time -D_FORTIFY_SOURCE=2 -DNDEBUG -I/usr/include/gnucap -I/usr/lib/python3/dist-packages -DPYTHON_SO=\"/usr/lib/x86_64-linux-gnu/\" -Wdate-time -D_FORTIFY_SOURCE=2 -DNDEBUG -g -O2 -ffile-prefix-map=/<<PKGBUILDDIR>>=. -fstack-protector-strong -Wformat -Werror=format-security -c _e_node.cxx  -fPIC -DPIC -o .libs/_e_node.o
In file included from _e_node.cxx:3212:
In file included from /usr/include/gnucap/e_node.h:27:
In file included from /usr/include/gnucap/u_sim_data.h:29:
In file included from /usr/include/gnucap/u_opt.h:27:
In file included from /usr/include/gnucap/mode.h:27:
In file included from /usr/include/gnucap/io_.h:28:
/usr/include/gnucap/l_lib.h:46:5: warning: ignoring return value of function declared with 'warn_unused_result' attribute [-Wunused-result]
    ::system(s.c_str());
    ^~~~~~~~ ~~~~~~~~~
/usr/include/gnucap/l_lib.h:50:5: warning: ignoring return value of function declared with 'warn_unused_result' attribute [-Wunused-result]
    ::chdir(s.c_str());
    ^~~~~~~ ~~~~~~~~~
2 warnings generated.
libtool: compile:  g++ -DHAVE_CONFIG_H -I. -I../../gnucap -I.. -I../../include -I/usr/include/python3.9 -Wdate-time -D_FORTIFY_SOURCE=2 -DNDEBUG -I/usr/include/gnucap -I/usr/lib/python3/dist-packages -DPYTHON_SO=\"/usr/lib/x86_64-linux-gnu/\" -Wdate-time -D_FORTIFY_SOURCE=2 -DNDEBUG -g -O2 -ffile-prefix-map=/<<PKGBUILDDIR>>=. -fstack-protector-strong -Wformat -Werror=format-security -c _e_node.cxx -o _e_node.o >/dev/null 2>&1
/bin/bash ../libtool  --tag=CXX   --mode=compile g++ -DHAVE_CONFIG_H -I. -I../../gnucap -I..  -I../../include -I/usr/include/python3.9 -Wdate-time -D_FORTIFY_SOURCE=2 -DNDEBUG -I/usr/include/gnucap -I/usr/lib/python3/dist-packages -DPYTHON_SO=\"/usr/lib/x86_64-linux-gnu/\" -Wdate-time -D_FORTIFY_SOURCE=2 -DNDEBUG  -g -O2 -ffile-prefix-map=/<<PKGBUILDDIR>>=. -fstack-protector-strong -Wformat -Werror=format-security -c -o _io_.lo _io_.cxx
libtool: compile:  g++ -DHAVE_CONFIG_H -I. -I../../gnucap -I.. -I../../include -I/usr/include/python3.9 -Wdate-time -D_FORTIFY_SOURCE=2 -DNDEBUG -I/usr/include/gnucap -I/usr/lib/python3/dist-packages -DPYTHON_SO=\"/usr/lib/x86_64-linux-gnu/\" -Wdate-time -D_FORTIFY_SOURCE=2 -DNDEBUG -g -O2 -ffile-prefix-map=/<<PKGBUILDDIR>>=. -fstack-protector-strong -Wformat -Werror=format-security -c _io_.cxx  -fPIC -DPIC -o .libs/_io_.o
In file included from _io_.cxx:3211:
In file included from /usr/include/gnucap/io_.h:28:
/usr/include/gnucap/l_lib.h:46:5: warning: ignoring return value of function declared with 'warn_unused_result' attribute [-Wunused-result]
    ::system(s.c_str());
    ^~~~~~~~ ~~~~~~~~~
/usr/include/gnucap/l_lib.h:50:5: warning: ignoring return value of function declared with 'warn_unused_result' attribute [-Wunused-result]
    ::chdir(s.c_str());
    ^~~~~~~ ~~~~~~~~~
/bin/bash ../libtool  --tag=CXX   --mode=compile g++ -DHAVE_CONFIG_H -I. -I../../gnucap -I..  -I../../include -I/usr/include/python3.9 -Wdate-time -D_FORTIFY_SOURCE=2 -DNDEBUG -I/usr/include/gnucap -I/usr/lib/python3/dist-packages -DPYTHON_SO=\"/usr/lib/x86_64-linux-gnu/\" -Wdate-time -D_FORTIFY_SOURCE=2 -DNDEBUG  -g -O2 -ffile-prefix-map=/<<PKGBUILDDIR>>=. -fstack-protector-strong -Wformat -Werror=format-security -c -o _u_nodemap.lo _u_nodemap.cxx
/bin/bash ../libtool  --tag=CXX   --mode=compile g++ -DHAVE_CONFIG_H -I. -I../../gnucap -I..  -I../../include -I/usr/include/python3.9 -Wdate-time -D_FORTIFY_SOURCE=2 -DNDEBUG -I/usr/include/gnucap -I/usr/lib/python3/dist-packages -DPYTHON_SO=\"/usr/lib/x86_64-linux-gnu/\" -Wdate-time -D_FORTIFY_SOURCE=2 -DNDEBUG  -g -O2 -ffile-prefix-map=/<<PKGBUILDDIR>>=. -fstack-protector-strong -Wformat -Werror=format-security -c -o _u_opt.lo _u_opt.cxx
libtool: compile:  g++ -DHAVE_CONFIG_H -I. -I../../gnucap -I.. -I../../include -I/usr/include/python3.9 -Wdate-time -D_FORTIFY_SOURCE=2 -DNDEBUG -I/usr/include/gnucap -I/usr/lib/python3/dist-packages -DPYTHON_SO=\"/usr/lib/x86_64-linux-gnu/\" -Wdate-time -D_FORTIFY_SOURCE=2 -DNDEBUG -g -O2 -ffile-prefix-map=/<<PKGBUILDDIR>>=. -fstack-protector-strong -Wformat -Werror=format-security -c _u_nodemap.cxx  -fPIC -DPIC -o .libs/_u_nodemap.o
libtool: compile:  g++ -DHAVE_CONFIG_H -I. -I../../gnucap -I.. -I../../include -I/usr/include/python3.9 -Wdate-time -D_FORTIFY_SOURCE=2 -DNDEBUG -I/usr/include/gnucap -I/usr/lib/python3/dist-packages -DPYTHON_SO=\"/usr/lib/x86_64-linux-gnu/\" -Wdate-time -D_FORTIFY_SOURCE=2 -DNDEBUG -g -O2 -ffile-prefix-map=/<<PKGBUILDDIR>>=. -fstack-protector-strong -Wformat -Werror=format-security -c _u_opt.cxx  -fPIC -DPIC -o .libs/_u_opt.o
In file included from _u_nodemap.cxx:3213:
In file included from /usr/include/gnucap/e_node.h:27:
In file included from /usr/include/gnucap/u_sim_data.h:29:
In file included from /usr/include/gnucap/u_opt.h:27:
In file included from /usr/include/gnucap/mode.h:27:
In file included from /usr/include/gnucap/io_.h:28:
/usr/include/gnucap/l_lib.h:46:5: warning: ignoring return value of function declared with 'warn_unused_result' attribute [-Wunused-result]
    ::system(s.c_str());
    ^~~~~~~~ ~~~~~~~~~
/usr/include/gnucap/l_lib.h:50:5: warning: ignoring return value of function declared with 'warn_unused_result' attribute [-Wunused-result]
    ::chdir(s.c_str());
    ^~~~~~~ ~~~~~~~~~
In file included from _u_opt.cxx:3808:
In file included from ../../gnucap/wrap.h:18:
In file included from /usr/include/gnucap/l_dispatcher.h:29:
In file included from /usr/include/gnucap/u_opt.h:27:
In file included from /usr/include/gnucap/mode.h:27:
In file included from /usr/include/gnucap/io_.h:28:
/usr/include/gnucap/l_lib.h:46:5: warning: ignoring return value of function declared with 'warn_unused_result' attribute [-Wunused-result]
    ::system(s.c_str());
    ^~~~~~~~ ~~~~~~~~~
/usr/include/gnucap/l_lib.h:50:5: warning: ignoring return value of function declared with 'warn_unused_result' attribute [-Wunused-result]
    ::chdir(s.c_str());
    ^~~~~~~ ~~~~~~~~~
2 warnings generated.
libtool: compile:  g++ -DHAVE_CONFIG_H -I. -I../../gnucap -I.. -I../../include -I/usr/include/python3.9 -Wdate-time -D_FORTIFY_SOURCE=2 -DNDEBUG -I/usr/include/gnucap -I/usr/lib/python3/dist-packages -DPYTHON_SO=\"/usr/lib/x86_64-linux-gnu/\" -Wdate-time -D_FORTIFY_SOURCE=2 -DNDEBUG -g -O2 -ffile-prefix-map=/<<PKGBUILDDIR>>=. -fstack-protector-strong -Wformat -Werror=format-security -c _io_.cxx -o _io_.o >/dev/null 2>&1
2 warnings generated.
libtool: compile:  g++ -DHAVE_CONFIG_H -I. -I../../gnucap -I.. -I../../include -I/usr/include/python3.9 -Wdate-time -D_FORTIFY_SOURCE=2 -DNDEBUG -I/usr/include/gnucap -I/usr/lib/python3/dist-packages -DPYTHON_SO=\"/usr/lib/x86_64-linux-gnu/\" -Wdate-time -D_FORTIFY_SOURCE=2 -DNDEBUG -g -O2 -ffile-prefix-map=/<<PKGBUILDDIR>>=. -fstack-protector-strong -Wformat -Werror=format-security -c _u_nodemap.cxx -o _u_nodemap.o >/dev/null 2>&1
2 warnings generated.
libtool: compile:  g++ -DHAVE_CONFIG_H -I. -I../../gnucap -I.. -I../../include -I/usr/include/python3.9 -Wdate-time -D_FORTIFY_SOURCE=2 -DNDEBUG -I/usr/include/gnucap -I/usr/lib/python3/dist-packages -DPYTHON_SO=\"/usr/lib/x86_64-linux-gnu/\" -Wdate-time -D_FORTIFY_SOURCE=2 -DNDEBUG -g -O2 -ffile-prefix-map=/<<PKGBUILDDIR>>=. -fstack-protector-strong -Wformat -Werror=format-security -c _u_opt.cxx -o _u_opt.o >/dev/null 2>&1
/bin/bash ../libtool  --tag=CXX   --mode=compile g++ -DHAVE_CONFIG_H -I. -I../../gnucap -I..  -I../../include -I/usr/include/python3.9 -Wdate-time -D_FORTIFY_SOURCE=2 -DNDEBUG -I/usr/include/gnucap -I/usr/lib/python3/dist-packages -DPYTHON_SO=\"/usr/lib/x86_64-linux-gnu/\" -Wdate-time -D_FORTIFY_SOURCE=2 -DNDEBUG  -g -O2 -ffile-prefix-map=/<<PKGBUILDDIR>>=. -fstack-protector-strong -Wformat -Werror=format-security -c -o _u_status.lo _u_status.cxx
libtool: compile:  g++ -DHAVE_CONFIG_H -I. -I../../gnucap -I.. -I../../include -I/usr/include/python3.9 -Wdate-time -D_FORTIFY_SOURCE=2 -DNDEBUG -I/usr/include/gnucap -I/usr/lib/python3/dist-packages -DPYTHON_SO=\"/usr/lib/x86_64-linux-gnu/\" -Wdate-time -D_FORTIFY_SOURCE=2 -DNDEBUG -g -O2 -ffile-prefix-map=/<<PKGBUILDDIR>>=. -fstack-protector-strong -Wformat -Werror=format-security -c _u_status.cxx  -fPIC -DPIC -o .libs/_u_status.o
/bin/bash ../libtool  --tag=CXX   --mode=compile g++ -DHAVE_CONFIG_H -I. -I../../gnucap -I..  -I../../include -I/usr/include/python3.9 -Wdate-time -D_FORTIFY_SOURCE=2 -DNDEBUG -I/usr/include/gnucap -I/usr/lib/python3/dist-packages -DPYTHON_SO=\"/usr/lib/x86_64-linux-gnu/\" -Wdate-time -D_FORTIFY_SOURCE=2 -DNDEBUG  -g -O2 -ffile-prefix-map=/<<PKGBUILDDIR>>=. -fstack-protector-strong -Wformat -Werror=format-security -c -o _u_xprobe.lo _u_xprobe.cxx
libtool: compile:  g++ -DHAVE_CONFIG_H -I. -I../../gnucap -I.. -I../../include -I/usr/include/python3.9 -Wdate-time -D_FORTIFY_SOURCE=2 -DNDEBUG -I/usr/include/gnucap -I/usr/lib/python3/dist-packages -DPYTHON_SO=\"/usr/lib/x86_64-linux-gnu/\" -Wdate-time -D_FORTIFY_SOURCE=2 -DNDEBUG -g -O2 -ffile-prefix-map=/<<PKGBUILDDIR>>=. -fstack-protector-strong -Wformat -Werror=format-security -c _u_xprobe.cxx  -fPIC -DPIC -o .libs/_u_xprobe.o
In file included from _u_status.cxx:3204:
In file included from /usr/include/gnucap/u_status.h:27:
In file included from /usr/include/gnucap/mode.h:27:
In file included from /usr/include/gnucap/io_.h:28:
/usr/include/gnucap/l_lib.h:46:5: warning: ignoring return value of function declared with 'warn_unused_result' attribute [-Wunused-result]
    ::system(s.c_str());
    ^~~~~~~~ ~~~~~~~~~
/usr/include/gnucap/l_lib.h:50:5: warning: ignoring return value of function declared with 'warn_unused_result' attribute [-Wunused-result]
    ::chdir(s.c_str());
    ^~~~~~~ ~~~~~~~~~
/bin/bash ../libtool  --tag=CXX   --mode=compile g++ -DHAVE_CONFIG_H -I. -I../../gnucap -I..  -I../../include -I/usr/include/python3.9 -Wdate-time -D_FORTIFY_SOURCE=2 -DNDEBUG -I/usr/include/gnucap -I/usr/lib/python3/dist-packages -DPYTHON_SO=\"/usr/lib/x86_64-linux-gnu/\" -Wdate-time -D_FORTIFY_SOURCE=2 -DNDEBUG  -g -O2 -ffile-prefix-map=/<<PKGBUILDDIR>>=. -fstack-protector-strong -Wformat -Werror=format-security -c -o _s__.lo _s__.cxx
libtool: compile:  g++ -DHAVE_CONFIG_H -I. -I../../gnucap -I.. -I../../include -I/usr/include/python3.9 -Wdate-time -D_FORTIFY_SOURCE=2 -DNDEBUG -I/usr/include/gnucap -I/usr/lib/python3/dist-packages -DPYTHON_SO=\"/usr/lib/x86_64-linux-gnu/\" -Wdate-time -D_FORTIFY_SOURCE=2 -DNDEBUG -g -O2 -ffile-prefix-map=/<<PKGBUILDDIR>>=. -fstack-protector-strong -Wformat -Werror=format-security -c _s__.cxx  -fPIC -DPIC -o .libs/_s__.o
2 warnings generated.
libtool: compile:  g++ -DHAVE_CONFIG_H -I. -I../../gnucap -I.. -I../../include -I/usr/include/python3.9 -Wdate-time -D_FORTIFY_SOURCE=2 -DNDEBUG -I/usr/include/gnucap -I/usr/lib/python3/dist-packages -DPYTHON_SO=\"/usr/lib/x86_64-linux-gnu/\" -Wdate-time -D_FORTIFY_SOURCE=2 -DNDEBUG -g -O2 -ffile-prefix-map=/<<PKGBUILDDIR>>=. -fstack-protector-strong -Wformat -Werror=format-security -c _u_status.cxx -o _u_status.o >/dev/null 2>&1
2 warnings generated.
libtool: compile:  g++ -DHAVE_CONFIG_H -I. -I../../gnucap -I.. -I../../include -I/usr/include/python3.9 -Wdate-time -D_FORTIFY_SOURCE=2 -DNDEBUG -I/usr/include/gnucap -I/usr/lib/python3/dist-packages -DPYTHON_SO=\"/usr/lib/x86_64-linux-gnu/\" -Wdate-time -D_FORTIFY_SOURCE=2 -DNDEBUG -g -O2 -ffile-prefix-map=/<<PKGBUILDDIR>>=. -fstack-protector-strong -Wformat -Werror=format-security -c _e_elemnt.cxx -o _e_elemnt.o >/dev/null 2>&1
In file included from _s__.cxx:3245:
In file included from /usr/include/gnucap/s__.h:27:
In file included from /usr/include/gnucap/u_opt.h:27:
In file included from /usr/include/gnucap/mode.h:27:
In file included from /usr/include/gnucap/io_.h:28:
/usr/include/gnucap/l_lib.h:46:5: warning: ignoring return value of function declared with 'warn_unused_result' attribute [-Wunused-result]
    ::system(s.c_str());
    ^~~~~~~~ ~~~~~~~~~
/usr/include/gnucap/l_lib.h:50:5: warning: ignoring return value of function declared with 'warn_unused_result' attribute [-Wunused-result]
    ::chdir(s.c_str());
    ^~~~~~~ ~~~~~~~~~
libtool: compile:  g++ -DHAVE_CONFIG_H -I. -I../../gnucap -I.. -I../../include -I/usr/include/python3.9 -Wdate-time -D_FORTIFY_SOURCE=2 -DNDEBUG -I/usr/include/gnucap -I/usr/lib/python3/dist-packages -DPYTHON_SO=\"/usr/lib/x86_64-linux-gnu/\" -Wdate-time -D_FORTIFY_SOURCE=2 -DNDEBUG -g -O2 -ffile-prefix-map=/<<PKGBUILDDIR>>=. -fstack-protector-strong -Wformat -Werror=format-security -c _u_xprobe.cxx -o _u_xprobe.o >/dev/null 2>&1
/bin/bash ../libtool  --tag=CXX   --mode=link g++  -g -O2 -ffile-prefix-map=/<<PKGBUILDDIR>>=. -fstack-protector-strong -Wformat -Werror=format-security -module -avoid-version -Wl,-z,relro -Wl,-z,now -rdynamic -L/usr/lib/ -o _ap.la -rpath /usr/lib/python3.9/site-packages/gnucap _ap.lo  -ldl 
libtool: link: g++  -fPIC -DPIC -shared -nostdlib /usr/bin/../lib/gcc/x86_64-linux-gnu/11/../../../x86_64-linux-gnu/crti.o /usr/bin/../lib/gcc/x86_64-linux-gnu/11/crtbeginS.o  .libs/_ap.o   -L/usr/lib/ -ldl -L/usr/bin/../lib/gcc/x86_64-linux-gnu/11 -L/usr/bin/../lib/gcc/x86_64-linux-gnu/11/../../../x86_64-linux-gnu -L/lib/x86_64-linux-gnu -L/lib/../lib64 -L/usr/lib/x86_64-linux-gnu -L/usr/bin/../lib/gcc/x86_64-linux-gnu/11/../../.. -L/usr/lib/llvm-12/bin/../lib -L/lib -L/usr/lib -lstdc++ -lm -lc -lgcc_s -lgcc /usr/bin/../lib/gcc/x86_64-linux-gnu/11/crtendS.o /usr/bin/../lib/gcc/x86_64-linux-gnu/11/../../../x86_64-linux-gnu/crtn.o  -g -O2 -fstack-protector-strong -Wl,-z -Wl,relro -Wl,-z -Wl,now   -Wl,-soname -Wl,_ap.so -o .libs/_ap.so
libtool: link: ar cr .libs/_ap.a  _ap.o
libtool: link: ranlib .libs/_ap.a
libtool: link: ( cd ".libs" && rm -f "_ap.la" && ln -s "../_ap.la" "_ap.la" )
/bin/bash ../libtool  --tag=CXX   --mode=link g++  -g -O2 -ffile-prefix-map=/<<PKGBUILDDIR>>=. -fstack-protector-strong -Wformat -Werror=format-security -module -avoid-version -Wl,-z,relro -Wl,-z,now -rdynamic -L/usr/lib/ -o _gnucap_swig.la -rpath /usr/lib/python3.9/site-packages/gnucap command.lo _gnucap_swig.lo c_genrat.lo s_tr.lo s_tr_set.lo s_tr_swp.lo s__solve.lo s__out.lo s__init.lo  -ldl 
libtool: link: g++  -fPIC -DPIC -shared -nostdlib /usr/bin/../lib/gcc/x86_64-linux-gnu/11/../../../x86_64-linux-gnu/crti.o /usr/bin/../lib/gcc/x86_64-linux-gnu/11/crtbeginS.o  .libs/command.o .libs/_gnucap_swig.o .libs/c_genrat.o .libs/s_tr.o .libs/s_tr_set.o .libs/s_tr_swp.o .libs/s__solve.o .libs/s__out.o .libs/s__init.o   -L/usr/lib/ -ldl -L/usr/bin/../lib/gcc/x86_64-linux-gnu/11 -L/usr/bin/../lib/gcc/x86_64-linux-gnu/11/../../../x86_64-linux-gnu -L/lib/x86_64-linux-gnu -L/lib/../lib64 -L/usr/lib/x86_64-linux-gnu -L/usr/bin/../lib/gcc/x86_64-linux-gnu/11/../../.. -L/usr/lib/llvm-12/bin/../lib -L/lib -L/usr/lib -lstdc++ -lm -lc -lgcc_s -lgcc /usr/bin/../lib/gcc/x86_64-linux-gnu/11/crtendS.o /usr/bin/../lib/gcc/x86_64-linux-gnu/11/../../../x86_64-linux-gnu/crtn.o  -g -O2 -fstack-protector-strong -Wl,-z -Wl,relro -Wl,-z -Wl,now   -Wl,-soname -Wl,_gnucap_swig.so -o .libs/_gnucap_swig.so
/bin/bash ../libtool  --tag=CXX   --mode=link g++  -g -O2 -ffile-prefix-map=/<<PKGBUILDDIR>>=. -fstack-protector-strong -Wformat -Werror=format-security -module -avoid-version -Wl,-z,relro -Wl,-z,now -rdynamic -L/usr/lib/ -o _component.la -rpath /usr/lib/python3.9/site-packages/gnucap _component.lo  -ldl 
libtool: link: ar cr .libs/_gnucap_swig.a  command.o _gnucap_swig.o c_genrat.o s_tr.o s_tr_set.o s_tr_swp.o s__solve.o s__out.o s__init.o
libtool: link: ranlib .libs/_gnucap_swig.a
libtool: link: ( cd ".libs" && rm -f "_gnucap_swig.la" && ln -s "../_gnucap_swig.la" "_gnucap_swig.la" )
/bin/bash ../libtool  --tag=CXX   --mode=link g++  -g -O2 -ffile-prefix-map=/<<PKGBUILDDIR>>=. -fstack-protector-strong -Wformat -Werror=format-security -module -avoid-version -Wl,-z,relro -Wl,-z,now -rdynamic -L/usr/lib/ -o _globals.la -rpath /usr/lib/python3.9/site-packages/gnucap _globals.lo  libgnucap-python.la -ldl 
libtool: link: g++  -fPIC -DPIC -shared -nostdlib /usr/bin/../lib/gcc/x86_64-linux-gnu/11/../../../x86_64-linux-gnu/crti.o /usr/bin/../lib/gcc/x86_64-linux-gnu/11/crtbeginS.o  .libs/_component.o   -L/usr/lib/ -ldl -L/usr/bin/../lib/gcc/x86_64-linux-gnu/11 -L/usr/bin/../lib/gcc/x86_64-linux-gnu/11/../../../x86_64-linux-gnu -L/lib/x86_64-linux-gnu -L/lib/../lib64 -L/usr/lib/x86_64-linux-gnu -L/usr/bin/../lib/gcc/x86_64-linux-gnu/11/../../.. -L/usr/lib/llvm-12/bin/../lib -L/lib -L/usr/lib -lstdc++ -lm -lc -lgcc_s -lgcc /usr/bin/../lib/gcc/x86_64-linux-gnu/11/crtendS.o /usr/bin/../lib/gcc/x86_64-linux-gnu/11/../../../x86_64-linux-gnu/crtn.o  -g -O2 -fstack-protector-strong -Wl,-z -Wl,relro -Wl,-z -Wl,now   -Wl,-soname -Wl,_component.so -o .libs/_component.so
libtool: link: g++  -fPIC -DPIC -shared -nostdlib /usr/bin/../lib/gcc/x86_64-linux-gnu/11/../../../x86_64-linux-gnu/crti.o /usr/bin/../lib/gcc/x86_64-linux-gnu/11/crtbeginS.o  .libs/_globals.o   -Wl,-rpath -Wl,/<<PKGBUILDDIR>>/build3.9/gnucap/.libs -Wl,-rpath -Wl,/usr/lib/x86_64-linux-gnu/gnucap-python -L/usr/lib/ ./.libs/libgnucap-python.so -ldl -L/usr/bin/../lib/gcc/x86_64-linux-gnu/11 -L/usr/bin/../lib/gcc/x86_64-linux-gnu/11/../../../x86_64-linux-gnu -L/lib/x86_64-linux-gnu -L/lib/../lib64 -L/usr/lib/x86_64-linux-gnu -L/usr/bin/../lib/gcc/x86_64-linux-gnu/11/../../.. -L/usr/lib/llvm-12/bin/../lib -L/lib -L/usr/lib -lstdc++ -lm -lc -lgcc_s -lgcc /usr/bin/../lib/gcc/x86_64-linux-gnu/11/crtendS.o /usr/bin/../lib/gcc/x86_64-linux-gnu/11/../../../x86_64-linux-gnu/crtn.o  -g -O2 -fstack-protector-strong -Wl,-z -Wl,relro -Wl,-z -Wl,now   -Wl,-soname -Wl,_globals.so -o .libs/_globals.so
libtool: link: ar cr .libs/_component.a  _component.o
libtool: link: ranlib .libs/_component.a
libtool: link: ( cd ".libs" && rm -f "_component.la" && ln -s "../_component.la" "_component.la" )
/bin/bash ../libtool  --tag=CXX   --mode=link g++  -g -O2 -ffile-prefix-map=/<<PKGBUILDDIR>>=. -fstack-protector-strong -Wformat -Werror=format-security -module -avoid-version -Wl,-z,relro -Wl,-z,now -rdynamic -L/usr/lib/ -o _md.la -rpath /usr/lib/python3.9/site-packages/gnucap _md.lo  -ldl 
libtool: link: ar cr .libs/_globals.a  _globals.o
libtool: link: ranlib .libs/_globals.a
libtool: link: ( cd ".libs" && rm -f "_globals.la" && ln -s "../_globals.la" "_globals.la" )
/bin/bash ../libtool  --tag=CXX   --mode=link g++  -g -O2 -ffile-prefix-map=/<<PKGBUILDDIR>>=. -fstack-protector-strong -Wformat -Werror=format-security -module -avoid-version -Wl,-z,relro -Wl,-z,now -rdynamic -L/usr/lib/ -o _u_sim_data.la -rpath /usr/lib/python3.9/site-packages/gnucap _u_sim_data.lo  -ldl 
libtool: link: g++  -fPIC -DPIC -shared -nostdlib /usr/bin/../lib/gcc/x86_64-linux-gnu/11/../../../x86_64-linux-gnu/crti.o /usr/bin/../lib/gcc/x86_64-linux-gnu/11/crtbeginS.o  .libs/_md.o   -L/usr/lib/ -ldl -L/usr/bin/../lib/gcc/x86_64-linux-gnu/11 -L/usr/bin/../lib/gcc/x86_64-linux-gnu/11/../../../x86_64-linux-gnu -L/lib/x86_64-linux-gnu -L/lib/../lib64 -L/usr/lib/x86_64-linux-gnu -L/usr/bin/../lib/gcc/x86_64-linux-gnu/11/../../.. -L/usr/lib/llvm-12/bin/../lib -L/lib -L/usr/lib -lstdc++ -lm -lc -lgcc_s -lgcc /usr/bin/../lib/gcc/x86_64-linux-gnu/11/crtendS.o /usr/bin/../lib/gcc/x86_64-linux-gnu/11/../../../x86_64-linux-gnu/crtn.o  -g -O2 -fstack-protector-strong -Wl,-z -Wl,relro -Wl,-z -Wl,now   -Wl,-soname -Wl,_md.so -o .libs/_md.so
libtool: link: ar cr .libs/_md.a  _md.o
libtool: link: ranlib .libs/_md.a
libtool: link: g++  -fPIC -DPIC -shared -nostdlib /usr/bin/../lib/gcc/x86_64-linux-gnu/11/../../../x86_64-linux-gnu/crti.o /usr/bin/../lib/gcc/x86_64-linux-gnu/11/crtbeginS.o  .libs/_u_sim_data.o   -L/usr/lib/ -ldl -L/usr/bin/../lib/gcc/x86_64-linux-gnu/11 -L/usr/bin/../lib/gcc/x86_64-linux-gnu/11/../../../x86_64-linux-gnu -L/lib/x86_64-linux-gnu -L/lib/../lib64 -L/usr/lib/x86_64-linux-gnu -L/usr/bin/../lib/gcc/x86_64-linux-gnu/11/../../.. -L/usr/lib/llvm-12/bin/../lib -L/lib -L/usr/lib -lstdc++ -lm -lc -lgcc_s -lgcc /usr/bin/../lib/gcc/x86_64-linux-gnu/11/crtendS.o /usr/bin/../lib/gcc/x86_64-linux-gnu/11/../../../x86_64-linux-gnu/crtn.o  -g -O2 -fstack-protector-strong -Wl,-z -Wl,relro -Wl,-z -Wl,now   -Wl,-soname -Wl,_u_sim_data.so -o .libs/_u_sim_data.so
libtool: link: ( cd ".libs" && rm -f "_md.la" && ln -s "../_md.la" "_md.la" )
/bin/bash ../libtool  --tag=CXX   --mode=link g++  -g -O2 -ffile-prefix-map=/<<PKGBUILDDIR>>=. -fstack-protector-strong -Wformat -Werror=format-security -module -avoid-version -Wl,-z,relro -Wl,-z,now -rdynamic -L/usr/lib/ -o _m_cpoly.la -rpath /usr/lib/python3.9/site-packages/gnucap _m_cpoly.lo  -ldl 
libtool: link: ar cr .libs/_u_sim_data.a  _u_sim_data.o
libtool: link: ranlib .libs/_u_sim_data.a
libtool: link: ( cd ".libs" && rm -f "_u_sim_data.la" && ln -s "../_u_sim_data.la" "_u_sim_data.la" )
/bin/bash ../libtool  --tag=CXX   --mode=link g++  -g -O2 -ffile-prefix-map=/<<PKGBUILDDIR>>=. -fstack-protector-strong -Wformat -Werror=format-security -module -avoid-version -Wl,-z,relro -Wl,-z,now -rdynamic -L/usr/lib/ -o _m_matrix.la -rpath /usr/lib/python3.9/site-packages/gnucap _m_matrix.lo  -ldl 
libtool: link: g++  -fPIC -DPIC -shared -nostdlib /usr/bin/../lib/gcc/x86_64-linux-gnu/11/../../../x86_64-linux-gnu/crti.o /usr/bin/../lib/gcc/x86_64-linux-gnu/11/crtbeginS.o  .libs/_m_cpoly.o   -L/usr/lib/ -ldl -L/usr/bin/../lib/gcc/x86_64-linux-gnu/11 -L/usr/bin/../lib/gcc/x86_64-linux-gnu/11/../../../x86_64-linux-gnu -L/lib/x86_64-linux-gnu -L/lib/../lib64 -L/usr/lib/x86_64-linux-gnu -L/usr/bin/../lib/gcc/x86_64-linux-gnu/11/../../.. -L/usr/lib/llvm-12/bin/../lib -L/lib -L/usr/lib -lstdc++ -lm -lc -lgcc_s -lgcc /usr/bin/../lib/gcc/x86_64-linux-gnu/11/crtendS.o /usr/bin/../lib/gcc/x86_64-linux-gnu/11/../../../x86_64-linux-gnu/crtn.o  -g -O2 -fstack-protector-strong -Wl,-z -Wl,relro -Wl,-z -Wl,now   -Wl,-soname -Wl,_m_cpoly.so -o .libs/_m_cpoly.so
libtool: link: ar cr .libs/_m_cpoly.a  _m_cpoly.o
libtool: link: ranlib .libs/_m_cpoly.a
libtool: link: ( cd ".libs" && rm -f "_m_cpoly.la" && ln -s "../_m_cpoly.la" "_m_cpoly.la" )
libtool: link: g++  -fPIC -DPIC -shared -nostdlib /usr/bin/../lib/gcc/x86_64-linux-gnu/11/../../../x86_64-linux-gnu/crti.o /usr/bin/../lib/gcc/x86_64-linux-gnu/11/crtbeginS.o  .libs/_m_matrix.o   -L/usr/lib/ -ldl -L/usr/bin/../lib/gcc/x86_64-linux-gnu/11 -L/usr/bin/../lib/gcc/x86_64-linux-gnu/11/../../../x86_64-linux-gnu -L/lib/x86_64-linux-gnu -L/lib/../lib64 -L/usr/lib/x86_64-linux-gnu -L/usr/bin/../lib/gcc/x86_64-linux-gnu/11/../../.. -L/usr/lib/llvm-12/bin/../lib -L/lib -L/usr/lib -lstdc++ -lm -lc -lgcc_s -lgcc /usr/bin/../lib/gcc/x86_64-linux-gnu/11/crtendS.o /usr/bin/../lib/gcc/x86_64-linux-gnu/11/../../../x86_64-linux-gnu/crtn.o  -g -O2 -fstack-protector-strong -Wl,-z -Wl,relro -Wl,-z -Wl,now   -Wl,-soname -Wl,_m_matrix.so -o .libs/_m_matrix.so
/bin/bash ../libtool  --tag=CXX   --mode=link g++  -g -O2 -ffile-prefix-map=/<<PKGBUILDDIR>>=. -fstack-protector-strong -Wformat -Werror=format-security -module -avoid-version -Wl,-z,relro -Wl,-z,now -rdynamic -L/usr/lib/ -o _m_wave.la -rpath /usr/lib/python3.9/site-packages/gnucap _m_wave.lo  -ldl 
libtool: link: ar cr .libs/_m_matrix.a  _m_matrix.o
libtool: link: ranlib .libs/_m_matrix.a
libtool: link: ( cd ".libs" && rm -f "_m_matrix.la" && ln -s "../_m_matrix.la" "_m_matrix.la" )
/bin/bash ../libtool  --tag=CXX   --mode=link g++  -g -O2 -ffile-prefix-map=/<<PKGBUILDDIR>>=. -fstack-protector-strong -Wformat -Werror=format-security -module -avoid-version -Wl,-z,relro -Wl,-z,now -rdynamic -L/usr/lib/ -o _mode.la -rpath /usr/lib/python3.9/site-packages/gnucap _mode.lo  -ldl 
libtool: link: g++  -fPIC -DPIC -shared -nostdlib /usr/bin/../lib/gcc/x86_64-linux-gnu/11/../../../x86_64-linux-gnu/crti.o /usr/bin/../lib/gcc/x86_64-linux-gnu/11/crtbeginS.o  .libs/_m_wave.o   -L/usr/lib/ -ldl -L/usr/bin/../lib/gcc/x86_64-linux-gnu/11 -L/usr/bin/../lib/gcc/x86_64-linux-gnu/11/../../../x86_64-linux-gnu -L/lib/x86_64-linux-gnu -L/lib/../lib64 -L/usr/lib/x86_64-linux-gnu -L/usr/bin/../lib/gcc/x86_64-linux-gnu/11/../../.. -L/usr/lib/llvm-12/bin/../lib -L/lib -L/usr/lib -lstdc++ -lm -lc -lgcc_s -lgcc /usr/bin/../lib/gcc/x86_64-linux-gnu/11/crtendS.o /usr/bin/../lib/gcc/x86_64-linux-gnu/11/../../../x86_64-linux-gnu/crtn.o  -g -O2 -fstack-protector-strong -Wl,-z -Wl,relro -Wl,-z -Wl,now   -Wl,-soname -Wl,_m_wave.so -o .libs/_m_wave.so
libtool: link: g++  -fPIC -DPIC -shared -nostdlib /usr/bin/../lib/gcc/x86_64-linux-gnu/11/../../../x86_64-linux-gnu/crti.o /usr/bin/../lib/gcc/x86_64-linux-gnu/11/crtbeginS.o  .libs/_mode.o   -L/usr/lib/ -ldl -L/usr/bin/../lib/gcc/x86_64-linux-gnu/11 -L/usr/bin/../lib/gcc/x86_64-linux-gnu/11/../../../x86_64-linux-gnu -L/lib/x86_64-linux-gnu -L/lib/../lib64 -L/usr/lib/x86_64-linux-gnu -L/usr/bin/../lib/gcc/x86_64-linux-gnu/11/../../.. -L/usr/lib/llvm-12/bin/../lib -L/lib -L/usr/lib -lstdc++ -lm -lc -lgcc_s -lgcc /usr/bin/../lib/gcc/x86_64-linux-gnu/11/crtendS.o /usr/bin/../lib/gcc/x86_64-linux-gnu/11/../../../x86_64-linux-gnu/crtn.o  -g -O2 -fstack-protector-strong -Wl,-z -Wl,relro -Wl,-z -Wl,now   -Wl,-soname -Wl,_mode.so -o .libs/_mode.so
libtool: link: ar cr .libs/_m_wave.a  _m_wave.o
libtool: link: ranlib .libs/_m_wave.a
libtool: link: ( cd ".libs" && rm -f "_m_wave.la" && ln -s "../_m_wave.la" "_m_wave.la" )
/bin/bash ../libtool  --tag=CXX   --mode=link g++  -g -O2 -ffile-prefix-map=/<<PKGBUILDDIR>>=. -fstack-protector-strong -Wformat -Werror=format-security -module -avoid-version -Wl,-z,relro -Wl,-z,now -rdynamic -L/usr/lib/ -o _c_exp.la -rpath /usr/lib/python3.9/site-packages/gnucap _c_exp.lo  -ldl 
libtool: link: ar cr .libs/_mode.a  _mode.o
libtool: link: ranlib .libs/_mode.a
libtool: link: ( cd ".libs" && rm -f "_mode.la" && ln -s "../_mode.la" "_mode.la" )
/bin/bash ../libtool  --tag=CXX   --mode=link g++  -g -O2 -ffile-prefix-map=/<<PKGBUILDDIR>>=. -fstack-protector-strong -Wformat -Werror=format-security -module -avoid-version -Wl,-z,relro -Wl,-z,now -rdynamic -L/usr/lib/ -o _c_comand.la -rpath /usr/lib/python3.9/site-packages/gnucap _c_comand.lo  -ldl 
libtool: link: g++  -fPIC -DPIC -shared -nostdlib /usr/bin/../lib/gcc/x86_64-linux-gnu/11/../../../x86_64-linux-gnu/crti.o /usr/bin/../lib/gcc/x86_64-linux-gnu/11/crtbeginS.o  .libs/_c_exp.o   -L/usr/lib/ -ldl -L/usr/bin/../lib/gcc/x86_64-linux-gnu/11 -L/usr/bin/../lib/gcc/x86_64-linux-gnu/11/../../../x86_64-linux-gnu -L/lib/x86_64-linux-gnu -L/lib/../lib64 -L/usr/lib/x86_64-linux-gnu -L/usr/bin/../lib/gcc/x86_64-linux-gnu/11/../../.. -L/usr/lib/llvm-12/bin/../lib -L/lib -L/usr/lib -lstdc++ -lm -lc -lgcc_s -lgcc /usr/bin/../lib/gcc/x86_64-linux-gnu/11/crtendS.o /usr/bin/../lib/gcc/x86_64-linux-gnu/11/../../../x86_64-linux-gnu/crtn.o  -g -O2 -fstack-protector-strong -Wl,-z -Wl,relro -Wl,-z -Wl,now   -Wl,-soname -Wl,_c_exp.so -o .libs/_c_exp.so
libtool: link: g++  -fPIC -DPIC -shared -nostdlib /usr/bin/../lib/gcc/x86_64-linux-gnu/11/../../../x86_64-linux-gnu/crti.o /usr/bin/../lib/gcc/x86_64-linux-gnu/11/crtbeginS.o  .libs/_c_comand.o   -L/usr/lib/ -ldl -L/usr/bin/../lib/gcc/x86_64-linux-gnu/11 -L/usr/bin/../lib/gcc/x86_64-linux-gnu/11/../../../x86_64-linux-gnu -L/lib/x86_64-linux-gnu -L/lib/../lib64 -L/usr/lib/x86_64-linux-gnu -L/usr/bin/../lib/gcc/x86_64-linux-gnu/11/../../.. -L/usr/lib/llvm-12/bin/../lib -L/lib -L/usr/lib -lstdc++ -lm -lc -lgcc_s -lgcc /usr/bin/../lib/gcc/x86_64-linux-gnu/11/crtendS.o /usr/bin/../lib/gcc/x86_64-linux-gnu/11/../../../x86_64-linux-gnu/crtn.o  -g -O2 -fstack-protector-strong -Wl,-z -Wl,relro -Wl,-z -Wl,now   -Wl,-soname -Wl,_c_comand.so -o .libs/_c_comand.so
libtool: link: ar cr .libs/_c_exp.a  _c_exp.o
libtool: link: ranlib .libs/_c_exp.a
libtool: link: ( cd ".libs" && rm -f "_c_exp.la" && ln -s "../_c_exp.la" "_c_exp.la" )
/bin/bash ../libtool  --tag=CXX   --mode=link g++  -g -O2 -ffile-prefix-map=/<<PKGBUILDDIR>>=. -fstack-protector-strong -Wformat -Werror=format-security -module -avoid-version -Wl,-z,relro -Wl,-z,now -rdynamic -L/usr/lib/ -o _e_base.la -rpath /usr/lib/python3.9/site-packages/gnucap _e_base.lo  -ldl 
libtool: link: ar cr .libs/_c_comand.a  _c_comand.o
libtool: link: ranlib .libs/_c_comand.a
libtool: link: ( cd ".libs" && rm -f "_c_comand.la" && ln -s "../_c_comand.la" "_c_comand.la" )
/bin/bash ../libtool  --tag=CXX   --mode=link g++  -g -O2 -ffile-prefix-map=/<<PKGBUILDDIR>>=. -fstack-protector-strong -Wformat -Werror=format-security -module -avoid-version -Wl,-z,relro -Wl,-z,now -rdynamic -L/usr/lib/ -o _e_cardlist.la -rpath /usr/lib/python3.9/site-packages/gnucap _e_cardlist.lo  -ldl 
libtool: link: g++  -fPIC -DPIC -shared -nostdlib /usr/bin/../lib/gcc/x86_64-linux-gnu/11/../../../x86_64-linux-gnu/crti.o /usr/bin/../lib/gcc/x86_64-linux-gnu/11/crtbeginS.o  .libs/_e_base.o   -L/usr/lib/ -ldl -L/usr/bin/../lib/gcc/x86_64-linux-gnu/11 -L/usr/bin/../lib/gcc/x86_64-linux-gnu/11/../../../x86_64-linux-gnu -L/lib/x86_64-linux-gnu -L/lib/../lib64 -L/usr/lib/x86_64-linux-gnu -L/usr/bin/../lib/gcc/x86_64-linux-gnu/11/../../.. -L/usr/lib/llvm-12/bin/../lib -L/lib -L/usr/lib -lstdc++ -lm -lc -lgcc_s -lgcc /usr/bin/../lib/gcc/x86_64-linux-gnu/11/crtendS.o /usr/bin/../lib/gcc/x86_64-linux-gnu/11/../../../x86_64-linux-gnu/crtn.o  -g -O2 -fstack-protector-strong -Wl,-z -Wl,relro -Wl,-z -Wl,now   -Wl,-soname -Wl,_e_base.so -o .libs/_e_base.so
libtool: link: g++  -fPIC -DPIC -shared -nostdlib /usr/bin/../lib/gcc/x86_64-linux-gnu/11/../../../x86_64-linux-gnu/crti.o /usr/bin/../lib/gcc/x86_64-linux-gnu/11/crtbeginS.o  .libs/_e_cardlist.o   -L/usr/lib/ -ldl -L/usr/bin/../lib/gcc/x86_64-linux-gnu/11 -L/usr/bin/../lib/gcc/x86_64-linux-gnu/11/../../../x86_64-linux-gnu -L/lib/x86_64-linux-gnu -L/lib/../lib64 -L/usr/lib/x86_64-linux-gnu -L/usr/bin/../lib/gcc/x86_64-linux-gnu/11/../../.. -L/usr/lib/llvm-12/bin/../lib -L/lib -L/usr/lib -lstdc++ -lm -lc -lgcc_s -lgcc /usr/bin/../lib/gcc/x86_64-linux-gnu/11/crtendS.o /usr/bin/../lib/gcc/x86_64-linux-gnu/11/../../../x86_64-linux-gnu/crtn.o  -g -O2 -fstack-protector-strong -Wl,-z -Wl,relro -Wl,-z -Wl,now   -Wl,-soname -Wl,_e_cardlist.so -o .libs/_e_cardlist.so
libtool: link: ar cr .libs/_e_base.a  _e_base.o
libtool: link: ranlib .libs/_e_base.a
libtool: link: ( cd ".libs" && rm -f "_e_base.la" && ln -s "../_e_base.la" "_e_base.la" )
/bin/bash ../libtool  --tag=CXX   --mode=link g++  -g -O2 -ffile-prefix-map=/<<PKGBUILDDIR>>=. -fstack-protector-strong -Wformat -Werror=format-security -module -avoid-version -Wl,-z,relro -Wl,-z,now -rdynamic -L/usr/lib/ -o _e_node.la -rpath /usr/lib/python3.9/site-packages/gnucap _e_node.lo  -ldl 
libtool: link: ar cr .libs/_e_cardlist.a  _e_cardlist.o
libtool: link: ranlib .libs/_e_cardlist.a
libtool: link: ( cd ".libs" && rm -f "_e_cardlist.la" && ln -s "../_e_cardlist.la" "_e_cardlist.la" )
/bin/bash ../libtool  --tag=CXX   --mode=link g++  -g -O2 -ffile-prefix-map=/<<PKGBUILDDIR>>=. -fstack-protector-strong -Wformat -Werror=format-security -module -avoid-version -Wl,-z,relro -Wl,-z,now -rdynamic -L/usr/lib/ -o _io_.la -rpath /usr/lib/python3.9/site-packages/gnucap _io_.lo  -ldl 
libtool: link: g++  -fPIC -DPIC -shared -nostdlib /usr/bin/../lib/gcc/x86_64-linux-gnu/11/../../../x86_64-linux-gnu/crti.o /usr/bin/../lib/gcc/x86_64-linux-gnu/11/crtbeginS.o  .libs/_e_node.o   -L/usr/lib/ -ldl -L/usr/bin/../lib/gcc/x86_64-linux-gnu/11 -L/usr/bin/../lib/gcc/x86_64-linux-gnu/11/../../../x86_64-linux-gnu -L/lib/x86_64-linux-gnu -L/lib/../lib64 -L/usr/lib/x86_64-linux-gnu -L/usr/bin/../lib/gcc/x86_64-linux-gnu/11/../../.. -L/usr/lib/llvm-12/bin/../lib -L/lib -L/usr/lib -lstdc++ -lm -lc -lgcc_s -lgcc /usr/bin/../lib/gcc/x86_64-linux-gnu/11/crtendS.o /usr/bin/../lib/gcc/x86_64-linux-gnu/11/../../../x86_64-linux-gnu/crtn.o  -g -O2 -fstack-protector-strong -Wl,-z -Wl,relro -Wl,-z -Wl,now   -Wl,-soname -Wl,_e_node.so -o .libs/_e_node.so
libtool: link: g++  -fPIC -DPIC -shared -nostdlib /usr/bin/../lib/gcc/x86_64-linux-gnu/11/../../../x86_64-linux-gnu/crti.o /usr/bin/../lib/gcc/x86_64-linux-gnu/11/crtbeginS.o  .libs/_io_.o   -L/usr/lib/ -ldl -L/usr/bin/../lib/gcc/x86_64-linux-gnu/11 -L/usr/bin/../lib/gcc/x86_64-linux-gnu/11/../../../x86_64-linux-gnu -L/lib/x86_64-linux-gnu -L/lib/../lib64 -L/usr/lib/x86_64-linux-gnu -L/usr/bin/../lib/gcc/x86_64-linux-gnu/11/../../.. -L/usr/lib/llvm-12/bin/../lib -L/lib -L/usr/lib -lstdc++ -lm -lc -lgcc_s -lgcc /usr/bin/../lib/gcc/x86_64-linux-gnu/11/crtendS.o /usr/bin/../lib/gcc/x86_64-linux-gnu/11/../../../x86_64-linux-gnu/crtn.o  -g -O2 -fstack-protector-strong -Wl,-z -Wl,relro -Wl,-z -Wl,now   -Wl,-soname -Wl,_io_.so -o .libs/_io_.so
libtool: link: ar cr .libs/_e_node.a  _e_node.o
libtool: link: ranlib .libs/_e_node.a
libtool: link: ( cd ".libs" && rm -f "_e_node.la" && ln -s "../_e_node.la" "_e_node.la" )
/bin/bash ../libtool  --tag=CXX   --mode=link g++  -g -O2 -ffile-prefix-map=/<<PKGBUILDDIR>>=. -fstack-protector-strong -Wformat -Werror=format-security -module -avoid-version -Wl,-z,relro -Wl,-z,now -rdynamic -L/usr/lib/ -o _u_nodemap.la -rpath /usr/lib/python3.9/site-packages/gnucap _u_nodemap.lo  -ldl 
libtool: link: ar cr .libs/_io_.a  _io_.o
libtool: link: ranlib .libs/_io_.a
libtool: link: ( cd ".libs" && rm -f "_io_.la" && ln -s "../_io_.la" "_io_.la" )
/bin/bash ../libtool  --tag=CXX   --mode=link g++  -g -O2 -ffile-prefix-map=/<<PKGBUILDDIR>>=. -fstack-protector-strong -Wformat -Werror=format-security -module -avoid-version -Wl,-z,relro -Wl,-z,now -rdynamic -L/usr/lib/ -o _u_opt.la -rpath /usr/lib/python3.9/site-packages/gnucap _u_opt.lo  -ldl 
libtool: link: g++  -fPIC -DPIC -shared -nostdlib /usr/bin/../lib/gcc/x86_64-linux-gnu/11/../../../x86_64-linux-gnu/crti.o /usr/bin/../lib/gcc/x86_64-linux-gnu/11/crtbeginS.o  .libs/_u_nodemap.o   -L/usr/lib/ -ldl -L/usr/bin/../lib/gcc/x86_64-linux-gnu/11 -L/usr/bin/../lib/gcc/x86_64-linux-gnu/11/../../../x86_64-linux-gnu -L/lib/x86_64-linux-gnu -L/lib/../lib64 -L/usr/lib/x86_64-linux-gnu -L/usr/bin/../lib/gcc/x86_64-linux-gnu/11/../../.. -L/usr/lib/llvm-12/bin/../lib -L/lib -L/usr/lib -lstdc++ -lm -lc -lgcc_s -lgcc /usr/bin/../lib/gcc/x86_64-linux-gnu/11/crtendS.o /usr/bin/../lib/gcc/x86_64-linux-gnu/11/../../../x86_64-linux-gnu/crtn.o  -g -O2 -fstack-protector-strong -Wl,-z -Wl,relro -Wl,-z -Wl,now   -Wl,-soname -Wl,_u_nodemap.so -o .libs/_u_nodemap.so
libtool: link: g++  -fPIC -DPIC -shared -nostdlib /usr/bin/../lib/gcc/x86_64-linux-gnu/11/../../../x86_64-linux-gnu/crti.o /usr/bin/../lib/gcc/x86_64-linux-gnu/11/crtbeginS.o  .libs/_u_opt.o   -L/usr/lib/ -ldl -L/usr/bin/../lib/gcc/x86_64-linux-gnu/11 -L/usr/bin/../lib/gcc/x86_64-linux-gnu/11/../../../x86_64-linux-gnu -L/lib/x86_64-linux-gnu -L/lib/../lib64 -L/usr/lib/x86_64-linux-gnu -L/usr/bin/../lib/gcc/x86_64-linux-gnu/11/../../.. -L/usr/lib/llvm-12/bin/../lib -L/lib -L/usr/lib -lstdc++ -lm -lc -lgcc_s -lgcc /usr/bin/../lib/gcc/x86_64-linux-gnu/11/crtendS.o /usr/bin/../lib/gcc/x86_64-linux-gnu/11/../../../x86_64-linux-gnu/crtn.o  -g -O2 -fstack-protector-strong -Wl,-z -Wl,relro -Wl,-z -Wl,now   -Wl,-soname -Wl,_u_opt.so -o .libs/_u_opt.so
libtool: link: ar cr .libs/_u_nodemap.a  _u_nodemap.o
libtool: link: ranlib .libs/_u_nodemap.a
libtool: link: ( cd ".libs" && rm -f "_u_nodemap.la" && ln -s "../_u_nodemap.la" "_u_nodemap.la" )
/bin/bash ../libtool  --tag=CXX   --mode=link g++  -g -O2 -ffile-prefix-map=/<<PKGBUILDDIR>>=. -fstack-protector-strong -Wformat -Werror=format-security -module -avoid-version -Wl,-z,relro -Wl,-z,now -rdynamic -L/usr/lib/ -o _u_status.la -rpath /usr/lib/python3.9/site-packages/gnucap _u_status.lo  -ldl 
libtool: link: ar cr .libs/_u_opt.a  _u_opt.o
libtool: link: ranlib .libs/_u_opt.a
libtool: link: ( cd ".libs" && rm -f "_u_opt.la" && ln -s "../_u_opt.la" "_u_opt.la" )
/bin/bash ../libtool  --tag=CXX   --mode=link g++  -g -O2 -ffile-prefix-map=/<<PKGBUILDDIR>>=. -fstack-protector-strong -Wformat -Werror=format-security -module -avoid-version -Wl,-z,relro -Wl,-z,now -rdynamic -L/usr/lib/ -o _u_xprobe.la -rpath /usr/lib/python3.9/site-packages/gnucap _u_xprobe.lo  -ldl 
libtool: link: g++  -fPIC -DPIC -shared -nostdlib /usr/bin/../lib/gcc/x86_64-linux-gnu/11/../../../x86_64-linux-gnu/crti.o /usr/bin/../lib/gcc/x86_64-linux-gnu/11/crtbeginS.o  .libs/_u_status.o   -L/usr/lib/ -ldl -L/usr/bin/../lib/gcc/x86_64-linux-gnu/11 -L/usr/bin/../lib/gcc/x86_64-linux-gnu/11/../../../x86_64-linux-gnu -L/lib/x86_64-linux-gnu -L/lib/../lib64 -L/usr/lib/x86_64-linux-gnu -L/usr/bin/../lib/gcc/x86_64-linux-gnu/11/../../.. -L/usr/lib/llvm-12/bin/../lib -L/lib -L/usr/lib -lstdc++ -lm -lc -lgcc_s -lgcc /usr/bin/../lib/gcc/x86_64-linux-gnu/11/crtendS.o /usr/bin/../lib/gcc/x86_64-linux-gnu/11/../../../x86_64-linux-gnu/crtn.o  -g -O2 -fstack-protector-strong -Wl,-z -Wl,relro -Wl,-z -Wl,now   -Wl,-soname -Wl,_u_status.so -o .libs/_u_status.so
libtool: link: g++  -fPIC -DPIC -shared -nostdlib /usr/bin/../lib/gcc/x86_64-linux-gnu/11/../../../x86_64-linux-gnu/crti.o /usr/bin/../lib/gcc/x86_64-linux-gnu/11/crtbeginS.o  .libs/_u_xprobe.o   -L/usr/lib/ -ldl -L/usr/bin/../lib/gcc/x86_64-linux-gnu/11 -L/usr/bin/../lib/gcc/x86_64-linux-gnu/11/../../../x86_64-linux-gnu -L/lib/x86_64-linux-gnu -L/lib/../lib64 -L/usr/lib/x86_64-linux-gnu -L/usr/bin/../lib/gcc/x86_64-linux-gnu/11/../../.. -L/usr/lib/llvm-12/bin/../lib -L/lib -L/usr/lib -lstdc++ -lm -lc -lgcc_s -lgcc /usr/bin/../lib/gcc/x86_64-linux-gnu/11/crtendS.o /usr/bin/../lib/gcc/x86_64-linux-gnu/11/../../../x86_64-linux-gnu/crtn.o  -g -O2 -fstack-protector-strong -Wl,-z -Wl,relro -Wl,-z -Wl,now   -Wl,-soname -Wl,_u_xprobe.so -o .libs/_u_xprobe.so
libtool: link: ar cr .libs/_u_status.a  _u_status.o
libtool: link: ranlib .libs/_u_status.a
libtool: link: ( cd ".libs" && rm -f "_u_status.la" && ln -s "../_u_status.la" "_u_status.la" )
libtool: link: ar cr .libs/_u_xprobe.a  _u_xprobe.o
libtool: link: ranlib .libs/_u_xprobe.a
libtool: link: ( cd ".libs" && rm -f "_u_xprobe.la" && ln -s "../_u_xprobe.la" "_u_xprobe.la" )
2 warnings generated.
libtool: compile:  g++ -DHAVE_CONFIG_H -I. -I../../gnucap -I.. -I../../include -I/usr/include/python3.9 -Wdate-time -D_FORTIFY_SOURCE=2 -DNDEBUG -I/usr/include/gnucap -I/usr/lib/python3/dist-packages -DPYTHON_SO=\"/usr/lib/x86_64-linux-gnu/\" -Wdate-time -D_FORTIFY_SOURCE=2 -DNDEBUG -g -O2 -ffile-prefix-map=/<<PKGBUILDDIR>>=. -fstack-protector-strong -Wformat -Werror=format-security -c _s__.cxx -o _s__.o >/dev/null 2>&1
/bin/bash ../libtool  --tag=CXX   --mode=link g++  -g -O2 -ffile-prefix-map=/<<PKGBUILDDIR>>=. -fstack-protector-strong -Wformat -Werror=format-security -module -avoid-version -Wl,-z,relro -Wl,-z,now -rdynamic -L/usr/lib/ -o _e_elemnt.la -rpath /usr/lib/python3.9/site-packages/gnucap _e_elemnt.lo  -ldl 
libtool: link: g++  -fPIC -DPIC -shared -nostdlib /usr/bin/../lib/gcc/x86_64-linux-gnu/11/../../../x86_64-linux-gnu/crti.o /usr/bin/../lib/gcc/x86_64-linux-gnu/11/crtbeginS.o  .libs/_e_elemnt.o   -L/usr/lib/ -ldl -L/usr/bin/../lib/gcc/x86_64-linux-gnu/11 -L/usr/bin/../lib/gcc/x86_64-linux-gnu/11/../../../x86_64-linux-gnu -L/lib/x86_64-linux-gnu -L/lib/../lib64 -L/usr/lib/x86_64-linux-gnu -L/usr/bin/../lib/gcc/x86_64-linux-gnu/11/../../.. -L/usr/lib/llvm-12/bin/../lib -L/lib -L/usr/lib -lstdc++ -lm -lc -lgcc_s -lgcc /usr/bin/../lib/gcc/x86_64-linux-gnu/11/crtendS.o /usr/bin/../lib/gcc/x86_64-linux-gnu/11/../../../x86_64-linux-gnu/crtn.o  -g -O2 -fstack-protector-strong -Wl,-z -Wl,relro -Wl,-z -Wl,now   -Wl,-soname -Wl,_e_elemnt.so -o .libs/_e_elemnt.so
libtool: link: ar cr .libs/_e_elemnt.a  _e_elemnt.o
libtool: link: ranlib .libs/_e_elemnt.a
libtool: link: ( cd ".libs" && rm -f "_e_elemnt.la" && ln -s "../_e_elemnt.la" "_e_elemnt.la" )
/bin/bash ../libtool  --tag=CXX   --mode=link g++  -g -O2 -ffile-prefix-map=/<<PKGBUILDDIR>>=. -fstack-protector-strong -Wformat -Werror=format-security -module -avoid-version -Wl,-z,relro -Wl,-z,now -rdynamic -L/usr/lib/ -o _s__.la -rpath /usr/lib/python3.9/site-packages/gnucap _s__.lo  -ldl 
libtool: link: g++  -fPIC -DPIC -shared -nostdlib /usr/bin/../lib/gcc/x86_64-linux-gnu/11/../../../x86_64-linux-gnu/crti.o /usr/bin/../lib/gcc/x86_64-linux-gnu/11/crtbeginS.o  .libs/_s__.o   -L/usr/lib/ -ldl -L/usr/bin/../lib/gcc/x86_64-linux-gnu/11 -L/usr/bin/../lib/gcc/x86_64-linux-gnu/11/../../../x86_64-linux-gnu -L/lib/x86_64-linux-gnu -L/lib/../lib64 -L/usr/lib/x86_64-linux-gnu -L/usr/bin/../lib/gcc/x86_64-linux-gnu/11/../../.. -L/usr/lib/llvm-12/bin/../lib -L/lib -L/usr/lib -lstdc++ -lm -lc -lgcc_s -lgcc /usr/bin/../lib/gcc/x86_64-linux-gnu/11/crtendS.o /usr/bin/../lib/gcc/x86_64-linux-gnu/11/../../../x86_64-linux-gnu/crtn.o  -g -O2 -fstack-protector-strong -Wl,-z -Wl,relro -Wl,-z -Wl,now   -Wl,-soname -Wl,_s__.so -o .libs/_s__.so
libtool: link: ar cr .libs/_s__.a  _s__.o
libtool: link: ranlib .libs/_s__.a
libtool: link: ( cd ".libs" && rm -f "_s__.la" && ln -s "../_s__.la" "_s__.la" )
rm _c_exp.cxx _u_status.cxx _u_nodemap.cxx _ap.cxx _m_cpoly.cxx _m_wave.cxx _mode.cxx _u_opt.cxx _u_xprobe.cxx _md.cxx _m_matrix.cxx _io_.cxx
make[6]: Leaving directory '/<<PKGBUILDDIR>>/build3.9/gnucap'
make[5]: Leaving directory '/<<PKGBUILDDIR>>/build3.9/gnucap'
Making all in misc
make[5]: Entering directory '/<<PKGBUILDDIR>>/build3.9/misc'
/bin/bash ../libtool  --tag=CXX   --mode=compile g++ -DHAVE_CONFIG_H -I. -I../../misc -I..   -I/usr/include/gnucap -Wdate-time -D_FORTIFY_SOURCE=2 -DNDEBUG  -g -O2 -ffile-prefix-map=/<<PKGBUILDDIR>>=. -fstack-protector-strong -Wformat -Werror=format-security -c -o d_brl_la-d_brl.lo `test -f 'd_brl.cc' || echo '../../misc/'`d_brl.cc
libtool: compile:  g++ -DHAVE_CONFIG_H -I. -I../../misc -I.. -I/usr/include/gnucap -Wdate-time -D_FORTIFY_SOURCE=2 -DNDEBUG -g -O2 -ffile-prefix-map=/<<PKGBUILDDIR>>=. -fstack-protector-strong -Wformat -Werror=format-security -c ../../misc/d_brl.cc  -fPIC -DPIC -o .libs/d_brl_la-d_brl.o
In file included from ../../misc/d_brl.cc:25:
In file included from ../../misc/d_coil.cc:29:
In file included from /usr/include/gnucap/globals.h:24:
In file included from /usr/include/gnucap/l_dispatcher.h:29:
In file included from /usr/include/gnucap/u_opt.h:27:
In file included from /usr/include/gnucap/mode.h:27:
In file included from /usr/include/gnucap/io_.h:28:
/usr/include/gnucap/l_lib.h:46:5: warning: ignoring return value of function declared with 'warn_unused_result' attribute [-Wunused-result]
    ::system(s.c_str());
    ^~~~~~~~ ~~~~~~~~~
/usr/include/gnucap/l_lib.h:50:5: warning: ignoring return value of function declared with 'warn_unused_result' attribute [-Wunused-result]
    ::chdir(s.c_str());
    ^~~~~~~ ~~~~~~~~~
2 warnings generated.
libtool: compile:  g++ -DHAVE_CONFIG_H -I. -I../../misc -I.. -I/usr/include/gnucap -Wdate-time -D_FORTIFY_SOURCE=2 -DNDEBUG -g -O2 -ffile-prefix-map=/<<PKGBUILDDIR>>=. -fstack-protector-strong -Wformat -Werror=format-security -c ../../misc/d_brl.cc -o d_brl_la-d_brl.o >/dev/null 2>&1
/bin/bash ../libtool  --tag=CXX   --mode=link g++  -g -O2 -ffile-prefix-map=/<<PKGBUILDDIR>>=. -fstack-protector-strong -Wformat -Werror=format-security -module -shared -Wl,-z,relro -Wl,-z,now -rdynamic -L/usr/lib/ -o d_brl.la -rpath /usr/lib//gnucap0/gnucap-python d_brl_la-d_brl.lo  -ldl 
libtool: link: g++  -fPIC -DPIC -shared -nostdlib /usr/bin/../lib/gcc/x86_64-linux-gnu/11/../../../x86_64-linux-gnu/crti.o /usr/bin/../lib/gcc/x86_64-linux-gnu/11/crtbeginS.o  .libs/d_brl_la-d_brl.o   -L/usr/lib/ -ldl -L/usr/bin/../lib/gcc/x86_64-linux-gnu/11 -L/usr/bin/../lib/gcc/x86_64-linux-gnu/11/../../../x86_64-linux-gnu -L/lib/x86_64-linux-gnu -L/lib/../lib64 -L/usr/lib/x86_64-linux-gnu -L/usr/bin/../lib/gcc/x86_64-linux-gnu/11/../../.. -L/usr/lib/llvm-12/bin/../lib -L/lib -L/usr/lib -lstdc++ -lm -lc -lgcc_s -lgcc /usr/bin/../lib/gcc/x86_64-linux-gnu/11/crtendS.o /usr/bin/../lib/gcc/x86_64-linux-gnu/11/../../../x86_64-linux-gnu/crtn.o  -g -O2 -fstack-protector-strong -Wl,-z -Wl,relro -Wl,-z -Wl,now   -Wl,-soname -Wl,d_brl.so.0 -o .libs/d_brl.so.0.0.0
libtool: link: (cd ".libs" && rm -f "d_brl.so.0" && ln -s "d_brl.so.0.0.0" "d_brl.so.0")
libtool: link: (cd ".libs" && rm -f "d_brl.so" && ln -s "d_brl.so.0.0.0" "d_brl.so")
libtool: link: ( cd ".libs" && rm -f "d_brl.la" && ln -s "../d_brl.la" "d_brl.la" )
make[5]: Leaving directory '/<<PKGBUILDDIR>>/build3.9/misc'
make[5]: Entering directory '/<<PKGBUILDDIR>>/build3.9'
/bin/bash ./libtool  --tag=CXX   --mode=compile g++ -DHAVE_CONFIG_H -I. -I..  -I/usr/include/gnucap -I/usr/include/python3.9 -DPYTHON_SO=\"/usr/lib/x86_64-linux-gnu/\"  -Wdate-time -D_FORTIFY_SOURCE=2 -DNDEBUG -Wall  -fPIC  -g -O2 -ffile-prefix-map=/<<PKGBUILDDIR>>=. -fstack-protector-strong -Wformat -Werror=format-security -c -o c_python_la-c_python.lo `test -f 'c_python.cc' || echo '../'`c_python.cc
rm -f c_python.so
ln -s .libs/c_python.so c_python.so
ln -s out3.6 out3.7
libtool: compile:  g++ -DHAVE_CONFIG_H -I. -I.. -I/usr/include/gnucap -I/usr/include/python3.9 -DPYTHON_SO=\"/usr/lib/x86_64-linux-gnu/\" -Wdate-time -D_FORTIFY_SOURCE=2 -DNDEBUG -Wall -fPIC -g -O2 -ffile-prefix-map=/<<PKGBUILDDIR>>=. -fstack-protector-strong -Wformat -Werror=format-security -c ../c_python.cc  -fPIC -DPIC -o .libs/c_python_la-c_python.o
In file included from ../c_python.cc:1:
In file included from /usr/include/gnucap/u_lang.h:25:
In file included from /usr/include/gnucap/u_opt.h:27:
In file included from /usr/include/gnucap/mode.h:27:
In file included from /usr/include/gnucap/io_.h:28:
/usr/include/gnucap/l_lib.h:46:5: warning: ignoring return value of function declared with 'warn_unused_result' attribute [-Wunused-result]
    ::system(s.c_str());
    ^~~~~~~~ ~~~~~~~~~
/usr/include/gnucap/l_lib.h:50:5: warning: ignoring return value of function declared with 'warn_unused_result' attribute [-Wunused-result]
    ::chdir(s.c_str());
    ^~~~~~~ ~~~~~~~~~
../c_python.cc:22:9: warning: unused variable 'argv' [-Wunused-variable]
  char *argv[] = {};
        ^
3 warnings generated.
libtool: compile:  g++ -DHAVE_CONFIG_H -I. -I.. -I/usr/include/gnucap -I/usr/include/python3.9 -DPYTHON_SO=\"/usr/lib/x86_64-linux-gnu/\" -Wdate-time -D_FORTIFY_SOURCE=2 -DNDEBUG -Wall -fPIC -g -O2 -ffile-prefix-map=/<<PKGBUILDDIR>>=. -fstack-protector-strong -Wformat -Werror=format-security -c ../c_python.cc -o c_python_la-c_python.o >/dev/null 2>&1
/bin/bash ./libtool  --tag=CXX   --mode=link g++ -Wall  -fPIC  -g -O2 -ffile-prefix-map=/<<PKGBUILDDIR>>=. -fstack-protector-strong -Wformat -Werror=format-security -shared -module -avoid-version -Wl,-z,relro -Wl,-z,now -rdynamic -L/usr/lib/ -L/usr/lib/x86_64-linux-gnu -lpython3.9 -Wl,-z,relro -Wl,-z,now -rdynamic -L/usr/lib/ -o c_python.la -rpath /usr/lib//gnucap0 c_python_la-c_python.lo   -lcrypt -lpthread -ldl  -lutil -lm -lm gnucap/libgnucap-python.la -ldl 
libtool: link: g++  -fPIC -DPIC -shared -nostdlib /usr/bin/../lib/gcc/x86_64-linux-gnu/11/../../../x86_64-linux-gnu/crti.o /usr/bin/../lib/gcc/x86_64-linux-gnu/11/crtbeginS.o  .libs/c_python_la-c_python.o   -Wl,-rpath -Wl,/<<PKGBUILDDIR>>/build3.9/gnucap/.libs -Wl,-rpath -Wl,/usr/lib/x86_64-linux-gnu/gnucap-python -L/usr/lib/ -L/usr/lib/x86_64-linux-gnu -lpython3.9 -lcrypt -lpthread -lutil gnucap/.libs/libgnucap-python.so -ldl -L/usr/bin/../lib/gcc/x86_64-linux-gnu/11 -L/usr/bin/../lib/gcc/x86_64-linux-gnu/11/../../../x86_64-linux-gnu -L/lib/x86_64-linux-gnu -L/lib/../lib64 -L/usr/bin/../lib/gcc/x86_64-linux-gnu/11/../../.. -L/usr/lib/llvm-12/bin/../lib -L/lib -L/usr/lib -lstdc++ -lm -lc -lgcc_s -lgcc /usr/bin/../lib/gcc/x86_64-linux-gnu/11/crtendS.o /usr/bin/../lib/gcc/x86_64-linux-gnu/11/../../../x86_64-linux-gnu/crtn.o  -g -O2 -fstack-protector-strong -Wl,-z -Wl,relro -Wl,-z -Wl,now -Wl,-z -Wl,relro -Wl,-z -Wl,now   -Wl,-soname -Wl,c_python.so -o .libs/c_python.so
libtool: link: ( cd ".libs" && rm -f "c_python.la" && ln -s "../c_python.la" "c_python.la" )
make[5]: Leaving directory '/<<PKGBUILDDIR>>/build3.9'
make[4]: Leaving directory '/<<PKGBUILDDIR>>/build3.9'
make[3]: Leaving directory '/<<PKGBUILDDIR>>/build3.9'
dh override_dh_auto_build --with python3
make[2]: Leaving directory '/<<PKGBUILDDIR>>'
   debian/rules override_dh_auto_test
make[2]: Entering directory '/<<PKGBUILDDIR>>'
# Skip tests since they have numerical inaccuracy causing FTBFS on some architectures:
/usr/bin/make -C build3.9
make[3]: Entering directory '/<<PKGBUILDDIR>>/build3.9'
/usr/bin/make  all-recursive
make[4]: Entering directory '/<<PKGBUILDDIR>>/build3.9'
Making all in examples
make[5]: Entering directory '/<<PKGBUILDDIR>>/build3.9/examples'
make[5]: Nothing to be done for 'all'.
make[5]: Leaving directory '/<<PKGBUILDDIR>>/build3.9/examples'
Making all in gnucap
make[5]: Entering directory '/<<PKGBUILDDIR>>/build3.9/gnucap'
/usr/bin/make  all-am
make[6]: Entering directory '/<<PKGBUILDDIR>>/build3.9/gnucap'
for i in _ap.so _gnucap_swig.so _component.so _globals.so _md.so _u_sim_data.so _m_cpoly.so _m_matrix.so _m_wave.so _mode.so _c_exp.so _c_comand.so _e_base.so _e_cardlist.so _e_elemnt.so _e_node.so _io_.so _u_nodemap.so _u_opt.so _u_status.so _u_xprobe.so _s__.so; do \
	rm -f $i; \
	ln -s .libs/$i $i; \
done
make[6]: Leaving directory '/<<PKGBUILDDIR>>/build3.9/gnucap'
make[5]: Leaving directory '/<<PKGBUILDDIR>>/build3.9/gnucap'
Making all in misc
make[5]: Entering directory '/<<PKGBUILDDIR>>/build3.9/misc'
make[5]: Nothing to be done for 'all'.
make[5]: Leaving directory '/<<PKGBUILDDIR>>/build3.9/misc'
make[5]: Entering directory '/<<PKGBUILDDIR>>/build3.9'
rm -f c_python.so
ln -s .libs/c_python.so c_python.so
ln -s out3.6 out3.7
ln: failed to create symbolic link 'out3.7': File exists
make[5]: [Makefile:1489: all-local] Error 1 (ignored)
make[5]: Leaving directory '/<<PKGBUILDDIR>>/build3.9'
make[4]: Leaving directory '/<<PKGBUILDDIR>>/build3.9'
make[3]: Leaving directory '/<<PKGBUILDDIR>>/build3.9'
dh override_dh_auto_test --with python3
make[2]: Leaving directory '/<<PKGBUILDDIR>>'
   create-stamp debian/debhelper-build-stamp
dh build --with python3
   dh_update_autotools_config
   dh_autoreconf
dh_autoreconf: warning: Only runs once, see dh-autoreconf(7)
   debian/rules override_dh_auto_configure
make[2]: Entering directory '/<<PKGBUILDDIR>>'
dh_auto_configure --builddirectory=build3.9 -- PYTHON=python3.9
	cd build3.9 && ../configure --build=x86_64-linux-gnu --prefix=/usr --includedir=\${prefix}/include --mandir=\${prefix}/share/man --infodir=\${prefix}/share/info --sysconfdir=/etc --localstatedir=/var --disable-option-checking --disable-silent-rules --libdir=\${prefix}/lib/x86_64-linux-gnu --libexecdir=\${prefix}/lib/x86_64-linux-gnu --runstatedir=/run --disable-maintainer-mode --disable-dependency-tracking PYTHON=python3.9
checking for a BSD-compatible install... /usr/bin/install -c
checking whether build environment is sane... yes
checking for a race-free mkdir -p... /bin/mkdir -p
checking for gawk... no
checking for mawk... mawk
checking whether make sets $(MAKE)... yes
checking whether make supports nested variables... yes
checking whether make supports the include directive... yes (GNU style)
checking for g++... g++
checking whether the C++ compiler works... yes
checking for C++ compiler default output file name... a.out
checking for suffix of executables... 
checking whether we are cross compiling... no
checking for suffix of object files... o
checking whether the compiler supports GNU C++... yes
checking whether g++ accepts -g... yes
checking for g++ option to enable C++11 features... none needed
checking dependency style of g++... none
checking for dlopen in -ldl... yes
checking if debug code should be compiled in... no
checking for gnucap-conf... true
clang: error: unsupported option '--print-multiarch'
clang: error: no input files
clang: error: unsupported option '--print-multiarch'
clang: error: no input files
clang: error: unsupported option '--print-multiarch'
clang: error: no input files
clang: error: unsupported option '--print-multiarch'
clang: error: no input files
clang: error: unsupported option '--print-multiarch'
clang: error: no input files
checking whether python3.9 version is >= 2.7... yes
checking for python3.9 version... 3.9
checking for python3.9 platform... linux
checking for GNU default python3.9 prefix... ${prefix}
checking for GNU default python3.9 exec_prefix... ${exec_prefix}
checking for python3.9 script directory (pythondir)... ${PYTHON_PREFIX}/lib/python3.9/site-packages
checking for python3.9 extension module directory (pyexecdir)... ${PYTHON_EXEC_PREFIX}/lib/python3.9/site-packages
checking for gcc... gcc
checking whether the compiler supports GNU C... yes
checking whether gcc accepts -g... yes
checking for gcc option to enable C11 features... none needed
checking whether gcc understands -c and -o together... yes
checking dependency style of gcc... none
checking for python3.9... /usr/bin/python3.9
checking for a version of Python >= '2.1.0'... yes
checking for a version of Python >= '2.3'... yes
checking for the distutils Python package... yes
checking for Python include path... -I/usr/include/python3.9
checking for Python library path... -L/usr/lib/x86_64-linux-gnu -lpython3.9
checking for Python site-packages path... /usr/lib/python3/dist-packages
checking python extra libraries... -lcrypt -lpthread -ldl  -lutil -lm -lm
checking python extra linking flags... -Xlinker -export-dynamic -Wl,-O1 -Wl,-Bsymbolic-functions
checking consistency of all components of python development environment... yes
checking build system type... x86_64-pc-linux-gnu
checking host system type... x86_64-pc-linux-gnu
checking how to print strings... printf
checking for a sed that does not truncate output... /bin/sed
checking for grep that handles long lines and -e... /bin/grep
checking for egrep... /bin/grep -E
checking for fgrep... /bin/grep -F
checking for ld used by gcc... /usr/bin/ld
checking if the linker (/usr/bin/ld) is GNU ld... yes
checking for BSD- or MS-compatible name lister (nm)... /usr/bin/nm -B
checking the name lister (/usr/bin/nm -B) interface... BSD nm
checking whether ln -s works... yes
checking the maximum length of command line arguments... 1572864
checking how to convert x86_64-pc-linux-gnu file names to x86_64-pc-linux-gnu format... func_convert_file_noop
checking how to convert x86_64-pc-linux-gnu file names to toolchain format... func_convert_file_noop
checking for /usr/bin/ld option to reload object files... -r
checking for objdump... objdump
checking how to recognize dependent libraries... pass_all
checking for dlltool... no
checking how to associate runtime and link libraries... printf %s\n
checking for ar... ar
checking for archiver @FILE support... @
checking for strip... strip
checking for ranlib... ranlib
checking command to parse /usr/bin/nm -B output from gcc object... ok
checking for sysroot... no
checking for a working dd... /bin/dd
checking how to truncate binary pipes... /bin/dd bs=4096 count=1
checking for mt... no
checking if : is a manifest tool... no
checking for stdio.h... yes
checking for stdlib.h... yes
checking for string.h... yes
checking for inttypes.h... yes
checking for stdint.h... yes
checking for strings.h... yes
checking for sys/stat.h... yes
checking for sys/types.h... yes
checking for unistd.h... yes
checking for dlfcn.h... yes
checking for objdir... .libs
checking if gcc supports -fno-rtti -fno-exceptions... yes
checking for gcc option to produce PIC... -fPIC -DPIC
checking if gcc PIC flag -fPIC -DPIC works... yes
checking if gcc static flag -static works... yes
checking if gcc supports -c -o file.o... yes
checking if gcc supports -c -o file.o... (cached) yes
checking whether the gcc linker (/usr/bin/ld -m elf_x86_64) supports shared libraries... yes
checking whether -lc should be explicitly linked in... no
checking dynamic linker characteristics... GNU/Linux ld.so
checking how to hardcode library paths into programs... immediate
checking whether stripping libraries is possible... yes
checking if libtool supports shared libraries... yes
checking whether to build shared libraries... yes
checking whether to build static libraries... yes
checking how to run the C++ preprocessor... g++ -E
checking for ld used by g++... /usr/bin/ld -m elf_x86_64
checking if the linker (/usr/bin/ld -m elf_x86_64) is GNU ld... yes
checking whether the g++ linker (/usr/bin/ld -m elf_x86_64) supports shared libraries... yes
checking for g++ option to produce PIC... -fPIC -DPIC
checking if g++ PIC flag -fPIC -DPIC works... yes
checking if g++ static flag -static works... yes
checking if g++ supports -c -o file.o... yes
checking if g++ supports -c -o file.o... (cached) yes
checking whether the g++ linker (/usr/bin/ld -m elf_x86_64) supports shared libraries... yes
checking dynamic linker characteristics... (cached) GNU/Linux ld.so
checking how to hardcode library paths into programs... immediate
checking for help_dispatcher in -lgnucap... yes
checking for ldd... /usr/bin/ldd
checking for SONAME in libgnucap... libgnucap.so.0
checking plugpath-override... no
clang: error: unsupported option '--print-multiarch'
clang: error: no input files
checking python3.9 module: numpy... yes
checking for /usr/lib/python3/dist-packages/numpy/core/include/numpy/arrayobject.h... yes
checking for swig... /usr/bin/swig
checking that generated files are newer than configure... done
configure: creating ./config.status
config.status: creating Makefile
config.status: creating misc/Makefile
config.status: creating gnucap/Makefile
config.status: creating examples/Makefile
config.status: creating gnucap/__init__.py
config.status: creating config.h
config.status: config.h is unchanged
config.status: executing depfiles commands
config.status: executing libtool commands

** Configuration summary for gnucap-python 0.0.2:

   prefix:                   /usr
   plugpath:                 /usr/lib//gnucap0
   CPPFLAGS:                 -Wdate-time -D_FORTIFY_SOURCE=2 -DNDEBUG
   GC_CPPFLAGS:              -I/usr/include/gnucap
   CFLAGS:                   -g -O2 -ffile-prefix-map=/<<PKGBUILDDIR>>=. -fstack-protector-strong -Wformat -Werror=format-security
   CXXFLAGS:                 -g -O2 -ffile-prefix-map=/<<PKGBUILDDIR>>=. -fstack-protector-strong -Wformat -Werror=format-security
   LDFLAGS:                  -Wl,-z,relro -Wl,-z,now -rdynamic -L/usr/lib/
   LIBS:                     -ldl 
   PYTHON:                   /usr/bin/python3.9


dh override_dh_auto_configure --with python3
make[2]: Leaving directory '/<<PKGBUILDDIR>>'
   debian/rules override_dh_auto_build
make[2]: Entering directory '/<<PKGBUILDDIR>>'
dh_auto_build --builddirectory=build3.9
	cd build3.9 && make -j4
make[3]: Entering directory '/<<PKGBUILDDIR>>/build3.9'
make  all-recursive
make[4]: Entering directory '/<<PKGBUILDDIR>>/build3.9'
Making all in examples
make[5]: Entering directory '/<<PKGBUILDDIR>>/build3.9/examples'
make[5]: Nothing to be done for 'all'.
make[5]: Leaving directory '/<<PKGBUILDDIR>>/build3.9/examples'
Making all in gnucap
make[5]: Entering directory '/<<PKGBUILDDIR>>/build3.9/gnucap'
make  all-am
make[6]: Entering directory '/<<PKGBUILDDIR>>/build3.9/gnucap'
for i in _ap.so _gnucap_swig.so _component.so _globals.so _md.so _u_sim_data.so _m_cpoly.so _m_matrix.so _m_wave.so _mode.so _c_exp.so _c_comand.so _e_base.so _e_cardlist.so _e_elemnt.so _e_node.so _io_.so _u_nodemap.so _u_opt.so _u_status.so _u_xprobe.so _s__.so; do \
	rm -f $i; \
	ln -s .libs/$i $i; \
done
make[6]: Leaving directory '/<<PKGBUILDDIR>>/build3.9/gnucap'
make[5]: Leaving directory '/<<PKGBUILDDIR>>/build3.9/gnucap'
Making all in misc
make[5]: Entering directory '/<<PKGBUILDDIR>>/build3.9/misc'
make[5]: Nothing to be done for 'all'.
make[5]: Leaving directory '/<<PKGBUILDDIR>>/build3.9/misc'
make[5]: Entering directory '/<<PKGBUILDDIR>>/build3.9'
rm -f c_python.so
ln -s .libs/c_python.so c_python.so
ln -s out3.6 out3.7
ln: failed to create symbolic link 'out3.7': File exists
make[5]: [Makefile:1489: all-local] Error 1 (ignored)
make[5]: Leaving directory '/<<PKGBUILDDIR>>/build3.9'
make[4]: Leaving directory '/<<PKGBUILDDIR>>/build3.9'
make[3]: Leaving directory '/<<PKGBUILDDIR>>/build3.9'
dh override_dh_auto_build --with python3
make[2]: Leaving directory '/<<PKGBUILDDIR>>'
   debian/rules override_dh_auto_test
make[2]: Entering directory '/<<PKGBUILDDIR>>'
# Skip tests since they have numerical inaccuracy causing FTBFS on some architectures:
/usr/bin/make -C build3.9
make[3]: Entering directory '/<<PKGBUILDDIR>>/build3.9'
/usr/bin/make  all-recursive
make[4]: Entering directory '/<<PKGBUILDDIR>>/build3.9'
Making all in examples
make[5]: Entering directory '/<<PKGBUILDDIR>>/build3.9/examples'
make[5]: Nothing to be done for 'all'.
make[5]: Leaving directory '/<<PKGBUILDDIR>>/build3.9/examples'
Making all in gnucap
make[5]: Entering directory '/<<PKGBUILDDIR>>/build3.9/gnucap'
/usr/bin/make  all-am
make[6]: Entering directory '/<<PKGBUILDDIR>>/build3.9/gnucap'
for i in _ap.so _gnucap_swig.so _component.so _globals.so _md.so _u_sim_data.so _m_cpoly.so _m_matrix.so _m_wave.so _mode.so _c_exp.so _c_comand.so _e_base.so _e_cardlist.so _e_elemnt.so _e_node.so _io_.so _u_nodemap.so _u_opt.so _u_status.so _u_xprobe.so _s__.so; do \
	rm -f $i; \
	ln -s .libs/$i $i; \
done
make[6]: Leaving directory '/<<PKGBUILDDIR>>/build3.9/gnucap'
make[5]: Leaving directory '/<<PKGBUILDDIR>>/build3.9/gnucap'
Making all in misc
make[5]: Entering directory '/<<PKGBUILDDIR>>/build3.9/misc'
make[5]: Nothing to be done for 'all'.
make[5]: Leaving directory '/<<PKGBUILDDIR>>/build3.9/misc'
make[5]: Entering directory '/<<PKGBUILDDIR>>/build3.9'
rm -f c_python.so
ln -s .libs/c_python.so c_python.so
ln -s out3.6 out3.7
ln: failed to create symbolic link 'out3.7': File exists
make[5]: [Makefile:1489: all-local] Error 1 (ignored)
make[5]: Leaving directory '/<<PKGBUILDDIR>>/build3.9'
make[4]: Leaving directory '/<<PKGBUILDDIR>>/build3.9'
make[3]: Leaving directory '/<<PKGBUILDDIR>>/build3.9'
dh override_dh_auto_test --with python3
make[2]: Leaving directory '/<<PKGBUILDDIR>>'
   create-stamp debian/debhelper-build-stamp
make[1]: Leaving directory '/<<PKGBUILDDIR>>'
   dh_prep
   debian/rules override_dh_auto_install
make[1]: Entering directory '/<<PKGBUILDDIR>>'
mkdir -p debian/tmp/usr/lib
for i in 3.9; do \
	echo $i; \
	/usr/bin/make -C build$i install DESTDIR=/<<PKGBUILDDIR>>/debian/tmp$i; \
	( cd debian/tmp$i/usr/lib/*/gnucap[0-9]; mv c_python.so c_python$i.so ); \
	cp -r debian/tmp$i/usr/lib/* debian/tmp/usr/lib; \
	rm -rf "debian/tmp$i/usr/lib/*"; \
done
3.9
make[2]: Entering directory '/<<PKGBUILDDIR>>/build3.9'
Making install in examples
make[3]: Entering directory '/<<PKGBUILDDIR>>/build3.9/examples'
make[4]: Entering directory '/<<PKGBUILDDIR>>/build3.9/examples'
make[4]: Nothing to be done for 'install-exec-am'.
 /bin/mkdir -p '/<<PKGBUILDDIR>>/debian/tmp3.9/usr/share/doc/gnucap-python/examples'
 /usr/bin/install -c -m 644 ../../examples/inv.py ../../examples/inv.sp ../../examples/mosfit.py ../../examples/mosfit.sp ../../examples/n.typ ../../examples/p.typ ../../examples/pz.9.sp ../../examples/pz_spice.py ../../examples/pz_stub.gc ../../examples/pz_stub.py ../../examples/README '/<<PKGBUILDDIR>>/debian/tmp3.9/usr/share/doc/gnucap-python/examples'
make[4]: Leaving directory '/<<PKGBUILDDIR>>/build3.9/examples'
make[3]: Leaving directory '/<<PKGBUILDDIR>>/build3.9/examples'
Making install in gnucap
make[3]: Entering directory '/<<PKGBUILDDIR>>/build3.9/gnucap'
/usr/bin/make  install-am
make[4]: Entering directory '/<<PKGBUILDDIR>>/build3.9/gnucap'
for i in _ap.so _gnucap_swig.so _component.so _globals.so _md.so _u_sim_data.so _m_cpoly.so _m_matrix.so _m_wave.so _mode.so _c_exp.so _c_comand.so _e_base.so _e_cardlist.so _e_elemnt.so _e_node.so _io_.so _u_nodemap.so _u_opt.so _u_status.so _u_xprobe.so _s__.so; do \
	rm -f $i; \
	ln -s .libs/$i $i; \
done
make[5]: Entering directory '/<<PKGBUILDDIR>>/build3.9/gnucap'
 /bin/mkdir -p '/<<PKGBUILDDIR>>/debian/tmp3.9/usr/lib/x86_64-linux-gnu/gnucap-python'
 /bin/bash ../libtool   --mode=install /usr/bin/install -c   libgnucap-python.la '/<<PKGBUILDDIR>>/debian/tmp3.9/usr/lib/x86_64-linux-gnu/gnucap-python'
 /bin/mkdir -p '/<<PKGBUILDDIR>>/debian/tmp3.9/usr/lib/python3.9/site-packages/gnucap'
 /bin/mkdir -p '/<<PKGBUILDDIR>>/debian/tmp3.9/usr/lib/python3.9/site-packages/gnucap'
 /bin/bash ../libtool   --mode=install /usr/bin/install -c   _ap.la _gnucap_swig.la _component.la _globals.la _md.la _u_sim_data.la _m_cpoly.la _m_matrix.la _m_wave.la _mode.la _c_exp.la _c_comand.la _e_base.la _e_cardlist.la _e_elemnt.la _e_node.la _io_.la _u_nodemap.la _u_opt.la _u_status.la _u_xprobe.la _s__.la '/<<PKGBUILDDIR>>/debian/tmp3.9/usr/lib/python3.9/site-packages/gnucap'
libtool: install: /usr/bin/install -c .libs/libgnucap-python.so.0.0.0 /<<PKGBUILDDIR>>/debian/tmp3.9/usr/lib/x86_64-linux-gnu/gnucap-python/libgnucap-python.so.0.0.0
libtool: install: (cd /<<PKGBUILDDIR>>/debian/tmp3.9/usr/lib/x86_64-linux-gnu/gnucap-python && { ln -s -f libgnucap-python.so.0.0.0 libgnucap-python.so.0 || { rm -f libgnucap-python.so.0 && ln -s libgnucap-python.so.0.0.0 libgnucap-python.so.0; }; })
libtool: install: (cd /<<PKGBUILDDIR>>/debian/tmp3.9/usr/lib/x86_64-linux-gnu/gnucap-python && { ln -s -f libgnucap-python.so.0.0.0 libgnucap-python.so || { rm -f libgnucap-python.so && ln -s libgnucap-python.so.0.0.0 libgnucap-python.so; }; })
libtool: install: /usr/bin/install -c .libs/libgnucap-python.lai /<<PKGBUILDDIR>>/debian/tmp3.9/usr/lib/x86_64-linux-gnu/gnucap-python/libgnucap-python.la
libtool: install: /usr/bin/install -c .libs/_ap.so /<<PKGBUILDDIR>>/debian/tmp3.9/usr/lib/python3.9/site-packages/gnucap/_ap.so
libtool: install: /usr/bin/install -c .libs/libgnucap-python.a /<<PKGBUILDDIR>>/debian/tmp3.9/usr/lib/x86_64-linux-gnu/gnucap-python/libgnucap-python.a
libtool: install: /usr/bin/install -c .libs/_ap.lai /<<PKGBUILDDIR>>/debian/tmp3.9/usr/lib/python3.9/site-packages/gnucap/_ap.la
libtool: install: chmod 644 /<<PKGBUILDDIR>>/debian/tmp3.9/usr/lib/x86_64-linux-gnu/gnucap-python/libgnucap-python.a
libtool: install: /usr/bin/install -c .libs/_gnucap_swig.so /<<PKGBUILDDIR>>/debian/tmp3.9/usr/lib/python3.9/site-packages/gnucap/_gnucap_swig.so
libtool: install: ranlib /<<PKGBUILDDIR>>/debian/tmp3.9/usr/lib/x86_64-linux-gnu/gnucap-python/libgnucap-python.a
libtool: install: /usr/bin/install -c .libs/_gnucap_swig.lai /<<PKGBUILDDIR>>/debian/tmp3.9/usr/lib/python3.9/site-packages/gnucap/_gnucap_swig.la
libtool: warning: remember to run 'libtool --finish /usr/lib/x86_64-linux-gnu/gnucap-python'
libtool: install: /usr/bin/install -c .libs/_component.so /<<PKGBUILDDIR>>/debian/tmp3.9/usr/lib/python3.9/site-packages/gnucap/_component.so
libtool: install: /usr/bin/install -c .libs/_component.lai /<<PKGBUILDDIR>>/debian/tmp3.9/usr/lib/python3.9/site-packages/gnucap/_component.la
 /usr/bin/install -c -m 644 ap.py gnucap_swig.py component.py globals.py md.py u_sim_data.py m_cpoly.py m_matrix.py m_wave.py mode.py c_exp.py c_comand.py e_base.py e_cardlist.py e_elemnt.py e_node.py io_.py u_nodemap.py u_opt.py u_status.py u_xprobe.py s__.py __init__.py '/<<PKGBUILDDIR>>/debian/tmp3.9/usr/lib/python3.9/site-packages/gnucap'
libtool: warning: relinking '_globals.la'
libtool: install: (cd /<<PKGBUILDDIR>>/build3.9/gnucap; /bin/bash "/<<PKGBUILDDIR>>/build3.9/libtool"  --tag CXX --mode=relink g++ -g -O2 -ffile-prefix-map=/<<PKGBUILDDIR>>=. -fstack-protector-strong -Wformat -Werror=format-security -module -avoid-version -Wl,-z,relro -Wl,-z,now -rdynamic -L/usr/lib/ -o _globals.la -rpath /usr/lib/python3.9/site-packages/gnucap _globals.lo libgnucap-python.la -ldl -inst-prefix-dir /<<PKGBUILDDIR>>/debian/tmp3.9)
Byte-compiling python modules...
ap.pygnucap_swig.pycomponent.pyglobals.pymd.pyu_sim_data.pym_cpoly.pym_matrix.pym_wave.pymode.pyc_exp.pyc_comand.pye_base.pye_cardlist.pye_elemnt.pye_node.pyio_.pyu_nodemap.pyu_opt.pyu_status.pyu_xprobe.pys__.py__init__.py
libtool: relink: g++  -fPIC -DPIC -shared -nostdlib /usr/bin/../lib/gcc/x86_64-linux-gnu/11/../../../x86_64-linux-gnu/crti.o /usr/bin/../lib/gcc/x86_64-linux-gnu/11/crtbeginS.o  .libs/_globals.o   -Wl,-rpath -Wl,/usr/lib/x86_64-linux-gnu/gnucap-python -L/usr/lib/ -L/<<PKGBUILDDIR>>/debian/tmp3.9/usr/lib/x86_64-linux-gnu/gnucap-python -L/usr/lib/x86_64-linux-gnu/gnucap-python -lgnucap-python -ldl -L/usr/bin/../lib/gcc/x86_64-linux-gnu/11 -L/usr/bin/../lib/gcc/x86_64-linux-gnu/11/../../../x86_64-linux-gnu -L/lib/x86_64-linux-gnu -L/lib/../lib64 -L/usr/lib/x86_64-linux-gnu -L/usr/bin/../lib/gcc/x86_64-linux-gnu/11/../../.. -L/usr/lib/llvm-12/bin/../lib -L/lib -L/usr/lib -lstdc++ -lm -lc -lgcc_s -lgcc /usr/bin/../lib/gcc/x86_64-linux-gnu/11/crtendS.o /usr/bin/../lib/gcc/x86_64-linux-gnu/11/../../../x86_64-linux-gnu/crtn.o  -g -O2 -fstack-protector-strong -Wl,-z -Wl,relro -Wl,-z -Wl,now   -Wl,-soname -Wl,_globals.so -o .libs/_globals.so
Byte-compiling python modules (optimized versions) ...
ap.pygnucap_swig.pycomponent.pyglobals.pymd.pyu_sim_data.pym_cpoly.pym_matrix.pym_wave.pymode.pyc_exp.pyc_comand.pye_base.pye_cardlist.pye_elemnt.pye_node.pyio_.pyu_nodemap.pyu_opt.pyu_status.pyu_xprobe.pys__.py__init__.py
libtool: install: /usr/bin/install -c .libs/_globals.soT /<<PKGBUILDDIR>>/debian/tmp3.9/usr/lib/python3.9/site-packages/gnucap/_globals.so
libtool: install: /usr/bin/install -c .libs/_globals.lai /<<PKGBUILDDIR>>/debian/tmp3.9/usr/lib/python3.9/site-packages/gnucap/_globals.la
libtool: install: /usr/bin/install -c .libs/_md.so /<<PKGBUILDDIR>>/debian/tmp3.9/usr/lib/python3.9/site-packages/gnucap/_md.so
libtool: install: /usr/bin/install -c .libs/_md.lai /<<PKGBUILDDIR>>/debian/tmp3.9/usr/lib/python3.9/site-packages/gnucap/_md.la
libtool: install: /usr/bin/install -c .libs/_u_sim_data.so /<<PKGBUILDDIR>>/debian/tmp3.9/usr/lib/python3.9/site-packages/gnucap/_u_sim_data.so
libtool: install: /usr/bin/install -c .libs/_u_sim_data.lai /<<PKGBUILDDIR>>/debian/tmp3.9/usr/lib/python3.9/site-packages/gnucap/_u_sim_data.la
libtool: install: /usr/bin/install -c .libs/_m_cpoly.so /<<PKGBUILDDIR>>/debian/tmp3.9/usr/lib/python3.9/site-packages/gnucap/_m_cpoly.so
libtool: install: /usr/bin/install -c .libs/_m_cpoly.lai /<<PKGBUILDDIR>>/debian/tmp3.9/usr/lib/python3.9/site-packages/gnucap/_m_cpoly.la
libtool: install: /usr/bin/install -c .libs/_m_matrix.so /<<PKGBUILDDIR>>/debian/tmp3.9/usr/lib/python3.9/site-packages/gnucap/_m_matrix.so
libtool: install: /usr/bin/install -c .libs/_m_matrix.lai /<<PKGBUILDDIR>>/debian/tmp3.9/usr/lib/python3.9/site-packages/gnucap/_m_matrix.la
libtool: install: /usr/bin/install -c .libs/_m_wave.so /<<PKGBUILDDIR>>/debian/tmp3.9/usr/lib/python3.9/site-packages/gnucap/_m_wave.so
libtool: install: /usr/bin/install -c .libs/_m_wave.lai /<<PKGBUILDDIR>>/debian/tmp3.9/usr/lib/python3.9/site-packages/gnucap/_m_wave.la
libtool: install: /usr/bin/install -c .libs/_mode.so /<<PKGBUILDDIR>>/debian/tmp3.9/usr/lib/python3.9/site-packages/gnucap/_mode.so
libtool: install: /usr/bin/install -c .libs/_mode.lai /<<PKGBUILDDIR>>/debian/tmp3.9/usr/lib/python3.9/site-packages/gnucap/_mode.la
libtool: install: /usr/bin/install -c .libs/_c_exp.so /<<PKGBUILDDIR>>/debian/tmp3.9/usr/lib/python3.9/site-packages/gnucap/_c_exp.so
libtool: install: /usr/bin/install -c .libs/_c_exp.lai /<<PKGBUILDDIR>>/debian/tmp3.9/usr/lib/python3.9/site-packages/gnucap/_c_exp.la
libtool: install: /usr/bin/install -c .libs/_c_comand.so /<<PKGBUILDDIR>>/debian/tmp3.9/usr/lib/python3.9/site-packages/gnucap/_c_comand.so
libtool: install: /usr/bin/install -c .libs/_c_comand.lai /<<PKGBUILDDIR>>/debian/tmp3.9/usr/lib/python3.9/site-packages/gnucap/_c_comand.la
libtool: install: /usr/bin/install -c .libs/_e_base.so /<<PKGBUILDDIR>>/debian/tmp3.9/usr/lib/python3.9/site-packages/gnucap/_e_base.so
libtool: install: /usr/bin/install -c .libs/_e_base.lai /<<PKGBUILDDIR>>/debian/tmp3.9/usr/lib/python3.9/site-packages/gnucap/_e_base.la
libtool: install: /usr/bin/install -c .libs/_e_cardlist.so /<<PKGBUILDDIR>>/debian/tmp3.9/usr/lib/python3.9/site-packages/gnucap/_e_cardlist.so
libtool: install: /usr/bin/install -c .libs/_e_cardlist.lai /<<PKGBUILDDIR>>/debian/tmp3.9/usr/lib/python3.9/site-packages/gnucap/_e_cardlist.la
libtool: install: /usr/bin/install -c .libs/_e_elemnt.so /<<PKGBUILDDIR>>/debian/tmp3.9/usr/lib/python3.9/site-packages/gnucap/_e_elemnt.so
libtool: install: /usr/bin/install -c .libs/_e_elemnt.lai /<<PKGBUILDDIR>>/debian/tmp3.9/usr/lib/python3.9/site-packages/gnucap/_e_elemnt.la
libtool: install: /usr/bin/install -c .libs/_e_node.so /<<PKGBUILDDIR>>/debian/tmp3.9/usr/lib/python3.9/site-packages/gnucap/_e_node.so
libtool: install: /usr/bin/install -c .libs/_e_node.lai /<<PKGBUILDDIR>>/debian/tmp3.9/usr/lib/python3.9/site-packages/gnucap/_e_node.la
libtool: install: /usr/bin/install -c .libs/_io_.so /<<PKGBUILDDIR>>/debian/tmp3.9/usr/lib/python3.9/site-packages/gnucap/_io_.so
libtool: install: /usr/bin/install -c .libs/_io_.lai /<<PKGBUILDDIR>>/debian/tmp3.9/usr/lib/python3.9/site-packages/gnucap/_io_.la
libtool: install: /usr/bin/install -c .libs/_u_nodemap.so /<<PKGBUILDDIR>>/debian/tmp3.9/usr/lib/python3.9/site-packages/gnucap/_u_nodemap.so
libtool: install: /usr/bin/install -c .libs/_u_nodemap.lai /<<PKGBUILDDIR>>/debian/tmp3.9/usr/lib/python3.9/site-packages/gnucap/_u_nodemap.la
libtool: install: /usr/bin/install -c .libs/_u_opt.so /<<PKGBUILDDIR>>/debian/tmp3.9/usr/lib/python3.9/site-packages/gnucap/_u_opt.so
libtool: install: /usr/bin/install -c .libs/_u_opt.lai /<<PKGBUILDDIR>>/debian/tmp3.9/usr/lib/python3.9/site-packages/gnucap/_u_opt.la
libtool: install: /usr/bin/install -c .libs/_u_status.so /<<PKGBUILDDIR>>/debian/tmp3.9/usr/lib/python3.9/site-packages/gnucap/_u_status.so
libtool: install: /usr/bin/install -c .libs/_u_status.lai /<<PKGBUILDDIR>>/debian/tmp3.9/usr/lib/python3.9/site-packages/gnucap/_u_status.la
libtool: install: /usr/bin/install -c .libs/_u_xprobe.so /<<PKGBUILDDIR>>/debian/tmp3.9/usr/lib/python3.9/site-packages/gnucap/_u_xprobe.so
libtool: install: /usr/bin/install -c .libs/_u_xprobe.lai /<<PKGBUILDDIR>>/debian/tmp3.9/usr/lib/python3.9/site-packages/gnucap/_u_xprobe.la
libtool: install: /usr/bin/install -c .libs/_s__.so /<<PKGBUILDDIR>>/debian/tmp3.9/usr/lib/python3.9/site-packages/gnucap/_s__.so
libtool: install: /usr/bin/install -c .libs/_s__.lai /<<PKGBUILDDIR>>/debian/tmp3.9/usr/lib/python3.9/site-packages/gnucap/_s__.la
libtool: install: /usr/bin/install -c .libs/_ap.a /<<PKGBUILDDIR>>/debian/tmp3.9/usr/lib/python3.9/site-packages/gnucap/_ap.a
libtool: install: chmod 644 /<<PKGBUILDDIR>>/debian/tmp3.9/usr/lib/python3.9/site-packages/gnucap/_ap.a
libtool: install: ranlib /<<PKGBUILDDIR>>/debian/tmp3.9/usr/lib/python3.9/site-packages/gnucap/_ap.a
libtool: install: /usr/bin/install -c .libs/_gnucap_swig.a /<<PKGBUILDDIR>>/debian/tmp3.9/usr/lib/python3.9/site-packages/gnucap/_gnucap_swig.a
libtool: install: chmod 644 /<<PKGBUILDDIR>>/debian/tmp3.9/usr/lib/python3.9/site-packages/gnucap/_gnucap_swig.a
libtool: install: ranlib /<<PKGBUILDDIR>>/debian/tmp3.9/usr/lib/python3.9/site-packages/gnucap/_gnucap_swig.a
libtool: install: /usr/bin/install -c .libs/_component.a /<<PKGBUILDDIR>>/debian/tmp3.9/usr/lib/python3.9/site-packages/gnucap/_component.a
libtool: install: chmod 644 /<<PKGBUILDDIR>>/debian/tmp3.9/usr/lib/python3.9/site-packages/gnucap/_component.a
libtool: install: ranlib /<<PKGBUILDDIR>>/debian/tmp3.9/usr/lib/python3.9/site-packages/gnucap/_component.a
libtool: install: /usr/bin/install -c .libs/_globals.a /<<PKGBUILDDIR>>/debian/tmp3.9/usr/lib/python3.9/site-packages/gnucap/_globals.a
libtool: install: chmod 644 /<<PKGBUILDDIR>>/debian/tmp3.9/usr/lib/python3.9/site-packages/gnucap/_globals.a
libtool: install: ranlib /<<PKGBUILDDIR>>/debian/tmp3.9/usr/lib/python3.9/site-packages/gnucap/_globals.a
libtool: install: /usr/bin/install -c .libs/_md.a /<<PKGBUILDDIR>>/debian/tmp3.9/usr/lib/python3.9/site-packages/gnucap/_md.a
libtool: install: chmod 644 /<<PKGBUILDDIR>>/debian/tmp3.9/usr/lib/python3.9/site-packages/gnucap/_md.a
libtool: install: ranlib /<<PKGBUILDDIR>>/debian/tmp3.9/usr/lib/python3.9/site-packages/gnucap/_md.a
libtool: install: /usr/bin/install -c .libs/_u_sim_data.a /<<PKGBUILDDIR>>/debian/tmp3.9/usr/lib/python3.9/site-packages/gnucap/_u_sim_data.a
libtool: install: chmod 644 /<<PKGBUILDDIR>>/debian/tmp3.9/usr/lib/python3.9/site-packages/gnucap/_u_sim_data.a
libtool: install: ranlib /<<PKGBUILDDIR>>/debian/tmp3.9/usr/lib/python3.9/site-packages/gnucap/_u_sim_data.a
libtool: install: /usr/bin/install -c .libs/_m_cpoly.a /<<PKGBUILDDIR>>/debian/tmp3.9/usr/lib/python3.9/site-packages/gnucap/_m_cpoly.a
libtool: install: chmod 644 /<<PKGBUILDDIR>>/debian/tmp3.9/usr/lib/python3.9/site-packages/gnucap/_m_cpoly.a
libtool: install: ranlib /<<PKGBUILDDIR>>/debian/tmp3.9/usr/lib/python3.9/site-packages/gnucap/_m_cpoly.a
libtool: install: /usr/bin/install -c .libs/_m_matrix.a /<<PKGBUILDDIR>>/debian/tmp3.9/usr/lib/python3.9/site-packages/gnucap/_m_matrix.a
libtool: install: chmod 644 /<<PKGBUILDDIR>>/debian/tmp3.9/usr/lib/python3.9/site-packages/gnucap/_m_matrix.a
libtool: install: ranlib /<<PKGBUILDDIR>>/debian/tmp3.9/usr/lib/python3.9/site-packages/gnucap/_m_matrix.a
libtool: install: /usr/bin/install -c .libs/_m_wave.a /<<PKGBUILDDIR>>/debian/tmp3.9/usr/lib/python3.9/site-packages/gnucap/_m_wave.a
libtool: install: chmod 644 /<<PKGBUILDDIR>>/debian/tmp3.9/usr/lib/python3.9/site-packages/gnucap/_m_wave.a
libtool: install: ranlib /<<PKGBUILDDIR>>/debian/tmp3.9/usr/lib/python3.9/site-packages/gnucap/_m_wave.a
libtool: install: /usr/bin/install -c .libs/_mode.a /<<PKGBUILDDIR>>/debian/tmp3.9/usr/lib/python3.9/site-packages/gnucap/_mode.a
libtool: install: chmod 644 /<<PKGBUILDDIR>>/debian/tmp3.9/usr/lib/python3.9/site-packages/gnucap/_mode.a
libtool: install: ranlib /<<PKGBUILDDIR>>/debian/tmp3.9/usr/lib/python3.9/site-packages/gnucap/_mode.a
libtool: install: /usr/bin/install -c .libs/_c_exp.a /<<PKGBUILDDIR>>/debian/tmp3.9/usr/lib/python3.9/site-packages/gnucap/_c_exp.a
libtool: install: chmod 644 /<<PKGBUILDDIR>>/debian/tmp3.9/usr/lib/python3.9/site-packages/gnucap/_c_exp.a
libtool: install: ranlib /<<PKGBUILDDIR>>/debian/tmp3.9/usr/lib/python3.9/site-packages/gnucap/_c_exp.a
libtool: install: /usr/bin/install -c .libs/_c_comand.a /<<PKGBUILDDIR>>/debian/tmp3.9/usr/lib/python3.9/site-packages/gnucap/_c_comand.a
libtool: install: chmod 644 /<<PKGBUILDDIR>>/debian/tmp3.9/usr/lib/python3.9/site-packages/gnucap/_c_comand.a
libtool: install: ranlib /<<PKGBUILDDIR>>/debian/tmp3.9/usr/lib/python3.9/site-packages/gnucap/_c_comand.a
libtool: install: /usr/bin/install -c .libs/_e_base.a /<<PKGBUILDDIR>>/debian/tmp3.9/usr/lib/python3.9/site-packages/gnucap/_e_base.a
libtool: install: chmod 644 /<<PKGBUILDDIR>>/debian/tmp3.9/usr/lib/python3.9/site-packages/gnucap/_e_base.a
libtool: install: ranlib /<<PKGBUILDDIR>>/debian/tmp3.9/usr/lib/python3.9/site-packages/gnucap/_e_base.a
libtool: install: /usr/bin/install -c .libs/_e_cardlist.a /<<PKGBUILDDIR>>/debian/tmp3.9/usr/lib/python3.9/site-packages/gnucap/_e_cardlist.a
libtool: install: chmod 644 /<<PKGBUILDDIR>>/debian/tmp3.9/usr/lib/python3.9/site-packages/gnucap/_e_cardlist.a
libtool: install: ranlib /<<PKGBUILDDIR>>/debian/tmp3.9/usr/lib/python3.9/site-packages/gnucap/_e_cardlist.a
libtool: install: /usr/bin/install -c .libs/_e_elemnt.a /<<PKGBUILDDIR>>/debian/tmp3.9/usr/lib/python3.9/site-packages/gnucap/_e_elemnt.a
libtool: install: chmod 644 /<<PKGBUILDDIR>>/debian/tmp3.9/usr/lib/python3.9/site-packages/gnucap/_e_elemnt.a
libtool: install: ranlib /<<PKGBUILDDIR>>/debian/tmp3.9/usr/lib/python3.9/site-packages/gnucap/_e_elemnt.a
libtool: install: /usr/bin/install -c .libs/_e_node.a /<<PKGBUILDDIR>>/debian/tmp3.9/usr/lib/python3.9/site-packages/gnucap/_e_node.a
libtool: install: chmod 644 /<<PKGBUILDDIR>>/debian/tmp3.9/usr/lib/python3.9/site-packages/gnucap/_e_node.a
libtool: install: ranlib /<<PKGBUILDDIR>>/debian/tmp3.9/usr/lib/python3.9/site-packages/gnucap/_e_node.a
libtool: install: /usr/bin/install -c .libs/_io_.a /<<PKGBUILDDIR>>/debian/tmp3.9/usr/lib/python3.9/site-packages/gnucap/_io_.a
libtool: install: chmod 644 /<<PKGBUILDDIR>>/debian/tmp3.9/usr/lib/python3.9/site-packages/gnucap/_io_.a
libtool: install: ranlib /<<PKGBUILDDIR>>/debian/tmp3.9/usr/lib/python3.9/site-packages/gnucap/_io_.a
libtool: install: /usr/bin/install -c .libs/_u_nodemap.a /<<PKGBUILDDIR>>/debian/tmp3.9/usr/lib/python3.9/site-packages/gnucap/_u_nodemap.a
libtool: install: chmod 644 /<<PKGBUILDDIR>>/debian/tmp3.9/usr/lib/python3.9/site-packages/gnucap/_u_nodemap.a
libtool: install: ranlib /<<PKGBUILDDIR>>/debian/tmp3.9/usr/lib/python3.9/site-packages/gnucap/_u_nodemap.a
libtool: install: /usr/bin/install -c .libs/_u_opt.a /<<PKGBUILDDIR>>/debian/tmp3.9/usr/lib/python3.9/site-packages/gnucap/_u_opt.a
libtool: install: chmod 644 /<<PKGBUILDDIR>>/debian/tmp3.9/usr/lib/python3.9/site-packages/gnucap/_u_opt.a
libtool: install: ranlib /<<PKGBUILDDIR>>/debian/tmp3.9/usr/lib/python3.9/site-packages/gnucap/_u_opt.a
libtool: install: /usr/bin/install -c .libs/_u_status.a /<<PKGBUILDDIR>>/debian/tmp3.9/usr/lib/python3.9/site-packages/gnucap/_u_status.a
libtool: install: chmod 644 /<<PKGBUILDDIR>>/debian/tmp3.9/usr/lib/python3.9/site-packages/gnucap/_u_status.a
libtool: install: ranlib /<<PKGBUILDDIR>>/debian/tmp3.9/usr/lib/python3.9/site-packages/gnucap/_u_status.a
libtool: install: /usr/bin/install -c .libs/_u_xprobe.a /<<PKGBUILDDIR>>/debian/tmp3.9/usr/lib/python3.9/site-packages/gnucap/_u_xprobe.a
libtool: install: chmod 644 /<<PKGBUILDDIR>>/debian/tmp3.9/usr/lib/python3.9/site-packages/gnucap/_u_xprobe.a
libtool: install: ranlib /<<PKGBUILDDIR>>/debian/tmp3.9/usr/lib/python3.9/site-packages/gnucap/_u_xprobe.a
libtool: install: /usr/bin/install -c .libs/_s__.a /<<PKGBUILDDIR>>/debian/tmp3.9/usr/lib/python3.9/site-packages/gnucap/_s__.a
libtool: install: chmod 644 /<<PKGBUILDDIR>>/debian/tmp3.9/usr/lib/python3.9/site-packages/gnucap/_s__.a
libtool: install: ranlib /<<PKGBUILDDIR>>/debian/tmp3.9/usr/lib/python3.9/site-packages/gnucap/_s__.a
libtool: warning: remember to run 'libtool --finish /usr/lib/python3.9/site-packages/gnucap'
make[5]: Leaving directory '/<<PKGBUILDDIR>>/build3.9/gnucap'
make[4]: Leaving directory '/<<PKGBUILDDIR>>/build3.9/gnucap'
make[3]: Leaving directory '/<<PKGBUILDDIR>>/build3.9/gnucap'
Making install in misc
make[3]: Entering directory '/<<PKGBUILDDIR>>/build3.9/misc'
make[4]: Entering directory '/<<PKGBUILDDIR>>/build3.9/misc'
make[4]: Nothing to be done for 'install-exec-am'.
 /bin/mkdir -p '/<<PKGBUILDDIR>>/debian/tmp3.9/usr/lib//gnucap0/gnucap-python'
 /bin/bash ../libtool   --mode=install /usr/bin/install -c   d_brl.la '/<<PKGBUILDDIR>>/debian/tmp3.9/usr/lib//gnucap0/gnucap-python'
libtool: install: /usr/bin/install -c .libs/d_brl.so.0.0.0 /<<PKGBUILDDIR>>/debian/tmp3.9/usr/lib//gnucap0/gnucap-python/d_brl.so.0.0.0
libtool: install: (cd /<<PKGBUILDDIR>>/debian/tmp3.9/usr/lib//gnucap0/gnucap-python && { ln -s -f d_brl.so.0.0.0 d_brl.so.0 || { rm -f d_brl.so.0 && ln -s d_brl.so.0.0.0 d_brl.so.0; }; })
libtool: install: (cd /<<PKGBUILDDIR>>/debian/tmp3.9/usr/lib//gnucap0/gnucap-python && { ln -s -f d_brl.so.0.0.0 d_brl.so || { rm -f d_brl.so && ln -s d_brl.so.0.0.0 d_brl.so; }; })
libtool: install: /usr/bin/install -c .libs/d_brl.lai /<<PKGBUILDDIR>>/debian/tmp3.9/usr/lib//gnucap0/gnucap-python/d_brl.la
libtool: warning: remember to run 'libtool --finish /usr/lib//gnucap0/gnucap-python'
make[4]: Leaving directory '/<<PKGBUILDDIR>>/build3.9/misc'
make[3]: Leaving directory '/<<PKGBUILDDIR>>/build3.9/misc'
make[3]: Entering directory '/<<PKGBUILDDIR>>/build3.9'
rm -f c_python.so
ln -s .libs/c_python.so c_python.so
ln -s out3.6 out3.7
ln: failed to create symbolic link 'out3.7': File exists
make[3]: [Makefile:1489: all-local] Error 1 (ignored)
make[4]: Entering directory '/<<PKGBUILDDIR>>/build3.9'
make[4]: Nothing to be done for 'install-exec-am'.
 /bin/mkdir -p '/<<PKGBUILDDIR>>/debian/tmp3.9/usr/lib//gnucap0'
 /bin/bash ./libtool   --mode=install /usr/bin/install -c   c_python.la '/<<PKGBUILDDIR>>/debian/tmp3.9/usr/lib//gnucap0'
libtool: warning: relinking 'c_python.la'
libtool: install: (cd /<<PKGBUILDDIR>>/build3.9; /bin/bash "/<<PKGBUILDDIR>>/build3.9/libtool"  --tag CXX --mode=relink g++ -Wall -fPIC -g -O2 -ffile-prefix-map=/<<PKGBUILDDIR>>=. -fstack-protector-strong -Wformat -Werror=format-security -shared -module -avoid-version -Wl,-z,relro -Wl,-z,now -rdynamic -L/usr/lib/ -L/usr/lib/x86_64-linux-gnu -lpython3.9 -Wl,-z,relro -Wl,-z,now -rdynamic -L/usr/lib/ -o c_python.la -rpath /usr/lib//gnucap0 c_python_la-c_python.lo -lcrypt -lpthread -ldl -lutil -lm -lm gnucap/libgnucap-python.la -ldl -inst-prefix-dir /<<PKGBUILDDIR>>/debian/tmp3.9)
libtool: relink: g++  -fPIC -DPIC -shared -nostdlib /usr/bin/../lib/gcc/x86_64-linux-gnu/11/../../../x86_64-linux-gnu/crti.o /usr/bin/../lib/gcc/x86_64-linux-gnu/11/crtbeginS.o  .libs/c_python_la-c_python.o   -Wl,-rpath -Wl,/usr/lib/x86_64-linux-gnu/gnucap-python -L/usr/lib/ -L/usr/lib/x86_64-linux-gnu -lpython3.9 -lcrypt -lpthread -lutil -L/<<PKGBUILDDIR>>/debian/tmp3.9/usr/lib/x86_64-linux-gnu/gnucap-python -L/usr/lib/x86_64-linux-gnu/gnucap-python -lgnucap-python -ldl -L/usr/bin/../lib/gcc/x86_64-linux-gnu/11 -L/usr/bin/../lib/gcc/x86_64-linux-gnu/11/../../../x86_64-linux-gnu -L/lib/x86_64-linux-gnu -L/lib/../lib64 -L/usr/bin/../lib/gcc/x86_64-linux-gnu/11/../../.. -L/usr/lib/llvm-12/bin/../lib -L/lib -L/usr/lib -lstdc++ -lm -lc -lgcc_s -lgcc /usr/bin/../lib/gcc/x86_64-linux-gnu/11/crtendS.o /usr/bin/../lib/gcc/x86_64-linux-gnu/11/../../../x86_64-linux-gnu/crtn.o  -g -O2 -fstack-protector-strong -Wl,-z -Wl,relro -Wl,-z -Wl,now -Wl,-z -Wl,relro -Wl,-z -Wl,now   -Wl,-soname -Wl,c_python.so -o .libs/c_python.so
libtool: install: /usr/bin/install -c .libs/c_python.soT /<<PKGBUILDDIR>>/debian/tmp3.9/usr/lib//gnucap0/c_python.so
libtool: install: /usr/bin/install -c .libs/c_python.lai /<<PKGBUILDDIR>>/debian/tmp3.9/usr/lib//gnucap0/c_python.la
libtool: warning: remember to run 'libtool --finish /usr/lib//gnucap0'
make[4]: Leaving directory '/<<PKGBUILDDIR>>/build3.9'
make[3]: Leaving directory '/<<PKGBUILDDIR>>/build3.9'
make[2]: Leaving directory '/<<PKGBUILDDIR>>/build3.9'
/bin/sh: 4: cd: can't cd to debian/tmp3.9/usr/lib/*/gnucap[0-9]
mv: cannot stat 'c_python.so': No such file or directory
cd debian/tmp/usr/lib/*/gnucap[0-9]; ln -sf c_python3.9.so c_python.so
/bin/sh: 1: cd: can't cd to debian/tmp/usr/lib/*/gnucap[0-9]
mv debian/tmp3.9/usr/share debian/tmp/usr
printf "0.0.0\n=====\n* initial release\n" > debian/tmp/usr/share/doc/gnucap-python/NEWS
make[1]: Leaving directory '/<<PKGBUILDDIR>>'
   dh_install
dh_install: warning: Cannot find (any matches for) "usr/lib/*/gnucap*/gnucap-python/*.so" (tried in ., debian/tmp)

dh_install: warning: gnucap-python missing files: usr/lib/*/gnucap*/gnucap-python/*.so
dh_install: warning: Cannot find (any matches for) "usr/lib/*/gnucap*/gnucap-python/*.so.*" (tried in ., debian/tmp)

dh_install: warning: gnucap-python missing files: usr/lib/*/gnucap*/gnucap-python/*.so.*
dh_install: error: missing files, aborting
make: *** [debian/rules:21: binary] Error 25
dpkg-buildpackage: error: debian/rules binary subprocess returned exit status 2
--------------------------------------------------------------------------------
Build finished at 2021-10-26T21:38:49Z

Finished
--------


+------------------------------------------------------------------------------+
| Cleanup                                                                      |
+------------------------------------------------------------------------------+

Purging /<<BUILDDIR>>
Not cleaning session: cloned chroot in use
E: Build failure (dpkg-buildpackage died)

+------------------------------------------------------------------------------+
| Summary                                                                      |
+------------------------------------------------------------------------------+

Build Architecture: amd64
Build Type: binary
Build-Space: 217856
Build-Time: 95
Distribution: unstable
Fail-Stage: build
Host Architecture: amd64
Install-Time: 15
Job: gnucap-python_0.0.2-1.2
Machine Architecture: amd64
Package: gnucap-python
Package-Time: 131
Source-Version: 0.0.2-1.2
Space: 217856
Status: attempted
Version: 0.0.2-1.2
--------------------------------------------------------------------------------
Finished at 2021-10-26T21:38:49Z
Build needed 00:02:11, 217856k disk space
E: Build failure (dpkg-buildpackage died)
DC-Status: Failed 131.443769063s
DC-Time-Estimation: 131.443769063 versus expected 354 (r/m: 1.69316683874403 ; m: 131.443769063)
