DC-Build-Header: grub 0.97-78 / 2021-10-26 23:13:14 +0000
DC-Task: type:rebuild-binarch-only source:grub version:0.97-78 chroot:unstable esttime:55 logfile:/tmp/grub_0.97-78_unstable_clang12.log modes:clang12:binarch-only
DC-Sbuild-call: su user42 -c 'sbuild -n --arch-any --apt-update -d unstable -v --no-run-lintian --chroot-setup-commands=/tmp/clang12 grub_0.97-78'
sbuild (Debian sbuild) 0.78.1 (09 February 2019) on ip-172-31-6-254.eu-central-1.compute.internal

+==============================================================================+
| grub 0.97-78 (amd64)                         Tue, 26 Oct 2021 23:13:14 +0000 |
+==============================================================================+

Package: grub
Version: 0.97-78
Source Version: 0.97-78
Distribution: unstable
Machine Architecture: amd64
Host Architecture: amd64
Build Architecture: amd64
Build Type: binary

I: NOTICE: Log filtering will replace 'var/run/schroot/mount/sid-amd64-sbuild-95de8499-35bd-410d-a1c6-0d4555427354' with '<<CHROOT>>'

+------------------------------------------------------------------------------+
| Chroot Setup Commands                                                        |
+------------------------------------------------------------------------------+


/tmp/clang12
------------

+ echo 'Entering customization script...'
Entering customization script...
+ CLANG_VERSION=12
+ echo 'Install of clang-12'
Install of clang-12
+ apt-get update
Get:1 http://127.0.0.1:12990/debian sid InRelease [165 kB]
Get:2 http://127.0.0.1:12990/debian sid/main Sources.diff/Index [63.6 kB]
Get:3 http://127.0.0.1:12990/debian sid/main amd64 Packages.diff/Index [63.6 kB]
Get:4 http://127.0.0.1:12990/debian sid/main Sources T-2021-10-26-2004.40-F-2021-10-26-0202.15.pdiff [47.3 kB]
Get:4 http://127.0.0.1:12990/debian sid/main Sources T-2021-10-26-2004.40-F-2021-10-26-0202.15.pdiff [47.3 kB]
Get:5 http://127.0.0.1:12990/debian sid/main amd64 Packages T-2021-10-26-2004.40-F-2021-10-26-0202.15.pdiff [55.9 kB]
Get:5 http://127.0.0.1:12990/debian sid/main amd64 Packages T-2021-10-26-2004.40-F-2021-10-26-0202.15.pdiff [55.9 kB]
Get:6 http://127.0.0.1:12990/debian sid/main Translation-en [6586 kB]
Fetched 6981 kB in 3s (2759 kB/s)
Reading package lists...
+ apt-get install --yes --no-install-recommends --force-yes clang-12 libomp-12-dev libobjc-9-dev
Reading package lists...
Building dependency tree...
The following additional packages will be installed:
  lib32gcc-s1 lib32stdc++6 libasan5 libbsd0 libc6-i386 libclang-common-12-dev
  libclang-cpp12 libclang1-12 libedit2 libelf1 libgc1 libgcc-9-dev libicu67
  libllvm12 libmd0 libobjc-11-dev libobjc4 libomp5-12 libunwind-12 libxml2
  libz3-4 llvm-12-linker-tools
Suggested packages:
  clang-12-doc libomp-12-doc
Recommended packages:
  llvm-12-dev python3
The following NEW packages will be installed:
  clang-12 lib32gcc-s1 lib32stdc++6 libasan5 libbsd0 libc6-i386
  libclang-common-12-dev libclang-cpp12 libclang1-12 libedit2 libelf1 libgc1
  libgcc-9-dev libicu67 libllvm12 libmd0 libobjc-11-dev libobjc-9-dev libobjc4
  libomp-12-dev libomp5-12 libunwind-12 libxml2 libz3-4 llvm-12-linker-tools
0 upgraded, 25 newly installed, 0 to remove and 0 not upgraded.
Need to get 67.6 MB of archives.
After this operation, 349 MB of additional disk space will be used.
Get:1 http://127.0.0.1:12990/debian sid/main amd64 libmd0 amd64 1.0.4-1 [29.6 kB]
Get:2 http://127.0.0.1:12990/debian sid/main amd64 libbsd0 amd64 0.11.3-1 [108 kB]
Get:3 http://127.0.0.1:12990/debian sid/main amd64 libedit2 amd64 3.1-20210910-1 [97.5 kB]
Get:4 http://127.0.0.1:12990/debian sid/main amd64 libicu67 amd64 67.1-7 [8622 kB]
Get:5 http://127.0.0.1:12990/debian sid/main amd64 libxml2 amd64 2.9.12+dfsg-5 [696 kB]
Get:6 http://127.0.0.1:12990/debian sid/main amd64 libz3-4 amd64 4.8.12-1+b1 [6997 kB]
Get:7 http://127.0.0.1:12990/debian sid/main amd64 libllvm12 amd64 1:12.0.1-15 [19.4 MB]
Get:8 http://127.0.0.1:12990/debian sid/main amd64 libclang-cpp12 amd64 1:12.0.1-15 [9996 kB]
Get:9 http://127.0.0.1:12990/debian sid/main amd64 libgc1 amd64 1:8.0.4-3 [239 kB]
Get:10 http://127.0.0.1:12990/debian sid/main amd64 libobjc4 amd64 11.2.0-10 [43.2 kB]
Get:11 http://127.0.0.1:12990/debian sid/main amd64 libobjc-11-dev amd64 11.2.0-10 [170 kB]
Get:12 http://127.0.0.1:12990/debian sid/main amd64 libc6-i386 amd64 2.32-4 [2624 kB]
Get:13 http://127.0.0.1:12990/debian sid/main amd64 lib32gcc-s1 amd64 11.2.0-10 [49.9 kB]
Get:14 http://127.0.0.1:12990/debian sid/main amd64 lib32stdc++6 amd64 11.2.0-10 [601 kB]
Get:15 http://127.0.0.1:12990/debian sid/main amd64 libclang-common-12-dev amd64 1:12.0.1-15 [4819 kB]
Get:16 http://127.0.0.1:12990/debian sid/main amd64 llvm-12-linker-tools amd64 1:12.0.1-15 [1222 kB]
Get:17 http://127.0.0.1:12990/debian sid/main amd64 libclang1-12 amd64 1:12.0.1-15 [5644 kB]
Get:18 http://127.0.0.1:12990/debian sid/main amd64 clang-12 amd64 1:12.0.1-15 [117 kB]
Get:19 http://127.0.0.1:12990/debian sid/main amd64 libasan5 amd64 9.4.0-3 [2734 kB]
Get:20 http://127.0.0.1:12990/debian sid/main amd64 libelf1 amd64 0.185-2 [172 kB]
Get:21 http://127.0.0.1:12990/debian sid/main amd64 libgcc-9-dev amd64 9.4.0-3 [2343 kB]
Get:22 http://127.0.0.1:12990/debian sid/main amd64 libobjc-9-dev amd64 9.4.0-3 [219 kB]
Get:23 http://127.0.0.1:12990/debian sid/main amd64 libunwind-12 amd64 1:12.0.1-15 [63.9 kB]
Get:24 http://127.0.0.1:12990/debian sid/main amd64 libomp5-12 amd64 1:12.0.1-15 [405 kB]
Get:25 http://127.0.0.1:12990/debian sid/main amd64 libomp-12-dev amd64 1:12.0.1-15 [104 kB]
debconf: delaying package configuration, since apt-utils is not installed
Fetched 67.6 MB in 0s (155 MB/s)
Selecting previously unselected package libmd0:amd64.
(Reading database ... (Reading database ... 5%(Reading database ... 10%(Reading database ... 15%(Reading database ... 20%(Reading database ... 25%(Reading database ... 30%(Reading database ... 35%(Reading database ... 40%(Reading database ... 45%(Reading database ... 50%(Reading database ... 55%(Reading database ... 60%(Reading database ... 65%(Reading database ... 70%(Reading database ... 75%(Reading database ... 80%(Reading database ... 85%(Reading database ... 90%(Reading database ... 95%(Reading database ... 100%(Reading database ... 12431 files and directories currently installed.)
Preparing to unpack .../00-libmd0_1.0.4-1_amd64.deb ...
Unpacking libmd0:amd64 (1.0.4-1) ...
Selecting previously unselected package libbsd0:amd64.
Preparing to unpack .../01-libbsd0_0.11.3-1_amd64.deb ...
Unpacking libbsd0:amd64 (0.11.3-1) ...
Selecting previously unselected package libedit2:amd64.
Preparing to unpack .../02-libedit2_3.1-20210910-1_amd64.deb ...
Unpacking libedit2:amd64 (3.1-20210910-1) ...
Selecting previously unselected package libicu67:amd64.
Preparing to unpack .../03-libicu67_67.1-7_amd64.deb ...
Unpacking libicu67:amd64 (67.1-7) ...
Selecting previously unselected package libxml2:amd64.
Preparing to unpack .../04-libxml2_2.9.12+dfsg-5_amd64.deb ...
Unpacking libxml2:amd64 (2.9.12+dfsg-5) ...
Selecting previously unselected package libz3-4:amd64.
Preparing to unpack .../05-libz3-4_4.8.12-1+b1_amd64.deb ...
Unpacking libz3-4:amd64 (4.8.12-1+b1) ...
Selecting previously unselected package libllvm12:amd64.
Preparing to unpack .../06-libllvm12_1%3a12.0.1-15_amd64.deb ...
Unpacking libllvm12:amd64 (1:12.0.1-15) ...
Selecting previously unselected package libclang-cpp12.
Preparing to unpack .../07-libclang-cpp12_1%3a12.0.1-15_amd64.deb ...
Unpacking libclang-cpp12 (1:12.0.1-15) ...
Selecting previously unselected package libgc1:amd64.
Preparing to unpack .../08-libgc1_1%3a8.0.4-3_amd64.deb ...
Unpacking libgc1:amd64 (1:8.0.4-3) ...
Selecting previously unselected package libobjc4:amd64.
Preparing to unpack .../09-libobjc4_11.2.0-10_amd64.deb ...
Unpacking libobjc4:amd64 (11.2.0-10) ...
Selecting previously unselected package libobjc-11-dev:amd64.
Preparing to unpack .../10-libobjc-11-dev_11.2.0-10_amd64.deb ...
Unpacking libobjc-11-dev:amd64 (11.2.0-10) ...
Selecting previously unselected package libc6-i386.
Preparing to unpack .../11-libc6-i386_2.32-4_amd64.deb ...
Unpacking libc6-i386 (2.32-4) ...
Selecting previously unselected package lib32gcc-s1.
Preparing to unpack .../12-lib32gcc-s1_11.2.0-10_amd64.deb ...
Unpacking lib32gcc-s1 (11.2.0-10) ...
Selecting previously unselected package lib32stdc++6.
Preparing to unpack .../13-lib32stdc++6_11.2.0-10_amd64.deb ...
Unpacking lib32stdc++6 (11.2.0-10) ...
Selecting previously unselected package libclang-common-12-dev.
Preparing to unpack .../14-libclang-common-12-dev_1%3a12.0.1-15_amd64.deb ...
Unpacking libclang-common-12-dev (1:12.0.1-15) ...
Selecting previously unselected package llvm-12-linker-tools.
Preparing to unpack .../15-llvm-12-linker-tools_1%3a12.0.1-15_amd64.deb ...
Unpacking llvm-12-linker-tools (1:12.0.1-15) ...
Selecting previously unselected package libclang1-12.
Preparing to unpack .../16-libclang1-12_1%3a12.0.1-15_amd64.deb ...
Unpacking libclang1-12 (1:12.0.1-15) ...
Selecting previously unselected package clang-12.
Preparing to unpack .../17-clang-12_1%3a12.0.1-15_amd64.deb ...
Unpacking clang-12 (1:12.0.1-15) ...
Selecting previously unselected package libasan5:amd64.
Preparing to unpack .../18-libasan5_9.4.0-3_amd64.deb ...
Unpacking libasan5:amd64 (9.4.0-3) ...
Selecting previously unselected package libelf1:amd64.
Preparing to unpack .../19-libelf1_0.185-2_amd64.deb ...
Unpacking libelf1:amd64 (0.185-2) ...
Selecting previously unselected package libgcc-9-dev:amd64.
Preparing to unpack .../20-libgcc-9-dev_9.4.0-3_amd64.deb ...
Unpacking libgcc-9-dev:amd64 (9.4.0-3) ...
Selecting previously unselected package libobjc-9-dev:amd64.
Preparing to unpack .../21-libobjc-9-dev_9.4.0-3_amd64.deb ...
Unpacking libobjc-9-dev:amd64 (9.4.0-3) ...
Selecting previously unselected package libunwind-12:amd64.
Preparing to unpack .../22-libunwind-12_1%3a12.0.1-15_amd64.deb ...
Unpacking libunwind-12:amd64 (1:12.0.1-15) ...
Selecting previously unselected package libomp5-12:amd64.
Preparing to unpack .../23-libomp5-12_1%3a12.0.1-15_amd64.deb ...
Unpacking libomp5-12:amd64 (1:12.0.1-15) ...
Selecting previously unselected package libomp-12-dev.
Preparing to unpack .../24-libomp-12-dev_1%3a12.0.1-15_amd64.deb ...
Unpacking libomp-12-dev (1:12.0.1-15) ...
Setting up libicu67:amd64 (67.1-7) ...
Setting up libasan5:amd64 (9.4.0-3) ...
Setting up libz3-4:amd64 (4.8.12-1+b1) ...
Setting up libunwind-12:amd64 (1:12.0.1-15) ...
Setting up libgc1:amd64 (1:8.0.4-3) ...
Setting up libmd0:amd64 (1.0.4-1) ...
Setting up libc6-i386 (2.32-4) ...
Setting up libbsd0:amd64 (0.11.3-1) ...
Setting up libelf1:amd64 (0.185-2) ...
Setting up libxml2:amd64 (2.9.12+dfsg-5) ...
Setting up libedit2:amd64 (3.1-20210910-1) ...
Setting up libobjc4:amd64 (11.2.0-10) ...
Setting up libgcc-9-dev:amd64 (9.4.0-3) ...
Setting up lib32gcc-s1 (11.2.0-10) ...
Setting up lib32stdc++6 (11.2.0-10) ...
Setting up libllvm12:amd64 (1:12.0.1-15) ...
Setting up libobjc-9-dev:amd64 (9.4.0-3) ...
Setting up libclang-common-12-dev (1:12.0.1-15) ...
Setting up libomp5-12:amd64 (1:12.0.1-15) ...
Setting up libobjc-11-dev:amd64 (11.2.0-10) ...
Setting up llvm-12-linker-tools (1:12.0.1-15) ...
Setting up libclang1-12 (1:12.0.1-15) ...
Setting up libclang-cpp12 (1:12.0.1-15) ...
Setting up libomp-12-dev (1:12.0.1-15) ...
Setting up clang-12 (1:12.0.1-15) ...
Processing triggers for libc-bin (2.32-4) ...
W: --force-yes is deprecated, use one of the options starting with --allow instead.
+ echo 'Replace gcc, g++ & cpp by clang'
Replace gcc, g++ & cpp by clang
+ VERSIONS='4.6 4.7 4.8 4.9 5 6 7 8 9 10 11'
+ cd /usr/bin
+ for VERSION in $VERSIONS
+ rm -f g++-4.6 gcc-4.6 cpp-4.6 gcc
+ ln -s clang++-12 g++-4.6
+ ln -s clang-12 gcc-4.6
+ ln -s clang-12 cpp-4.6
+ ln -s clang-12 gcc
+ echo 'gcc-4.6 hold'
+ dpkg --set-selections
dpkg: warning: package not in status nor available database at line 1: gcc-4.6
dpkg: warning: found unknown packages; this might mean the available database
is outdated, and needs to be updated through a frontend method;
please see the FAQ <https://wiki.debian.org/Teams/Dpkg/FAQ>
+ echo 'g++-4.6 hold'
+ dpkg --set-selections
dpkg: warning: package not in status nor available database at line 1: g++-4.6
dpkg: warning: found unknown packages; this might mean the available database
is outdated, and needs to be updated through a frontend method;
please see the FAQ <https://wiki.debian.org/Teams/Dpkg/FAQ>
+ for VERSION in $VERSIONS
+ rm -f g++-4.7 gcc-4.7 cpp-4.7 gcc
+ ln -s clang++-12 g++-4.7
+ ln -s clang-12 gcc-4.7
+ ln -s clang-12 cpp-4.7
+ ln -s clang-12 gcc
+ echo 'gcc-4.7 hold'
+ dpkg --set-selections
dpkg: warning: package not in status nor available database at line 1: gcc-4.7
dpkg: warning: found unknown packages; this might mean the available database
is outdated, and needs to be updated through a frontend method;
please see the FAQ <https://wiki.debian.org/Teams/Dpkg/FAQ>
+ echo 'g++-4.7 hold'
+ dpkg --set-selections
dpkg: warning: package not in status nor available database at line 1: g++-4.7
dpkg: warning: found unknown packages; this might mean the available database
is outdated, and needs to be updated through a frontend method;
please see the FAQ <https://wiki.debian.org/Teams/Dpkg/FAQ>
+ for VERSION in $VERSIONS
+ rm -f g++-4.8 gcc-4.8 cpp-4.8 gcc
+ ln -s clang++-12 g++-4.8
+ ln -s clang-12 gcc-4.8
+ ln -s clang-12 cpp-4.8
+ ln -s clang-12 gcc
+ echo 'gcc-4.8 hold'
+ dpkg --set-selections
dpkg: warning: package not in status nor available database at line 1: gcc-4.8
dpkg: warning: found unknown packages; this might mean the available database
is outdated, and needs to be updated through a frontend method;
please see the FAQ <https://wiki.debian.org/Teams/Dpkg/FAQ>
+ echo 'g++-4.8 hold'
+ dpkg --set-selections
dpkg: warning: package not in status nor available database at line 1: g++-4.8
dpkg: warning: found unknown packages; this might mean the available database
is outdated, and needs to be updated through a frontend method;
please see the FAQ <https://wiki.debian.org/Teams/Dpkg/FAQ>
+ for VERSION in $VERSIONS
+ rm -f g++-4.9 gcc-4.9 cpp-4.9 gcc
+ ln -s clang++-12 g++-4.9
+ ln -s clang-12 gcc-4.9
+ ln -s clang-12 cpp-4.9
+ ln -s clang-12 gcc
+ echo 'gcc-4.9 hold'
+ dpkg --set-selections
dpkg: warning: package not in status nor available database at line 1: gcc-4.9
dpkg: warning: found unknown packages; this might mean the available database
is outdated, and needs to be updated through a frontend method;
please see the FAQ <https://wiki.debian.org/Teams/Dpkg/FAQ>
+ echo 'g++-4.9 hold'
+ dpkg --set-selections
dpkg: warning: package not in status nor available database at line 1: g++-4.9
dpkg: warning: found unknown packages; this might mean the available database
is outdated, and needs to be updated through a frontend method;
please see the FAQ <https://wiki.debian.org/Teams/Dpkg/FAQ>
+ for VERSION in $VERSIONS
+ rm -f g++-5 gcc-5 cpp-5 gcc
+ ln -s clang++-12 g++-5
+ ln -s clang-12 gcc-5
+ ln -s clang-12 cpp-5
+ ln -s clang-12 gcc
+ echo 'gcc-5 hold'
+ dpkg --set-selections
dpkg: warning: package not in status nor available database at line 1: gcc-5
dpkg: warning: found unknown packages; this might mean the available database
is outdated, and needs to be updated through a frontend method;
please see the FAQ <https://wiki.debian.org/Teams/Dpkg/FAQ>
+ echo 'g++-5 hold'
+ dpkg --set-selections
dpkg: warning: package not in status nor available database at line 1: g++-5
dpkg: warning: found unknown packages; this might mean the available database
is outdated, and needs to be updated through a frontend method;
please see the FAQ <https://wiki.debian.org/Teams/Dpkg/FAQ>
+ for VERSION in $VERSIONS
+ rm -f g++-6 gcc-6 cpp-6 gcc
+ ln -s clang++-12 g++-6
+ ln -s clang-12 gcc-6
+ ln -s clang-12 cpp-6
+ ln -s clang-12 gcc
+ echo 'gcc-6 hold'
+ dpkg --set-selections
dpkg: warning: package not in status nor available database at line 1: gcc-6
dpkg: warning: found unknown packages; this might mean the available database
is outdated, and needs to be updated through a frontend method;
please see the FAQ <https://wiki.debian.org/Teams/Dpkg/FAQ>
+ echo 'g++-6 hold'
+ dpkg --set-selections
dpkg: warning: package not in status nor available database at line 1: g++-6
dpkg: warning: found unknown packages; this might mean the available database
is outdated, and needs to be updated through a frontend method;
please see the FAQ <https://wiki.debian.org/Teams/Dpkg/FAQ>
+ for VERSION in $VERSIONS
+ rm -f g++-7 gcc-7 cpp-7 gcc
+ ln -s clang++-12 g++-7
+ ln -s clang-12 gcc-7
+ ln -s clang-12 cpp-7
+ ln -s clang-12 gcc
+ echo 'gcc-7 hold'
+ dpkg --set-selections
dpkg: warning: package not in status nor available database at line 1: gcc-7
dpkg: warning: found unknown packages; this might mean the available database
is outdated, and needs to be updated through a frontend method;
please see the FAQ <https://wiki.debian.org/Teams/Dpkg/FAQ>
+ echo 'g++-7 hold'
+ dpkg --set-selections
dpkg: warning: package not in status nor available database at line 1: g++-7
dpkg: warning: found unknown packages; this might mean the available database
is outdated, and needs to be updated through a frontend method;
please see the FAQ <https://wiki.debian.org/Teams/Dpkg/FAQ>
+ for VERSION in $VERSIONS
+ rm -f g++-8 gcc-8 cpp-8 gcc
+ ln -s clang++-12 g++-8
+ ln -s clang-12 gcc-8
+ ln -s clang-12 cpp-8
+ ln -s clang-12 gcc
+ echo 'gcc-8 hold'
+ dpkg --set-selections
dpkg: warning: package not in status nor available database at line 1: gcc-8
dpkg: warning: found unknown packages; this might mean the available database
is outdated, and needs to be updated through a frontend method;
please see the FAQ <https://wiki.debian.org/Teams/Dpkg/FAQ>
+ echo 'g++-8 hold'
+ dpkg --set-selections
dpkg: warning: package not in status nor available database at line 1: g++-8
dpkg: warning: found unknown packages; this might mean the available database
is outdated, and needs to be updated through a frontend method;
please see the FAQ <https://wiki.debian.org/Teams/Dpkg/FAQ>
+ for VERSION in $VERSIONS
+ rm -f g++-9 gcc-9 cpp-9 gcc
+ ln -s clang++-12 g++-9
+ ln -s clang-12 gcc-9
+ ln -s clang-12 cpp-9
+ ln -s clang-12 gcc
+ echo 'gcc-9 hold'
+ dpkg --set-selections
dpkg: warning: package not in status nor available database at line 1: gcc-9
dpkg: warning: found unknown packages; this might mean the available database
is outdated, and needs to be updated through a frontend method;
please see the FAQ <https://wiki.debian.org/Teams/Dpkg/FAQ>
+ echo 'g++-9 hold'
+ dpkg --set-selections
dpkg: warning: package not in status nor available database at line 1: g++-9
dpkg: warning: found unknown packages; this might mean the available database
is outdated, and needs to be updated through a frontend method;
please see the FAQ <https://wiki.debian.org/Teams/Dpkg/FAQ>
+ for VERSION in $VERSIONS
+ rm -f g++-10 gcc-10 cpp-10 gcc
+ ln -s clang++-12 g++-10
+ ln -s clang-12 gcc-10
+ ln -s clang-12 cpp-10
+ ln -s clang-12 gcc
+ echo 'gcc-10 hold'
+ dpkg --set-selections
dpkg: warning: package not in status nor available database at line 1: gcc-10
dpkg: warning: found unknown packages; this might mean the available database
is outdated, and needs to be updated through a frontend method;
please see the FAQ <https://wiki.debian.org/Teams/Dpkg/FAQ>
+ echo 'g++-10 hold'
+ dpkg --set-selections
dpkg: warning: package not in status nor available database at line 1: g++-10
dpkg: warning: found unknown packages; this might mean the available database
is outdated, and needs to be updated through a frontend method;
please see the FAQ <https://wiki.debian.org/Teams/Dpkg/FAQ>
+ for VERSION in $VERSIONS
+ rm -f g++-11 gcc-11 cpp-11 gcc
+ ln -s clang++-12 g++-11
+ ln -s clang-12 gcc-11
+ ln -s clang-12 cpp-11
+ ln -s clang-12 gcc
+ echo 'gcc-11 hold'
+ dpkg --set-selections
+ echo 'g++-11 hold'
+ dpkg --set-selections
+ cd -
/build/grub-MLfM3M
+ echo 'Check if gcc, g++ & cpp are actually clang'
Check if gcc, g++ & cpp are actually clang
+ gcc --version
+ grep clang
+ cpp --version
+ grep clang
+ g++ --version
+ grep clang
+ cd /usr/bin/
+ rm -f clang++ clang
+ ln -s clang-12 clang++
+ ln -s clang-12 clang
+ clang++ --version
Debian clang version 12.0.1-15
Target: x86_64-pc-linux-gnu
Thread model: posix
InstalledDir: /usr/bin
+ clang --version
Debian clang version 12.0.1-15
Target: x86_64-pc-linux-gnu
Thread model: posix
InstalledDir: /usr/bin
+ cd -
/build/grub-MLfM3M
+ apt install --yes --no-install-recommends --force-yes qt5-qmake

WARNING: apt does not have a stable CLI interface. Use with caution in scripts.

Reading package lists...
Building dependency tree...
Reading state information...
The following additional packages will be installed:
  qt5-qmake-bin qtchooser
The following NEW packages will be installed:
  qt5-qmake qt5-qmake-bin qtchooser
0 upgraded, 3 newly installed, 0 to remove and 0 not upgraded.
Need to get 1322 kB of archives.
After this operation, 4914 kB of additional disk space will be used.
Get:1 http://127.0.0.1:12990/debian sid/main amd64 qt5-qmake-bin amd64 5.15.2+dfsg-12 [1046 kB]
Get:2 http://127.0.0.1:12990/debian sid/main amd64 qtchooser amd64 66-2 [26.3 kB]
Get:3 http://127.0.0.1:12990/debian sid/main amd64 qt5-qmake amd64 5.15.2+dfsg-12 [249 kB]
debconf: delaying package configuration, since apt-utils is not installed
Fetched 1322 kB in 0s (58.6 MB/s)
Selecting previously unselected package qt5-qmake-bin.
(Reading database ... (Reading database ... 5%(Reading database ... 10%(Reading database ... 15%(Reading database ... 20%(Reading database ... 25%(Reading database ... 30%(Reading database ... 35%(Reading database ... 40%(Reading database ... 45%(Reading database ... 50%(Reading database ... 55%(Reading database ... 60%(Reading database ... 65%(Reading database ... 70%(Reading database ... 75%(Reading database ... 80%(Reading database ... 85%(Reading database ... 90%(Reading database ... 95%(Reading database ... 100%(Reading database ... 13527 files and directories currently installed.)
Preparing to unpack .../qt5-qmake-bin_5.15.2+dfsg-12_amd64.deb ...
Unpacking qt5-qmake-bin (5.15.2+dfsg-12) ...
Selecting previously unselected package qtchooser.
Preparing to unpack .../qtchooser_66-2_amd64.deb ...
Unpacking qtchooser (66-2) ...
Selecting previously unselected package qt5-qmake:amd64.
Preparing to unpack .../qt5-qmake_5.15.2+dfsg-12_amd64.deb ...
Unpacking qt5-qmake:amd64 (5.15.2+dfsg-12) ...
Setting up qt5-qmake-bin (5.15.2+dfsg-12) ...
Setting up qtchooser (66-2) ...
Setting up qt5-qmake:amd64 (5.15.2+dfsg-12) ...
W: --force-yes is deprecated, use one of the options starting with --allow instead.
+ cp /usr/lib/x86_64-linux-gnu/qt5/mkspecs/linux-clang/qmake.conf /usr/lib/x86_64-linux-gnu/qt5/mkspecs/linux-clang/qplatformdefs.h /usr/lib/x86_64-linux-gnu/qt5/mkspecs/linux-g++/
+ ls -al /usr/lib/x86_64-linux-gnu/qt5/mkspecs/linux-g++/
total 16
drwxr-xr-x  2 root root 4096 Oct 26 23:13 .
drwxr-xr-x 76 root root 4096 Oct 26 23:13 ..
-rw-r--r--  1 root root  276 Oct 26 23:13 qmake.conf
-rw-r--r--  1 root root 3218 Oct 26 23:13 qplatformdefs.h
+ cat /usr/lib/x86_64-linux-gnu/qt5/mkspecs/linux-g++/qmake.conf
#
# qmake configuration for linux-clang
#

MAKEFILE_GENERATOR = UNIX
CONFIG += incremental

QMAKE_INCREMENTAL_STYLE = sublib

include(../common/linux.conf)
include(../common/gcc-base-unix.conf)
include(../common/clang.conf)

QMAKE_LFLAGS += -ccc-gcc-name g++

load(qt_config)
+ export QMAKESPEC=/usr/lib/x86_64-linux-gnu/qt5/mkspecs/linux-clang/
+ QMAKESPEC=/usr/lib/x86_64-linux-gnu/qt5/mkspecs/linux-clang/
+ sed -i -e 's|compare_problem(2,|compare_problem(0,|g' /usr/bin/dpkg-gensymbols
+ sed -i -e 's|compare_problem(1,|compare_problem(0,|g' /usr/bin/dpkg-gensymbols
+ grep 'compare_problem(' /usr/bin/dpkg-gensymbols
        compare_problem(4, g_('new libraries appeared in the symbols file: %s'), "@libs");
        compare_problem(3, g_('some libraries disappeared in the symbols file: %s'), "@libs");
        compare_problem(0, g_('some new symbols appeared in the symbols file: %s'),
        compare_problem(0, g_('some symbols or patterns disappeared in the symbols file: %s'),

I: Finished running '/tmp/clang12'.

Finished processing commands.
--------------------------------------------------------------------------------
I: NOTICE: Log filtering will replace 'build/grub-MLfM3M/resolver-hqjtb2' with '<<RESOLVERDIR>>'

+------------------------------------------------------------------------------+
| Update chroot                                                                |
+------------------------------------------------------------------------------+

Hit:1 http://127.0.0.1:12990/debian sid InRelease
Reading package lists...
Reading package lists...
Building dependency tree...
Reading state information...
Calculating upgrade...
0 upgraded, 0 newly installed, 0 to remove and 0 not upgraded.

+------------------------------------------------------------------------------+
| Fetch source files                                                           |
+------------------------------------------------------------------------------+


Check APT
---------

Checking available source versions...

Download source files with APT
------------------------------

Reading package lists...
NOTICE: 'grub' packaging is maintained in the 'Git' version control system at:
https://salsa.debian.org/grub-team/grub-legacy.git
Please use:
git clone https://salsa.debian.org/grub-team/grub-legacy.git
to retrieve the latest (possibly unreleased) updates to the package.
Need to get 1048 kB of source archives.
Get:1 http://127.0.0.1:12990/debian sid/main grub 0.97-78 (dsc) [2124 B]
Get:2 http://127.0.0.1:12990/debian sid/main grub 0.97-78 (tar) [972 kB]
Get:3 http://127.0.0.1:12990/debian sid/main grub 0.97-78 (diff) [74.5 kB]
Fetched 1048 kB in 0s (9712 kB/s)
Download complete and in download only mode
I: NOTICE: Log filtering will replace 'build/grub-MLfM3M/grub-0.97' with '<<PKGBUILDDIR>>'
I: NOTICE: Log filtering will replace 'build/grub-MLfM3M' with '<<BUILDDIR>>'

+------------------------------------------------------------------------------+
| Install package build dependencies                                           |
+------------------------------------------------------------------------------+


Setup apt archive
-----------------

Merged Build-Depends: debhelper-compat (= 12), dh-exec, help2man, texinfo, libncurses5-dev | libncurses-dev, gcc-multilib, build-essential, fakeroot, texi2html
Filtered Build-Depends: debhelper-compat (= 12), dh-exec, help2man, texinfo, libncurses5-dev, gcc-multilib, build-essential, fakeroot, texi2html
dpkg-deb: building package 'sbuild-build-depends-main-dummy' in '/<<RESOLVERDIR>>/apt_archive/sbuild-build-depends-main-dummy.deb'.
Ign:1 copy:/<<RESOLVERDIR>>/apt_archive ./ InRelease
Get:2 copy:/<<RESOLVERDIR>>/apt_archive ./ Release [957 B]
Ign:3 copy:/<<RESOLVERDIR>>/apt_archive ./ Release.gpg
Get:4 copy:/<<RESOLVERDIR>>/apt_archive ./ Sources [436 B]
Get:5 copy:/<<RESOLVERDIR>>/apt_archive ./ Packages [495 B]
Fetched 1888 B in 0s (188 kB/s)
Reading package lists...
Reading package lists...

Install main build dependencies (apt-based resolver)
----------------------------------------------------

Installing build dependencies
Reading package lists...
Building dependency tree...
Reading state information...
The following additional packages will be installed:
  autoconf automake autopoint autotools-dev bsdextrautils debhelper
  dh-autoreconf dh-exec dh-strip-nondeterminism dwz file gcc-11-multilib
  gcc-multilib gettext gettext-base groff-base help2man intltool-debian
  lib32asan6 lib32atomic1 lib32gcc-11-dev lib32gomp1 lib32itm1 lib32quadmath0
  lib32ubsan1 libarchive-zip-perl libc6-dev-i386 libc6-dev-x32 libc6-x32
  libdebhelper-perl libfile-stripnondeterminism-perl liblocale-gettext-perl
  libmagic-mgc libmagic1 libncurses-dev libncurses5-dev libncurses6
  libncursesw6 libpipeline1 libsigsegv2 libsub-override-perl
  libtext-unidecode-perl libtool libuchardet0 libx32asan6 libx32atomic1
  libx32gcc-11-dev libx32gcc-s1 libx32gomp1 libx32itm1 libx32quadmath0
  libx32stdc++6 libx32ubsan1 libxml-libxml-perl libxml-namespacesupport-perl
  libxml-sax-base-perl libxml-sax-perl m4 man-db po-debconf sensible-utils
  tex-common texi2html texinfo ucf
Suggested packages:
  autoconf-archive gnu-standards autoconf-doc dh-make gettext-doc
  libasprintf-dev libgettextpo-dev groff ncurses-doc libtool-doc gfortran
  | fortran95-compiler gcj-jdk m4-doc apparmor less www-browser
  libmail-box-perl latex2html texlive-base texlive-latex-base
  texlive-plain-generic texlive-fonts-recommended
Recommended packages:
  curl | wget | lynx libarchive-cpio-perl libgpm2 libltdl-dev libwww-perl
  libxml-sax-expat-perl libmail-sendmail-perl
The following NEW packages will be installed:
  autoconf automake autopoint autotools-dev bsdextrautils debhelper
  dh-autoreconf dh-exec dh-strip-nondeterminism dwz file gcc-11-multilib
  gcc-multilib gettext gettext-base groff-base help2man intltool-debian
  lib32asan6 lib32atomic1 lib32gcc-11-dev lib32gomp1 lib32itm1 lib32quadmath0
  lib32ubsan1 libarchive-zip-perl libc6-dev-i386 libc6-dev-x32 libc6-x32
  libdebhelper-perl libfile-stripnondeterminism-perl liblocale-gettext-perl
  libmagic-mgc libmagic1 libncurses-dev libncurses5-dev libncurses6
  libncursesw6 libpipeline1 libsigsegv2 libsub-override-perl
  libtext-unidecode-perl libtool libuchardet0 libx32asan6 libx32atomic1
  libx32gcc-11-dev libx32gcc-s1 libx32gomp1 libx32itm1 libx32quadmath0
  libx32stdc++6 libx32ubsan1 libxml-libxml-perl libxml-namespacesupport-perl
  libxml-sax-base-perl libxml-sax-perl m4 man-db po-debconf
  sbuild-build-depends-main-dummy sensible-utils tex-common texi2html texinfo
  ucf
0 upgraded, 66 newly installed, 0 to remove and 0 not upgraded.
Need to get 29.7 MB of archives.
After this operation, 119 MB of additional disk space will be used.
Get:1 copy:/<<RESOLVERDIR>>/apt_archive ./ sbuild-build-depends-main-dummy 0.invalid.0 [928 B]
Get:2 http://127.0.0.1:12990/debian sid/main amd64 bsdextrautils amd64 2.37.2-4 [143 kB]
Get:3 http://127.0.0.1:12990/debian sid/main amd64 libuchardet0 amd64 0.0.7-1 [67.8 kB]
Get:4 http://127.0.0.1:12990/debian sid/main amd64 groff-base amd64 1.22.4-7 [935 kB]
Get:5 http://127.0.0.1:12990/debian sid/main amd64 libpipeline1 amd64 1.5.3-1 [34.3 kB]
Get:6 http://127.0.0.1:12990/debian sid/main amd64 man-db amd64 2.9.4-2 [1354 kB]
Get:7 http://127.0.0.1:12990/debian sid/main amd64 liblocale-gettext-perl amd64 1.07-4+b1 [19.0 kB]
Get:8 http://127.0.0.1:12990/debian sid/main amd64 sensible-utils all 0.0.17 [21.5 kB]
Get:9 http://127.0.0.1:12990/debian sid/main amd64 ucf all 3.0043 [74.0 kB]
Get:10 http://127.0.0.1:12990/debian sid/main amd64 tex-common all 6.17 [53.6 kB]
Get:11 http://127.0.0.1:12990/debian sid/main amd64 libmagic-mgc amd64 1:5.39-3 [273 kB]
Get:12 http://127.0.0.1:12990/debian sid/main amd64 libmagic1 amd64 1:5.39-3 [126 kB]
Get:13 http://127.0.0.1:12990/debian sid/main amd64 file amd64 1:5.39-3 [69.1 kB]
Get:14 http://127.0.0.1:12990/debian sid/main amd64 gettext-base amd64 0.21-4 [175 kB]
Get:15 http://127.0.0.1:12990/debian sid/main amd64 libsigsegv2 amd64 2.13-1 [34.8 kB]
Get:16 http://127.0.0.1:12990/debian sid/main amd64 m4 amd64 1.4.18-5 [204 kB]
Get:17 http://127.0.0.1:12990/debian sid/main amd64 autoconf all 2.71-2 [343 kB]
Get:18 http://127.0.0.1:12990/debian sid/main amd64 autotools-dev all 20180224.1+nmu1 [77.1 kB]
Get:19 http://127.0.0.1:12990/debian sid/main amd64 automake all 1:1.16.5-1 [823 kB]
Get:20 http://127.0.0.1:12990/debian sid/main amd64 autopoint all 0.21-4 [510 kB]
Get:21 http://127.0.0.1:12990/debian sid/main amd64 libdebhelper-perl all 13.5.2 [192 kB]
Get:22 http://127.0.0.1:12990/debian sid/main amd64 libtool all 2.4.6-15 [513 kB]
Get:23 http://127.0.0.1:12990/debian sid/main amd64 dh-autoreconf all 20 [17.1 kB]
Get:24 http://127.0.0.1:12990/debian sid/main amd64 libarchive-zip-perl all 1.68-1 [104 kB]
Get:25 http://127.0.0.1:12990/debian sid/main amd64 libsub-override-perl all 0.09-2 [10.2 kB]
Get:26 http://127.0.0.1:12990/debian sid/main amd64 libfile-stripnondeterminism-perl all 1.12.0-2 [26.3 kB]
Get:27 http://127.0.0.1:12990/debian sid/main amd64 dh-strip-nondeterminism all 1.12.0-2 [15.5 kB]
Get:28 http://127.0.0.1:12990/debian sid/main amd64 dwz amd64 0.14-1 [98.3 kB]
Get:29 http://127.0.0.1:12990/debian sid/main amd64 gettext amd64 0.21-4 [1311 kB]
Get:30 http://127.0.0.1:12990/debian sid/main amd64 intltool-debian all 0.35.0+20060710.5 [26.8 kB]
Get:31 http://127.0.0.1:12990/debian sid/main amd64 po-debconf all 1.0.21+nmu1 [248 kB]
Get:32 http://127.0.0.1:12990/debian sid/main amd64 debhelper all 13.5.2 [1056 kB]
Get:33 http://127.0.0.1:12990/debian sid/main amd64 dh-exec amd64 0.23.4 [27.1 kB]
Get:34 http://127.0.0.1:12990/debian sid/main amd64 libc6-dev-i386 amd64 2.32-4 [1786 kB]
Get:35 http://127.0.0.1:12990/debian sid/main amd64 libc6-x32 amd64 2.32-4 [2664 kB]
Get:36 http://127.0.0.1:12990/debian sid/main amd64 libc6-dev-x32 amd64 2.32-4 [1880 kB]
Get:37 http://127.0.0.1:12990/debian sid/main amd64 libx32gcc-s1 amd64 11.2.0-10 [42.0 kB]
Get:38 http://127.0.0.1:12990/debian sid/main amd64 lib32gomp1 amd64 11.2.0-10 [111 kB]
Get:39 http://127.0.0.1:12990/debian sid/main amd64 libx32gomp1 amd64 11.2.0-10 [106 kB]
Get:40 http://127.0.0.1:12990/debian sid/main amd64 lib32itm1 amd64 11.2.0-10 [27.8 kB]
Get:41 http://127.0.0.1:12990/debian sid/main amd64 libx32itm1 amd64 11.2.0-10 [26.3 kB]
Get:42 http://127.0.0.1:12990/debian sid/main amd64 lib32atomic1 amd64 11.2.0-10 [7720 B]
Get:43 http://127.0.0.1:12990/debian sid/main amd64 libx32atomic1 amd64 11.2.0-10 [8988 B]
Get:44 http://127.0.0.1:12990/debian sid/main amd64 lib32asan6 amd64 11.2.0-10 [1928 kB]
Get:45 http://127.0.0.1:12990/debian sid/main amd64 libx32asan6 amd64 11.2.0-10 [1923 kB]
Get:46 http://127.0.0.1:12990/debian sid/main amd64 lib32ubsan1 amd64 11.2.0-10 [813 kB]
Get:47 http://127.0.0.1:12990/debian sid/main amd64 libx32stdc++6 amd64 11.2.0-10 [560 kB]
Get:48 http://127.0.0.1:12990/debian sid/main amd64 libx32ubsan1 amd64 11.2.0-10 [818 kB]
Get:49 http://127.0.0.1:12990/debian sid/main amd64 lib32quadmath0 amd64 11.2.0-10 [226 kB]
Get:50 http://127.0.0.1:12990/debian sid/main amd64 libx32quadmath0 amd64 11.2.0-10 [147 kB]
Get:51 http://127.0.0.1:12990/debian sid/main amd64 lib32gcc-11-dev amd64 11.2.0-10 [2191 kB]
Get:52 http://127.0.0.1:12990/debian sid/main amd64 libx32gcc-11-dev amd64 11.2.0-10 [1991 kB]
Get:53 http://127.0.0.1:12990/debian sid/main amd64 gcc-11-multilib amd64 11.2.0-10 [1020 B]
Get:54 http://127.0.0.1:12990/debian sid/main amd64 gcc-multilib amd64 4:11.2.0-2 [1516 B]
Get:55 http://127.0.0.1:12990/debian sid/main amd64 help2man amd64 1.48.5 [143 kB]
Get:56 http://127.0.0.1:12990/debian sid/main amd64 libncurses6 amd64 6.2+20210905-1 [102 kB]
Get:57 http://127.0.0.1:12990/debian sid/main amd64 libncursesw6 amd64 6.2+20210905-1 [133 kB]
Get:58 http://127.0.0.1:12990/debian sid/main amd64 libncurses-dev amd64 6.2+20210905-1 [344 kB]
Get:59 http://127.0.0.1:12990/debian sid/main amd64 libncurses5-dev amd64 6.2+20210905-1 [940 B]
Get:60 http://127.0.0.1:12990/debian sid/main amd64 libtext-unidecode-perl all 1.30-1 [103 kB]
Get:61 http://127.0.0.1:12990/debian sid/main amd64 libxml-namespacesupport-perl all 1.12-1.1 [14.9 kB]
Get:62 http://127.0.0.1:12990/debian sid/main amd64 libxml-sax-base-perl all 1.09-1.1 [20.7 kB]
Get:63 http://127.0.0.1:12990/debian sid/main amd64 libxml-sax-perl all 1.02+dfsg-3 [59.4 kB]
Get:64 http://127.0.0.1:12990/debian sid/main amd64 libxml-libxml-perl amd64 2.0134+dfsg-2+b1 [337 kB]
Get:65 http://127.0.0.1:12990/debian sid/main amd64 texi2html all 1.82+dfsg1-6 [356 kB]
Get:66 http://127.0.0.1:12990/debian sid/main amd64 texinfo amd64 6.8-3 [1825 kB]
debconf: delaying package configuration, since apt-utils is not installed
Fetched 29.7 MB in 0s (127 MB/s)
Selecting previously unselected package bsdextrautils.
(Reading database ... 14272 files and directories currently installed.)
Preparing to unpack .../00-bsdextrautils_2.37.2-4_amd64.deb ...
Unpacking bsdextrautils (2.37.2-4) ...
Selecting previously unselected package libuchardet0:amd64.
Preparing to unpack .../01-libuchardet0_0.0.7-1_amd64.deb ...
Unpacking libuchardet0:amd64 (0.0.7-1) ...
Selecting previously unselected package groff-base.
Preparing to unpack .../02-groff-base_1.22.4-7_amd64.deb ...
Unpacking groff-base (1.22.4-7) ...
Selecting previously unselected package libpipeline1:amd64.
Preparing to unpack .../03-libpipeline1_1.5.3-1_amd64.deb ...
Unpacking libpipeline1:amd64 (1.5.3-1) ...
Selecting previously unselected package man-db.
Preparing to unpack .../04-man-db_2.9.4-2_amd64.deb ...
Unpacking man-db (2.9.4-2) ...
Selecting previously unselected package liblocale-gettext-perl.
Preparing to unpack .../05-liblocale-gettext-perl_1.07-4+b1_amd64.deb ...
Unpacking liblocale-gettext-perl (1.07-4+b1) ...
Selecting previously unselected package sensible-utils.
Preparing to unpack .../06-sensible-utils_0.0.17_all.deb ...
Unpacking sensible-utils (0.0.17) ...
Selecting previously unselected package ucf.
Preparing to unpack .../07-ucf_3.0043_all.deb ...
Moving old data out of the way
Unpacking ucf (3.0043) ...
Selecting previously unselected package tex-common.
Preparing to unpack .../08-tex-common_6.17_all.deb ...
Unpacking tex-common (6.17) ...
Selecting previously unselected package libmagic-mgc.
Preparing to unpack .../09-libmagic-mgc_1%3a5.39-3_amd64.deb ...
Unpacking libmagic-mgc (1:5.39-3) ...
Selecting previously unselected package libmagic1:amd64.
Preparing to unpack .../10-libmagic1_1%3a5.39-3_amd64.deb ...
Unpacking libmagic1:amd64 (1:5.39-3) ...
Selecting previously unselected package file.
Preparing to unpack .../11-file_1%3a5.39-3_amd64.deb ...
Unpacking file (1:5.39-3) ...
Selecting previously unselected package gettext-base.
Preparing to unpack .../12-gettext-base_0.21-4_amd64.deb ...
Unpacking gettext-base (0.21-4) ...
Selecting previously unselected package libsigsegv2:amd64.
Preparing to unpack .../13-libsigsegv2_2.13-1_amd64.deb ...
Unpacking libsigsegv2:amd64 (2.13-1) ...
Selecting previously unselected package m4.
Preparing to unpack .../14-m4_1.4.18-5_amd64.deb ...
Unpacking m4 (1.4.18-5) ...
Selecting previously unselected package autoconf.
Preparing to unpack .../15-autoconf_2.71-2_all.deb ...
Unpacking autoconf (2.71-2) ...
Selecting previously unselected package autotools-dev.
Preparing to unpack .../16-autotools-dev_20180224.1+nmu1_all.deb ...
Unpacking autotools-dev (20180224.1+nmu1) ...
Selecting previously unselected package automake.
Preparing to unpack .../17-automake_1%3a1.16.5-1_all.deb ...
Unpacking automake (1:1.16.5-1) ...
Selecting previously unselected package autopoint.
Preparing to unpack .../18-autopoint_0.21-4_all.deb ...
Unpacking autopoint (0.21-4) ...
Selecting previously unselected package libdebhelper-perl.
Preparing to unpack .../19-libdebhelper-perl_13.5.2_all.deb ...
Unpacking libdebhelper-perl (13.5.2) ...
Selecting previously unselected package libtool.
Preparing to unpack .../20-libtool_2.4.6-15_all.deb ...
Unpacking libtool (2.4.6-15) ...
Selecting previously unselected package dh-autoreconf.
Preparing to unpack .../21-dh-autoreconf_20_all.deb ...
Unpacking dh-autoreconf (20) ...
Selecting previously unselected package libarchive-zip-perl.
Preparing to unpack .../22-libarchive-zip-perl_1.68-1_all.deb ...
Unpacking libarchive-zip-perl (1.68-1) ...
Selecting previously unselected package libsub-override-perl.
Preparing to unpack .../23-libsub-override-perl_0.09-2_all.deb ...
Unpacking libsub-override-perl (0.09-2) ...
Selecting previously unselected package libfile-stripnondeterminism-perl.
Preparing to unpack .../24-libfile-stripnondeterminism-perl_1.12.0-2_all.deb ...
Unpacking libfile-stripnondeterminism-perl (1.12.0-2) ...
Selecting previously unselected package dh-strip-nondeterminism.
Preparing to unpack .../25-dh-strip-nondeterminism_1.12.0-2_all.deb ...
Unpacking dh-strip-nondeterminism (1.12.0-2) ...
Selecting previously unselected package dwz.
Preparing to unpack .../26-dwz_0.14-1_amd64.deb ...
Unpacking dwz (0.14-1) ...
Selecting previously unselected package gettext.
Preparing to unpack .../27-gettext_0.21-4_amd64.deb ...
Unpacking gettext (0.21-4) ...
Selecting previously unselected package intltool-debian.
Preparing to unpack .../28-intltool-debian_0.35.0+20060710.5_all.deb ...
Unpacking intltool-debian (0.35.0+20060710.5) ...
Selecting previously unselected package po-debconf.
Preparing to unpack .../29-po-debconf_1.0.21+nmu1_all.deb ...
Unpacking po-debconf (1.0.21+nmu1) ...
Selecting previously unselected package debhelper.
Preparing to unpack .../30-debhelper_13.5.2_all.deb ...
Unpacking debhelper (13.5.2) ...
Selecting previously unselected package dh-exec.
Preparing to unpack .../31-dh-exec_0.23.4_amd64.deb ...
Unpacking dh-exec (0.23.4) ...
Selecting previously unselected package libc6-dev-i386.
Preparing to unpack .../32-libc6-dev-i386_2.32-4_amd64.deb ...
Unpacking libc6-dev-i386 (2.32-4) ...
Selecting previously unselected package libc6-x32.
Preparing to unpack .../33-libc6-x32_2.32-4_amd64.deb ...
Unpacking libc6-x32 (2.32-4) ...
Selecting previously unselected package libc6-dev-x32.
Preparing to unpack .../34-libc6-dev-x32_2.32-4_amd64.deb ...
Unpacking libc6-dev-x32 (2.32-4) ...
Selecting previously unselected package libx32gcc-s1.
Preparing to unpack .../35-libx32gcc-s1_11.2.0-10_amd64.deb ...
Unpacking libx32gcc-s1 (11.2.0-10) ...
Selecting previously unselected package lib32gomp1.
Preparing to unpack .../36-lib32gomp1_11.2.0-10_amd64.deb ...
Unpacking lib32gomp1 (11.2.0-10) ...
Selecting previously unselected package libx32gomp1.
Preparing to unpack .../37-libx32gomp1_11.2.0-10_amd64.deb ...
Unpacking libx32gomp1 (11.2.0-10) ...
Selecting previously unselected package lib32itm1.
Preparing to unpack .../38-lib32itm1_11.2.0-10_amd64.deb ...
Unpacking lib32itm1 (11.2.0-10) ...
Selecting previously unselected package libx32itm1.
Preparing to unpack .../39-libx32itm1_11.2.0-10_amd64.deb ...
Unpacking libx32itm1 (11.2.0-10) ...
Selecting previously unselected package lib32atomic1.
Preparing to unpack .../40-lib32atomic1_11.2.0-10_amd64.deb ...
Unpacking lib32atomic1 (11.2.0-10) ...
Selecting previously unselected package libx32atomic1.
Preparing to unpack .../41-libx32atomic1_11.2.0-10_amd64.deb ...
Unpacking libx32atomic1 (11.2.0-10) ...
Selecting previously unselected package lib32asan6.
Preparing to unpack .../42-lib32asan6_11.2.0-10_amd64.deb ...
Unpacking lib32asan6 (11.2.0-10) ...
Selecting previously unselected package libx32asan6.
Preparing to unpack .../43-libx32asan6_11.2.0-10_amd64.deb ...
Unpacking libx32asan6 (11.2.0-10) ...
Selecting previously unselected package lib32ubsan1.
Preparing to unpack .../44-lib32ubsan1_11.2.0-10_amd64.deb ...
Unpacking lib32ubsan1 (11.2.0-10) ...
Selecting previously unselected package libx32stdc++6.
Preparing to unpack .../45-libx32stdc++6_11.2.0-10_amd64.deb ...
Unpacking libx32stdc++6 (11.2.0-10) ...
Selecting previously unselected package libx32ubsan1.
Preparing to unpack .../46-libx32ubsan1_11.2.0-10_amd64.deb ...
Unpacking libx32ubsan1 (11.2.0-10) ...
Selecting previously unselected package lib32quadmath0.
Preparing to unpack .../47-lib32quadmath0_11.2.0-10_amd64.deb ...
Unpacking lib32quadmath0 (11.2.0-10) ...
Selecting previously unselected package libx32quadmath0.
Preparing to unpack .../48-libx32quadmath0_11.2.0-10_amd64.deb ...
Unpacking libx32quadmath0 (11.2.0-10) ...
Selecting previously unselected package lib32gcc-11-dev.
Preparing to unpack .../49-lib32gcc-11-dev_11.2.0-10_amd64.deb ...
Unpacking lib32gcc-11-dev (11.2.0-10) ...
Selecting previously unselected package libx32gcc-11-dev.
Preparing to unpack .../50-libx32gcc-11-dev_11.2.0-10_amd64.deb ...
Unpacking libx32gcc-11-dev (11.2.0-10) ...
Selecting previously unselected package gcc-11-multilib.
Preparing to unpack .../51-gcc-11-multilib_11.2.0-10_amd64.deb ...
Unpacking gcc-11-multilib (11.2.0-10) ...
Selecting previously unselected package gcc-multilib.
Preparing to unpack .../52-gcc-multilib_4%3a11.2.0-2_amd64.deb ...
Unpacking gcc-multilib (4:11.2.0-2) ...
Selecting previously unselected package help2man.
Preparing to unpack .../53-help2man_1.48.5_amd64.deb ...
Unpacking help2man (1.48.5) ...
Selecting previously unselected package libncurses6:amd64.
Preparing to unpack .../54-libncurses6_6.2+20210905-1_amd64.deb ...
Unpacking libncurses6:amd64 (6.2+20210905-1) ...
Selecting previously unselected package libncursesw6:amd64.
Preparing to unpack .../55-libncursesw6_6.2+20210905-1_amd64.deb ...
Unpacking libncursesw6:amd64 (6.2+20210905-1) ...
Selecting previously unselected package libncurses-dev:amd64.
Preparing to unpack .../56-libncurses-dev_6.2+20210905-1_amd64.deb ...
Unpacking libncurses-dev:amd64 (6.2+20210905-1) ...
Selecting previously unselected package libncurses5-dev:amd64.
Preparing to unpack .../57-libncurses5-dev_6.2+20210905-1_amd64.deb ...
Unpacking libncurses5-dev:amd64 (6.2+20210905-1) ...
Selecting previously unselected package libtext-unidecode-perl.
Preparing to unpack .../58-libtext-unidecode-perl_1.30-1_all.deb ...
Unpacking libtext-unidecode-perl (1.30-1) ...
Selecting previously unselected package libxml-namespacesupport-perl.
Preparing to unpack .../59-libxml-namespacesupport-perl_1.12-1.1_all.deb ...
Unpacking libxml-namespacesupport-perl (1.12-1.1) ...
Selecting previously unselected package libxml-sax-base-perl.
Preparing to unpack .../60-libxml-sax-base-perl_1.09-1.1_all.deb ...
Unpacking libxml-sax-base-perl (1.09-1.1) ...
Selecting previously unselected package libxml-sax-perl.
Preparing to unpack .../61-libxml-sax-perl_1.02+dfsg-3_all.deb ...
Unpacking libxml-sax-perl (1.02+dfsg-3) ...
Selecting previously unselected package libxml-libxml-perl.
Preparing to unpack .../62-libxml-libxml-perl_2.0134+dfsg-2+b1_amd64.deb ...
Unpacking libxml-libxml-perl (2.0134+dfsg-2+b1) ...
Selecting previously unselected package texi2html.
Preparing to unpack .../63-texi2html_1.82+dfsg1-6_all.deb ...
Unpacking texi2html (1.82+dfsg1-6) ...
Selecting previously unselected package texinfo.
Preparing to unpack .../64-texinfo_6.8-3_amd64.deb ...
Unpacking texinfo (6.8-3) ...
Selecting previously unselected package sbuild-build-depends-main-dummy.
Preparing to unpack .../65-sbuild-build-depends-main-dummy_0.invalid.0_amd64.deb ...
Unpacking sbuild-build-depends-main-dummy (0.invalid.0) ...
Setting up libpipeline1:amd64 (1.5.3-1) ...
Setting up libc6-dev-i386 (2.32-4) ...
Setting up lib32itm1 (11.2.0-10) ...
Setting up bsdextrautils (2.37.2-4) ...
update-alternatives: using /usr/bin/write.ul to provide /usr/bin/write (write) in auto mode
Setting up libmagic-mgc (1:5.39-3) ...
Setting up libarchive-zip-perl (1.68-1) ...
Setting up libdebhelper-perl (13.5.2) ...
Setting up libmagic1:amd64 (1:5.39-3) ...
Setting up libxml-namespacesupport-perl (1.12-1.1) ...
Setting up gettext-base (0.21-4) ...
Setting up file (1:5.39-3) ...
Setting up lib32ubsan1 (11.2.0-10) ...
Setting up libc6-x32 (2.32-4) ...
Setting up libc6-dev-x32 (2.32-4) ...
Setting up libxml-sax-base-perl (1.09-1.1) ...
Setting up autotools-dev (20180224.1+nmu1) ...
Setting up lib32gomp1 (11.2.0-10) ...
Setting up libncurses6:amd64 (6.2+20210905-1) ...
Setting up libsigsegv2:amd64 (2.13-1) ...
Setting up autopoint (0.21-4) ...
Setting up libncursesw6:amd64 (6.2+20210905-1) ...
Setting up libx32gomp1 (11.2.0-10) ...
Setting up lib32asan6 (11.2.0-10) ...
Setting up dwz (0.14-1) ...
Setting up sensible-utils (0.0.17) ...
Setting up libuchardet0:amd64 (0.0.7-1) ...
Setting up lib32quadmath0 (11.2.0-10) ...
Setting up libsub-override-perl (0.09-2) ...
Setting up libx32quadmath0 (11.2.0-10) ...
Setting up libtext-unidecode-perl (1.30-1) ...
Setting up lib32atomic1 (11.2.0-10) ...
Setting up liblocale-gettext-perl (1.07-4+b1) ...
Setting up libx32atomic1 (11.2.0-10) ...
Setting up libfile-stripnondeterminism-perl (1.12.0-2) ...
Setting up libncurses-dev:amd64 (6.2+20210905-1) ...
Setting up gettext (0.21-4) ...
Setting up libtool (2.4.6-15) ...
Setting up libx32gcc-s1 (11.2.0-10) ...
Setting up m4 (1.4.18-5) ...
Setting up libx32itm1 (11.2.0-10) ...
Setting up intltool-debian (0.35.0+20060710.5) ...
Setting up help2man (1.48.5) ...
Setting up libx32asan6 (11.2.0-10) ...
Setting up texi2html (1.82+dfsg1-6) ...
Setting up ucf (3.0043) ...
Setting up autoconf (2.71-2) ...
Setting up dh-strip-nondeterminism (1.12.0-2) ...
Setting up groff-base (1.22.4-7) ...
Setting up libncurses5-dev:amd64 (6.2+20210905-1) ...
Setting up libx32stdc++6 (11.2.0-10) ...
Setting up automake (1:1.16.5-1) ...
update-alternatives: using /usr/bin/automake-1.16 to provide /usr/bin/automake (automake) in auto mode
Setting up libx32ubsan1 (11.2.0-10) ...
Setting up po-debconf (1.0.21+nmu1) ...
Setting up man-db (2.9.4-2) ...
Not building database; man-db/auto-update is not 'true'.
Setting up libxml-sax-perl (1.02+dfsg-3) ...
update-perl-sax-parsers: Registering Perl SAX parser XML::SAX::PurePerl with priority 10...
update-perl-sax-parsers: Updating overall Perl SAX parser modules info file...

Creating config file /etc/perl/XML/SAX/ParserDetails.ini with new version
Setting up dh-autoreconf (20) ...
Setting up tex-common (6.17) ...
update-language: texlive-base not installed and configured, doing nothing!
Setting up libx32gcc-11-dev (11.2.0-10) ...
Setting up libxml-libxml-perl (2.0134+dfsg-2+b1) ...
update-perl-sax-parsers: Registering Perl SAX parser XML::LibXML::SAX::Parser with priority 50...
update-perl-sax-parsers: Registering Perl SAX parser XML::LibXML::SAX with priority 50...
update-perl-sax-parsers: Updating overall Perl SAX parser modules info file...
Replacing config file /etc/perl/XML/SAX/ParserDetails.ini with new version
Setting up lib32gcc-11-dev (11.2.0-10) ...
Setting up debhelper (13.5.2) ...
Setting up dh-exec (0.23.4) ...
Setting up texinfo (6.8-3) ...
/usr/bin/which: this version of `which' is deprecated; use `command -v' in scripts instead.
/usr/bin/which: this version of `which' is deprecated; use `command -v' in scripts instead.
Setting up gcc-11-multilib (11.2.0-10) ...
Setting up gcc-multilib (4:11.2.0-2) ...
Setting up sbuild-build-depends-main-dummy (0.invalid.0) ...
Processing triggers for libc-bin (2.32-4) ...

+------------------------------------------------------------------------------+
| Check architectures                                                          |
+------------------------------------------------------------------------------+

Arch check ok (amd64 included in i386 hurd-i386 amd64 all)

+------------------------------------------------------------------------------+
| Build environment                                                            |
+------------------------------------------------------------------------------+

Kernel: Linux 4.19.0-6-cloud-amd64 #1 SMP Debian 4.19.67-2+deb10u2 (2019-11-11) amd64 (x86_64)
Toolchain package versions: binutils_2.37-7 dpkg-dev_1.20.9 g++-11_11.2.0-10 gcc-11_11.2.0-10 libc6-dev_2.32-4 libstdc++-11-dev_11.2.0-10 libstdc++6_11.2.0-10 linux-libc-dev_5.14.12-1
Package versions: adduser_3.118 apt_2.3.11 autoconf_2.71-2 automake_1:1.16.5-1 autopoint_0.21-4 autotools-dev_20180224.1+nmu1 base-files_12 base-passwd_3.5.52 bash_5.1-3+b2 binutils_2.37-7 binutils-common_2.37-7 binutils-x86-64-linux-gnu_2.37-7 bsdextrautils_2.37.2-4 bsdutils_1:2.37.2-4 build-essential_12.9 bzip2_1.0.8-4 clang-12_1:12.0.1-15 coreutils_8.32-4+b1 cpp_4:11.2.0-2 cpp-11_11.2.0-10 dash_0.5.11+git20210120+802ebd4-2 debconf_1.5.78 debhelper_13.5.2 debian-archive-keyring_2021.1.1 debianutils_5.5-1 dh-autoreconf_20 dh-exec_0.23.4 dh-strip-nondeterminism_1.12.0-2 diffutils_1:3.7-5 dpkg_1.20.9 dpkg-dev_1.20.9 dwz_0.14-1 e2fsprogs_1.46.4-1 fakeroot_1.26-1 file_1:5.39-3 findutils_4.8.0-1 g++_4:11.2.0-2 g++-11_11.2.0-10 gcc_4:11.2.0-2 gcc-10-base_10.3.0-11 gcc-11_11.2.0-10 gcc-11-base_11.2.0-10 gcc-11-multilib_11.2.0-10 gcc-9-base_9.4.0-3 gcc-multilib_4:11.2.0-2 gettext_0.21-4 gettext-base_0.21-4 gpgv_2.2.27-2 grep_3.7-1 groff-base_1.22.4-7 gzip_1.10-4 help2man_1.48.5 hostname_3.23 init-system-helpers_1.60 intltool-debian_0.35.0+20060710.5 lib32asan6_11.2.0-10 lib32atomic1_11.2.0-10 lib32gcc-11-dev_11.2.0-10 lib32gcc-s1_11.2.0-10 lib32gomp1_11.2.0-10 lib32itm1_11.2.0-10 lib32quadmath0_11.2.0-10 lib32stdc++6_11.2.0-10 lib32ubsan1_11.2.0-10 libacl1_2.3.1-1 libapt-pkg6.0_2.3.11 libarchive-zip-perl_1.68-1 libasan5_9.4.0-3 libasan6_11.2.0-10 libatomic1_11.2.0-10 libattr1_1:2.5.1-1 libaudit-common_1:3.0.6-1 libaudit1_1:3.0.6-1 libbinutils_2.37-7 libblkid1_2.37.2-4 libbsd0_0.11.3-1 libbz2-1.0_1.0.8-4 libc-bin_2.32-4 libc-dev-bin_2.32-4 libc6_2.32-4 libc6-dev_2.32-4 libc6-dev-i386_2.32-4 libc6-dev-x32_2.32-4 libc6-i386_2.32-4 libc6-x32_2.32-4 libcap-ng0_0.7.9-2.2+b1 libcap2_1:2.44-1 libcc1-0_11.2.0-10 libclang-common-12-dev_1:12.0.1-15 libclang-cpp12_1:12.0.1-15 libclang1-12_1:12.0.1-15 libcom-err2_1.46.4-1 libcrypt-dev_1:4.4.25-2 libcrypt1_1:4.4.25-2 libctf-nobfd0_2.37-7 libctf0_2.37-7 libdb5.3_5.3.28+dfsg1-0.8 libdebconfclient0_0.260 libdebhelper-perl_13.5.2 libdpkg-perl_1.20.9 libedit2_3.1-20210910-1 libelf1_0.185-2 libext2fs2_1.46.4-1 libfakeroot_1.26-1 libffi8_3.4.2-3 libfile-stripnondeterminism-perl_1.12.0-2 libgc1_1:8.0.4-3 libgcc-11-dev_11.2.0-10 libgcc-9-dev_9.4.0-3 libgcc-s1_11.2.0-10 libgcrypt20_1.9.4-3+b1 libgdbm-compat4_1.22-1 libgdbm6_1.22-1 libgmp10_2:6.2.1+dfsg-2 libgnutls30_3.7.2-2 libgomp1_11.2.0-10 libgpg-error0_1.42-3 libgssapi-krb5-2_1.18.3-7 libhogweed6_3.7.3-1 libicu67_67.1-7 libidn2-0_2.3.2-2 libisl23_0.24-2 libitm1_11.2.0-10 libk5crypto3_1.18.3-7 libkeyutils1_1.6.1-2 libkrb5-3_1.18.3-7 libkrb5support0_1.18.3-7 libllvm12_1:12.0.1-15 liblocale-gettext-perl_1.07-4+b1 liblsan0_11.2.0-10 liblz4-1_1.9.3-2 liblzma5_5.2.5-2 libmagic-mgc_1:5.39-3 libmagic1_1:5.39-3 libmd0_1.0.4-1 libmount1_2.37.2-4 libmpc3_1.2.1-1 libmpfr6_4.1.0-3 libncurses-dev_6.2+20210905-1 libncurses5-dev_6.2+20210905-1 libncurses6_6.2+20210905-1 libncursesw6_6.2+20210905-1 libnettle8_3.7.3-1 libnsl-dev_1.3.0-2 libnsl2_1.3.0-2 libobjc-11-dev_11.2.0-10 libobjc-9-dev_9.4.0-3 libobjc4_11.2.0-10 libomp-12-dev_1:12.0.1-15 libomp5-12_1:12.0.1-15 libp11-kit0_0.24.0-5 libpam-modules_1.4.0-10 libpam-modules-bin_1.4.0-10 libpam-runtime_1.4.0-10 libpam0g_1.4.0-10 libpcre2-8-0_10.36-2 libpcre3_2:8.39-13 libperl5.32_5.32.1-6 libpipeline1_1.5.3-1 libquadmath0_11.2.0-10 libseccomp2_2.5.2-2 libselinux1_3.1-3 libsemanage-common_3.1-1 libsemanage1_3.1-1+b2 libsepol1_3.1-1 libsigsegv2_2.13-1 libsmartcols1_2.37.2-4 libss2_1.46.4-1 libssl1.1_1.1.1l-1 libstdc++-11-dev_11.2.0-10 libstdc++6_11.2.0-10 libsub-override-perl_0.09-2 libsystemd0_249.5-1 libtasn1-6_4.17.0-2 libtext-unidecode-perl_1.30-1 libtinfo6_6.2+20210905-1 libtirpc-common_1.3.2-2 libtirpc-dev_1.3.2-2 libtirpc3_1.3.2-2 libtool_2.4.6-15 libtsan0_11.2.0-10 libubsan1_11.2.0-10 libuchardet0_0.0.7-1 libudev1_249.5-1 libunistring2_0.9.10-6 libunwind-12_1:12.0.1-15 libuuid1_2.37.2-4 libx32asan6_11.2.0-10 libx32atomic1_11.2.0-10 libx32gcc-11-dev_11.2.0-10 libx32gcc-s1_11.2.0-10 libx32gomp1_11.2.0-10 libx32itm1_11.2.0-10 libx32quadmath0_11.2.0-10 libx32stdc++6_11.2.0-10 libx32ubsan1_11.2.0-10 libxml-libxml-perl_2.0134+dfsg-2+b1 libxml-namespacesupport-perl_1.12-1.1 libxml-sax-base-perl_1.09-1.1 libxml-sax-perl_1.02+dfsg-3 libxml2_2.9.12+dfsg-5 libxxhash0_0.8.0-2 libz3-4_4.8.12-1+b1 libzstd1_1.4.8+dfsg-3 linux-libc-dev_5.14.12-1 llvm-12-linker-tools_1:12.0.1-15 login_1:4.8.1-1 logsave_1.46.4-1 lsb-base_11.1.0 m4_1.4.18-5 make_4.3-4.1 man-db_2.9.4-2 mawk_1.3.4.20200120-2 mount_2.37.2-4 ncurses-base_6.2+20210905-1 ncurses-bin_6.2+20210905-1 passwd_1:4.8.1-1 patch_2.7.6-7 perl_5.32.1-6 perl-base_5.32.1-6 perl-modules-5.32_5.32.1-6 po-debconf_1.0.21+nmu1 qt5-qmake_5.15.2+dfsg-12 qt5-qmake-bin_5.15.2+dfsg-12 qtchooser_66-2 rpcsvc-proto_1.4.2-4 sbuild-build-depends-main-dummy_0.invalid.0 sed_4.8-1 sensible-utils_0.0.17 sysvinit-utils_3.00-1 tar_1.34+dfsg-1 tex-common_6.17 texi2html_1.82+dfsg1-6 texinfo_6.8-3 tzdata_2021e-1 ucf_3.0043 util-linux_2.37.2-4 xz-utils_5.2.5-2 zlib1g_1:1.2.11.dfsg-2

+------------------------------------------------------------------------------+
| Build                                                                        |
+------------------------------------------------------------------------------+


Unpack source
-------------

-----BEGIN PGP SIGNED MESSAGE-----
Hash: SHA512

Format: 3.0 (quilt)
Source: grub
Binary: grub-legacy, grub-legacy-doc
Architecture: i386 hurd-i386 amd64 all
Version: 0.97-78
Maintainer: GRUB Maintainers <pkg-grub-devel@alioth-lists.debian.net>
Uploaders: Robert Millan <rmh.debian@aybabtu.com>, Felix Zielcke <fzielcke@z-51.de>, Colin Watson <cjwatson@debian.org>
Standards-Version: 3.8.3
Vcs-Browser: https://salsa.debian.org/grub-team/grub-legacy
Vcs-Git: https://salsa.debian.org/grub-team/grub-legacy.git
Build-Depends: debhelper-compat (= 12), dh-exec, help2man, texinfo, libncurses5-dev | libncurses-dev, gcc-multilib [amd64]
Build-Depends-Indep: texi2html
Package-List:
 grub-legacy deb admin optional arch=i386,hurd-i386,amd64
 grub-legacy-doc deb doc optional arch=all
Checksums-Sha1:
 2580626c4579bd99336d3af4482c346c95dac4fb 971783 grub_0.97.orig.tar.gz
 ff25a77c3c99e561d2b8d525fe4a13c48881f716 74472 grub_0.97-78.debian.tar.xz
Checksums-Sha256:
 4e1d15d12dbd3e9208111d6b806ad5a9857ca8850c47877d36575b904559260b 971783 grub_0.97.orig.tar.gz
 79dc93d8b2462b15949017a938a85447deae1a19991d0fc773620e5f8214a49b 74472 grub_0.97-78.debian.tar.xz
Files:
 cd3f3eb54446be6003156158d51f4884 971783 grub_0.97.orig.tar.gz
 9b717ba26c31ecfa401f7ba509d7fdb9 74472 grub_0.97-78.debian.tar.xz

-----BEGIN PGP SIGNATURE-----

iQIzBAEBCgAdFiEErApP8SYRtvzPAcEROTWH2X2GUAsFAmEo+lsACgkQOTWH2X2G
UAvRkBAAjTJjRG3P8VwpyoCNK6h1LT5rIzF0rus9sEAZ5kEozmAuipGxP8IfZ8AK
2H/5snVUw3qcPhlT/+t31Gcp0ube0FZ/BdXUXl44DGntQs7tA1KpM/85GNM/zEG2
ueBckUhSNCu8fO6CL+lSBddCWTR6bkw8PZPdvG26+KmxF+dZGlSgcdmAHYIrmcfb
ZW8W5Gw3Y+dczHIts4xjFaAon9Qgi7ZWVkkwnqHPD4Ky4spEXCPonNgbvz3cRD/E
elC4U9OYulCEQWalDUj6szaDAvzFsU105beEuVMkkRe0JfdW1vn3Ca3PC/NzInlh
9y58S3cgoj3qH/KoCRblmfa1ZDApDYLQi0whofREYRGAD09KbGg+XyYHD4VGbJPz
nwRx4Uhg0NgZt5FN370mleYV8v+cxcfx35PW9j4A88Km4sXqF6kjVZ7pQPTlEG+y
L0N4X5Eo/1UTOpEj3x+CiYzvI10iz8s54gAjPM9pWSSGtfd+FZuWHIGcEOKyLJqe
i9Peeb4qz/PSLqMgJLsHQOMnEGtiBdjxatPNp3y0dGNRRnicXk0Dd8QAfFFfSyS9
dWyFCmHO6fEvbJB2SfotOawmtc0yvFuUxEriZmOB7cJwgVN85Nmf63X8cUr17Q60
BHcGucd62ROprpHhVGmyQV+tw94h8EeNoaVUtny3/+6wpOwc0Sc=
=NNCr
-----END PGP SIGNATURE-----

gpgv: unknown type of key resource 'trustedkeys.kbx'
gpgv: keyblock resource '/tmp/dpkg-verify-sig.h5N5KfOQ/trustedkeys.kbx': General error
gpgv: Signature made Fri Aug 27 14:44:43 2021 UTC
gpgv:                using RSA key AC0A4FF12611B6FCCF01C111393587D97D86500B
gpgv: Can't check signature: No public key
dpkg-source: warning: failed to verify signature on ./grub_0.97-78.dsc
dpkg-source: info: extracting grub in /<<PKGBUILDDIR>>
dpkg-source: info: unpacking grub_0.97.orig.tar.gz
dpkg-source: info: unpacking grub_0.97-78.debian.tar.xz
dpkg-source: info: using patch list from debian/patches/series
dpkg-source: info: applying snapshot.patch
dpkg-source: info: applying menu.lst_gnu-hurd.patch
dpkg-source: info: applying graphics.patch
dpkg-source: info: applying raid.patch
dpkg-source: info: applying raid_cciss.patch
dpkg-source: info: applying xfs_freeze.patch
dpkg-source: info: applying 2gb_limit.patch
dpkg-source: info: applying grub-special_device_names.patch
dpkg-source: info: applying grub-xvd_drives.patch
dpkg-source: info: applying initrd_max_address.patch
dpkg-source: info: applying splashimage_help.patch
dpkg-source: info: applying grub-install_addsyncs.patch
dpkg-source: info: applying grub-install_regexp.patch
dpkg-source: info: applying grub-install_aoe_support.patch
dpkg-source: info: applying grub-install_xvd.patch
dpkg-source: info: applying geometry-26kernel.patch
dpkg-source: info: applying print_func.patch
dpkg-source: info: applying mprotect.patch
dpkg-source: info: applying savedefault.patch
dpkg-source: info: applying find-grub-dir.patch
dpkg-source: info: applying intelmac.patch
dpkg-source: info: applying crossreference_manpages.patch
dpkg-source: info: applying ext3_256byte_inode.patch
dpkg-source: info: applying use_grub-probe_in_grub-install.patch
dpkg-source: info: applying objcopy-absolute.patch
dpkg-source: info: applying no-reorder-functions.patch
dpkg-source: info: applying modern-automake.patch
dpkg-source: info: applying no-combine-stack-adjustments.patch
dpkg-source: info: applying no-pie.patch
dpkg-source: info: applying static-vars-on-stack.patch
dpkg-source: info: applying ext4_support.patch
dpkg-source: info: applying ext4_fix_variable_sized_inodes.patch
dpkg-source: info: applying ext4_block_group.patch

Check disk space
----------------

Sufficient free space for build

User Environment
----------------

APT_CONFIG=/var/lib/sbuild/apt.conf
HOME=/sbuild-nonexistent
LANG=C.UTF-8
LC_ALL=C.UTF-8
LOGNAME=user42
PATH=/usr/local/sbin:/usr/local/bin:/usr/sbin:/usr/bin:/sbin:/bin:/usr/games
SCHROOT_ALIAS_NAME=unstable
SCHROOT_CHROOT_NAME=sid-amd64-sbuild
SCHROOT_COMMAND=env
SCHROOT_GID=1001
SCHROOT_GROUP=user42
SCHROOT_SESSION_ID=sid-amd64-sbuild-95de8499-35bd-410d-a1c6-0d4555427354
SCHROOT_UID=1001
SCHROOT_USER=user42
SHELL=/bin/sh
USER=user42

dpkg-buildpackage
-----------------

Command: dpkg-buildpackage -us -uc -b -rfakeroot
dpkg-buildpackage: info: source package grub
dpkg-buildpackage: info: source version 0.97-78
dpkg-buildpackage: info: source distribution unstable
dpkg-buildpackage: info: source changed by Colin Watson <cjwatson@debian.org>
 dpkg-source --before-build .
dpkg-buildpackage: info: host architecture amd64
 fakeroot debian/rules clean
dh clean
   debian/rules override_dh_clean
make[1]: Entering directory '/<<PKGBUILDDIR>>'
dh_clean
chmod +x debian/script debian/kernel/*
make[1]: Leaving directory '/<<PKGBUILDDIR>>'
 debian/rules build
dh build
   dh_update_autotools_config
   dh_autoreconf
configure.ac:18: warning: The macro `AC_CONFIG_HEADER' is obsolete.
configure.ac:18: You should run autoupdate.
./lib/autoconf/status.m4:719: AC_CONFIG_HEADER is expanded from...
configure.ac:18: the top level
configure.ac:78: warning: The macro `ac_cv_prog_gcc' is obsolete.
configure.ac:78: You should run autoupdate.
./lib/autoconf/c.m4:440: ac_cv_prog_gcc is expanded from...
configure.ac:78: the top level
configure.ac:88: warning: The macro `AC_TRY_COMPILE' is obsolete.
configure.ac:88: You should run autoupdate.
./lib/autoconf/general.m4:2847: AC_TRY_COMPILE is expanded from...
lib/m4sugar/m4sh.m4:692: _AS_IF_ELSE is expanded from...
lib/m4sugar/m4sh.m4:699: AS_IF is expanded from...
./lib/autoconf/general.m4:2249: AC_CACHE_VAL is expanded from...
./lib/autoconf/general.m4:2270: AC_CACHE_CHECK is expanded from...
configure.ac:88: the top level
configure.ac:101: warning: The macro `AC_TRY_COMPILE' is obsolete.
configure.ac:101: You should run autoupdate.
./lib/autoconf/general.m4:2847: AC_TRY_COMPILE is expanded from...
lib/m4sugar/m4sh.m4:692: _AS_IF_ELSE is expanded from...
lib/m4sugar/m4sh.m4:699: AS_IF is expanded from...
./lib/autoconf/general.m4:2249: AC_CACHE_VAL is expanded from...
./lib/autoconf/general.m4:2270: AC_CACHE_CHECK is expanded from...
configure.ac:101: the top level
configure.ac:117: warning: AC_CACHE_VAL(no_reorder_functions_flag, ...): suspicious cache-id, must contain _cv_ to be cached
./lib/autoconf/general.m4:2249: AC_CACHE_VAL is expanded from...
./lib/autoconf/general.m4:2270: AC_CACHE_CHECK is expanded from...
configure.ac:117: the top level
configure.ac:117: warning: The macro `AC_TRY_COMPILE' is obsolete.
configure.ac:117: You should run autoupdate.
./lib/autoconf/general.m4:2847: AC_TRY_COMPILE is expanded from...
lib/m4sugar/m4sh.m4:692: _AS_IF_ELSE is expanded from...
lib/m4sugar/m4sh.m4:699: AS_IF is expanded from...
./lib/autoconf/general.m4:2249: AC_CACHE_VAL is expanded from...
./lib/autoconf/general.m4:2270: AC_CACHE_CHECK is expanded from...
configure.ac:117: the top level
configure.ac:133: warning: AC_CACHE_VAL(no_combine_stack_adjustments_flag, ...): suspicious cache-id, must contain _cv_ to be cached
./lib/autoconf/general.m4:2249: AC_CACHE_VAL is expanded from...
./lib/autoconf/general.m4:2270: AC_CACHE_CHECK is expanded from...
configure.ac:133: the top level
configure.ac:133: warning: The macro `AC_TRY_COMPILE' is obsolete.
configure.ac:133: You should run autoupdate.
./lib/autoconf/general.m4:2847: AC_TRY_COMPILE is expanded from...
lib/m4sugar/m4sh.m4:692: _AS_IF_ELSE is expanded from...
lib/m4sugar/m4sh.m4:699: AS_IF is expanded from...
./lib/autoconf/general.m4:2249: AC_CACHE_VAL is expanded from...
./lib/autoconf/general.m4:2270: AC_CACHE_CHECK is expanded from...
configure.ac:133: the top level
configure.ac:147: warning: AC_CACHE_VAL(no_pie_flag, ...): suspicious cache-id, must contain _cv_ to be cached
./lib/autoconf/general.m4:2249: AC_CACHE_VAL is expanded from...
./lib/autoconf/general.m4:2270: AC_CACHE_CHECK is expanded from...
configure.ac:147: the top level
configure.ac:147: warning: The macro `AC_TRY_COMPILE' is obsolete.
configure.ac:147: You should run autoupdate.
./lib/autoconf/general.m4:2847: AC_TRY_COMPILE is expanded from...
lib/m4sugar/m4sh.m4:692: _AS_IF_ELSE is expanded from...
lib/m4sugar/m4sh.m4:699: AS_IF is expanded from...
./lib/autoconf/general.m4:2249: AC_CACHE_VAL is expanded from...
./lib/autoconf/general.m4:2270: AC_CACHE_CHECK is expanded from...
configure.ac:147: the top level
configure.ac:158: warning: AC_CACHE_VAL(no_pie_linker_flag, ...): suspicious cache-id, must contain _cv_ to be cached
./lib/autoconf/general.m4:2249: AC_CACHE_VAL is expanded from...
./lib/autoconf/general.m4:2270: AC_CACHE_CHECK is expanded from...
configure.ac:158: the top level
configure.ac:158: warning: The macro `AC_TRY_LINK' is obsolete.
configure.ac:158: You should run autoupdate.
./lib/autoconf/general.m4:2920: AC_TRY_LINK is expanded from...
lib/m4sugar/m4sh.m4:692: _AS_IF_ELSE is expanded from...
lib/m4sugar/m4sh.m4:699: AS_IF is expanded from...
./lib/autoconf/general.m4:2249: AC_CACHE_VAL is expanded from...
./lib/autoconf/general.m4:2270: AC_CACHE_CHECK is expanded from...
configure.ac:158: the top level
configure.ac:179: warning: The macro `AC_TRY_COMPILE' is obsolete.
configure.ac:179: You should run autoupdate.
./lib/autoconf/general.m4:2847: AC_TRY_COMPILE is expanded from...
lib/m4sugar/m4sh.m4:692: _AS_IF_ELSE is expanded from...
lib/m4sugar/m4sh.m4:699: AS_IF is expanded from...
./lib/autoconf/general.m4:2249: AC_CACHE_VAL is expanded from...
./lib/autoconf/general.m4:2270: AC_CACHE_CHECK is expanded from...
configure.ac:179: the top level
configure.ac:188: warning: The macro `AC_TRY_COMPILE' is obsolete.
configure.ac:188: You should run autoupdate.
./lib/autoconf/general.m4:2847: AC_TRY_COMPILE is expanded from...
lib/m4sugar/m4sh.m4:692: _AS_IF_ELSE is expanded from...
lib/m4sugar/m4sh.m4:699: AS_IF is expanded from...
./lib/autoconf/general.m4:2249: AC_CACHE_VAL is expanded from...
./lib/autoconf/general.m4:2270: AC_CACHE_CHECK is expanded from...
configure.ac:188: the top level
configure.ac:210: warning: The macro `AC_TRY_LINK' is obsolete.
configure.ac:210: You should run autoupdate.
./lib/autoconf/general.m4:2920: AC_TRY_LINK is expanded from...
configure.ac:210: the top level
configure.ac:240: warning: The macro `AC_TRY_LINK' is obsolete.
configure.ac:240: You should run autoupdate.
./lib/autoconf/general.m4:2920: AC_TRY_LINK is expanded from...
lib/m4sugar/m4sh.m4:692: _AS_IF_ELSE is expanded from...
lib/m4sugar/m4sh.m4:699: AS_IF is expanded from...
./lib/autoconf/general.m4:2249: AC_CACHE_VAL is expanded from...
acinclude.m4:187: grub_CHECK_START_SYMBOL is expanded from...
configure.ac:240: the top level
configure.ac:241: warning: The macro `AC_TRY_LINK' is obsolete.
configure.ac:241: You should run autoupdate.
./lib/autoconf/general.m4:2920: AC_TRY_LINK is expanded from...
lib/m4sugar/m4sh.m4:692: _AS_IF_ELSE is expanded from...
lib/m4sugar/m4sh.m4:699: AS_IF is expanded from...
./lib/autoconf/general.m4:2249: AC_CACHE_VAL is expanded from...
acinclude.m4:206: grub_CHECK_USCORE_START_SYMBOL is expanded from...
configure.ac:241: the top level
configure.ac:247: warning: The macro `AC_TRY_LINK' is obsolete.
configure.ac:247: You should run autoupdate.
./lib/autoconf/general.m4:2920: AC_TRY_LINK is expanded from...
lib/m4sugar/m4sh.m4:692: _AS_IF_ELSE is expanded from...
lib/m4sugar/m4sh.m4:699: AS_IF is expanded from...
./lib/autoconf/general.m4:2249: AC_CACHE_VAL is expanded from...
acinclude.m4:225: grub_CHECK_USCORE_USCORE_BSS_START_SYMBOL is expanded from...
configure.ac:247: the top level
configure.ac:248: warning: The macro `AC_TRY_LINK' is obsolete.
configure.ac:248: You should run autoupdate.
./lib/autoconf/general.m4:2920: AC_TRY_LINK is expanded from...
lib/m4sugar/m4sh.m4:692: _AS_IF_ELSE is expanded from...
lib/m4sugar/m4sh.m4:699: AS_IF is expanded from...
./lib/autoconf/general.m4:2249: AC_CACHE_VAL is expanded from...
acinclude.m4:263: grub_CHECK_USCORE_EDATA_SYMBOL is expanded from...
configure.ac:248: the top level
configure.ac:249: warning: The macro `AC_TRY_LINK' is obsolete.
configure.ac:249: You should run autoupdate.
./lib/autoconf/general.m4:2920: AC_TRY_LINK is expanded from...
lib/m4sugar/m4sh.m4:692: _AS_IF_ELSE is expanded from...
lib/m4sugar/m4sh.m4:699: AS_IF is expanded from...
./lib/autoconf/general.m4:2249: AC_CACHE_VAL is expanded from...
acinclude.m4:244: grub_CHECK_EDATA_SYMBOL is expanded from...
configure.ac:249: the top level
configure.ac:256: warning: The macro `AC_TRY_LINK' is obsolete.
configure.ac:256: You should run autoupdate.
./lib/autoconf/general.m4:2920: AC_TRY_LINK is expanded from...
lib/m4sugar/m4sh.m4:692: _AS_IF_ELSE is expanded from...
lib/m4sugar/m4sh.m4:699: AS_IF is expanded from...
./lib/autoconf/general.m4:2249: AC_CACHE_VAL is expanded from...
acinclude.m4:282: grub_CHECK_END_SYMBOL is expanded from...
configure.ac:256: the top level
configure.ac:257: warning: The macro `AC_TRY_LINK' is obsolete.
configure.ac:257: You should run autoupdate.
./lib/autoconf/general.m4:2920: AC_TRY_LINK is expanded from...
lib/m4sugar/m4sh.m4:692: _AS_IF_ELSE is expanded from...
lib/m4sugar/m4sh.m4:699: AS_IF is expanded from...
./lib/autoconf/general.m4:2249: AC_CACHE_VAL is expanded from...
acinclude.m4:301: grub_CHECK_USCORE_END_SYMBOL is expanded from...
configure.ac:257: the top level
docs/Makefile.am:30: warning: '%'-style pattern rules are a GNU make extension
docs/Makefile.am:33: warning: '%'-style pattern rules are a GNU make extension
docs/Makefile.am:36: warning: '%'-style pattern rules are a GNU make extension
netboot/Makefile.am:2: warning: 'INCLUDES' is the old name for 'AM_CPPFLAGS' (or '*_CPPFLAGS')
stage2/Makefile.am:14: warning: 'INCLUDES' is the old name for 'AM_CPPFLAGS' (or '*_CPPFLAGS')
parallel-tests: installing './test-driver'
   debian/rules override_dh_auto_configure
make[1]: Entering directory '/<<PKGBUILDDIR>>'
CFLAGS= LDFLAGS= dh_auto_configure -- \
	--libdir=\${prefix}/lib --disable-auto-linux-mem-opt
	./configure --build=x86_64-linux-gnu --prefix=/usr --includedir=\${prefix}/include --mandir=\${prefix}/share/man --infodir=\${prefix}/share/info --sysconfdir=/etc --localstatedir=/var --disable-option-checking --disable-silent-rules --libdir=\${prefix}/lib/x86_64-linux-gnu --runstatedir=/run --disable-maintainer-mode --disable-dependency-tracking --libdir=\${prefix}/lib --disable-auto-linux-mem-opt
checking for a BSD-compatible install... /usr/bin/install -c
checking whether build environment is sane... yes
checking for a race-free mkdir -p... /bin/mkdir -p
checking for gawk... no
checking for mawk... mawk
checking whether make sets $(MAKE)... yes
checking whether make supports nested variables... yes
checking build system type... x86_64-pc-linux-gnu
checking host system type... x86_64-pc-linux-gnu
checking whether to enable maintainer-specific portions of Makefiles... no
checking for gcc... gcc
checking for gcc... (cached) gcc
checking whether the C compiler works... yes
checking for C compiler default output file name... a.out
checking for suffix of executables... 
checking whether we are cross compiling... no
checking for suffix of object files... o
checking whether the compiler supports GNU C... yes
checking whether gcc accepts -g... yes
checking for gcc option to enable C11 features... none needed
checking whether gcc understands -c and -o together... yes
checking whether make supports the include directive... yes (GNU style)
checking dependency style of gcc... none
checking dependency style of gcc... (cached) none
checking dependency style of gcc... none
checking for ranlib... ranlib
checking whether optimization for size works... yes
checking whether gcc has -fno-stack-protector... yes
checking whether gcc has -fno-reorder-functions... no
checking whether gcc has -fno-combine-stack-adjustments... no
checking whether gcc has -fno-PIE... yes
checking whether gcc has -no-pie... yes
checking whether -Wundef works... yes
checking whether -falign-loops works... yes
checking whether linker accepts `--build-id=none'... yes
checking for objcopy... objcopy
checking if C symbols get an underscore after compilation... no
checking whether objcopy works for absolute addresses... yes
checking whether addr32 must be in the same line as the instruction... no
checking for .code16 addr32 assembler support... no
configure: error: GRUB requires GAS .code16 addr32 support; upgrade your binutils
	tail -v -n \+0 config.log
==> config.log <==
This file contains any messages produced by compilers while
running configure, to aid debugging if configure makes a mistake.

It was created by GRUB configure 0.97, which was
generated by GNU Autoconf 2.71.  Invocation command line was

  $ ./configure --build=x86_64-linux-gnu --prefix=/usr '--includedir=${prefix}/include' '--mandir=${prefix}/share/man' '--infodir=${prefix}/share/info' --sysconfdir=/etc --localstatedir=/var --disable-option-checking --disable-silent-rules '--libdir=${prefix}/lib/x86_64-linux-gnu' --runstatedir=/run --disable-maintainer-mode --disable-dependency-tracking '--libdir=${prefix}/lib' --disable-auto-linux-mem-opt

## --------- ##
## Platform. ##
## --------- ##

hostname = ip-172-31-6-254
uname -m = x86_64
uname -r = 4.19.0-6-cloud-amd64
uname -s = Linux
uname -v = #1 SMP Debian 4.19.67-2+deb10u2 (2019-11-11)

/usr/bin/uname -p = unknown
/bin/uname -X     = unknown

/bin/arch              = unknown
/usr/bin/arch -k       = unknown
/usr/convex/getsysinfo = unknown
/usr/bin/hostinfo      = unknown
/bin/machine           = unknown
/usr/bin/oslevel       = unknown
/bin/universe          = unknown

PATH: /usr/local/sbin/
PATH: /usr/local/bin/
PATH: /usr/sbin/
PATH: /usr/bin/
PATH: /sbin/
PATH: /bin/
PATH: /usr/games/


## ----------- ##
## Core tests. ##
## ----------- ##

configure:2408: looking for aux files: compile config.guess config.sub missing install-sh
configure:2421:  trying ./
configure:2450:   ./compile found
configure:2450:   ./config.guess found
configure:2450:   ./config.sub found
configure:2450:   ./missing found
configure:2432:   ./install-sh found
configure:2582: checking for a BSD-compatible install
configure:2655: result: /usr/bin/install -c
configure:2666: checking whether build environment is sane
configure:2721: result: yes
configure:2880: checking for a race-free mkdir -p
configure:2924: result: /bin/mkdir -p
configure:2931: checking for gawk
configure:2966: result: no
configure:2931: checking for mawk
configure:2952: found /usr/bin/mawk
configure:2963: result: mawk
configure:2974: checking whether make sets $(MAKE)
configure:2997: result: yes
configure:3027: checking whether make supports nested variables
configure:3045: result: yes
configure:3188: checking build system type
configure:3203: result: x86_64-pc-linux-gnu
configure:3223: checking host system type
configure:3237: result: x86_64-pc-linux-gnu
configure:3272: checking whether to enable maintainer-specific portions of Makefiles
configure:3282: result: no
configure:3407: checking for gcc
configure:3428: found /usr/bin/gcc
configure:3439: result: gcc
configure:3523: checking for gcc
configure:3555: result: gcc
configure:3908: checking for C compiler version
configure:3917: gcc --version >&5
Debian clang version 12.0.1-15
Target: x86_64-pc-linux-gnu
Thread model: posix
InstalledDir: /usr/bin
configure:3928: $? = 0
configure:3917: gcc -v >&5
Debian clang version 12.0.1-15
Target: x86_64-pc-linux-gnu
Thread model: posix
InstalledDir: /usr/bin
Found candidate GCC installation: /usr/bin/../lib/gcc/x86_64-linux-gnu/11
Found candidate GCC installation: /usr/bin/../lib/gcc/x86_64-linux-gnu/9
Found candidate GCC installation: /usr/lib/gcc/x86_64-linux-gnu/11
Found candidate GCC installation: /usr/lib/gcc/x86_64-linux-gnu/9
Selected GCC installation: /usr/bin/../lib/gcc/x86_64-linux-gnu/11
Candidate multilib: .;@m64
... rest of stderr output deleted ...
configure:3928: $? = 0
configure:3917: gcc -V >&5
clang: error: argument to '-V' is missing (expected 1 value)
clang: error: no input files
configure:3928: $? = 1
configure:3917: gcc -qversion >&5
clang: error: unknown argument '-qversion'; did you mean '--version'?
clang: error: no input files
configure:3928: $? = 1
configure:3917: gcc -version >&5
clang: error: unknown argument '-version'; did you mean '--version'?
clang: error: no input files
configure:3928: $? = 1
configure:3948: checking whether the C compiler works
configure:3970: gcc -m32  -Wdate-time  conftest.c  >&5
configure:3974: $? = 0
configure:4024: result: yes
configure:4027: checking for C compiler default output file name
configure:4029: result: a.out
configure:4035: checking for suffix of executables
configure:4042: gcc -o conftest -m32  -Wdate-time  conftest.c  >&5
configure:4046: $? = 0
configure:4069: result: 
configure:4091: checking whether we are cross compiling
configure:4099: gcc -o conftest -m32  -Wdate-time  conftest.c  >&5
configure:4103: $? = 0
configure:4110: ./conftest
configure:4114: $? = 0
configure:4129: result: no
configure:4134: checking for suffix of object files
configure:4157: gcc -c -m32  -Wdate-time conftest.c >&5
configure:4161: $? = 0
configure:4183: result: o
configure:4187: checking whether the compiler supports GNU C
configure:4207: gcc -c -m32  -Wdate-time conftest.c >&5
configure:4207: $? = 0
configure:4217: result: yes
configure:4228: checking whether gcc accepts -g
configure:4249: gcc -c -g -Wdate-time conftest.c >&5
configure:4249: $? = 0
configure:4293: result: yes
configure:4313: checking for gcc option to enable C11 features
configure:4328: gcc  -c -m32  -Wdate-time conftest.c >&5
configure:4328: $? = 0
configure:4346: result: none needed
configure:4462: checking whether gcc understands -c and -o together
configure:4485: gcc -c conftest.c -o conftest2.o
configure:4488: $? = 0
configure:4485: gcc -c conftest.c -o conftest2.o
configure:4488: $? = 0
configure:4500: result: yes
configure:4520: checking whether make supports the include directive
configure:4535: make -f confmf.GNU && cat confinc.out
make[2]: Entering directory '/<<PKGBUILDDIR>>'
make[2]: Leaving directory '/<<PKGBUILDDIR>>'
this is the am__doit target
configure:4538: $? = 0
configure:4557: result: yes (GNU style)
configure:4583: checking dependency style of gcc
configure:4695: result: none
configure:4714: checking dependency style of gcc
configure:4826: result: none
configure:4851: checking dependency style of gcc
configure:4961: result: none
configure:5082: checking for ranlib
configure:5103: found /usr/bin/ranlib
configure:5114: result: ranlib
configure:5150: checking whether optimization for size works
configure:5170: gcc -c -Os -g -Wdate-time conftest.c >&5
configure:5170: $? = 0
configure:5180: result: yes
configure:5189: checking whether gcc has -fno-stack-protector
configure:5209: gcc -c -fno-stack-protector -Wdate-time conftest.c >&5
configure:5209: $? = 0
configure:5219: result: yes
configure:5227: checking whether gcc has -fno-reorder-functions
configure:5247: gcc -c -fno-reorder-functions -Wdate-time conftest.c >&5
clang: error: unknown argument: '-fno-reorder-functions'
configure:5247: $? = 1
configure: failed program was:
| /* confdefs.h */
| #define PACKAGE_NAME "GRUB"
| #define PACKAGE_TARNAME "grub"
| #define PACKAGE_VERSION "0.97"
| #define PACKAGE_STRING "GRUB 0.97"
| #define PACKAGE_BUGREPORT "bug-grub@gnu.org"
| #define PACKAGE_URL ""
| #define PACKAGE "grub"
| #define VERSION "0.97"
| /* end confdefs.h.  */
| 
| int
| main (void)
| {
| 
|   ;
|   return 0;
| }
configure:5257: result: no
configure:5265: checking whether gcc has -fno-combine-stack-adjustments
configure:5285: gcc -c -fno-combine-stack-adjustments -Wdate-time conftest.c >&5
clang: error: unknown argument: '-fno-combine-stack-adjustments'
configure:5285: $? = 1
configure: failed program was:
| /* confdefs.h */
| #define PACKAGE_NAME "GRUB"
| #define PACKAGE_TARNAME "grub"
| #define PACKAGE_VERSION "0.97"
| #define PACKAGE_STRING "GRUB 0.97"
| #define PACKAGE_BUGREPORT "bug-grub@gnu.org"
| #define PACKAGE_URL ""
| #define PACKAGE "grub"
| #define VERSION "0.97"
| /* end confdefs.h.  */
| 
| int
| main (void)
| {
| 
|   ;
|   return 0;
| }
configure:5295: result: no
configure:5301: checking whether gcc has -fno-PIE
configure:5321: gcc -c -fno-PIE -Wdate-time conftest.c >&5
configure:5321: $? = 0
configure:5331: result: yes
configure:5337: checking whether gcc has -no-pie
configure:5357: gcc -o conftest -m32 -g -Wdate-time -no-pie conftest.c  >&5
configure:5357: $? = 0
configure:5368: result: yes
configure:5384: checking whether -Wundef works
configure:5404: gcc -c -m32 -g -Wundef conftest.c >&5
configure:5404: $? = 0
configure:5414: result: yes
configure:5419: checking whether -falign-loops works
configure:5439: gcc -c -m32 -g -falign-loops=1 conftest.c >&5
clang: warning: optimization flag '-falign-loops=1' is not supported [-Wignored-optimization-argument]
configure:5439: $? = 0
configure:5449: result: yes
configure:5464: checking whether linker accepts `--build-id=none'
configure:5479: gcc -o conftest -m32 -g -Wdate-time -Wall -Wmissing-prototypes -Wunused -Wshadow -Wpointer-arith -falign-jumps=1 -falign-loops=1 -falign-functions=1 -Wundef  -no-pie -Wl,--build-id=none conftest.c  >&5
clang: warning: optimization flag '-falign-jumps=1' is not supported [-Wignored-optimization-argument]
clang: warning: optimization flag '-falign-loops=1' is not supported [-Wignored-optimization-argument]
configure:5479: $? = 0
configure:5487: result: yes
configure:5590: checking for objcopy
configure:5611: found /usr/bin/objcopy
configure:5622: result: objcopy
configure:5648: checking if C symbols get an underscore after compilation
configure:5664: gcc -m32 -g -S conftest.c
configure:5667: $? = 0
configure:5690: result: no
configure:5693: checking whether objcopy works for absolute addresses
configure:5707: gcc -c -m32 -g -Wdate-time -Wall -Wmissing-prototypes -Wunused -Wshadow -Wpointer-arith -falign-jumps=1 -falign-loops=1 -falign-functions=1 -Wundef conftest.c >&5
clang: warning: optimization flag '-falign-jumps=1' is not supported [-Wignored-optimization-argument]
clang: warning: optimization flag '-falign-loops=1' is not supported [-Wignored-optimization-argument]
conftest.c:2:1: warning: no previous prototype for function 'cmain' [-Wmissing-prototypes]
cmain (void)
^
conftest.c:1:1: note: declare 'static' if the function is not intended to be used outside of this translation unit
void
^
static 
1 warning generated.
configure:5710: $? = 0
configure:5718: gcc -m32 -g  -no-pie -Wl,--build-id=none -nostdlib -Wl,-N -Wl,-Ttext -Wl,2000 conftest.o -o conftest.exec
/usr/bin/ld: warning: cannot find entry symbol _start; defaulting to 0000000000002000
configure:5721: $? = 0
configure:5727: objcopy --only-section=.text -O binary conftest.exec conftest
configure:5730: $? = 0
configure:5718: gcc -m32 -g  -no-pie -Wl,--build-id=none -nostdlib -Wl,-N -Wl,-Ttext -Wl,8000 conftest.o -o conftest.exec
/usr/bin/ld: warning: cannot find entry symbol _start; defaulting to 0000000000008000
configure:5721: $? = 0
configure:5727: objcopy --only-section=.text -O binary conftest.exec conftest
configure:5730: $? = 0
configure:5736: cmp -s conftest.old conftest
configure:5739: $? = 0
configure:5718: gcc -m32 -g  -no-pie -Wl,--build-id=none -nostdlib -Wl,-N -Wl,-Ttext -Wl,7C00 conftest.o -o conftest.exec
/usr/bin/ld: warning: cannot find entry symbol _start; defaulting to 0000000000007c00
configure:5721: $? = 0
configure:5727: objcopy --only-section=.text -O binary conftest.exec conftest
configure:5730: $? = 0
configure:5736: cmp -s conftest.old conftest
configure:5739: $? = 0
configure:5750: result: yes
configure:5757: checking whether addr32 must be in the same line as the instruction
configure:5769: gcc -m32 -g -c conftest.s
conftest.s:2:5: error: instruction requires: 64-bit mode
l1:     addr32  movb    %al, l1
        ^
configure:5772: $? = 1
configure:5798: result: no
configure:5803: checking for .code16 addr32 assembler support
configure:5821: gcc -m32 -g -c conftest.s
conftest.s:2:5: error: instruction requires: 64-bit mode
l1:     addr32; movb    %al, l1
        ^
configure:5824: $? = 1
configure:5835: result: no
configure:5838: error: GRUB requires GAS .code16 addr32 support; upgrade your binutils

## ---------------- ##
## Cache variables. ##
## ---------------- ##

ac_cv_build=x86_64-pc-linux-gnu
ac_cv_c_compiler_gnu=yes
ac_cv_env_CCASFLAGS_set=
ac_cv_env_CCASFLAGS_value=
ac_cv_env_CCAS_set=
ac_cv_env_CCAS_value=
ac_cv_env_CC_set=
ac_cv_env_CC_value=
ac_cv_env_CFLAGS_set=set
ac_cv_env_CFLAGS_value=
ac_cv_env_CPPFLAGS_set=set
ac_cv_env_CPPFLAGS_value=-Wdate-time
ac_cv_env_LDFLAGS_set=set
ac_cv_env_LDFLAGS_value=
ac_cv_env_LIBS_set=
ac_cv_env_LIBS_value=
ac_cv_env_build_alias_set=set
ac_cv_env_build_alias_value=x86_64-linux-gnu
ac_cv_env_host_alias_set=
ac_cv_env_host_alias_value=
ac_cv_env_target_alias_set=
ac_cv_env_target_alias_value=
ac_cv_host=x86_64-pc-linux-gnu
ac_cv_objext=o
ac_cv_path_install='/usr/bin/install -c'
ac_cv_path_mkdir=/bin/mkdir
ac_cv_prog_AWK=mawk
ac_cv_prog_ac_ct_CC=gcc
ac_cv_prog_ac_ct_OBJCOPY=objcopy
ac_cv_prog_ac_ct_RANLIB=ranlib
ac_cv_prog_cc_c11=
ac_cv_prog_cc_g=yes
ac_cv_prog_cc_stdc=
ac_cv_prog_make_make_set=yes
am_cv_CCAS_dependencies_compiler_type=none
am_cv_CC_dependencies_compiler_type=none
am_cv_make_support_nested_variables=yes
am_cv_prog_cc_c_o=yes
grub_cv_asm_addr32=no
grub_cv_asm_prefix_requirement=no
grub_cv_asm_uscore=no
grub_cv_cc_Os=yes
grub_cv_cc_Wundef=yes
grub_cv_cc_falign_loop=yes
grub_cv_cc_no_stack_protector=yes
grub_cv_prog_objcopy_absolute=yes

## ----------------- ##
## Output variables. ##
## ----------------- ##

ACLOCAL='${SHELL} '\''/<<PKGBUILDDIR>>/missing'\'' aclocal-1.16'
AMDEPBACKSLASH=''
AMDEP_FALSE=''
AMDEP_TRUE='#'
AMTAR='$${TAR-tar}'
AM_BACKSLASH='\'
AM_DEFAULT_V='$(AM_DEFAULT_VERBOSITY)'
AM_DEFAULT_VERBOSITY='1'
AM_V='$(V)'
AUTOCONF='${SHELL} '\''/<<PKGBUILDDIR>>/missing'\'' autoconf'
AUTOHEADER='${SHELL} '\''/<<PKGBUILDDIR>>/missing'\'' autoheader'
AUTOMAKE='${SHELL} '\''/<<PKGBUILDDIR>>/missing'\'' automake-1.16'
AWK='mawk'
BUILD_EXAMPLE_KERNEL_FALSE=''
BUILD_EXAMPLE_KERNEL_TRUE=''
CC='gcc'
CCAS='gcc'
CCASDEPMODE='depmode=none'
CCASFLAGS='-m32 '
CCDEPMODE='depmode=none'
CFLAGS='-m32 -g'
CPPFLAGS='-Wdate-time -Wall -Wmissing-prototypes -Wunused -Wshadow -Wpointer-arith -falign-jumps=1 -falign-loops=1 -falign-functions=1 -Wundef'
CSCOPE='cscope'
CTAGS='ctags'
CYGPATH_W='echo'
DEFS=''
DEPDIR='.deps'
DISKLESS_SUPPORT_FALSE=''
DISKLESS_SUPPORT_TRUE=''
ECHO_C=''
ECHO_N='-n'
ECHO_T=''
ETAGS='etags'
EXEEXT=''
FSYS_CFLAGS=''
GRAPHICS_SUPPORT_FALSE=''
GRAPHICS_SUPPORT_TRUE=''
GRUB_CFLAGS='-O2'
GRUB_LIBS=''
HERCULES_SUPPORT_FALSE=''
HERCULES_SUPPORT_TRUE=''
INSTALL_DATA='${INSTALL} -m 644'
INSTALL_PROGRAM='${INSTALL}'
INSTALL_SCRIPT='${INSTALL}'
INSTALL_STRIP_PROGRAM='$(install_sh) -c -s'
LDFLAGS=' -no-pie -Wl,--build-id=none'
LIBOBJS=''
LIBS=''
LTLIBOBJS=''
MAINT='#'
MAINTAINER_MODE_FALSE=''
MAINTAINER_MODE_TRUE='#'
MAKEINFO='${SHELL} '\''/<<PKGBUILDDIR>>/missing'\'' makeinfo'
MKDIR_P='/bin/mkdir -p'
NETBOOT_DRIVERS=''
NETBOOT_SUPPORT_FALSE=''
NETBOOT_SUPPORT_TRUE=''
NET_CFLAGS=''
NET_EXTRAFLAGS=''
OBJCOPY='objcopy'
OBJEXT='o'
PACKAGE='grub'
PACKAGE_BUGREPORT='bug-grub@gnu.org'
PACKAGE_NAME='GRUB'
PACKAGE_STRING='GRUB 0.97'
PACKAGE_TARNAME='grub'
PACKAGE_URL=''
PACKAGE_VERSION='0.97'
PATH_SEPARATOR=':'
PERL=''
RANLIB='ranlib'
SERIAL_SPEED_SIMULATION_FALSE=''
SERIAL_SPEED_SIMULATION_TRUE=''
SERIAL_SUPPORT_FALSE=''
SERIAL_SUPPORT_TRUE=''
SET_MAKE=''
SHELL='/bin/bash'
STAGE1_CFLAGS='-O2 -fno-PIE'
STAGE2_CFLAGS='-Os -fno-stack-protector -fno-PIE'
STRIP=''
VERSION='0.97'
ac_ct_CC='gcc'
am__EXEEXT_FALSE=''
am__EXEEXT_TRUE=''
am__fastdepCCAS_FALSE=''
am__fastdepCCAS_TRUE='#'
am__fastdepCC_FALSE=''
am__fastdepCC_TRUE='#'
am__include='include'
am__isrc=''
am__leading_dot='.'
am__nodep=''
am__quote=''
am__tar='$${TAR-tar} chof - "$$tardir"'
am__untar='$${TAR-tar} xf -'
bindir='${exec_prefix}/bin'
build='x86_64-pc-linux-gnu'
build_alias='x86_64-linux-gnu'
build_cpu='x86_64'
build_os='linux-gnu'
build_vendor='pc'
datadir='${datarootdir}'
datarootdir='${prefix}/share'
docdir='${datarootdir}/doc/${PACKAGE_TARNAME}'
dvidir='${docdir}'
exec_prefix='NONE'
host='x86_64-pc-linux-gnu'
host_alias=''
host_cpu='x86_64'
host_os='linux-gnu'
host_vendor='pc'
htmldir='${docdir}'
includedir='${prefix}/include'
infodir='${prefix}/share/info'
install_sh='${SHELL} /<<PKGBUILDDIR>>/install-sh'
libdir='${prefix}/lib'
libexecdir='${exec_prefix}/libexec'
localedir='${datarootdir}/locale'
localstatedir='/var'
mandir='${prefix}/share/man'
mkdir_p='$(MKDIR_P)'
oldincludedir='/usr/include'
pdfdir='${docdir}'
prefix='/usr'
program_transform_name='s,x,x,'
psdir='${docdir}'
runstatedir='/run'
sbindir='${exec_prefix}/sbin'
sharedstatedir='${prefix}/com'
sysconfdir='/etc'
target_alias=''

## ----------- ##
## confdefs.h. ##
## ----------- ##

/* confdefs.h */
#define PACKAGE_NAME "GRUB"
#define PACKAGE_TARNAME "grub"
#define PACKAGE_VERSION "0.97"
#define PACKAGE_STRING "GRUB 0.97"
#define PACKAGE_BUGREPORT "bug-grub@gnu.org"
#define PACKAGE_URL ""
#define PACKAGE "grub"
#define VERSION "0.97"
#define ADDR32 addr32;
#define DATA32 data32;

configure: exit 1
dh_auto_configure: error: ./configure --build=x86_64-linux-gnu --prefix=/usr --includedir=\${prefix}/include --mandir=\${prefix}/share/man --infodir=\${prefix}/share/info --sysconfdir=/etc --localstatedir=/var --disable-option-checking --disable-silent-rules --libdir=\${prefix}/lib/x86_64-linux-gnu --runstatedir=/run --disable-maintainer-mode --disable-dependency-tracking --libdir=\${prefix}/lib --disable-auto-linux-mem-opt returned exit code 1
make[1]: *** [debian/rules:11: override_dh_auto_configure] Error 25
make[1]: Leaving directory '/<<PKGBUILDDIR>>'
make: *** [debian/rules:3: build] Error 2
dpkg-buildpackage: error: debian/rules build subprocess returned exit status 2
--------------------------------------------------------------------------------
Build finished at 2021-10-26T23:13:48Z

Finished
--------


+------------------------------------------------------------------------------+
| Cleanup                                                                      |
+------------------------------------------------------------------------------+

Purging /<<BUILDDIR>>
Not cleaning session: cloned chroot in use
E: Build failure (dpkg-buildpackage died)

+------------------------------------------------------------------------------+
| Summary                                                                      |
+------------------------------------------------------------------------------+

Build Architecture: amd64
Build Type: binary
Build-Space: 8884
Build-Time: 5
Distribution: unstable
Fail-Stage: build
Host Architecture: amd64
Install-Time: 8
Job: grub_0.97-78
Machine Architecture: amd64
Package: grub
Package-Time: 34
Source-Version: 0.97-78
Space: 8884
Status: attempted
Version: 0.97-78
--------------------------------------------------------------------------------
Finished at 2021-10-26T23:13:48Z
Build needed 00:00:34, 8884k disk space
E: Build failure (dpkg-buildpackage died)
DC-Status: Failed 34.803473674s
