DC-Build-Header: jellyfish 2.3.0-12 / 2021-10-26 21:21:24 +0000
DC-Task: type:rebuild-binarch-only source:jellyfish version:2.3.0-12 chroot:unstable esttime:494 logfile:/tmp/jellyfish_2.3.0-12_unstable_clang12.log modes:clang12:binarch-only
DC-Sbuild-call: su user42 -c 'sbuild -n --arch-any --apt-update -d unstable -v --no-run-lintian --chroot-setup-commands=/tmp/clang12 jellyfish_2.3.0-12'
sbuild (Debian sbuild) 0.78.1 (09 February 2019) on ip-172-31-10-55.eu-central-1.compute.internal

+==============================================================================+
| jellyfish 2.3.0-12 (amd64)                   Tue, 26 Oct 2021 21:21:24 +0000 |
+==============================================================================+

Package: jellyfish
Version: 2.3.0-12
Source Version: 2.3.0-12
Distribution: unstable
Machine Architecture: amd64
Host Architecture: amd64
Build Architecture: amd64
Build Type: binary

I: NOTICE: Log filtering will replace 'var/run/schroot/mount/sid-amd64-sbuild-49c539f6-36b6-48dd-8425-1072618a6a12' with '<<CHROOT>>'

+------------------------------------------------------------------------------+
| Chroot Setup Commands                                                        |
+------------------------------------------------------------------------------+


/tmp/clang12
------------

+ echo 'Entering customization script...'
Entering customization script...
+ CLANG_VERSION=12
+ echo 'Install of clang-12'
Install of clang-12
+ apt-get update
Get:1 http://127.0.0.1:12990/debian sid InRelease [165 kB]
Get:2 http://127.0.0.1:12990/debian sid/main Sources.diff/Index [63.6 kB]
Get:3 http://127.0.0.1:12990/debian sid/main amd64 Packages.diff/Index [63.6 kB]
Get:4 http://127.0.0.1:12990/debian sid/main Sources T-2021-10-26-2004.40-F-2021-10-26-0202.15.pdiff [47.3 kB]
Get:4 http://127.0.0.1:12990/debian sid/main Sources T-2021-10-26-2004.40-F-2021-10-26-0202.15.pdiff [47.3 kB]
Get:5 http://127.0.0.1:12990/debian sid/main amd64 Packages T-2021-10-26-2004.40-F-2021-10-26-0202.15.pdiff [55.9 kB]
Get:5 http://127.0.0.1:12990/debian sid/main amd64 Packages T-2021-10-26-2004.40-F-2021-10-26-0202.15.pdiff [55.9 kB]
Get:6 http://127.0.0.1:12990/debian sid/main Translation-en [6586 kB]
Fetched 6981 kB in 3s (2767 kB/s)
Reading package lists...
+ apt-get install --yes --no-install-recommends --force-yes clang-12 libomp-12-dev libobjc-9-dev
Reading package lists...
Building dependency tree...
The following additional packages will be installed:
  lib32gcc-s1 lib32stdc++6 libasan5 libbsd0 libc6-i386 libclang-common-12-dev
  libclang-cpp12 libclang1-12 libedit2 libelf1 libgc1 libgcc-9-dev libicu67
  libllvm12 libmd0 libobjc-11-dev libobjc4 libomp5-12 libunwind-12 libxml2
  libz3-4 llvm-12-linker-tools
Suggested packages:
  clang-12-doc libomp-12-doc
Recommended packages:
  llvm-12-dev python3
The following NEW packages will be installed:
  clang-12 lib32gcc-s1 lib32stdc++6 libasan5 libbsd0 libc6-i386
  libclang-common-12-dev libclang-cpp12 libclang1-12 libedit2 libelf1 libgc1
  libgcc-9-dev libicu67 libllvm12 libmd0 libobjc-11-dev libobjc-9-dev libobjc4
  libomp-12-dev libomp5-12 libunwind-12 libxml2 libz3-4 llvm-12-linker-tools
0 upgraded, 25 newly installed, 0 to remove and 0 not upgraded.
Need to get 67.6 MB of archives.
After this operation, 349 MB of additional disk space will be used.
Get:1 http://127.0.0.1:12990/debian sid/main amd64 libmd0 amd64 1.0.4-1 [29.6 kB]
Get:2 http://127.0.0.1:12990/debian sid/main amd64 libbsd0 amd64 0.11.3-1 [108 kB]
Get:3 http://127.0.0.1:12990/debian sid/main amd64 libedit2 amd64 3.1-20210910-1 [97.5 kB]
Get:4 http://127.0.0.1:12990/debian sid/main amd64 libicu67 amd64 67.1-7 [8622 kB]
Get:5 http://127.0.0.1:12990/debian sid/main amd64 libxml2 amd64 2.9.12+dfsg-5 [696 kB]
Get:6 http://127.0.0.1:12990/debian sid/main amd64 libz3-4 amd64 4.8.12-1+b1 [6997 kB]
Get:7 http://127.0.0.1:12990/debian sid/main amd64 libllvm12 amd64 1:12.0.1-15 [19.4 MB]
Get:8 http://127.0.0.1:12990/debian sid/main amd64 libclang-cpp12 amd64 1:12.0.1-15 [9996 kB]
Get:9 http://127.0.0.1:12990/debian sid/main amd64 libgc1 amd64 1:8.0.4-3 [239 kB]
Get:10 http://127.0.0.1:12990/debian sid/main amd64 libobjc4 amd64 11.2.0-10 [43.2 kB]
Get:11 http://127.0.0.1:12990/debian sid/main amd64 libobjc-11-dev amd64 11.2.0-10 [170 kB]
Get:12 http://127.0.0.1:12990/debian sid/main amd64 libc6-i386 amd64 2.32-4 [2624 kB]
Get:13 http://127.0.0.1:12990/debian sid/main amd64 lib32gcc-s1 amd64 11.2.0-10 [49.9 kB]
Get:14 http://127.0.0.1:12990/debian sid/main amd64 lib32stdc++6 amd64 11.2.0-10 [601 kB]
Get:15 http://127.0.0.1:12990/debian sid/main amd64 libclang-common-12-dev amd64 1:12.0.1-15 [4819 kB]
Get:16 http://127.0.0.1:12990/debian sid/main amd64 llvm-12-linker-tools amd64 1:12.0.1-15 [1222 kB]
Get:17 http://127.0.0.1:12990/debian sid/main amd64 libclang1-12 amd64 1:12.0.1-15 [5644 kB]
Get:18 http://127.0.0.1:12990/debian sid/main amd64 clang-12 amd64 1:12.0.1-15 [117 kB]
Get:19 http://127.0.0.1:12990/debian sid/main amd64 libasan5 amd64 9.4.0-3 [2734 kB]
Get:20 http://127.0.0.1:12990/debian sid/main amd64 libelf1 amd64 0.185-2 [172 kB]
Get:21 http://127.0.0.1:12990/debian sid/main amd64 libgcc-9-dev amd64 9.4.0-3 [2343 kB]
Get:22 http://127.0.0.1:12990/debian sid/main amd64 libobjc-9-dev amd64 9.4.0-3 [219 kB]
Get:23 http://127.0.0.1:12990/debian sid/main amd64 libunwind-12 amd64 1:12.0.1-15 [63.9 kB]
Get:24 http://127.0.0.1:12990/debian sid/main amd64 libomp5-12 amd64 1:12.0.1-15 [405 kB]
Get:25 http://127.0.0.1:12990/debian sid/main amd64 libomp-12-dev amd64 1:12.0.1-15 [104 kB]
debconf: delaying package configuration, since apt-utils is not installed
Fetched 67.6 MB in 0s (144 MB/s)
Selecting previously unselected package libmd0:amd64.
(Reading database ... (Reading database ... 5%(Reading database ... 10%(Reading database ... 15%(Reading database ... 20%(Reading database ... 25%(Reading database ... 30%(Reading database ... 35%(Reading database ... 40%(Reading database ... 45%(Reading database ... 50%(Reading database ... 55%(Reading database ... 60%(Reading database ... 65%(Reading database ... 70%(Reading database ... 75%(Reading database ... 80%(Reading database ... 85%(Reading database ... 90%(Reading database ... 95%(Reading database ... 100%(Reading database ... 12431 files and directories currently installed.)
Preparing to unpack .../00-libmd0_1.0.4-1_amd64.deb ...
Unpacking libmd0:amd64 (1.0.4-1) ...
Selecting previously unselected package libbsd0:amd64.
Preparing to unpack .../01-libbsd0_0.11.3-1_amd64.deb ...
Unpacking libbsd0:amd64 (0.11.3-1) ...
Selecting previously unselected package libedit2:amd64.
Preparing to unpack .../02-libedit2_3.1-20210910-1_amd64.deb ...
Unpacking libedit2:amd64 (3.1-20210910-1) ...
Selecting previously unselected package libicu67:amd64.
Preparing to unpack .../03-libicu67_67.1-7_amd64.deb ...
Unpacking libicu67:amd64 (67.1-7) ...
Selecting previously unselected package libxml2:amd64.
Preparing to unpack .../04-libxml2_2.9.12+dfsg-5_amd64.deb ...
Unpacking libxml2:amd64 (2.9.12+dfsg-5) ...
Selecting previously unselected package libz3-4:amd64.
Preparing to unpack .../05-libz3-4_4.8.12-1+b1_amd64.deb ...
Unpacking libz3-4:amd64 (4.8.12-1+b1) ...
Selecting previously unselected package libllvm12:amd64.
Preparing to unpack .../06-libllvm12_1%3a12.0.1-15_amd64.deb ...
Unpacking libllvm12:amd64 (1:12.0.1-15) ...
Selecting previously unselected package libclang-cpp12.
Preparing to unpack .../07-libclang-cpp12_1%3a12.0.1-15_amd64.deb ...
Unpacking libclang-cpp12 (1:12.0.1-15) ...
Selecting previously unselected package libgc1:amd64.
Preparing to unpack .../08-libgc1_1%3a8.0.4-3_amd64.deb ...
Unpacking libgc1:amd64 (1:8.0.4-3) ...
Selecting previously unselected package libobjc4:amd64.
Preparing to unpack .../09-libobjc4_11.2.0-10_amd64.deb ...
Unpacking libobjc4:amd64 (11.2.0-10) ...
Selecting previously unselected package libobjc-11-dev:amd64.
Preparing to unpack .../10-libobjc-11-dev_11.2.0-10_amd64.deb ...
Unpacking libobjc-11-dev:amd64 (11.2.0-10) ...
Selecting previously unselected package libc6-i386.
Preparing to unpack .../11-libc6-i386_2.32-4_amd64.deb ...
Unpacking libc6-i386 (2.32-4) ...
Selecting previously unselected package lib32gcc-s1.
Preparing to unpack .../12-lib32gcc-s1_11.2.0-10_amd64.deb ...
Unpacking lib32gcc-s1 (11.2.0-10) ...
Selecting previously unselected package lib32stdc++6.
Preparing to unpack .../13-lib32stdc++6_11.2.0-10_amd64.deb ...
Unpacking lib32stdc++6 (11.2.0-10) ...
Selecting previously unselected package libclang-common-12-dev.
Preparing to unpack .../14-libclang-common-12-dev_1%3a12.0.1-15_amd64.deb ...
Unpacking libclang-common-12-dev (1:12.0.1-15) ...
Selecting previously unselected package llvm-12-linker-tools.
Preparing to unpack .../15-llvm-12-linker-tools_1%3a12.0.1-15_amd64.deb ...
Unpacking llvm-12-linker-tools (1:12.0.1-15) ...
Selecting previously unselected package libclang1-12.
Preparing to unpack .../16-libclang1-12_1%3a12.0.1-15_amd64.deb ...
Unpacking libclang1-12 (1:12.0.1-15) ...
Selecting previously unselected package clang-12.
Preparing to unpack .../17-clang-12_1%3a12.0.1-15_amd64.deb ...
Unpacking clang-12 (1:12.0.1-15) ...
Selecting previously unselected package libasan5:amd64.
Preparing to unpack .../18-libasan5_9.4.0-3_amd64.deb ...
Unpacking libasan5:amd64 (9.4.0-3) ...
Selecting previously unselected package libelf1:amd64.
Preparing to unpack .../19-libelf1_0.185-2_amd64.deb ...
Unpacking libelf1:amd64 (0.185-2) ...
Selecting previously unselected package libgcc-9-dev:amd64.
Preparing to unpack .../20-libgcc-9-dev_9.4.0-3_amd64.deb ...
Unpacking libgcc-9-dev:amd64 (9.4.0-3) ...
Selecting previously unselected package libobjc-9-dev:amd64.
Preparing to unpack .../21-libobjc-9-dev_9.4.0-3_amd64.deb ...
Unpacking libobjc-9-dev:amd64 (9.4.0-3) ...
Selecting previously unselected package libunwind-12:amd64.
Preparing to unpack .../22-libunwind-12_1%3a12.0.1-15_amd64.deb ...
Unpacking libunwind-12:amd64 (1:12.0.1-15) ...
Selecting previously unselected package libomp5-12:amd64.
Preparing to unpack .../23-libomp5-12_1%3a12.0.1-15_amd64.deb ...
Unpacking libomp5-12:amd64 (1:12.0.1-15) ...
Selecting previously unselected package libomp-12-dev.
Preparing to unpack .../24-libomp-12-dev_1%3a12.0.1-15_amd64.deb ...
Unpacking libomp-12-dev (1:12.0.1-15) ...
Setting up libicu67:amd64 (67.1-7) ...
Setting up libasan5:amd64 (9.4.0-3) ...
Setting up libz3-4:amd64 (4.8.12-1+b1) ...
Setting up libunwind-12:amd64 (1:12.0.1-15) ...
Setting up libgc1:amd64 (1:8.0.4-3) ...
Setting up libmd0:amd64 (1.0.4-1) ...
Setting up libc6-i386 (2.32-4) ...
Setting up libbsd0:amd64 (0.11.3-1) ...
Setting up libelf1:amd64 (0.185-2) ...
Setting up libxml2:amd64 (2.9.12+dfsg-5) ...
Setting up libedit2:amd64 (3.1-20210910-1) ...
Setting up libobjc4:amd64 (11.2.0-10) ...
Setting up libgcc-9-dev:amd64 (9.4.0-3) ...
Setting up lib32gcc-s1 (11.2.0-10) ...
Setting up lib32stdc++6 (11.2.0-10) ...
Setting up libllvm12:amd64 (1:12.0.1-15) ...
Setting up libobjc-9-dev:amd64 (9.4.0-3) ...
Setting up libclang-common-12-dev (1:12.0.1-15) ...
Setting up libomp5-12:amd64 (1:12.0.1-15) ...
Setting up libobjc-11-dev:amd64 (11.2.0-10) ...
Setting up llvm-12-linker-tools (1:12.0.1-15) ...
Setting up libclang1-12 (1:12.0.1-15) ...
Setting up libclang-cpp12 (1:12.0.1-15) ...
Setting up libomp-12-dev (1:12.0.1-15) ...
Setting up clang-12 (1:12.0.1-15) ...
Processing triggers for libc-bin (2.32-4) ...
W: --force-yes is deprecated, use one of the options starting with --allow instead.
+ echo 'Replace gcc, g++ & cpp by clang'
Replace gcc, g++ & cpp by clang
+ VERSIONS='4.6 4.7 4.8 4.9 5 6 7 8 9 10 11'
+ cd /usr/bin
+ for VERSION in $VERSIONS
+ rm -f g++-4.6 gcc-4.6 cpp-4.6 gcc
+ ln -s clang++-12 g++-4.6
+ ln -s clang-12 gcc-4.6
+ ln -s clang-12 cpp-4.6
+ ln -s clang-12 gcc
+ echo 'gcc-4.6 hold'
+ dpkg --set-selections
dpkg: warning: package not in status nor available database at line 1: gcc-4.6
dpkg: warning: found unknown packages; this might mean the available database
is outdated, and needs to be updated through a frontend method;
please see the FAQ <https://wiki.debian.org/Teams/Dpkg/FAQ>
+ echo 'g++-4.6 hold'
+ dpkg --set-selections
dpkg: warning: package not in status nor available database at line 1: g++-4.6
dpkg: warning: found unknown packages; this might mean the available database
is outdated, and needs to be updated through a frontend method;
please see the FAQ <https://wiki.debian.org/Teams/Dpkg/FAQ>
+ for VERSION in $VERSIONS
+ rm -f g++-4.7 gcc-4.7 cpp-4.7 gcc
+ ln -s clang++-12 g++-4.7
+ ln -s clang-12 gcc-4.7
+ ln -s clang-12 cpp-4.7
+ ln -s clang-12 gcc
+ echo 'gcc-4.7 hold'
+ dpkg --set-selections
dpkg: warning: package not in status nor available database at line 1: gcc-4.7
dpkg: warning: found unknown packages; this might mean the available database
is outdated, and needs to be updated through a frontend method;
please see the FAQ <https://wiki.debian.org/Teams/Dpkg/FAQ>
+ echo 'g++-4.7 hold'
+ dpkg --set-selections
dpkg: warning: package not in status nor available database at line 1: g++-4.7
dpkg: warning: found unknown packages; this might mean the available database
is outdated, and needs to be updated through a frontend method;
please see the FAQ <https://wiki.debian.org/Teams/Dpkg/FAQ>
+ for VERSION in $VERSIONS
+ rm -f g++-4.8 gcc-4.8 cpp-4.8 gcc
+ ln -s clang++-12 g++-4.8
+ ln -s clang-12 gcc-4.8
+ ln -s clang-12 cpp-4.8
+ ln -s clang-12 gcc
+ echo 'gcc-4.8 hold'
+ dpkg --set-selections
dpkg: warning: package not in status nor available database at line 1: gcc-4.8
dpkg: warning: found unknown packages; this might mean the available database
is outdated, and needs to be updated through a frontend method;
please see the FAQ <https://wiki.debian.org/Teams/Dpkg/FAQ>
+ echo 'g++-4.8 hold'
+ dpkg --set-selections
dpkg: warning: package not in status nor available database at line 1: g++-4.8
dpkg: warning: found unknown packages; this might mean the available database
is outdated, and needs to be updated through a frontend method;
please see the FAQ <https://wiki.debian.org/Teams/Dpkg/FAQ>
+ for VERSION in $VERSIONS
+ rm -f g++-4.9 gcc-4.9 cpp-4.9 gcc
+ ln -s clang++-12 g++-4.9
+ ln -s clang-12 gcc-4.9
+ ln -s clang-12 cpp-4.9
+ ln -s clang-12 gcc
+ echo 'gcc-4.9 hold'
+ dpkg --set-selections
dpkg: warning: package not in status nor available database at line 1: gcc-4.9
dpkg: warning: found unknown packages; this might mean the available database
is outdated, and needs to be updated through a frontend method;
please see the FAQ <https://wiki.debian.org/Teams/Dpkg/FAQ>
+ echo 'g++-4.9 hold'
+ dpkg --set-selections
dpkg: warning: package not in status nor available database at line 1: g++-4.9
dpkg: warning: found unknown packages; this might mean the available database
is outdated, and needs to be updated through a frontend method;
please see the FAQ <https://wiki.debian.org/Teams/Dpkg/FAQ>
+ for VERSION in $VERSIONS
+ rm -f g++-5 gcc-5 cpp-5 gcc
+ ln -s clang++-12 g++-5
+ ln -s clang-12 gcc-5
+ ln -s clang-12 cpp-5
+ ln -s clang-12 gcc
+ echo 'gcc-5 hold'
+ dpkg --set-selections
dpkg: warning: package not in status nor available database at line 1: gcc-5
dpkg: warning: found unknown packages; this might mean the available database
is outdated, and needs to be updated through a frontend method;
please see the FAQ <https://wiki.debian.org/Teams/Dpkg/FAQ>
+ echo 'g++-5 hold'
+ dpkg --set-selections
dpkg: warning: package not in status nor available database at line 1: g++-5
dpkg: warning: found unknown packages; this might mean the available database
is outdated, and needs to be updated through a frontend method;
please see the FAQ <https://wiki.debian.org/Teams/Dpkg/FAQ>
+ for VERSION in $VERSIONS
+ rm -f g++-6 gcc-6 cpp-6 gcc
+ ln -s clang++-12 g++-6
+ ln -s clang-12 gcc-6
+ ln -s clang-12 cpp-6
+ ln -s clang-12 gcc
+ echo 'gcc-6 hold'
+ dpkg --set-selections
dpkg: warning: package not in status nor available database at line 1: gcc-6
dpkg: warning: found unknown packages; this might mean the available database
is outdated, and needs to be updated through a frontend method;
please see the FAQ <https://wiki.debian.org/Teams/Dpkg/FAQ>
+ echo 'g++-6 hold'
+ dpkg --set-selections
dpkg: warning: package not in status nor available database at line 1: g++-6
dpkg: warning: found unknown packages; this might mean the available database
is outdated, and needs to be updated through a frontend method;
please see the FAQ <https://wiki.debian.org/Teams/Dpkg/FAQ>
+ for VERSION in $VERSIONS
+ rm -f g++-7 gcc-7 cpp-7 gcc
+ ln -s clang++-12 g++-7
+ ln -s clang-12 gcc-7
+ ln -s clang-12 cpp-7
+ ln -s clang-12 gcc
+ echo 'gcc-7 hold'
+ dpkg --set-selections
dpkg: warning: package not in status nor available database at line 1: gcc-7
dpkg: warning: found unknown packages; this might mean the available database
is outdated, and needs to be updated through a frontend method;
please see the FAQ <https://wiki.debian.org/Teams/Dpkg/FAQ>
+ echo 'g++-7 hold'
+ dpkg --set-selections
dpkg: warning: package not in status nor available database at line 1: g++-7
dpkg: warning: found unknown packages; this might mean the available database
is outdated, and needs to be updated through a frontend method;
please see the FAQ <https://wiki.debian.org/Teams/Dpkg/FAQ>
+ for VERSION in $VERSIONS
+ rm -f g++-8 gcc-8 cpp-8 gcc
+ ln -s clang++-12 g++-8
+ ln -s clang-12 gcc-8
+ ln -s clang-12 cpp-8
+ ln -s clang-12 gcc
+ echo 'gcc-8 hold'
+ dpkg --set-selections
dpkg: warning: package not in status nor available database at line 1: gcc-8
dpkg: warning: found unknown packages; this might mean the available database
is outdated, and needs to be updated through a frontend method;
please see the FAQ <https://wiki.debian.org/Teams/Dpkg/FAQ>
+ echo 'g++-8 hold'
+ dpkg --set-selections
dpkg: warning: package not in status nor available database at line 1: g++-8
dpkg: warning: found unknown packages; this might mean the available database
is outdated, and needs to be updated through a frontend method;
please see the FAQ <https://wiki.debian.org/Teams/Dpkg/FAQ>
+ for VERSION in $VERSIONS
+ rm -f g++-9 gcc-9 cpp-9 gcc
+ ln -s clang++-12 g++-9
+ ln -s clang-12 gcc-9
+ ln -s clang-12 cpp-9
+ ln -s clang-12 gcc
+ echo 'gcc-9 hold'
+ dpkg --set-selections
dpkg: warning: package not in status nor available database at line 1: gcc-9
dpkg: warning: found unknown packages; this might mean the available database
is outdated, and needs to be updated through a frontend method;
please see the FAQ <https://wiki.debian.org/Teams/Dpkg/FAQ>
+ echo 'g++-9 hold'
+ dpkg --set-selections
dpkg: warning: package not in status nor available database at line 1: g++-9
dpkg: warning: found unknown packages; this might mean the available database
is outdated, and needs to be updated through a frontend method;
please see the FAQ <https://wiki.debian.org/Teams/Dpkg/FAQ>
+ for VERSION in $VERSIONS
+ rm -f g++-10 gcc-10 cpp-10 gcc
+ ln -s clang++-12 g++-10
+ ln -s clang-12 gcc-10
+ ln -s clang-12 cpp-10
+ ln -s clang-12 gcc
+ echo 'gcc-10 hold'
+ dpkg --set-selections
dpkg: warning: package not in status nor available database at line 1: gcc-10
dpkg: warning: found unknown packages; this might mean the available database
is outdated, and needs to be updated through a frontend method;
please see the FAQ <https://wiki.debian.org/Teams/Dpkg/FAQ>
+ echo 'g++-10 hold'
+ dpkg --set-selections
dpkg: warning: package not in status nor available database at line 1: g++-10
dpkg: warning: found unknown packages; this might mean the available database
is outdated, and needs to be updated through a frontend method;
please see the FAQ <https://wiki.debian.org/Teams/Dpkg/FAQ>
+ for VERSION in $VERSIONS
+ rm -f g++-11 gcc-11 cpp-11 gcc
+ ln -s clang++-12 g++-11
+ ln -s clang-12 gcc-11
+ ln -s clang-12 cpp-11
+ ln -s clang-12 gcc
+ echo 'gcc-11 hold'
+ dpkg --set-selections
+ echo 'g++-11 hold'
+ dpkg --set-selections
+ cd -
/build/jellyfish-6gOIoP
+ echo 'Check if gcc, g++ & cpp are actually clang'
Check if gcc, g++ & cpp are actually clang
+ gcc --version
+ grep clang
+ cpp --version
+ grep clang
+ g++ --version
+ grep clang
+ cd /usr/bin/
+ rm -f clang++ clang
+ ln -s clang-12 clang++
+ ln -s clang-12 clang
+ clang++ --version
Debian clang version 12.0.1-15
Target: x86_64-pc-linux-gnu
Thread model: posix
InstalledDir: /usr/bin
+ clang --version
Debian clang version 12.0.1-15
Target: x86_64-pc-linux-gnu
Thread model: posix
InstalledDir: /usr/bin
+ cd -
/build/jellyfish-6gOIoP
+ apt install --yes --no-install-recommends --force-yes qt5-qmake

WARNING: apt does not have a stable CLI interface. Use with caution in scripts.

Reading package lists...
Building dependency tree...
Reading state information...
The following additional packages will be installed:
  qt5-qmake-bin qtchooser
The following NEW packages will be installed:
  qt5-qmake qt5-qmake-bin qtchooser
0 upgraded, 3 newly installed, 0 to remove and 0 not upgraded.
Need to get 1322 kB of archives.
After this operation, 4914 kB of additional disk space will be used.
Get:1 http://127.0.0.1:12990/debian sid/main amd64 qt5-qmake-bin amd64 5.15.2+dfsg-12 [1046 kB]
Get:2 http://127.0.0.1:12990/debian sid/main amd64 qtchooser amd64 66-2 [26.3 kB]
Get:3 http://127.0.0.1:12990/debian sid/main amd64 qt5-qmake amd64 5.15.2+dfsg-12 [249 kB]
debconf: delaying package configuration, since apt-utils is not installed
Fetched 1322 kB in 0s (21.2 MB/s)
Selecting previously unselected package qt5-qmake-bin.
(Reading database ... (Reading database ... 5%(Reading database ... 10%(Reading database ... 15%(Reading database ... 20%(Reading database ... 25%(Reading database ... 30%(Reading database ... 35%(Reading database ... 40%(Reading database ... 45%(Reading database ... 50%(Reading database ... 55%(Reading database ... 60%(Reading database ... 65%(Reading database ... 70%(Reading database ... 75%(Reading database ... 80%(Reading database ... 85%(Reading database ... 90%(Reading database ... 95%(Reading database ... 100%(Reading database ... 13527 files and directories currently installed.)
Preparing to unpack .../qt5-qmake-bin_5.15.2+dfsg-12_amd64.deb ...
Unpacking qt5-qmake-bin (5.15.2+dfsg-12) ...
Selecting previously unselected package qtchooser.
Preparing to unpack .../qtchooser_66-2_amd64.deb ...
Unpacking qtchooser (66-2) ...
Selecting previously unselected package qt5-qmake:amd64.
Preparing to unpack .../qt5-qmake_5.15.2+dfsg-12_amd64.deb ...
Unpacking qt5-qmake:amd64 (5.15.2+dfsg-12) ...
Setting up qt5-qmake-bin (5.15.2+dfsg-12) ...
Setting up qtchooser (66-2) ...
Setting up qt5-qmake:amd64 (5.15.2+dfsg-12) ...
W: --force-yes is deprecated, use one of the options starting with --allow instead.
+ cp /usr/lib/x86_64-linux-gnu/qt5/mkspecs/linux-clang/qmake.conf /usr/lib/x86_64-linux-gnu/qt5/mkspecs/linux-clang/qplatformdefs.h /usr/lib/x86_64-linux-gnu/qt5/mkspecs/linux-g++/
+ ls -al /usr/lib/x86_64-linux-gnu/qt5/mkspecs/linux-g++/
total 16
drwxr-xr-x  2 root root 4096 Oct 26 21:21 .
drwxr-xr-x 76 root root 4096 Oct 26 21:21 ..
-rw-r--r--  1 root root  276 Oct 26 21:21 qmake.conf
-rw-r--r--  1 root root 3218 Oct 26 21:21 qplatformdefs.h
+ cat /usr/lib/x86_64-linux-gnu/qt5/mkspecs/linux-g++/qmake.conf
#
# qmake configuration for linux-clang
#

MAKEFILE_GENERATOR = UNIX
CONFIG += incremental

QMAKE_INCREMENTAL_STYLE = sublib

include(../common/linux.conf)
include(../common/gcc-base-unix.conf)
include(../common/clang.conf)

QMAKE_LFLAGS += -ccc-gcc-name g++

load(qt_config)
+ export QMAKESPEC=/usr/lib/x86_64-linux-gnu/qt5/mkspecs/linux-clang/
+ QMAKESPEC=/usr/lib/x86_64-linux-gnu/qt5/mkspecs/linux-clang/
+ sed -i -e 's|compare_problem(2,|compare_problem(0,|g' /usr/bin/dpkg-gensymbols
+ sed -i -e 's|compare_problem(1,|compare_problem(0,|g' /usr/bin/dpkg-gensymbols
+ grep 'compare_problem(' /usr/bin/dpkg-gensymbols
        compare_problem(4, g_('new libraries appeared in the symbols file: %s'), "@libs");
        compare_problem(3, g_('some libraries disappeared in the symbols file: %s'), "@libs");
        compare_problem(0, g_('some new symbols appeared in the symbols file: %s'),
        compare_problem(0, g_('some symbols or patterns disappeared in the symbols file: %s'),

I: Finished running '/tmp/clang12'.

Finished processing commands.
--------------------------------------------------------------------------------
I: NOTICE: Log filtering will replace 'build/jellyfish-6gOIoP/resolver-cErZZ4' with '<<RESOLVERDIR>>'

+------------------------------------------------------------------------------+
| Update chroot                                                                |
+------------------------------------------------------------------------------+

Hit:1 http://127.0.0.1:12990/debian sid InRelease
Reading package lists...
Reading package lists...
Building dependency tree...
Reading state information...
Calculating upgrade...
0 upgraded, 0 newly installed, 0 to remove and 0 not upgraded.

+------------------------------------------------------------------------------+
| Fetch source files                                                           |
+------------------------------------------------------------------------------+


Check APT
---------

Checking available source versions...

Download source files with APT
------------------------------

Reading package lists...
NOTICE: 'jellyfish' packaging is maintained in the 'Git' version control system at:
https://salsa.debian.org/med-team/jellyfish.git
Please use:
git clone https://salsa.debian.org/med-team/jellyfish.git
to retrieve the latest (possibly unreleased) updates to the package.
Need to get 697 kB of source archives.
Get:1 http://127.0.0.1:12990/debian sid/main jellyfish 2.3.0-12 (dsc) [3206 B]
Get:2 http://127.0.0.1:12990/debian sid/main jellyfish 2.3.0-12 (tar) [679 kB]
Get:3 http://127.0.0.1:12990/debian sid/main jellyfish 2.3.0-12 (diff) [14.7 kB]
Fetched 697 kB in 0s (8119 kB/s)
Download complete and in download only mode
I: NOTICE: Log filtering will replace 'build/jellyfish-6gOIoP/jellyfish-2.3.0' with '<<PKGBUILDDIR>>'
I: NOTICE: Log filtering will replace 'build/jellyfish-6gOIoP' with '<<BUILDDIR>>'

+------------------------------------------------------------------------------+
| Install package build dependencies                                           |
+------------------------------------------------------------------------------+


Setup apt archive
-----------------

Merged Build-Depends: debhelper-compat (= 13), d-shlibs, yaggo, pkg-config, bc, time, procps, swig, python3-all-dev, dh-python, perl, chrpath, libhts-dev, dos2unix, samtools, build-essential, fakeroot
Filtered Build-Depends: debhelper-compat (= 13), d-shlibs, yaggo, pkg-config, bc, time, procps, swig, python3-all-dev, dh-python, perl, chrpath, libhts-dev, dos2unix, samtools, build-essential, fakeroot
dpkg-deb: building package 'sbuild-build-depends-main-dummy' in '/<<RESOLVERDIR>>/apt_archive/sbuild-build-depends-main-dummy.deb'.
Ign:1 copy:/<<RESOLVERDIR>>/apt_archive ./ InRelease
Get:2 copy:/<<RESOLVERDIR>>/apt_archive ./ Release [957 B]
Ign:3 copy:/<<RESOLVERDIR>>/apt_archive ./ Release.gpg
Get:4 copy:/<<RESOLVERDIR>>/apt_archive ./ Sources [446 B]
Get:5 copy:/<<RESOLVERDIR>>/apt_archive ./ Packages [528 B]
Fetched 1931 B in 0s (0 B/s)
Reading package lists...
Reading package lists...

Install main build dependencies (apt-based resolver)
----------------------------------------------------

Installing build dependencies
Reading package lists...
Building dependency tree...
Reading state information...
The following additional packages will be installed:
  autoconf automake autopoint autotools-dev bc bsdextrautils ca-certificates
  chrpath d-shlibs debhelper dh-autoreconf dh-python dh-strip-nondeterminism
  dos2unix dwz file gettext gettext-base groff-base intltool-debian
  libarchive-zip-perl libbrotli1 libcurl3-gnutls libcurl4-gnutls-dev
  libdebhelper-perl libdeflate-dev libdeflate0 libexpat1 libexpat1-dev
  libfile-stripnondeterminism-perl libglib2.0-0 libhts-dev libhts3
  libhtscodecs2 libjs-jquery libjs-sphinxdoc libjs-underscore libldap-2.4-2
  liblzma-dev libmagic-mgc libmagic1 libmpdec3 libncurses6 libncursesw6
  libnghttp2-14 libpipeline1 libprocps8 libpsl5 libpython3-all-dev
  libpython3-dev libpython3-stdlib libpython3.9 libpython3.9-dev
  libpython3.9-minimal libpython3.9-stdlib libreadline8 librtmp1 libruby2.7
  libsasl2-2 libsasl2-modules-db libsigsegv2 libsqlite3-0 libssh2-1
  libsub-override-perl libtool libuchardet0 libyaml-0-2 m4 man-db media-types
  openssl pkg-config po-debconf procps python3 python3-all python3-all-dev
  python3-dev python3-distutils python3-lib2to3 python3-minimal python3.9
  python3.9-dev python3.9-minimal rake readline-common ruby ruby-minitest
  ruby-net-telnet ruby-power-assert ruby-rubygems ruby-test-unit ruby-xmlrpc
  ruby2.7 rubygems-integration samtools sensible-utils swig swig4.0 time yaggo
  zlib1g-dev
Suggested packages:
  autoconf-archive gnu-standards autoconf-doc dh-make flit python3-toml
  gettext-doc libasprintf-dev libgettextpo-dev groff libcurl4-doc
  libgnutls28-dev libidn11-dev libkrb5-dev libldap2-dev librtmp-dev
  libssh2-1-dev liblzma-doc libtool-doc gfortran | fortran95-compiler gcj-jdk
  m4-doc apparmor less www-browser libmail-box-perl python3-doc python3-tk
  python3-venv python3.9-venv python3.9-doc binfmt-support readline-doc ri
  ruby-dev bundler cwltool swig-doc swig-examples swig4.0-examples swig4.0-doc
Recommended packages:
  curl | wget | lynx libarchive-cpio-perl libglib2.0-data shared-mime-info
  xdg-user-dirs javascript-common libldap-common libgpm2 publicsuffix
  libsasl2-modules libltdl-dev libmail-sendmail-perl psmisc zip fonts-lato
The following NEW packages will be installed:
  autoconf automake autopoint autotools-dev bc bsdextrautils ca-certificates
  chrpath d-shlibs debhelper dh-autoreconf dh-python dh-strip-nondeterminism
  dos2unix dwz file gettext gettext-base groff-base intltool-debian
  libarchive-zip-perl libbrotli1 libcurl3-gnutls libcurl4-gnutls-dev
  libdebhelper-perl libdeflate-dev libdeflate0 libexpat1 libexpat1-dev
  libfile-stripnondeterminism-perl libglib2.0-0 libhts-dev libhts3
  libhtscodecs2 libjs-jquery libjs-sphinxdoc libjs-underscore libldap-2.4-2
  liblzma-dev libmagic-mgc libmagic1 libmpdec3 libncurses6 libncursesw6
  libnghttp2-14 libpipeline1 libprocps8 libpsl5 libpython3-all-dev
  libpython3-dev libpython3-stdlib libpython3.9 libpython3.9-dev
  libpython3.9-minimal libpython3.9-stdlib libreadline8 librtmp1 libruby2.7
  libsasl2-2 libsasl2-modules-db libsigsegv2 libsqlite3-0 libssh2-1
  libsub-override-perl libtool libuchardet0 libyaml-0-2 m4 man-db media-types
  openssl pkg-config po-debconf procps python3 python3-all python3-all-dev
  python3-dev python3-distutils python3-lib2to3 python3-minimal python3.9
  python3.9-dev python3.9-minimal rake readline-common ruby ruby-minitest
  ruby-net-telnet ruby-power-assert ruby-rubygems ruby-test-unit ruby-xmlrpc
  ruby2.7 rubygems-integration samtools sbuild-build-depends-main-dummy
  sensible-utils swig swig4.0 time yaggo zlib1g-dev
0 upgraded, 103 newly installed, 0 to remove and 0 not upgraded.
Need to get 41.0 MB of archives.
After this operation, 136 MB of additional disk space will be used.
Get:1 copy:/<<RESOLVERDIR>>/apt_archive ./ sbuild-build-depends-main-dummy 0.invalid.0 [960 B]
Get:2 http://127.0.0.1:12990/debian sid/main amd64 bsdextrautils amd64 2.37.2-4 [143 kB]
Get:3 http://127.0.0.1:12990/debian sid/main amd64 libuchardet0 amd64 0.0.7-1 [67.8 kB]
Get:4 http://127.0.0.1:12990/debian sid/main amd64 groff-base amd64 1.22.4-7 [935 kB]
Get:5 http://127.0.0.1:12990/debian sid/main amd64 libpipeline1 amd64 1.5.3-1 [34.3 kB]
Get:6 http://127.0.0.1:12990/debian sid/main amd64 man-db amd64 2.9.4-2 [1354 kB]
Get:7 http://127.0.0.1:12990/debian sid/main amd64 libpython3.9-minimal amd64 3.9.7-4 [804 kB]
Get:8 http://127.0.0.1:12990/debian sid/main amd64 libexpat1 amd64 2.4.1-3 [104 kB]
Get:9 http://127.0.0.1:12990/debian sid/main amd64 python3.9-minimal amd64 3.9.7-4 [1963 kB]
Get:10 http://127.0.0.1:12990/debian sid/main amd64 python3-minimal amd64 3.9.2-3 [38.2 kB]
Get:11 http://127.0.0.1:12990/debian sid/main amd64 media-types all 4.0.0 [30.3 kB]
Get:12 http://127.0.0.1:12990/debian sid/main amd64 libmpdec3 amd64 2.5.1-2 [87.8 kB]
Get:13 http://127.0.0.1:12990/debian sid/main amd64 libncursesw6 amd64 6.2+20210905-1 [133 kB]
Get:14 http://127.0.0.1:12990/debian sid/main amd64 readline-common all 8.1-2 [73.8 kB]
Get:15 http://127.0.0.1:12990/debian sid/main amd64 libreadline8 amd64 8.1-2 [168 kB]
Get:16 http://127.0.0.1:12990/debian sid/main amd64 libsqlite3-0 amd64 3.36.0-2 [815 kB]
Get:17 http://127.0.0.1:12990/debian sid/main amd64 libpython3.9-stdlib amd64 3.9.7-4 [1688 kB]
Get:18 http://127.0.0.1:12990/debian sid/main amd64 python3.9 amd64 3.9.7-4 [480 kB]
Get:19 http://127.0.0.1:12990/debian sid/main amd64 libpython3-stdlib amd64 3.9.2-3 [21.4 kB]
Get:20 http://127.0.0.1:12990/debian sid/main amd64 python3 amd64 3.9.2-3 [37.9 kB]
Get:21 http://127.0.0.1:12990/debian sid/main amd64 libncurses6 amd64 6.2+20210905-1 [102 kB]
Get:22 http://127.0.0.1:12990/debian sid/main amd64 libprocps8 amd64 2:3.3.17-5 [63.9 kB]
Get:23 http://127.0.0.1:12990/debian sid/main amd64 procps amd64 2:3.3.17-5 [502 kB]
Get:24 http://127.0.0.1:12990/debian sid/main amd64 sensible-utils all 0.0.17 [21.5 kB]
Get:25 http://127.0.0.1:12990/debian sid/main amd64 openssl amd64 1.1.1l-1 [851 kB]
Get:26 http://127.0.0.1:12990/debian sid/main amd64 ca-certificates all 20211016 [156 kB]
Get:27 http://127.0.0.1:12990/debian sid/main amd64 libmagic-mgc amd64 1:5.39-3 [273 kB]
Get:28 http://127.0.0.1:12990/debian sid/main amd64 libmagic1 amd64 1:5.39-3 [126 kB]
Get:29 http://127.0.0.1:12990/debian sid/main amd64 file amd64 1:5.39-3 [69.1 kB]
Get:30 http://127.0.0.1:12990/debian sid/main amd64 gettext-base amd64 0.21-4 [175 kB]
Get:31 http://127.0.0.1:12990/debian sid/main amd64 libsigsegv2 amd64 2.13-1 [34.8 kB]
Get:32 http://127.0.0.1:12990/debian sid/main amd64 m4 amd64 1.4.18-5 [204 kB]
Get:33 http://127.0.0.1:12990/debian sid/main amd64 autoconf all 2.71-2 [343 kB]
Get:34 http://127.0.0.1:12990/debian sid/main amd64 autotools-dev all 20180224.1+nmu1 [77.1 kB]
Get:35 http://127.0.0.1:12990/debian sid/main amd64 automake all 1:1.16.5-1 [823 kB]
Get:36 http://127.0.0.1:12990/debian sid/main amd64 autopoint all 0.21-4 [510 kB]
Get:37 http://127.0.0.1:12990/debian sid/main amd64 bc amd64 1.07.1-3+b1 [110 kB]
Get:38 http://127.0.0.1:12990/debian sid/main amd64 chrpath amd64 0.16-2+b1 [17.1 kB]
Get:39 http://127.0.0.1:12990/debian sid/main amd64 d-shlibs all 0.103 [18.2 kB]
Get:40 http://127.0.0.1:12990/debian sid/main amd64 libdebhelper-perl all 13.5.2 [192 kB]
Get:41 http://127.0.0.1:12990/debian sid/main amd64 libtool all 2.4.6-15 [513 kB]
Get:42 http://127.0.0.1:12990/debian sid/main amd64 dh-autoreconf all 20 [17.1 kB]
Get:43 http://127.0.0.1:12990/debian sid/main amd64 libarchive-zip-perl all 1.68-1 [104 kB]
Get:44 http://127.0.0.1:12990/debian sid/main amd64 libsub-override-perl all 0.09-2 [10.2 kB]
Get:45 http://127.0.0.1:12990/debian sid/main amd64 libfile-stripnondeterminism-perl all 1.12.0-2 [26.3 kB]
Get:46 http://127.0.0.1:12990/debian sid/main amd64 dh-strip-nondeterminism all 1.12.0-2 [15.5 kB]
Get:47 http://127.0.0.1:12990/debian sid/main amd64 dwz amd64 0.14-1 [98.3 kB]
Get:48 http://127.0.0.1:12990/debian sid/main amd64 gettext amd64 0.21-4 [1311 kB]
Get:49 http://127.0.0.1:12990/debian sid/main amd64 intltool-debian all 0.35.0+20060710.5 [26.8 kB]
Get:50 http://127.0.0.1:12990/debian sid/main amd64 po-debconf all 1.0.21+nmu1 [248 kB]
Get:51 http://127.0.0.1:12990/debian sid/main amd64 debhelper all 13.5.2 [1056 kB]
Get:52 http://127.0.0.1:12990/debian sid/main amd64 python3-lib2to3 all 3.9.7-1 [79.4 kB]
Get:53 http://127.0.0.1:12990/debian sid/main amd64 python3-distutils all 3.9.7-1 [146 kB]
Get:54 http://127.0.0.1:12990/debian sid/main amd64 dh-python all 5.20211022.1 [103 kB]
Get:55 http://127.0.0.1:12990/debian sid/main amd64 dos2unix amd64 7.4.2-2 [396 kB]
Get:56 http://127.0.0.1:12990/debian sid/main amd64 libbrotli1 amd64 1.0.9-2+b2 [279 kB]
Get:57 http://127.0.0.1:12990/debian sid/main amd64 libsasl2-modules-db amd64 2.1.27+dfsg-2.1 [69.1 kB]
Get:58 http://127.0.0.1:12990/debian sid/main amd64 libsasl2-2 amd64 2.1.27+dfsg-2.1 [106 kB]
Get:59 http://127.0.0.1:12990/debian sid/main amd64 libldap-2.4-2 amd64 2.4.59+dfsg-1 [232 kB]
Get:60 http://127.0.0.1:12990/debian sid/main amd64 libnghttp2-14 amd64 1.43.0-1 [77.1 kB]
Get:61 http://127.0.0.1:12990/debian sid/main amd64 libpsl5 amd64 0.21.0-1.2 [57.3 kB]
Get:62 http://127.0.0.1:12990/debian sid/main amd64 librtmp1 amd64 2.4+20151223.gitfa8646d.1-2+b2 [60.8 kB]
Get:63 http://127.0.0.1:12990/debian sid/main amd64 libssh2-1 amd64 1.10.0-2 [178 kB]
Get:64 http://127.0.0.1:12990/debian sid/main amd64 libcurl3-gnutls amd64 7.74.0-1.3+b1 [338 kB]
Get:65 http://127.0.0.1:12990/debian sid/main amd64 libcurl4-gnutls-dev amd64 7.74.0-1.3+b1 [429 kB]
Get:66 http://127.0.0.1:12990/debian sid/main amd64 libdeflate0 amd64 1.8-1 [53.1 kB]
Get:67 http://127.0.0.1:12990/debian sid/main amd64 libdeflate-dev amd64 1.8-1 [46.7 kB]
Get:68 http://127.0.0.1:12990/debian sid/main amd64 libexpat1-dev amd64 2.4.1-3 [156 kB]
Get:69 http://127.0.0.1:12990/debian sid/main amd64 libglib2.0-0 amd64 2.70.0-3 [1401 kB]
Get:70 http://127.0.0.1:12990/debian sid/main amd64 libhtscodecs2 amd64 1.1.1-3+b1 [50.1 kB]
Get:71 http://127.0.0.1:12990/debian sid/main amd64 libhts3 amd64 1.13+ds-2 [395 kB]
Get:72 http://127.0.0.1:12990/debian sid/main amd64 liblzma-dev amd64 5.2.5-2 [229 kB]
Get:73 http://127.0.0.1:12990/debian sid/main amd64 zlib1g-dev amd64 1:1.2.11.dfsg-2 [190 kB]
Get:74 http://127.0.0.1:12990/debian sid/main amd64 libhts-dev amd64 1.13+ds-2 [4086 kB]
Get:75 http://127.0.0.1:12990/debian sid/main amd64 libjs-jquery all 3.5.1+dfsg+~3.5.5-8 [315 kB]
Get:76 http://127.0.0.1:12990/debian sid/main amd64 libjs-underscore all 1.9.1~dfsg-4 [100 kB]
Get:77 http://127.0.0.1:12990/debian sid/main amd64 libjs-sphinxdoc all 4.2.0-5 [137 kB]
Get:78 http://127.0.0.1:12990/debian sid/main amd64 libpython3.9 amd64 3.9.7-4 [1693 kB]
Get:79 http://127.0.0.1:12990/debian sid/main amd64 libpython3.9-dev amd64 3.9.7-4 [4032 kB]
Get:80 http://127.0.0.1:12990/debian sid/main amd64 libpython3-dev amd64 3.9.2-3 [21.7 kB]
Get:81 http://127.0.0.1:12990/debian sid/main amd64 libpython3-all-dev amd64 3.9.2-3 [1068 B]
Get:82 http://127.0.0.1:12990/debian sid/main amd64 rubygems-integration all 1.18 [6704 B]
Get:83 http://127.0.0.1:12990/debian sid/main amd64 ruby2.7 amd64 2.7.4-1+b1 [747 kB]
Get:84 http://127.0.0.1:12990/debian sid/main amd64 ruby-rubygems all 3.2.27-2 [272 kB]
Get:85 http://127.0.0.1:12990/debian sid/main amd64 ruby amd64 1:2.7.5 [11.9 kB]
Get:86 http://127.0.0.1:12990/debian sid/main amd64 rake all 13.0.3-1 [84.7 kB]
Get:87 http://127.0.0.1:12990/debian sid/main amd64 ruby-minitest all 5.13.0-1 [57.3 kB]
Get:88 http://127.0.0.1:12990/debian sid/main amd64 ruby-net-telnet all 0.1.1-2 [12.5 kB]
Get:89 http://127.0.0.1:12990/debian sid/main amd64 ruby-power-assert all 1.1.7-2 [11.5 kB]
Get:90 http://127.0.0.1:12990/debian sid/main amd64 ruby-test-unit all 3.3.9-1 [86.1 kB]
Get:91 http://127.0.0.1:12990/debian sid/main amd64 ruby-xmlrpc all 0.3.0-2 [23.7 kB]
Get:92 http://127.0.0.1:12990/debian sid/main amd64 libyaml-0-2 amd64 0.2.2-1 [49.6 kB]
Get:93 http://127.0.0.1:12990/debian sid/main amd64 libruby2.7 amd64 2.7.4-1+b1 [4198 kB]
Get:94 http://127.0.0.1:12990/debian sid/main amd64 pkg-config amd64 0.29.2-1 [65.1 kB]
Get:95 http://127.0.0.1:12990/debian sid/main amd64 python3-all amd64 3.9.2-3 [1056 B]
Get:96 http://127.0.0.1:12990/debian sid/main amd64 python3.9-dev amd64 3.9.7-4 [508 kB]
Get:97 http://127.0.0.1:12990/debian sid/main amd64 python3-dev amd64 3.9.2-3 [24.8 kB]
Get:98 http://127.0.0.1:12990/debian sid/main amd64 python3-all-dev amd64 3.9.2-3 [1064 B]
Get:99 http://127.0.0.1:12990/debian sid/main amd64 samtools amd64 1.13-4 [570 kB]
Get:100 http://127.0.0.1:12990/debian sid/main amd64 swig4.0 amd64 4.0.2-1 [1377 kB]
Get:101 http://127.0.0.1:12990/debian sid/main amd64 swig all 4.0.2-1 [330 kB]
Get:102 http://127.0.0.1:12990/debian sid/main amd64 time amd64 1.9-0.1 [50.8 kB]
Get:103 http://127.0.0.1:12990/debian sid/main amd64 yaggo all 1.5.10-5 [21.4 kB]
debconf: delaying package configuration, since apt-utils is not installed
Fetched 41.0 MB in 0s (110 MB/s)
Selecting previously unselected package bsdextrautils.
(Reading database ... 14272 files and directories currently installed.)
Preparing to unpack .../0-bsdextrautils_2.37.2-4_amd64.deb ...
Unpacking bsdextrautils (2.37.2-4) ...
Selecting previously unselected package libuchardet0:amd64.
Preparing to unpack .../1-libuchardet0_0.0.7-1_amd64.deb ...
Unpacking libuchardet0:amd64 (0.0.7-1) ...
Selecting previously unselected package groff-base.
Preparing to unpack .../2-groff-base_1.22.4-7_amd64.deb ...
Unpacking groff-base (1.22.4-7) ...
Selecting previously unselected package libpipeline1:amd64.
Preparing to unpack .../3-libpipeline1_1.5.3-1_amd64.deb ...
Unpacking libpipeline1:amd64 (1.5.3-1) ...
Selecting previously unselected package man-db.
Preparing to unpack .../4-man-db_2.9.4-2_amd64.deb ...
Unpacking man-db (2.9.4-2) ...
Selecting previously unselected package libpython3.9-minimal:amd64.
Preparing to unpack .../5-libpython3.9-minimal_3.9.7-4_amd64.deb ...
Unpacking libpython3.9-minimal:amd64 (3.9.7-4) ...
Selecting previously unselected package libexpat1:amd64.
Preparing to unpack .../6-libexpat1_2.4.1-3_amd64.deb ...
Unpacking libexpat1:amd64 (2.4.1-3) ...
Selecting previously unselected package python3.9-minimal.
Preparing to unpack .../7-python3.9-minimal_3.9.7-4_amd64.deb ...
Unpacking python3.9-minimal (3.9.7-4) ...
Setting up libpython3.9-minimal:amd64 (3.9.7-4) ...
Setting up libexpat1:amd64 (2.4.1-3) ...
Setting up python3.9-minimal (3.9.7-4) ...
Selecting previously unselected package python3-minimal.
(Reading database ... 15139 files and directories currently installed.)
Preparing to unpack .../0-python3-minimal_3.9.2-3_amd64.deb ...
Unpacking python3-minimal (3.9.2-3) ...
Selecting previously unselected package media-types.
Preparing to unpack .../1-media-types_4.0.0_all.deb ...
Unpacking media-types (4.0.0) ...
Selecting previously unselected package libmpdec3:amd64.
Preparing to unpack .../2-libmpdec3_2.5.1-2_amd64.deb ...
Unpacking libmpdec3:amd64 (2.5.1-2) ...
Selecting previously unselected package libncursesw6:amd64.
Preparing to unpack .../3-libncursesw6_6.2+20210905-1_amd64.deb ...
Unpacking libncursesw6:amd64 (6.2+20210905-1) ...
Selecting previously unselected package readline-common.
Preparing to unpack .../4-readline-common_8.1-2_all.deb ...
Unpacking readline-common (8.1-2) ...
Selecting previously unselected package libreadline8:amd64.
Preparing to unpack .../5-libreadline8_8.1-2_amd64.deb ...
Unpacking libreadline8:amd64 (8.1-2) ...
Selecting previously unselected package libsqlite3-0:amd64.
Preparing to unpack .../6-libsqlite3-0_3.36.0-2_amd64.deb ...
Unpacking libsqlite3-0:amd64 (3.36.0-2) ...
Selecting previously unselected package libpython3.9-stdlib:amd64.
Preparing to unpack .../7-libpython3.9-stdlib_3.9.7-4_amd64.deb ...
Unpacking libpython3.9-stdlib:amd64 (3.9.7-4) ...
Selecting previously unselected package python3.9.
Preparing to unpack .../8-python3.9_3.9.7-4_amd64.deb ...
Unpacking python3.9 (3.9.7-4) ...
Selecting previously unselected package libpython3-stdlib:amd64.
Preparing to unpack .../9-libpython3-stdlib_3.9.2-3_amd64.deb ...
Unpacking libpython3-stdlib:amd64 (3.9.2-3) ...
Setting up python3-minimal (3.9.2-3) ...
Selecting previously unselected package python3.
(Reading database ... 15578 files and directories currently installed.)
Preparing to unpack .../00-python3_3.9.2-3_amd64.deb ...
Unpacking python3 (3.9.2-3) ...
Selecting previously unselected package libncurses6:amd64.
Preparing to unpack .../01-libncurses6_6.2+20210905-1_amd64.deb ...
Unpacking libncurses6:amd64 (6.2+20210905-1) ...
Selecting previously unselected package libprocps8:amd64.
Preparing to unpack .../02-libprocps8_2%3a3.3.17-5_amd64.deb ...
Unpacking libprocps8:amd64 (2:3.3.17-5) ...
Selecting previously unselected package procps.
Preparing to unpack .../03-procps_2%3a3.3.17-5_amd64.deb ...
Unpacking procps (2:3.3.17-5) ...
Selecting previously unselected package sensible-utils.
Preparing to unpack .../04-sensible-utils_0.0.17_all.deb ...
Unpacking sensible-utils (0.0.17) ...
Selecting previously unselected package openssl.
Preparing to unpack .../05-openssl_1.1.1l-1_amd64.deb ...
Unpacking openssl (1.1.1l-1) ...
Selecting previously unselected package ca-certificates.
Preparing to unpack .../06-ca-certificates_20211016_all.deb ...
Unpacking ca-certificates (20211016) ...
Selecting previously unselected package libmagic-mgc.
Preparing to unpack .../07-libmagic-mgc_1%3a5.39-3_amd64.deb ...
Unpacking libmagic-mgc (1:5.39-3) ...
Selecting previously unselected package libmagic1:amd64.
Preparing to unpack .../08-libmagic1_1%3a5.39-3_amd64.deb ...
Unpacking libmagic1:amd64 (1:5.39-3) ...
Selecting previously unselected package file.
Preparing to unpack .../09-file_1%3a5.39-3_amd64.deb ...
Unpacking file (1:5.39-3) ...
Selecting previously unselected package gettext-base.
Preparing to unpack .../10-gettext-base_0.21-4_amd64.deb ...
Unpacking gettext-base (0.21-4) ...
Selecting previously unselected package libsigsegv2:amd64.
Preparing to unpack .../11-libsigsegv2_2.13-1_amd64.deb ...
Unpacking libsigsegv2:amd64 (2.13-1) ...
Selecting previously unselected package m4.
Preparing to unpack .../12-m4_1.4.18-5_amd64.deb ...
Unpacking m4 (1.4.18-5) ...
Selecting previously unselected package autoconf.
Preparing to unpack .../13-autoconf_2.71-2_all.deb ...
Unpacking autoconf (2.71-2) ...
Selecting previously unselected package autotools-dev.
Preparing to unpack .../14-autotools-dev_20180224.1+nmu1_all.deb ...
Unpacking autotools-dev (20180224.1+nmu1) ...
Selecting previously unselected package automake.
Preparing to unpack .../15-automake_1%3a1.16.5-1_all.deb ...
Unpacking automake (1:1.16.5-1) ...
Selecting previously unselected package autopoint.
Preparing to unpack .../16-autopoint_0.21-4_all.deb ...
Unpacking autopoint (0.21-4) ...
Selecting previously unselected package bc.
Preparing to unpack .../17-bc_1.07.1-3+b1_amd64.deb ...
Unpacking bc (1.07.1-3+b1) ...
Selecting previously unselected package chrpath.
Preparing to unpack .../18-chrpath_0.16-2+b1_amd64.deb ...
Unpacking chrpath (0.16-2+b1) ...
Selecting previously unselected package d-shlibs.
Preparing to unpack .../19-d-shlibs_0.103_all.deb ...
Unpacking d-shlibs (0.103) ...
Selecting previously unselected package libdebhelper-perl.
Preparing to unpack .../20-libdebhelper-perl_13.5.2_all.deb ...
Unpacking libdebhelper-perl (13.5.2) ...
Selecting previously unselected package libtool.
Preparing to unpack .../21-libtool_2.4.6-15_all.deb ...
Unpacking libtool (2.4.6-15) ...
Selecting previously unselected package dh-autoreconf.
Preparing to unpack .../22-dh-autoreconf_20_all.deb ...
Unpacking dh-autoreconf (20) ...
Selecting previously unselected package libarchive-zip-perl.
Preparing to unpack .../23-libarchive-zip-perl_1.68-1_all.deb ...
Unpacking libarchive-zip-perl (1.68-1) ...
Selecting previously unselected package libsub-override-perl.
Preparing to unpack .../24-libsub-override-perl_0.09-2_all.deb ...
Unpacking libsub-override-perl (0.09-2) ...
Selecting previously unselected package libfile-stripnondeterminism-perl.
Preparing to unpack .../25-libfile-stripnondeterminism-perl_1.12.0-2_all.deb ...
Unpacking libfile-stripnondeterminism-perl (1.12.0-2) ...
Selecting previously unselected package dh-strip-nondeterminism.
Preparing to unpack .../26-dh-strip-nondeterminism_1.12.0-2_all.deb ...
Unpacking dh-strip-nondeterminism (1.12.0-2) ...
Selecting previously unselected package dwz.
Preparing to unpack .../27-dwz_0.14-1_amd64.deb ...
Unpacking dwz (0.14-1) ...
Selecting previously unselected package gettext.
Preparing to unpack .../28-gettext_0.21-4_amd64.deb ...
Unpacking gettext (0.21-4) ...
Selecting previously unselected package intltool-debian.
Preparing to unpack .../29-intltool-debian_0.35.0+20060710.5_all.deb ...
Unpacking intltool-debian (0.35.0+20060710.5) ...
Selecting previously unselected package po-debconf.
Preparing to unpack .../30-po-debconf_1.0.21+nmu1_all.deb ...
Unpacking po-debconf (1.0.21+nmu1) ...
Selecting previously unselected package debhelper.
Preparing to unpack .../31-debhelper_13.5.2_all.deb ...
Unpacking debhelper (13.5.2) ...
Selecting previously unselected package python3-lib2to3.
Preparing to unpack .../32-python3-lib2to3_3.9.7-1_all.deb ...
Unpacking python3-lib2to3 (3.9.7-1) ...
Selecting previously unselected package python3-distutils.
Preparing to unpack .../33-python3-distutils_3.9.7-1_all.deb ...
Unpacking python3-distutils (3.9.7-1) ...
Selecting previously unselected package dh-python.
Preparing to unpack .../34-dh-python_5.20211022.1_all.deb ...
Unpacking dh-python (5.20211022.1) ...
Selecting previously unselected package dos2unix.
Preparing to unpack .../35-dos2unix_7.4.2-2_amd64.deb ...
Unpacking dos2unix (7.4.2-2) ...
Selecting previously unselected package libbrotli1:amd64.
Preparing to unpack .../36-libbrotli1_1.0.9-2+b2_amd64.deb ...
Unpacking libbrotli1:amd64 (1.0.9-2+b2) ...
Selecting previously unselected package libsasl2-modules-db:amd64.
Preparing to unpack .../37-libsasl2-modules-db_2.1.27+dfsg-2.1_amd64.deb ...
Unpacking libsasl2-modules-db:amd64 (2.1.27+dfsg-2.1) ...
Selecting previously unselected package libsasl2-2:amd64.
Preparing to unpack .../38-libsasl2-2_2.1.27+dfsg-2.1_amd64.deb ...
Unpacking libsasl2-2:amd64 (2.1.27+dfsg-2.1) ...
Selecting previously unselected package libldap-2.4-2:amd64.
Preparing to unpack .../39-libldap-2.4-2_2.4.59+dfsg-1_amd64.deb ...
Unpacking libldap-2.4-2:amd64 (2.4.59+dfsg-1) ...
Selecting previously unselected package libnghttp2-14:amd64.
Preparing to unpack .../40-libnghttp2-14_1.43.0-1_amd64.deb ...
Unpacking libnghttp2-14:amd64 (1.43.0-1) ...
Selecting previously unselected package libpsl5:amd64.
Preparing to unpack .../41-libpsl5_0.21.0-1.2_amd64.deb ...
Unpacking libpsl5:amd64 (0.21.0-1.2) ...
Selecting previously unselected package librtmp1:amd64.
Preparing to unpack .../42-librtmp1_2.4+20151223.gitfa8646d.1-2+b2_amd64.deb ...
Unpacking librtmp1:amd64 (2.4+20151223.gitfa8646d.1-2+b2) ...
Selecting previously unselected package libssh2-1:amd64.
Preparing to unpack .../43-libssh2-1_1.10.0-2_amd64.deb ...
Unpacking libssh2-1:amd64 (1.10.0-2) ...
Selecting previously unselected package libcurl3-gnutls:amd64.
Preparing to unpack .../44-libcurl3-gnutls_7.74.0-1.3+b1_amd64.deb ...
Unpacking libcurl3-gnutls:amd64 (7.74.0-1.3+b1) ...
Selecting previously unselected package libcurl4-gnutls-dev:amd64.
Preparing to unpack .../45-libcurl4-gnutls-dev_7.74.0-1.3+b1_amd64.deb ...
Unpacking libcurl4-gnutls-dev:amd64 (7.74.0-1.3+b1) ...
Selecting previously unselected package libdeflate0:amd64.
Preparing to unpack .../46-libdeflate0_1.8-1_amd64.deb ...
Unpacking libdeflate0:amd64 (1.8-1) ...
Selecting previously unselected package libdeflate-dev:amd64.
Preparing to unpack .../47-libdeflate-dev_1.8-1_amd64.deb ...
Unpacking libdeflate-dev:amd64 (1.8-1) ...
Selecting previously unselected package libexpat1-dev:amd64.
Preparing to unpack .../48-libexpat1-dev_2.4.1-3_amd64.deb ...
Unpacking libexpat1-dev:amd64 (2.4.1-3) ...
Selecting previously unselected package libglib2.0-0:amd64.
Preparing to unpack .../49-libglib2.0-0_2.70.0-3_amd64.deb ...
Unpacking libglib2.0-0:amd64 (2.70.0-3) ...
Selecting previously unselected package libhtscodecs2:amd64.
Preparing to unpack .../50-libhtscodecs2_1.1.1-3+b1_amd64.deb ...
Unpacking libhtscodecs2:amd64 (1.1.1-3+b1) ...
Selecting previously unselected package libhts3:amd64.
Preparing to unpack .../51-libhts3_1.13+ds-2_amd64.deb ...
Unpacking libhts3:amd64 (1.13+ds-2) ...
Selecting previously unselected package liblzma-dev:amd64.
Preparing to unpack .../52-liblzma-dev_5.2.5-2_amd64.deb ...
Unpacking liblzma-dev:amd64 (5.2.5-2) ...
Selecting previously unselected package zlib1g-dev:amd64.
Preparing to unpack .../53-zlib1g-dev_1%3a1.2.11.dfsg-2_amd64.deb ...
Unpacking zlib1g-dev:amd64 (1:1.2.11.dfsg-2) ...
Selecting previously unselected package libhts-dev:amd64.
Preparing to unpack .../54-libhts-dev_1.13+ds-2_amd64.deb ...
Unpacking libhts-dev:amd64 (1.13+ds-2) ...
Selecting previously unselected package libjs-jquery.
Preparing to unpack .../55-libjs-jquery_3.5.1+dfsg+~3.5.5-8_all.deb ...
Unpacking libjs-jquery (3.5.1+dfsg+~3.5.5-8) ...
Selecting previously unselected package libjs-underscore.
Preparing to unpack .../56-libjs-underscore_1.9.1~dfsg-4_all.deb ...
Unpacking libjs-underscore (1.9.1~dfsg-4) ...
Selecting previously unselected package libjs-sphinxdoc.
Preparing to unpack .../57-libjs-sphinxdoc_4.2.0-5_all.deb ...
Unpacking libjs-sphinxdoc (4.2.0-5) ...
Selecting previously unselected package libpython3.9:amd64.
Preparing to unpack .../58-libpython3.9_3.9.7-4_amd64.deb ...
Unpacking libpython3.9:amd64 (3.9.7-4) ...
Selecting previously unselected package libpython3.9-dev:amd64.
Preparing to unpack .../59-libpython3.9-dev_3.9.7-4_amd64.deb ...
Unpacking libpython3.9-dev:amd64 (3.9.7-4) ...
Selecting previously unselected package libpython3-dev:amd64.
Preparing to unpack .../60-libpython3-dev_3.9.2-3_amd64.deb ...
Unpacking libpython3-dev:amd64 (3.9.2-3) ...
Selecting previously unselected package libpython3-all-dev:amd64.
Preparing to unpack .../61-libpython3-all-dev_3.9.2-3_amd64.deb ...
Unpacking libpython3-all-dev:amd64 (3.9.2-3) ...
Selecting previously unselected package rubygems-integration.
Preparing to unpack .../62-rubygems-integration_1.18_all.deb ...
Unpacking rubygems-integration (1.18) ...
Selecting previously unselected package ruby2.7.
Preparing to unpack .../63-ruby2.7_2.7.4-1+b1_amd64.deb ...
Unpacking ruby2.7 (2.7.4-1+b1) ...
Selecting previously unselected package ruby-rubygems.
Preparing to unpack .../64-ruby-rubygems_3.2.27-2_all.deb ...
Unpacking ruby-rubygems (3.2.27-2) ...
Selecting previously unselected package ruby.
Preparing to unpack .../65-ruby_1%3a2.7.5_amd64.deb ...
Unpacking ruby (1:2.7.5) ...
Selecting previously unselected package rake.
Preparing to unpack .../66-rake_13.0.3-1_all.deb ...
Unpacking rake (13.0.3-1) ...
Selecting previously unselected package ruby-minitest.
Preparing to unpack .../67-ruby-minitest_5.13.0-1_all.deb ...
Unpacking ruby-minitest (5.13.0-1) ...
Selecting previously unselected package ruby-net-telnet.
Preparing to unpack .../68-ruby-net-telnet_0.1.1-2_all.deb ...
Unpacking ruby-net-telnet (0.1.1-2) ...
Selecting previously unselected package ruby-power-assert.
Preparing to unpack .../69-ruby-power-assert_1.1.7-2_all.deb ...
Unpacking ruby-power-assert (1.1.7-2) ...
Selecting previously unselected package ruby-test-unit.
Preparing to unpack .../70-ruby-test-unit_3.3.9-1_all.deb ...
Unpacking ruby-test-unit (3.3.9-1) ...
Selecting previously unselected package ruby-xmlrpc.
Preparing to unpack .../71-ruby-xmlrpc_0.3.0-2_all.deb ...
Unpacking ruby-xmlrpc (0.3.0-2) ...
Selecting previously unselected package libyaml-0-2:amd64.
Preparing to unpack .../72-libyaml-0-2_0.2.2-1_amd64.deb ...
Unpacking libyaml-0-2:amd64 (0.2.2-1) ...
Selecting previously unselected package libruby2.7:amd64.
Preparing to unpack .../73-libruby2.7_2.7.4-1+b1_amd64.deb ...
Unpacking libruby2.7:amd64 (2.7.4-1+b1) ...
Selecting previously unselected package pkg-config.
Preparing to unpack .../74-pkg-config_0.29.2-1_amd64.deb ...
Unpacking pkg-config (0.29.2-1) ...
Selecting previously unselected package python3-all.
Preparing to unpack .../75-python3-all_3.9.2-3_amd64.deb ...
Unpacking python3-all (3.9.2-3) ...
Selecting previously unselected package python3.9-dev.
Preparing to unpack .../76-python3.9-dev_3.9.7-4_amd64.deb ...
Unpacking python3.9-dev (3.9.7-4) ...
Selecting previously unselected package python3-dev.
Preparing to unpack .../77-python3-dev_3.9.2-3_amd64.deb ...
Unpacking python3-dev (3.9.2-3) ...
Selecting previously unselected package python3-all-dev.
Preparing to unpack .../78-python3-all-dev_3.9.2-3_amd64.deb ...
Unpacking python3-all-dev (3.9.2-3) ...
Selecting previously unselected package samtools.
Preparing to unpack .../79-samtools_1.13-4_amd64.deb ...
Unpacking samtools (1.13-4) ...
Selecting previously unselected package swig4.0.
Preparing to unpack .../80-swig4.0_4.0.2-1_amd64.deb ...
Unpacking swig4.0 (4.0.2-1) ...
Selecting previously unselected package swig.
Preparing to unpack .../81-swig_4.0.2-1_all.deb ...
Unpacking swig (4.0.2-1) ...
Selecting previously unselected package time.
Preparing to unpack .../82-time_1.9-0.1_amd64.deb ...
Unpacking time (1.9-0.1) ...
Selecting previously unselected package yaggo.
Preparing to unpack .../83-yaggo_1.5.10-5_all.deb ...
Unpacking yaggo (1.5.10-5) ...
Selecting previously unselected package sbuild-build-depends-main-dummy.
Preparing to unpack .../84-sbuild-build-depends-main-dummy_0.invalid.0_amd64.deb ...
Unpacking sbuild-build-depends-main-dummy (0.invalid.0) ...
Setting up libhtscodecs2:amd64 (1.1.1-3+b1) ...
Setting up media-types (4.0.0) ...
Setting up libpipeline1:amd64 (1.5.3-1) ...
Setting up time (1.9-0.1) ...
Setting up libpsl5:amd64 (0.21.0-1.2) ...
Setting up bsdextrautils (2.37.2-4) ...
update-alternatives: using /usr/bin/write.ul to provide /usr/bin/write (write) in auto mode
Setting up ruby-power-assert (1.1.7-2) ...
Setting up libmagic-mgc (1:5.39-3) ...
Setting up libarchive-zip-perl (1.68-1) ...
Setting up libyaml-0-2:amd64 (0.2.2-1) ...
Setting up libglib2.0-0:amd64 (2.70.0-3) ...
No schema files found: doing nothing.
Setting up libdebhelper-perl (13.5.2) ...
Setting up libbrotli1:amd64 (1.0.9-2+b2) ...
Setting up libsqlite3-0:amd64 (3.36.0-2) ...
Setting up libnghttp2-14:amd64 (1.43.0-1) ...
Setting up libmagic1:amd64 (1:5.39-3) ...
Setting up libdeflate0:amd64 (1.8-1) ...
Setting up gettext-base (0.21-4) ...
Setting up file (1:5.39-3) ...
Setting up libsasl2-modules-db:amd64 (2.1.27+dfsg-2.1) ...
Setting up ruby-minitest (5.13.0-1) ...
Setting up autotools-dev (20180224.1+nmu1) ...
Setting up libexpat1-dev:amd64 (2.4.1-3) ...
Setting up ruby-test-unit (3.3.9-1) ...
Setting up librtmp1:amd64 (2.4+20151223.gitfa8646d.1-2+b2) ...
Setting up libncurses6:amd64 (6.2+20210905-1) ...
Setting up ruby-net-telnet (0.1.1-2) ...
Setting up libsigsegv2:amd64 (2.13-1) ...
Setting up autopoint (0.21-4) ...
Setting up pkg-config (0.29.2-1) ...
Setting up d-shlibs (0.103) ...
Setting up libncursesw6:amd64 (6.2+20210905-1) ...
Setting up libsasl2-2:amd64 (2.1.27+dfsg-2.1) ...
Setting up liblzma-dev:amd64 (5.2.5-2) ...
Setting up zlib1g-dev:amd64 (1:1.2.11.dfsg-2) ...
Setting up dwz (0.14-1) ...
Setting up sensible-utils (0.0.17) ...
Setting up libuchardet0:amd64 (0.0.7-1) ...
Setting up libmpdec3:amd64 (2.5.1-2) ...
Setting up libsub-override-perl (0.09-2) ...
Setting up libssh2-1:amd64 (1.10.0-2) ...
Setting up dos2unix (7.4.2-2) ...
Setting up libjs-jquery (3.5.1+dfsg+~3.5.5-8) ...
Setting up swig4.0 (4.0.2-1) ...
Setting up openssl (1.1.1l-1) ...
Setting up libdeflate-dev:amd64 (1.8-1) ...
Setting up readline-common (8.1-2) ...
Setting up ruby-xmlrpc (0.3.0-2) ...
Setting up chrpath (0.16-2+b1) ...
Setting up libprocps8:amd64 (2:3.3.17-5) ...
Setting up libjs-underscore (1.9.1~dfsg-4) ...
Setting up libfile-stripnondeterminism-perl (1.12.0-2) ...
Setting up gettext (0.21-4) ...
Setting up swig (4.0.2-1) ...
Setting up libtool (2.4.6-15) ...
Setting up libreadline8:amd64 (8.1-2) ...
Setting up bc (1.07.1-3+b1) ...
Setting up libldap-2.4-2:amd64 (2.4.59+dfsg-1) ...
Setting up m4 (1.4.18-5) ...
Setting up libcurl3-gnutls:amd64 (7.74.0-1.3+b1) ...
Setting up libcurl4-gnutls-dev:amd64 (7.74.0-1.3+b1) ...
Setting up intltool-debian (0.35.0+20060710.5) ...
Setting up ca-certificates (20211016) ...
Updating certificates in /etc/ssl/certs...
127 added, 0 removed; done.
Setting up libjs-sphinxdoc (4.2.0-5) ...
Setting up autoconf (2.71-2) ...
Setting up dh-strip-nondeterminism (1.12.0-2) ...
Setting up groff-base (1.22.4-7) ...
Setting up procps (2:3.3.17-5) ...
Setting up libpython3.9-stdlib:amd64 (3.9.7-4) ...
Setting up libpython3-stdlib:amd64 (3.9.2-3) ...
Setting up automake (1:1.16.5-1) ...
update-alternatives: using /usr/bin/automake-1.16 to provide /usr/bin/automake (automake) in auto mode
Setting up libhts3:amd64 (1.13+ds-2) ...
Setting up po-debconf (1.0.21+nmu1) ...
Setting up libhts-dev:amd64 (1.13+ds-2) ...
Setting up rubygems-integration (1.18) ...
Setting up man-db (2.9.4-2) ...
Not building database; man-db/auto-update is not 'true'.
Setting up samtools (1.13-4) ...
Setting up dh-autoreconf (20) ...
Setting up libpython3.9:amd64 (3.9.7-4) ...
Setting up python3.9 (3.9.7-4) ...
Setting up libpython3.9-dev:amd64 (3.9.7-4) ...
Setting up debhelper (13.5.2) ...
Setting up python3 (3.9.2-3) ...
Setting up python3.9-dev (3.9.7-4) ...
Setting up python3-lib2to3 (3.9.7-1) ...
Setting up python3-distutils (3.9.7-1) ...
Setting up dh-python (5.20211022.1) ...
Setting up libpython3-dev:amd64 (3.9.2-3) ...
Setting up python3-all (3.9.2-3) ...
Setting up libpython3-all-dev:amd64 (3.9.2-3) ...
Setting up python3-dev (3.9.2-3) ...
Setting up python3-all-dev (3.9.2-3) ...
Setting up rake (13.0.3-1) ...
Setting up ruby-rubygems (3.2.27-2) ...
Setting up libruby2.7:amd64 (2.7.4-1+b1) ...
Setting up ruby2.7 (2.7.4-1+b1) ...
Setting up ruby (1:2.7.5) ...
Setting up yaggo (1.5.10-5) ...
Setting up sbuild-build-depends-main-dummy (0.invalid.0) ...
Processing triggers for libc-bin (2.32-4) ...
Processing triggers for ca-certificates (20211016) ...
Updating certificates in /etc/ssl/certs...
0 added, 0 removed; done.
Running hooks in /etc/ca-certificates/update.d...
done.

+------------------------------------------------------------------------------+
| Check architectures                                                          |
+------------------------------------------------------------------------------+

Arch check ok (amd64 included in amd64 arm64 armel armhf i386 mips64el ppc64el hppa hurd-i386 ia64 kfreebsd-amd64 kfreebsd-i386 riscv64 all)

+------------------------------------------------------------------------------+
| Build environment                                                            |
+------------------------------------------------------------------------------+

Kernel: Linux 4.19.0-6-cloud-amd64 #1 SMP Debian 4.19.67-2+deb10u2 (2019-11-11) amd64 (x86_64)
Toolchain package versions: binutils_2.37-7 dpkg-dev_1.20.9 g++-11_11.2.0-10 gcc-11_11.2.0-10 libc6-dev_2.32-4 libstdc++-11-dev_11.2.0-10 libstdc++6_11.2.0-10 linux-libc-dev_5.14.12-1
Package versions: adduser_3.118 apt_2.3.11 autoconf_2.71-2 automake_1:1.16.5-1 autopoint_0.21-4 autotools-dev_20180224.1+nmu1 base-files_12 base-passwd_3.5.52 bash_5.1-3+b2 bc_1.07.1-3+b1 binutils_2.37-7 binutils-common_2.37-7 binutils-x86-64-linux-gnu_2.37-7 bsdextrautils_2.37.2-4 bsdutils_1:2.37.2-4 build-essential_12.9 bzip2_1.0.8-4 ca-certificates_20211016 chrpath_0.16-2+b1 clang-12_1:12.0.1-15 coreutils_8.32-4+b1 cpp_4:11.2.0-2 cpp-11_11.2.0-10 d-shlibs_0.103 dash_0.5.11+git20210120+802ebd4-2 debconf_1.5.78 debhelper_13.5.2 debian-archive-keyring_2021.1.1 debianutils_5.5-1 dh-autoreconf_20 dh-python_5.20211022.1 dh-strip-nondeterminism_1.12.0-2 diffutils_1:3.7-5 dos2unix_7.4.2-2 dpkg_1.20.9 dpkg-dev_1.20.9 dwz_0.14-1 e2fsprogs_1.46.4-1 fakeroot_1.26-1 file_1:5.39-3 findutils_4.8.0-1 g++_4:11.2.0-2 g++-11_11.2.0-10 gcc_4:11.2.0-2 gcc-10-base_10.3.0-11 gcc-11_11.2.0-10 gcc-11-base_11.2.0-10 gcc-9-base_9.4.0-3 gettext_0.21-4 gettext-base_0.21-4 gpgv_2.2.27-2 grep_3.7-1 groff-base_1.22.4-7 gzip_1.10-4 hostname_3.23 init-system-helpers_1.60 intltool-debian_0.35.0+20060710.5 lib32gcc-s1_11.2.0-10 lib32stdc++6_11.2.0-10 libacl1_2.3.1-1 libapt-pkg6.0_2.3.11 libarchive-zip-perl_1.68-1 libasan5_9.4.0-3 libasan6_11.2.0-10 libatomic1_11.2.0-10 libattr1_1:2.5.1-1 libaudit-common_1:3.0.6-1 libaudit1_1:3.0.6-1 libbinutils_2.37-7 libblkid1_2.37.2-4 libbrotli1_1.0.9-2+b2 libbsd0_0.11.3-1 libbz2-1.0_1.0.8-4 libc-bin_2.32-4 libc-dev-bin_2.32-4 libc6_2.32-4 libc6-dev_2.32-4 libc6-i386_2.32-4 libcap-ng0_0.7.9-2.2+b1 libcap2_1:2.44-1 libcc1-0_11.2.0-10 libclang-common-12-dev_1:12.0.1-15 libclang-cpp12_1:12.0.1-15 libclang1-12_1:12.0.1-15 libcom-err2_1.46.4-1 libcrypt-dev_1:4.4.25-2 libcrypt1_1:4.4.25-2 libctf-nobfd0_2.37-7 libctf0_2.37-7 libcurl3-gnutls_7.74.0-1.3+b1 libcurl4-gnutls-dev_7.74.0-1.3+b1 libdb5.3_5.3.28+dfsg1-0.8 libdebconfclient0_0.260 libdebhelper-perl_13.5.2 libdeflate-dev_1.8-1 libdeflate0_1.8-1 libdpkg-perl_1.20.9 libedit2_3.1-20210910-1 libelf1_0.185-2 libexpat1_2.4.1-3 libexpat1-dev_2.4.1-3 libext2fs2_1.46.4-1 libfakeroot_1.26-1 libffi8_3.4.2-3 libfile-stripnondeterminism-perl_1.12.0-2 libgc1_1:8.0.4-3 libgcc-11-dev_11.2.0-10 libgcc-9-dev_9.4.0-3 libgcc-s1_11.2.0-10 libgcrypt20_1.9.4-3+b1 libgdbm-compat4_1.22-1 libgdbm6_1.22-1 libglib2.0-0_2.70.0-3 libgmp10_2:6.2.1+dfsg-2 libgnutls30_3.7.2-2 libgomp1_11.2.0-10 libgpg-error0_1.42-3 libgssapi-krb5-2_1.18.3-7 libhogweed6_3.7.3-1 libhts-dev_1.13+ds-2 libhts3_1.13+ds-2 libhtscodecs2_1.1.1-3+b1 libicu67_67.1-7 libidn2-0_2.3.2-2 libisl23_0.24-2 libitm1_11.2.0-10 libjs-jquery_3.5.1+dfsg+~3.5.5-8 libjs-sphinxdoc_4.2.0-5 libjs-underscore_1.9.1~dfsg-4 libk5crypto3_1.18.3-7 libkeyutils1_1.6.1-2 libkrb5-3_1.18.3-7 libkrb5support0_1.18.3-7 libldap-2.4-2_2.4.59+dfsg-1 libllvm12_1:12.0.1-15 liblsan0_11.2.0-10 liblz4-1_1.9.3-2 liblzma-dev_5.2.5-2 liblzma5_5.2.5-2 libmagic-mgc_1:5.39-3 libmagic1_1:5.39-3 libmd0_1.0.4-1 libmount1_2.37.2-4 libmpc3_1.2.1-1 libmpdec3_2.5.1-2 libmpfr6_4.1.0-3 libncurses6_6.2+20210905-1 libncursesw6_6.2+20210905-1 libnettle8_3.7.3-1 libnghttp2-14_1.43.0-1 libnsl-dev_1.3.0-2 libnsl2_1.3.0-2 libobjc-11-dev_11.2.0-10 libobjc-9-dev_9.4.0-3 libobjc4_11.2.0-10 libomp-12-dev_1:12.0.1-15 libomp5-12_1:12.0.1-15 libp11-kit0_0.24.0-5 libpam-modules_1.4.0-10 libpam-modules-bin_1.4.0-10 libpam-runtime_1.4.0-10 libpam0g_1.4.0-10 libpcre2-8-0_10.36-2 libpcre3_2:8.39-13 libperl5.32_5.32.1-6 libpipeline1_1.5.3-1 libprocps8_2:3.3.17-5 libpsl5_0.21.0-1.2 libpython3-all-dev_3.9.2-3 libpython3-dev_3.9.2-3 libpython3-stdlib_3.9.2-3 libpython3.9_3.9.7-4 libpython3.9-dev_3.9.7-4 libpython3.9-minimal_3.9.7-4 libpython3.9-stdlib_3.9.7-4 libquadmath0_11.2.0-10 libreadline8_8.1-2 librtmp1_2.4+20151223.gitfa8646d.1-2+b2 libruby2.7_2.7.4-1+b1 libsasl2-2_2.1.27+dfsg-2.1 libsasl2-modules-db_2.1.27+dfsg-2.1 libseccomp2_2.5.2-2 libselinux1_3.1-3 libsemanage-common_3.1-1 libsemanage1_3.1-1+b2 libsepol1_3.1-1 libsigsegv2_2.13-1 libsmartcols1_2.37.2-4 libsqlite3-0_3.36.0-2 libss2_1.46.4-1 libssh2-1_1.10.0-2 libssl1.1_1.1.1l-1 libstdc++-11-dev_11.2.0-10 libstdc++6_11.2.0-10 libsub-override-perl_0.09-2 libsystemd0_249.5-1 libtasn1-6_4.17.0-2 libtinfo6_6.2+20210905-1 libtirpc-common_1.3.2-2 libtirpc-dev_1.3.2-2 libtirpc3_1.3.2-2 libtool_2.4.6-15 libtsan0_11.2.0-10 libubsan1_11.2.0-10 libuchardet0_0.0.7-1 libudev1_249.5-1 libunistring2_0.9.10-6 libunwind-12_1:12.0.1-15 libuuid1_2.37.2-4 libxml2_2.9.12+dfsg-5 libxxhash0_0.8.0-2 libyaml-0-2_0.2.2-1 libz3-4_4.8.12-1+b1 libzstd1_1.4.8+dfsg-3 linux-libc-dev_5.14.12-1 llvm-12-linker-tools_1:12.0.1-15 login_1:4.8.1-1 logsave_1.46.4-1 lsb-base_11.1.0 m4_1.4.18-5 make_4.3-4.1 man-db_2.9.4-2 mawk_1.3.4.20200120-2 media-types_4.0.0 mount_2.37.2-4 ncurses-base_6.2+20210905-1 ncurses-bin_6.2+20210905-1 openssl_1.1.1l-1 passwd_1:4.8.1-1 patch_2.7.6-7 perl_5.32.1-6 perl-base_5.32.1-6 perl-modules-5.32_5.32.1-6 pkg-config_0.29.2-1 po-debconf_1.0.21+nmu1 procps_2:3.3.17-5 python3_3.9.2-3 python3-all_3.9.2-3 python3-all-dev_3.9.2-3 python3-dev_3.9.2-3 python3-distutils_3.9.7-1 python3-lib2to3_3.9.7-1 python3-minimal_3.9.2-3 python3.9_3.9.7-4 python3.9-dev_3.9.7-4 python3.9-minimal_3.9.7-4 qt5-qmake_5.15.2+dfsg-12 qt5-qmake-bin_5.15.2+dfsg-12 qtchooser_66-2 rake_13.0.3-1 readline-common_8.1-2 rpcsvc-proto_1.4.2-4 ruby_1:2.7.5 ruby-minitest_5.13.0-1 ruby-net-telnet_0.1.1-2 ruby-power-assert_1.1.7-2 ruby-rubygems_3.2.27-2 ruby-test-unit_3.3.9-1 ruby-xmlrpc_0.3.0-2 ruby2.7_2.7.4-1+b1 rubygems-integration_1.18 samtools_1.13-4 sbuild-build-depends-main-dummy_0.invalid.0 sed_4.8-1 sensible-utils_0.0.17 swig_4.0.2-1 swig4.0_4.0.2-1 sysvinit-utils_3.00-1 tar_1.34+dfsg-1 time_1.9-0.1 tzdata_2021e-1 util-linux_2.37.2-4 xz-utils_5.2.5-2 yaggo_1.5.10-5 zlib1g_1:1.2.11.dfsg-2 zlib1g-dev_1:1.2.11.dfsg-2

+------------------------------------------------------------------------------+
| Build                                                                        |
+------------------------------------------------------------------------------+


Unpack source
-------------

-----BEGIN PGP SIGNED MESSAGE-----
Hash: SHA512

Format: 3.0 (quilt)
Source: jellyfish
Binary: jellyfish, libjellyfish-2.0-2, libjellyfish-2.0-dev, python3-dna-jellyfish, libjellyfish-perl, jellyfish-examples
Architecture: amd64 arm64 armel armhf i386 mips64el ppc64el hppa hurd-i386 ia64 kfreebsd-amd64 kfreebsd-i386 riscv64 all
Version: 2.3.0-12
Maintainer: Debian Med Packaging Team <debian-med-packaging@lists.alioth.debian.org>
Uploaders: Shaun Jackman <sjackman@debian.org>, Andreas Tille <tille@debian.org>, Michael R. Crusoe <crusoe@debian.org>, tienne Mollier <emollier@debian.org>
Homepage: https://github.com/gmarcais/Jellyfish
Standards-Version: 4.6.0
Vcs-Browser: https://salsa.debian.org/med-team/jellyfish
Vcs-Git: https://salsa.debian.org/med-team/jellyfish.git
Testsuite: autopkgtest
Testsuite-Triggers: @builddeps@
Build-Depends: debhelper-compat (= 13), d-shlibs, yaggo, pkg-config, bc, time, procps, swig, python3-all-dev, dh-python, perl, chrpath, libhts-dev, dos2unix, samtools
Package-List:
 jellyfish deb science optional arch=amd64,arm64,armel,armhf,i386,mips64el,ppc64el,hppa,hurd-i386,ia64,kfreebsd-amd64,kfreebsd-i386,riscv64
 jellyfish-examples deb science optional arch=all
 libjellyfish-2.0-2 deb libs optional arch=amd64,arm64,armel,armhf,i386,mips64el,ppc64el,hppa,hurd-i386,ia64,kfreebsd-amd64,kfreebsd-i386,riscv64
 libjellyfish-2.0-dev deb libdevel optional arch=amd64,arm64,armel,armhf,i386,mips64el,ppc64el,hppa,hurd-i386,ia64,kfreebsd-amd64,kfreebsd-i386,riscv64
 libjellyfish-perl deb perl optional arch=amd64,arm64,armel,armhf,i386,mips64el,ppc64el,hppa,hurd-i386,ia64,kfreebsd-amd64,kfreebsd-i386,riscv64
 python3-dna-jellyfish deb python optional arch=amd64,arm64,armel,armhf,i386,mips64el,ppc64el,hppa,hurd-i386,ia64,kfreebsd-amd64,kfreebsd-i386,riscv64
Checksums-Sha1:
 4f7f5263e6e097c623531a660ef6158e2fb5e17b 679125 jellyfish_2.3.0.orig.tar.gz
 4d2b3679caed78b6b252e68ce7dd6a033a7c2dd8 14748 jellyfish_2.3.0-12.debian.tar.xz
Checksums-Sha256:
 29ead991de90151dbe4a2717f7ac30b3852296c9cbdda8b001121a1f2fa714db 679125 jellyfish_2.3.0.orig.tar.gz
 7251f85e2b9617d4d05ebc1d56af08d62ff2c5489fce94a66e1160272e8b6076 14748 jellyfish_2.3.0-12.debian.tar.xz
Files:
 b447a26df0f1e11526129907a9b0acdb 679125 jellyfish_2.3.0.orig.tar.gz
 6890c95118c11bdb03e47b801d6d0de9 14748 jellyfish_2.3.0-12.debian.tar.xz

-----BEGIN PGP SIGNATURE-----

iQJFBAEBCgAvFiEE8fAHMgoDVUHwpmPKV4oElNHGRtEFAmEt3E8RHHRpbGxlQGRl
Ymlhbi5vcmcACgkQV4oElNHGRtFBjg//UhTbAwxaipDf0DFjhQXxWO+QR4XDA1S+
nZrWSE8ay27v+nrNefXcMn0nGqU9IW2bJRMZKO5UlGleEhXBoFvB8HpneeXB8qe1
YMhDEEceKfDyolnXHkCCTycBrCVVoZG5ze6NbpPs3y0eU80EmdIul63o3aC1zdZ8
UHVcUk46A4TSMSTMjdBnwTVqNl8vUjn42cQardC5Hb7O14zpZDe13rtQxu7uiVSj
v8Pa5i0FHP0cm/7sMn+t1nVxHaufMLlsknylPDFzYc2AdPUQvqVPTxjy+DnbvLDU
QG0kSBDBt6+EJCs2mn2PDUi7T9UYBog3Mm+Yl+IbdjeCVYdOXSOgLGj7rI+hmxIB
G3u3GT2h9qbsjIhc8PUM0MKELJ0EJRQO3tG2jv3RXHotoWnXa1G41QgCvaLXjqBN
4T0svVHYqmQukW8dlyX2uLuuMNnepKyZMqKooqp/6XHVFFrJ3cYvFU1+g4RWQX2k
8/id82o2YIMDjzII4Ljs5Hu0Awv1/ep8eKx6VKXW0aL2kcKMzTgQoanEz0TiJ969
j9pn9V9b2s9wDPMtisUYYgTsM5u4+69NOIM/6OZMO4U6cM2g0vAcN0vd0nqoj3vo
re+tKZqUg1NWwJQzPvZlsXE2L9fEx23gdyjdSKj4APt/DhV9OSsW5sj+/Pb9XpXm
KNFX690P9FU=
=97Uk
-----END PGP SIGNATURE-----

gpgv: unknown type of key resource 'trustedkeys.kbx'
gpgv: keyblock resource '/tmp/dpkg-verify-sig.HSCpX5Lw/trustedkeys.kbx': General error
gpgv: Signature made Tue Aug 31 07:37:51 2021 UTC
gpgv:                using RSA key F1F007320A035541F0A663CA578A0494D1C646D1
gpgv:                issuer "tille@debian.org"
gpgv: Can't check signature: No public key
dpkg-source: warning: failed to verify signature on ./jellyfish_2.3.0-12.dsc
dpkg-source: info: extracting jellyfish in /<<PKGBUILDDIR>>
dpkg-source: info: unpacking jellyfish_2.3.0.orig.tar.gz
dpkg-source: info: unpacking jellyfish_2.3.0-12.debian.tar.xz
dpkg-source: info: using patch list from debian/patches/series
dpkg-source: info: applying manpage_whatis_entry.patch
dpkg-source: info: applying reproducible.patch
dpkg-source: info: applying portability.patch
dpkg-source: info: applying fix_replacement_of_-L_option.patch
dpkg-source: info: applying test_needs_bash
dpkg-source: info: applying python3
dpkg-source: info: applying fix-32-bit.patch
dpkg-source: info: applying fix-autoreconf.patch

Check disk space
----------------

Sufficient free space for build

User Environment
----------------

APT_CONFIG=/var/lib/sbuild/apt.conf
HOME=/sbuild-nonexistent
LANG=C.UTF-8
LC_ALL=C.UTF-8
LOGNAME=user42
PATH=/usr/local/sbin:/usr/local/bin:/usr/sbin:/usr/bin:/sbin:/bin:/usr/games
SCHROOT_ALIAS_NAME=unstable
SCHROOT_CHROOT_NAME=sid-amd64-sbuild
SCHROOT_COMMAND=env
SCHROOT_GID=1001
SCHROOT_GROUP=user42
SCHROOT_SESSION_ID=sid-amd64-sbuild-49c539f6-36b6-48dd-8425-1072618a6a12
SCHROOT_UID=1001
SCHROOT_USER=user42
SHELL=/bin/sh
USER=user42

dpkg-buildpackage
-----------------

Command: dpkg-buildpackage -us -uc -b -rfakeroot
dpkg-buildpackage: info: source package jellyfish
dpkg-buildpackage: info: source version 2.3.0-12
dpkg-buildpackage: info: source distribution unstable
dpkg-buildpackage: info: source changed by Andreas Tille <tille@debian.org>
 dpkg-source --before-build .
dpkg-buildpackage: info: host architecture amd64
 debian/rules clean
dh clean --with python3
   debian/rules override_dh_clean
make[1]: Entering directory '/<<PKGBUILDDIR>>'
dh_clean
if [ -d debian/tmp_save_tests ] ; then \
    mv debian/tmp_save_tests/* tests ; \
    rmdir debian/tmp_save_tests ; \
fi
rm -f tests/compat.sh
rm -f swig/python/jellyfish* # swig/python/dna_jellyfish.py
rm -f swig/perl5/blib/arch/auto/jellyfish/jellyfish.so
rm -f swig/perl5/blib/bin/.exists
rm -f swig/perl5/blib/lib/.exists
rm -f swig/perl5/blib/lib/auto/jellyfish/.exists
rm -f swig/perl5/blib/man1/.exists
rm -f swig/perl5/blib/man3/.exists
rm -f swig/perl5/blib/script/.exists
rm -f swig/perl5/jellyfish.bs
rm -f swig/perl5/pm_to_blib
rm -rf swig/perl5/MYMETA.json swig/perl5/MYMETA.yml swig/perl5/Makefile swig/perl5/blib/
make[1]: Leaving directory '/<<PKGBUILDDIR>>'
 debian/rules binary
dh binary --with python3
   dh_update_autotools_config
   dh_autoreconf
libtoolize: putting auxiliary files in '.'.
libtoolize: copying file './ltmain.sh'
libtoolize: putting macros in AC_CONFIG_MACRO_DIRS, 'm4'.
libtoolize: copying file 'm4/libtool.m4'
libtoolize: copying file 'm4/ltoptions.m4'
libtoolize: copying file 'm4/ltsugar.m4'
libtoolize: copying file 'm4/ltversion.m4'
libtoolize: copying file 'm4/lt~obsolete.m4'
configure.ac:8: warning: The macro `AC_PROG_LIBTOOL' is obsolete.
configure.ac:8: You should run autoupdate.
m4/libtool.m4:99: AC_PROG_LIBTOOL is expanded from...
configure.ac:8: the top level
configure.ac:65: warning: The macro `AC_TRY_RUN' is obsolete.
configure.ac:65: You should run autoupdate.
./lib/autoconf/general.m4:2997: AC_TRY_RUN is expanded from...
lib/m4sugar/m4sh.m4:692: _AS_IF_ELSE is expanded from...
lib/m4sugar/m4sh.m4:699: AS_IF is expanded from...
./lib/autoconf/general.m4:2249: AC_CACHE_VAL is expanded from...
m4/m4-ax_ext.m4:49: AX_EXT is expanded from...
lib/m4sugar/m4sh.m4:699: AS_IF is expanded from...
configure.ac:65: the top level
configure.ac:107: warning: The macro `AC_HELP_STRING' is obsolete.
configure.ac:107: You should run autoupdate.
./lib/autoconf/general.m4:204: AC_HELP_STRING is expanded from...
./lib/autoconf/general.m4:1534: AC_ARG_ENABLE is expanded from...
configure.ac:107: the top level
configure.ac:118: warning: The macro `AC_HELP_STRING' is obsolete.
configure.ac:118: You should run autoupdate.
./lib/autoconf/general.m4:204: AC_HELP_STRING is expanded from...
./lib/autoconf/general.m4:1534: AC_ARG_ENABLE is expanded from...
configure.ac:118: the top level
configure.ac:121: warning: The macro `AC_HELP_STRING' is obsolete.
configure.ac:121: You should run autoupdate.
./lib/autoconf/general.m4:204: AC_HELP_STRING is expanded from...
./lib/autoconf/general.m4:1534: AC_ARG_ENABLE is expanded from...
configure.ac:121: the top level
configure.ac:124: warning: The macro `AC_HELP_STRING' is obsolete.
configure.ac:124: You should run autoupdate.
./lib/autoconf/general.m4:204: AC_HELP_STRING is expanded from...
./lib/autoconf/general.m4:1534: AC_ARG_ENABLE is expanded from...
configure.ac:124: the top level
configure.ac:127: warning: The macro `AC_HELP_STRING' is obsolete.
configure.ac:127: You should run autoupdate.
./lib/autoconf/general.m4:204: AC_HELP_STRING is expanded from...
./lib/autoconf/general.m4:1534: AC_ARG_ENABLE is expanded from...
configure.ac:127: the top level
configure.ac:131: warning: The macro `AC_HELP_STRING' is obsolete.
configure.ac:131: You should run autoupdate.
./lib/autoconf/general.m4:204: AC_HELP_STRING is expanded from...
./lib/autoconf/general.m4:1534: AC_ARG_ENABLE is expanded from...
configure.ac:131: the top level
configure.ac:135: warning: The macro `SWIG_ENABLE_CXX' is obsolete.
configure.ac:135: You should run autoupdate.
m4/m4-ax_swig_enable_cxx.m4:48: SWIG_ENABLE_CXX is expanded from...
lib/m4sugar/m4sh.m4:699: AS_IF is expanded from...
configure.ac:135: the top level
configure.ac:145: warning: The macro `AC_HELP_STRING' is obsolete.
configure.ac:145: You should run autoupdate.
./lib/autoconf/general.m4:204: AC_HELP_STRING is expanded from...
./lib/autoconf/general.m4:1534: AC_ARG_ENABLE is expanded from...
configure.ac:145: the top level
configure.ac:8: installing './compile'
configure.ac:2: installing './config.guess'
configure.ac:2: installing './config.sub'
configure.ac:4: installing './install-sh'
configure.ac:4: installing './missing'
Makefile.am: installing './depcomp'
parallel-tests: installing './test-driver'
   debian/rules override_dh_auto_configure
make[1]: Entering directory '/<<PKGBUILDDIR>>'
dh_auto_configure -- --enable-swig --enable-perl-binding --enable-htslib --enable-python-binding PYTHON=/usr/bin/python3
	./configure --build=x86_64-linux-gnu --prefix=/usr --includedir=\${prefix}/include --mandir=\${prefix}/share/man --infodir=\${prefix}/share/info --sysconfdir=/etc --localstatedir=/var --disable-option-checking --disable-silent-rules --libdir=\${prefix}/lib/x86_64-linux-gnu --runstatedir=/run --disable-maintainer-mode --disable-dependency-tracking --enable-swig --enable-perl-binding --enable-htslib --enable-python-binding PYTHON=/usr/bin/python3
checking build system type... x86_64-pc-linux-gnu
checking host system type... x86_64-pc-linux-gnu
checking for a BSD-compatible install... /usr/bin/install -c
checking whether build environment is sane... yes
checking for a race-free mkdir -p... /bin/mkdir -p
checking for gawk... no
checking for mawk... mawk
checking whether make sets $(MAKE)... yes
checking whether make supports nested variables... yes
checking whether make supports nested variables... (cached) yes
checking how to print strings... printf
checking whether make supports the include directive... yes (GNU style)
checking for gcc... gcc
checking whether the C compiler works... yes
checking for C compiler default output file name... a.out
checking for suffix of executables... 
checking whether we are cross compiling... no
checking for suffix of object files... o
checking whether the compiler supports GNU C... yes
checking whether gcc accepts -g... yes
checking for gcc option to enable C11 features... none needed
checking whether gcc understands -c and -o together... yes
checking dependency style of gcc... none
checking for a sed that does not truncate output... /bin/sed
checking for grep that handles long lines and -e... /bin/grep
checking for egrep... /bin/grep -E
checking for fgrep... /bin/grep -F
checking for ld used by gcc... /usr/bin/ld
checking if the linker (/usr/bin/ld) is GNU ld... yes
checking for BSD- or MS-compatible name lister (nm)... /usr/bin/nm -B
checking the name lister (/usr/bin/nm -B) interface... BSD nm
checking whether ln -s works... yes
checking the maximum length of command line arguments... 1572864
checking how to convert x86_64-pc-linux-gnu file names to x86_64-pc-linux-gnu format... func_convert_file_noop
checking how to convert x86_64-pc-linux-gnu file names to toolchain format... func_convert_file_noop
checking for /usr/bin/ld option to reload object files... -r
checking for objdump... objdump
checking how to recognize dependent libraries... pass_all
checking for dlltool... no
checking how to associate runtime and link libraries... printf %s\n
checking for ar... ar
checking for archiver @FILE support... @
checking for strip... strip
checking for ranlib... ranlib
checking command to parse /usr/bin/nm -B output from gcc object... ok
checking for sysroot... no
checking for a working dd... /bin/dd
checking how to truncate binary pipes... /bin/dd bs=4096 count=1
checking for mt... no
checking if : is a manifest tool... no
checking for stdio.h... yes
checking for stdlib.h... yes
checking for string.h... yes
checking for inttypes.h... yes
checking for stdint.h... yes
checking for strings.h... yes
checking for sys/stat.h... yes
checking for sys/types.h... yes
checking for unistd.h... yes
checking for dlfcn.h... yes
checking for objdir... .libs
checking if gcc supports -fno-rtti -fno-exceptions... yes
checking for gcc option to produce PIC... -fPIC -DPIC
checking if gcc PIC flag -fPIC -DPIC works... yes
checking if gcc static flag -static works... yes
checking if gcc supports -c -o file.o... yes
checking if gcc supports -c -o file.o... (cached) yes
checking whether the gcc linker (/usr/bin/ld -m elf_x86_64) supports shared libraries... yes
checking whether -lc should be explicitly linked in... no
checking dynamic linker characteristics... GNU/Linux ld.so
checking how to hardcode library paths into programs... immediate
checking whether stripping libraries is possible... yes
checking if libtool supports shared libraries... yes
checking whether to build shared libraries... yes
checking whether to build static libraries... yes
checking for ld... /usr/bin/ld -m elf_x86_64
checking if the linker (/usr/bin/ld -m elf_x86_64) is GNU ld... yes
checking for shared library run path origin... done
checking for pkg-config... /usr/bin/pkg-config
checking pkg-config is at least version 0.9.0... yes
checking for g++... g++
checking whether the compiler supports GNU C++... yes
checking whether g++ accepts -g... yes
checking for g++ option to enable C++11 features... none needed
checking dependency style of g++... none
checking how to run the C++ preprocessor... g++ -E
checking for ld used by g++... /usr/bin/ld -m elf_x86_64
checking if the linker (/usr/bin/ld -m elf_x86_64) is GNU ld... yes
checking whether the g++ linker (/usr/bin/ld -m elf_x86_64) supports shared libraries... yes
checking for g++ option to produce PIC... -fPIC -DPIC
checking if g++ PIC flag -fPIC -DPIC works... yes
checking if g++ static flag -static works... yes
checking if g++ supports -c -o file.o... yes
checking if g++ supports -c -o file.o... (cached) yes
checking whether the g++ linker (/usr/bin/ld -m elf_x86_64) supports shared libraries... yes
checking dynamic linker characteristics... (cached) GNU/Linux ld.so
checking how to hardcode library paths into programs... immediate
checking 32-bit host C ABI... no
checking for ELF binary format... yes
checking for the common suffixes of directories in the library search path... lib,lib,lib64
checking for htslib... yes
checking for samtools... /usr/bin/samtools
checking for unix2dos... /usr/bin/unix2dos
checking for md5sum... md5sum
checking for yaggo... /usr/bin/yaggo
checking for x86 cpuid  output... unknown
checking for x86-AVX xgetbv  output... unknown
checking for x86 cpuid 0x00000000 output... d:756e6547:6c65746e:49656e69
checking for x86 cpuid 0x80000000 output... 80000008:0:0:0
checking for x86 cpuid 0x00000001 output... 50657:3040800:fffa3203:1f8bfbff
checking for x86 cpuid 0x00000007 output... 0:d19f47ab:18:0
checking for x86 cpuid 0x80000001 output... 0:0:121:2c100800
checking for x86-AVX xgetbv 0x00000000 output... 2ff:0
checking whether RDRND is supported by the processor... yes
checking whether RDRND is supported by the processor and OS... yes
checking whether C++ compiler accepts -mrdrnd... yes
checking whether BMI1 is supported by the processor... yes
checking whether BMI1 is supported by the processor and OS... yes
checking whether C++ compiler accepts -mbmi... yes
checking whether BMI2 is supported by the processor... yes
checking whether BMI2 is supported by the processor and OS... yes
checking whether C++ compiler accepts -mbmi2... yes
checking whether ADX is supported by the processor... yes
checking whether ADX is supported by the processor and OS... yes
checking whether C++ compiler accepts -madx... yes
checking whether MPX is supported by the processor... yes
checking whether MPX is supported by the processor and OS... yes
checking whether C++ compiler accepts -mmpx... yes
checking whether PREFETCHWT1 is supported by the processor... no
checking whether ABM is supported by the processor... yes
checking whether ABM is supported by the processor and OS... yes
checking whether C++ compiler accepts -mabm... no
configure: WARNING: Your processor and OS supports ABM instructions but not your compiler, can you try another compiler?
checking whether MMX is supported by the processor... yes
checking whether MMX is supported by the processor and OS... yes
checking whether C++ compiler accepts -mmmx... yes
checking whether SSE is supported by the processor... yes
checking whether SSE is supported by the processor and OS... yes
checking whether C++ compiler accepts -msse... yes
checking whether SSE2 is supported by the processor... yes
checking whether SSE2 is supported by the processor and OS... yes
checking whether C++ compiler accepts -msse2... yes
checking whether SSE3 is supported by the processor... yes
checking whether SSE3 is supported by the processor and OS... yes
checking whether C++ compiler accepts -msse3... yes
checking whether SSSE3 is supported by the processor... yes
checking whether SSSE3 is supported by the processor and OS... yes
checking whether C++ compiler accepts -mssse3... yes
checking whether SSE4.1 is supported by the processor... yes
checking whether SSE4.1 is supported by the processor and OS... yes
checking whether C++ compiler accepts -msse4.1... yes
checking whether SSE4.2 is supported by the processor... yes
checking whether SSE4.2 is supported by the processor and OS... yes
checking whether C++ compiler accepts -msse4.2... yes
checking whether SSE4a is supported by the processor... no
checking whether SHA is supported by the processor... no
checking whether AES is supported by the processor... yes
checking whether AES is supported by the processor and OS... yes
checking whether C++ compiler accepts -maes... yes
checking whether AVX is supported by the processor... yes
checking whether AVX is supported by the processor and OS... yes
checking whether C++ compiler accepts -mavx... yes
checking whether FMA3 is supported by the processor... yes
checking whether FMA3 is supported by the processor and OS... yes
checking whether C++ compiler accepts -mfma... yes
checking whether FMA4 is supported by the processor... no
checking whether XOP is supported by the processor... no
checking whether AVX2 is supported by the processor... yes
checking whether AVX2 is supported by the processor and OS... yes
checking whether C++ compiler accepts -mavx2... yes
checking whether AVX512-F is supported by the processor... yes
checking whether AVX512-F is supported by the processor and OS... yes
checking whether C++ compiler accepts -mavx512f... yes
checking whether AVX512-CD is supported by the processor... yes
checking whether AVX512-CD is supported by the processor and OS... yes
checking whether C++ compiler accepts -mavx512cd... yes
checking whether AVX512-PF is supported by the processor... no
checking whether AVX512-ER is supported by the processor... no
checking whether AVX512-VL is supported by the processor... yes
checking whether AVX512-VL is supported by the processor and OS... yes
checking whether C++ compiler accepts -mavx512vl... yes
checking whether AVX512-BW is supported by the processor... yes
checking whether AVX512-BW is supported by the processor and OS... yes
checking whether C++ compiler accepts -mavx512bw... yes
checking whether AVX512-DQ is supported by the processor... yes
checking whether AVX512-DQ is supported by the processor and OS... yes
checking whether C++ compiler accepts -mavx512dq... yes
checking whether AVX512-IFMA is supported by the processor... no
checking whether AVX512-VBMI is supported by the processor... no
checking for __int128... yes
checking for std::numeric_limits<__int128>... yes
checking for _NSGetExecutablePath... no
checking for execinfo.h... yes
checking for ext/stdio_filebuf.h... yes
checking for sys/syscall.h... yes
checking for siginfo_t.si_int... yes
checking for swig... /usr/bin/swig
checking SWIG version... 4.0.2
checking for SWIG library... /usr/share/swig4.0
checking for python... /usr/bin/python3
checking for a version of Python >= '2.1.0'... yes
checking for the distutils Python package... yes
checking for Python include path... -I/usr/include/python3.9
checking for Python library path... -L/usr/lib/x86_64-linux-gnu -lpython3.9
checking for Python site-packages path... /usr/lib/python3/dist-packages
checking python extra libraries... -lcrypt -lpthread -ldl  -lutil -lm -lm
checking python extra linking flags... -Xlinker -export-dynamic -Wl,-O1 -Wl,-Bsymbolic-functions
checking consistency of all components of python development environment... yes
checking for perl... /usr/bin/perl
checking for Perl prefix... /usr
checking for Perl extension include path... /usr/lib/x86_64-linux-gnu/perl/5.32/CORE
checking for Perl extension target directory... /usr/lib/perl/5.32.0
checking for Perl extensions C preprocessor flags... -D_REENTRANT -D_GNU_SOURCE -DDEBIAN -fwrapv -fno-strict-aliasing -pipe -I/usr/local/include
checking for Perl extensions linker flags... -shared -L/usr/local/lib -fstack-protector-strong
checking for posix_memalign... yes
checking for aligned_alloc... yes
checking that generated files are newer than configure... done
configure: creating ./config.status
config.status: creating Makefile
config.status: creating compat.sh
config.status: creating jellyfish-2.0.pc
config.status: creating config.h
config.status: executing depfiles commands
config.status: executing libtool commands
dh_auto_configure --sourcedirectory=swig/perl5
	cd swig/perl5 && /usr/bin/perl Makefile.PL INSTALLDIRS=vendor "OPTIMIZE=-g -O2 -ffile-prefix-map=/<<PKGBUILDDIR>>=. -fstack-protector-strong -Wformat -Werror=format-security -Wdate-time -D_FORTIFY_SOURCE=2" "LD=x86_64-linux-gnu-gcc -g -O2 -ffile-prefix-map=/<<PKGBUILDDIR>>=. -fstack-protector-strong -Wformat -Werror=format-security -Wl,-z,relro -Wl,-z,now -lpthread"
-I/<<PKGBUILDDIR>>/debian/tmp//usr/include/jellyfish-2.3.0
-L/<<PKGBUILDDIR>>/debian/tmp//usr/lib/x86_64-linux-gnu -ljellyfish-2.0 -lpthread
-L/<<PKGBUILDDIR>>/debian/tmp//usr/lib/x86_64-linux-gnu
Warning (mostly harmless): No library found for -ljellyfish-2.0
Generating a Unix-style Makefile
Writing Makefile for jellyfish
Writing MYMETA.yml and MYMETA.json
dh_auto_configure --sourcedirectory=swig/python --buildsystem=pybuild
I: pybuild base:232: python3.9 setup.py config 
running config
make[1]: Leaving directory '/<<PKGBUILDDIR>>'
   debian/rules override_dh_auto_build
make[1]: Entering directory '/<<PKGBUILDDIR>>'
mkdir -p debian/tmp_save_tests
cp -a tests/* debian/tmp_save_tests
dh_auto_build --no-parallel -- all bin/generate_sequence bin/test_all bin/fastq2sam
	make -j1 all bin/generate_sequence bin/test_all bin/fastq2sam
make[2]: Entering directory '/<<PKGBUILDDIR>>'
/usr/bin/yaggo --license ./header-license -o sub_commands/count_main_cmdline.hpp sub_commands/count_main_cmdline.yaggo
/usr/bin/yaggo --license ./header-license -o sub_commands/info_main_cmdline.hpp sub_commands/info_main_cmdline.yaggo
/usr/bin/yaggo --license ./header-license -o sub_commands/dump_main_cmdline.hpp sub_commands/dump_main_cmdline.yaggo
/usr/bin/yaggo --license ./header-license -o sub_commands/histo_main_cmdline.hpp sub_commands/histo_main_cmdline.yaggo
/usr/bin/yaggo --license ./header-license -o sub_commands/stats_main_cmdline.hpp sub_commands/stats_main_cmdline.yaggo
/usr/bin/yaggo --license ./header-license -o sub_commands/merge_main_cmdline.hpp sub_commands/merge_main_cmdline.yaggo
/usr/bin/yaggo --license ./header-license -o sub_commands/bc_main_cmdline.hpp sub_commands/bc_main_cmdline.yaggo
/usr/bin/yaggo --license ./header-license -o sub_commands/query_main_cmdline.hpp sub_commands/query_main_cmdline.yaggo
/usr/bin/yaggo --license ./header-license -o sub_commands/cite_main_cmdline.hpp sub_commands/cite_main_cmdline.yaggo
/usr/bin/yaggo --license ./header-license -o sub_commands/mem_main_cmdline.hpp sub_commands/mem_main_cmdline.yaggo
/usr/bin/yaggo --license ./header-license -o jellyfish/generate_sequence_cmdline.hpp jellyfish/generate_sequence_cmdline.yaggo
/usr/bin/yaggo --license ./header-license -o jellyfish/fastq2sam_cmdline.hpp jellyfish/fastq2sam_cmdline.yaggo
/usr/bin/yaggo --license ./header-license -o unit_tests/test_main_cmdline.hpp unit_tests/test_main_cmdline.yaggo
/usr/bin/swig -c++ -python -I./../include -o swig/python/swig_wrap.cpp swig/jellyfish.i
/usr/bin/swig -c++ -perl5 -I./../include -o swig/perl5/swig_wrap.cpp swig/jellyfish.i
make  all-am
make[3]: Entering directory '/<<PKGBUILDDIR>>'
g++ -DHAVE_CONFIG_H -I.  -Wall -Wnon-virtual-dtor -I. -I./include  -Wdate-time -D_FORTIFY_SOURCE=2   -Werror -std=c++11 -g -O2 -ffile-prefix-map=/<<PKGBUILDDIR>>=. -fstack-protector-strong -Wformat -Werror=format-security -Wno-nonnull -c -o sub_commands/jellyfish.o sub_commands/jellyfish.cc
g++ -DHAVE_CONFIG_H -I.  -Wall -Wnon-virtual-dtor -I. -I./include  -Wdate-time -D_FORTIFY_SOURCE=2   -Werror -std=c++11 -g -O2 -ffile-prefix-map=/<<PKGBUILDDIR>>=. -fstack-protector-strong -Wformat -Werror=format-security -Wno-nonnull -c -o sub_commands/count_main.o sub_commands/count_main.cc
g++ -DHAVE_CONFIG_H -I.  -Wall -Wnon-virtual-dtor -I. -I./include  -Wdate-time -D_FORTIFY_SOURCE=2   -Werror -std=c++11 -g -O2 -ffile-prefix-map=/<<PKGBUILDDIR>>=. -fstack-protector-strong -Wformat -Werror=format-security -Wno-nonnull -c -o sub_commands/info_main.o sub_commands/info_main.cc
g++ -DHAVE_CONFIG_H -I.  -Wall -Wnon-virtual-dtor -I. -I./include  -Wdate-time -D_FORTIFY_SOURCE=2   -Werror -std=c++11 -g -O2 -ffile-prefix-map=/<<PKGBUILDDIR>>=. -fstack-protector-strong -Wformat -Werror=format-security -Wno-nonnull -c -o sub_commands/dump_main.o sub_commands/dump_main.cc
g++ -DHAVE_CONFIG_H -I.  -Wall -Wnon-virtual-dtor -I. -I./include  -Wdate-time -D_FORTIFY_SOURCE=2   -Werror -std=c++11 -g -O2 -ffile-prefix-map=/<<PKGBUILDDIR>>=. -fstack-protector-strong -Wformat -Werror=format-security -Wno-nonnull -c -o sub_commands/histo_main.o sub_commands/histo_main.cc
g++ -DHAVE_CONFIG_H -I.  -Wall -Wnon-virtual-dtor -I. -I./include  -Wdate-time -D_FORTIFY_SOURCE=2   -Werror -std=c++11 -g -O2 -ffile-prefix-map=/<<PKGBUILDDIR>>=. -fstack-protector-strong -Wformat -Werror=format-security -Wno-nonnull -c -o sub_commands/stats_main.o sub_commands/stats_main.cc
g++ -DHAVE_CONFIG_H -I.  -Wall -Wnon-virtual-dtor -I. -I./include  -Wdate-time -D_FORTIFY_SOURCE=2   -Werror -std=c++11 -g -O2 -ffile-prefix-map=/<<PKGBUILDDIR>>=. -fstack-protector-strong -Wformat -Werror=format-security -Wno-nonnull -c -o sub_commands/merge_main.o sub_commands/merge_main.cc
g++ -DHAVE_CONFIG_H -I.  -Wall -Wnon-virtual-dtor -I. -I./include  -Wdate-time -D_FORTIFY_SOURCE=2   -Werror -std=c++11 -g -O2 -ffile-prefix-map=/<<PKGBUILDDIR>>=. -fstack-protector-strong -Wformat -Werror=format-security -Wno-nonnull -c -o sub_commands/bc_main.o sub_commands/bc_main.cc
g++ -DHAVE_CONFIG_H -I.  -Wall -Wnon-virtual-dtor -I. -I./include  -Wdate-time -D_FORTIFY_SOURCE=2   -Werror -std=c++11 -g -O2 -ffile-prefix-map=/<<PKGBUILDDIR>>=. -fstack-protector-strong -Wformat -Werror=format-security -Wno-nonnull -c -o sub_commands/query_main.o sub_commands/query_main.cc
g++ -DHAVE_CONFIG_H -I.  -Wall -Wnon-virtual-dtor -I. -I./include  -Wdate-time -D_FORTIFY_SOURCE=2   -Werror -std=c++11 -g -O2 -ffile-prefix-map=/<<PKGBUILDDIR>>=. -fstack-protector-strong -Wformat -Werror=format-security -Wno-nonnull -c -o sub_commands/cite_main.o sub_commands/cite_main.cc
g++ -DHAVE_CONFIG_H -I.  -Wall -Wnon-virtual-dtor -I. -I./include  -Wdate-time -D_FORTIFY_SOURCE=2   -Werror -std=c++11 -g -O2 -ffile-prefix-map=/<<PKGBUILDDIR>>=. -fstack-protector-strong -Wformat -Werror=format-security -Wno-nonnull -c -o sub_commands/mem_main.o sub_commands/mem_main.cc
g++ -DHAVE_CONFIG_H -I.  -Wall -Wnon-virtual-dtor -I. -I./include  -Wdate-time -D_FORTIFY_SOURCE=2   -Werror -std=c++11 -g -O2 -ffile-prefix-map=/<<PKGBUILDDIR>>=. -fstack-protector-strong -Wformat -Werror=format-security -Wno-nonnull -c -o jellyfish/merge_files.o jellyfish/merge_files.cc
/bin/bash ./libtool  --tag=CXX   --mode=compile g++ -DHAVE_CONFIG_H -I.  -Wall -Wnon-virtual-dtor -I. -I./include  -Wdate-time -D_FORTIFY_SOURCE=2   -Werror -std=c++11 -g -O2 -ffile-prefix-map=/<<PKGBUILDDIR>>=. -fstack-protector-strong -Wformat -Werror=format-security -Wno-nonnull -c -o lib/rectangular_binary_matrix.lo lib/rectangular_binary_matrix.cc
libtool: compile:  g++ -DHAVE_CONFIG_H -I. -Wall -Wnon-virtual-dtor -I. -I./include -Wdate-time -D_FORTIFY_SOURCE=2 -Werror -std=c++11 -g -O2 -ffile-prefix-map=/<<PKGBUILDDIR>>=. -fstack-protector-strong -Wformat -Werror=format-security -Wno-nonnull -c lib/rectangular_binary_matrix.cc  -fPIC -DPIC -o lib/.libs/rectangular_binary_matrix.o
libtool: compile:  g++ -DHAVE_CONFIG_H -I. -Wall -Wnon-virtual-dtor -I. -I./include -Wdate-time -D_FORTIFY_SOURCE=2 -Werror -std=c++11 -g -O2 -ffile-prefix-map=/<<PKGBUILDDIR>>=. -fstack-protector-strong -Wformat -Werror=format-security -Wno-nonnull -c lib/rectangular_binary_matrix.cc -o lib/rectangular_binary_matrix.o >/dev/null 2>&1
/bin/bash ./libtool  --tag=CXX   --mode=compile g++ -DHAVE_CONFIG_H -I.  -Wall -Wnon-virtual-dtor -I. -I./include  -Wdate-time -D_FORTIFY_SOURCE=2   -Werror -std=c++11 -g -O2 -ffile-prefix-map=/<<PKGBUILDDIR>>=. -fstack-protector-strong -Wformat -Werror=format-security -Wno-nonnull -c -o lib/mer_dna.lo lib/mer_dna.cc
libtool: compile:  g++ -DHAVE_CONFIG_H -I. -Wall -Wnon-virtual-dtor -I. -I./include -Wdate-time -D_FORTIFY_SOURCE=2 -Werror -std=c++11 -g -O2 -ffile-prefix-map=/<<PKGBUILDDIR>>=. -fstack-protector-strong -Wformat -Werror=format-security -Wno-nonnull -c lib/mer_dna.cc  -fPIC -DPIC -o lib/.libs/mer_dna.o
libtool: compile:  g++ -DHAVE_CONFIG_H -I. -Wall -Wnon-virtual-dtor -I. -I./include -Wdate-time -D_FORTIFY_SOURCE=2 -Werror -std=c++11 -g -O2 -ffile-prefix-map=/<<PKGBUILDDIR>>=. -fstack-protector-strong -Wformat -Werror=format-security -Wno-nonnull -c lib/mer_dna.cc -o lib/mer_dna.o >/dev/null 2>&1
/bin/bash ./libtool  --tag=CXX   --mode=compile g++ -DHAVE_CONFIG_H -I.  -Wall -Wnon-virtual-dtor -I. -I./include  -Wdate-time -D_FORTIFY_SOURCE=2   -Werror -std=c++11 -g -O2 -ffile-prefix-map=/<<PKGBUILDDIR>>=. -fstack-protector-strong -Wformat -Werror=format-security -Wno-nonnull -c -o lib/storage.lo lib/storage.cc
libtool: compile:  g++ -DHAVE_CONFIG_H -I. -Wall -Wnon-virtual-dtor -I. -I./include -Wdate-time -D_FORTIFY_SOURCE=2 -Werror -std=c++11 -g -O2 -ffile-prefix-map=/<<PKGBUILDDIR>>=. -fstack-protector-strong -Wformat -Werror=format-security -Wno-nonnull -c lib/storage.cc  -fPIC -DPIC -o lib/.libs/storage.o
libtool: compile:  g++ -DHAVE_CONFIG_H -I. -Wall -Wnon-virtual-dtor -I. -I./include -Wdate-time -D_FORTIFY_SOURCE=2 -Werror -std=c++11 -g -O2 -ffile-prefix-map=/<<PKGBUILDDIR>>=. -fstack-protector-strong -Wformat -Werror=format-security -Wno-nonnull -c lib/storage.cc -o lib/storage.o >/dev/null 2>&1
/bin/bash ./libtool  --tag=CXX   --mode=compile g++ -DHAVE_CONFIG_H -I.  -Wall -Wnon-virtual-dtor -I. -I./include  -Wdate-time -D_FORTIFY_SOURCE=2   -Werror -std=c++11 -g -O2 -ffile-prefix-map=/<<PKGBUILDDIR>>=. -fstack-protector-strong -Wformat -Werror=format-security -Wno-nonnull -c -o lib/allocators_mmap.lo lib/allocators_mmap.cc
libtool: compile:  g++ -DHAVE_CONFIG_H -I. -Wall -Wnon-virtual-dtor -I. -I./include -Wdate-time -D_FORTIFY_SOURCE=2 -Werror -std=c++11 -g -O2 -ffile-prefix-map=/<<PKGBUILDDIR>>=. -fstack-protector-strong -Wformat -Werror=format-security -Wno-nonnull -c lib/allocators_mmap.cc  -fPIC -DPIC -o lib/.libs/allocators_mmap.o
libtool: compile:  g++ -DHAVE_CONFIG_H -I. -Wall -Wnon-virtual-dtor -I. -I./include -Wdate-time -D_FORTIFY_SOURCE=2 -Werror -std=c++11 -g -O2 -ffile-prefix-map=/<<PKGBUILDDIR>>=. -fstack-protector-strong -Wformat -Werror=format-security -Wno-nonnull -c lib/allocators_mmap.cc -o lib/allocators_mmap.o >/dev/null 2>&1
/bin/bash ./libtool  --tag=CXX   --mode=compile g++ -DHAVE_CONFIG_H -I.  -Wall -Wnon-virtual-dtor -I. -I./include  -Wdate-time -D_FORTIFY_SOURCE=2   -Werror -std=c++11 -g -O2 -ffile-prefix-map=/<<PKGBUILDDIR>>=. -fstack-protector-strong -Wformat -Werror=format-security -Wno-nonnull -c -o lib/misc.lo lib/misc.cc
libtool: compile:  g++ -DHAVE_CONFIG_H -I. -Wall -Wnon-virtual-dtor -I. -I./include -Wdate-time -D_FORTIFY_SOURCE=2 -Werror -std=c++11 -g -O2 -ffile-prefix-map=/<<PKGBUILDDIR>>=. -fstack-protector-strong -Wformat -Werror=format-security -Wno-nonnull -c lib/misc.cc  -fPIC -DPIC -o lib/.libs/misc.o
libtool: compile:  g++ -DHAVE_CONFIG_H -I. -Wall -Wnon-virtual-dtor -I. -I./include -Wdate-time -D_FORTIFY_SOURCE=2 -Werror -std=c++11 -g -O2 -ffile-prefix-map=/<<PKGBUILDDIR>>=. -fstack-protector-strong -Wformat -Werror=format-security -Wno-nonnull -c lib/misc.cc -o lib/misc.o >/dev/null 2>&1
/bin/bash ./libtool  --tag=CXX   --mode=compile g++ -DHAVE_CONFIG_H -I.  -Wall -Wnon-virtual-dtor -I. -I./include  -Wdate-time -D_FORTIFY_SOURCE=2   -Werror -std=c++11 -g -O2 -ffile-prefix-map=/<<PKGBUILDDIR>>=. -fstack-protector-strong -Wformat -Werror=format-security -Wno-nonnull -c -o lib/int128.lo lib/int128.cc
libtool: compile:  g++ -DHAVE_CONFIG_H -I. -Wall -Wnon-virtual-dtor -I. -I./include -Wdate-time -D_FORTIFY_SOURCE=2 -Werror -std=c++11 -g -O2 -ffile-prefix-map=/<<PKGBUILDDIR>>=. -fstack-protector-strong -Wformat -Werror=format-security -Wno-nonnull -c lib/int128.cc  -fPIC -DPIC -o lib/.libs/int128.o
libtool: compile:  g++ -DHAVE_CONFIG_H -I. -Wall -Wnon-virtual-dtor -I. -I./include -Wdate-time -D_FORTIFY_SOURCE=2 -Werror -std=c++11 -g -O2 -ffile-prefix-map=/<<PKGBUILDDIR>>=. -fstack-protector-strong -Wformat -Werror=format-security -Wno-nonnull -c lib/int128.cc -o lib/int128.o >/dev/null 2>&1
/bin/bash ./libtool  --tag=CXX   --mode=compile g++ -DHAVE_CONFIG_H -I.  -Wall -Wnon-virtual-dtor -I. -I./include  -Wdate-time -D_FORTIFY_SOURCE=2   -Werror -std=c++11 -g -O2 -ffile-prefix-map=/<<PKGBUILDDIR>>=. -fstack-protector-strong -Wformat -Werror=format-security -Wno-nonnull -c -o lib/thread_exec.lo lib/thread_exec.cc
libtool: compile:  g++ -DHAVE_CONFIG_H -I. -Wall -Wnon-virtual-dtor -I. -I./include -Wdate-time -D_FORTIFY_SOURCE=2 -Werror -std=c++11 -g -O2 -ffile-prefix-map=/<<PKGBUILDDIR>>=. -fstack-protector-strong -Wformat -Werror=format-security -Wno-nonnull -c lib/thread_exec.cc  -fPIC -DPIC -o lib/.libs/thread_exec.o
libtool: compile:  g++ -DHAVE_CONFIG_H -I. -Wall -Wnon-virtual-dtor -I. -I./include -Wdate-time -D_FORTIFY_SOURCE=2 -Werror -std=c++11 -g -O2 -ffile-prefix-map=/<<PKGBUILDDIR>>=. -fstack-protector-strong -Wformat -Werror=format-security -Wno-nonnull -c lib/thread_exec.cc -o lib/thread_exec.o >/dev/null 2>&1
/bin/bash ./libtool  --tag=CXX   --mode=compile g++ -DHAVE_CONFIG_H -I.  -Wall -Wnon-virtual-dtor -I. -I./include  -Wdate-time -D_FORTIFY_SOURCE=2   -Werror -std=c++11 -g -O2 -ffile-prefix-map=/<<PKGBUILDDIR>>=. -fstack-protector-strong -Wformat -Werror=format-security -Wno-nonnull -c -o lib/jsoncpp.lo lib/jsoncpp.cpp
libtool: compile:  g++ -DHAVE_CONFIG_H -I. -Wall -Wnon-virtual-dtor -I. -I./include -Wdate-time -D_FORTIFY_SOURCE=2 -Werror -std=c++11 -g -O2 -ffile-prefix-map=/<<PKGBUILDDIR>>=. -fstack-protector-strong -Wformat -Werror=format-security -Wno-nonnull -c lib/jsoncpp.cpp  -fPIC -DPIC -o lib/.libs/jsoncpp.o
lib/jsoncpp.cpp:2303:74: error: implicit conversion from 'const Json::Int64' (aka 'const long long') to 'double' changes value from 9223372036854775807 to 9223372036854775808 [-Werror,-Wimplicit-const-int-float-conversion]
      JSON_ASSERT_MESSAGE( value_.real_ >= minInt64  &&  value_.real_ <= maxInt64, "Real out of Int64 range" );
                                                                      ~~ ^~~~~~~~
lib/jsoncpp.cpp:1566:58: note: expanded from macro 'JSON_ASSERT_MESSAGE'
#define JSON_ASSERT_MESSAGE( condition, message ) if (!( condition )) JSON_FAIL_MESSAGE( message )
                                                         ^~~~~~~~~
lib/jsoncpp.cpp:2331:67: error: implicit conversion from 'const Json::UInt64' (aka 'const unsigned long long') to 'double' changes value from 18446744073709551615 to 18446744073709551616 [-Werror,-Wimplicit-const-int-float-conversion]
      JSON_ASSERT_MESSAGE( value_.real_ >= 0  &&  value_.real_ <= maxUInt64,  "Real out of UInt64 range" );
                                                               ~~ ^~~~~~~~~
lib/jsoncpp.cpp:1566:58: note: expanded from macro 'JSON_ASSERT_MESSAGE'
#define JSON_ASSERT_MESSAGE( condition, message ) if (!( condition )) JSON_FAIL_MESSAGE( message )
                                                         ^~~~~~~~~
2 errors generated.
make[3]: *** [Makefile:2151: lib/jsoncpp.lo] Error 1
make[3]: Leaving directory '/<<PKGBUILDDIR>>'
make[2]: *** [Makefile:1027: all] Error 2
make[2]: Leaving directory '/<<PKGBUILDDIR>>'
dh_auto_build: error: make -j1 all bin/generate_sequence bin/test_all bin/fastq2sam returned exit code 2
make[1]: *** [debian/rules:79: override_dh_auto_build] Error 25
make[1]: Leaving directory '/<<PKGBUILDDIR>>'
make: *** [debian/rules:22: binary] Error 2
dpkg-buildpackage: error: debian/rules binary subprocess returned exit status 2
--------------------------------------------------------------------------------
Build finished at 2021-10-26T21:22:40Z

Finished
--------


+------------------------------------------------------------------------------+
| Cleanup                                                                      |
+------------------------------------------------------------------------------+

Purging /<<BUILDDIR>>
Not cleaning session: cloned chroot in use
E: Build failure (dpkg-buildpackage died)

+------------------------------------------------------------------------------+
| Summary                                                                      |
+------------------------------------------------------------------------------+

Build Architecture: amd64
Build Type: binary
Build-Space: 18448
Build-Time: 41
Distribution: unstable
Fail-Stage: build
Host Architecture: amd64
Install-Time: 13
Job: jellyfish_2.3.0-12
Machine Architecture: amd64
Package: jellyfish
Package-Time: 76
Source-Version: 2.3.0-12
Space: 18448
Status: attempted
Version: 2.3.0-12
--------------------------------------------------------------------------------
Finished at 2021-10-26T21:22:40Z
Build needed 00:01:16, 18448k disk space
E: Build failure (dpkg-buildpackage died)
DC-Status: Failed 76.254938274s
DC-Time-Estimation: 76.254938274 versus expected 494 (r/m: 5.478268964364699 ; m: 76.254938274)
