DC-Build-Header: k2pdfopt 2.53+ds-1 / 2021-10-26 23:09:57 +0000
DC-Task: type:rebuild-binarch-only source:k2pdfopt version:2.53+ds-1 chroot:unstable esttime:59 logfile:/tmp/k2pdfopt_2.53+ds-1_unstable_clang12.log modes:clang12:binarch-only
DC-Sbuild-call: su user42 -c 'sbuild -n --arch-any --apt-update -d unstable -v --no-run-lintian --chroot-setup-commands=/tmp/clang12 k2pdfopt_2.53+ds-1'
sbuild (Debian sbuild) 0.78.1 (09 February 2019) on ip-172-31-10-71.eu-central-1.compute.internal

+==============================================================================+
| k2pdfopt 2.53+ds-1 (amd64)                   Tue, 26 Oct 2021 23:09:57 +0000 |
+==============================================================================+

Package: k2pdfopt
Version: 2.53+ds-1
Source Version: 2.53+ds-1
Distribution: unstable
Machine Architecture: amd64
Host Architecture: amd64
Build Architecture: amd64
Build Type: binary

I: NOTICE: Log filtering will replace 'var/run/schroot/mount/sid-amd64-sbuild-57b5ca3a-8309-4591-9e6f-838c194d3859' with '<<CHROOT>>'

+------------------------------------------------------------------------------+
| Chroot Setup Commands                                                        |
+------------------------------------------------------------------------------+


/tmp/clang12
------------

+ echo 'Entering customization script...'
Entering customization script...
+ CLANG_VERSION=12
+ echo 'Install of clang-12'
Install of clang-12
+ apt-get update
Get:1 http://127.0.0.1:12990/debian sid InRelease [165 kB]
Get:2 http://127.0.0.1:12990/debian sid/main Sources.diff/Index [63.6 kB]
Get:3 http://127.0.0.1:12990/debian sid/main amd64 Packages.diff/Index [63.6 kB]
Get:4 http://127.0.0.1:12990/debian sid/main Sources T-2021-10-26-2004.40-F-2021-10-26-0202.15.pdiff [47.3 kB]
Get:4 http://127.0.0.1:12990/debian sid/main Sources T-2021-10-26-2004.40-F-2021-10-26-0202.15.pdiff [47.3 kB]
Get:5 http://127.0.0.1:12990/debian sid/main amd64 Packages T-2021-10-26-2004.40-F-2021-10-26-0202.15.pdiff [55.9 kB]
Get:5 http://127.0.0.1:12990/debian sid/main amd64 Packages T-2021-10-26-2004.40-F-2021-10-26-0202.15.pdiff [55.9 kB]
Get:6 http://127.0.0.1:12990/debian sid/main Translation-en [6586 kB]
Fetched 6981 kB in 3s (2714 kB/s)
Reading package lists...
+ apt-get install --yes --no-install-recommends --force-yes clang-12 libomp-12-dev libobjc-9-dev
Reading package lists...
Building dependency tree...
The following additional packages will be installed:
  lib32gcc-s1 lib32stdc++6 libasan5 libbsd0 libc6-i386 libclang-common-12-dev
  libclang-cpp12 libclang1-12 libedit2 libelf1 libgc1 libgcc-9-dev libicu67
  libllvm12 libmd0 libobjc-11-dev libobjc4 libomp5-12 libunwind-12 libxml2
  libz3-4 llvm-12-linker-tools
Suggested packages:
  clang-12-doc libomp-12-doc
Recommended packages:
  llvm-12-dev python3
The following NEW packages will be installed:
  clang-12 lib32gcc-s1 lib32stdc++6 libasan5 libbsd0 libc6-i386
  libclang-common-12-dev libclang-cpp12 libclang1-12 libedit2 libelf1 libgc1
  libgcc-9-dev libicu67 libllvm12 libmd0 libobjc-11-dev libobjc-9-dev libobjc4
  libomp-12-dev libomp5-12 libunwind-12 libxml2 libz3-4 llvm-12-linker-tools
0 upgraded, 25 newly installed, 0 to remove and 0 not upgraded.
Need to get 67.6 MB of archives.
After this operation, 349 MB of additional disk space will be used.
Get:1 http://127.0.0.1:12990/debian sid/main amd64 libmd0 amd64 1.0.4-1 [29.6 kB]
Get:2 http://127.0.0.1:12990/debian sid/main amd64 libbsd0 amd64 0.11.3-1 [108 kB]
Get:3 http://127.0.0.1:12990/debian sid/main amd64 libedit2 amd64 3.1-20210910-1 [97.5 kB]
Get:4 http://127.0.0.1:12990/debian sid/main amd64 libicu67 amd64 67.1-7 [8622 kB]
Get:5 http://127.0.0.1:12990/debian sid/main amd64 libxml2 amd64 2.9.12+dfsg-5 [696 kB]
Get:6 http://127.0.0.1:12990/debian sid/main amd64 libz3-4 amd64 4.8.12-1+b1 [6997 kB]
Get:7 http://127.0.0.1:12990/debian sid/main amd64 libllvm12 amd64 1:12.0.1-15 [19.4 MB]
Get:8 http://127.0.0.1:12990/debian sid/main amd64 libclang-cpp12 amd64 1:12.0.1-15 [9996 kB]
Get:9 http://127.0.0.1:12990/debian sid/main amd64 libgc1 amd64 1:8.0.4-3 [239 kB]
Get:10 http://127.0.0.1:12990/debian sid/main amd64 libobjc4 amd64 11.2.0-10 [43.2 kB]
Get:11 http://127.0.0.1:12990/debian sid/main amd64 libobjc-11-dev amd64 11.2.0-10 [170 kB]
Get:12 http://127.0.0.1:12990/debian sid/main amd64 libc6-i386 amd64 2.32-4 [2624 kB]
Get:13 http://127.0.0.1:12990/debian sid/main amd64 lib32gcc-s1 amd64 11.2.0-10 [49.9 kB]
Get:14 http://127.0.0.1:12990/debian sid/main amd64 lib32stdc++6 amd64 11.2.0-10 [601 kB]
Get:15 http://127.0.0.1:12990/debian sid/main amd64 libclang-common-12-dev amd64 1:12.0.1-15 [4819 kB]
Get:16 http://127.0.0.1:12990/debian sid/main amd64 llvm-12-linker-tools amd64 1:12.0.1-15 [1222 kB]
Get:17 http://127.0.0.1:12990/debian sid/main amd64 libclang1-12 amd64 1:12.0.1-15 [5644 kB]
Get:18 http://127.0.0.1:12990/debian sid/main amd64 clang-12 amd64 1:12.0.1-15 [117 kB]
Get:19 http://127.0.0.1:12990/debian sid/main amd64 libasan5 amd64 9.4.0-3 [2734 kB]
Get:20 http://127.0.0.1:12990/debian sid/main amd64 libelf1 amd64 0.185-2 [172 kB]
Get:21 http://127.0.0.1:12990/debian sid/main amd64 libgcc-9-dev amd64 9.4.0-3 [2343 kB]
Get:22 http://127.0.0.1:12990/debian sid/main amd64 libobjc-9-dev amd64 9.4.0-3 [219 kB]
Get:23 http://127.0.0.1:12990/debian sid/main amd64 libunwind-12 amd64 1:12.0.1-15 [63.9 kB]
Get:24 http://127.0.0.1:12990/debian sid/main amd64 libomp5-12 amd64 1:12.0.1-15 [405 kB]
Get:25 http://127.0.0.1:12990/debian sid/main amd64 libomp-12-dev amd64 1:12.0.1-15 [104 kB]
debconf: delaying package configuration, since apt-utils is not installed
Fetched 67.6 MB in 0s (150 MB/s)
Selecting previously unselected package libmd0:amd64.
(Reading database ... (Reading database ... 5%(Reading database ... 10%(Reading database ... 15%(Reading database ... 20%(Reading database ... 25%(Reading database ... 30%(Reading database ... 35%(Reading database ... 40%(Reading database ... 45%(Reading database ... 50%(Reading database ... 55%(Reading database ... 60%(Reading database ... 65%(Reading database ... 70%(Reading database ... 75%(Reading database ... 80%(Reading database ... 85%(Reading database ... 90%(Reading database ... 95%(Reading database ... 100%(Reading database ... 12431 files and directories currently installed.)
Preparing to unpack .../00-libmd0_1.0.4-1_amd64.deb ...
Unpacking libmd0:amd64 (1.0.4-1) ...
Selecting previously unselected package libbsd0:amd64.
Preparing to unpack .../01-libbsd0_0.11.3-1_amd64.deb ...
Unpacking libbsd0:amd64 (0.11.3-1) ...
Selecting previously unselected package libedit2:amd64.
Preparing to unpack .../02-libedit2_3.1-20210910-1_amd64.deb ...
Unpacking libedit2:amd64 (3.1-20210910-1) ...
Selecting previously unselected package libicu67:amd64.
Preparing to unpack .../03-libicu67_67.1-7_amd64.deb ...
Unpacking libicu67:amd64 (67.1-7) ...
Selecting previously unselected package libxml2:amd64.
Preparing to unpack .../04-libxml2_2.9.12+dfsg-5_amd64.deb ...
Unpacking libxml2:amd64 (2.9.12+dfsg-5) ...
Selecting previously unselected package libz3-4:amd64.
Preparing to unpack .../05-libz3-4_4.8.12-1+b1_amd64.deb ...
Unpacking libz3-4:amd64 (4.8.12-1+b1) ...
Selecting previously unselected package libllvm12:amd64.
Preparing to unpack .../06-libllvm12_1%3a12.0.1-15_amd64.deb ...
Unpacking libllvm12:amd64 (1:12.0.1-15) ...
Selecting previously unselected package libclang-cpp12.
Preparing to unpack .../07-libclang-cpp12_1%3a12.0.1-15_amd64.deb ...
Unpacking libclang-cpp12 (1:12.0.1-15) ...
Selecting previously unselected package libgc1:amd64.
Preparing to unpack .../08-libgc1_1%3a8.0.4-3_amd64.deb ...
Unpacking libgc1:amd64 (1:8.0.4-3) ...
Selecting previously unselected package libobjc4:amd64.
Preparing to unpack .../09-libobjc4_11.2.0-10_amd64.deb ...
Unpacking libobjc4:amd64 (11.2.0-10) ...
Selecting previously unselected package libobjc-11-dev:amd64.
Preparing to unpack .../10-libobjc-11-dev_11.2.0-10_amd64.deb ...
Unpacking libobjc-11-dev:amd64 (11.2.0-10) ...
Selecting previously unselected package libc6-i386.
Preparing to unpack .../11-libc6-i386_2.32-4_amd64.deb ...
Unpacking libc6-i386 (2.32-4) ...
Selecting previously unselected package lib32gcc-s1.
Preparing to unpack .../12-lib32gcc-s1_11.2.0-10_amd64.deb ...
Unpacking lib32gcc-s1 (11.2.0-10) ...
Selecting previously unselected package lib32stdc++6.
Preparing to unpack .../13-lib32stdc++6_11.2.0-10_amd64.deb ...
Unpacking lib32stdc++6 (11.2.0-10) ...
Selecting previously unselected package libclang-common-12-dev.
Preparing to unpack .../14-libclang-common-12-dev_1%3a12.0.1-15_amd64.deb ...
Unpacking libclang-common-12-dev (1:12.0.1-15) ...
Selecting previously unselected package llvm-12-linker-tools.
Preparing to unpack .../15-llvm-12-linker-tools_1%3a12.0.1-15_amd64.deb ...
Unpacking llvm-12-linker-tools (1:12.0.1-15) ...
Selecting previously unselected package libclang1-12.
Preparing to unpack .../16-libclang1-12_1%3a12.0.1-15_amd64.deb ...
Unpacking libclang1-12 (1:12.0.1-15) ...
Selecting previously unselected package clang-12.
Preparing to unpack .../17-clang-12_1%3a12.0.1-15_amd64.deb ...
Unpacking clang-12 (1:12.0.1-15) ...
Selecting previously unselected package libasan5:amd64.
Preparing to unpack .../18-libasan5_9.4.0-3_amd64.deb ...
Unpacking libasan5:amd64 (9.4.0-3) ...
Selecting previously unselected package libelf1:amd64.
Preparing to unpack .../19-libelf1_0.185-2_amd64.deb ...
Unpacking libelf1:amd64 (0.185-2) ...
Selecting previously unselected package libgcc-9-dev:amd64.
Preparing to unpack .../20-libgcc-9-dev_9.4.0-3_amd64.deb ...
Unpacking libgcc-9-dev:amd64 (9.4.0-3) ...
Selecting previously unselected package libobjc-9-dev:amd64.
Preparing to unpack .../21-libobjc-9-dev_9.4.0-3_amd64.deb ...
Unpacking libobjc-9-dev:amd64 (9.4.0-3) ...
Selecting previously unselected package libunwind-12:amd64.
Preparing to unpack .../22-libunwind-12_1%3a12.0.1-15_amd64.deb ...
Unpacking libunwind-12:amd64 (1:12.0.1-15) ...
Selecting previously unselected package libomp5-12:amd64.
Preparing to unpack .../23-libomp5-12_1%3a12.0.1-15_amd64.deb ...
Unpacking libomp5-12:amd64 (1:12.0.1-15) ...
Selecting previously unselected package libomp-12-dev.
Preparing to unpack .../24-libomp-12-dev_1%3a12.0.1-15_amd64.deb ...
Unpacking libomp-12-dev (1:12.0.1-15) ...
Setting up libicu67:amd64 (67.1-7) ...
Setting up libasan5:amd64 (9.4.0-3) ...
Setting up libz3-4:amd64 (4.8.12-1+b1) ...
Setting up libunwind-12:amd64 (1:12.0.1-15) ...
Setting up libgc1:amd64 (1:8.0.4-3) ...
Setting up libmd0:amd64 (1.0.4-1) ...
Setting up libc6-i386 (2.32-4) ...
Setting up libbsd0:amd64 (0.11.3-1) ...
Setting up libelf1:amd64 (0.185-2) ...
Setting up libxml2:amd64 (2.9.12+dfsg-5) ...
Setting up libedit2:amd64 (3.1-20210910-1) ...
Setting up libobjc4:amd64 (11.2.0-10) ...
Setting up libgcc-9-dev:amd64 (9.4.0-3) ...
Setting up lib32gcc-s1 (11.2.0-10) ...
Setting up lib32stdc++6 (11.2.0-10) ...
Setting up libllvm12:amd64 (1:12.0.1-15) ...
Setting up libobjc-9-dev:amd64 (9.4.0-3) ...
Setting up libclang-common-12-dev (1:12.0.1-15) ...
Setting up libomp5-12:amd64 (1:12.0.1-15) ...
Setting up libobjc-11-dev:amd64 (11.2.0-10) ...
Setting up llvm-12-linker-tools (1:12.0.1-15) ...
Setting up libclang1-12 (1:12.0.1-15) ...
Setting up libclang-cpp12 (1:12.0.1-15) ...
Setting up libomp-12-dev (1:12.0.1-15) ...
Setting up clang-12 (1:12.0.1-15) ...
Processing triggers for libc-bin (2.32-4) ...
W: --force-yes is deprecated, use one of the options starting with --allow instead.
+ echo 'Replace gcc, g++ & cpp by clang'
Replace gcc, g++ & cpp by clang
+ VERSIONS='4.6 4.7 4.8 4.9 5 6 7 8 9 10 11'
+ cd /usr/bin
+ for VERSION in $VERSIONS
+ rm -f g++-4.6 gcc-4.6 cpp-4.6 gcc
+ ln -s clang++-12 g++-4.6
+ ln -s clang-12 gcc-4.6
+ ln -s clang-12 cpp-4.6
+ ln -s clang-12 gcc
+ echo 'gcc-4.6 hold'
+ dpkg --set-selections
dpkg: warning: package not in status nor available database at line 1: gcc-4.6
dpkg: warning: found unknown packages; this might mean the available database
is outdated, and needs to be updated through a frontend method;
please see the FAQ <https://wiki.debian.org/Teams/Dpkg/FAQ>
+ echo 'g++-4.6 hold'
+ dpkg --set-selections
dpkg: warning: package not in status nor available database at line 1: g++-4.6
dpkg: warning: found unknown packages; this might mean the available database
is outdated, and needs to be updated through a frontend method;
please see the FAQ <https://wiki.debian.org/Teams/Dpkg/FAQ>
+ for VERSION in $VERSIONS
+ rm -f g++-4.7 gcc-4.7 cpp-4.7 gcc
+ ln -s clang++-12 g++-4.7
+ ln -s clang-12 gcc-4.7
+ ln -s clang-12 cpp-4.7
+ ln -s clang-12 gcc
+ echo 'gcc-4.7 hold'
+ dpkg --set-selections
dpkg: warning: package not in status nor available database at line 1: gcc-4.7
dpkg: warning: found unknown packages; this might mean the available database
is outdated, and needs to be updated through a frontend method;
please see the FAQ <https://wiki.debian.org/Teams/Dpkg/FAQ>
+ echo 'g++-4.7 hold'
+ dpkg --set-selections
dpkg: warning: package not in status nor available database at line 1: g++-4.7
dpkg: warning: found unknown packages; this might mean the available database
is outdated, and needs to be updated through a frontend method;
please see the FAQ <https://wiki.debian.org/Teams/Dpkg/FAQ>
+ for VERSION in $VERSIONS
+ rm -f g++-4.8 gcc-4.8 cpp-4.8 gcc
+ ln -s clang++-12 g++-4.8
+ ln -s clang-12 gcc-4.8
+ ln -s clang-12 cpp-4.8
+ ln -s clang-12 gcc
+ echo 'gcc-4.8 hold'
+ dpkg --set-selections
dpkg: warning: package not in status nor available database at line 1: gcc-4.8
dpkg: warning: found unknown packages; this might mean the available database
is outdated, and needs to be updated through a frontend method;
please see the FAQ <https://wiki.debian.org/Teams/Dpkg/FAQ>
+ echo 'g++-4.8 hold'
+ dpkg --set-selections
dpkg: warning: package not in status nor available database at line 1: g++-4.8
dpkg: warning: found unknown packages; this might mean the available database
is outdated, and needs to be updated through a frontend method;
please see the FAQ <https://wiki.debian.org/Teams/Dpkg/FAQ>
+ for VERSION in $VERSIONS
+ rm -f g++-4.9 gcc-4.9 cpp-4.9 gcc
+ ln -s clang++-12 g++-4.9
+ ln -s clang-12 gcc-4.9
+ ln -s clang-12 cpp-4.9
+ ln -s clang-12 gcc
+ echo 'gcc-4.9 hold'
+ dpkg --set-selections
dpkg: warning: package not in status nor available database at line 1: gcc-4.9
dpkg: warning: found unknown packages; this might mean the available database
is outdated, and needs to be updated through a frontend method;
please see the FAQ <https://wiki.debian.org/Teams/Dpkg/FAQ>
+ echo 'g++-4.9 hold'
+ dpkg --set-selections
dpkg: warning: package not in status nor available database at line 1: g++-4.9
dpkg: warning: found unknown packages; this might mean the available database
is outdated, and needs to be updated through a frontend method;
please see the FAQ <https://wiki.debian.org/Teams/Dpkg/FAQ>
+ for VERSION in $VERSIONS
+ rm -f g++-5 gcc-5 cpp-5 gcc
+ ln -s clang++-12 g++-5
+ ln -s clang-12 gcc-5
+ ln -s clang-12 cpp-5
+ ln -s clang-12 gcc
+ echo 'gcc-5 hold'
+ dpkg --set-selections
dpkg: warning: package not in status nor available database at line 1: gcc-5
dpkg: warning: found unknown packages; this might mean the available database
is outdated, and needs to be updated through a frontend method;
please see the FAQ <https://wiki.debian.org/Teams/Dpkg/FAQ>
+ echo 'g++-5 hold'
+ dpkg --set-selections
dpkg: warning: package not in status nor available database at line 1: g++-5
dpkg: warning: found unknown packages; this might mean the available database
is outdated, and needs to be updated through a frontend method;
please see the FAQ <https://wiki.debian.org/Teams/Dpkg/FAQ>
+ for VERSION in $VERSIONS
+ rm -f g++-6 gcc-6 cpp-6 gcc
+ ln -s clang++-12 g++-6
+ ln -s clang-12 gcc-6
+ ln -s clang-12 cpp-6
+ ln -s clang-12 gcc
+ echo 'gcc-6 hold'
+ dpkg --set-selections
dpkg: warning: package not in status nor available database at line 1: gcc-6
dpkg: warning: found unknown packages; this might mean the available database
is outdated, and needs to be updated through a frontend method;
please see the FAQ <https://wiki.debian.org/Teams/Dpkg/FAQ>
+ echo 'g++-6 hold'
+ dpkg --set-selections
dpkg: warning: package not in status nor available database at line 1: g++-6
dpkg: warning: found unknown packages; this might mean the available database
is outdated, and needs to be updated through a frontend method;
please see the FAQ <https://wiki.debian.org/Teams/Dpkg/FAQ>
+ for VERSION in $VERSIONS
+ rm -f g++-7 gcc-7 cpp-7 gcc
+ ln -s clang++-12 g++-7
+ ln -s clang-12 gcc-7
+ ln -s clang-12 cpp-7
+ ln -s clang-12 gcc
+ echo 'gcc-7 hold'
+ dpkg --set-selections
dpkg: warning: package not in status nor available database at line 1: gcc-7
dpkg: warning: found unknown packages; this might mean the available database
is outdated, and needs to be updated through a frontend method;
please see the FAQ <https://wiki.debian.org/Teams/Dpkg/FAQ>
+ echo 'g++-7 hold'
+ dpkg --set-selections
dpkg: warning: package not in status nor available database at line 1: g++-7
dpkg: warning: found unknown packages; this might mean the available database
is outdated, and needs to be updated through a frontend method;
please see the FAQ <https://wiki.debian.org/Teams/Dpkg/FAQ>
+ for VERSION in $VERSIONS
+ rm -f g++-8 gcc-8 cpp-8 gcc
+ ln -s clang++-12 g++-8
+ ln -s clang-12 gcc-8
+ ln -s clang-12 cpp-8
+ ln -s clang-12 gcc
+ echo 'gcc-8 hold'
+ dpkg --set-selections
dpkg: warning: package not in status nor available database at line 1: gcc-8
dpkg: warning: found unknown packages; this might mean the available database
is outdated, and needs to be updated through a frontend method;
please see the FAQ <https://wiki.debian.org/Teams/Dpkg/FAQ>
+ echo 'g++-8 hold'
+ dpkg --set-selections
dpkg: warning: package not in status nor available database at line 1: g++-8
dpkg: warning: found unknown packages; this might mean the available database
is outdated, and needs to be updated through a frontend method;
please see the FAQ <https://wiki.debian.org/Teams/Dpkg/FAQ>
+ for VERSION in $VERSIONS
+ rm -f g++-9 gcc-9 cpp-9 gcc
+ ln -s clang++-12 g++-9
+ ln -s clang-12 gcc-9
+ ln -s clang-12 cpp-9
+ ln -s clang-12 gcc
+ echo 'gcc-9 hold'
+ dpkg --set-selections
dpkg: warning: package not in status nor available database at line 1: gcc-9
dpkg: warning: found unknown packages; this might mean the available database
is outdated, and needs to be updated through a frontend method;
please see the FAQ <https://wiki.debian.org/Teams/Dpkg/FAQ>
+ echo 'g++-9 hold'
+ dpkg --set-selections
dpkg: warning: package not in status nor available database at line 1: g++-9
dpkg: warning: found unknown packages; this might mean the available database
is outdated, and needs to be updated through a frontend method;
please see the FAQ <https://wiki.debian.org/Teams/Dpkg/FAQ>
+ for VERSION in $VERSIONS
+ rm -f g++-10 gcc-10 cpp-10 gcc
+ ln -s clang++-12 g++-10
+ ln -s clang-12 gcc-10
+ ln -s clang-12 cpp-10
+ ln -s clang-12 gcc
+ echo 'gcc-10 hold'
+ dpkg --set-selections
dpkg: warning: package not in status nor available database at line 1: gcc-10
dpkg: warning: found unknown packages; this might mean the available database
is outdated, and needs to be updated through a frontend method;
please see the FAQ <https://wiki.debian.org/Teams/Dpkg/FAQ>
+ echo 'g++-10 hold'
+ dpkg --set-selections
dpkg: warning: package not in status nor available database at line 1: g++-10
dpkg: warning: found unknown packages; this might mean the available database
is outdated, and needs to be updated through a frontend method;
please see the FAQ <https://wiki.debian.org/Teams/Dpkg/FAQ>
+ for VERSION in $VERSIONS
+ rm -f g++-11 gcc-11 cpp-11 gcc
+ ln -s clang++-12 g++-11
+ ln -s clang-12 gcc-11
+ ln -s clang-12 cpp-11
+ ln -s clang-12 gcc
+ echo 'gcc-11 hold'
+ dpkg --set-selections
+ echo 'g++-11 hold'
+ dpkg --set-selections
+ cd -
/build/k2pdfopt-uB6uJP
+ echo 'Check if gcc, g++ & cpp are actually clang'
Check if gcc, g++ & cpp are actually clang
+ gcc --version
+ grep clang
+ cpp --version
+ grep clang
+ g++ --version
+ grep clang
+ cd /usr/bin/
+ rm -f clang++ clang
+ ln -s clang-12 clang++
+ ln -s clang-12 clang
+ clang++ --version
Debian clang version 12.0.1-15
Target: x86_64-pc-linux-gnu
Thread model: posix
InstalledDir: /usr/bin
+ clang --version
Debian clang version 12.0.1-15
Target: x86_64-pc-linux-gnu
Thread model: posix
InstalledDir: /usr/bin
+ cd -
/build/k2pdfopt-uB6uJP
+ apt install --yes --no-install-recommends --force-yes qt5-qmake

WARNING: apt does not have a stable CLI interface. Use with caution in scripts.

Reading package lists...
Building dependency tree...
Reading state information...
The following additional packages will be installed:
  qt5-qmake-bin qtchooser
The following NEW packages will be installed:
  qt5-qmake qt5-qmake-bin qtchooser
0 upgraded, 3 newly installed, 0 to remove and 0 not upgraded.
Need to get 1322 kB of archives.
After this operation, 4914 kB of additional disk space will be used.
Get:1 http://127.0.0.1:12990/debian sid/main amd64 qt5-qmake-bin amd64 5.15.2+dfsg-12 [1046 kB]
Get:2 http://127.0.0.1:12990/debian sid/main amd64 qtchooser amd64 66-2 [26.3 kB]
Get:3 http://127.0.0.1:12990/debian sid/main amd64 qt5-qmake amd64 5.15.2+dfsg-12 [249 kB]
debconf: delaying package configuration, since apt-utils is not installed
Fetched 1322 kB in 0s (57.6 MB/s)
Selecting previously unselected package qt5-qmake-bin.
(Reading database ... (Reading database ... 5%(Reading database ... 10%(Reading database ... 15%(Reading database ... 20%(Reading database ... 25%(Reading database ... 30%(Reading database ... 35%(Reading database ... 40%(Reading database ... 45%(Reading database ... 50%(Reading database ... 55%(Reading database ... 60%(Reading database ... 65%(Reading database ... 70%(Reading database ... 75%(Reading database ... 80%(Reading database ... 85%(Reading database ... 90%(Reading database ... 95%(Reading database ... 100%(Reading database ... 13527 files and directories currently installed.)
Preparing to unpack .../qt5-qmake-bin_5.15.2+dfsg-12_amd64.deb ...
Unpacking qt5-qmake-bin (5.15.2+dfsg-12) ...
Selecting previously unselected package qtchooser.
Preparing to unpack .../qtchooser_66-2_amd64.deb ...
Unpacking qtchooser (66-2) ...
Selecting previously unselected package qt5-qmake:amd64.
Preparing to unpack .../qt5-qmake_5.15.2+dfsg-12_amd64.deb ...
Unpacking qt5-qmake:amd64 (5.15.2+dfsg-12) ...
Setting up qt5-qmake-bin (5.15.2+dfsg-12) ...
Setting up qtchooser (66-2) ...
Setting up qt5-qmake:amd64 (5.15.2+dfsg-12) ...
W: --force-yes is deprecated, use one of the options starting with --allow instead.
+ cp /usr/lib/x86_64-linux-gnu/qt5/mkspecs/linux-clang/qmake.conf /usr/lib/x86_64-linux-gnu/qt5/mkspecs/linux-clang/qplatformdefs.h /usr/lib/x86_64-linux-gnu/qt5/mkspecs/linux-g++/
+ ls -al /usr/lib/x86_64-linux-gnu/qt5/mkspecs/linux-g++/
total 16
drwxr-xr-x  2 root root 4096 Oct 26 23:10 .
drwxr-xr-x 76 root root 4096 Oct 26 23:10 ..
-rw-r--r--  1 root root  276 Oct 26 23:10 qmake.conf
-rw-r--r--  1 root root 3218 Oct 26 23:10 qplatformdefs.h
+ cat /usr/lib/x86_64-linux-gnu/qt5/mkspecs/linux-g++/qmake.conf
#
# qmake configuration for linux-clang
#

MAKEFILE_GENERATOR = UNIX
CONFIG += incremental

QMAKE_INCREMENTAL_STYLE = sublib

include(../common/linux.conf)
include(../common/gcc-base-unix.conf)
include(../common/clang.conf)

QMAKE_LFLAGS += -ccc-gcc-name g++

load(qt_config)
+ export QMAKESPEC=/usr/lib/x86_64-linux-gnu/qt5/mkspecs/linux-clang/
+ QMAKESPEC=/usr/lib/x86_64-linux-gnu/qt5/mkspecs/linux-clang/
+ sed -i -e 's|compare_problem(2,|compare_problem(0,|g' /usr/bin/dpkg-gensymbols
+ sed -i -e 's|compare_problem(1,|compare_problem(0,|g' /usr/bin/dpkg-gensymbols
+ grep 'compare_problem(' /usr/bin/dpkg-gensymbols
        compare_problem(4, g_('new libraries appeared in the symbols file: %s'), "@libs");
        compare_problem(3, g_('some libraries disappeared in the symbols file: %s'), "@libs");
        compare_problem(0, g_('some new symbols appeared in the symbols file: %s'),
        compare_problem(0, g_('some symbols or patterns disappeared in the symbols file: %s'),

I: Finished running '/tmp/clang12'.

Finished processing commands.
--------------------------------------------------------------------------------
I: NOTICE: Log filtering will replace 'build/k2pdfopt-uB6uJP/resolver-9onqzO' with '<<RESOLVERDIR>>'

+------------------------------------------------------------------------------+
| Update chroot                                                                |
+------------------------------------------------------------------------------+

Hit:1 http://127.0.0.1:12990/debian sid InRelease
Reading package lists...
Reading package lists...
Building dependency tree...
Reading state information...
Calculating upgrade...
0 upgraded, 0 newly installed, 0 to remove and 0 not upgraded.

+------------------------------------------------------------------------------+
| Fetch source files                                                           |
+------------------------------------------------------------------------------+


Check APT
---------

Checking available source versions...

Download source files with APT
------------------------------

Reading package lists...
NOTICE: 'k2pdfopt' packaging is maintained in the 'Git' version control system at:
https://salsa.debian.org/yangfl-guest/k2pdfopt.git
Please use:
git clone https://salsa.debian.org/yangfl-guest/k2pdfopt.git
to retrieve the latest (possibly unreleased) updates to the package.
Need to get 783 kB of source archives.
Get:1 http://127.0.0.1:12990/debian sid/main k2pdfopt 2.53+ds-1 (dsc) [2001 B]
Get:2 http://127.0.0.1:12990/debian sid/main k2pdfopt 2.53+ds-1 (tar) [748 kB]
Get:3 http://127.0.0.1:12990/debian sid/main k2pdfopt 2.53+ds-1 (diff) [33.4 kB]
Fetched 783 kB in 0s (9288 kB/s)
Download complete and in download only mode
I: NOTICE: Log filtering will replace 'build/k2pdfopt-uB6uJP/k2pdfopt-2.53+ds' with '<<PKGBUILDDIR>>'
I: NOTICE: Log filtering will replace 'build/k2pdfopt-uB6uJP' with '<<BUILDDIR>>'

+------------------------------------------------------------------------------+
| Install package build dependencies                                           |
+------------------------------------------------------------------------------+


Setup apt archive
-----------------

Merged Build-Depends: debhelper-compat (= 13), cmake, pkg-config, zlib1g-dev, libpng-dev, libjpeg-dev, libturbojpeg0-dev, libfreetype6-dev, libopenjp2-7-dev, libdjvulibre-dev, libleptonica-dev, libgsl-dev, build-essential, fakeroot
Filtered Build-Depends: debhelper-compat (= 13), cmake, pkg-config, zlib1g-dev, libpng-dev, libjpeg-dev, libturbojpeg0-dev, libfreetype6-dev, libopenjp2-7-dev, libdjvulibre-dev, libleptonica-dev, libgsl-dev, build-essential, fakeroot
dpkg-deb: building package 'sbuild-build-depends-main-dummy' in '/<<RESOLVERDIR>>/apt_archive/sbuild-build-depends-main-dummy.deb'.
Ign:1 copy:/<<RESOLVERDIR>>/apt_archive ./ InRelease
Get:2 copy:/<<RESOLVERDIR>>/apt_archive ./ Release [957 B]
Ign:3 copy:/<<RESOLVERDIR>>/apt_archive ./ Release.gpg
Get:4 copy:/<<RESOLVERDIR>>/apt_archive ./ Sources [442 B]
Get:5 copy:/<<RESOLVERDIR>>/apt_archive ./ Packages [523 B]
Fetched 1922 B in 0s (189 kB/s)
Reading package lists...
Reading package lists...

Install main build dependencies (apt-based resolver)
----------------------------------------------------

Installing build dependencies
Reading package lists...
Building dependency tree...
Reading state information...
The following additional packages will be installed:
  autoconf automake autopoint autotools-dev bsdextrautils cmake cmake-data
  debhelper dh-autoreconf dh-elpa-helper dh-strip-nondeterminism dwz
  emacsen-common file gettext gettext-base groff-base intltool-debian
  libarchive-zip-perl libarchive13 libbrotli-dev libbrotli1 libcurl4
  libdebhelper-perl libdeflate0 libdjvulibre-dev libdjvulibre-text
  libdjvulibre21 libexpat1 libfile-stripnondeterminism-perl libfreetype-dev
  libfreetype6 libfreetype6-dev libgif7 libglib2.0-0 libgsl-dev libgsl25
  libgslcblas0 libjbig0 libjpeg-dev libjpeg62-turbo libjpeg62-turbo-dev
  libjsoncpp24 libldap-2.4-2 liblept5 libleptonica-dev libmagic-mgc libmagic1
  libncurses6 libncursesw6 libnghttp2-14 libopenjp2-7 libopenjp2-7-dev
  libpipeline1 libpng-dev libpng16-16 libprocps8 libpsl5 librhash0 librtmp1
  libsasl2-2 libsasl2-modules-db libsigsegv2 libssh2-1 libsub-override-perl
  libtiff5 libtool libturbojpeg0 libturbojpeg0-dev libuchardet0 libuv1
  libwebp6 libwebpmux3 m4 man-db pkg-config po-debconf procps sensible-utils
  zlib1g-dev
Suggested packages:
  autoconf-archive gnu-standards autoconf-doc cmake-doc ninja-build dh-make
  gettext-doc libasprintf-dev libgettextpo-dev groff lrzip freetype2-doc
  gsl-ref-psdoc | gsl-doc-pdf | gsl-doc-info | gsl-ref-html libtool-doc
  gfortran | fortran95-compiler gcj-jdk m4-doc apparmor less www-browser
  libmail-box-perl
Recommended packages:
  curl | wget | lynx ca-certificates libarchive-cpio-perl libglib2.0-data
  shared-mime-info xdg-user-dirs libldap-common libgpm2 libpng-tools
  publicsuffix libsasl2-modules libltdl-dev libmail-sendmail-perl psmisc
The following NEW packages will be installed:
  autoconf automake autopoint autotools-dev bsdextrautils cmake cmake-data
  debhelper dh-autoreconf dh-elpa-helper dh-strip-nondeterminism dwz
  emacsen-common file gettext gettext-base groff-base intltool-debian
  libarchive-zip-perl libarchive13 libbrotli-dev libbrotli1 libcurl4
  libdebhelper-perl libdeflate0 libdjvulibre-dev libdjvulibre-text
  libdjvulibre21 libexpat1 libfile-stripnondeterminism-perl libfreetype-dev
  libfreetype6 libfreetype6-dev libgif7 libglib2.0-0 libgsl-dev libgsl25
  libgslcblas0 libjbig0 libjpeg-dev libjpeg62-turbo libjpeg62-turbo-dev
  libjsoncpp24 libldap-2.4-2 liblept5 libleptonica-dev libmagic-mgc libmagic1
  libncurses6 libncursesw6 libnghttp2-14 libopenjp2-7 libopenjp2-7-dev
  libpipeline1 libpng-dev libpng16-16 libprocps8 libpsl5 librhash0 librtmp1
  libsasl2-2 libsasl2-modules-db libsigsegv2 libssh2-1 libsub-override-perl
  libtiff5 libtool libturbojpeg0 libturbojpeg0-dev libuchardet0 libuv1
  libwebp6 libwebpmux3 m4 man-db pkg-config po-debconf procps
  sbuild-build-depends-main-dummy sensible-utils zlib1g-dev
0 upgraded, 81 newly installed, 0 to remove and 0 not upgraded.
Need to get 35.1 MB of archives.
After this operation, 121 MB of additional disk space will be used.
Get:1 copy:/<<RESOLVERDIR>>/apt_archive ./ sbuild-build-depends-main-dummy 0.invalid.0 [952 B]
Get:2 http://127.0.0.1:12990/debian sid/main amd64 bsdextrautils amd64 2.37.2-4 [143 kB]
Get:3 http://127.0.0.1:12990/debian sid/main amd64 libuchardet0 amd64 0.0.7-1 [67.8 kB]
Get:4 http://127.0.0.1:12990/debian sid/main amd64 groff-base amd64 1.22.4-7 [935 kB]
Get:5 http://127.0.0.1:12990/debian sid/main amd64 libpipeline1 amd64 1.5.3-1 [34.3 kB]
Get:6 http://127.0.0.1:12990/debian sid/main amd64 man-db amd64 2.9.4-2 [1354 kB]
Get:7 http://127.0.0.1:12990/debian sid/main amd64 libncurses6 amd64 6.2+20210905-1 [102 kB]
Get:8 http://127.0.0.1:12990/debian sid/main amd64 libncursesw6 amd64 6.2+20210905-1 [133 kB]
Get:9 http://127.0.0.1:12990/debian sid/main amd64 libprocps8 amd64 2:3.3.17-5 [63.9 kB]
Get:10 http://127.0.0.1:12990/debian sid/main amd64 procps amd64 2:3.3.17-5 [502 kB]
Get:11 http://127.0.0.1:12990/debian sid/main amd64 sensible-utils all 0.0.17 [21.5 kB]
Get:12 http://127.0.0.1:12990/debian sid/main amd64 libmagic-mgc amd64 1:5.39-3 [273 kB]
Get:13 http://127.0.0.1:12990/debian sid/main amd64 libmagic1 amd64 1:5.39-3 [126 kB]
Get:14 http://127.0.0.1:12990/debian sid/main amd64 file amd64 1:5.39-3 [69.1 kB]
Get:15 http://127.0.0.1:12990/debian sid/main amd64 gettext-base amd64 0.21-4 [175 kB]
Get:16 http://127.0.0.1:12990/debian sid/main amd64 libsigsegv2 amd64 2.13-1 [34.8 kB]
Get:17 http://127.0.0.1:12990/debian sid/main amd64 m4 amd64 1.4.18-5 [204 kB]
Get:18 http://127.0.0.1:12990/debian sid/main amd64 autoconf all 2.71-2 [343 kB]
Get:19 http://127.0.0.1:12990/debian sid/main amd64 autotools-dev all 20180224.1+nmu1 [77.1 kB]
Get:20 http://127.0.0.1:12990/debian sid/main amd64 automake all 1:1.16.5-1 [823 kB]
Get:21 http://127.0.0.1:12990/debian sid/main amd64 autopoint all 0.21-4 [510 kB]
Get:22 http://127.0.0.1:12990/debian sid/main amd64 libarchive13 amd64 3.4.3-2+b1 [343 kB]
Get:23 http://127.0.0.1:12990/debian sid/main amd64 libbrotli1 amd64 1.0.9-2+b2 [279 kB]
Get:24 http://127.0.0.1:12990/debian sid/main amd64 libsasl2-modules-db amd64 2.1.27+dfsg-2.1 [69.1 kB]
Get:25 http://127.0.0.1:12990/debian sid/main amd64 libsasl2-2 amd64 2.1.27+dfsg-2.1 [106 kB]
Get:26 http://127.0.0.1:12990/debian sid/main amd64 libldap-2.4-2 amd64 2.4.59+dfsg-1 [232 kB]
Get:27 http://127.0.0.1:12990/debian sid/main amd64 libnghttp2-14 amd64 1.43.0-1 [77.1 kB]
Get:28 http://127.0.0.1:12990/debian sid/main amd64 libpsl5 amd64 0.21.0-1.2 [57.3 kB]
Get:29 http://127.0.0.1:12990/debian sid/main amd64 librtmp1 amd64 2.4+20151223.gitfa8646d.1-2+b2 [60.8 kB]
Get:30 http://127.0.0.1:12990/debian sid/main amd64 libssh2-1 amd64 1.10.0-2 [178 kB]
Get:31 http://127.0.0.1:12990/debian sid/main amd64 libcurl4 amd64 7.74.0-1.3+b1 [341 kB]
Get:32 http://127.0.0.1:12990/debian sid/main amd64 libexpat1 amd64 2.4.1-3 [104 kB]
Get:33 http://127.0.0.1:12990/debian sid/main amd64 libjsoncpp24 amd64 1.9.4-5 [78.8 kB]
Get:34 http://127.0.0.1:12990/debian sid/main amd64 librhash0 amd64 1.4.2-1 [129 kB]
Get:35 http://127.0.0.1:12990/debian sid/main amd64 libuv1 amd64 1.42.0-1 [135 kB]
Get:36 http://127.0.0.1:12990/debian sid/main amd64 dh-elpa-helper all 2.0.9 [11.2 kB]
Get:37 http://127.0.0.1:12990/debian sid/main amd64 emacsen-common all 3.0.4 [19.3 kB]
Get:38 http://127.0.0.1:12990/debian sid/main amd64 cmake-data all 3.21.3-5 [1878 kB]
Get:39 http://127.0.0.1:12990/debian sid/main amd64 cmake amd64 3.21.3-5 [7907 kB]
Get:40 http://127.0.0.1:12990/debian sid/main amd64 libdebhelper-perl all 13.5.2 [192 kB]
Get:41 http://127.0.0.1:12990/debian sid/main amd64 libtool all 2.4.6-15 [513 kB]
Get:42 http://127.0.0.1:12990/debian sid/main amd64 dh-autoreconf all 20 [17.1 kB]
Get:43 http://127.0.0.1:12990/debian sid/main amd64 libarchive-zip-perl all 1.68-1 [104 kB]
Get:44 http://127.0.0.1:12990/debian sid/main amd64 libsub-override-perl all 0.09-2 [10.2 kB]
Get:45 http://127.0.0.1:12990/debian sid/main amd64 libfile-stripnondeterminism-perl all 1.12.0-2 [26.3 kB]
Get:46 http://127.0.0.1:12990/debian sid/main amd64 dh-strip-nondeterminism all 1.12.0-2 [15.5 kB]
Get:47 http://127.0.0.1:12990/debian sid/main amd64 dwz amd64 0.14-1 [98.3 kB]
Get:48 http://127.0.0.1:12990/debian sid/main amd64 gettext amd64 0.21-4 [1311 kB]
Get:49 http://127.0.0.1:12990/debian sid/main amd64 intltool-debian all 0.35.0+20060710.5 [26.8 kB]
Get:50 http://127.0.0.1:12990/debian sid/main amd64 po-debconf all 1.0.21+nmu1 [248 kB]
Get:51 http://127.0.0.1:12990/debian sid/main amd64 debhelper all 13.5.2 [1056 kB]
Get:52 http://127.0.0.1:12990/debian sid/main amd64 libbrotli-dev amd64 1.0.9-2+b2 [288 kB]
Get:53 http://127.0.0.1:12990/debian sid/main amd64 libdeflate0 amd64 1.8-1 [53.1 kB]
Get:54 http://127.0.0.1:12990/debian sid/main amd64 libjpeg62-turbo amd64 1:2.0.6-4 [151 kB]
Get:55 http://127.0.0.1:12990/debian sid/main amd64 libdjvulibre-text all 3.5.28-2 [61.8 kB]
Get:56 http://127.0.0.1:12990/debian sid/main amd64 libdjvulibre21 amd64 3.5.28-2 [591 kB]
Get:57 http://127.0.0.1:12990/debian sid/main amd64 libjpeg62-turbo-dev amd64 1:2.0.6-4 [278 kB]
Get:58 http://127.0.0.1:12990/debian sid/main amd64 libjpeg-dev amd64 1:2.0.6-4 [67.8 kB]
Get:59 http://127.0.0.1:12990/debian sid/main amd64 libdjvulibre-dev amd64 3.5.28-2 [2400 kB]
Get:60 http://127.0.0.1:12990/debian sid/main amd64 libpng16-16 amd64 1.6.37-3 [294 kB]
Get:61 http://127.0.0.1:12990/debian sid/main amd64 libfreetype6 amd64 2.11.0+dfsg-1 [453 kB]
Get:62 http://127.0.0.1:12990/debian sid/main amd64 zlib1g-dev amd64 1:1.2.11.dfsg-2 [190 kB]
Get:63 http://127.0.0.1:12990/debian sid/main amd64 libpng-dev amd64 1.6.37-3 [298 kB]
Get:64 http://127.0.0.1:12990/debian sid/main amd64 libfreetype-dev amd64 2.11.0+dfsg-1 [614 kB]
Get:65 http://127.0.0.1:12990/debian sid/main amd64 libfreetype6-dev amd64 2.11.0+dfsg-1 [109 kB]
Get:66 http://127.0.0.1:12990/debian sid/main amd64 libgif7 amd64 5.1.9-2 [45.1 kB]
Get:67 http://127.0.0.1:12990/debian sid/main amd64 libglib2.0-0 amd64 2.70.0-3 [1401 kB]
Get:68 http://127.0.0.1:12990/debian sid/main amd64 libgslcblas0 amd64 2.7+dfsg-2 [105 kB]
Get:69 http://127.0.0.1:12990/debian sid/main amd64 libgsl25 amd64 2.7+dfsg-2 [951 kB]
Get:70 http://127.0.0.1:12990/debian sid/main amd64 libgsl-dev amd64 2.7+dfsg-2 [1146 kB]
Get:71 http://127.0.0.1:12990/debian sid/main amd64 libjbig0 amd64 2.1-3.1+b2 [31.0 kB]
Get:72 http://127.0.0.1:12990/debian sid/main amd64 libopenjp2-7 amd64 2.4.0-3 [172 kB]
Get:73 http://127.0.0.1:12990/debian sid/main amd64 libwebp6 amd64 0.6.1-2.1 [258 kB]
Get:74 http://127.0.0.1:12990/debian sid/main amd64 libtiff5 amd64 4.3.0-2 [294 kB]
Get:75 http://127.0.0.1:12990/debian sid/main amd64 libwebpmux3 amd64 0.6.1-2.1 [97.6 kB]
Get:76 http://127.0.0.1:12990/debian sid/main amd64 liblept5 amd64 1.79.0-1.1 [1028 kB]
Get:77 http://127.0.0.1:12990/debian sid/main amd64 libleptonica-dev amd64 1.79.0-1.1 [1429 kB]
Get:78 http://127.0.0.1:12990/debian sid/main amd64 libopenjp2-7-dev amd64 2.4.0-3 [203 kB]
Get:79 http://127.0.0.1:12990/debian sid/main amd64 libturbojpeg0 amd64 1:2.0.6-4 [179 kB]
Get:80 http://127.0.0.1:12990/debian sid/main amd64 libturbojpeg0-dev amd64 1:2.0.6-4 [212 kB]
Get:81 http://127.0.0.1:12990/debian sid/main amd64 pkg-config amd64 0.29.2-1 [65.1 kB]
debconf: delaying package configuration, since apt-utils is not installed
Fetched 35.1 MB in 0s (142 MB/s)
Selecting previously unselected package bsdextrautils.
(Reading database ... 14272 files and directories currently installed.)
Preparing to unpack .../00-bsdextrautils_2.37.2-4_amd64.deb ...
Unpacking bsdextrautils (2.37.2-4) ...
Selecting previously unselected package libuchardet0:amd64.
Preparing to unpack .../01-libuchardet0_0.0.7-1_amd64.deb ...
Unpacking libuchardet0:amd64 (0.0.7-1) ...
Selecting previously unselected package groff-base.
Preparing to unpack .../02-groff-base_1.22.4-7_amd64.deb ...
Unpacking groff-base (1.22.4-7) ...
Selecting previously unselected package libpipeline1:amd64.
Preparing to unpack .../03-libpipeline1_1.5.3-1_amd64.deb ...
Unpacking libpipeline1:amd64 (1.5.3-1) ...
Selecting previously unselected package man-db.
Preparing to unpack .../04-man-db_2.9.4-2_amd64.deb ...
Unpacking man-db (2.9.4-2) ...
Selecting previously unselected package libncurses6:amd64.
Preparing to unpack .../05-libncurses6_6.2+20210905-1_amd64.deb ...
Unpacking libncurses6:amd64 (6.2+20210905-1) ...
Selecting previously unselected package libncursesw6:amd64.
Preparing to unpack .../06-libncursesw6_6.2+20210905-1_amd64.deb ...
Unpacking libncursesw6:amd64 (6.2+20210905-1) ...
Selecting previously unselected package libprocps8:amd64.
Preparing to unpack .../07-libprocps8_2%3a3.3.17-5_amd64.deb ...
Unpacking libprocps8:amd64 (2:3.3.17-5) ...
Selecting previously unselected package procps.
Preparing to unpack .../08-procps_2%3a3.3.17-5_amd64.deb ...
Unpacking procps (2:3.3.17-5) ...
Selecting previously unselected package sensible-utils.
Preparing to unpack .../09-sensible-utils_0.0.17_all.deb ...
Unpacking sensible-utils (0.0.17) ...
Selecting previously unselected package libmagic-mgc.
Preparing to unpack .../10-libmagic-mgc_1%3a5.39-3_amd64.deb ...
Unpacking libmagic-mgc (1:5.39-3) ...
Selecting previously unselected package libmagic1:amd64.
Preparing to unpack .../11-libmagic1_1%3a5.39-3_amd64.deb ...
Unpacking libmagic1:amd64 (1:5.39-3) ...
Selecting previously unselected package file.
Preparing to unpack .../12-file_1%3a5.39-3_amd64.deb ...
Unpacking file (1:5.39-3) ...
Selecting previously unselected package gettext-base.
Preparing to unpack .../13-gettext-base_0.21-4_amd64.deb ...
Unpacking gettext-base (0.21-4) ...
Selecting previously unselected package libsigsegv2:amd64.
Preparing to unpack .../14-libsigsegv2_2.13-1_amd64.deb ...
Unpacking libsigsegv2:amd64 (2.13-1) ...
Selecting previously unselected package m4.
Preparing to unpack .../15-m4_1.4.18-5_amd64.deb ...
Unpacking m4 (1.4.18-5) ...
Selecting previously unselected package autoconf.
Preparing to unpack .../16-autoconf_2.71-2_all.deb ...
Unpacking autoconf (2.71-2) ...
Selecting previously unselected package autotools-dev.
Preparing to unpack .../17-autotools-dev_20180224.1+nmu1_all.deb ...
Unpacking autotools-dev (20180224.1+nmu1) ...
Selecting previously unselected package automake.
Preparing to unpack .../18-automake_1%3a1.16.5-1_all.deb ...
Unpacking automake (1:1.16.5-1) ...
Selecting previously unselected package autopoint.
Preparing to unpack .../19-autopoint_0.21-4_all.deb ...
Unpacking autopoint (0.21-4) ...
Selecting previously unselected package libarchive13:amd64.
Preparing to unpack .../20-libarchive13_3.4.3-2+b1_amd64.deb ...
Unpacking libarchive13:amd64 (3.4.3-2+b1) ...
Selecting previously unselected package libbrotli1:amd64.
Preparing to unpack .../21-libbrotli1_1.0.9-2+b2_amd64.deb ...
Unpacking libbrotli1:amd64 (1.0.9-2+b2) ...
Selecting previously unselected package libsasl2-modules-db:amd64.
Preparing to unpack .../22-libsasl2-modules-db_2.1.27+dfsg-2.1_amd64.deb ...
Unpacking libsasl2-modules-db:amd64 (2.1.27+dfsg-2.1) ...
Selecting previously unselected package libsasl2-2:amd64.
Preparing to unpack .../23-libsasl2-2_2.1.27+dfsg-2.1_amd64.deb ...
Unpacking libsasl2-2:amd64 (2.1.27+dfsg-2.1) ...
Selecting previously unselected package libldap-2.4-2:amd64.
Preparing to unpack .../24-libldap-2.4-2_2.4.59+dfsg-1_amd64.deb ...
Unpacking libldap-2.4-2:amd64 (2.4.59+dfsg-1) ...
Selecting previously unselected package libnghttp2-14:amd64.
Preparing to unpack .../25-libnghttp2-14_1.43.0-1_amd64.deb ...
Unpacking libnghttp2-14:amd64 (1.43.0-1) ...
Selecting previously unselected package libpsl5:amd64.
Preparing to unpack .../26-libpsl5_0.21.0-1.2_amd64.deb ...
Unpacking libpsl5:amd64 (0.21.0-1.2) ...
Selecting previously unselected package librtmp1:amd64.
Preparing to unpack .../27-librtmp1_2.4+20151223.gitfa8646d.1-2+b2_amd64.deb ...
Unpacking librtmp1:amd64 (2.4+20151223.gitfa8646d.1-2+b2) ...
Selecting previously unselected package libssh2-1:amd64.
Preparing to unpack .../28-libssh2-1_1.10.0-2_amd64.deb ...
Unpacking libssh2-1:amd64 (1.10.0-2) ...
Selecting previously unselected package libcurl4:amd64.
Preparing to unpack .../29-libcurl4_7.74.0-1.3+b1_amd64.deb ...
Unpacking libcurl4:amd64 (7.74.0-1.3+b1) ...
Selecting previously unselected package libexpat1:amd64.
Preparing to unpack .../30-libexpat1_2.4.1-3_amd64.deb ...
Unpacking libexpat1:amd64 (2.4.1-3) ...
Selecting previously unselected package libjsoncpp24:amd64.
Preparing to unpack .../31-libjsoncpp24_1.9.4-5_amd64.deb ...
Unpacking libjsoncpp24:amd64 (1.9.4-5) ...
Selecting previously unselected package librhash0:amd64.
Preparing to unpack .../32-librhash0_1.4.2-1_amd64.deb ...
Unpacking librhash0:amd64 (1.4.2-1) ...
Selecting previously unselected package libuv1:amd64.
Preparing to unpack .../33-libuv1_1.42.0-1_amd64.deb ...
Unpacking libuv1:amd64 (1.42.0-1) ...
Selecting previously unselected package dh-elpa-helper.
Preparing to unpack .../34-dh-elpa-helper_2.0.9_all.deb ...
Unpacking dh-elpa-helper (2.0.9) ...
Selecting previously unselected package emacsen-common.
Preparing to unpack .../35-emacsen-common_3.0.4_all.deb ...
Unpacking emacsen-common (3.0.4) ...
Selecting previously unselected package cmake-data.
Preparing to unpack .../36-cmake-data_3.21.3-5_all.deb ...
Unpacking cmake-data (3.21.3-5) ...
Selecting previously unselected package cmake.
Preparing to unpack .../37-cmake_3.21.3-5_amd64.deb ...
Unpacking cmake (3.21.3-5) ...
Selecting previously unselected package libdebhelper-perl.
Preparing to unpack .../38-libdebhelper-perl_13.5.2_all.deb ...
Unpacking libdebhelper-perl (13.5.2) ...
Selecting previously unselected package libtool.
Preparing to unpack .../39-libtool_2.4.6-15_all.deb ...
Unpacking libtool (2.4.6-15) ...
Selecting previously unselected package dh-autoreconf.
Preparing to unpack .../40-dh-autoreconf_20_all.deb ...
Unpacking dh-autoreconf (20) ...
Selecting previously unselected package libarchive-zip-perl.
Preparing to unpack .../41-libarchive-zip-perl_1.68-1_all.deb ...
Unpacking libarchive-zip-perl (1.68-1) ...
Selecting previously unselected package libsub-override-perl.
Preparing to unpack .../42-libsub-override-perl_0.09-2_all.deb ...
Unpacking libsub-override-perl (0.09-2) ...
Selecting previously unselected package libfile-stripnondeterminism-perl.
Preparing to unpack .../43-libfile-stripnondeterminism-perl_1.12.0-2_all.deb ...
Unpacking libfile-stripnondeterminism-perl (1.12.0-2) ...
Selecting previously unselected package dh-strip-nondeterminism.
Preparing to unpack .../44-dh-strip-nondeterminism_1.12.0-2_all.deb ...
Unpacking dh-strip-nondeterminism (1.12.0-2) ...
Selecting previously unselected package dwz.
Preparing to unpack .../45-dwz_0.14-1_amd64.deb ...
Unpacking dwz (0.14-1) ...
Selecting previously unselected package gettext.
Preparing to unpack .../46-gettext_0.21-4_amd64.deb ...
Unpacking gettext (0.21-4) ...
Selecting previously unselected package intltool-debian.
Preparing to unpack .../47-intltool-debian_0.35.0+20060710.5_all.deb ...
Unpacking intltool-debian (0.35.0+20060710.5) ...
Selecting previously unselected package po-debconf.
Preparing to unpack .../48-po-debconf_1.0.21+nmu1_all.deb ...
Unpacking po-debconf (1.0.21+nmu1) ...
Selecting previously unselected package debhelper.
Preparing to unpack .../49-debhelper_13.5.2_all.deb ...
Unpacking debhelper (13.5.2) ...
Selecting previously unselected package libbrotli-dev:amd64.
Preparing to unpack .../50-libbrotli-dev_1.0.9-2+b2_amd64.deb ...
Unpacking libbrotli-dev:amd64 (1.0.9-2+b2) ...
Selecting previously unselected package libdeflate0:amd64.
Preparing to unpack .../51-libdeflate0_1.8-1_amd64.deb ...
Unpacking libdeflate0:amd64 (1.8-1) ...
Selecting previously unselected package libjpeg62-turbo:amd64.
Preparing to unpack .../52-libjpeg62-turbo_1%3a2.0.6-4_amd64.deb ...
Unpacking libjpeg62-turbo:amd64 (1:2.0.6-4) ...
Selecting previously unselected package libdjvulibre-text.
Preparing to unpack .../53-libdjvulibre-text_3.5.28-2_all.deb ...
Unpacking libdjvulibre-text (3.5.28-2) ...
Selecting previously unselected package libdjvulibre21:amd64.
Preparing to unpack .../54-libdjvulibre21_3.5.28-2_amd64.deb ...
Unpacking libdjvulibre21:amd64 (3.5.28-2) ...
Selecting previously unselected package libjpeg62-turbo-dev:amd64.
Preparing to unpack .../55-libjpeg62-turbo-dev_1%3a2.0.6-4_amd64.deb ...
Unpacking libjpeg62-turbo-dev:amd64 (1:2.0.6-4) ...
Selecting previously unselected package libjpeg-dev:amd64.
Preparing to unpack .../56-libjpeg-dev_1%3a2.0.6-4_amd64.deb ...
Unpacking libjpeg-dev:amd64 (1:2.0.6-4) ...
Selecting previously unselected package libdjvulibre-dev:amd64.
Preparing to unpack .../57-libdjvulibre-dev_3.5.28-2_amd64.deb ...
Unpacking libdjvulibre-dev:amd64 (3.5.28-2) ...
Selecting previously unselected package libpng16-16:amd64.
Preparing to unpack .../58-libpng16-16_1.6.37-3_amd64.deb ...
Unpacking libpng16-16:amd64 (1.6.37-3) ...
Selecting previously unselected package libfreetype6:amd64.
Preparing to unpack .../59-libfreetype6_2.11.0+dfsg-1_amd64.deb ...
Unpacking libfreetype6:amd64 (2.11.0+dfsg-1) ...
Selecting previously unselected package zlib1g-dev:amd64.
Preparing to unpack .../60-zlib1g-dev_1%3a1.2.11.dfsg-2_amd64.deb ...
Unpacking zlib1g-dev:amd64 (1:1.2.11.dfsg-2) ...
Selecting previously unselected package libpng-dev:amd64.
Preparing to unpack .../61-libpng-dev_1.6.37-3_amd64.deb ...
Unpacking libpng-dev:amd64 (1.6.37-3) ...
Selecting previously unselected package libfreetype-dev:amd64.
Preparing to unpack .../62-libfreetype-dev_2.11.0+dfsg-1_amd64.deb ...
Unpacking libfreetype-dev:amd64 (2.11.0+dfsg-1) ...
Selecting previously unselected package libfreetype6-dev:amd64.
Preparing to unpack .../63-libfreetype6-dev_2.11.0+dfsg-1_amd64.deb ...
Unpacking libfreetype6-dev:amd64 (2.11.0+dfsg-1) ...
Selecting previously unselected package libgif7:amd64.
Preparing to unpack .../64-libgif7_5.1.9-2_amd64.deb ...
Unpacking libgif7:amd64 (5.1.9-2) ...
Selecting previously unselected package libglib2.0-0:amd64.
Preparing to unpack .../65-libglib2.0-0_2.70.0-3_amd64.deb ...
Unpacking libglib2.0-0:amd64 (2.70.0-3) ...
Selecting previously unselected package libgslcblas0:amd64.
Preparing to unpack .../66-libgslcblas0_2.7+dfsg-2_amd64.deb ...
Unpacking libgslcblas0:amd64 (2.7+dfsg-2) ...
Selecting previously unselected package libgsl25:amd64.
Preparing to unpack .../67-libgsl25_2.7+dfsg-2_amd64.deb ...
Unpacking libgsl25:amd64 (2.7+dfsg-2) ...
Selecting previously unselected package libgsl-dev.
Preparing to unpack .../68-libgsl-dev_2.7+dfsg-2_amd64.deb ...
Unpacking libgsl-dev (2.7+dfsg-2) ...
Selecting previously unselected package libjbig0:amd64.
Preparing to unpack .../69-libjbig0_2.1-3.1+b2_amd64.deb ...
Unpacking libjbig0:amd64 (2.1-3.1+b2) ...
Selecting previously unselected package libopenjp2-7:amd64.
Preparing to unpack .../70-libopenjp2-7_2.4.0-3_amd64.deb ...
Unpacking libopenjp2-7:amd64 (2.4.0-3) ...
Selecting previously unselected package libwebp6:amd64.
Preparing to unpack .../71-libwebp6_0.6.1-2.1_amd64.deb ...
Unpacking libwebp6:amd64 (0.6.1-2.1) ...
Selecting previously unselected package libtiff5:amd64.
Preparing to unpack .../72-libtiff5_4.3.0-2_amd64.deb ...
Unpacking libtiff5:amd64 (4.3.0-2) ...
Selecting previously unselected package libwebpmux3:amd64.
Preparing to unpack .../73-libwebpmux3_0.6.1-2.1_amd64.deb ...
Unpacking libwebpmux3:amd64 (0.6.1-2.1) ...
Selecting previously unselected package liblept5:amd64.
Preparing to unpack .../74-liblept5_1.79.0-1.1_amd64.deb ...
Unpacking liblept5:amd64 (1.79.0-1.1) ...
Selecting previously unselected package libleptonica-dev:amd64.
Preparing to unpack .../75-libleptonica-dev_1.79.0-1.1_amd64.deb ...
Unpacking libleptonica-dev:amd64 (1.79.0-1.1) ...
Selecting previously unselected package libopenjp2-7-dev.
Preparing to unpack .../76-libopenjp2-7-dev_2.4.0-3_amd64.deb ...
Unpacking libopenjp2-7-dev (2.4.0-3) ...
Selecting previously unselected package libturbojpeg0:amd64.
Preparing to unpack .../77-libturbojpeg0_1%3a2.0.6-4_amd64.deb ...
Unpacking libturbojpeg0:amd64 (1:2.0.6-4) ...
Selecting previously unselected package libturbojpeg0-dev:amd64.
Preparing to unpack .../78-libturbojpeg0-dev_1%3a2.0.6-4_amd64.deb ...
Unpacking libturbojpeg0-dev:amd64 (1:2.0.6-4) ...
Selecting previously unselected package pkg-config.
Preparing to unpack .../79-pkg-config_0.29.2-1_amd64.deb ...
Unpacking pkg-config (0.29.2-1) ...
Selecting previously unselected package sbuild-build-depends-main-dummy.
Preparing to unpack .../80-sbuild-build-depends-main-dummy_0.invalid.0_amd64.deb ...
Unpacking sbuild-build-depends-main-dummy (0.invalid.0) ...
Setting up libexpat1:amd64 (2.4.1-3) ...
Setting up libpipeline1:amd64 (1.5.3-1) ...
Setting up libpsl5:amd64 (0.21.0-1.2) ...
Setting up bsdextrautils (2.37.2-4) ...
update-alternatives: using /usr/bin/write.ul to provide /usr/bin/write (write) in auto mode
Setting up libgslcblas0:amd64 (2.7+dfsg-2) ...
Setting up libmagic-mgc (1:5.39-3) ...
Setting up libgsl25:amd64 (2.7+dfsg-2) ...
Setting up libarchive13:amd64 (3.4.3-2+b1) ...
Setting up libarchive-zip-perl (1.68-1) ...
Setting up libglib2.0-0:amd64 (2.70.0-3) ...
No schema files found: doing nothing.
Setting up libdebhelper-perl (13.5.2) ...
Setting up libbrotli1:amd64 (1.0.9-2+b2) ...
Setting up libnghttp2-14:amd64 (1.43.0-1) ...
Setting up libmagic1:amd64 (1:5.39-3) ...
Setting up libdeflate0:amd64 (1.8-1) ...
Setting up gettext-base (0.21-4) ...
Setting up file (1:5.39-3) ...
Setting up libturbojpeg0:amd64 (1:2.0.6-4) ...
Setting up libjbig0:amd64 (2.1-3.1+b2) ...
Setting up libsasl2-modules-db:amd64 (2.1.27+dfsg-2.1) ...
Setting up libturbojpeg0-dev:amd64 (1:2.0.6-4) ...
Setting up autotools-dev (20180224.1+nmu1) ...
Setting up libuv1:amd64 (1.42.0-1) ...
Setting up libjpeg62-turbo:amd64 (1:2.0.6-4) ...
Setting up emacsen-common (3.0.4) ...
Setting up libjpeg62-turbo-dev:amd64 (1:2.0.6-4) ...
Setting up librtmp1:amd64 (2.4+20151223.gitfa8646d.1-2+b2) ...
Setting up dh-elpa-helper (2.0.9) ...
Setting up libncurses6:amd64 (6.2+20210905-1) ...
Setting up libsigsegv2:amd64 (2.13-1) ...
Setting up libpng16-16:amd64 (1.6.37-3) ...
Setting up autopoint (0.21-4) ...
Setting up libwebp6:amd64 (0.6.1-2.1) ...
Setting up pkg-config (0.29.2-1) ...
Setting up libncursesw6:amd64 (6.2+20210905-1) ...
Setting up libsasl2-2:amd64 (2.1.27+dfsg-2.1) ...
Setting up libjsoncpp24:amd64 (1.9.4-5) ...
Setting up libgif7:amd64 (5.1.9-2) ...
Setting up zlib1g-dev:amd64 (1:1.2.11.dfsg-2) ...
Setting up dwz (0.14-1) ...
Setting up sensible-utils (0.0.17) ...
Setting up librhash0:amd64 (1.4.2-1) ...
Setting up libuchardet0:amd64 (0.0.7-1) ...
Setting up libopenjp2-7:amd64 (2.4.0-3) ...
Setting up libsub-override-perl (0.09-2) ...
Setting up libssh2-1:amd64 (1.10.0-2) ...
Setting up cmake-data (3.21.3-5) ...
Setting up libtiff5:amd64 (4.3.0-2) ...
Setting up libdjvulibre-text (3.5.28-2) ...
Setting up libwebpmux3:amd64 (0.6.1-2.1) ...
Setting up libbrotli-dev:amd64 (1.0.9-2+b2) ...
Setting up libprocps8:amd64 (2:3.3.17-5) ...
Setting up libfile-stripnondeterminism-perl (1.12.0-2) ...
Setting up gettext (0.21-4) ...
Setting up libgsl-dev (2.7+dfsg-2) ...
Setting up libtool (2.4.6-15) ...
Setting up libpng-dev:amd64 (1.6.37-3) ...
Setting up libdjvulibre21:amd64 (3.5.28-2) ...
Setting up libjpeg-dev:amd64 (1:2.0.6-4) ...
Setting up libldap-2.4-2:amd64 (2.4.59+dfsg-1) ...
Setting up m4 (1.4.18-5) ...
Setting up libdjvulibre-dev:amd64 (3.5.28-2) ...
Setting up liblept5:amd64 (1.79.0-1.1) ...
Setting up intltool-debian (0.35.0+20060710.5) ...
Setting up libleptonica-dev:amd64 (1.79.0-1.1) ...
Setting up libfreetype6:amd64 (2.11.0+dfsg-1) ...
Setting up libopenjp2-7-dev (2.4.0-3) ...
Setting up autoconf (2.71-2) ...
Setting up dh-strip-nondeterminism (1.12.0-2) ...
Setting up groff-base (1.22.4-7) ...
Setting up procps (2:3.3.17-5) ...
Setting up libcurl4:amd64 (7.74.0-1.3+b1) ...
Setting up automake (1:1.16.5-1) ...
update-alternatives: using /usr/bin/automake-1.16 to provide /usr/bin/automake (automake) in auto mode
Setting up po-debconf (1.0.21+nmu1) ...
Setting up man-db (2.9.4-2) ...
Not building database; man-db/auto-update is not 'true'.
Setting up libfreetype-dev:amd64 (2.11.0+dfsg-1) ...
Setting up dh-autoreconf (20) ...
Setting up cmake (3.21.3-5) ...
Setting up debhelper (13.5.2) ...
Setting up libfreetype6-dev:amd64 (2.11.0+dfsg-1) ...
Setting up sbuild-build-depends-main-dummy (0.invalid.0) ...
Processing triggers for libc-bin (2.32-4) ...

+------------------------------------------------------------------------------+
| Check architectures                                                          |
+------------------------------------------------------------------------------+

Arch check ok (amd64 included in any)

+------------------------------------------------------------------------------+
| Build environment                                                            |
+------------------------------------------------------------------------------+

Kernel: Linux 4.19.0-6-cloud-amd64 #1 SMP Debian 4.19.67-2+deb10u2 (2019-11-11) amd64 (x86_64)
Toolchain package versions: binutils_2.37-7 dpkg-dev_1.20.9 g++-11_11.2.0-10 gcc-11_11.2.0-10 libc6-dev_2.32-4 libstdc++-11-dev_11.2.0-10 libstdc++6_11.2.0-10 linux-libc-dev_5.14.12-1
Package versions: adduser_3.118 apt_2.3.11 autoconf_2.71-2 automake_1:1.16.5-1 autopoint_0.21-4 autotools-dev_20180224.1+nmu1 base-files_12 base-passwd_3.5.52 bash_5.1-3+b2 binutils_2.37-7 binutils-common_2.37-7 binutils-x86-64-linux-gnu_2.37-7 bsdextrautils_2.37.2-4 bsdutils_1:2.37.2-4 build-essential_12.9 bzip2_1.0.8-4 clang-12_1:12.0.1-15 cmake_3.21.3-5 cmake-data_3.21.3-5 coreutils_8.32-4+b1 cpp_4:11.2.0-2 cpp-11_11.2.0-10 dash_0.5.11+git20210120+802ebd4-2 debconf_1.5.78 debhelper_13.5.2 debian-archive-keyring_2021.1.1 debianutils_5.5-1 dh-autoreconf_20 dh-elpa-helper_2.0.9 dh-strip-nondeterminism_1.12.0-2 diffutils_1:3.7-5 dpkg_1.20.9 dpkg-dev_1.20.9 dwz_0.14-1 e2fsprogs_1.46.4-1 emacsen-common_3.0.4 fakeroot_1.26-1 file_1:5.39-3 findutils_4.8.0-1 g++_4:11.2.0-2 g++-11_11.2.0-10 gcc_4:11.2.0-2 gcc-10-base_10.3.0-11 gcc-11_11.2.0-10 gcc-11-base_11.2.0-10 gcc-9-base_9.4.0-3 gettext_0.21-4 gettext-base_0.21-4 gpgv_2.2.27-2 grep_3.7-1 groff-base_1.22.4-7 gzip_1.10-4 hostname_3.23 init-system-helpers_1.60 intltool-debian_0.35.0+20060710.5 lib32gcc-s1_11.2.0-10 lib32stdc++6_11.2.0-10 libacl1_2.3.1-1 libapt-pkg6.0_2.3.11 libarchive-zip-perl_1.68-1 libarchive13_3.4.3-2+b1 libasan5_9.4.0-3 libasan6_11.2.0-10 libatomic1_11.2.0-10 libattr1_1:2.5.1-1 libaudit-common_1:3.0.6-1 libaudit1_1:3.0.6-1 libbinutils_2.37-7 libblkid1_2.37.2-4 libbrotli-dev_1.0.9-2+b2 libbrotli1_1.0.9-2+b2 libbsd0_0.11.3-1 libbz2-1.0_1.0.8-4 libc-bin_2.32-4 libc-dev-bin_2.32-4 libc6_2.32-4 libc6-dev_2.32-4 libc6-i386_2.32-4 libcap-ng0_0.7.9-2.2+b1 libcap2_1:2.44-1 libcc1-0_11.2.0-10 libclang-common-12-dev_1:12.0.1-15 libclang-cpp12_1:12.0.1-15 libclang1-12_1:12.0.1-15 libcom-err2_1.46.4-1 libcrypt-dev_1:4.4.25-2 libcrypt1_1:4.4.25-2 libctf-nobfd0_2.37-7 libctf0_2.37-7 libcurl4_7.74.0-1.3+b1 libdb5.3_5.3.28+dfsg1-0.8 libdebconfclient0_0.260 libdebhelper-perl_13.5.2 libdeflate0_1.8-1 libdjvulibre-dev_3.5.28-2 libdjvulibre-text_3.5.28-2 libdjvulibre21_3.5.28-2 libdpkg-perl_1.20.9 libedit2_3.1-20210910-1 libelf1_0.185-2 libexpat1_2.4.1-3 libext2fs2_1.46.4-1 libfakeroot_1.26-1 libffi8_3.4.2-3 libfile-stripnondeterminism-perl_1.12.0-2 libfreetype-dev_2.11.0+dfsg-1 libfreetype6_2.11.0+dfsg-1 libfreetype6-dev_2.11.0+dfsg-1 libgc1_1:8.0.4-3 libgcc-11-dev_11.2.0-10 libgcc-9-dev_9.4.0-3 libgcc-s1_11.2.0-10 libgcrypt20_1.9.4-3+b1 libgdbm-compat4_1.22-1 libgdbm6_1.22-1 libgif7_5.1.9-2 libglib2.0-0_2.70.0-3 libgmp10_2:6.2.1+dfsg-2 libgnutls30_3.7.2-2 libgomp1_11.2.0-10 libgpg-error0_1.42-3 libgsl-dev_2.7+dfsg-2 libgsl25_2.7+dfsg-2 libgslcblas0_2.7+dfsg-2 libgssapi-krb5-2_1.18.3-7 libhogweed6_3.7.3-1 libicu67_67.1-7 libidn2-0_2.3.2-2 libisl23_0.24-2 libitm1_11.2.0-10 libjbig0_2.1-3.1+b2 libjpeg-dev_1:2.0.6-4 libjpeg62-turbo_1:2.0.6-4 libjpeg62-turbo-dev_1:2.0.6-4 libjsoncpp24_1.9.4-5 libk5crypto3_1.18.3-7 libkeyutils1_1.6.1-2 libkrb5-3_1.18.3-7 libkrb5support0_1.18.3-7 libldap-2.4-2_2.4.59+dfsg-1 liblept5_1.79.0-1.1 libleptonica-dev_1.79.0-1.1 libllvm12_1:12.0.1-15 liblsan0_11.2.0-10 liblz4-1_1.9.3-2 liblzma5_5.2.5-2 libmagic-mgc_1:5.39-3 libmagic1_1:5.39-3 libmd0_1.0.4-1 libmount1_2.37.2-4 libmpc3_1.2.1-1 libmpfr6_4.1.0-3 libncurses6_6.2+20210905-1 libncursesw6_6.2+20210905-1 libnettle8_3.7.3-1 libnghttp2-14_1.43.0-1 libnsl-dev_1.3.0-2 libnsl2_1.3.0-2 libobjc-11-dev_11.2.0-10 libobjc-9-dev_9.4.0-3 libobjc4_11.2.0-10 libomp-12-dev_1:12.0.1-15 libomp5-12_1:12.0.1-15 libopenjp2-7_2.4.0-3 libopenjp2-7-dev_2.4.0-3 libp11-kit0_0.24.0-5 libpam-modules_1.4.0-10 libpam-modules-bin_1.4.0-10 libpam-runtime_1.4.0-10 libpam0g_1.4.0-10 libpcre2-8-0_10.36-2 libpcre3_2:8.39-13 libperl5.32_5.32.1-6 libpipeline1_1.5.3-1 libpng-dev_1.6.37-3 libpng16-16_1.6.37-3 libprocps8_2:3.3.17-5 libpsl5_0.21.0-1.2 libquadmath0_11.2.0-10 librhash0_1.4.2-1 librtmp1_2.4+20151223.gitfa8646d.1-2+b2 libsasl2-2_2.1.27+dfsg-2.1 libsasl2-modules-db_2.1.27+dfsg-2.1 libseccomp2_2.5.2-2 libselinux1_3.1-3 libsemanage-common_3.1-1 libsemanage1_3.1-1+b2 libsepol1_3.1-1 libsigsegv2_2.13-1 libsmartcols1_2.37.2-4 libss2_1.46.4-1 libssh2-1_1.10.0-2 libssl1.1_1.1.1l-1 libstdc++-11-dev_11.2.0-10 libstdc++6_11.2.0-10 libsub-override-perl_0.09-2 libsystemd0_249.5-1 libtasn1-6_4.17.0-2 libtiff5_4.3.0-2 libtinfo6_6.2+20210905-1 libtirpc-common_1.3.2-2 libtirpc-dev_1.3.2-2 libtirpc3_1.3.2-2 libtool_2.4.6-15 libtsan0_11.2.0-10 libturbojpeg0_1:2.0.6-4 libturbojpeg0-dev_1:2.0.6-4 libubsan1_11.2.0-10 libuchardet0_0.0.7-1 libudev1_249.5-1 libunistring2_0.9.10-6 libunwind-12_1:12.0.1-15 libuuid1_2.37.2-4 libuv1_1.42.0-1 libwebp6_0.6.1-2.1 libwebpmux3_0.6.1-2.1 libxml2_2.9.12+dfsg-5 libxxhash0_0.8.0-2 libz3-4_4.8.12-1+b1 libzstd1_1.4.8+dfsg-3 linux-libc-dev_5.14.12-1 llvm-12-linker-tools_1:12.0.1-15 login_1:4.8.1-1 logsave_1.46.4-1 lsb-base_11.1.0 m4_1.4.18-5 make_4.3-4.1 man-db_2.9.4-2 mawk_1.3.4.20200120-2 mount_2.37.2-4 ncurses-base_6.2+20210905-1 ncurses-bin_6.2+20210905-1 passwd_1:4.8.1-1 patch_2.7.6-7 perl_5.32.1-6 perl-base_5.32.1-6 perl-modules-5.32_5.32.1-6 pkg-config_0.29.2-1 po-debconf_1.0.21+nmu1 procps_2:3.3.17-5 qt5-qmake_5.15.2+dfsg-12 qt5-qmake-bin_5.15.2+dfsg-12 qtchooser_66-2 rpcsvc-proto_1.4.2-4 sbuild-build-depends-main-dummy_0.invalid.0 sed_4.8-1 sensible-utils_0.0.17 sysvinit-utils_3.00-1 tar_1.34+dfsg-1 tzdata_2021e-1 util-linux_2.37.2-4 xz-utils_5.2.5-2 zlib1g_1:1.2.11.dfsg-2 zlib1g-dev_1:1.2.11.dfsg-2

+------------------------------------------------------------------------------+
| Build                                                                        |
+------------------------------------------------------------------------------+


Unpack source
-------------

-----BEGIN PGP SIGNED MESSAGE-----
Hash: SHA512

Format: 3.0 (quilt)
Source: k2pdfopt
Binary: k2pdfopt
Architecture: any
Version: 2.53+ds-1
Maintainer: Yangfl <mmyangfl@gmail.com>
Homepage: http://www.willus.com/k2pdfopt/
Standards-Version: 4.5.0
Vcs-Browser: https://salsa.debian.org/yangfl-guest/k2pdfopt
Vcs-Git: https://salsa.debian.org/yangfl-guest/k2pdfopt.git
Build-Depends: debhelper-compat (= 13), cmake, pkg-config, zlib1g-dev, libpng-dev, libjpeg-dev, libturbojpeg0-dev, libfreetype6-dev, libopenjp2-7-dev, libdjvulibre-dev, libleptonica-dev, libgsl-dev
Package-List:
 k2pdfopt deb utils optional arch=any
Checksums-Sha1:
 6b15fe5756f78fe51a89c53962f30b11e878efe6 747972 k2pdfopt_2.53+ds.orig.tar.xz
 05d28668eb5cd6506068ea5d90b5382186ab87bf 33376 k2pdfopt_2.53+ds-1.debian.tar.xz
Checksums-Sha256:
 a3be90921e8e34289323e0f3cd545a626330a2f3f17617d936bbd9ee44f73834 747972 k2pdfopt_2.53+ds.orig.tar.xz
 e4ba09bff5e2ee69023249ab76505a2f6e4012aa9aac12bdc82e22cd70b82cb0 33376 k2pdfopt_2.53+ds-1.debian.tar.xz
Files:
 923f776cac5f802169a77435804dc4cd 747972 k2pdfopt_2.53+ds.orig.tar.xz
 ccc14592d9029e0e25a94b6745f15f3a 33376 k2pdfopt_2.53+ds-1.debian.tar.xz

-----BEGIN PGP SIGNATURE-----

iQIzBAEBCgAdFiEEfncpR22H1vEdkazLwpPntGGCWs4FAl9a6pQACgkQwpPntGGC
Ws6Z+Q/6AoMvTE/S/kQTtHiT8Jxb9i6yxNUj9PQ6GEhdhs+72wjKmSENgUcx2ZlX
NB6tLleNT4DimFsin97DwANrErGTC1/wuJWJXWAiVf/eUWHWcfBMlpWPday0kvSu
crYpuO3owgTmtog4K4H13UzgcIdnRC4SKkryAphc5p3fbXAa3sZ4jr+plgjX5waT
B6T1me3Sx8+YE1CmNRxjl5o8Cqooo3WPQnFFv0AjfoKmR8UJ2mmNTlkMSBd9vztf
3co7GDVXcz2ob7914N+iKZWycEtcYbawnm3qlO76LpoONCLoFw1DksDNnNQzA3Q9
BW74+y79qWuXIRQFgJ20rMAY+/UEjyeRHnG1YOSaxR8gR7/lky3X+FHJZxwl+iuM
P0U8ApfRXoQ1snwOLoORejZgp9R9fXHWEoG2TZ0tmXqk4MeaLdKg0oE1BMp2rjnx
lts/v5Dv5id9laZGRF9I1kr2e6sS07UXpijK3HZPFIR9I2zPd0+PkoC0tZVF5kNQ
MxQFa040kTr/2Lo6LPcg3Ned/IlX7zydVC3lnFBuWXxMbGnIhNeZRj4pNc2Ps2I4
HwO7XbO0iTCdnFW5ZxN7HoDKsoE50CY+I32C64ZuZTT/fduvKlkIMGwVfBNgaLz2
fx7H9UXCkgbEfiljpFCP3RN9sOZ2lxQtNRXN/PoLPtc3T9OGzgA=
=KHu6
-----END PGP SIGNATURE-----

gpgv: unknown type of key resource 'trustedkeys.kbx'
gpgv: keyblock resource '/tmp/dpkg-verify-sig.dava0AR0/trustedkeys.kbx': General error
gpgv: Signature made Fri Sep 11 03:10:12 2020 UTC
gpgv:                using RSA key 7E7729476D87D6F11D91ACCBC293E7B461825ACE
gpgv: Can't check signature: No public key
dpkg-source: warning: failed to verify signature on ./k2pdfopt_2.53+ds-1.dsc
dpkg-source: info: extracting k2pdfopt in /<<PKGBUILDDIR>>
dpkg-source: info: unpacking k2pdfopt_2.53+ds.orig.tar.xz
dpkg-source: info: unpacking k2pdfopt_2.53+ds-1.debian.tar.xz
dpkg-source: info: using patch list from debian/patches/series
dpkg-source: info: applying 0001-CMakeLists.txt-bugs.patch
dpkg-source: info: applying 0002-CMakeLists.txt-no-mupdf.patch
dpkg-source: info: applying 0003-CMakeLists.txt-no-detect-ghostscript-at-compile-time.patch
dpkg-source: info: applying 0004-willuslib-CMakeLists.txt-typo.patch
dpkg-source: info: applying 0005-willuslib-use-system-leptonica.patch
dpkg-source: info: applying 0006-k2pdfopt.h-dst_ocr_visibility_flags-workaround.patch
dpkg-source: info: applying 0007-k2pdfoptlib-k2ocr.c-conditionally-enable-tesseract-r.patch
dpkg-source: info: applying 0008-willuslib-gslpolyfit.c-use-system-gsl.patch
dpkg-source: info: applying 0009-CMakeLists.txt-use-system-gocr.patch
dpkg-source: info: applying 0010-willuslib-use-system-djvu.patch

Check disk space
----------------

Sufficient free space for build

User Environment
----------------

APT_CONFIG=/var/lib/sbuild/apt.conf
HOME=/sbuild-nonexistent
LANG=C.UTF-8
LC_ALL=C.UTF-8
LOGNAME=user42
PATH=/usr/local/sbin:/usr/local/bin:/usr/sbin:/usr/bin:/sbin:/bin:/usr/games
SCHROOT_ALIAS_NAME=unstable
SCHROOT_CHROOT_NAME=sid-amd64-sbuild
SCHROOT_COMMAND=env
SCHROOT_GID=1001
SCHROOT_GROUP=user42
SCHROOT_SESSION_ID=sid-amd64-sbuild-57b5ca3a-8309-4591-9e6f-838c194d3859
SCHROOT_UID=1001
SCHROOT_USER=user42
SHELL=/bin/sh
USER=user42

dpkg-buildpackage
-----------------

Command: dpkg-buildpackage -us -uc -b -rfakeroot
dpkg-buildpackage: info: source package k2pdfopt
dpkg-buildpackage: info: source version 2.53+ds-1
dpkg-buildpackage: info: source distribution unstable
dpkg-buildpackage: info: source changed by Yangfl <mmyangfl@gmail.com>
 dpkg-source --before-build .
dpkg-buildpackage: info: host architecture amd64
 debian/rules clean
dh clean
   dh_clean
 debian/rules binary
dh binary
   dh_update_autotools_config
   dh_autoreconf
   dh_auto_configure
	cd obj-x86_64-linux-gnu && cmake -DCMAKE_INSTALL_PREFIX=/usr -DCMAKE_BUILD_TYPE=None -DCMAKE_INSTALL_SYSCONFDIR=/etc -DCMAKE_INSTALL_LOCALSTATEDIR=/var -DCMAKE_EXPORT_NO_PACKAGE_REGISTRY=ON -DCMAKE_FIND_USE_PACKAGE_REGISTRY=OFF -DCMAKE_FIND_PACKAGE_NO_PACKAGE_REGISTRY=ON -DCMAKE_INSTALL_RUNSTATEDIR=/run -DCMAKE_SKIP_INSTALL_ALL_DEPENDENCY=ON "-GUnix Makefiles" -DCMAKE_VERBOSE_MAKEFILE=ON -DCMAKE_INSTALL_LIBDIR=lib/x86_64-linux-gnu ..
-- The C compiler identification is Clang 12.0.1
-- Detecting C compiler ABI info
-- Detecting C compiler ABI info - done
-- Check for working C compiler: /usr/bin/cc - skipped
-- Detecting C compile features
-- Detecting C compile features - done
CMake Deprecation Warning at CMakeLists.txt:2 (cmake_minimum_required):
  Compatibility with CMake < 2.8.12 will be removed from a future version of
  CMake.

  Update the VERSION argument <min> value or use a ...<max> suffix to tell
  CMake that the project does not need compatibility with older versions.


-- Found PkgConfig: /usr/bin/pkg-config (found version "0.29.2") 
-- Found ZLIB: /usr/lib/x86_64-linux-gnu/libz.so (found version "1.2.11") 
-- Found PNG: /usr/lib/x86_64-linux-gnu/libpng.so (found version "1.6.37") 
-- Found JPEG: /usr/lib/x86_64-linux-gnu/libjpeg.so (found version "62") 
-- Could NOT find Jasper (missing: JASPER_LIBRARIES JASPER_INCLUDE_DIR) 
-- Checking for module 'gsl'
--   Found gsl, version 2.7
-- Checking for module 'ddjvuapi'
--   Found ddjvuapi, version 3.5.28
-- Checking for module 'lept'
--   Found lept, version 1.79.0
-- Checking for module 'tesseract'
--   No package 'tesseract' found
CMake Deprecation Warning at willuslib/CMakeLists.txt:2 (cmake_minimum_required):
  Compatibility with CMake < 2.8.12 will be removed from a future version of
  CMake.

  Update the VERSION argument <min> value or use a ...<max> suffix to tell
  CMake that the project does not need compatibility with older versions.


-- Willuslib sources: ansi.c;array.c;bmp.c;bmpdjvu.c;bmpmupdf.c;dtcompress.c;filelist.c;fontdata.c;fontrender.c;gslpolyfit.c;linux.c;math.c;mem.c;ocr.c;ocrgocr.c;ocrtess.c;pdfwrite.c;point2d.c;render.c;strbuf.c;string.c;token.c;wfile.c;wgs.c;wgui.c;willusversion.c;win.c;winbmp.c;wincomdlg.c;wininet.c;winmbox.c;winshell.c;winshellwapi.c;wleptonica.c;wmupdf.c;wmupdfinfo.c;wpdf.c;wsys.c;wzfile.c;bmpdjvu.c
CMake Deprecation Warning at k2pdfoptlib/CMakeLists.txt:2 (cmake_minimum_required):
  Compatibility with CMake < 2.8.12 will be removed from a future version of
  CMake.

  Update the VERSION argument <min> value or use a ...<max> suffix to tell
  CMake that the project does not need compatibility with older versions.



-- Summary --

General:
	C-flags:	'-g -O2 -ffile-prefix-map=/<<PKGBUILDDIR>>=. -fstack-protector-strong -Wformat -Werror=format-security -Wall -pedantic -Wdate-time -D_FORTIFY_SOURCE=2 -DUSE_CMAKE -Wall' (-DCMAKE_C_FLAGS="...")
	Build type:	None (-DCMAKE_BUILD_TYPE="...")

Install:
	Prefix:		'/usr' (-DCMAKE_INSTALL_PREFIX=...)
	Doc path:	'' (-DDOC_PATH=...)

-- Configuring done
-- Generating done
CMake Warning:
  Manually-specified variables were not used by the project:

    CMAKE_EXPORT_NO_PACKAGE_REGISTRY
    CMAKE_FIND_PACKAGE_NO_PACKAGE_REGISTRY
    CMAKE_INSTALL_LIBDIR
    CMAKE_INSTALL_LOCALSTATEDIR
    CMAKE_INSTALL_RUNSTATEDIR
    CMAKE_INSTALL_SYSCONFDIR


-- Build files have been written to: /<<PKGBUILDDIR>>/obj-x86_64-linux-gnu
   dh_auto_build
	cd obj-x86_64-linux-gnu && make -j4 "INSTALL=install --strip-program=true" VERBOSE=1
make[1]: Entering directory '/<<PKGBUILDDIR>>/obj-x86_64-linux-gnu'
/usr/bin/cmake -S/<<PKGBUILDDIR>> -B/<<PKGBUILDDIR>>/obj-x86_64-linux-gnu --check-build-system CMakeFiles/Makefile.cmake 0
/usr/bin/cmake -E cmake_progress_start /<<PKGBUILDDIR>>/obj-x86_64-linux-gnu/CMakeFiles /<<PKGBUILDDIR>>/obj-x86_64-linux-gnu//CMakeFiles/progress.marks
make  -f CMakeFiles/Makefile2 all
make[2]: Entering directory '/<<PKGBUILDDIR>>/obj-x86_64-linux-gnu'
make  -f k2pdfoptlib/CMakeFiles/k2pdfoptlib.dir/build.make k2pdfoptlib/CMakeFiles/k2pdfoptlib.dir/depend
make  -f willuslib/CMakeFiles/willuslib.dir/build.make willuslib/CMakeFiles/willuslib.dir/depend
make[3]: Entering directory '/<<PKGBUILDDIR>>/obj-x86_64-linux-gnu'
cd /<<PKGBUILDDIR>>/obj-x86_64-linux-gnu && /usr/bin/cmake -E cmake_depends "Unix Makefiles" /<<PKGBUILDDIR>> /<<PKGBUILDDIR>>/k2pdfoptlib /<<PKGBUILDDIR>>/obj-x86_64-linux-gnu /<<PKGBUILDDIR>>/obj-x86_64-linux-gnu/k2pdfoptlib /<<PKGBUILDDIR>>/obj-x86_64-linux-gnu/k2pdfoptlib/CMakeFiles/k2pdfoptlib.dir/DependInfo.cmake --color=
make[3]: Entering directory '/<<PKGBUILDDIR>>/obj-x86_64-linux-gnu'
cd /<<PKGBUILDDIR>>/obj-x86_64-linux-gnu && /usr/bin/cmake -E cmake_depends "Unix Makefiles" /<<PKGBUILDDIR>> /<<PKGBUILDDIR>>/willuslib /<<PKGBUILDDIR>>/obj-x86_64-linux-gnu /<<PKGBUILDDIR>>/obj-x86_64-linux-gnu/willuslib /<<PKGBUILDDIR>>/obj-x86_64-linux-gnu/willuslib/CMakeFiles/willuslib.dir/DependInfo.cmake --color=
make[3]: Leaving directory '/<<PKGBUILDDIR>>/obj-x86_64-linux-gnu'
make[3]: Leaving directory '/<<PKGBUILDDIR>>/obj-x86_64-linux-gnu'
make  -f k2pdfoptlib/CMakeFiles/k2pdfoptlib.dir/build.make k2pdfoptlib/CMakeFiles/k2pdfoptlib.dir/build
make  -f willuslib/CMakeFiles/willuslib.dir/build.make willuslib/CMakeFiles/willuslib.dir/build
make[3]: Entering directory '/<<PKGBUILDDIR>>/obj-x86_64-linux-gnu'
make[3]: Entering directory '/<<PKGBUILDDIR>>/obj-x86_64-linux-gnu'
[  2%] Building C object k2pdfoptlib/CMakeFiles/k2pdfoptlib.dir/k2bmp.c.o
[  2%] Building C object k2pdfoptlib/CMakeFiles/k2pdfoptlib.dir/bmpregion.c.o
[  5%] Building C object k2pdfoptlib/CMakeFiles/k2pdfoptlib.dir/devprofile.c.o
[  5%] Building C object willuslib/CMakeFiles/willuslib.dir/ansi.c.o
cd /<<PKGBUILDDIR>>/obj-x86_64-linux-gnu/k2pdfoptlib && /usr/bin/cc  -I/<<PKGBUILDDIR>>/. -I/<<PKGBUILDDIR>>/obj-x86_64-linux-gnu -I/<<PKGBUILDDIR>>/willuslib -I/<<PKGBUILDDIR>>/k2pdfoptlib -I/<<PKGBUILDDIR>>/k2pdfoptlib/.. -isystem /usr/include/leptonica -g -O2 -ffile-prefix-map=/<<PKGBUILDDIR>>=. -fstack-protector-strong -Wformat -Werror=format-security -Wall -pedantic -Wdate-time -D_FORTIFY_SOURCE=2 -DUSE_CMAKE -Wall -MD -MT k2pdfoptlib/CMakeFiles/k2pdfoptlib.dir/bmpregion.c.o -MF CMakeFiles/k2pdfoptlib.dir/bmpregion.c.o.d -o CMakeFiles/k2pdfoptlib.dir/bmpregion.c.o -c /<<PKGBUILDDIR>>/k2pdfoptlib/bmpregion.c
cd /<<PKGBUILDDIR>>/obj-x86_64-linux-gnu/k2pdfoptlib && /usr/bin/cc  -I/<<PKGBUILDDIR>>/. -I/<<PKGBUILDDIR>>/obj-x86_64-linux-gnu -I/<<PKGBUILDDIR>>/willuslib -I/<<PKGBUILDDIR>>/k2pdfoptlib -I/<<PKGBUILDDIR>>/k2pdfoptlib/.. -isystem /usr/include/leptonica -g -O2 -ffile-prefix-map=/<<PKGBUILDDIR>>=. -fstack-protector-strong -Wformat -Werror=format-security -Wall -pedantic -Wdate-time -D_FORTIFY_SOURCE=2 -DUSE_CMAKE -Wall -MD -MT k2pdfoptlib/CMakeFiles/k2pdfoptlib.dir/k2bmp.c.o -MF CMakeFiles/k2pdfoptlib.dir/k2bmp.c.o.d -o CMakeFiles/k2pdfoptlib.dir/k2bmp.c.o -c /<<PKGBUILDDIR>>/k2pdfoptlib/k2bmp.c
cd /<<PKGBUILDDIR>>/obj-x86_64-linux-gnu/willuslib && /usr/bin/cc  -I/<<PKGBUILDDIR>>/. -I/<<PKGBUILDDIR>>/obj-x86_64-linux-gnu -I/<<PKGBUILDDIR>>/willuslib -I/<<PKGBUILDDIR>>/k2pdfoptlib -I/<<PKGBUILDDIR>>/willuslib/.. -isystem /usr/include/leptonica -g -O2 -ffile-prefix-map=/<<PKGBUILDDIR>>=. -fstack-protector-strong -Wformat -Werror=format-security -Wall -pedantic -Wdate-time -D_FORTIFY_SOURCE=2 -DUSE_CMAKE -Wall -MD -MT willuslib/CMakeFiles/willuslib.dir/ansi.c.o -MF CMakeFiles/willuslib.dir/ansi.c.o.d -o CMakeFiles/willuslib.dir/ansi.c.o -c /<<PKGBUILDDIR>>/willuslib/ansi.c
cd /<<PKGBUILDDIR>>/obj-x86_64-linux-gnu/k2pdfoptlib && /usr/bin/cc  -I/<<PKGBUILDDIR>>/. -I/<<PKGBUILDDIR>>/obj-x86_64-linux-gnu -I/<<PKGBUILDDIR>>/willuslib -I/<<PKGBUILDDIR>>/k2pdfoptlib -I/<<PKGBUILDDIR>>/k2pdfoptlib/.. -isystem /usr/include/leptonica -g -O2 -ffile-prefix-map=/<<PKGBUILDDIR>>=. -fstack-protector-strong -Wformat -Werror=format-security -Wall -pedantic -Wdate-time -D_FORTIFY_SOURCE=2 -DUSE_CMAKE -Wall -MD -MT k2pdfoptlib/CMakeFiles/k2pdfoptlib.dir/devprofile.c.o -MF CMakeFiles/k2pdfoptlib.dir/devprofile.c.o.d -o CMakeFiles/k2pdfoptlib.dir/devprofile.c.o -c /<<PKGBUILDDIR>>/k2pdfoptlib/devprofile.c
/<<PKGBUILDDIR>>/k2pdfoptlib/bmpregion.c:1085:28: warning: using floating point absolute value function 'fabs' when argument is of integer type [-Wabsolute-value]
               if ((double)fabs(rmin-r1[j-textrow->c1])/textrow->lcheight > .1
                           ^
/<<PKGBUILDDIR>>/k2pdfoptlib/bmpregion.c:1085:28: note: use function 'abs' instead
               if ((double)fabs(rmin-r1[j-textrow->c1])/textrow->lcheight > .1
                           ^~~~
                           abs
[  7%] Building C object k2pdfoptlib/CMakeFiles/k2pdfoptlib.dir/k2file.c.o
cd /<<PKGBUILDDIR>>/obj-x86_64-linux-gnu/k2pdfoptlib && /usr/bin/cc  -I/<<PKGBUILDDIR>>/. -I/<<PKGBUILDDIR>>/obj-x86_64-linux-gnu -I/<<PKGBUILDDIR>>/willuslib -I/<<PKGBUILDDIR>>/k2pdfoptlib -I/<<PKGBUILDDIR>>/k2pdfoptlib/.. -isystem /usr/include/leptonica -g -O2 -ffile-prefix-map=/<<PKGBUILDDIR>>=. -fstack-protector-strong -Wformat -Werror=format-security -Wall -pedantic -Wdate-time -D_FORTIFY_SOURCE=2 -DUSE_CMAKE -Wall -MD -MT k2pdfoptlib/CMakeFiles/k2pdfoptlib.dir/k2file.c.o -MF CMakeFiles/k2pdfoptlib.dir/k2file.c.o.d -o CMakeFiles/k2pdfoptlib.dir/k2file.c.o -c /<<PKGBUILDDIR>>/k2pdfoptlib/k2file.c
/<<PKGBUILDDIR>>/k2pdfoptlib/k2bmp.c:1815:13: warning: unused function 'bmp_convert_to_monochrome' [-Wunused-function]
static void bmp_convert_to_monochrome(WILLUSBITMAP *bmp,int whitethresh)
            ^
[  8%] Building C object willuslib/CMakeFiles/willuslib.dir/array.c.o
cd /<<PKGBUILDDIR>>/obj-x86_64-linux-gnu/willuslib && /usr/bin/cc  -I/<<PKGBUILDDIR>>/. -I/<<PKGBUILDDIR>>/obj-x86_64-linux-gnu -I/<<PKGBUILDDIR>>/willuslib -I/<<PKGBUILDDIR>>/k2pdfoptlib -I/<<PKGBUILDDIR>>/willuslib/.. -isystem /usr/include/leptonica -g -O2 -ffile-prefix-map=/<<PKGBUILDDIR>>=. -fstack-protector-strong -Wformat -Werror=format-security -Wall -pedantic -Wdate-time -D_FORTIFY_SOURCE=2 -DUSE_CMAKE -Wall -MD -MT willuslib/CMakeFiles/willuslib.dir/array.c.o -MF CMakeFiles/willuslib.dir/array.c.o.d -o CMakeFiles/willuslib.dir/array.c.o -c /<<PKGBUILDDIR>>/willuslib/array.c
[ 10%] Building C object k2pdfoptlib/CMakeFiles/k2pdfoptlib.dir/k2files.c.o
cd /<<PKGBUILDDIR>>/obj-x86_64-linux-gnu/k2pdfoptlib && /usr/bin/cc  -I/<<PKGBUILDDIR>>/. -I/<<PKGBUILDDIR>>/obj-x86_64-linux-gnu -I/<<PKGBUILDDIR>>/willuslib -I/<<PKGBUILDDIR>>/k2pdfoptlib -I/<<PKGBUILDDIR>>/k2pdfoptlib/.. -isystem /usr/include/leptonica -g -O2 -ffile-prefix-map=/<<PKGBUILDDIR>>=. -fstack-protector-strong -Wformat -Werror=format-security -Wall -pedantic -Wdate-time -D_FORTIFY_SOURCE=2 -DUSE_CMAKE -Wall -MD -MT k2pdfoptlib/CMakeFiles/k2pdfoptlib.dir/k2files.c.o -MF CMakeFiles/k2pdfoptlib.dir/k2files.c.o.d -o CMakeFiles/k2pdfoptlib.dir/k2files.c.o -c /<<PKGBUILDDIR>>/k2pdfoptlib/k2files.c
[ 11%] Building C object k2pdfoptlib/CMakeFiles/k2pdfoptlib.dir/k2gui_cbox.c.o
cd /<<PKGBUILDDIR>>/obj-x86_64-linux-gnu/k2pdfoptlib && /usr/bin/cc  -I/<<PKGBUILDDIR>>/. -I/<<PKGBUILDDIR>>/obj-x86_64-linux-gnu -I/<<PKGBUILDDIR>>/willuslib -I/<<PKGBUILDDIR>>/k2pdfoptlib -I/<<PKGBUILDDIR>>/k2pdfoptlib/.. -isystem /usr/include/leptonica -g -O2 -ffile-prefix-map=/<<PKGBUILDDIR>>=. -fstack-protector-strong -Wformat -Werror=format-security -Wall -pedantic -Wdate-time -D_FORTIFY_SOURCE=2 -DUSE_CMAKE -Wall -MD -MT k2pdfoptlib/CMakeFiles/k2pdfoptlib.dir/k2gui_cbox.c.o -MF CMakeFiles/k2pdfoptlib.dir/k2gui_cbox.c.o.d -o CMakeFiles/k2pdfoptlib.dir/k2gui_cbox.c.o -c /<<PKGBUILDDIR>>/k2pdfoptlib/k2gui_cbox.c
1 warning generated.
[ 13%] Building C object k2pdfoptlib/CMakeFiles/k2pdfoptlib.dir/k2gui_osdep.c.o
cd /<<PKGBUILDDIR>>/obj-x86_64-linux-gnu/k2pdfoptlib && /usr/bin/cc  -I/<<PKGBUILDDIR>>/. -I/<<PKGBUILDDIR>>/obj-x86_64-linux-gnu -I/<<PKGBUILDDIR>>/willuslib -I/<<PKGBUILDDIR>>/k2pdfoptlib -I/<<PKGBUILDDIR>>/k2pdfoptlib/.. -isystem /usr/include/leptonica -g -O2 -ffile-prefix-map=/<<PKGBUILDDIR>>=. -fstack-protector-strong -Wformat -Werror=format-security -Wall -pedantic -Wdate-time -D_FORTIFY_SOURCE=2 -DUSE_CMAKE -Wall -MD -MT k2pdfoptlib/CMakeFiles/k2pdfoptlib.dir/k2gui_osdep.c.o -MF CMakeFiles/k2pdfoptlib.dir/k2gui_osdep.c.o.d -o CMakeFiles/k2pdfoptlib.dir/k2gui_osdep.c.o -c /<<PKGBUILDDIR>>/k2pdfoptlib/k2gui_osdep.c
[ 14%] Building C object willuslib/CMakeFiles/willuslib.dir/bmp.c.o
cd /<<PKGBUILDDIR>>/obj-x86_64-linux-gnu/willuslib && /usr/bin/cc  -I/<<PKGBUILDDIR>>/. -I/<<PKGBUILDDIR>>/obj-x86_64-linux-gnu -I/<<PKGBUILDDIR>>/willuslib -I/<<PKGBUILDDIR>>/k2pdfoptlib -I/<<PKGBUILDDIR>>/willuslib/.. -isystem /usr/include/leptonica -g -O2 -ffile-prefix-map=/<<PKGBUILDDIR>>=. -fstack-protector-strong -Wformat -Werror=format-security -Wall -pedantic -Wdate-time -D_FORTIFY_SOURCE=2 -DUSE_CMAKE -Wall -MD -MT willuslib/CMakeFiles/willuslib.dir/bmp.c.o -MF CMakeFiles/willuslib.dir/bmp.c.o.d -o CMakeFiles/willuslib.dir/bmp.c.o -c /<<PKGBUILDDIR>>/willuslib/bmp.c
[ 15%] Building C object k2pdfoptlib/CMakeFiles/k2pdfoptlib.dir/k2mark.c.o
cd /<<PKGBUILDDIR>>/obj-x86_64-linux-gnu/k2pdfoptlib && /usr/bin/cc  -I/<<PKGBUILDDIR>>/. -I/<<PKGBUILDDIR>>/obj-x86_64-linux-gnu -I/<<PKGBUILDDIR>>/willuslib -I/<<PKGBUILDDIR>>/k2pdfoptlib -I/<<PKGBUILDDIR>>/k2pdfoptlib/.. -isystem /usr/include/leptonica -g -O2 -ffile-prefix-map=/<<PKGBUILDDIR>>=. -fstack-protector-strong -Wformat -Werror=format-security -Wall -pedantic -Wdate-time -D_FORTIFY_SOURCE=2 -DUSE_CMAKE -Wall -MD -MT k2pdfoptlib/CMakeFiles/k2pdfoptlib.dir/k2mark.c.o -MF CMakeFiles/k2pdfoptlib.dir/k2mark.c.o.d -o CMakeFiles/k2pdfoptlib.dir/k2mark.c.o -c /<<PKGBUILDDIR>>/k2pdfoptlib/k2mark.c
[ 17%] Building C object k2pdfoptlib/CMakeFiles/k2pdfoptlib.dir/k2master.c.o
cd /<<PKGBUILDDIR>>/obj-x86_64-linux-gnu/k2pdfoptlib && /usr/bin/cc  -I/<<PKGBUILDDIR>>/. -I/<<PKGBUILDDIR>>/obj-x86_64-linux-gnu -I/<<PKGBUILDDIR>>/willuslib -I/<<PKGBUILDDIR>>/k2pdfoptlib -I/<<PKGBUILDDIR>>/k2pdfoptlib/.. -isystem /usr/include/leptonica -g -O2 -ffile-prefix-map=/<<PKGBUILDDIR>>=. -fstack-protector-strong -Wformat -Werror=format-security -Wall -pedantic -Wdate-time -D_FORTIFY_SOURCE=2 -DUSE_CMAKE -Wall -MD -MT k2pdfoptlib/CMakeFiles/k2pdfoptlib.dir/k2master.c.o -MF CMakeFiles/k2pdfoptlib.dir/k2master.c.o.d -o CMakeFiles/k2pdfoptlib.dir/k2master.c.o -c /<<PKGBUILDDIR>>/k2pdfoptlib/k2master.c
1 warning generated.
[ 18%] Building C object k2pdfoptlib/CMakeFiles/k2pdfoptlib.dir/k2mem.c.o
cd /<<PKGBUILDDIR>>/obj-x86_64-linux-gnu/k2pdfoptlib && /usr/bin/cc  -I/<<PKGBUILDDIR>>/. -I/<<PKGBUILDDIR>>/obj-x86_64-linux-gnu -I/<<PKGBUILDDIR>>/willuslib -I/<<PKGBUILDDIR>>/k2pdfoptlib -I/<<PKGBUILDDIR>>/k2pdfoptlib/.. -isystem /usr/include/leptonica -g -O2 -ffile-prefix-map=/<<PKGBUILDDIR>>=. -fstack-protector-strong -Wformat -Werror=format-security -Wall -pedantic -Wdate-time -D_FORTIFY_SOURCE=2 -DUSE_CMAKE -Wall -MD -MT k2pdfoptlib/CMakeFiles/k2pdfoptlib.dir/k2mem.c.o -MF CMakeFiles/k2pdfoptlib.dir/k2mem.c.o.d -o CMakeFiles/k2pdfoptlib.dir/k2mem.c.o -c /<<PKGBUILDDIR>>/k2pdfoptlib/k2mem.c
[ 20%] Building C object k2pdfoptlib/CMakeFiles/k2pdfoptlib.dir/k2menu.c.o
cd /<<PKGBUILDDIR>>/obj-x86_64-linux-gnu/k2pdfoptlib && /usr/bin/cc  -I/<<PKGBUILDDIR>>/. -I/<<PKGBUILDDIR>>/obj-x86_64-linux-gnu -I/<<PKGBUILDDIR>>/willuslib -I/<<PKGBUILDDIR>>/k2pdfoptlib -I/<<PKGBUILDDIR>>/k2pdfoptlib/.. -isystem /usr/include/leptonica -g -O2 -ffile-prefix-map=/<<PKGBUILDDIR>>=. -fstack-protector-strong -Wformat -Werror=format-security -Wall -pedantic -Wdate-time -D_FORTIFY_SOURCE=2 -DUSE_CMAKE -Wall -MD -MT k2pdfoptlib/CMakeFiles/k2pdfoptlib.dir/k2menu.c.o -MF CMakeFiles/k2pdfoptlib.dir/k2menu.c.o.d -o CMakeFiles/k2pdfoptlib.dir/k2menu.c.o -c /<<PKGBUILDDIR>>/k2pdfoptlib/k2menu.c
[ 21%] Building C object k2pdfoptlib/CMakeFiles/k2pdfoptlib.dir/k2ocr.c.o
cd /<<PKGBUILDDIR>>/obj-x86_64-linux-gnu/k2pdfoptlib && /usr/bin/cc  -I/<<PKGBUILDDIR>>/. -I/<<PKGBUILDDIR>>/obj-x86_64-linux-gnu -I/<<PKGBUILDDIR>>/willuslib -I/<<PKGBUILDDIR>>/k2pdfoptlib -I/<<PKGBUILDDIR>>/k2pdfoptlib/.. -isystem /usr/include/leptonica -g -O2 -ffile-prefix-map=/<<PKGBUILDDIR>>=. -fstack-protector-strong -Wformat -Werror=format-security -Wall -pedantic -Wdate-time -D_FORTIFY_SOURCE=2 -DUSE_CMAKE -Wall -MD -MT k2pdfoptlib/CMakeFiles/k2pdfoptlib.dir/k2ocr.c.o -MF CMakeFiles/k2pdfoptlib.dir/k2ocr.c.o.d -o CMakeFiles/k2pdfoptlib.dir/k2ocr.c.o -c /<<PKGBUILDDIR>>/k2pdfoptlib/k2ocr.c
/<<PKGBUILDDIR>>/k2pdfoptlib/k2ocr.c:74:17: warning: unused variable 'ocrinitmessage' [-Wunused-variable]
    static char ocrinitmessage[256];
                ^
/<<PKGBUILDDIR>>/k2pdfoptlib/k2ocr.c:73:18: warning: unused variable 'funcname' [-Wunused-variable]
    static char *funcname="k2ocr_init";
                 ^
/<<PKGBUILDDIR>>/k2pdfoptlib/k2ocr.c:75:17: warning: unused variable 'logfilename' [-Wunused-variable]
    static char logfilename[256];
                ^
/<<PKGBUILDDIR>>/k2pdfoptlib/k2ocr.c:29:12: warning: unused variable 'k2ocr_gocr_inited' [-Wunused-variable]
static int k2ocr_gocr_inited=0;
           ^
[ 23%] Building C object k2pdfoptlib/CMakeFiles/k2pdfoptlib.dir/k2parsecmd.c.o
cd /<<PKGBUILDDIR>>/obj-x86_64-linux-gnu/k2pdfoptlib && /usr/bin/cc  -I/<<PKGBUILDDIR>>/. -I/<<PKGBUILDDIR>>/obj-x86_64-linux-gnu -I/<<PKGBUILDDIR>>/willuslib -I/<<PKGBUILDDIR>>/k2pdfoptlib -I/<<PKGBUILDDIR>>/k2pdfoptlib/.. -isystem /usr/include/leptonica -g -O2 -ffile-prefix-map=/<<PKGBUILDDIR>>=. -fstack-protector-strong -Wformat -Werror=format-security -Wall -pedantic -Wdate-time -D_FORTIFY_SOURCE=2 -DUSE_CMAKE -Wall -MD -MT k2pdfoptlib/CMakeFiles/k2pdfoptlib.dir/k2parsecmd.c.o -MF CMakeFiles/k2pdfoptlib.dir/k2parsecmd.c.o.d -o CMakeFiles/k2pdfoptlib.dir/k2parsecmd.c.o -c /<<PKGBUILDDIR>>/k2pdfoptlib/k2parsecmd.c
4 warnings generated.
[ 24%] Building C object k2pdfoptlib/CMakeFiles/k2pdfoptlib.dir/k2proc.c.o
cd /<<PKGBUILDDIR>>/obj-x86_64-linux-gnu/k2pdfoptlib && /usr/bin/cc  -I/<<PKGBUILDDIR>>/. -I/<<PKGBUILDDIR>>/obj-x86_64-linux-gnu -I/<<PKGBUILDDIR>>/willuslib -I/<<PKGBUILDDIR>>/k2pdfoptlib -I/<<PKGBUILDDIR>>/k2pdfoptlib/.. -isystem /usr/include/leptonica -g -O2 -ffile-prefix-map=/<<PKGBUILDDIR>>=. -fstack-protector-strong -Wformat -Werror=format-security -Wall -pedantic -Wdate-time -D_FORTIFY_SOURCE=2 -DUSE_CMAKE -Wall -MD -MT k2pdfoptlib/CMakeFiles/k2pdfoptlib.dir/k2proc.c.o -MF CMakeFiles/k2pdfoptlib.dir/k2proc.c.o.d -o CMakeFiles/k2pdfoptlib.dir/k2proc.c.o -c /<<PKGBUILDDIR>>/k2pdfoptlib/k2proc.c
[ 26%] Building C object willuslib/CMakeFiles/willuslib.dir/bmpdjvu.c.o
cd /<<PKGBUILDDIR>>/obj-x86_64-linux-gnu/willuslib && /usr/bin/cc  -I/<<PKGBUILDDIR>>/. -I/<<PKGBUILDDIR>>/obj-x86_64-linux-gnu -I/<<PKGBUILDDIR>>/willuslib -I/<<PKGBUILDDIR>>/k2pdfoptlib -I/<<PKGBUILDDIR>>/willuslib/.. -isystem /usr/include/leptonica -g -O2 -ffile-prefix-map=/<<PKGBUILDDIR>>=. -fstack-protector-strong -Wformat -Werror=format-security -Wall -pedantic -Wdate-time -D_FORTIFY_SOURCE=2 -DUSE_CMAKE -Wall -MD -MT willuslib/CMakeFiles/willuslib.dir/bmpdjvu.c.o -MF CMakeFiles/willuslib.dir/bmpdjvu.c.o.d -o CMakeFiles/willuslib.dir/bmpdjvu.c.o -c /<<PKGBUILDDIR>>/willuslib/bmpdjvu.c
/<<PKGBUILDDIR>>/willuslib/bmpdjvu.c:222:15: warning: incompatible integer to pointer conversion returning 'int' from a function with result type 'WPDFOUTLINE *' (aka 'struct wpdfoutline_s *') [-Wint-conversion]
        return(-1);
              ^~~~
/<<PKGBUILDDIR>>/willuslib/bmpdjvu.c:227:15: warning: incompatible integer to pointer conversion returning 'int' from a function with result type 'WPDFOUTLINE *' (aka 'struct wpdfoutline_s *') [-Wint-conversion]
        return(-2);
              ^~~~
/<<PKGBUILDDIR>>/willuslib/bmpdjvu.c:338:19: warning: unused variable 'page' [-Wunused-variable]
    ddjvu_page_t *page;
                  ^
/<<PKGBUILDDIR>>/willuslib/bmpdjvu.c:339:15: warning: unused variable 'dtext' [-Wunused-variable]
    miniexp_t dtext;
              ^
4 warnings generated.
[ 27%] Building C object willuslib/CMakeFiles/willuslib.dir/bmpmupdf.c.o
cd /<<PKGBUILDDIR>>/obj-x86_64-linux-gnu/willuslib && /usr/bin/cc  -I/<<PKGBUILDDIR>>/. -I/<<PKGBUILDDIR>>/obj-x86_64-linux-gnu -I/<<PKGBUILDDIR>>/willuslib -I/<<PKGBUILDDIR>>/k2pdfoptlib -I/<<PKGBUILDDIR>>/willuslib/.. -isystem /usr/include/leptonica -g -O2 -ffile-prefix-map=/<<PKGBUILDDIR>>=. -fstack-protector-strong -Wformat -Werror=format-security -Wall -pedantic -Wdate-time -D_FORTIFY_SOURCE=2 -DUSE_CMAKE -Wall -MD -MT willuslib/CMakeFiles/willuslib.dir/bmpmupdf.c.o -MF CMakeFiles/willuslib.dir/bmpmupdf.c.o.d -o CMakeFiles/willuslib.dir/bmpmupdf.c.o -c /<<PKGBUILDDIR>>/willuslib/bmpmupdf.c
[ 28%] Building C object willuslib/CMakeFiles/willuslib.dir/dtcompress.c.o
cd /<<PKGBUILDDIR>>/obj-x86_64-linux-gnu/willuslib && /usr/bin/cc  -I/<<PKGBUILDDIR>>/. -I/<<PKGBUILDDIR>>/obj-x86_64-linux-gnu -I/<<PKGBUILDDIR>>/willuslib -I/<<PKGBUILDDIR>>/k2pdfoptlib -I/<<PKGBUILDDIR>>/willuslib/.. -isystem /usr/include/leptonica -g -O2 -ffile-prefix-map=/<<PKGBUILDDIR>>=. -fstack-protector-strong -Wformat -Werror=format-security -Wall -pedantic -Wdate-time -D_FORTIFY_SOURCE=2 -DUSE_CMAKE -Wall -MD -MT willuslib/CMakeFiles/willuslib.dir/dtcompress.c.o -MF CMakeFiles/willuslib.dir/dtcompress.c.o.d -o CMakeFiles/willuslib.dir/dtcompress.c.o -c /<<PKGBUILDDIR>>/willuslib/dtcompress.c
/<<PKGBUILDDIR>>/willuslib/dtcompress.c:197:17: warning: arithmetic on a pointer to void is a GNU extension [-Wpointer-arith]
            buf += n;
            ~~~ ^
1 warning generated.
[ 30%] Building C object willuslib/CMakeFiles/willuslib.dir/filelist.c.o
cd /<<PKGBUILDDIR>>/obj-x86_64-linux-gnu/willuslib && /usr/bin/cc  -I/<<PKGBUILDDIR>>/. -I/<<PKGBUILDDIR>>/obj-x86_64-linux-gnu -I/<<PKGBUILDDIR>>/willuslib -I/<<PKGBUILDDIR>>/k2pdfoptlib -I/<<PKGBUILDDIR>>/willuslib/.. -isystem /usr/include/leptonica -g -O2 -ffile-prefix-map=/<<PKGBUILDDIR>>=. -fstack-protector-strong -Wformat -Werror=format-security -Wall -pedantic -Wdate-time -D_FORTIFY_SOURCE=2 -DUSE_CMAKE -Wall -MD -MT willuslib/CMakeFiles/willuslib.dir/filelist.c.o -MF CMakeFiles/willuslib.dir/filelist.c.o.d -o CMakeFiles/willuslib.dir/filelist.c.o -c /<<PKGBUILDDIR>>/willuslib/filelist.c
/<<PKGBUILDDIR>>/willuslib/filelist.c:1061:5: warning: ignoring return value of function declared with 'warn_unused_result' attribute [-Wunused-result]
    system(cmd);
    ^~~~~~ ~~~
/<<PKGBUILDDIR>>/willuslib/filelist.c:1278:5: warning: ignoring return value of function declared with 'warn_unused_result' attribute [-Wunused-result]
    system(cmd);
    ^~~~~~ ~~~
/<<PKGBUILDDIR>>/willuslib/filelist.c:1727:5: warning: ignoring return value of function declared with 'warn_unused_result' attribute [-Wunused-result]
    system(cmd);
    ^~~~~~ ~~~
[ 31%] Building C object k2pdfoptlib/CMakeFiles/k2pdfoptlib.dir/k2publish.c.o
cd /<<PKGBUILDDIR>>/obj-x86_64-linux-gnu/k2pdfoptlib && /usr/bin/cc  -I/<<PKGBUILDDIR>>/. -I/<<PKGBUILDDIR>>/obj-x86_64-linux-gnu -I/<<PKGBUILDDIR>>/willuslib -I/<<PKGBUILDDIR>>/k2pdfoptlib -I/<<PKGBUILDDIR>>/k2pdfoptlib/.. -isystem /usr/include/leptonica -g -O2 -ffile-prefix-map=/<<PKGBUILDDIR>>=. -fstack-protector-strong -Wformat -Werror=format-security -Wall -pedantic -Wdate-time -D_FORTIFY_SOURCE=2 -DUSE_CMAKE -Wall -MD -MT k2pdfoptlib/CMakeFiles/k2pdfoptlib.dir/k2publish.c.o -MF CMakeFiles/k2pdfoptlib.dir/k2publish.c.o.d -o CMakeFiles/k2pdfoptlib.dir/k2publish.c.o -c /<<PKGBUILDDIR>>/k2pdfoptlib/k2publish.c
[ 33%] Building C object k2pdfoptlib/CMakeFiles/k2pdfoptlib.dir/k2settings.c.o
cd /<<PKGBUILDDIR>>/obj-x86_64-linux-gnu/k2pdfoptlib && /usr/bin/cc  -I/<<PKGBUILDDIR>>/. -I/<<PKGBUILDDIR>>/obj-x86_64-linux-gnu -I/<<PKGBUILDDIR>>/willuslib -I/<<PKGBUILDDIR>>/k2pdfoptlib -I/<<PKGBUILDDIR>>/k2pdfoptlib/.. -isystem /usr/include/leptonica -g -O2 -ffile-prefix-map=/<<PKGBUILDDIR>>=. -fstack-protector-strong -Wformat -Werror=format-security -Wall -pedantic -Wdate-time -D_FORTIFY_SOURCE=2 -DUSE_CMAKE -Wall -MD -MT k2pdfoptlib/CMakeFiles/k2pdfoptlib.dir/k2settings.c.o -MF CMakeFiles/k2pdfoptlib.dir/k2settings.c.o.d -o CMakeFiles/k2pdfoptlib.dir/k2settings.c.o -c /<<PKGBUILDDIR>>/k2pdfoptlib/k2settings.c
[ 34%] Building C object k2pdfoptlib/CMakeFiles/k2pdfoptlib.dir/k2settings2cmd.c.o
cd /<<PKGBUILDDIR>>/obj-x86_64-linux-gnu/k2pdfoptlib && /usr/bin/cc  -I/<<PKGBUILDDIR>>/. -I/<<PKGBUILDDIR>>/obj-x86_64-linux-gnu -I/<<PKGBUILDDIR>>/willuslib -I/<<PKGBUILDDIR>>/k2pdfoptlib -I/<<PKGBUILDDIR>>/k2pdfoptlib/.. -isystem /usr/include/leptonica -g -O2 -ffile-prefix-map=/<<PKGBUILDDIR>>=. -fstack-protector-strong -Wformat -Werror=format-security -Wall -pedantic -Wdate-time -D_FORTIFY_SOURCE=2 -DUSE_CMAKE -Wall -MD -MT k2pdfoptlib/CMakeFiles/k2pdfoptlib.dir/k2settings2cmd.c.o -MF CMakeFiles/k2pdfoptlib.dir/k2settings2cmd.c.o.d -o CMakeFiles/k2pdfoptlib.dir/k2settings2cmd.c.o -c /<<PKGBUILDDIR>>/k2pdfoptlib/k2settings2cmd.c
[ 36%] Building C object k2pdfoptlib/CMakeFiles/k2pdfoptlib.dir/k2sys.c.o
cd /<<PKGBUILDDIR>>/obj-x86_64-linux-gnu/k2pdfoptlib && /usr/bin/cc  -I/<<PKGBUILDDIR>>/. -I/<<PKGBUILDDIR>>/obj-x86_64-linux-gnu -I/<<PKGBUILDDIR>>/willuslib -I/<<PKGBUILDDIR>>/k2pdfoptlib -I/<<PKGBUILDDIR>>/k2pdfoptlib/.. -isystem /usr/include/leptonica -g -O2 -ffile-prefix-map=/<<PKGBUILDDIR>>=. -fstack-protector-strong -Wformat -Werror=format-security -Wall -pedantic -Wdate-time -D_FORTIFY_SOURCE=2 -DUSE_CMAKE -Wall -MD -MT k2pdfoptlib/CMakeFiles/k2pdfoptlib.dir/k2sys.c.o -MF CMakeFiles/k2pdfoptlib.dir/k2sys.c.o.d -o CMakeFiles/k2pdfoptlib.dir/k2sys.c.o -c /<<PKGBUILDDIR>>/k2pdfoptlib/k2sys.c
/<<PKGBUILDDIR>>/k2pdfoptlib/k2sys.c:117:17: warning: expansion of date or time macro is not reproducible [-Wdate-time]
    strcpy(date,__DATE__);
                ^
/<<PKGBUILDDIR>>/k2pdfoptlib/k2sys.c:139:12: warning: expansion of date or time macro is not reproducible [-Wdate-time]
           __DATE__,k2pdfopt_compiler,k2pdfopt_os,k2pdfopt_chip);
           ^
/<<PKGBUILDDIR>>/k2pdfoptlib/k2sys.c:148:12: warning: expansion of date or time macro is not reproducible [-Wdate-time]
           __DATE__,k2pdfopt_compiler,k2pdfopt_os,k2pdfopt_chip);
           ^
3 warnings generated.
[ 37%] Building C object k2pdfoptlib/CMakeFiles/k2pdfoptlib.dir/k2usage.c.o
cd /<<PKGBUILDDIR>>/obj-x86_64-linux-gnu/k2pdfoptlib && /usr/bin/cc  -I/<<PKGBUILDDIR>>/. -I/<<PKGBUILDDIR>>/obj-x86_64-linux-gnu -I/<<PKGBUILDDIR>>/willuslib -I/<<PKGBUILDDIR>>/k2pdfoptlib -I/<<PKGBUILDDIR>>/k2pdfoptlib/.. -isystem /usr/include/leptonica -g -O2 -ffile-prefix-map=/<<PKGBUILDDIR>>=. -fstack-protector-strong -Wformat -Werror=format-security -Wall -pedantic -Wdate-time -D_FORTIFY_SOURCE=2 -DUSE_CMAKE -Wall -MD -MT k2pdfoptlib/CMakeFiles/k2pdfoptlib.dir/k2usage.c.o -MF CMakeFiles/k2pdfoptlib.dir/k2usage.c.o.d -o CMakeFiles/k2pdfoptlib.dir/k2usage.c.o -c /<<PKGBUILDDIR>>/k2pdfoptlib/k2usage.c
/<<PKGBUILDDIR>>/k2pdfoptlib/k2usage.c:48:1: warning: string literal of length 59548 exceeds maximum length 4095 that ISO C99 compilers are required to support [-Woverlength-strings]
"-?[-] [pattern]   Show [don't show] usage only (no file processing).\n"
^~~~~~~~~~~~~~~~~~~~~~~~~~~~~~~~~~~~~~~~~~~~~~~~~~~~~~~~~~~~~~~~~~~~~~~~
[ 39%] Building C object k2pdfoptlib/CMakeFiles/k2pdfoptlib.dir/k2version.c.o
cd /<<PKGBUILDDIR>>/obj-x86_64-linux-gnu/k2pdfoptlib && /usr/bin/cc  -I/<<PKGBUILDDIR>>/. -I/<<PKGBUILDDIR>>/obj-x86_64-linux-gnu -I/<<PKGBUILDDIR>>/willuslib -I/<<PKGBUILDDIR>>/k2pdfoptlib -I/<<PKGBUILDDIR>>/k2pdfoptlib/.. -isystem /usr/include/leptonica -g -O2 -ffile-prefix-map=/<<PKGBUILDDIR>>=. -fstack-protector-strong -Wformat -Werror=format-security -Wall -pedantic -Wdate-time -D_FORTIFY_SOURCE=2 -DUSE_CMAKE -Wall -MD -MT k2pdfoptlib/CMakeFiles/k2pdfoptlib.dir/k2version.c.o -MF CMakeFiles/k2pdfoptlib.dir/k2version.c.o.d -o CMakeFiles/k2pdfoptlib.dir/k2version.c.o -c /<<PKGBUILDDIR>>/k2pdfoptlib/k2version.c
[ 40%] Building C object k2pdfoptlib/CMakeFiles/k2pdfoptlib.dir/pagelist.c.o
cd /<<PKGBUILDDIR>>/obj-x86_64-linux-gnu/k2pdfoptlib && /usr/bin/cc  -I/<<PKGBUILDDIR>>/. -I/<<PKGBUILDDIR>>/obj-x86_64-linux-gnu -I/<<PKGBUILDDIR>>/willuslib -I/<<PKGBUILDDIR>>/k2pdfoptlib -I/<<PKGBUILDDIR>>/k2pdfoptlib/.. -isystem /usr/include/leptonica -g -O2 -ffile-prefix-map=/<<PKGBUILDDIR>>=. -fstack-protector-strong -Wformat -Werror=format-security -Wall -pedantic -Wdate-time -D_FORTIFY_SOURCE=2 -DUSE_CMAKE -Wall -MD -MT k2pdfoptlib/CMakeFiles/k2pdfoptlib.dir/pagelist.c.o -MF CMakeFiles/k2pdfoptlib.dir/pagelist.c.o.d -o CMakeFiles/k2pdfoptlib.dir/pagelist.c.o -c /<<PKGBUILDDIR>>/k2pdfoptlib/pagelist.c
1 warning generated.
[ 42%] Building C object k2pdfoptlib/CMakeFiles/k2pdfoptlib.dir/pageregions.c.o
cd /<<PKGBUILDDIR>>/obj-x86_64-linux-gnu/k2pdfoptlib && /usr/bin/cc  -I/<<PKGBUILDDIR>>/. -I/<<PKGBUILDDIR>>/obj-x86_64-linux-gnu -I/<<PKGBUILDDIR>>/willuslib -I/<<PKGBUILDDIR>>/k2pdfoptlib -I/<<PKGBUILDDIR>>/k2pdfoptlib/.. -isystem /usr/include/leptonica -g -O2 -ffile-prefix-map=/<<PKGBUILDDIR>>=. -fstack-protector-strong -Wformat -Werror=format-security -Wall -pedantic -Wdate-time -D_FORTIFY_SOURCE=2 -DUSE_CMAKE -Wall -MD -MT k2pdfoptlib/CMakeFiles/k2pdfoptlib.dir/pageregions.c.o -MF CMakeFiles/k2pdfoptlib.dir/pageregions.c.o.d -o CMakeFiles/k2pdfoptlib.dir/pageregions.c.o -c /<<PKGBUILDDIR>>/k2pdfoptlib/pageregions.c
3 warnings generated.
[ 43%] Building C object k2pdfoptlib/CMakeFiles/k2pdfoptlib.dir/textrows.c.o
cd /<<PKGBUILDDIR>>/obj-x86_64-linux-gnu/k2pdfoptlib && /usr/bin/cc  -I/<<PKGBUILDDIR>>/. -I/<<PKGBUILDDIR>>/obj-x86_64-linux-gnu -I/<<PKGBUILDDIR>>/willuslib -I/<<PKGBUILDDIR>>/k2pdfoptlib -I/<<PKGBUILDDIR>>/k2pdfoptlib/.. -isystem /usr/include/leptonica -g -O2 -ffile-prefix-map=/<<PKGBUILDDIR>>=. -fstack-protector-strong -Wformat -Werror=format-security -Wall -pedantic -Wdate-time -D_FORTIFY_SOURCE=2 -DUSE_CMAKE -Wall -MD -MT k2pdfoptlib/CMakeFiles/k2pdfoptlib.dir/textrows.c.o -MF CMakeFiles/k2pdfoptlib.dir/textrows.c.o.d -o CMakeFiles/k2pdfoptlib.dir/textrows.c.o -c /<<PKGBUILDDIR>>/k2pdfoptlib/textrows.c
[ 44%] Building C object willuslib/CMakeFiles/willuslib.dir/fontdata.c.o
cd /<<PKGBUILDDIR>>/obj-x86_64-linux-gnu/willuslib && /usr/bin/cc  -I/<<PKGBUILDDIR>>/. -I/<<PKGBUILDDIR>>/obj-x86_64-linux-gnu -I/<<PKGBUILDDIR>>/willuslib -I/<<PKGBUILDDIR>>/k2pdfoptlib -I/<<PKGBUILDDIR>>/willuslib/.. -isystem /usr/include/leptonica -g -O2 -ffile-prefix-map=/<<PKGBUILDDIR>>=. -fstack-protector-strong -Wformat -Werror=format-security -Wall -pedantic -Wdate-time -D_FORTIFY_SOURCE=2 -DUSE_CMAKE -Wall -MD -MT willuslib/CMakeFiles/willuslib.dir/fontdata.c.o -MF CMakeFiles/willuslib.dir/fontdata.c.o.d -o CMakeFiles/willuslib.dir/fontdata.c.o -c /<<PKGBUILDDIR>>/willuslib/fontdata.c
/<<PKGBUILDDIR>>/willuslib/fontdata.c:25:1: warning: string literal of length 83586 exceeds maximum length 4095 that ISO C99 compilers are required to support [-Woverlength-strings]
"\x2c\x01\x00\x00\x4b\x00\x00\x00\x0a\x00\x00\x00\x53\x00\x00\x00\x53\x00\x00"
^~~~~~~~~~~~~~~~~~~~~~~~~~~~~~~~~~~~~~~~~~~~~~~~~~~~~~~~~~~~~~~~~~~~~~~~~~~~~~
1 warning generated.
[ 46%] Building C object willuslib/CMakeFiles/willuslib.dir/fontrender.c.o
cd /<<PKGBUILDDIR>>/obj-x86_64-linux-gnu/willuslib && /usr/bin/cc  -I/<<PKGBUILDDIR>>/. -I/<<PKGBUILDDIR>>/obj-x86_64-linux-gnu -I/<<PKGBUILDDIR>>/willuslib -I/<<PKGBUILDDIR>>/k2pdfoptlib -I/<<PKGBUILDDIR>>/willuslib/.. -isystem /usr/include/leptonica -g -O2 -ffile-prefix-map=/<<PKGBUILDDIR>>=. -fstack-protector-strong -Wformat -Werror=format-security -Wall -pedantic -Wdate-time -D_FORTIFY_SOURCE=2 -DUSE_CMAKE -Wall -MD -MT willuslib/CMakeFiles/willuslib.dir/fontrender.c.o -MF CMakeFiles/willuslib.dir/fontrender.c.o.d -o CMakeFiles/willuslib.dir/fontrender.c.o -c /<<PKGBUILDDIR>>/willuslib/fontrender.c
/<<PKGBUILDDIR>>/k2pdfoptlib/textrows.c:373:14: warning: using floating point absolute value function 'fabs' when argument is of integer type [-Wabsolute-value]
        m1 = fabs(textrow->c1-c1)/nc;
             ^
/<<PKGBUILDDIR>>/k2pdfoptlib/textrows.c:373:14: note: use function 'abs' instead
        m1 = fabs(textrow->c1-c1)/nc;
             ^~~~
             abs
/<<PKGBUILDDIR>>/k2pdfoptlib/textrows.c:374:14: warning: using floating point absolute value function 'fabs' when argument is of integer type [-Wabsolute-value]
        m2 = fabs(textrow->c2-c2)/nc;
             ^
/<<PKGBUILDDIR>>/k2pdfoptlib/textrows.c:374:14: note: use function 'abs' instead
        m2 = fabs(textrow->c2-c2)/nc;
             ^~~~
             abs
[ 47%] Building C object k2pdfoptlib/CMakeFiles/k2pdfoptlib.dir/textwords.c.o
cd /<<PKGBUILDDIR>>/obj-x86_64-linux-gnu/k2pdfoptlib && /usr/bin/cc  -I/<<PKGBUILDDIR>>/. -I/<<PKGBUILDDIR>>/obj-x86_64-linux-gnu -I/<<PKGBUILDDIR>>/willuslib -I/<<PKGBUILDDIR>>/k2pdfoptlib -I/<<PKGBUILDDIR>>/k2pdfoptlib/.. -isystem /usr/include/leptonica -g -O2 -ffile-prefix-map=/<<PKGBUILDDIR>>=. -fstack-protector-strong -Wformat -Werror=format-security -Wall -pedantic -Wdate-time -D_FORTIFY_SOURCE=2 -DUSE_CMAKE -Wall -MD -MT k2pdfoptlib/CMakeFiles/k2pdfoptlib.dir/textwords.c.o -MF CMakeFiles/k2pdfoptlib.dir/textwords.c.o.d -o CMakeFiles/k2pdfoptlib.dir/textwords.c.o -c /<<PKGBUILDDIR>>/k2pdfoptlib/textwords.c
[ 49%] Building C object k2pdfoptlib/CMakeFiles/k2pdfoptlib.dir/userinput.c.o
cd /<<PKGBUILDDIR>>/obj-x86_64-linux-gnu/k2pdfoptlib && /usr/bin/cc  -I/<<PKGBUILDDIR>>/. -I/<<PKGBUILDDIR>>/obj-x86_64-linux-gnu -I/<<PKGBUILDDIR>>/willuslib -I/<<PKGBUILDDIR>>/k2pdfoptlib -I/<<PKGBUILDDIR>>/k2pdfoptlib/.. -isystem /usr/include/leptonica -g -O2 -ffile-prefix-map=/<<PKGBUILDDIR>>=. -fstack-protector-strong -Wformat -Werror=format-security -Wall -pedantic -Wdate-time -D_FORTIFY_SOURCE=2 -DUSE_CMAKE -Wall -MD -MT k2pdfoptlib/CMakeFiles/k2pdfoptlib.dir/userinput.c.o -MF CMakeFiles/k2pdfoptlib.dir/userinput.c.o.d -o CMakeFiles/k2pdfoptlib.dir/userinput.c.o -c /<<PKGBUILDDIR>>/k2pdfoptlib/userinput.c
[ 50%] Building C object willuslib/CMakeFiles/willuslib.dir/gslpolyfit.c.o
cd /<<PKGBUILDDIR>>/obj-x86_64-linux-gnu/willuslib && /usr/bin/cc  -I/<<PKGBUILDDIR>>/. -I/<<PKGBUILDDIR>>/obj-x86_64-linux-gnu -I/<<PKGBUILDDIR>>/willuslib -I/<<PKGBUILDDIR>>/k2pdfoptlib -I/<<PKGBUILDDIR>>/willuslib/.. -isystem /usr/include/leptonica -g -O2 -ffile-prefix-map=/<<PKGBUILDDIR>>=. -fstack-protector-strong -Wformat -Werror=format-security -Wall -pedantic -Wdate-time -D_FORTIFY_SOURCE=2 -DUSE_CMAKE -Wall -MD -MT willuslib/CMakeFiles/willuslib.dir/gslpolyfit.c.o -MF CMakeFiles/willuslib.dir/gslpolyfit.c.o.d -o CMakeFiles/willuslib.dir/gslpolyfit.c.o -c /<<PKGBUILDDIR>>/willuslib/gslpolyfit.c
[ 52%] Building C object willuslib/CMakeFiles/willuslib.dir/linux.c.o
cd /<<PKGBUILDDIR>>/obj-x86_64-linux-gnu/willuslib && /usr/bin/cc  -I/<<PKGBUILDDIR>>/. -I/<<PKGBUILDDIR>>/obj-x86_64-linux-gnu -I/<<PKGBUILDDIR>>/willuslib -I/<<PKGBUILDDIR>>/k2pdfoptlib -I/<<PKGBUILDDIR>>/willuslib/.. -isystem /usr/include/leptonica -g -O2 -ffile-prefix-map=/<<PKGBUILDDIR>>=. -fstack-protector-strong -Wformat -Werror=format-security -Wall -pedantic -Wdate-time -D_FORTIFY_SOURCE=2 -DUSE_CMAKE -Wall -MD -MT willuslib/CMakeFiles/willuslib.dir/linux.c.o -MF CMakeFiles/willuslib.dir/linux.c.o.d -o CMakeFiles/willuslib.dir/linux.c.o -c /<<PKGBUILDDIR>>/willuslib/linux.c
2 warnings generated.
[ 53%] Building C object k2pdfoptlib/CMakeFiles/k2pdfoptlib.dir/wrapbmp.c.o
cd /<<PKGBUILDDIR>>/obj-x86_64-linux-gnu/k2pdfoptlib && /usr/bin/cc  -I/<<PKGBUILDDIR>>/. -I/<<PKGBUILDDIR>>/obj-x86_64-linux-gnu -I/<<PKGBUILDDIR>>/willuslib -I/<<PKGBUILDDIR>>/k2pdfoptlib -I/<<PKGBUILDDIR>>/k2pdfoptlib/.. -isystem /usr/include/leptonica -g -O2 -ffile-prefix-map=/<<PKGBUILDDIR>>=. -fstack-protector-strong -Wformat -Werror=format-security -Wall -pedantic -Wdate-time -D_FORTIFY_SOURCE=2 -DUSE_CMAKE -Wall -MD -MT k2pdfoptlib/CMakeFiles/k2pdfoptlib.dir/wrapbmp.c.o -MF CMakeFiles/k2pdfoptlib.dir/wrapbmp.c.o.d -o CMakeFiles/k2pdfoptlib.dir/wrapbmp.c.o -c /<<PKGBUILDDIR>>/k2pdfoptlib/wrapbmp.c
[ 55%] Building C object willuslib/CMakeFiles/willuslib.dir/math.c.o
cd /<<PKGBUILDDIR>>/obj-x86_64-linux-gnu/willuslib && /usr/bin/cc  -I/<<PKGBUILDDIR>>/. -I/<<PKGBUILDDIR>>/obj-x86_64-linux-gnu -I/<<PKGBUILDDIR>>/willuslib -I/<<PKGBUILDDIR>>/k2pdfoptlib -I/<<PKGBUILDDIR>>/willuslib/.. -isystem /usr/include/leptonica -g -O2 -ffile-prefix-map=/<<PKGBUILDDIR>>=. -fstack-protector-strong -Wformat -Werror=format-security -Wall -pedantic -Wdate-time -D_FORTIFY_SOURCE=2 -DUSE_CMAKE -Wall -MD -MT willuslib/CMakeFiles/willuslib.dir/math.c.o -MF CMakeFiles/willuslib.dir/math.c.o.d -o CMakeFiles/willuslib.dir/math.c.o -c /<<PKGBUILDDIR>>/willuslib/math.c
[ 56%] Building C object willuslib/CMakeFiles/willuslib.dir/mem.c.o
cd /<<PKGBUILDDIR>>/obj-x86_64-linux-gnu/willuslib && /usr/bin/cc  -I/<<PKGBUILDDIR>>/. -I/<<PKGBUILDDIR>>/obj-x86_64-linux-gnu -I/<<PKGBUILDDIR>>/willuslib -I/<<PKGBUILDDIR>>/k2pdfoptlib -I/<<PKGBUILDDIR>>/willuslib/.. -isystem /usr/include/leptonica -g -O2 -ffile-prefix-map=/<<PKGBUILDDIR>>=. -fstack-protector-strong -Wformat -Werror=format-security -Wall -pedantic -Wdate-time -D_FORTIFY_SOURCE=2 -DUSE_CMAKE -Wall -MD -MT willuslib/CMakeFiles/willuslib.dir/mem.c.o -MF CMakeFiles/willuslib.dir/mem.c.o.d -o CMakeFiles/willuslib.dir/mem.c.o -c /<<PKGBUILDDIR>>/willuslib/mem.c
[ 57%] Building C object willuslib/CMakeFiles/willuslib.dir/ocr.c.o
cd /<<PKGBUILDDIR>>/obj-x86_64-linux-gnu/willuslib && /usr/bin/cc  -I/<<PKGBUILDDIR>>/. -I/<<PKGBUILDDIR>>/obj-x86_64-linux-gnu -I/<<PKGBUILDDIR>>/willuslib -I/<<PKGBUILDDIR>>/k2pdfoptlib -I/<<PKGBUILDDIR>>/willuslib/.. -isystem /usr/include/leptonica -g -O2 -ffile-prefix-map=/<<PKGBUILDDIR>>=. -fstack-protector-strong -Wformat -Werror=format-security -Wall -pedantic -Wdate-time -D_FORTIFY_SOURCE=2 -DUSE_CMAKE -Wall -MD -MT willuslib/CMakeFiles/willuslib.dir/ocr.c.o -MF CMakeFiles/willuslib.dir/ocr.c.o.d -o CMakeFiles/willuslib.dir/ocr.c.o -c /<<PKGBUILDDIR>>/willuslib/ocr.c
[ 59%] Building C object willuslib/CMakeFiles/willuslib.dir/ocrgocr.c.o
cd /<<PKGBUILDDIR>>/obj-x86_64-linux-gnu/willuslib && /usr/bin/cc  -I/<<PKGBUILDDIR>>/. -I/<<PKGBUILDDIR>>/obj-x86_64-linux-gnu -I/<<PKGBUILDDIR>>/willuslib -I/<<PKGBUILDDIR>>/k2pdfoptlib -I/<<PKGBUILDDIR>>/willuslib/.. -isystem /usr/include/leptonica -g -O2 -ffile-prefix-map=/<<PKGBUILDDIR>>=. -fstack-protector-strong -Wformat -Werror=format-security -Wall -pedantic -Wdate-time -D_FORTIFY_SOURCE=2 -DUSE_CMAKE -Wall -MD -MT willuslib/CMakeFiles/willuslib.dir/ocrgocr.c.o -MF CMakeFiles/willuslib.dir/ocrgocr.c.o.d -o CMakeFiles/willuslib.dir/ocrgocr.c.o -c /<<PKGBUILDDIR>>/willuslib/ocrgocr.c
[ 60%] Building C object willuslib/CMakeFiles/willuslib.dir/ocrtess.c.o
cd /<<PKGBUILDDIR>>/obj-x86_64-linux-gnu/willuslib && /usr/bin/cc  -I/<<PKGBUILDDIR>>/. -I/<<PKGBUILDDIR>>/obj-x86_64-linux-gnu -I/<<PKGBUILDDIR>>/willuslib -I/<<PKGBUILDDIR>>/k2pdfoptlib -I/<<PKGBUILDDIR>>/willuslib/.. -isystem /usr/include/leptonica -g -O2 -ffile-prefix-map=/<<PKGBUILDDIR>>=. -fstack-protector-strong -Wformat -Werror=format-security -Wall -pedantic -Wdate-time -D_FORTIFY_SOURCE=2 -DUSE_CMAKE -Wall -MD -MT willuslib/CMakeFiles/willuslib.dir/ocrtess.c.o -MF CMakeFiles/willuslib.dir/ocrtess.c.o.d -o CMakeFiles/willuslib.dir/ocrtess.c.o -c /<<PKGBUILDDIR>>/willuslib/ocrtess.c
[ 62%] Linking C static library libk2pdfoptlib.a
cd /<<PKGBUILDDIR>>/obj-x86_64-linux-gnu/k2pdfoptlib && /usr/bin/cmake -P CMakeFiles/k2pdfoptlib.dir/cmake_clean_target.cmake
cd /<<PKGBUILDDIR>>/obj-x86_64-linux-gnu/k2pdfoptlib && /usr/bin/cmake -E cmake_link_script CMakeFiles/k2pdfoptlib.dir/link.txt --verbose=1
/usr/bin/ar qc libk2pdfoptlib.a CMakeFiles/k2pdfoptlib.dir/bmpregion.c.o CMakeFiles/k2pdfoptlib.dir/devprofile.c.o CMakeFiles/k2pdfoptlib.dir/k2bmp.c.o CMakeFiles/k2pdfoptlib.dir/k2file.c.o CMakeFiles/k2pdfoptlib.dir/k2files.c.o CMakeFiles/k2pdfoptlib.dir/k2gui_cbox.c.o CMakeFiles/k2pdfoptlib.dir/k2gui_osdep.c.o CMakeFiles/k2pdfoptlib.dir/k2mark.c.o CMakeFiles/k2pdfoptlib.dir/k2master.c.o CMakeFiles/k2pdfoptlib.dir/k2mem.c.o CMakeFiles/k2pdfoptlib.dir/k2menu.c.o CMakeFiles/k2pdfoptlib.dir/k2ocr.c.o CMakeFiles/k2pdfoptlib.dir/k2parsecmd.c.o CMakeFiles/k2pdfoptlib.dir/k2proc.c.o CMakeFiles/k2pdfoptlib.dir/k2publish.c.o CMakeFiles/k2pdfoptlib.dir/k2settings.c.o CMakeFiles/k2pdfoptlib.dir/k2settings2cmd.c.o CMakeFiles/k2pdfoptlib.dir/k2sys.c.o CMakeFiles/k2pdfoptlib.dir/k2usage.c.o CMakeFiles/k2pdfoptlib.dir/k2version.c.o CMakeFiles/k2pdfoptlib.dir/pagelist.c.o CMakeFiles/k2pdfoptlib.dir/pageregions.c.o CMakeFiles/k2pdfoptlib.dir/textrows.c.o CMakeFiles/k2pdfoptlib.dir/textwords.c.o CMakeFiles/k2pdfoptlib.dir/userinput.c.o CMakeFiles/k2pdfoptlib.dir/wrapbmp.c.o
/usr/bin/ranlib libk2pdfoptlib.a
make[3]: Leaving directory '/<<PKGBUILDDIR>>/obj-x86_64-linux-gnu'
[ 62%] Built target k2pdfoptlib
[ 63%] Building C object willuslib/CMakeFiles/willuslib.dir/pdfwrite.c.o
cd /<<PKGBUILDDIR>>/obj-x86_64-linux-gnu/willuslib && /usr/bin/cc  -I/<<PKGBUILDDIR>>/. -I/<<PKGBUILDDIR>>/obj-x86_64-linux-gnu -I/<<PKGBUILDDIR>>/willuslib -I/<<PKGBUILDDIR>>/k2pdfoptlib -I/<<PKGBUILDDIR>>/willuslib/.. -isystem /usr/include/leptonica -g -O2 -ffile-prefix-map=/<<PKGBUILDDIR>>=. -fstack-protector-strong -Wformat -Werror=format-security -Wall -pedantic -Wdate-time -D_FORTIFY_SOURCE=2 -DUSE_CMAKE -Wall -MD -MT willuslib/CMakeFiles/willuslib.dir/pdfwrite.c.o -MF CMakeFiles/willuslib.dir/pdfwrite.c.o.d -o CMakeFiles/willuslib.dir/pdfwrite.c.o -c /<<PKGBUILDDIR>>/willuslib/pdfwrite.c
/<<PKGBUILDDIR>>/willuslib/ocrtess.c:180:9: warning: implicit declaration of function 'ocrtess_lang_default' is invalid in C99 [-Wimplicit-function-declaration]
        ocrtess_lang_default(NULL,NULL,0,langdef,31,NULL,0,0);
        ^
/<<PKGBUILDDIR>>/willuslib/ocrtess.c:226:5: warning: implicit declaration of function 'tess_capi_set_logfile' is invalid in C99 [-Wimplicit-function-declaration]
    tess_capi_set_logfile(filename);
    ^
/<<PKGBUILDDIR>>/willuslib/ocrtess.c:233:5: warning: implicit declaration of function 'tess_capi_debug_message' is invalid in C99 [-Wimplicit-function-declaration]
    tess_capi_debug_message(message);
    ^
/<<PKGBUILDDIR>>/willuslib/ocrtess.c:244:5: warning: implicit declaration of function 'ocrtess_datapath' is invalid in C99 [-Wimplicit-function-declaration]
    ocrtess_datapath(tesspath0,datadir,MAXFILENAMELEN-1);
    ^
/<<PKGBUILDDIR>>/willuslib/ocrtess.c:263:5: warning: implicit declaration of function 'ocrtess_url' is invalid in C99 [-Wimplicit-function-declaration]
    ocrtess_url(url,255,fast);
    ^
/<<PKGBUILDDIR>>/willuslib/ocrtess.c:264:5: warning: implicit declaration of function 'ocrtess_datapath' is invalid in C99 [-Wimplicit-function-declaration]
    ocrtess_datapath(tesspath0,datadir,MAXFILENAMELEN-1);
    ^
/<<PKGBUILDDIR>>/willuslib/ocrtess.c:265:5: warning: implicit declaration of function 'ocrtess_baselang' is invalid in C99 [-Wimplicit-function-declaration]
    ocrtess_baselang(urlbasename,lang,127);
    ^
/<<PKGBUILDDIR>>/willuslib/ocrtess.c:300:6: error: conflicting types for 'ocrtess_baselang'
void ocrtess_baselang(char *dst,char *src,int maxlen)
     ^
/<<PKGBUILDDIR>>/willuslib/ocrtess.c:265:5: note: previous implicit declaration is here
    ocrtess_baselang(urlbasename,lang,127);
    ^
/<<PKGBUILDDIR>>/willuslib/ocrtess.c:315:6: error: conflicting types for 'ocrtess_url'
void ocrtess_url(char *url0,int maxlen,int fast)
     ^
/<<PKGBUILDDIR>>/willuslib/ocrtess.c:263:5: note: previous implicit declaration is here
    ocrtess_url(url,255,fast);
    ^
/<<PKGBUILDDIR>>/willuslib/ocrtess.c:351:5: warning: implicit declaration of function 'ocrtess_datapath' is invalid in C99 [-Wimplicit-function-declaration]
    ocrtess_datapath(tesspath0,datadir,MAXFILENAMELEN-1);
    ^
/<<PKGBUILDDIR>>/willuslib/ocrtess.c:358:9: warning: implicit declaration of function 'ocrtess_lang_default' is invalid in C99 [-Wimplicit-function-declaration]
        ocrtess_lang_default(tesspath0,NULL,0,langdef,16,NULL,0,0);
        ^
/<<PKGBUILDDIR>>/willuslib/ocrtess.c:365:9: warning: implicit declaration of function 'tess_capi_init' is invalid in C99 [-Wimplicit-function-declaration]
    api=tess_capi_init(tesspath0,langdef,0,out,initstr,maxlen,status);
        ^
/<<PKGBUILDDIR>>/willuslib/ocrtess.c:365:8: warning: incompatible integer to pointer conversion assigning to 'void *' from 'int' [-Wint-conversion]
    api=tess_capi_init(tesspath0,langdef,0,out,initstr,maxlen,status);
       ^~~~~~~~~~~~~~~~~~~~~~~~~~~~~~~~~~~~~~~~~~~~~~~~~~~~~~~~~~~~~~
/<<PKGBUILDDIR>>/willuslib/ocrtess.c:370:6: error: conflicting types for 'ocrtess_lang_default'
void ocrtess_lang_default(char *datadir,char *tesspath,int maxtesspathlen,
     ^
/<<PKGBUILDDIR>>/willuslib/ocrtess.c:180:9: note: previous implicit declaration is here
        ocrtess_lang_default(NULL,NULL,0,langdef,31,NULL,0,0);
        ^
/<<PKGBUILDDIR>>/willuslib/ocrtess.c:388:9: warning: implicit declaration of function 'ocrtess_datapath' is invalid in C99 [-Wimplicit-function-declaration]
        ocrtess_datapath(tesspath0,datadir,MAXFILENAMELEN-1);
        ^
/<<PKGBUILDDIR>>/willuslib/ocrtess.c:497:6: error: conflicting types for 'ocrtess_datapath'
void ocrtess_datapath(char *datapath,char *suggested,int maxlen)
     ^
/<<PKGBUILDDIR>>/willuslib/ocrtess.c:244:5: note: previous implicit declaration is here
    ocrtess_datapath(tesspath0,datadir,MAXFILENAMELEN-1);
    ^
/<<PKGBUILDDIR>>/willuslib/ocrtess.c:632:5: warning: implicit declaration of function 'tess_capi_end' is invalid in C99 [-Wimplicit-function-declaration]
    tess_capi_end(api);
    ^
/<<PKGBUILDDIR>>/willuslib/ocrtess.c:793:5: warning: implicit declaration of function 'tess_capi_get_ocr_multiword' is invalid in C99 [-Wimplicit-function-declaration]
    tess_capi_get_ocr_multiword(api,pix,segmode<0 || segmode>10 ? 6 : segmode,
    ^
/<<PKGBUILDDIR>>/willuslib/ocrtess.c:895:12: warning: implicit declaration of function 'tess_capi_get_ocr' is invalid in C99 [-Wimplicit-function-declaration]
    status=tess_capi_get_ocr(api,pix,text,maxlen,segmode<0 || segmode>10 ? 6 : segmode,out);
           ^
15 warnings and 4 errors generated.
make[3]: *** [willuslib/CMakeFiles/willuslib.dir/build.make:289: willuslib/CMakeFiles/willuslib.dir/ocrtess.c.o] Error 1
make[3]: *** Waiting for unfinished jobs....
/<<PKGBUILDDIR>>/willuslib/pdfwrite.c:1274:5: warning: ignoring return value of function declared with 'warn_unused_result' attribute [-Wunused-result]
    fread(inbuf,1,np+extra,f);
    ^~~~~ ~~~~~~~~~~~~~~~~~~
1 warning generated.
make[3]: Leaving directory '/<<PKGBUILDDIR>>/obj-x86_64-linux-gnu'
make[2]: *** [CMakeFiles/Makefile2:148: willuslib/CMakeFiles/willuslib.dir/all] Error 2
make[2]: Leaving directory '/<<PKGBUILDDIR>>/obj-x86_64-linux-gnu'
make[1]: *** [Makefile:139: all] Error 2
make[1]: Leaving directory '/<<PKGBUILDDIR>>/obj-x86_64-linux-gnu'
dh_auto_build: error: cd obj-x86_64-linux-gnu && make -j4 "INSTALL=install --strip-program=true" VERBOSE=1 returned exit code 2
make: *** [debian/rules:12: binary] Error 25
dpkg-buildpackage: error: debian/rules binary subprocess returned exit status 2
--------------------------------------------------------------------------------
Build finished at 2021-10-26T23:10:34Z

Finished
--------


+------------------------------------------------------------------------------+
| Cleanup                                                                      |
+------------------------------------------------------------------------------+

Purging /<<BUILDDIR>>
Not cleaning session: cloned chroot in use
E: Build failure (dpkg-buildpackage died)

+------------------------------------------------------------------------------+
| Summary                                                                      |
+------------------------------------------------------------------------------+

Build Architecture: amd64
Build Type: binary
Build-Space: 10096
Build-Time: 7
Distribution: unstable
Fail-Stage: build
Host Architecture: amd64
Install-Time: 9
Job: k2pdfopt_2.53+ds-1
Machine Architecture: amd64
Package: k2pdfopt
Package-Time: 37
Source-Version: 2.53+ds-1
Space: 10096
Status: attempted
Version: 2.53+ds-1
--------------------------------------------------------------------------------
Finished at 2021-10-26T23:10:34Z
Build needed 00:00:37, 10096k disk space
E: Build failure (dpkg-buildpackage died)
DC-Status: Failed 39.135152855s
