DC-Build-Header: libqes 0.2.8+ds-1 / 2021-10-26 23:01:17 +0000
DC-Task: type:rebuild-binarch-only source:libqes version:0.2.8+ds-1 chroot:unstable esttime:70 logfile:/tmp/libqes_0.2.8+ds-1_unstable_clang12.log modes:clang12:binarch-only
DC-Sbuild-call: su user42 -c 'sbuild -n --arch-any --apt-update -d unstable -v --no-run-lintian --chroot-setup-commands=/tmp/clang12 libqes_0.2.8+ds-1'
sbuild (Debian sbuild) 0.78.1 (09 February 2019) on ip-172-31-9-143.eu-central-1.compute.internal

+==============================================================================+
| libqes 0.2.8+ds-1 (amd64)                    Tue, 26 Oct 2021 23:01:17 +0000 |
+==============================================================================+

Package: libqes
Version: 0.2.8+ds-1
Source Version: 0.2.8+ds-1
Distribution: unstable
Machine Architecture: amd64
Host Architecture: amd64
Build Architecture: amd64
Build Type: binary

I: NOTICE: Log filtering will replace 'var/run/schroot/mount/sid-amd64-sbuild-c33e8599-52aa-4110-8153-f90c2d75cce7' with '<<CHROOT>>'

+------------------------------------------------------------------------------+
| Chroot Setup Commands                                                        |
+------------------------------------------------------------------------------+


/tmp/clang12
------------

+ echo 'Entering customization script...'
Entering customization script...
+ CLANG_VERSION=12
+ echo 'Install of clang-12'
Install of clang-12
+ apt-get update
Get:1 http://127.0.0.1:12990/debian sid InRelease [165 kB]
Get:2 http://127.0.0.1:12990/debian sid/main Sources.diff/Index [63.6 kB]
Get:3 http://127.0.0.1:12990/debian sid/main amd64 Packages.diff/Index [63.6 kB]
Get:4 http://127.0.0.1:12990/debian sid/main Sources T-2021-10-26-2004.40-F-2021-10-26-0202.15.pdiff [47.3 kB]
Get:4 http://127.0.0.1:12990/debian sid/main Sources T-2021-10-26-2004.40-F-2021-10-26-0202.15.pdiff [47.3 kB]
Get:5 http://127.0.0.1:12990/debian sid/main amd64 Packages T-2021-10-26-2004.40-F-2021-10-26-0202.15.pdiff [55.9 kB]
Get:5 http://127.0.0.1:12990/debian sid/main amd64 Packages T-2021-10-26-2004.40-F-2021-10-26-0202.15.pdiff [55.9 kB]
Get:6 http://127.0.0.1:12990/debian sid/main Translation-en [6586 kB]
Fetched 6981 kB in 3s (2770 kB/s)
Reading package lists...
+ apt-get install --yes --no-install-recommends --force-yes clang-12 libomp-12-dev libobjc-9-dev
Reading package lists...
Building dependency tree...
The following additional packages will be installed:
  lib32gcc-s1 lib32stdc++6 libasan5 libbsd0 libc6-i386 libclang-common-12-dev
  libclang-cpp12 libclang1-12 libedit2 libelf1 libgc1 libgcc-9-dev libicu67
  libllvm12 libmd0 libobjc-11-dev libobjc4 libomp5-12 libunwind-12 libxml2
  libz3-4 llvm-12-linker-tools
Suggested packages:
  clang-12-doc libomp-12-doc
Recommended packages:
  llvm-12-dev python3
The following NEW packages will be installed:
  clang-12 lib32gcc-s1 lib32stdc++6 libasan5 libbsd0 libc6-i386
  libclang-common-12-dev libclang-cpp12 libclang1-12 libedit2 libelf1 libgc1
  libgcc-9-dev libicu67 libllvm12 libmd0 libobjc-11-dev libobjc-9-dev libobjc4
  libomp-12-dev libomp5-12 libunwind-12 libxml2 libz3-4 llvm-12-linker-tools
0 upgraded, 25 newly installed, 0 to remove and 0 not upgraded.
Need to get 67.6 MB of archives.
After this operation, 349 MB of additional disk space will be used.
Get:1 http://127.0.0.1:12990/debian sid/main amd64 libmd0 amd64 1.0.4-1 [29.6 kB]
Get:2 http://127.0.0.1:12990/debian sid/main amd64 libbsd0 amd64 0.11.3-1 [108 kB]
Get:3 http://127.0.0.1:12990/debian sid/main amd64 libedit2 amd64 3.1-20210910-1 [97.5 kB]
Get:4 http://127.0.0.1:12990/debian sid/main amd64 libicu67 amd64 67.1-7 [8622 kB]
Get:5 http://127.0.0.1:12990/debian sid/main amd64 libxml2 amd64 2.9.12+dfsg-5 [696 kB]
Get:6 http://127.0.0.1:12990/debian sid/main amd64 libz3-4 amd64 4.8.12-1+b1 [6997 kB]
Get:7 http://127.0.0.1:12990/debian sid/main amd64 libllvm12 amd64 1:12.0.1-15 [19.4 MB]
Get:8 http://127.0.0.1:12990/debian sid/main amd64 libclang-cpp12 amd64 1:12.0.1-15 [9996 kB]
Get:9 http://127.0.0.1:12990/debian sid/main amd64 libgc1 amd64 1:8.0.4-3 [239 kB]
Get:10 http://127.0.0.1:12990/debian sid/main amd64 libobjc4 amd64 11.2.0-10 [43.2 kB]
Get:11 http://127.0.0.1:12990/debian sid/main amd64 libobjc-11-dev amd64 11.2.0-10 [170 kB]
Get:12 http://127.0.0.1:12990/debian sid/main amd64 libc6-i386 amd64 2.32-4 [2624 kB]
Get:13 http://127.0.0.1:12990/debian sid/main amd64 lib32gcc-s1 amd64 11.2.0-10 [49.9 kB]
Get:14 http://127.0.0.1:12990/debian sid/main amd64 lib32stdc++6 amd64 11.2.0-10 [601 kB]
Get:15 http://127.0.0.1:12990/debian sid/main amd64 libclang-common-12-dev amd64 1:12.0.1-15 [4819 kB]
Get:16 http://127.0.0.1:12990/debian sid/main amd64 llvm-12-linker-tools amd64 1:12.0.1-15 [1222 kB]
Get:17 http://127.0.0.1:12990/debian sid/main amd64 libclang1-12 amd64 1:12.0.1-15 [5644 kB]
Get:18 http://127.0.0.1:12990/debian sid/main amd64 clang-12 amd64 1:12.0.1-15 [117 kB]
Get:19 http://127.0.0.1:12990/debian sid/main amd64 libasan5 amd64 9.4.0-3 [2734 kB]
Get:20 http://127.0.0.1:12990/debian sid/main amd64 libelf1 amd64 0.185-2 [172 kB]
Get:21 http://127.0.0.1:12990/debian sid/main amd64 libgcc-9-dev amd64 9.4.0-3 [2343 kB]
Get:22 http://127.0.0.1:12990/debian sid/main amd64 libobjc-9-dev amd64 9.4.0-3 [219 kB]
Get:23 http://127.0.0.1:12990/debian sid/main amd64 libunwind-12 amd64 1:12.0.1-15 [63.9 kB]
Get:24 http://127.0.0.1:12990/debian sid/main amd64 libomp5-12 amd64 1:12.0.1-15 [405 kB]
Get:25 http://127.0.0.1:12990/debian sid/main amd64 libomp-12-dev amd64 1:12.0.1-15 [104 kB]
debconf: delaying package configuration, since apt-utils is not installed
Fetched 67.6 MB in 0s (147 MB/s)
Selecting previously unselected package libmd0:amd64.
(Reading database ... (Reading database ... 5%(Reading database ... 10%(Reading database ... 15%(Reading database ... 20%(Reading database ... 25%(Reading database ... 30%(Reading database ... 35%(Reading database ... 40%(Reading database ... 45%(Reading database ... 50%(Reading database ... 55%(Reading database ... 60%(Reading database ... 65%(Reading database ... 70%(Reading database ... 75%(Reading database ... 80%(Reading database ... 85%(Reading database ... 90%(Reading database ... 95%(Reading database ... 100%(Reading database ... 12431 files and directories currently installed.)
Preparing to unpack .../00-libmd0_1.0.4-1_amd64.deb ...
Unpacking libmd0:amd64 (1.0.4-1) ...
Selecting previously unselected package libbsd0:amd64.
Preparing to unpack .../01-libbsd0_0.11.3-1_amd64.deb ...
Unpacking libbsd0:amd64 (0.11.3-1) ...
Selecting previously unselected package libedit2:amd64.
Preparing to unpack .../02-libedit2_3.1-20210910-1_amd64.deb ...
Unpacking libedit2:amd64 (3.1-20210910-1) ...
Selecting previously unselected package libicu67:amd64.
Preparing to unpack .../03-libicu67_67.1-7_amd64.deb ...
Unpacking libicu67:amd64 (67.1-7) ...
Selecting previously unselected package libxml2:amd64.
Preparing to unpack .../04-libxml2_2.9.12+dfsg-5_amd64.deb ...
Unpacking libxml2:amd64 (2.9.12+dfsg-5) ...
Selecting previously unselected package libz3-4:amd64.
Preparing to unpack .../05-libz3-4_4.8.12-1+b1_amd64.deb ...
Unpacking libz3-4:amd64 (4.8.12-1+b1) ...
Selecting previously unselected package libllvm12:amd64.
Preparing to unpack .../06-libllvm12_1%3a12.0.1-15_amd64.deb ...
Unpacking libllvm12:amd64 (1:12.0.1-15) ...
Selecting previously unselected package libclang-cpp12.
Preparing to unpack .../07-libclang-cpp12_1%3a12.0.1-15_amd64.deb ...
Unpacking libclang-cpp12 (1:12.0.1-15) ...
Selecting previously unselected package libgc1:amd64.
Preparing to unpack .../08-libgc1_1%3a8.0.4-3_amd64.deb ...
Unpacking libgc1:amd64 (1:8.0.4-3) ...
Selecting previously unselected package libobjc4:amd64.
Preparing to unpack .../09-libobjc4_11.2.0-10_amd64.deb ...
Unpacking libobjc4:amd64 (11.2.0-10) ...
Selecting previously unselected package libobjc-11-dev:amd64.
Preparing to unpack .../10-libobjc-11-dev_11.2.0-10_amd64.deb ...
Unpacking libobjc-11-dev:amd64 (11.2.0-10) ...
Selecting previously unselected package libc6-i386.
Preparing to unpack .../11-libc6-i386_2.32-4_amd64.deb ...
Unpacking libc6-i386 (2.32-4) ...
Selecting previously unselected package lib32gcc-s1.
Preparing to unpack .../12-lib32gcc-s1_11.2.0-10_amd64.deb ...
Unpacking lib32gcc-s1 (11.2.0-10) ...
Selecting previously unselected package lib32stdc++6.
Preparing to unpack .../13-lib32stdc++6_11.2.0-10_amd64.deb ...
Unpacking lib32stdc++6 (11.2.0-10) ...
Selecting previously unselected package libclang-common-12-dev.
Preparing to unpack .../14-libclang-common-12-dev_1%3a12.0.1-15_amd64.deb ...
Unpacking libclang-common-12-dev (1:12.0.1-15) ...
Selecting previously unselected package llvm-12-linker-tools.
Preparing to unpack .../15-llvm-12-linker-tools_1%3a12.0.1-15_amd64.deb ...
Unpacking llvm-12-linker-tools (1:12.0.1-15) ...
Selecting previously unselected package libclang1-12.
Preparing to unpack .../16-libclang1-12_1%3a12.0.1-15_amd64.deb ...
Unpacking libclang1-12 (1:12.0.1-15) ...
Selecting previously unselected package clang-12.
Preparing to unpack .../17-clang-12_1%3a12.0.1-15_amd64.deb ...
Unpacking clang-12 (1:12.0.1-15) ...
Selecting previously unselected package libasan5:amd64.
Preparing to unpack .../18-libasan5_9.4.0-3_amd64.deb ...
Unpacking libasan5:amd64 (9.4.0-3) ...
Selecting previously unselected package libelf1:amd64.
Preparing to unpack .../19-libelf1_0.185-2_amd64.deb ...
Unpacking libelf1:amd64 (0.185-2) ...
Selecting previously unselected package libgcc-9-dev:amd64.
Preparing to unpack .../20-libgcc-9-dev_9.4.0-3_amd64.deb ...
Unpacking libgcc-9-dev:amd64 (9.4.0-3) ...
Selecting previously unselected package libobjc-9-dev:amd64.
Preparing to unpack .../21-libobjc-9-dev_9.4.0-3_amd64.deb ...
Unpacking libobjc-9-dev:amd64 (9.4.0-3) ...
Selecting previously unselected package libunwind-12:amd64.
Preparing to unpack .../22-libunwind-12_1%3a12.0.1-15_amd64.deb ...
Unpacking libunwind-12:amd64 (1:12.0.1-15) ...
Selecting previously unselected package libomp5-12:amd64.
Preparing to unpack .../23-libomp5-12_1%3a12.0.1-15_amd64.deb ...
Unpacking libomp5-12:amd64 (1:12.0.1-15) ...
Selecting previously unselected package libomp-12-dev.
Preparing to unpack .../24-libomp-12-dev_1%3a12.0.1-15_amd64.deb ...
Unpacking libomp-12-dev (1:12.0.1-15) ...
Setting up libicu67:amd64 (67.1-7) ...
Setting up libasan5:amd64 (9.4.0-3) ...
Setting up libz3-4:amd64 (4.8.12-1+b1) ...
Setting up libunwind-12:amd64 (1:12.0.1-15) ...
Setting up libgc1:amd64 (1:8.0.4-3) ...
Setting up libmd0:amd64 (1.0.4-1) ...
Setting up libc6-i386 (2.32-4) ...
Setting up libbsd0:amd64 (0.11.3-1) ...
Setting up libelf1:amd64 (0.185-2) ...
Setting up libxml2:amd64 (2.9.12+dfsg-5) ...
Setting up libedit2:amd64 (3.1-20210910-1) ...
Setting up libobjc4:amd64 (11.2.0-10) ...
Setting up libgcc-9-dev:amd64 (9.4.0-3) ...
Setting up lib32gcc-s1 (11.2.0-10) ...
Setting up lib32stdc++6 (11.2.0-10) ...
Setting up libllvm12:amd64 (1:12.0.1-15) ...
Setting up libobjc-9-dev:amd64 (9.4.0-3) ...
Setting up libclang-common-12-dev (1:12.0.1-15) ...
Setting up libomp5-12:amd64 (1:12.0.1-15) ...
Setting up libobjc-11-dev:amd64 (11.2.0-10) ...
Setting up llvm-12-linker-tools (1:12.0.1-15) ...
Setting up libclang1-12 (1:12.0.1-15) ...
Setting up libclang-cpp12 (1:12.0.1-15) ...
Setting up libomp-12-dev (1:12.0.1-15) ...
Setting up clang-12 (1:12.0.1-15) ...
Processing triggers for libc-bin (2.32-4) ...
W: --force-yes is deprecated, use one of the options starting with --allow instead.
+ echo 'Replace gcc, g++ & cpp by clang'
Replace gcc, g++ & cpp by clang
+ VERSIONS='4.6 4.7 4.8 4.9 5 6 7 8 9 10 11'
+ cd /usr/bin
+ for VERSION in $VERSIONS
+ rm -f g++-4.6 gcc-4.6 cpp-4.6 gcc
+ ln -s clang++-12 g++-4.6
+ ln -s clang-12 gcc-4.6
+ ln -s clang-12 cpp-4.6
+ ln -s clang-12 gcc
+ echo 'gcc-4.6 hold'
+ dpkg --set-selections
dpkg: warning: package not in status nor available database at line 1: gcc-4.6
dpkg: warning: found unknown packages; this might mean the available database
is outdated, and needs to be updated through a frontend method;
please see the FAQ <https://wiki.debian.org/Teams/Dpkg/FAQ>
+ echo 'g++-4.6 hold'
+ dpkg --set-selections
dpkg: warning: package not in status nor available database at line 1: g++-4.6
dpkg: warning: found unknown packages; this might mean the available database
is outdated, and needs to be updated through a frontend method;
please see the FAQ <https://wiki.debian.org/Teams/Dpkg/FAQ>
+ for VERSION in $VERSIONS
+ rm -f g++-4.7 gcc-4.7 cpp-4.7 gcc
+ ln -s clang++-12 g++-4.7
+ ln -s clang-12 gcc-4.7
+ ln -s clang-12 cpp-4.7
+ ln -s clang-12 gcc
+ echo 'gcc-4.7 hold'
+ dpkg --set-selections
dpkg: warning: package not in status nor available database at line 1: gcc-4.7
dpkg: warning: found unknown packages; this might mean the available database
is outdated, and needs to be updated through a frontend method;
please see the FAQ <https://wiki.debian.org/Teams/Dpkg/FAQ>
+ echo 'g++-4.7 hold'
+ dpkg --set-selections
dpkg: warning: package not in status nor available database at line 1: g++-4.7
dpkg: warning: found unknown packages; this might mean the available database
is outdated, and needs to be updated through a frontend method;
please see the FAQ <https://wiki.debian.org/Teams/Dpkg/FAQ>
+ for VERSION in $VERSIONS
+ rm -f g++-4.8 gcc-4.8 cpp-4.8 gcc
+ ln -s clang++-12 g++-4.8
+ ln -s clang-12 gcc-4.8
+ ln -s clang-12 cpp-4.8
+ ln -s clang-12 gcc
+ echo 'gcc-4.8 hold'
+ dpkg --set-selections
dpkg: warning: package not in status nor available database at line 1: gcc-4.8
dpkg: warning: found unknown packages; this might mean the available database
is outdated, and needs to be updated through a frontend method;
please see the FAQ <https://wiki.debian.org/Teams/Dpkg/FAQ>
+ echo 'g++-4.8 hold'
+ dpkg --set-selections
dpkg: warning: package not in status nor available database at line 1: g++-4.8
dpkg: warning: found unknown packages; this might mean the available database
is outdated, and needs to be updated through a frontend method;
please see the FAQ <https://wiki.debian.org/Teams/Dpkg/FAQ>
+ for VERSION in $VERSIONS
+ rm -f g++-4.9 gcc-4.9 cpp-4.9 gcc
+ ln -s clang++-12 g++-4.9
+ ln -s clang-12 gcc-4.9
+ ln -s clang-12 cpp-4.9
+ ln -s clang-12 gcc
+ echo 'gcc-4.9 hold'
+ dpkg --set-selections
dpkg: warning: package not in status nor available database at line 1: gcc-4.9
dpkg: warning: found unknown packages; this might mean the available database
is outdated, and needs to be updated through a frontend method;
please see the FAQ <https://wiki.debian.org/Teams/Dpkg/FAQ>
+ echo 'g++-4.9 hold'
+ dpkg --set-selections
dpkg: warning: package not in status nor available database at line 1: g++-4.9
dpkg: warning: found unknown packages; this might mean the available database
is outdated, and needs to be updated through a frontend method;
please see the FAQ <https://wiki.debian.org/Teams/Dpkg/FAQ>
+ for VERSION in $VERSIONS
+ rm -f g++-5 gcc-5 cpp-5 gcc
+ ln -s clang++-12 g++-5
+ ln -s clang-12 gcc-5
+ ln -s clang-12 cpp-5
+ ln -s clang-12 gcc
+ echo 'gcc-5 hold'
+ dpkg --set-selections
dpkg: warning: package not in status nor available database at line 1: gcc-5
dpkg: warning: found unknown packages; this might mean the available database
is outdated, and needs to be updated through a frontend method;
please see the FAQ <https://wiki.debian.org/Teams/Dpkg/FAQ>
+ echo 'g++-5 hold'
+ dpkg --set-selections
dpkg: warning: package not in status nor available database at line 1: g++-5
dpkg: warning: found unknown packages; this might mean the available database
is outdated, and needs to be updated through a frontend method;
please see the FAQ <https://wiki.debian.org/Teams/Dpkg/FAQ>
+ for VERSION in $VERSIONS
+ rm -f g++-6 gcc-6 cpp-6 gcc
+ ln -s clang++-12 g++-6
+ ln -s clang-12 gcc-6
+ ln -s clang-12 cpp-6
+ ln -s clang-12 gcc
+ echo 'gcc-6 hold'
+ dpkg --set-selections
dpkg: warning: package not in status nor available database at line 1: gcc-6
dpkg: warning: found unknown packages; this might mean the available database
is outdated, and needs to be updated through a frontend method;
please see the FAQ <https://wiki.debian.org/Teams/Dpkg/FAQ>
+ echo 'g++-6 hold'
+ dpkg --set-selections
dpkg: warning: package not in status nor available database at line 1: g++-6
dpkg: warning: found unknown packages; this might mean the available database
is outdated, and needs to be updated through a frontend method;
please see the FAQ <https://wiki.debian.org/Teams/Dpkg/FAQ>
+ for VERSION in $VERSIONS
+ rm -f g++-7 gcc-7 cpp-7 gcc
+ ln -s clang++-12 g++-7
+ ln -s clang-12 gcc-7
+ ln -s clang-12 cpp-7
+ ln -s clang-12 gcc
+ echo 'gcc-7 hold'
+ dpkg --set-selections
dpkg: warning: package not in status nor available database at line 1: gcc-7
dpkg: warning: found unknown packages; this might mean the available database
is outdated, and needs to be updated through a frontend method;
please see the FAQ <https://wiki.debian.org/Teams/Dpkg/FAQ>
+ echo 'g++-7 hold'
+ dpkg --set-selections
dpkg: warning: package not in status nor available database at line 1: g++-7
dpkg: warning: found unknown packages; this might mean the available database
is outdated, and needs to be updated through a frontend method;
please see the FAQ <https://wiki.debian.org/Teams/Dpkg/FAQ>
+ for VERSION in $VERSIONS
+ rm -f g++-8 gcc-8 cpp-8 gcc
+ ln -s clang++-12 g++-8
+ ln -s clang-12 gcc-8
+ ln -s clang-12 cpp-8
+ ln -s clang-12 gcc
+ echo 'gcc-8 hold'
+ dpkg --set-selections
dpkg: warning: package not in status nor available database at line 1: gcc-8
dpkg: warning: found unknown packages; this might mean the available database
is outdated, and needs to be updated through a frontend method;
please see the FAQ <https://wiki.debian.org/Teams/Dpkg/FAQ>
+ echo 'g++-8 hold'
+ dpkg --set-selections
dpkg: warning: package not in status nor available database at line 1: g++-8
dpkg: warning: found unknown packages; this might mean the available database
is outdated, and needs to be updated through a frontend method;
please see the FAQ <https://wiki.debian.org/Teams/Dpkg/FAQ>
+ for VERSION in $VERSIONS
+ rm -f g++-9 gcc-9 cpp-9 gcc
+ ln -s clang++-12 g++-9
+ ln -s clang-12 gcc-9
+ ln -s clang-12 cpp-9
+ ln -s clang-12 gcc
+ echo 'gcc-9 hold'
+ dpkg --set-selections
dpkg: warning: package not in status nor available database at line 1: gcc-9
dpkg: warning: found unknown packages; this might mean the available database
is outdated, and needs to be updated through a frontend method;
please see the FAQ <https://wiki.debian.org/Teams/Dpkg/FAQ>
+ echo 'g++-9 hold'
+ dpkg --set-selections
dpkg: warning: package not in status nor available database at line 1: g++-9
dpkg: warning: found unknown packages; this might mean the available database
is outdated, and needs to be updated through a frontend method;
please see the FAQ <https://wiki.debian.org/Teams/Dpkg/FAQ>
+ for VERSION in $VERSIONS
+ rm -f g++-10 gcc-10 cpp-10 gcc
+ ln -s clang++-12 g++-10
+ ln -s clang-12 gcc-10
+ ln -s clang-12 cpp-10
+ ln -s clang-12 gcc
+ echo 'gcc-10 hold'
+ dpkg --set-selections
dpkg: warning: package not in status nor available database at line 1: gcc-10
dpkg: warning: found unknown packages; this might mean the available database
is outdated, and needs to be updated through a frontend method;
please see the FAQ <https://wiki.debian.org/Teams/Dpkg/FAQ>
+ echo 'g++-10 hold'
+ dpkg --set-selections
dpkg: warning: package not in status nor available database at line 1: g++-10
dpkg: warning: found unknown packages; this might mean the available database
is outdated, and needs to be updated through a frontend method;
please see the FAQ <https://wiki.debian.org/Teams/Dpkg/FAQ>
+ for VERSION in $VERSIONS
+ rm -f g++-11 gcc-11 cpp-11 gcc
+ ln -s clang++-12 g++-11
+ ln -s clang-12 gcc-11
+ ln -s clang-12 cpp-11
+ ln -s clang-12 gcc
+ echo 'gcc-11 hold'
+ dpkg --set-selections
+ echo 'g++-11 hold'
+ dpkg --set-selections
+ cd -
/build/libqes-f11Vdf
+ echo 'Check if gcc, g++ & cpp are actually clang'
Check if gcc, g++ & cpp are actually clang
+ gcc --version
+ grep clang
+ cpp --version
+ grep clang
+ g++ --version
+ grep clang
+ cd /usr/bin/
+ rm -f clang++ clang
+ ln -s clang-12 clang++
+ ln -s clang-12 clang
+ clang++ --version
Debian clang version 12.0.1-15
Target: x86_64-pc-linux-gnu
Thread model: posix
InstalledDir: /usr/bin
+ clang --version
Debian clang version 12.0.1-15
Target: x86_64-pc-linux-gnu
Thread model: posix
InstalledDir: /usr/bin
+ cd -
/build/libqes-f11Vdf
+ apt install --yes --no-install-recommends --force-yes qt5-qmake

WARNING: apt does not have a stable CLI interface. Use with caution in scripts.

Reading package lists...
Building dependency tree...
Reading state information...
The following additional packages will be installed:
  qt5-qmake-bin qtchooser
The following NEW packages will be installed:
  qt5-qmake qt5-qmake-bin qtchooser
0 upgraded, 3 newly installed, 0 to remove and 0 not upgraded.
Need to get 1322 kB of archives.
After this operation, 4914 kB of additional disk space will be used.
Get:1 http://127.0.0.1:12990/debian sid/main amd64 qt5-qmake-bin amd64 5.15.2+dfsg-12 [1046 kB]
Get:2 http://127.0.0.1:12990/debian sid/main amd64 qtchooser amd64 66-2 [26.3 kB]
Get:3 http://127.0.0.1:12990/debian sid/main amd64 qt5-qmake amd64 5.15.2+dfsg-12 [249 kB]
debconf: delaying package configuration, since apt-utils is not installed
Fetched 1322 kB in 0s (57.0 MB/s)
Selecting previously unselected package qt5-qmake-bin.
(Reading database ... (Reading database ... 5%(Reading database ... 10%(Reading database ... 15%(Reading database ... 20%(Reading database ... 25%(Reading database ... 30%(Reading database ... 35%(Reading database ... 40%(Reading database ... 45%(Reading database ... 50%(Reading database ... 55%(Reading database ... 60%(Reading database ... 65%(Reading database ... 70%(Reading database ... 75%(Reading database ... 80%(Reading database ... 85%(Reading database ... 90%(Reading database ... 95%(Reading database ... 100%(Reading database ... 13527 files and directories currently installed.)
Preparing to unpack .../qt5-qmake-bin_5.15.2+dfsg-12_amd64.deb ...
Unpacking qt5-qmake-bin (5.15.2+dfsg-12) ...
Selecting previously unselected package qtchooser.
Preparing to unpack .../qtchooser_66-2_amd64.deb ...
Unpacking qtchooser (66-2) ...
Selecting previously unselected package qt5-qmake:amd64.
Preparing to unpack .../qt5-qmake_5.15.2+dfsg-12_amd64.deb ...
Unpacking qt5-qmake:amd64 (5.15.2+dfsg-12) ...
Setting up qt5-qmake-bin (5.15.2+dfsg-12) ...
Setting up qtchooser (66-2) ...
Setting up qt5-qmake:amd64 (5.15.2+dfsg-12) ...
W: --force-yes is deprecated, use one of the options starting with --allow instead.
+ cp /usr/lib/x86_64-linux-gnu/qt5/mkspecs/linux-clang/qmake.conf /usr/lib/x86_64-linux-gnu/qt5/mkspecs/linux-clang/qplatformdefs.h /usr/lib/x86_64-linux-gnu/qt5/mkspecs/linux-g++/
+ ls -al /usr/lib/x86_64-linux-gnu/qt5/mkspecs/linux-g++/
total 16
drwxr-xr-x  2 root root 4096 Oct 26 23:01 .
drwxr-xr-x 76 root root 4096 Oct 26 23:01 ..
-rw-r--r--  1 root root  276 Oct 26 23:01 qmake.conf
-rw-r--r--  1 root root 3218 Oct 26 23:01 qplatformdefs.h
+ cat /usr/lib/x86_64-linux-gnu/qt5/mkspecs/linux-g++/qmake.conf
#
# qmake configuration for linux-clang
#

MAKEFILE_GENERATOR = UNIX
CONFIG += incremental

QMAKE_INCREMENTAL_STYLE = sublib

include(../common/linux.conf)
include(../common/gcc-base-unix.conf)
include(../common/clang.conf)

QMAKE_LFLAGS += -ccc-gcc-name g++

load(qt_config)
+ export QMAKESPEC=/usr/lib/x86_64-linux-gnu/qt5/mkspecs/linux-clang/
+ QMAKESPEC=/usr/lib/x86_64-linux-gnu/qt5/mkspecs/linux-clang/
+ sed -i -e 's|compare_problem(2,|compare_problem(0,|g' /usr/bin/dpkg-gensymbols
+ sed -i -e 's|compare_problem(1,|compare_problem(0,|g' /usr/bin/dpkg-gensymbols
+ grep 'compare_problem(' /usr/bin/dpkg-gensymbols
        compare_problem(4, g_('new libraries appeared in the symbols file: %s'), "@libs");
        compare_problem(3, g_('some libraries disappeared in the symbols file: %s'), "@libs");
        compare_problem(0, g_('some new symbols appeared in the symbols file: %s'),
        compare_problem(0, g_('some symbols or patterns disappeared in the symbols file: %s'),

I: Finished running '/tmp/clang12'.

Finished processing commands.
--------------------------------------------------------------------------------
I: NOTICE: Log filtering will replace 'build/libqes-f11Vdf/resolver-d7MFzs' with '<<RESOLVERDIR>>'

+------------------------------------------------------------------------------+
| Update chroot                                                                |
+------------------------------------------------------------------------------+

Hit:1 http://127.0.0.1:12990/debian sid InRelease
Reading package lists...
Reading package lists...
Building dependency tree...
Reading state information...
Calculating upgrade...
0 upgraded, 0 newly installed, 0 to remove and 0 not upgraded.

+------------------------------------------------------------------------------+
| Fetch source files                                                           |
+------------------------------------------------------------------------------+


Check APT
---------

Checking available source versions...

Download source files with APT
------------------------------

Reading package lists...
NOTICE: 'libqes' packaging is maintained in the 'Git' version control system at:
https://salsa.debian.org/med-team/libqes.git
Please use:
git clone https://salsa.debian.org/med-team/libqes.git
to retrieve the latest (possibly unreleased) updates to the package.
Need to get 460 kB of source archives.
Get:1 http://127.0.0.1:12990/debian sid/main libqes 0.2.8+ds-1 (dsc) [2024 B]
Get:2 http://127.0.0.1:12990/debian sid/main libqes 0.2.8+ds-1 (tar) [454 kB]
Get:3 http://127.0.0.1:12990/debian sid/main libqes 0.2.8+ds-1 (diff) [4052 B]
Fetched 460 kB in 0s (5347 kB/s)
Download complete and in download only mode
I: NOTICE: Log filtering will replace 'build/libqes-f11Vdf/libqes-0.2.8+ds' with '<<PKGBUILDDIR>>'
I: NOTICE: Log filtering will replace 'build/libqes-f11Vdf' with '<<BUILDDIR>>'

+------------------------------------------------------------------------------+
| Install package build dependencies                                           |
+------------------------------------------------------------------------------+


Setup apt archive
-----------------

Merged Build-Depends: debhelper-compat (= 13), cmake, zlib1g-dev, d-shlibs, build-essential, fakeroot
Filtered Build-Depends: debhelper-compat (= 13), cmake, zlib1g-dev, d-shlibs, build-essential, fakeroot
dpkg-deb: building package 'sbuild-build-depends-main-dummy' in '/<<RESOLVERDIR>>/apt_archive/sbuild-build-depends-main-dummy.deb'.
Ign:1 copy:/<<RESOLVERDIR>>/apt_archive ./ InRelease
Get:2 copy:/<<RESOLVERDIR>>/apt_archive ./ Release [957 B]
Ign:3 copy:/<<RESOLVERDIR>>/apt_archive ./ Release.gpg
Get:4 copy:/<<RESOLVERDIR>>/apt_archive ./ Sources [389 B]
Get:5 copy:/<<RESOLVERDIR>>/apt_archive ./ Packages [468 B]
Fetched 1814 B in 0s (0 B/s)
Reading package lists...
Reading package lists...

Install main build dependencies (apt-based resolver)
----------------------------------------------------

Installing build dependencies
Reading package lists...
Building dependency tree...
Reading state information...
The following additional packages will be installed:
  autoconf automake autopoint autotools-dev bsdextrautils cmake cmake-data
  d-shlibs debhelper dh-autoreconf dh-elpa-helper dh-strip-nondeterminism dwz
  emacsen-common file gettext gettext-base groff-base intltool-debian
  libarchive-zip-perl libarchive13 libbrotli1 libcurl4 libdebhelper-perl
  libexpat1 libfile-stripnondeterminism-perl libjsoncpp24 libldap-2.4-2
  libmagic-mgc libmagic1 libncurses6 libncursesw6 libnghttp2-14 libpipeline1
  libprocps8 libpsl5 librhash0 librtmp1 libsasl2-2 libsasl2-modules-db
  libsigsegv2 libssh2-1 libsub-override-perl libtool libuchardet0 libuv1 m4
  man-db po-debconf procps sensible-utils zlib1g-dev
Suggested packages:
  autoconf-archive gnu-standards autoconf-doc cmake-doc ninja-build dh-make
  gettext-doc libasprintf-dev libgettextpo-dev groff lrzip libtool-doc
  gfortran | fortran95-compiler gcj-jdk m4-doc apparmor less www-browser
  libmail-box-perl
Recommended packages:
  curl | wget | lynx ca-certificates libarchive-cpio-perl libldap-common
  libgpm2 publicsuffix libsasl2-modules libltdl-dev libmail-sendmail-perl
  psmisc
The following NEW packages will be installed:
  autoconf automake autopoint autotools-dev bsdextrautils cmake cmake-data
  d-shlibs debhelper dh-autoreconf dh-elpa-helper dh-strip-nondeterminism dwz
  emacsen-common file gettext gettext-base groff-base intltool-debian
  libarchive-zip-perl libarchive13 libbrotli1 libcurl4 libdebhelper-perl
  libexpat1 libfile-stripnondeterminism-perl libjsoncpp24 libldap-2.4-2
  libmagic-mgc libmagic1 libncurses6 libncursesw6 libnghttp2-14 libpipeline1
  libprocps8 libpsl5 librhash0 librtmp1 libsasl2-2 libsasl2-modules-db
  libsigsegv2 libssh2-1 libsub-override-perl libtool libuchardet0 libuv1 m4
  man-db po-debconf procps sbuild-build-depends-main-dummy sensible-utils
  zlib1g-dev
0 upgraded, 53 newly installed, 0 to remove and 0 not upgraded.
Need to get 21.8 MB of archives.
After this operation, 76.4 MB of additional disk space will be used.
Get:1 copy:/<<RESOLVERDIR>>/apt_archive ./ sbuild-build-depends-main-dummy 0.invalid.0 [900 B]
Get:2 http://127.0.0.1:12990/debian sid/main amd64 bsdextrautils amd64 2.37.2-4 [143 kB]
Get:3 http://127.0.0.1:12990/debian sid/main amd64 libuchardet0 amd64 0.0.7-1 [67.8 kB]
Get:4 http://127.0.0.1:12990/debian sid/main amd64 groff-base amd64 1.22.4-7 [935 kB]
Get:5 http://127.0.0.1:12990/debian sid/main amd64 libpipeline1 amd64 1.5.3-1 [34.3 kB]
Get:6 http://127.0.0.1:12990/debian sid/main amd64 man-db amd64 2.9.4-2 [1354 kB]
Get:7 http://127.0.0.1:12990/debian sid/main amd64 libncurses6 amd64 6.2+20210905-1 [102 kB]
Get:8 http://127.0.0.1:12990/debian sid/main amd64 libncursesw6 amd64 6.2+20210905-1 [133 kB]
Get:9 http://127.0.0.1:12990/debian sid/main amd64 libprocps8 amd64 2:3.3.17-5 [63.9 kB]
Get:10 http://127.0.0.1:12990/debian sid/main amd64 procps amd64 2:3.3.17-5 [502 kB]
Get:11 http://127.0.0.1:12990/debian sid/main amd64 sensible-utils all 0.0.17 [21.5 kB]
Get:12 http://127.0.0.1:12990/debian sid/main amd64 libmagic-mgc amd64 1:5.39-3 [273 kB]
Get:13 http://127.0.0.1:12990/debian sid/main amd64 libmagic1 amd64 1:5.39-3 [126 kB]
Get:14 http://127.0.0.1:12990/debian sid/main amd64 file amd64 1:5.39-3 [69.1 kB]
Get:15 http://127.0.0.1:12990/debian sid/main amd64 gettext-base amd64 0.21-4 [175 kB]
Get:16 http://127.0.0.1:12990/debian sid/main amd64 libsigsegv2 amd64 2.13-1 [34.8 kB]
Get:17 http://127.0.0.1:12990/debian sid/main amd64 m4 amd64 1.4.18-5 [204 kB]
Get:18 http://127.0.0.1:12990/debian sid/main amd64 autoconf all 2.71-2 [343 kB]
Get:19 http://127.0.0.1:12990/debian sid/main amd64 autotools-dev all 20180224.1+nmu1 [77.1 kB]
Get:20 http://127.0.0.1:12990/debian sid/main amd64 automake all 1:1.16.5-1 [823 kB]
Get:21 http://127.0.0.1:12990/debian sid/main amd64 autopoint all 0.21-4 [510 kB]
Get:22 http://127.0.0.1:12990/debian sid/main amd64 libarchive13 amd64 3.4.3-2+b1 [343 kB]
Get:23 http://127.0.0.1:12990/debian sid/main amd64 libbrotli1 amd64 1.0.9-2+b2 [279 kB]
Get:24 http://127.0.0.1:12990/debian sid/main amd64 libsasl2-modules-db amd64 2.1.27+dfsg-2.1 [69.1 kB]
Get:25 http://127.0.0.1:12990/debian sid/main amd64 libsasl2-2 amd64 2.1.27+dfsg-2.1 [106 kB]
Get:26 http://127.0.0.1:12990/debian sid/main amd64 libldap-2.4-2 amd64 2.4.59+dfsg-1 [232 kB]
Get:27 http://127.0.0.1:12990/debian sid/main amd64 libnghttp2-14 amd64 1.43.0-1 [77.1 kB]
Get:28 http://127.0.0.1:12990/debian sid/main amd64 libpsl5 amd64 0.21.0-1.2 [57.3 kB]
Get:29 http://127.0.0.1:12990/debian sid/main amd64 librtmp1 amd64 2.4+20151223.gitfa8646d.1-2+b2 [60.8 kB]
Get:30 http://127.0.0.1:12990/debian sid/main amd64 libssh2-1 amd64 1.10.0-2 [178 kB]
Get:31 http://127.0.0.1:12990/debian sid/main amd64 libcurl4 amd64 7.74.0-1.3+b1 [341 kB]
Get:32 http://127.0.0.1:12990/debian sid/main amd64 libexpat1 amd64 2.4.1-3 [104 kB]
Get:33 http://127.0.0.1:12990/debian sid/main amd64 libjsoncpp24 amd64 1.9.4-5 [78.8 kB]
Get:34 http://127.0.0.1:12990/debian sid/main amd64 librhash0 amd64 1.4.2-1 [129 kB]
Get:35 http://127.0.0.1:12990/debian sid/main amd64 libuv1 amd64 1.42.0-1 [135 kB]
Get:36 http://127.0.0.1:12990/debian sid/main amd64 dh-elpa-helper all 2.0.9 [11.2 kB]
Get:37 http://127.0.0.1:12990/debian sid/main amd64 emacsen-common all 3.0.4 [19.3 kB]
Get:38 http://127.0.0.1:12990/debian sid/main amd64 cmake-data all 3.21.3-5 [1878 kB]
Get:39 http://127.0.0.1:12990/debian sid/main amd64 cmake amd64 3.21.3-5 [7907 kB]
Get:40 http://127.0.0.1:12990/debian sid/main amd64 d-shlibs all 0.103 [18.2 kB]
Get:41 http://127.0.0.1:12990/debian sid/main amd64 libdebhelper-perl all 13.5.2 [192 kB]
Get:42 http://127.0.0.1:12990/debian sid/main amd64 libtool all 2.4.6-15 [513 kB]
Get:43 http://127.0.0.1:12990/debian sid/main amd64 dh-autoreconf all 20 [17.1 kB]
Get:44 http://127.0.0.1:12990/debian sid/main amd64 libarchive-zip-perl all 1.68-1 [104 kB]
Get:45 http://127.0.0.1:12990/debian sid/main amd64 libsub-override-perl all 0.09-2 [10.2 kB]
Get:46 http://127.0.0.1:12990/debian sid/main amd64 libfile-stripnondeterminism-perl all 1.12.0-2 [26.3 kB]
Get:47 http://127.0.0.1:12990/debian sid/main amd64 dh-strip-nondeterminism all 1.12.0-2 [15.5 kB]
Get:48 http://127.0.0.1:12990/debian sid/main amd64 dwz amd64 0.14-1 [98.3 kB]
Get:49 http://127.0.0.1:12990/debian sid/main amd64 gettext amd64 0.21-4 [1311 kB]
Get:50 http://127.0.0.1:12990/debian sid/main amd64 intltool-debian all 0.35.0+20060710.5 [26.8 kB]
Get:51 http://127.0.0.1:12990/debian sid/main amd64 po-debconf all 1.0.21+nmu1 [248 kB]
Get:52 http://127.0.0.1:12990/debian sid/main amd64 debhelper all 13.5.2 [1056 kB]
Get:53 http://127.0.0.1:12990/debian sid/main amd64 zlib1g-dev amd64 1:1.2.11.dfsg-2 [190 kB]
debconf: delaying package configuration, since apt-utils is not installed
Fetched 21.8 MB in 0s (142 MB/s)
Selecting previously unselected package bsdextrautils.
(Reading database ... 14272 files and directories currently installed.)
Preparing to unpack .../00-bsdextrautils_2.37.2-4_amd64.deb ...
Unpacking bsdextrautils (2.37.2-4) ...
Selecting previously unselected package libuchardet0:amd64.
Preparing to unpack .../01-libuchardet0_0.0.7-1_amd64.deb ...
Unpacking libuchardet0:amd64 (0.0.7-1) ...
Selecting previously unselected package groff-base.
Preparing to unpack .../02-groff-base_1.22.4-7_amd64.deb ...
Unpacking groff-base (1.22.4-7) ...
Selecting previously unselected package libpipeline1:amd64.
Preparing to unpack .../03-libpipeline1_1.5.3-1_amd64.deb ...
Unpacking libpipeline1:amd64 (1.5.3-1) ...
Selecting previously unselected package man-db.
Preparing to unpack .../04-man-db_2.9.4-2_amd64.deb ...
Unpacking man-db (2.9.4-2) ...
Selecting previously unselected package libncurses6:amd64.
Preparing to unpack .../05-libncurses6_6.2+20210905-1_amd64.deb ...
Unpacking libncurses6:amd64 (6.2+20210905-1) ...
Selecting previously unselected package libncursesw6:amd64.
Preparing to unpack .../06-libncursesw6_6.2+20210905-1_amd64.deb ...
Unpacking libncursesw6:amd64 (6.2+20210905-1) ...
Selecting previously unselected package libprocps8:amd64.
Preparing to unpack .../07-libprocps8_2%3a3.3.17-5_amd64.deb ...
Unpacking libprocps8:amd64 (2:3.3.17-5) ...
Selecting previously unselected package procps.
Preparing to unpack .../08-procps_2%3a3.3.17-5_amd64.deb ...
Unpacking procps (2:3.3.17-5) ...
Selecting previously unselected package sensible-utils.
Preparing to unpack .../09-sensible-utils_0.0.17_all.deb ...
Unpacking sensible-utils (0.0.17) ...
Selecting previously unselected package libmagic-mgc.
Preparing to unpack .../10-libmagic-mgc_1%3a5.39-3_amd64.deb ...
Unpacking libmagic-mgc (1:5.39-3) ...
Selecting previously unselected package libmagic1:amd64.
Preparing to unpack .../11-libmagic1_1%3a5.39-3_amd64.deb ...
Unpacking libmagic1:amd64 (1:5.39-3) ...
Selecting previously unselected package file.
Preparing to unpack .../12-file_1%3a5.39-3_amd64.deb ...
Unpacking file (1:5.39-3) ...
Selecting previously unselected package gettext-base.
Preparing to unpack .../13-gettext-base_0.21-4_amd64.deb ...
Unpacking gettext-base (0.21-4) ...
Selecting previously unselected package libsigsegv2:amd64.
Preparing to unpack .../14-libsigsegv2_2.13-1_amd64.deb ...
Unpacking libsigsegv2:amd64 (2.13-1) ...
Selecting previously unselected package m4.
Preparing to unpack .../15-m4_1.4.18-5_amd64.deb ...
Unpacking m4 (1.4.18-5) ...
Selecting previously unselected package autoconf.
Preparing to unpack .../16-autoconf_2.71-2_all.deb ...
Unpacking autoconf (2.71-2) ...
Selecting previously unselected package autotools-dev.
Preparing to unpack .../17-autotools-dev_20180224.1+nmu1_all.deb ...
Unpacking autotools-dev (20180224.1+nmu1) ...
Selecting previously unselected package automake.
Preparing to unpack .../18-automake_1%3a1.16.5-1_all.deb ...
Unpacking automake (1:1.16.5-1) ...
Selecting previously unselected package autopoint.
Preparing to unpack .../19-autopoint_0.21-4_all.deb ...
Unpacking autopoint (0.21-4) ...
Selecting previously unselected package libarchive13:amd64.
Preparing to unpack .../20-libarchive13_3.4.3-2+b1_amd64.deb ...
Unpacking libarchive13:amd64 (3.4.3-2+b1) ...
Selecting previously unselected package libbrotli1:amd64.
Preparing to unpack .../21-libbrotli1_1.0.9-2+b2_amd64.deb ...
Unpacking libbrotli1:amd64 (1.0.9-2+b2) ...
Selecting previously unselected package libsasl2-modules-db:amd64.
Preparing to unpack .../22-libsasl2-modules-db_2.1.27+dfsg-2.1_amd64.deb ...
Unpacking libsasl2-modules-db:amd64 (2.1.27+dfsg-2.1) ...
Selecting previously unselected package libsasl2-2:amd64.
Preparing to unpack .../23-libsasl2-2_2.1.27+dfsg-2.1_amd64.deb ...
Unpacking libsasl2-2:amd64 (2.1.27+dfsg-2.1) ...
Selecting previously unselected package libldap-2.4-2:amd64.
Preparing to unpack .../24-libldap-2.4-2_2.4.59+dfsg-1_amd64.deb ...
Unpacking libldap-2.4-2:amd64 (2.4.59+dfsg-1) ...
Selecting previously unselected package libnghttp2-14:amd64.
Preparing to unpack .../25-libnghttp2-14_1.43.0-1_amd64.deb ...
Unpacking libnghttp2-14:amd64 (1.43.0-1) ...
Selecting previously unselected package libpsl5:amd64.
Preparing to unpack .../26-libpsl5_0.21.0-1.2_amd64.deb ...
Unpacking libpsl5:amd64 (0.21.0-1.2) ...
Selecting previously unselected package librtmp1:amd64.
Preparing to unpack .../27-librtmp1_2.4+20151223.gitfa8646d.1-2+b2_amd64.deb ...
Unpacking librtmp1:amd64 (2.4+20151223.gitfa8646d.1-2+b2) ...
Selecting previously unselected package libssh2-1:amd64.
Preparing to unpack .../28-libssh2-1_1.10.0-2_amd64.deb ...
Unpacking libssh2-1:amd64 (1.10.0-2) ...
Selecting previously unselected package libcurl4:amd64.
Preparing to unpack .../29-libcurl4_7.74.0-1.3+b1_amd64.deb ...
Unpacking libcurl4:amd64 (7.74.0-1.3+b1) ...
Selecting previously unselected package libexpat1:amd64.
Preparing to unpack .../30-libexpat1_2.4.1-3_amd64.deb ...
Unpacking libexpat1:amd64 (2.4.1-3) ...
Selecting previously unselected package libjsoncpp24:amd64.
Preparing to unpack .../31-libjsoncpp24_1.9.4-5_amd64.deb ...
Unpacking libjsoncpp24:amd64 (1.9.4-5) ...
Selecting previously unselected package librhash0:amd64.
Preparing to unpack .../32-librhash0_1.4.2-1_amd64.deb ...
Unpacking librhash0:amd64 (1.4.2-1) ...
Selecting previously unselected package libuv1:amd64.
Preparing to unpack .../33-libuv1_1.42.0-1_amd64.deb ...
Unpacking libuv1:amd64 (1.42.0-1) ...
Selecting previously unselected package dh-elpa-helper.
Preparing to unpack .../34-dh-elpa-helper_2.0.9_all.deb ...
Unpacking dh-elpa-helper (2.0.9) ...
Selecting previously unselected package emacsen-common.
Preparing to unpack .../35-emacsen-common_3.0.4_all.deb ...
Unpacking emacsen-common (3.0.4) ...
Selecting previously unselected package cmake-data.
Preparing to unpack .../36-cmake-data_3.21.3-5_all.deb ...
Unpacking cmake-data (3.21.3-5) ...
Selecting previously unselected package cmake.
Preparing to unpack .../37-cmake_3.21.3-5_amd64.deb ...
Unpacking cmake (3.21.3-5) ...
Selecting previously unselected package d-shlibs.
Preparing to unpack .../38-d-shlibs_0.103_all.deb ...
Unpacking d-shlibs (0.103) ...
Selecting previously unselected package libdebhelper-perl.
Preparing to unpack .../39-libdebhelper-perl_13.5.2_all.deb ...
Unpacking libdebhelper-perl (13.5.2) ...
Selecting previously unselected package libtool.
Preparing to unpack .../40-libtool_2.4.6-15_all.deb ...
Unpacking libtool (2.4.6-15) ...
Selecting previously unselected package dh-autoreconf.
Preparing to unpack .../41-dh-autoreconf_20_all.deb ...
Unpacking dh-autoreconf (20) ...
Selecting previously unselected package libarchive-zip-perl.
Preparing to unpack .../42-libarchive-zip-perl_1.68-1_all.deb ...
Unpacking libarchive-zip-perl (1.68-1) ...
Selecting previously unselected package libsub-override-perl.
Preparing to unpack .../43-libsub-override-perl_0.09-2_all.deb ...
Unpacking libsub-override-perl (0.09-2) ...
Selecting previously unselected package libfile-stripnondeterminism-perl.
Preparing to unpack .../44-libfile-stripnondeterminism-perl_1.12.0-2_all.deb ...
Unpacking libfile-stripnondeterminism-perl (1.12.0-2) ...
Selecting previously unselected package dh-strip-nondeterminism.
Preparing to unpack .../45-dh-strip-nondeterminism_1.12.0-2_all.deb ...
Unpacking dh-strip-nondeterminism (1.12.0-2) ...
Selecting previously unselected package dwz.
Preparing to unpack .../46-dwz_0.14-1_amd64.deb ...
Unpacking dwz (0.14-1) ...
Selecting previously unselected package gettext.
Preparing to unpack .../47-gettext_0.21-4_amd64.deb ...
Unpacking gettext (0.21-4) ...
Selecting previously unselected package intltool-debian.
Preparing to unpack .../48-intltool-debian_0.35.0+20060710.5_all.deb ...
Unpacking intltool-debian (0.35.0+20060710.5) ...
Selecting previously unselected package po-debconf.
Preparing to unpack .../49-po-debconf_1.0.21+nmu1_all.deb ...
Unpacking po-debconf (1.0.21+nmu1) ...
Selecting previously unselected package debhelper.
Preparing to unpack .../50-debhelper_13.5.2_all.deb ...
Unpacking debhelper (13.5.2) ...
Selecting previously unselected package zlib1g-dev:amd64.
Preparing to unpack .../51-zlib1g-dev_1%3a1.2.11.dfsg-2_amd64.deb ...
Unpacking zlib1g-dev:amd64 (1:1.2.11.dfsg-2) ...
Selecting previously unselected package sbuild-build-depends-main-dummy.
Preparing to unpack .../52-sbuild-build-depends-main-dummy_0.invalid.0_amd64.deb ...
Unpacking sbuild-build-depends-main-dummy (0.invalid.0) ...
Setting up libexpat1:amd64 (2.4.1-3) ...
Setting up libpipeline1:amd64 (1.5.3-1) ...
Setting up libpsl5:amd64 (0.21.0-1.2) ...
Setting up bsdextrautils (2.37.2-4) ...
update-alternatives: using /usr/bin/write.ul to provide /usr/bin/write (write) in auto mode
Setting up libmagic-mgc (1:5.39-3) ...
Setting up libarchive13:amd64 (3.4.3-2+b1) ...
Setting up libarchive-zip-perl (1.68-1) ...
Setting up libdebhelper-perl (13.5.2) ...
Setting up libbrotli1:amd64 (1.0.9-2+b2) ...
Setting up libnghttp2-14:amd64 (1.43.0-1) ...
Setting up libmagic1:amd64 (1:5.39-3) ...
Setting up gettext-base (0.21-4) ...
Setting up file (1:5.39-3) ...
Setting up libsasl2-modules-db:amd64 (2.1.27+dfsg-2.1) ...
Setting up autotools-dev (20180224.1+nmu1) ...
Setting up libuv1:amd64 (1.42.0-1) ...
Setting up emacsen-common (3.0.4) ...
Setting up librtmp1:amd64 (2.4+20151223.gitfa8646d.1-2+b2) ...
Setting up dh-elpa-helper (2.0.9) ...
Setting up libncurses6:amd64 (6.2+20210905-1) ...
Setting up libsigsegv2:amd64 (2.13-1) ...
Setting up autopoint (0.21-4) ...
Setting up d-shlibs (0.103) ...
Setting up libncursesw6:amd64 (6.2+20210905-1) ...
Setting up libsasl2-2:amd64 (2.1.27+dfsg-2.1) ...
Setting up libjsoncpp24:amd64 (1.9.4-5) ...
Setting up zlib1g-dev:amd64 (1:1.2.11.dfsg-2) ...
Setting up dwz (0.14-1) ...
Setting up sensible-utils (0.0.17) ...
Setting up librhash0:amd64 (1.4.2-1) ...
Setting up libuchardet0:amd64 (0.0.7-1) ...
Setting up libsub-override-perl (0.09-2) ...
Setting up libssh2-1:amd64 (1.10.0-2) ...
Setting up cmake-data (3.21.3-5) ...
Setting up libprocps8:amd64 (2:3.3.17-5) ...
Setting up libfile-stripnondeterminism-perl (1.12.0-2) ...
Setting up gettext (0.21-4) ...
Setting up libtool (2.4.6-15) ...
Setting up libldap-2.4-2:amd64 (2.4.59+dfsg-1) ...
Setting up m4 (1.4.18-5) ...
Setting up intltool-debian (0.35.0+20060710.5) ...
Setting up autoconf (2.71-2) ...
Setting up dh-strip-nondeterminism (1.12.0-2) ...
Setting up groff-base (1.22.4-7) ...
Setting up procps (2:3.3.17-5) ...
Setting up libcurl4:amd64 (7.74.0-1.3+b1) ...
Setting up automake (1:1.16.5-1) ...
update-alternatives: using /usr/bin/automake-1.16 to provide /usr/bin/automake (automake) in auto mode
Setting up po-debconf (1.0.21+nmu1) ...
Setting up man-db (2.9.4-2) ...
Not building database; man-db/auto-update is not 'true'.
Setting up dh-autoreconf (20) ...
Setting up cmake (3.21.3-5) ...
Setting up debhelper (13.5.2) ...
Setting up sbuild-build-depends-main-dummy (0.invalid.0) ...
Processing triggers for libc-bin (2.32-4) ...

+------------------------------------------------------------------------------+
| Check architectures                                                          |
+------------------------------------------------------------------------------+

Arch check ok (amd64 included in any)

+------------------------------------------------------------------------------+
| Build environment                                                            |
+------------------------------------------------------------------------------+

Kernel: Linux 4.19.0-6-cloud-amd64 #1 SMP Debian 4.19.67-2+deb10u2 (2019-11-11) amd64 (x86_64)
Toolchain package versions: binutils_2.37-7 dpkg-dev_1.20.9 g++-11_11.2.0-10 gcc-11_11.2.0-10 libc6-dev_2.32-4 libstdc++-11-dev_11.2.0-10 libstdc++6_11.2.0-10 linux-libc-dev_5.14.12-1
Package versions: adduser_3.118 apt_2.3.11 autoconf_2.71-2 automake_1:1.16.5-1 autopoint_0.21-4 autotools-dev_20180224.1+nmu1 base-files_12 base-passwd_3.5.52 bash_5.1-3+b2 binutils_2.37-7 binutils-common_2.37-7 binutils-x86-64-linux-gnu_2.37-7 bsdextrautils_2.37.2-4 bsdutils_1:2.37.2-4 build-essential_12.9 bzip2_1.0.8-4 clang-12_1:12.0.1-15 cmake_3.21.3-5 cmake-data_3.21.3-5 coreutils_8.32-4+b1 cpp_4:11.2.0-2 cpp-11_11.2.0-10 d-shlibs_0.103 dash_0.5.11+git20210120+802ebd4-2 debconf_1.5.78 debhelper_13.5.2 debian-archive-keyring_2021.1.1 debianutils_5.5-1 dh-autoreconf_20 dh-elpa-helper_2.0.9 dh-strip-nondeterminism_1.12.0-2 diffutils_1:3.7-5 dpkg_1.20.9 dpkg-dev_1.20.9 dwz_0.14-1 e2fsprogs_1.46.4-1 emacsen-common_3.0.4 fakeroot_1.26-1 file_1:5.39-3 findutils_4.8.0-1 g++_4:11.2.0-2 g++-11_11.2.0-10 gcc_4:11.2.0-2 gcc-10-base_10.3.0-11 gcc-11_11.2.0-10 gcc-11-base_11.2.0-10 gcc-9-base_9.4.0-3 gettext_0.21-4 gettext-base_0.21-4 gpgv_2.2.27-2 grep_3.7-1 groff-base_1.22.4-7 gzip_1.10-4 hostname_3.23 init-system-helpers_1.60 intltool-debian_0.35.0+20060710.5 lib32gcc-s1_11.2.0-10 lib32stdc++6_11.2.0-10 libacl1_2.3.1-1 libapt-pkg6.0_2.3.11 libarchive-zip-perl_1.68-1 libarchive13_3.4.3-2+b1 libasan5_9.4.0-3 libasan6_11.2.0-10 libatomic1_11.2.0-10 libattr1_1:2.5.1-1 libaudit-common_1:3.0.6-1 libaudit1_1:3.0.6-1 libbinutils_2.37-7 libblkid1_2.37.2-4 libbrotli1_1.0.9-2+b2 libbsd0_0.11.3-1 libbz2-1.0_1.0.8-4 libc-bin_2.32-4 libc-dev-bin_2.32-4 libc6_2.32-4 libc6-dev_2.32-4 libc6-i386_2.32-4 libcap-ng0_0.7.9-2.2+b1 libcap2_1:2.44-1 libcc1-0_11.2.0-10 libclang-common-12-dev_1:12.0.1-15 libclang-cpp12_1:12.0.1-15 libclang1-12_1:12.0.1-15 libcom-err2_1.46.4-1 libcrypt-dev_1:4.4.25-2 libcrypt1_1:4.4.25-2 libctf-nobfd0_2.37-7 libctf0_2.37-7 libcurl4_7.74.0-1.3+b1 libdb5.3_5.3.28+dfsg1-0.8 libdebconfclient0_0.260 libdebhelper-perl_13.5.2 libdpkg-perl_1.20.9 libedit2_3.1-20210910-1 libelf1_0.185-2 libexpat1_2.4.1-3 libext2fs2_1.46.4-1 libfakeroot_1.26-1 libffi8_3.4.2-3 libfile-stripnondeterminism-perl_1.12.0-2 libgc1_1:8.0.4-3 libgcc-11-dev_11.2.0-10 libgcc-9-dev_9.4.0-3 libgcc-s1_11.2.0-10 libgcrypt20_1.9.4-3+b1 libgdbm-compat4_1.22-1 libgdbm6_1.22-1 libgmp10_2:6.2.1+dfsg-2 libgnutls30_3.7.2-2 libgomp1_11.2.0-10 libgpg-error0_1.42-3 libgssapi-krb5-2_1.18.3-7 libhogweed6_3.7.3-1 libicu67_67.1-7 libidn2-0_2.3.2-2 libisl23_0.24-2 libitm1_11.2.0-10 libjsoncpp24_1.9.4-5 libk5crypto3_1.18.3-7 libkeyutils1_1.6.1-2 libkrb5-3_1.18.3-7 libkrb5support0_1.18.3-7 libldap-2.4-2_2.4.59+dfsg-1 libllvm12_1:12.0.1-15 liblsan0_11.2.0-10 liblz4-1_1.9.3-2 liblzma5_5.2.5-2 libmagic-mgc_1:5.39-3 libmagic1_1:5.39-3 libmd0_1.0.4-1 libmount1_2.37.2-4 libmpc3_1.2.1-1 libmpfr6_4.1.0-3 libncurses6_6.2+20210905-1 libncursesw6_6.2+20210905-1 libnettle8_3.7.3-1 libnghttp2-14_1.43.0-1 libnsl-dev_1.3.0-2 libnsl2_1.3.0-2 libobjc-11-dev_11.2.0-10 libobjc-9-dev_9.4.0-3 libobjc4_11.2.0-10 libomp-12-dev_1:12.0.1-15 libomp5-12_1:12.0.1-15 libp11-kit0_0.24.0-5 libpam-modules_1.4.0-10 libpam-modules-bin_1.4.0-10 libpam-runtime_1.4.0-10 libpam0g_1.4.0-10 libpcre2-8-0_10.36-2 libpcre3_2:8.39-13 libperl5.32_5.32.1-6 libpipeline1_1.5.3-1 libprocps8_2:3.3.17-5 libpsl5_0.21.0-1.2 libquadmath0_11.2.0-10 librhash0_1.4.2-1 librtmp1_2.4+20151223.gitfa8646d.1-2+b2 libsasl2-2_2.1.27+dfsg-2.1 libsasl2-modules-db_2.1.27+dfsg-2.1 libseccomp2_2.5.2-2 libselinux1_3.1-3 libsemanage-common_3.1-1 libsemanage1_3.1-1+b2 libsepol1_3.1-1 libsigsegv2_2.13-1 libsmartcols1_2.37.2-4 libss2_1.46.4-1 libssh2-1_1.10.0-2 libssl1.1_1.1.1l-1 libstdc++-11-dev_11.2.0-10 libstdc++6_11.2.0-10 libsub-override-perl_0.09-2 libsystemd0_249.5-1 libtasn1-6_4.17.0-2 libtinfo6_6.2+20210905-1 libtirpc-common_1.3.2-2 libtirpc-dev_1.3.2-2 libtirpc3_1.3.2-2 libtool_2.4.6-15 libtsan0_11.2.0-10 libubsan1_11.2.0-10 libuchardet0_0.0.7-1 libudev1_249.5-1 libunistring2_0.9.10-6 libunwind-12_1:12.0.1-15 libuuid1_2.37.2-4 libuv1_1.42.0-1 libxml2_2.9.12+dfsg-5 libxxhash0_0.8.0-2 libz3-4_4.8.12-1+b1 libzstd1_1.4.8+dfsg-3 linux-libc-dev_5.14.12-1 llvm-12-linker-tools_1:12.0.1-15 login_1:4.8.1-1 logsave_1.46.4-1 lsb-base_11.1.0 m4_1.4.18-5 make_4.3-4.1 man-db_2.9.4-2 mawk_1.3.4.20200120-2 mount_2.37.2-4 ncurses-base_6.2+20210905-1 ncurses-bin_6.2+20210905-1 passwd_1:4.8.1-1 patch_2.7.6-7 perl_5.32.1-6 perl-base_5.32.1-6 perl-modules-5.32_5.32.1-6 po-debconf_1.0.21+nmu1 procps_2:3.3.17-5 qt5-qmake_5.15.2+dfsg-12 qt5-qmake-bin_5.15.2+dfsg-12 qtchooser_66-2 rpcsvc-proto_1.4.2-4 sbuild-build-depends-main-dummy_0.invalid.0 sed_4.8-1 sensible-utils_0.0.17 sysvinit-utils_3.00-1 tar_1.34+dfsg-1 tzdata_2021e-1 util-linux_2.37.2-4 xz-utils_5.2.5-2 zlib1g_1:1.2.11.dfsg-2 zlib1g-dev_1:1.2.11.dfsg-2

+------------------------------------------------------------------------------+
| Build                                                                        |
+------------------------------------------------------------------------------+


Unpack source
-------------

-----BEGIN PGP SIGNED MESSAGE-----
Hash: SHA512

Format: 3.0 (quilt)
Source: libqes
Binary: libqes-dev, libqes0
Architecture: any
Version: 0.2.8+ds-1
Maintainer: Debian Med Packaging Team <debian-med-packaging@lists.alioth.debian.org>
Uploaders: Kevin Murray <kdmfoss@gmail.com>
Homepage: https://github.com/kdmurray91/libqes
Standards-Version: 4.5.1
Vcs-Browser: https://salsa.debian.org/med-team/libqes
Vcs-Git: https://salsa.debian.org/med-team/libqes.git
Build-Depends: debhelper-compat (= 13), cmake, zlib1g-dev, d-shlibs
Package-List:
 libqes-dev deb libdevel optional arch=any
 libqes0 deb libs optional arch=any
Checksums-Sha1:
 e7d95dc9a29ccaca031b684a5b653e637438bf05 454128 libqes_0.2.8+ds.orig.tar.xz
 517d8d54158d157b96784cea4419bf2a1fcaf1da 4052 libqes_0.2.8+ds-1.debian.tar.xz
Checksums-Sha256:
 84a8c7b41b18c7fcaa73d4b9e31d76c21741dbbe58810eb7ea4959ac68406981 454128 libqes_0.2.8+ds.orig.tar.xz
 d7867c133b6d6dbaebc475d2a4af5339dd6ab0407020a599564f00e941bea12a 4052 libqes_0.2.8+ds-1.debian.tar.xz
Files:
 5cf26ce433f27e5b4878b0565809c386 454128 libqes_0.2.8+ds.orig.tar.xz
 fe36e1d272673c245dd9e81f05c24b11 4052 libqes_0.2.8+ds-1.debian.tar.xz

-----BEGIN PGP SIGNATURE-----

iQJJBAEBCgAzFiEEBAGoEKbyQwMeo5dZbX1EGRnQI5UFAmAcCz0VHGhlbGxvQHNo
YXlhbmRvdXN0Lm1lAAoJEG19RBkZ0COVL10QALNdUKnMS+Ol5G9C6X9ocKxCrJfp
H7GuyutbYTYr0vaBDGjafXKvdcV9KgvBx+UNd+4VqQoe/D6bL67voyAWbEj7ZuZT
4w8b3g22t2R+4q2pnJRqsEIgtr/q8zdGaB8pnl/LjJwkh9xMt8ipyxvwV1rssUMr
stFXikZ8YvatC7qQEg+LFxPBJsndybXQvp54+QRT7LDfs9HwCpiV17EoycH1fYP/
mtiA1CfnNZuH8wbE6LSi6Kbtot1ysLG8UWFGs7AL1e7+L5/1uhkw/I85Q1p6SqaA
QC3TuQ8dEGvnjN3fLboACL3lDQGRljUFHtzZQzUJuLoat49xvwUjqbqJbNk7++LL
C0NGVMIsiCn0dHC/Zd2Am56r32ziNeiAOS3YRvsEu/GA7fznTj1wfKzAo5ftXLTd
MysDmOFWjdyRtOJpu+u27Vu4qjiT/CvmoPW3XwmbRUjlK2Aa+lMf+Te5hzYS2SCA
xXZxXgChl/c1VMdEOHN5/e3rB+7zVr4fuG2hQVr1rCZmTvBSydj6IB4GrjAiKISF
8XGklT0cdAya6lKlzuzfoH9qjvQrsNFYTa32SdGcRuYx0ERoJ5jQaK4PfmF2zrX3
+XcLMVaZwMiZ+CsyZBsYobnr4TBMXyxzn9s/md79aI1vHBHiBsVKQydFHQW7ZMGs
40rqkNKtYVIWzpFV
=/e+v
-----END PGP SIGNATURE-----

gpgv: unknown type of key resource 'trustedkeys.kbx'
gpgv: keyblock resource '/tmp/dpkg-verify-sig.Un6NhYtF/trustedkeys.kbx': General error
gpgv: Signature made Thu Feb  4 14:57:01 2021 UTC
gpgv:                using RSA key 0401A810A6F243031EA397596D7D441919D02395
gpgv:                issuer "hello@shayandoust.me"
gpgv: Can't check signature: No public key
dpkg-source: warning: failed to verify signature on ./libqes_0.2.8+ds-1.dsc
dpkg-source: info: extracting libqes in /<<PKGBUILDDIR>>
dpkg-source: info: unpacking libqes_0.2.8+ds.orig.tar.xz
dpkg-source: info: unpacking libqes_0.2.8+ds-1.debian.tar.xz

Check disk space
----------------

Sufficient free space for build

User Environment
----------------

APT_CONFIG=/var/lib/sbuild/apt.conf
HOME=/sbuild-nonexistent
LANG=C.UTF-8
LC_ALL=C.UTF-8
LOGNAME=user42
PATH=/usr/local/sbin:/usr/local/bin:/usr/sbin:/usr/bin:/sbin:/bin:/usr/games
SCHROOT_ALIAS_NAME=unstable
SCHROOT_CHROOT_NAME=sid-amd64-sbuild
SCHROOT_COMMAND=env
SCHROOT_GID=1001
SCHROOT_GROUP=user42
SCHROOT_SESSION_ID=sid-amd64-sbuild-c33e8599-52aa-4110-8153-f90c2d75cce7
SCHROOT_UID=1001
SCHROOT_USER=user42
SHELL=/bin/sh
USER=user42

dpkg-buildpackage
-----------------

Command: dpkg-buildpackage -us -uc -b -rfakeroot
dpkg-buildpackage: info: source package libqes
dpkg-buildpackage: info: source version 0.2.8+ds-1
dpkg-buildpackage: info: source distribution unstable
dpkg-buildpackage: info: source changed by Shayan Doust <hello@shayandoust.me>
 dpkg-source --before-build .
dpkg-buildpackage: info: host architecture amd64
 debian/rules clean
dh clean --buildsystem=cmake
   dh_auto_clean -O--buildsystem=cmake
   dh_autoreconf_clean -O--buildsystem=cmake
   dh_clean -O--buildsystem=cmake
 debian/rules binary
dh binary --buildsystem=cmake
   dh_update_autotools_config -O--buildsystem=cmake
   dh_autoreconf -O--buildsystem=cmake
   dh_auto_configure -O--buildsystem=cmake
	cd obj-x86_64-linux-gnu && cmake -DCMAKE_INSTALL_PREFIX=/usr -DCMAKE_BUILD_TYPE=None -DCMAKE_INSTALL_SYSCONFDIR=/etc -DCMAKE_INSTALL_LOCALSTATEDIR=/var -DCMAKE_EXPORT_NO_PACKAGE_REGISTRY=ON -DCMAKE_FIND_USE_PACKAGE_REGISTRY=OFF -DCMAKE_FIND_PACKAGE_NO_PACKAGE_REGISTRY=ON -DCMAKE_INSTALL_RUNSTATEDIR=/run -DCMAKE_SKIP_INSTALL_ALL_DEPENDENCY=ON "-GUnix Makefiles" -DCMAKE_VERBOSE_MAKEFILE=ON -DCMAKE_INSTALL_LIBDIR=lib/x86_64-linux-gnu ..
CMake Deprecation Warning at CMakeLists.txt:1 (CMAKE_MINIMUM_REQUIRED):
  Compatibility with CMake < 2.8.12 will be removed from a future version of
  CMake.

  Update the VERSION argument <min> value or use a ...<max> suffix to tell
  CMake that the project does not need compatibility with older versions.


-- The C compiler identification is Clang 12.0.1
-- Detecting C compiler ABI info
-- Detecting C compiler ABI info - done
-- Check for working C compiler: /usr/bin/cc - skipped
-- Detecting C compile features
-- Detecting C compile features - done
-- None build of libqes version: 
-- Looking for vasprintf
-- Looking for vasprintf - found
-- Looking for asprintf
-- Looking for asprintf - found
-- Looking for getline
-- Looking for getline - found
-- Looking for strndup
-- Looking for strndup - found
-- Found ZLIB: /usr/lib/x86_64-linux-gnu/libz.so (found suitable version "1.2.11", minimum required is "1.2.5") 
-- Looking for gzbuffer in /usr/lib/x86_64-linux-gnu/libz.so
-- Looking for gzbuffer in /usr/lib/x86_64-linux-gnu/libz.so - found
-- Found OpenMP_C: -fopenmp=libomp (found version "5.0") 
-- Found OpenMP: TRUE (found version "5.0")  
-- Configuring done
-- Generating done
CMake Warning:
  Manually-specified variables were not used by the project:

    CMAKE_EXPORT_NO_PACKAGE_REGISTRY
    CMAKE_FIND_PACKAGE_NO_PACKAGE_REGISTRY
    CMAKE_INSTALL_LIBDIR
    CMAKE_INSTALL_LOCALSTATEDIR
    CMAKE_INSTALL_RUNSTATEDIR
    CMAKE_INSTALL_SYSCONFDIR


-- Build files have been written to: /<<PKGBUILDDIR>>/obj-x86_64-linux-gnu
   dh_auto_build -O--buildsystem=cmake
	cd obj-x86_64-linux-gnu && make -j4 "INSTALL=install --strip-program=true" VERBOSE=1
make[1]: Entering directory '/<<PKGBUILDDIR>>/obj-x86_64-linux-gnu'
/usr/bin/cmake -S/<<PKGBUILDDIR>> -B/<<PKGBUILDDIR>>/obj-x86_64-linux-gnu --check-build-system CMakeFiles/Makefile.cmake 0
/usr/bin/cmake -E cmake_progress_start /<<PKGBUILDDIR>>/obj-x86_64-linux-gnu/CMakeFiles /<<PKGBUILDDIR>>/obj-x86_64-linux-gnu//CMakeFiles/progress.marks
make  -f CMakeFiles/Makefile2 all
make[2]: Entering directory '/<<PKGBUILDDIR>>/obj-x86_64-linux-gnu'
make  -f src/CMakeFiles/qes.dir/build.make src/CMakeFiles/qes.dir/depend
make  -f src/CMakeFiles/qes_static.dir/build.make src/CMakeFiles/qes_static.dir/depend
make[3]: Entering directory '/<<PKGBUILDDIR>>/obj-x86_64-linux-gnu'
cd /<<PKGBUILDDIR>>/obj-x86_64-linux-gnu && /usr/bin/cmake -E cmake_depends "Unix Makefiles" /<<PKGBUILDDIR>> /<<PKGBUILDDIR>>/src /<<PKGBUILDDIR>>/obj-x86_64-linux-gnu /<<PKGBUILDDIR>>/obj-x86_64-linux-gnu/src /<<PKGBUILDDIR>>/obj-x86_64-linux-gnu/src/CMakeFiles/qes.dir/DependInfo.cmake --color=
make[3]: Entering directory '/<<PKGBUILDDIR>>/obj-x86_64-linux-gnu'
cd /<<PKGBUILDDIR>>/obj-x86_64-linux-gnu && /usr/bin/cmake -E cmake_depends "Unix Makefiles" /<<PKGBUILDDIR>> /<<PKGBUILDDIR>>/src /<<PKGBUILDDIR>>/obj-x86_64-linux-gnu /<<PKGBUILDDIR>>/obj-x86_64-linux-gnu/src /<<PKGBUILDDIR>>/obj-x86_64-linux-gnu/src/CMakeFiles/qes_static.dir/DependInfo.cmake --color=
make[3]: Leaving directory '/<<PKGBUILDDIR>>/obj-x86_64-linux-gnu'
make[3]: Leaving directory '/<<PKGBUILDDIR>>/obj-x86_64-linux-gnu'
make  -f src/CMakeFiles/qes.dir/build.make src/CMakeFiles/qes.dir/build
make  -f src/CMakeFiles/qes_static.dir/build.make src/CMakeFiles/qes_static.dir/build
make[3]: Entering directory '/<<PKGBUILDDIR>>/obj-x86_64-linux-gnu'
make[3]: Entering directory '/<<PKGBUILDDIR>>/obj-x86_64-linux-gnu'
[  4%] Building C object src/CMakeFiles/qes_static.dir/qes_file.c.o
[  4%] Building C object src/CMakeFiles/qes_static.dir/qes_compat.c.o
[  8%] Building C object src/CMakeFiles/qes.dir/qes_file.c.o
[  8%] Building C object src/CMakeFiles/qes.dir/qes_compat.c.o
cd /<<PKGBUILDDIR>>/obj-x86_64-linux-gnu/src && /usr/bin/cc  -I/<<PKGBUILDDIR>>/obj-x86_64-linux-gnu -I/<<PKGBUILDDIR>>/src -I/<<PKGBUILDDIR>>/test -I/<<PKGBUILDDIR>>/test/tinytest -g -O2 -ffile-prefix-map=/<<PKGBUILDDIR>>=. -fstack-protector-strong -Wformat -Werror=format-security -Wdate-time -D_FORTIFY_SOURCE=2 -std=gnu99 -D_GNU_SOURCE  -Wall -Wextra -pedantic -fopenmp=libomp -MD -MT src/CMakeFiles/qes_static.dir/qes_file.c.o -MF CMakeFiles/qes_static.dir/qes_file.c.o.d -o CMakeFiles/qes_static.dir/qes_file.c.o -c /<<PKGBUILDDIR>>/src/qes_file.c
cd /<<PKGBUILDDIR>>/obj-x86_64-linux-gnu/src && /usr/bin/cc  -I/<<PKGBUILDDIR>>/obj-x86_64-linux-gnu -I/<<PKGBUILDDIR>>/src -I/<<PKGBUILDDIR>>/test -I/<<PKGBUILDDIR>>/test/tinytest -g -O2 -ffile-prefix-map=/<<PKGBUILDDIR>>=. -fstack-protector-strong -Wformat -Werror=format-security -Wdate-time -D_FORTIFY_SOURCE=2 -std=gnu99 -D_GNU_SOURCE  -Wall -Wextra -pedantic -fopenmp=libomp -MD -MT src/CMakeFiles/qes_static.dir/qes_compat.c.o -MF CMakeFiles/qes_static.dir/qes_compat.c.o.d -o CMakeFiles/qes_static.dir/qes_compat.c.o -c /<<PKGBUILDDIR>>/src/qes_compat.c
cd /<<PKGBUILDDIR>>/obj-x86_64-linux-gnu/src && /usr/bin/cc -Dqes_EXPORTS -I/<<PKGBUILDDIR>>/obj-x86_64-linux-gnu -I/<<PKGBUILDDIR>>/src -I/<<PKGBUILDDIR>>/test -I/<<PKGBUILDDIR>>/test/tinytest -g -O2 -ffile-prefix-map=/<<PKGBUILDDIR>>=. -fstack-protector-strong -Wformat -Werror=format-security -Wdate-time -D_FORTIFY_SOURCE=2 -std=gnu99 -D_GNU_SOURCE  -Wall -Wextra -pedantic -fopenmp=libomp -fPIC -MD -MT src/CMakeFiles/qes.dir/qes_file.c.o -MF CMakeFiles/qes.dir/qes_file.c.o.d -o CMakeFiles/qes.dir/qes_file.c.o -c /<<PKGBUILDDIR>>/src/qes_file.c
cd /<<PKGBUILDDIR>>/obj-x86_64-linux-gnu/src && /usr/bin/cc -Dqes_EXPORTS -I/<<PKGBUILDDIR>>/obj-x86_64-linux-gnu -I/<<PKGBUILDDIR>>/src -I/<<PKGBUILDDIR>>/test -I/<<PKGBUILDDIR>>/test/tinytest -g -O2 -ffile-prefix-map=/<<PKGBUILDDIR>>=. -fstack-protector-strong -Wformat -Werror=format-security -Wdate-time -D_FORTIFY_SOURCE=2 -std=gnu99 -D_GNU_SOURCE  -Wall -Wextra -pedantic -fopenmp=libomp -fPIC -MD -MT src/CMakeFiles/qes.dir/qes_compat.c.o -MF CMakeFiles/qes.dir/qes_compat.c.o.d -o CMakeFiles/qes.dir/qes_compat.c.o -c /<<PKGBUILDDIR>>/src/qes_compat.c
[ 10%] Building C object src/CMakeFiles/qes.dir/qes_log.c.o
cd /<<PKGBUILDDIR>>/obj-x86_64-linux-gnu/src && /usr/bin/cc -Dqes_EXPORTS -I/<<PKGBUILDDIR>>/obj-x86_64-linux-gnu -I/<<PKGBUILDDIR>>/src -I/<<PKGBUILDDIR>>/test -I/<<PKGBUILDDIR>>/test/tinytest -g -O2 -ffile-prefix-map=/<<PKGBUILDDIR>>=. -fstack-protector-strong -Wformat -Werror=format-security -Wdate-time -D_FORTIFY_SOURCE=2 -std=gnu99 -D_GNU_SOURCE  -Wall -Wextra -pedantic -fopenmp=libomp -fPIC -MD -MT src/CMakeFiles/qes.dir/qes_log.c.o -MF CMakeFiles/qes.dir/qes_log.c.o.d -o CMakeFiles/qes.dir/qes_log.c.o -c /<<PKGBUILDDIR>>/src/qes_log.c
[ 13%] Building C object src/CMakeFiles/qes.dir/qes_libgnu.c.o
cd /<<PKGBUILDDIR>>/obj-x86_64-linux-gnu/src && /usr/bin/cc -Dqes_EXPORTS -I/<<PKGBUILDDIR>>/obj-x86_64-linux-gnu -I/<<PKGBUILDDIR>>/src -I/<<PKGBUILDDIR>>/test -I/<<PKGBUILDDIR>>/test/tinytest -g -O2 -ffile-prefix-map=/<<PKGBUILDDIR>>=. -fstack-protector-strong -Wformat -Werror=format-security -Wdate-time -D_FORTIFY_SOURCE=2 -std=gnu99 -D_GNU_SOURCE  -Wall -Wextra -pedantic -fopenmp=libomp -fPIC -MD -MT src/CMakeFiles/qes.dir/qes_libgnu.c.o -MF CMakeFiles/qes.dir/qes_libgnu.c.o.d -o CMakeFiles/qes.dir/qes_libgnu.c.o -c /<<PKGBUILDDIR>>/src/qes_libgnu.c
[ 15%] Building C object src/CMakeFiles/qes.dir/qes_match.c.o
cd /<<PKGBUILDDIR>>/obj-x86_64-linux-gnu/src && /usr/bin/cc -Dqes_EXPORTS -I/<<PKGBUILDDIR>>/obj-x86_64-linux-gnu -I/<<PKGBUILDDIR>>/src -I/<<PKGBUILDDIR>>/test -I/<<PKGBUILDDIR>>/test/tinytest -g -O2 -ffile-prefix-map=/<<PKGBUILDDIR>>=. -fstack-protector-strong -Wformat -Werror=format-security -Wdate-time -D_FORTIFY_SOURCE=2 -std=gnu99 -D_GNU_SOURCE  -Wall -Wextra -pedantic -fopenmp=libomp -fPIC -MD -MT src/CMakeFiles/qes.dir/qes_match.c.o -MF CMakeFiles/qes.dir/qes_match.c.o.d -o CMakeFiles/qes.dir/qes_match.c.o -c /<<PKGBUILDDIR>>/src/qes_match.c
[ 17%] Building C object src/CMakeFiles/qes.dir/qes_seq.c.o
cd /<<PKGBUILDDIR>>/obj-x86_64-linux-gnu/src && /usr/bin/cc -Dqes_EXPORTS -I/<<PKGBUILDDIR>>/obj-x86_64-linux-gnu -I/<<PKGBUILDDIR>>/src -I/<<PKGBUILDDIR>>/test -I/<<PKGBUILDDIR>>/test/tinytest -g -O2 -ffile-prefix-map=/<<PKGBUILDDIR>>=. -fstack-protector-strong -Wformat -Werror=format-security -Wdate-time -D_FORTIFY_SOURCE=2 -std=gnu99 -D_GNU_SOURCE  -Wall -Wextra -pedantic -fopenmp=libomp -fPIC -MD -MT src/CMakeFiles/qes.dir/qes_seq.c.o -MF CMakeFiles/qes.dir/qes_seq.c.o.d -o CMakeFiles/qes.dir/qes_seq.c.o -c /<<PKGBUILDDIR>>/src/qes_seq.c
[ 19%] Building C object src/CMakeFiles/qes.dir/qes_seqfile.c.o
cd /<<PKGBUILDDIR>>/obj-x86_64-linux-gnu/src && /usr/bin/cc -Dqes_EXPORTS -I/<<PKGBUILDDIR>>/obj-x86_64-linux-gnu -I/<<PKGBUILDDIR>>/src -I/<<PKGBUILDDIR>>/test -I/<<PKGBUILDDIR>>/test/tinytest -g -O2 -ffile-prefix-map=/<<PKGBUILDDIR>>=. -fstack-protector-strong -Wformat -Werror=format-security -Wdate-time -D_FORTIFY_SOURCE=2 -std=gnu99 -D_GNU_SOURCE  -Wall -Wextra -pedantic -fopenmp=libomp -fPIC -MD -MT src/CMakeFiles/qes.dir/qes_seqfile.c.o -MF CMakeFiles/qes.dir/qes_seqfile.c.o.d -o CMakeFiles/qes.dir/qes_seqfile.c.o -c /<<PKGBUILDDIR>>/src/qes_seqfile.c
[ 21%] Building C object src/CMakeFiles/qes.dir/qes_sequtil.c.o
cd /<<PKGBUILDDIR>>/obj-x86_64-linux-gnu/src && /usr/bin/cc -Dqes_EXPORTS -I/<<PKGBUILDDIR>>/obj-x86_64-linux-gnu -I/<<PKGBUILDDIR>>/src -I/<<PKGBUILDDIR>>/test -I/<<PKGBUILDDIR>>/test/tinytest -g -O2 -ffile-prefix-map=/<<PKGBUILDDIR>>=. -fstack-protector-strong -Wformat -Werror=format-security -Wdate-time -D_FORTIFY_SOURCE=2 -std=gnu99 -D_GNU_SOURCE  -Wall -Wextra -pedantic -fopenmp=libomp -fPIC -MD -MT src/CMakeFiles/qes.dir/qes_sequtil.c.o -MF CMakeFiles/qes.dir/qes_sequtil.c.o.d -o CMakeFiles/qes.dir/qes_sequtil.c.o -c /<<PKGBUILDDIR>>/src/qes_sequtil.c
[ 23%] Building C object src/CMakeFiles/qes_static.dir/qes_libgnu.c.o
cd /<<PKGBUILDDIR>>/obj-x86_64-linux-gnu/src && /usr/bin/cc  -I/<<PKGBUILDDIR>>/obj-x86_64-linux-gnu -I/<<PKGBUILDDIR>>/src -I/<<PKGBUILDDIR>>/test -I/<<PKGBUILDDIR>>/test/tinytest -g -O2 -ffile-prefix-map=/<<PKGBUILDDIR>>=. -fstack-protector-strong -Wformat -Werror=format-security -Wdate-time -D_FORTIFY_SOURCE=2 -std=gnu99 -D_GNU_SOURCE  -Wall -Wextra -pedantic -fopenmp=libomp -MD -MT src/CMakeFiles/qes_static.dir/qes_libgnu.c.o -MF CMakeFiles/qes_static.dir/qes_libgnu.c.o.d -o CMakeFiles/qes_static.dir/qes_libgnu.c.o -c /<<PKGBUILDDIR>>/src/qes_libgnu.c
/<<PKGBUILDDIR>>/src/qes_seq.c:89:5: warning: static function 'qes_str_fill_charptr' is used in an inline function with external linkage [-Wstatic-in-inline]
    qes_str_fill_charptr(&seqobj->name, name, len);
    ^
/<<PKGBUILDDIR>>/src/qes_str.h:104:1: note: 'qes_str_fill_charptr' declared here
qes_str_fill_charptr (struct qes_str *str, const char *cp, size_t len)
^
/<<PKGBUILDDIR>>/src/qes_seq.c:99:5: warning: static function 'qes_str_fill_charptr' is used in an inline function with external linkage [-Wstatic-in-inline]
    qes_str_fill_charptr(&seqobj->comment, comment, len);
    ^
/<<PKGBUILDDIR>>/src/qes_str.h:104:1: note: 'qes_str_fill_charptr' declared here
qes_str_fill_charptr (struct qes_str *str, const char *cp, size_t len)
^
/<<PKGBUILDDIR>>/src/qes_seq.c:109:5: warning: static function 'qes_str_fill_charptr' is used in an inline function with external linkage [-Wstatic-in-inline]
    qes_str_fill_charptr(&seqobj->seq, seq, len);
    ^
/<<PKGBUILDDIR>>/src/qes_str.h:104:1: note: 'qes_str_fill_charptr' declared here
qes_str_fill_charptr (struct qes_str *str, const char *cp, size_t len)
^
/<<PKGBUILDDIR>>/src/qes_seq.c:119:5: warning: static function 'qes_str_fill_charptr' is used in an inline function with external linkage [-Wstatic-in-inline]
    qes_str_fill_charptr(&seqobj->qual, qual, len);
    ^
/<<PKGBUILDDIR>>/src/qes_str.h:104:1: note: 'qes_str_fill_charptr' declared here
qes_str_fill_charptr (struct qes_str *str, const char *cp, size_t len)
^
/<<PKGBUILDDIR>>/src/qes_seq.c:141:9: warning: static function 'qes_str_fill_charptr' is used in an inline function with external linkage [-Wstatic-in-inline]
        qes_str_fill_charptr(&seqobj->name, header + startfrom,
        ^
/<<PKGBUILDDIR>>/src/qes_str.h:104:1: note: 'qes_str_fill_charptr' declared here
qes_str_fill_charptr (struct qes_str *str, const char *cp, size_t len)
^
/<<PKGBUILDDIR>>/src/qes_seq.c:143:9: warning: static function 'qes_str_fill_charptr' is used in an inline function with external linkage [-Wstatic-in-inline]
        qes_str_fill_charptr(&seqobj->comment, tmp + 1, 0);
        ^
/<<PKGBUILDDIR>>/src/qes_str.h:104:1: note: 'qes_str_fill_charptr' declared here
qes_str_fill_charptr (struct qes_str *str, const char *cp, size_t len)
^
/<<PKGBUILDDIR>>/src/qes_seq.c:145:9: warning: static function 'qes_str_fill_charptr' is used in an inline function with external linkage [-Wstatic-in-inline]
        qes_str_fill_charptr(&seqobj->name, header + startfrom, len - startfrom);
        ^
/<<PKGBUILDDIR>>/src/qes_str.h:104:1: note: 'qes_str_fill_charptr' declared here
qes_str_fill_charptr (struct qes_str *str, const char *cp, size_t len)
^
/<<PKGBUILDDIR>>/src/qes_seq.c:146:9: warning: static function 'qes_str_nullify' is used in an inline function with external linkage [-Wstatic-in-inline]
        qes_str_nullify(&seqobj->comment);
        ^
/<<PKGBUILDDIR>>/src/qes_str.h:124:1: note: 'qes_str_nullify' declared here
qes_str_nullify (struct qes_str *str)
^
/<<PKGBUILDDIR>>/src/qes_seq.c:155:10: warning: static function 'qes_seq_ok' is used in an inline function with external linkage [-Wstatic-in-inline]
    if (!qes_seq_ok(seqobj) || name == NULL || comment == NULL || seq == NULL \
         ^
/<<PKGBUILDDIR>>/src/qes_seq.h:73:1: note: 'qes_seq_ok' declared here
qes_seq_ok (const struct qes_seq *seq)
^
/<<PKGBUILDDIR>>/src/qes_seq.c:159:5: warning: static function 'qes_str_nullify' is used in an inline function with external linkage [-Wstatic-in-inline]
    qes_str_nullify(&seqobj->name);
    ^
/<<PKGBUILDDIR>>/src/qes_str.h:124:1: note: 'qes_str_nullify' declared here
qes_str_nullify (struct qes_str *str)
^
/<<PKGBUILDDIR>>/src/qes_seq.c:160:5: warning: static function 'qes_str_nullify' is used in an inline function with external linkage [-Wstatic-in-inline]
    qes_str_nullify(&seqobj->comment);
    ^
/<<PKGBUILDDIR>>/src/qes_str.h:124:1: note: 'qes_str_nullify' declared here
qes_str_nullify (struct qes_str *str)
^
/<<PKGBUILDDIR>>/src/qes_seq.c:161:5: warning: static function 'qes_str_nullify' is used in an inline function with external linkage [-Wstatic-in-inline]
    qes_str_nullify(&seqobj->seq);
    ^
/<<PKGBUILDDIR>>/src/qes_str.h:124:1: note: 'qes_str_nullify' declared here
qes_str_nullify (struct qes_str *str)
^
/<<PKGBUILDDIR>>/src/qes_seq.c:162:5: warning: static function 'qes_str_nullify' is used in an inline function with external linkage [-Wstatic-in-inline]
    qes_str_nullify(&seqobj->qual);
    ^
/<<PKGBUILDDIR>>/src/qes_str.h:124:1: note: 'qes_str_nullify' declared here
qes_str_nullify (struct qes_str *str)
^
[ 26%] Building C object src/CMakeFiles/qes_static.dir/qes_log.c.o
cd /<<PKGBUILDDIR>>/obj-x86_64-linux-gnu/src && /usr/bin/cc  -I/<<PKGBUILDDIR>>/obj-x86_64-linux-gnu -I/<<PKGBUILDDIR>>/src -I/<<PKGBUILDDIR>>/test -I/<<PKGBUILDDIR>>/test/tinytest -g -O2 -ffile-prefix-map=/<<PKGBUILDDIR>>=. -fstack-protector-strong -Wformat -Werror=format-security -Wdate-time -D_FORTIFY_SOURCE=2 -std=gnu99 -D_GNU_SOURCE  -Wall -Wextra -pedantic -fopenmp=libomp -MD -MT src/CMakeFiles/qes_static.dir/qes_log.c.o -MF CMakeFiles/qes_static.dir/qes_log.c.o.d -o CMakeFiles/qes_static.dir/qes_log.c.o -c /<<PKGBUILDDIR>>/src/qes_log.c
[ 28%] Building C object src/CMakeFiles/qes.dir/qes_str.c.o
cd /<<PKGBUILDDIR>>/obj-x86_64-linux-gnu/src && /usr/bin/cc -Dqes_EXPORTS -I/<<PKGBUILDDIR>>/obj-x86_64-linux-gnu -I/<<PKGBUILDDIR>>/src -I/<<PKGBUILDDIR>>/test -I/<<PKGBUILDDIR>>/test/tinytest -g -O2 -ffile-prefix-map=/<<PKGBUILDDIR>>=. -fstack-protector-strong -Wformat -Werror=format-security -Wdate-time -D_FORTIFY_SOURCE=2 -std=gnu99 -D_GNU_SOURCE  -Wall -Wextra -pedantic -fopenmp=libomp -fPIC -MD -MT src/CMakeFiles/qes.dir/qes_str.c.o -MF CMakeFiles/qes.dir/qes_str.c.o.d -o CMakeFiles/qes.dir/qes_str.c.o -c /<<PKGBUILDDIR>>/src/qes_str.c
[ 30%] Building C object src/CMakeFiles/qes_static.dir/qes_match.c.o
cd /<<PKGBUILDDIR>>/obj-x86_64-linux-gnu/src && /usr/bin/cc  -I/<<PKGBUILDDIR>>/obj-x86_64-linux-gnu -I/<<PKGBUILDDIR>>/src -I/<<PKGBUILDDIR>>/test -I/<<PKGBUILDDIR>>/test/tinytest -g -O2 -ffile-prefix-map=/<<PKGBUILDDIR>>=. -fstack-protector-strong -Wformat -Werror=format-security -Wdate-time -D_FORTIFY_SOURCE=2 -std=gnu99 -D_GNU_SOURCE  -Wall -Wextra -pedantic -fopenmp=libomp -MD -MT src/CMakeFiles/qes_static.dir/qes_match.c.o -MF CMakeFiles/qes_static.dir/qes_match.c.o.d -o CMakeFiles/qes_static.dir/qes_match.c.o -c /<<PKGBUILDDIR>>/src/qes_match.c
13 warnings generated.
[ 32%] Building C object src/CMakeFiles/qes.dir/qes_util.c.o
cd /<<PKGBUILDDIR>>/obj-x86_64-linux-gnu/src && /usr/bin/cc -Dqes_EXPORTS -I/<<PKGBUILDDIR>>/obj-x86_64-linux-gnu -I/<<PKGBUILDDIR>>/src -I/<<PKGBUILDDIR>>/test -I/<<PKGBUILDDIR>>/test/tinytest -g -O2 -ffile-prefix-map=/<<PKGBUILDDIR>>=. -fstack-protector-strong -Wformat -Werror=format-security -Wdate-time -D_FORTIFY_SOURCE=2 -std=gnu99 -D_GNU_SOURCE  -Wall -Wextra -pedantic -fopenmp=libomp -fPIC -MD -MT src/CMakeFiles/qes.dir/qes_util.c.o -MF CMakeFiles/qes.dir/qes_util.c.o.d -o CMakeFiles/qes.dir/qes_util.c.o -c /<<PKGBUILDDIR>>/src/qes_util.c
[ 34%] Building C object src/CMakeFiles/qes_static.dir/qes_seq.c.o
cd /<<PKGBUILDDIR>>/obj-x86_64-linux-gnu/src && /usr/bin/cc  -I/<<PKGBUILDDIR>>/obj-x86_64-linux-gnu -I/<<PKGBUILDDIR>>/src -I/<<PKGBUILDDIR>>/test -I/<<PKGBUILDDIR>>/test/tinytest -g -O2 -ffile-prefix-map=/<<PKGBUILDDIR>>=. -fstack-protector-strong -Wformat -Werror=format-security -Wdate-time -D_FORTIFY_SOURCE=2 -std=gnu99 -D_GNU_SOURCE  -Wall -Wextra -pedantic -fopenmp=libomp -MD -MT src/CMakeFiles/qes_static.dir/qes_seq.c.o -MF CMakeFiles/qes_static.dir/qes_seq.c.o.d -o CMakeFiles/qes_static.dir/qes_seq.c.o -c /<<PKGBUILDDIR>>/src/qes_seq.c
[ 36%] Building C object src/CMakeFiles/qes_static.dir/qes_seqfile.c.o
cd /<<PKGBUILDDIR>>/obj-x86_64-linux-gnu/src && /usr/bin/cc  -I/<<PKGBUILDDIR>>/obj-x86_64-linux-gnu -I/<<PKGBUILDDIR>>/src -I/<<PKGBUILDDIR>>/test -I/<<PKGBUILDDIR>>/test/tinytest -g -O2 -ffile-prefix-map=/<<PKGBUILDDIR>>=. -fstack-protector-strong -Wformat -Werror=format-security -Wdate-time -D_FORTIFY_SOURCE=2 -std=gnu99 -D_GNU_SOURCE  -Wall -Wextra -pedantic -fopenmp=libomp -MD -MT src/CMakeFiles/qes_static.dir/qes_seqfile.c.o -MF CMakeFiles/qes_static.dir/qes_seqfile.c.o.d -o CMakeFiles/qes_static.dir/qes_seqfile.c.o -c /<<PKGBUILDDIR>>/src/qes_seqfile.c
/<<PKGBUILDDIR>>/src/qes_seq.c:89:5: warning: static function 'qes_str_fill_charptr' is used in an inline function with external linkage [-Wstatic-in-inline]
    qes_str_fill_charptr(&seqobj->name, name, len);
    ^
/<<PKGBUILDDIR>>/src/qes_str.h:104:1: note: 'qes_str_fill_charptr' declared here
qes_str_fill_charptr (struct qes_str *str, const char *cp, size_t len)
^
/<<PKGBUILDDIR>>/src/qes_seq.c:99:5: warning: static function 'qes_str_fill_charptr' is used in an inline function with external linkage [-Wstatic-in-inline]
    qes_str_fill_charptr(&seqobj->comment, comment, len);
    ^
/<<PKGBUILDDIR>>/src/qes_str.h:104:1: note: 'qes_str_fill_charptr' declared here
qes_str_fill_charptr (struct qes_str *str, const char *cp, size_t len)
^
/<<PKGBUILDDIR>>/src/qes_seq.c:109:5: warning: static function 'qes_str_fill_charptr' is used in an inline function with external linkage [-Wstatic-in-inline]
    qes_str_fill_charptr(&seqobj->seq, seq, len);
    ^
/<<PKGBUILDDIR>>/src/qes_str.h:104:1: note: 'qes_str_fill_charptr' declared here
qes_str_fill_charptr (struct qes_str *str, const char *cp, size_t len)
^
/<<PKGBUILDDIR>>/src/qes_seq.c:119:5: warning: static function 'qes_str_fill_charptr' is used in an inline function with external linkage [-Wstatic-in-inline]
    qes_str_fill_charptr(&seqobj->qual, qual, len);
    ^
/<<PKGBUILDDIR>>/src/qes_str.h:104:1: note: 'qes_str_fill_charptr' declared here
qes_str_fill_charptr (struct qes_str *str, const char *cp, size_t len)
^
/<<PKGBUILDDIR>>/src/qes_seq.c:141:9: warning: static function 'qes_str_fill_charptr' is used in an inline function with external linkage [-Wstatic-in-inline]
        qes_str_fill_charptr(&seqobj->name, header + startfrom,
        ^
/<<PKGBUILDDIR>>/src/qes_str.h:104:1: note: 'qes_str_fill_charptr' declared here
qes_str_fill_charptr (struct qes_str *str, const char *cp, size_t len)
^
/<<PKGBUILDDIR>>/src/qes_seq.c:143:9: warning: static function 'qes_str_fill_charptr' is used in an inline function with external linkage [-Wstatic-in-inline]
        qes_str_fill_charptr(&seqobj->comment, tmp + 1, 0);
        ^
/<<PKGBUILDDIR>>/src/qes_str.h:104:1: note: 'qes_str_fill_charptr' declared here
qes_str_fill_charptr (struct qes_str *str, const char *cp, size_t len)
^
/<<PKGBUILDDIR>>/src/qes_seq.c:145:9: warning: static function 'qes_str_fill_charptr' is used in an inline function with external linkage [-Wstatic-in-inline]
        qes_str_fill_charptr(&seqobj->name, header + startfrom, len - startfrom);
        ^
/<<PKGBUILDDIR>>/src/qes_str.h:104:1: note: 'qes_str_fill_charptr' declared here
qes_str_fill_charptr (struct qes_str *str, const char *cp, size_t len)
^
/<<PKGBUILDDIR>>/src/qes_seq.c:146:9: warning: static function 'qes_str_nullify' is used in an inline function with external linkage [-Wstatic-in-inline]
        qes_str_nullify(&seqobj->comment);
        ^
/<<PKGBUILDDIR>>/src/qes_str.h:124:1: note: 'qes_str_nullify' declared here
qes_str_nullify (struct qes_str *str)
^
/<<PKGBUILDDIR>>/src/qes_seq.c:155:10: warning: static function 'qes_seq_ok' is used in an inline function with external linkage [-Wstatic-in-inline]
    if (!qes_seq_ok(seqobj) || name == NULL || comment == NULL || seq == NULL \
         ^
/<<PKGBUILDDIR>>/src/qes_seq.h:73:1: note: 'qes_seq_ok' declared here
qes_seq_ok (const struct qes_seq *seq)
^
/<<PKGBUILDDIR>>/src/qes_seq.c:159:5: warning: static function 'qes_str_nullify' is used in an inline function with external linkage [-Wstatic-in-inline]
    qes_str_nullify(&seqobj->name);
    ^
/<<PKGBUILDDIR>>/src/qes_str.h:124:1: note: 'qes_str_nullify' declared here
qes_str_nullify (struct qes_str *str)
^
/<<PKGBUILDDIR>>/src/qes_seq.c:160:5: warning: static function 'qes_str_nullify' is used in an inline function with external linkage [-Wstatic-in-inline]
    qes_str_nullify(&seqobj->comment);
    ^
/<<PKGBUILDDIR>>/src/qes_str.h:124:1: note: 'qes_str_nullify' declared here
qes_str_nullify (struct qes_str *str)
^
/<<PKGBUILDDIR>>/src/qes_seq.c:161:5: warning: static function 'qes_str_nullify' is used in an inline function with external linkage [-Wstatic-in-inline]
    qes_str_nullify(&seqobj->seq);
    ^
/<<PKGBUILDDIR>>/src/qes_str.h:124:1: note: 'qes_str_nullify' declared here
qes_str_nullify (struct qes_str *str)
^
/<<PKGBUILDDIR>>/src/qes_seq.c:162:5: warning: static function 'qes_str_nullify' is used in an inline function with external linkage [-Wstatic-in-inline]
    qes_str_nullify(&seqobj->qual);
    ^
/<<PKGBUILDDIR>>/src/qes_str.h:124:1: note: 'qes_str_nullify' declared here
qes_str_nullify (struct qes_str *str)
^
[ 39%] Building C object src/CMakeFiles/qes_static.dir/qes_sequtil.c.o
cd /<<PKGBUILDDIR>>/obj-x86_64-linux-gnu/src && /usr/bin/cc  -I/<<PKGBUILDDIR>>/obj-x86_64-linux-gnu -I/<<PKGBUILDDIR>>/src -I/<<PKGBUILDDIR>>/test -I/<<PKGBUILDDIR>>/test/tinytest -g -O2 -ffile-prefix-map=/<<PKGBUILDDIR>>=. -fstack-protector-strong -Wformat -Werror=format-security -Wdate-time -D_FORTIFY_SOURCE=2 -std=gnu99 -D_GNU_SOURCE  -Wall -Wextra -pedantic -fopenmp=libomp -MD -MT src/CMakeFiles/qes_static.dir/qes_sequtil.c.o -MF CMakeFiles/qes_static.dir/qes_sequtil.c.o.d -o CMakeFiles/qes_static.dir/qes_sequtil.c.o -c /<<PKGBUILDDIR>>/src/qes_sequtil.c
[ 41%] Linking C shared library ../lib/libqes.so
cd /<<PKGBUILDDIR>>/obj-x86_64-linux-gnu/src && /usr/bin/cmake -E cmake_link_script CMakeFiles/qes.dir/link.txt --verbose=1
/usr/bin/cc -fPIC -g -O2 -ffile-prefix-map=/<<PKGBUILDDIR>>=. -fstack-protector-strong -Wformat -Werror=format-security -Wdate-time -D_FORTIFY_SOURCE=2 -std=gnu99 -D_GNU_SOURCE  -Wall -Wextra -pedantic -fopenmp=libomp -Wl,-z,relro -Wl,-z,now -shared -Wl,-soname,libqes.so.0 -o ../lib/libqes.so.0 CMakeFiles/qes.dir/qes_compat.c.o CMakeFiles/qes.dir/qes_file.c.o CMakeFiles/qes.dir/qes_libgnu.c.o CMakeFiles/qes.dir/qes_log.c.o CMakeFiles/qes.dir/qes_match.c.o CMakeFiles/qes.dir/qes_seq.c.o CMakeFiles/qes.dir/qes_seqfile.c.o CMakeFiles/qes.dir/qes_sequtil.c.o CMakeFiles/qes.dir/qes_str.c.o CMakeFiles/qes.dir/qes_util.c.o   -L/<<PKGBUILDDIR>>/obj-x86_64-linux-gnu/lib  -Wl,-rpath,/<<PKGBUILDDIR>>/obj-x86_64-linux-gnu/lib: -lz 
cd /<<PKGBUILDDIR>>/obj-x86_64-linux-gnu/src && /usr/bin/cmake -E cmake_symlink_library ../lib/libqes.so.0 ../lib/libqes.so.0 ../lib/libqes.so
make[3]: Leaving directory '/<<PKGBUILDDIR>>/obj-x86_64-linux-gnu'
[ 41%] Built target qes
make  -f test/CMakeFiles/test_libqes.dir/build.make test/CMakeFiles/test_libqes.dir/depend
make[3]: Entering directory '/<<PKGBUILDDIR>>/obj-x86_64-linux-gnu'
cd /<<PKGBUILDDIR>>/obj-x86_64-linux-gnu && /usr/bin/cmake -E cmake_depends "Unix Makefiles" /<<PKGBUILDDIR>> /<<PKGBUILDDIR>>/test /<<PKGBUILDDIR>>/obj-x86_64-linux-gnu /<<PKGBUILDDIR>>/obj-x86_64-linux-gnu/test /<<PKGBUILDDIR>>/obj-x86_64-linux-gnu/test/CMakeFiles/test_libqes.dir/DependInfo.cmake --color=
make[3]: Leaving directory '/<<PKGBUILDDIR>>/obj-x86_64-linux-gnu'
make  -f test/CMakeFiles/test_libqes.dir/build.make test/CMakeFiles/test_libqes.dir/build
make[3]: Entering directory '/<<PKGBUILDDIR>>/obj-x86_64-linux-gnu'
[ 43%] Building C object test/CMakeFiles/test_libqes.dir/helpers.c.o
cd /<<PKGBUILDDIR>>/obj-x86_64-linux-gnu/test && /usr/bin/cc  -I/<<PKGBUILDDIR>>/obj-x86_64-linux-gnu -I/<<PKGBUILDDIR>>/src -I/<<PKGBUILDDIR>>/test -I/<<PKGBUILDDIR>>/test/tinytest -g -O2 -ffile-prefix-map=/<<PKGBUILDDIR>>=. -fstack-protector-strong -Wformat -Werror=format-security -Wdate-time -D_FORTIFY_SOURCE=2 -std=gnu99 -D_GNU_SOURCE  -Wall -Wextra -pedantic -fopenmp=libomp -MD -MT test/CMakeFiles/test_libqes.dir/helpers.c.o -MF CMakeFiles/test_libqes.dir/helpers.c.o.d -o CMakeFiles/test_libqes.dir/helpers.c.o -c /<<PKGBUILDDIR>>/test/helpers.c
[ 45%] Building C object src/CMakeFiles/qes_static.dir/qes_str.c.o
cd /<<PKGBUILDDIR>>/obj-x86_64-linux-gnu/src && /usr/bin/cc  -I/<<PKGBUILDDIR>>/obj-x86_64-linux-gnu -I/<<PKGBUILDDIR>>/src -I/<<PKGBUILDDIR>>/test -I/<<PKGBUILDDIR>>/test/tinytest -g -O2 -ffile-prefix-map=/<<PKGBUILDDIR>>=. -fstack-protector-strong -Wformat -Werror=format-security -Wdate-time -D_FORTIFY_SOURCE=2 -std=gnu99 -D_GNU_SOURCE  -Wall -Wextra -pedantic -fopenmp=libomp -MD -MT src/CMakeFiles/qes_static.dir/qes_str.c.o -MF CMakeFiles/qes_static.dir/qes_str.c.o.d -o CMakeFiles/qes_static.dir/qes_str.c.o -c /<<PKGBUILDDIR>>/src/qes_str.c
[ 47%] Building C object src/CMakeFiles/qes_static.dir/qes_util.c.o
cd /<<PKGBUILDDIR>>/obj-x86_64-linux-gnu/src && /usr/bin/cc  -I/<<PKGBUILDDIR>>/obj-x86_64-linux-gnu -I/<<PKGBUILDDIR>>/src -I/<<PKGBUILDDIR>>/test -I/<<PKGBUILDDIR>>/test/tinytest -g -O2 -ffile-prefix-map=/<<PKGBUILDDIR>>=. -fstack-protector-strong -Wformat -Werror=format-security -Wdate-time -D_FORTIFY_SOURCE=2 -std=gnu99 -D_GNU_SOURCE  -Wall -Wextra -pedantic -fopenmp=libomp -MD -MT src/CMakeFiles/qes_static.dir/qes_util.c.o -MF CMakeFiles/qes_static.dir/qes_util.c.o.d -o CMakeFiles/qes_static.dir/qes_util.c.o -c /<<PKGBUILDDIR>>/src/qes_util.c
13 warnings generated.
[ 50%] Building C object test/CMakeFiles/test_libqes.dir/test.c.o
cd /<<PKGBUILDDIR>>/obj-x86_64-linux-gnu/test && /usr/bin/cc  -I/<<PKGBUILDDIR>>/obj-x86_64-linux-gnu -I/<<PKGBUILDDIR>>/src -I/<<PKGBUILDDIR>>/test -I/<<PKGBUILDDIR>>/test/tinytest -g -O2 -ffile-prefix-map=/<<PKGBUILDDIR>>=. -fstack-protector-strong -Wformat -Werror=format-security -Wdate-time -D_FORTIFY_SOURCE=2 -std=gnu99 -D_GNU_SOURCE  -Wall -Wextra -pedantic -fopenmp=libomp -MD -MT test/CMakeFiles/test_libqes.dir/test.c.o -MF CMakeFiles/test_libqes.dir/test.c.o.d -o CMakeFiles/test_libqes.dir/test.c.o -c /<<PKGBUILDDIR>>/test/test.c
[ 52%] Building C object test/CMakeFiles/test_libqes.dir/test_file.c.o
cd /<<PKGBUILDDIR>>/obj-x86_64-linux-gnu/test && /usr/bin/cc  -I/<<PKGBUILDDIR>>/obj-x86_64-linux-gnu -I/<<PKGBUILDDIR>>/src -I/<<PKGBUILDDIR>>/test -I/<<PKGBUILDDIR>>/test/tinytest -g -O2 -ffile-prefix-map=/<<PKGBUILDDIR>>=. -fstack-protector-strong -Wformat -Werror=format-security -Wdate-time -D_FORTIFY_SOURCE=2 -std=gnu99 -D_GNU_SOURCE  -Wall -Wextra -pedantic -fopenmp=libomp -MD -MT test/CMakeFiles/test_libqes.dir/test_file.c.o -MF CMakeFiles/test_libqes.dir/test_file.c.o.d -o CMakeFiles/test_libqes.dir/test_file.c.o -c /<<PKGBUILDDIR>>/test/test_file.c
[ 54%] Linking C static library ../lib/libqes.a
cd /<<PKGBUILDDIR>>/obj-x86_64-linux-gnu/src && /usr/bin/cmake -P CMakeFiles/qes_static.dir/cmake_clean_target.cmake
[ 56%] Building C object test/CMakeFiles/test_libqes.dir/test_helpers.c.o
cd /<<PKGBUILDDIR>>/obj-x86_64-linux-gnu/test && /usr/bin/cc  -I/<<PKGBUILDDIR>>/obj-x86_64-linux-gnu -I/<<PKGBUILDDIR>>/src -I/<<PKGBUILDDIR>>/test -I/<<PKGBUILDDIR>>/test/tinytest -g -O2 -ffile-prefix-map=/<<PKGBUILDDIR>>=. -fstack-protector-strong -Wformat -Werror=format-security -Wdate-time -D_FORTIFY_SOURCE=2 -std=gnu99 -D_GNU_SOURCE  -Wall -Wextra -pedantic -fopenmp=libomp -MD -MT test/CMakeFiles/test_libqes.dir/test_helpers.c.o -MF CMakeFiles/test_libqes.dir/test_helpers.c.o.d -o CMakeFiles/test_libqes.dir/test_helpers.c.o -c /<<PKGBUILDDIR>>/test/test_helpers.c
cd /<<PKGBUILDDIR>>/obj-x86_64-linux-gnu/src && /usr/bin/cmake -E cmake_link_script CMakeFiles/qes_static.dir/link.txt --verbose=1
/usr/bin/ar qc ../lib/libqes.a CMakeFiles/qes_static.dir/qes_compat.c.o CMakeFiles/qes_static.dir/qes_file.c.o CMakeFiles/qes_static.dir/qes_libgnu.c.o CMakeFiles/qes_static.dir/qes_log.c.o CMakeFiles/qes_static.dir/qes_match.c.o CMakeFiles/qes_static.dir/qes_seq.c.o CMakeFiles/qes_static.dir/qes_seqfile.c.o CMakeFiles/qes_static.dir/qes_sequtil.c.o CMakeFiles/qes_static.dir/qes_str.c.o CMakeFiles/qes_static.dir/qes_util.c.o
/usr/bin/ranlib ../lib/libqes.a
[ 58%] Building C object test/CMakeFiles/test_libqes.dir/test_log.c.o
cd /<<PKGBUILDDIR>>/obj-x86_64-linux-gnu/test && /usr/bin/cc  -I/<<PKGBUILDDIR>>/obj-x86_64-linux-gnu -I/<<PKGBUILDDIR>>/src -I/<<PKGBUILDDIR>>/test -I/<<PKGBUILDDIR>>/test/tinytest -g -O2 -ffile-prefix-map=/<<PKGBUILDDIR>>=. -fstack-protector-strong -Wformat -Werror=format-security -Wdate-time -D_FORTIFY_SOURCE=2 -std=gnu99 -D_GNU_SOURCE  -Wall -Wextra -pedantic -fopenmp=libomp -MD -MT test/CMakeFiles/test_libqes.dir/test_log.c.o -MF CMakeFiles/test_libqes.dir/test_log.c.o.d -o CMakeFiles/test_libqes.dir/test_log.c.o -c /<<PKGBUILDDIR>>/test/test_log.c
make[3]: Leaving directory '/<<PKGBUILDDIR>>/obj-x86_64-linux-gnu'
[ 58%] Built target qes_static
make  -f test/CMakeFiles/qes_seqprint.dir/build.make test/CMakeFiles/qes_seqprint.dir/depend
make[3]: Entering directory '/<<PKGBUILDDIR>>/obj-x86_64-linux-gnu'
cd /<<PKGBUILDDIR>>/obj-x86_64-linux-gnu && /usr/bin/cmake -E cmake_depends "Unix Makefiles" /<<PKGBUILDDIR>> /<<PKGBUILDDIR>>/test /<<PKGBUILDDIR>>/obj-x86_64-linux-gnu /<<PKGBUILDDIR>>/obj-x86_64-linux-gnu/test /<<PKGBUILDDIR>>/obj-x86_64-linux-gnu/test/CMakeFiles/qes_seqprint.dir/DependInfo.cmake --color=
make[3]: Leaving directory '/<<PKGBUILDDIR>>/obj-x86_64-linux-gnu'
make  -f test/CMakeFiles/qes_seqprint.dir/build.make test/CMakeFiles/qes_seqprint.dir/build
make[3]: Entering directory '/<<PKGBUILDDIR>>/obj-x86_64-linux-gnu'
[ 60%] Building C object test/CMakeFiles/qes_seqprint.dir/qes_seqprint.c.o
cd /<<PKGBUILDDIR>>/obj-x86_64-linux-gnu/test && /usr/bin/cc  -I/<<PKGBUILDDIR>>/obj-x86_64-linux-gnu -I/<<PKGBUILDDIR>>/src -I/<<PKGBUILDDIR>>/test -I/<<PKGBUILDDIR>>/test/tinytest -g -O2 -ffile-prefix-map=/<<PKGBUILDDIR>>=. -fstack-protector-strong -Wformat -Werror=format-security -Wdate-time -D_FORTIFY_SOURCE=2 -std=gnu99 -D_GNU_SOURCE  -Wall -Wextra -pedantic -fopenmp=libomp -MD -MT test/CMakeFiles/qes_seqprint.dir/qes_seqprint.c.o -MF CMakeFiles/qes_seqprint.dir/qes_seqprint.c.o.d -o CMakeFiles/qes_seqprint.dir/qes_seqprint.c.o -c /<<PKGBUILDDIR>>/test/qes_seqprint.c
[ 63%] Building C object test/CMakeFiles/test_libqes.dir/test_match.c.o
cd /<<PKGBUILDDIR>>/obj-x86_64-linux-gnu/test && /usr/bin/cc  -I/<<PKGBUILDDIR>>/obj-x86_64-linux-gnu -I/<<PKGBUILDDIR>>/src -I/<<PKGBUILDDIR>>/test -I/<<PKGBUILDDIR>>/test/tinytest -g -O2 -ffile-prefix-map=/<<PKGBUILDDIR>>=. -fstack-protector-strong -Wformat -Werror=format-security -Wdate-time -D_FORTIFY_SOURCE=2 -std=gnu99 -D_GNU_SOURCE  -Wall -Wextra -pedantic -fopenmp=libomp -MD -MT test/CMakeFiles/test_libqes.dir/test_match.c.o -MF CMakeFiles/test_libqes.dir/test_match.c.o.d -o CMakeFiles/test_libqes.dir/test_match.c.o -c /<<PKGBUILDDIR>>/test/test_match.c
[ 65%] Linking C executable ../bin/qes_seqprint
cd /<<PKGBUILDDIR>>/obj-x86_64-linux-gnu/test && /usr/bin/cmake -E cmake_link_script CMakeFiles/qes_seqprint.dir/link.txt --verbose=1
/usr/bin/cc -g -O2 -ffile-prefix-map=/<<PKGBUILDDIR>>=. -fstack-protector-strong -Wformat -Werror=format-security -Wdate-time -D_FORTIFY_SOURCE=2 -std=gnu99 -D_GNU_SOURCE  -Wall -Wextra -pedantic -fopenmp=libomp -Wl,-z,relro -Wl,-z,now -rdynamic CMakeFiles/qes_seqprint.dir/qes_seqprint.c.o -o ../bin/qes_seqprint   -L/<<PKGBUILDDIR>>/obj-x86_64-linux-gnu/lib  -Wl,-rpath,/<<PKGBUILDDIR>>/obj-x86_64-linux-gnu/lib ../lib/libqes.so.0 -lz 
make[3]: Leaving directory '/<<PKGBUILDDIR>>/obj-x86_64-linux-gnu'
[ 65%] Built target qes_seqprint
make  -f test/CMakeFiles/qes_seqcat.dir/build.make test/CMakeFiles/qes_seqcat.dir/depend
make[3]: Entering directory '/<<PKGBUILDDIR>>/obj-x86_64-linux-gnu'
cd /<<PKGBUILDDIR>>/obj-x86_64-linux-gnu && /usr/bin/cmake -E cmake_depends "Unix Makefiles" /<<PKGBUILDDIR>> /<<PKGBUILDDIR>>/test /<<PKGBUILDDIR>>/obj-x86_64-linux-gnu /<<PKGBUILDDIR>>/obj-x86_64-linux-gnu/test /<<PKGBUILDDIR>>/obj-x86_64-linux-gnu/test/CMakeFiles/qes_seqcat.dir/DependInfo.cmake --color=
[ 67%] Building C object test/CMakeFiles/test_libqes.dir/test_seq.c.o
cd /<<PKGBUILDDIR>>/obj-x86_64-linux-gnu/test && /usr/bin/cc  -I/<<PKGBUILDDIR>>/obj-x86_64-linux-gnu -I/<<PKGBUILDDIR>>/src -I/<<PKGBUILDDIR>>/test -I/<<PKGBUILDDIR>>/test/tinytest -g -O2 -ffile-prefix-map=/<<PKGBUILDDIR>>=. -fstack-protector-strong -Wformat -Werror=format-security -Wdate-time -D_FORTIFY_SOURCE=2 -std=gnu99 -D_GNU_SOURCE  -Wall -Wextra -pedantic -fopenmp=libomp -MD -MT test/CMakeFiles/test_libqes.dir/test_seq.c.o -MF CMakeFiles/test_libqes.dir/test_seq.c.o.d -o CMakeFiles/test_libqes.dir/test_seq.c.o -c /<<PKGBUILDDIR>>/test/test_seq.c
make[3]: Leaving directory '/<<PKGBUILDDIR>>/obj-x86_64-linux-gnu'
make  -f test/CMakeFiles/qes_seqcat.dir/build.make test/CMakeFiles/qes_seqcat.dir/build
make[3]: Entering directory '/<<PKGBUILDDIR>>/obj-x86_64-linux-gnu'
[ 69%] Building C object test/CMakeFiles/qes_seqcat.dir/qes_seqcat.c.o
cd /<<PKGBUILDDIR>>/obj-x86_64-linux-gnu/test && /usr/bin/cc  -I/<<PKGBUILDDIR>>/obj-x86_64-linux-gnu -I/<<PKGBUILDDIR>>/src -I/<<PKGBUILDDIR>>/test -I/<<PKGBUILDDIR>>/test/tinytest -g -O2 -ffile-prefix-map=/<<PKGBUILDDIR>>=. -fstack-protector-strong -Wformat -Werror=format-security -Wdate-time -D_FORTIFY_SOURCE=2 -std=gnu99 -D_GNU_SOURCE  -Wall -Wextra -pedantic -fopenmp=libomp -MD -MT test/CMakeFiles/qes_seqcat.dir/qes_seqcat.c.o -MF CMakeFiles/qes_seqcat.dir/qes_seqcat.c.o.d -o CMakeFiles/qes_seqcat.dir/qes_seqcat.c.o -c /<<PKGBUILDDIR>>/test/qes_seqcat.c
[ 71%] Building C object test/CMakeFiles/test_libqes.dir/test_seqfile.c.o
cd /<<PKGBUILDDIR>>/obj-x86_64-linux-gnu/test && /usr/bin/cc  -I/<<PKGBUILDDIR>>/obj-x86_64-linux-gnu -I/<<PKGBUILDDIR>>/src -I/<<PKGBUILDDIR>>/test -I/<<PKGBUILDDIR>>/test/tinytest -g -O2 -ffile-prefix-map=/<<PKGBUILDDIR>>=. -fstack-protector-strong -Wformat -Werror=format-security -Wdate-time -D_FORTIFY_SOURCE=2 -std=gnu99 -D_GNU_SOURCE  -Wall -Wextra -pedantic -fopenmp=libomp -MD -MT test/CMakeFiles/test_libqes.dir/test_seqfile.c.o -MF CMakeFiles/test_libqes.dir/test_seqfile.c.o.d -o CMakeFiles/test_libqes.dir/test_seqfile.c.o -c /<<PKGBUILDDIR>>/test/test_seqfile.c
[ 73%] Linking C executable ../bin/qes_seqcat
cd /<<PKGBUILDDIR>>/obj-x86_64-linux-gnu/test && /usr/bin/cmake -E cmake_link_script CMakeFiles/qes_seqcat.dir/link.txt --verbose=1
/usr/bin/cc -g -O2 -ffile-prefix-map=/<<PKGBUILDDIR>>=. -fstack-protector-strong -Wformat -Werror=format-security -Wdate-time -D_FORTIFY_SOURCE=2 -std=gnu99 -D_GNU_SOURCE  -Wall -Wextra -pedantic -fopenmp=libomp -Wl,-z,relro -Wl,-z,now -rdynamic CMakeFiles/qes_seqcat.dir/qes_seqcat.c.o -o ../bin/qes_seqcat   -L/<<PKGBUILDDIR>>/obj-x86_64-linux-gnu/lib  -Wl,-rpath,/<<PKGBUILDDIR>>/obj-x86_64-linux-gnu/lib ../lib/libqes.so.0 -lz 
make[3]: Leaving directory '/<<PKGBUILDDIR>>/obj-x86_64-linux-gnu'
[ 73%] Built target qes_seqcat
make  -f test/CMakeFiles/kseqcat.dir/build.make test/CMakeFiles/kseqcat.dir/depend
make[3]: Entering directory '/<<PKGBUILDDIR>>/obj-x86_64-linux-gnu'
cd /<<PKGBUILDDIR>>/obj-x86_64-linux-gnu && /usr/bin/cmake -E cmake_depends "Unix Makefiles" /<<PKGBUILDDIR>> /<<PKGBUILDDIR>>/test /<<PKGBUILDDIR>>/obj-x86_64-linux-gnu /<<PKGBUILDDIR>>/obj-x86_64-linux-gnu/test /<<PKGBUILDDIR>>/obj-x86_64-linux-gnu/test/CMakeFiles/kseqcat.dir/DependInfo.cmake --color=
make[3]: Leaving directory '/<<PKGBUILDDIR>>/obj-x86_64-linux-gnu'
make  -f test/CMakeFiles/kseqcat.dir/build.make test/CMakeFiles/kseqcat.dir/build
make[3]: Entering directory '/<<PKGBUILDDIR>>/obj-x86_64-linux-gnu'
[ 76%] Building C object test/CMakeFiles/test_libqes.dir/test_sequtil.c.o
cd /<<PKGBUILDDIR>>/obj-x86_64-linux-gnu/test && /usr/bin/cc  -I/<<PKGBUILDDIR>>/obj-x86_64-linux-gnu -I/<<PKGBUILDDIR>>/src -I/<<PKGBUILDDIR>>/test -I/<<PKGBUILDDIR>>/test/tinytest -g -O2 -ffile-prefix-map=/<<PKGBUILDDIR>>=. -fstack-protector-strong -Wformat -Werror=format-security -Wdate-time -D_FORTIFY_SOURCE=2 -std=gnu99 -D_GNU_SOURCE  -Wall -Wextra -pedantic -fopenmp=libomp -MD -MT test/CMakeFiles/test_libqes.dir/test_sequtil.c.o -MF CMakeFiles/test_libqes.dir/test_sequtil.c.o.d -o CMakeFiles/test_libqes.dir/test_sequtil.c.o -c /<<PKGBUILDDIR>>/test/test_sequtil.c
[ 78%] Building C object test/CMakeFiles/kseqcat.dir/kseqcat.c.o
cd /<<PKGBUILDDIR>>/obj-x86_64-linux-gnu/test && /usr/bin/cc  -I/<<PKGBUILDDIR>>/obj-x86_64-linux-gnu -I/<<PKGBUILDDIR>>/src -I/<<PKGBUILDDIR>>/test -I/<<PKGBUILDDIR>>/test/tinytest -g -O2 -ffile-prefix-map=/<<PKGBUILDDIR>>=. -fstack-protector-strong -Wformat -Werror=format-security -Wdate-time -D_FORTIFY_SOURCE=2 -std=gnu99 -D_GNU_SOURCE  -Wall -Wextra -pedantic -fopenmp=libomp -MD -MT test/CMakeFiles/kseqcat.dir/kseqcat.c.o -MF CMakeFiles/kseqcat.dir/kseqcat.c.o.d -o CMakeFiles/kseqcat.dir/kseqcat.c.o -c /<<PKGBUILDDIR>>/test/kseqcat.c
[ 80%] Building C object test/CMakeFiles/test_libqes.dir/test_util.c.o
cd /<<PKGBUILDDIR>>/obj-x86_64-linux-gnu/test && /usr/bin/cc  -I/<<PKGBUILDDIR>>/obj-x86_64-linux-gnu -I/<<PKGBUILDDIR>>/src -I/<<PKGBUILDDIR>>/test -I/<<PKGBUILDDIR>>/test/tinytest -g -O2 -ffile-prefix-map=/<<PKGBUILDDIR>>=. -fstack-protector-strong -Wformat -Werror=format-security -Wdate-time -D_FORTIFY_SOURCE=2 -std=gnu99 -D_GNU_SOURCE  -Wall -Wextra -pedantic -fopenmp=libomp -MD -MT test/CMakeFiles/test_libqes.dir/test_util.c.o -MF CMakeFiles/test_libqes.dir/test_util.c.o.d -o CMakeFiles/test_libqes.dir/test_util.c.o -c /<<PKGBUILDDIR>>/test/test_util.c
[ 82%] Linking C executable ../bin/kseqcat
cd /<<PKGBUILDDIR>>/obj-x86_64-linux-gnu/test && /usr/bin/cmake -E cmake_link_script CMakeFiles/kseqcat.dir/link.txt --verbose=1
/usr/bin/cc -g -O2 -ffile-prefix-map=/<<PKGBUILDDIR>>=. -fstack-protector-strong -Wformat -Werror=format-security -Wdate-time -D_FORTIFY_SOURCE=2 -std=gnu99 -D_GNU_SOURCE  -Wall -Wextra -pedantic -fopenmp=libomp -Wl,-z,relro -Wl,-z,now -rdynamic CMakeFiles/kseqcat.dir/kseqcat.c.o -o ../bin/kseqcat   -L/<<PKGBUILDDIR>>/obj-x86_64-linux-gnu/lib  -Wl,-rpath,/<<PKGBUILDDIR>>/obj-x86_64-linux-gnu/lib ../lib/libqes.so.0 -lz 
make[3]: Leaving directory '/<<PKGBUILDDIR>>/obj-x86_64-linux-gnu'
[ 82%] Built target kseqcat
make  -f test/CMakeFiles/log_demo.dir/build.make test/CMakeFiles/log_demo.dir/depend
make[3]: Entering directory '/<<PKGBUILDDIR>>/obj-x86_64-linux-gnu'
cd /<<PKGBUILDDIR>>/obj-x86_64-linux-gnu && /usr/bin/cmake -E cmake_depends "Unix Makefiles" /<<PKGBUILDDIR>> /<<PKGBUILDDIR>>/test /<<PKGBUILDDIR>>/obj-x86_64-linux-gnu /<<PKGBUILDDIR>>/obj-x86_64-linux-gnu/test /<<PKGBUILDDIR>>/obj-x86_64-linux-gnu/test/CMakeFiles/log_demo.dir/DependInfo.cmake --color=
make[3]: Leaving directory '/<<PKGBUILDDIR>>/obj-x86_64-linux-gnu'
make  -f test/CMakeFiles/log_demo.dir/build.make test/CMakeFiles/log_demo.dir/build
make[3]: Entering directory '/<<PKGBUILDDIR>>/obj-x86_64-linux-gnu'
[ 86%] Building C object test/CMakeFiles/log_demo.dir/logdemo.c.o
[ 86%] Building C object test/CMakeFiles/test_libqes.dir/testdata.c.o
cd /<<PKGBUILDDIR>>/obj-x86_64-linux-gnu/test && /usr/bin/cc  -I/<<PKGBUILDDIR>>/obj-x86_64-linux-gnu -I/<<PKGBUILDDIR>>/src -I/<<PKGBUILDDIR>>/test -I/<<PKGBUILDDIR>>/test/tinytest -g -O2 -ffile-prefix-map=/<<PKGBUILDDIR>>=. -fstack-protector-strong -Wformat -Werror=format-security -Wdate-time -D_FORTIFY_SOURCE=2 -std=gnu99 -D_GNU_SOURCE  -Wall -Wextra -pedantic -fopenmp=libomp -MD -MT test/CMakeFiles/test_libqes.dir/testdata.c.o -MF CMakeFiles/test_libqes.dir/testdata.c.o.d -o CMakeFiles/test_libqes.dir/testdata.c.o -c /<<PKGBUILDDIR>>/test/testdata.c
cd /<<PKGBUILDDIR>>/obj-x86_64-linux-gnu/test && /usr/bin/cc  -I/<<PKGBUILDDIR>>/obj-x86_64-linux-gnu -I/<<PKGBUILDDIR>>/src -I/<<PKGBUILDDIR>>/test -I/<<PKGBUILDDIR>>/test/tinytest -g -O2 -ffile-prefix-map=/<<PKGBUILDDIR>>=. -fstack-protector-strong -Wformat -Werror=format-security -Wdate-time -D_FORTIFY_SOURCE=2 -std=gnu99 -D_GNU_SOURCE  -Wall -Wextra -pedantic -fopenmp=libomp -MD -MT test/CMakeFiles/log_demo.dir/logdemo.c.o -MF CMakeFiles/log_demo.dir/logdemo.c.o.d -o CMakeFiles/log_demo.dir/logdemo.c.o -c /<<PKGBUILDDIR>>/test/logdemo.c
[ 89%] Linking C executable ../bin/log_demo
cd /<<PKGBUILDDIR>>/obj-x86_64-linux-gnu/test && /usr/bin/cmake -E cmake_link_script CMakeFiles/log_demo.dir/link.txt --verbose=1
/usr/bin/cc -g -O2 -ffile-prefix-map=/<<PKGBUILDDIR>>=. -fstack-protector-strong -Wformat -Werror=format-security -Wdate-time -D_FORTIFY_SOURCE=2 -std=gnu99 -D_GNU_SOURCE  -Wall -Wextra -pedantic -fopenmp=libomp -Wl,-z,relro -Wl,-z,now -rdynamic CMakeFiles/log_demo.dir/logdemo.c.o -o ../bin/log_demo   -L/<<PKGBUILDDIR>>/obj-x86_64-linux-gnu/lib  -Wl,-rpath,/<<PKGBUILDDIR>>/obj-x86_64-linux-gnu/lib ../lib/libqes.so.0 -lz 
[ 91%] Building C object test/CMakeFiles/test_libqes.dir/tinytest/tinytest.c.o
cd /<<PKGBUILDDIR>>/obj-x86_64-linux-gnu/test && /usr/bin/cc  -I/<<PKGBUILDDIR>>/obj-x86_64-linux-gnu -I/<<PKGBUILDDIR>>/src -I/<<PKGBUILDDIR>>/test -I/<<PKGBUILDDIR>>/test/tinytest -g -O2 -ffile-prefix-map=/<<PKGBUILDDIR>>=. -fstack-protector-strong -Wformat -Werror=format-security -Wdate-time -D_FORTIFY_SOURCE=2 -std=gnu99 -D_GNU_SOURCE  -Wall -Wextra -pedantic -fopenmp=libomp -MD -MT test/CMakeFiles/test_libqes.dir/tinytest/tinytest.c.o -MF CMakeFiles/test_libqes.dir/tinytest/tinytest.c.o.d -o CMakeFiles/test_libqes.dir/tinytest/tinytest.c.o -c /<<PKGBUILDDIR>>/test/tinytest/tinytest.c
make[3]: Leaving directory '/<<PKGBUILDDIR>>/obj-x86_64-linux-gnu'
[ 91%] Built target log_demo
make  -f test/CMakeFiles/bench_libqes.dir/build.make test/CMakeFiles/bench_libqes.dir/depend
make[3]: Entering directory '/<<PKGBUILDDIR>>/obj-x86_64-linux-gnu'
cd /<<PKGBUILDDIR>>/obj-x86_64-linux-gnu && /usr/bin/cmake -E cmake_depends "Unix Makefiles" /<<PKGBUILDDIR>> /<<PKGBUILDDIR>>/test /<<PKGBUILDDIR>>/obj-x86_64-linux-gnu /<<PKGBUILDDIR>>/obj-x86_64-linux-gnu/test /<<PKGBUILDDIR>>/obj-x86_64-linux-gnu/test/CMakeFiles/bench_libqes.dir/DependInfo.cmake --color=
make[3]: Leaving directory '/<<PKGBUILDDIR>>/obj-x86_64-linux-gnu'
make  -f test/CMakeFiles/bench_libqes.dir/build.make test/CMakeFiles/bench_libqes.dir/build
make[3]: Entering directory '/<<PKGBUILDDIR>>/obj-x86_64-linux-gnu'
[ 93%] Building C object test/CMakeFiles/bench_libqes.dir/benchmarks.c.o
cd /<<PKGBUILDDIR>>/obj-x86_64-linux-gnu/test && /usr/bin/cc  -I/<<PKGBUILDDIR>>/obj-x86_64-linux-gnu -I/<<PKGBUILDDIR>>/src -I/<<PKGBUILDDIR>>/test -I/<<PKGBUILDDIR>>/test/tinytest -g -O2 -ffile-prefix-map=/<<PKGBUILDDIR>>=. -fstack-protector-strong -Wformat -Werror=format-security -Wdate-time -D_FORTIFY_SOURCE=2 -std=gnu99 -D_GNU_SOURCE  -Wall -Wextra -pedantic -fopenmp=libomp -MD -MT test/CMakeFiles/bench_libqes.dir/benchmarks.c.o -MF CMakeFiles/bench_libqes.dir/benchmarks.c.o.d -o CMakeFiles/bench_libqes.dir/benchmarks.c.o -c /<<PKGBUILDDIR>>/test/benchmarks.c
[ 95%] Building C object test/CMakeFiles/bench_libqes.dir/helpers.c.o
cd /<<PKGBUILDDIR>>/obj-x86_64-linux-gnu/test && /usr/bin/cc  -I/<<PKGBUILDDIR>>/obj-x86_64-linux-gnu -I/<<PKGBUILDDIR>>/src -I/<<PKGBUILDDIR>>/test -I/<<PKGBUILDDIR>>/test/tinytest -g -O2 -ffile-prefix-map=/<<PKGBUILDDIR>>=. -fstack-protector-strong -Wformat -Werror=format-security -Wdate-time -D_FORTIFY_SOURCE=2 -std=gnu99 -D_GNU_SOURCE  -Wall -Wextra -pedantic -fopenmp=libomp -MD -MT test/CMakeFiles/bench_libqes.dir/helpers.c.o -MF CMakeFiles/bench_libqes.dir/helpers.c.o.d -o CMakeFiles/bench_libqes.dir/helpers.c.o -c /<<PKGBUILDDIR>>/test/helpers.c
[ 97%] Linking C executable ../bin/bench_libqes
cd /<<PKGBUILDDIR>>/obj-x86_64-linux-gnu/test && /usr/bin/cmake -E cmake_link_script CMakeFiles/bench_libqes.dir/link.txt --verbose=1
/usr/bin/cc -g -O2 -ffile-prefix-map=/<<PKGBUILDDIR>>=. -fstack-protector-strong -Wformat -Werror=format-security -Wdate-time -D_FORTIFY_SOURCE=2 -std=gnu99 -D_GNU_SOURCE  -Wall -Wextra -pedantic -fopenmp=libomp -Wl,-z,relro -Wl,-z,now -rdynamic CMakeFiles/bench_libqes.dir/benchmarks.c.o CMakeFiles/bench_libqes.dir/helpers.c.o -o ../bin/bench_libqes   -L/<<PKGBUILDDIR>>/obj-x86_64-linux-gnu/lib  -Wl,-rpath,/<<PKGBUILDDIR>>/obj-x86_64-linux-gnu/lib ../lib/libqes.so.0 -lz 
/usr/bin/ld: CMakeFiles/bench_libqes.dir/benchmarks.c.o: in function `bench_qes_seqfile_write':
./obj-x86_64-linux-gnu/test/./test/benchmarks.c:215: warning: the use of `tmpnam' is dangerous, better use `mkstemp'
make[3]: Leaving directory '/<<PKGBUILDDIR>>/obj-x86_64-linux-gnu'
[ 97%] Built target bench_libqes
[100%] Linking C executable ../bin/test_libqes
cd /<<PKGBUILDDIR>>/obj-x86_64-linux-gnu/test && /usr/bin/cmake -E cmake_link_script CMakeFiles/test_libqes.dir/link.txt --verbose=1
/usr/bin/cc -g -O2 -ffile-prefix-map=/<<PKGBUILDDIR>>=. -fstack-protector-strong -Wformat -Werror=format-security -Wdate-time -D_FORTIFY_SOURCE=2 -std=gnu99 -D_GNU_SOURCE  -Wall -Wextra -pedantic -fopenmp=libomp -Wl,-z,relro -Wl,-z,now -rdynamic CMakeFiles/test_libqes.dir/helpers.c.o CMakeFiles/test_libqes.dir/test.c.o CMakeFiles/test_libqes.dir/test_file.c.o CMakeFiles/test_libqes.dir/test_helpers.c.o CMakeFiles/test_libqes.dir/test_log.c.o CMakeFiles/test_libqes.dir/test_match.c.o CMakeFiles/test_libqes.dir/test_seq.c.o CMakeFiles/test_libqes.dir/test_seqfile.c.o CMakeFiles/test_libqes.dir/test_sequtil.c.o CMakeFiles/test_libqes.dir/test_util.c.o CMakeFiles/test_libqes.dir/testdata.c.o CMakeFiles/test_libqes.dir/tinytest/tinytest.c.o -o ../bin/test_libqes   -L/<<PKGBUILDDIR>>/obj-x86_64-linux-gnu/lib  -Wl,-rpath,/<<PKGBUILDDIR>>/obj-x86_64-linux-gnu/lib ../lib/libqes.so.0 -lz 
cd /<<PKGBUILDDIR>>/obj-x86_64-linux-gnu/test && /usr/bin/cmake -E copy_directory /<<PKGBUILDDIR>>/test/data /<<PKGBUILDDIR>>/obj-x86_64-linux-gnu/data
make[3]: Leaving directory '/<<PKGBUILDDIR>>/obj-x86_64-linux-gnu'
[100%] Built target test_libqes
make[2]: Leaving directory '/<<PKGBUILDDIR>>/obj-x86_64-linux-gnu'
/usr/bin/cmake -E cmake_progress_start /<<PKGBUILDDIR>>/obj-x86_64-linux-gnu/CMakeFiles 0
make[1]: Leaving directory '/<<PKGBUILDDIR>>/obj-x86_64-linux-gnu'
   dh_auto_test -O--buildsystem=cmake
	cd obj-x86_64-linux-gnu && make -j4 test ARGS\+=--verbose ARGS\+=-j4
make[1]: Entering directory '/<<PKGBUILDDIR>>/obj-x86_64-linux-gnu'
Running tests...
/usr/bin/ctest --force-new-ctest-process --verbose -j4
UpdateCTestConfiguration  from :/<<PKGBUILDDIR>>/obj-x86_64-linux-gnu/DartConfiguration.tcl
UpdateCTestConfiguration  from :/<<PKGBUILDDIR>>/obj-x86_64-linux-gnu/DartConfiguration.tcl
Test project /<<PKGBUILDDIR>>/obj-x86_64-linux-gnu
Constructing a list of tests
Done constructing a list of tests
Updating test list for fixtures
Added 0 tests to meet fixture requirements
Checking test dependency graph...
Checking test dependency graph end
test 1
    Start 1: run_test_libqes

1: Test command: /<<PKGBUILDDIR>>/obj-x86_64-linux-gnu/bin/test_libqes "/<<PKGBUILDDIR>>/obj-x86_64-linux-gnu"
1: Test timeout computed to be: 10000000
test 2
    Start 2: run_log_demo

2: Test command: /<<PKGBUILDDIR>>/obj-x86_64-linux-gnu/bin/log_demo
2: Test timeout computed to be: 10000000
test 3
    Start 3: run_bench_libqes

3: Test command: /<<PKGBUILDDIR>>/obj-x86_64-linux-gnu/bin/bench_libqes "/<<PKGBUILDDIR>>/obj-x86_64-linux-gnu/data/test.fastq" "50" "qes_seqfile_write" "kseq_parse_fq" "gnu_getline" "qes_seqfile_parse_fq" "qes_file_readline_realloc"
3: Test timeout computed to be: 10000000
1: qes/util/qes_calloc: OK
1: qes/util/qes_malloc: OK
1: qes/util/qes_realloc: OK
1: qes/util/qes_free: OK
1: qes/util/qes_roundup32: OK
1: qes/util/qes_roundup64: OK
1: qes/match/qes_match_hamming: OK
1: qes/match/qes_match_hamming_max: OK
1: qes/file/qes_file_open: OK
1: qes/file/qes_file_peek: OK
1: qes/file/qes_file_readline: OK
1: qes/file/qes_file_readline_realloc: OK
1: qes/file/qes_file_guess_mode: OK
1: qes/file/qes_file_close: OK
1: qes/file/qes_file_rewind: OK
1: qes/file/qes_file_getuntil: OK
1: qes/file/qes_file_ok: OK
1: qes/seqfile/qes_seqfile_create: OK
1: qes/seqfile/qes_seqfile_guess_format: OK
1: qes/seqfile/qes_seqfile_destroy: OK
2: [2;36;40m[.] Debug message, nice and quiet
2: [0;32;40m[*] Informative message, clearer
2: [0m[3;33;40m[!] Warning message, pay attention!
2: [0m[1;35;40m[E] Error message, something's gone wrong
2: [0m[1;5;31;40m[F] Fatal message, I'm leaving now
2: [0m
1/3 Test #2: run_log_demo .....................   Passed    0.00 sec
1: qes/seqfile/qes_seqfile_read_vs_kseq: OK
1: qes/seqfile/qes_seqfile_read: OK
1: qes/seqfile/qes_seqfile_write: OK
1: qes/seq/qes_seq_create: OK
1: qes/seq/qes_seq_create_no_qual: OK
1: qes/seq/qes_seq_create_no_qual_or_comment: OK
1: qes/seq/qes_seq_ok: OK
1: qes/seq/qes_seq_ok_no_comment: OK
1: qes/seq/qes_seq_ok_no_qual: OK
1: qes/seq/qes_seq_ok_no_comment_or_qual: OK
1: qes/seq/qes_seq_destroy: OK
1: qes/seq/qes_seq_fill: OK
1: qes/seq/qes_seq_copy: OK
1: qes/seq/qes_seq_print: OK
1: qes/log/qes_logger_setup: OK
1: qes/log/qes_logger_init: OK
1: qes/log/qes_logger_logging: OK
1: qes/log/qes_log_entry: OK
1: qes/sequtil/qes_sequtil_translate_codon: OK
1: testdata/data_files: OK
1: testhelpers/crc32_file: OK
1: testhelpers/filecmp: OK
1: 42 tests ok.  (0 skipped)
2/3 Test #1: run_test_libqes ..................   Passed    0.02 sec
3: bad benchmark gnu_getline
3: Beginning benchmarks.
3: ---------------------------------------------------------------------
3: [qes_seqfile_write] Total file len 90112 to /tmp/fileSXdgQB
3: Benchmark qes_seqfile_write took 0.000282s per round [50 rounds]
3: ---------------------------------------------------------------------
3: [kseq_fq] Total seq len 32385
3: Benchmark kseq_parse_fq took 0.000140s per round [50 rounds]
3: ---------------------------------------------------------------------
3: [qes_seqfile_fq] Total seq len 32385
3: Benchmark qes_seqfile_parse_fq took 0.000108s per round [50 rounds]
3: ---------------------------------------------------------------------
3: [qes_file_readline_realloc]	File of 144230 chars
3: Benchmark qes_file_readline_realloc took 0.000087s per round [50 rounds]
3: ---------------------------------------------------------------------
3/3 Test #3: run_bench_libqes .................   Passed    0.03 sec

100% tests passed, 0 tests failed out of 3

Total Test time (real) =   0.03 sec
make[1]: Leaving directory '/<<PKGBUILDDIR>>/obj-x86_64-linux-gnu'
   create-stamp debian/debhelper-build-stamp
   dh_testroot -O--buildsystem=cmake
   dh_prep -O--buildsystem=cmake
   dh_auto_install -O--buildsystem=cmake
	cd obj-x86_64-linux-gnu && make -j4 install DESTDIR=/<<BUILDDIR>>/libqes-0.2.8\+ds/debian/tmp AM_UPDATE_INFO_DIR=no "INSTALL=install --strip-program=true"
make[1]: Entering directory '/<<PKGBUILDDIR>>/obj-x86_64-linux-gnu'
/usr/bin/cmake -S/<<PKGBUILDDIR>> -B/<<PKGBUILDDIR>>/obj-x86_64-linux-gnu --check-build-system CMakeFiles/Makefile.cmake 0
make  -f CMakeFiles/Makefile2 preinstall
make[2]: Entering directory '/<<PKGBUILDDIR>>/obj-x86_64-linux-gnu'
make[2]: Nothing to be done for 'preinstall'.
make[2]: Leaving directory '/<<PKGBUILDDIR>>/obj-x86_64-linux-gnu'
Install the project...
/usr/bin/cmake -P cmake_install.cmake
-- Install configuration: "None"
-- Installing: /<<PKGBUILDDIR>>/debian/tmp/usr/include/qes_config.h
-- Installing: /<<PKGBUILDDIR>>/debian/tmp/usr/include/qes.h
-- Installing: /<<PKGBUILDDIR>>/debian/tmp/usr/include/qes_compat.h
-- Installing: /<<PKGBUILDDIR>>/debian/tmp/usr/include/qes_file.h
-- Installing: /<<PKGBUILDDIR>>/debian/tmp/usr/include/qes_libgnu.h
-- Installing: /<<PKGBUILDDIR>>/debian/tmp/usr/include/qes_log.h
-- Installing: /<<PKGBUILDDIR>>/debian/tmp/usr/include/qes_match.h
-- Installing: /<<PKGBUILDDIR>>/debian/tmp/usr/include/qes_seq.h
-- Installing: /<<PKGBUILDDIR>>/debian/tmp/usr/include/qes_seqfile.h
-- Installing: /<<PKGBUILDDIR>>/debian/tmp/usr/include/qes_sequtil.h
-- Installing: /<<PKGBUILDDIR>>/debian/tmp/usr/include/qes_str.h
-- Installing: /<<PKGBUILDDIR>>/debian/tmp/usr/include/qes_util.h
-- Installing: /<<PKGBUILDDIR>>/debian/tmp/usr/lib/libqes.so.0
-- Set runtime path of "/<<PKGBUILDDIR>>/debian/tmp/usr/lib/libqes.so.0" to ""
-- Installing: /<<PKGBUILDDIR>>/debian/tmp/usr/lib/libqes.so
-- Installing: /<<PKGBUILDDIR>>/debian/tmp/usr/lib/libqes.a
make[1]: Leaving directory '/<<PKGBUILDDIR>>/obj-x86_64-linux-gnu'
   debian/rules override_dh_install
make[1]: Entering directory '/<<PKGBUILDDIR>>'
dh_install
d-shlibmove --commit \
	    --multiarch \
	    --devunversioned \
	    --exclude-la \
	    --movedev debian/tmp/usr/include usr \
	    debian/tmp/usr/lib/*.so
Library package automatic movement utility
devlibs error: There is no package matching [libomp5-dev] and noone provides it, please report bug to d-shlibs maintainer
 --> zlib1g-dev package exists.
make[1]: *** [debian/rules:12: override_dh_install] Error 1
make[1]: Leaving directory '/<<PKGBUILDDIR>>'
make: *** [debian/rules:8: binary] Error 2
dpkg-buildpackage: error: debian/rules binary subprocess returned exit status 2
--------------------------------------------------------------------------------
Build finished at 2021-10-26T23:01:50Z

Finished
--------


+------------------------------------------------------------------------------+
| Cleanup                                                                      |
+------------------------------------------------------------------------------+

Purging /<<BUILDDIR>>
Not cleaning session: cloned chroot in use
E: Build failure (dpkg-buildpackage died)

+------------------------------------------------------------------------------+
| Summary                                                                      |
+------------------------------------------------------------------------------+

Build Architecture: amd64
Build Type: binary
Build-Space: 5792
Build-Time: 6
Distribution: unstable
Fail-Stage: build
Host Architecture: amd64
Install-Time: 6
Job: libqes_0.2.8+ds-1
Machine Architecture: amd64
Package: libqes
Package-Time: 33
Source-Version: 0.2.8+ds-1
Space: 5792
Status: attempted
Version: 0.2.8+ds-1
--------------------------------------------------------------------------------
Finished at 2021-10-26T23:01:50Z
Build needed 00:00:33, 5792k disk space
E: Build failure (dpkg-buildpackage died)
DC-Status: Failed 33.737835369s
DC-Time-Estimation: 33.737835369 versus expected 70 (r/m: 1.0748219094198164 ; m: 33.737835369)
