DC-Build-Header: mandos 1.8.14-1 / 2021-10-26 23:08:33 +0000
DC-Task: type:rebuild-binarch-only source:mandos version:1.8.14-1 chroot:unstable esttime:61 logfile:/tmp/mandos_1.8.14-1_unstable_clang12.log modes:clang12:binarch-only
DC-Sbuild-call: su user42 -c 'sbuild -n --arch-any --apt-update -d unstable -v --no-run-lintian --chroot-setup-commands=/tmp/clang12 mandos_1.8.14-1'
sbuild (Debian sbuild) 0.78.1 (09 February 2019) on ip-172-31-5-178.eu-central-1.compute.internal

+==============================================================================+
| mandos 1.8.14-1 (amd64)                      Tue, 26 Oct 2021 23:08:33 +0000 |
+==============================================================================+

Package: mandos
Version: 1.8.14-1
Source Version: 1.8.14-1
Distribution: unstable
Machine Architecture: amd64
Host Architecture: amd64
Build Architecture: amd64
Build Type: binary

I: NOTICE: Log filtering will replace 'var/run/schroot/mount/sid-amd64-sbuild-60d4c537-7d93-4260-91e6-d656b26c89d4' with '<<CHROOT>>'

+------------------------------------------------------------------------------+
| Chroot Setup Commands                                                        |
+------------------------------------------------------------------------------+


/tmp/clang12
------------

+ echo 'Entering customization script...'
Entering customization script...
+ CLANG_VERSION=12
+ echo 'Install of clang-12'
Install of clang-12
+ apt-get update
Get:1 http://127.0.0.1:12990/debian sid InRelease [165 kB]
Get:2 http://127.0.0.1:12990/debian sid/main Sources.diff/Index [63.6 kB]
Get:3 http://127.0.0.1:12990/debian sid/main amd64 Packages.diff/Index [63.6 kB]
Get:4 http://127.0.0.1:12990/debian sid/main Sources T-2021-10-26-2004.40-F-2021-10-26-0202.15.pdiff [47.3 kB]
Get:4 http://127.0.0.1:12990/debian sid/main Sources T-2021-10-26-2004.40-F-2021-10-26-0202.15.pdiff [47.3 kB]
Get:5 http://127.0.0.1:12990/debian sid/main amd64 Packages T-2021-10-26-2004.40-F-2021-10-26-0202.15.pdiff [55.9 kB]
Get:5 http://127.0.0.1:12990/debian sid/main amd64 Packages T-2021-10-26-2004.40-F-2021-10-26-0202.15.pdiff [55.9 kB]
Get:6 http://127.0.0.1:12990/debian sid/main Translation-en [6586 kB]
Fetched 6981 kB in 3s (2695 kB/s)
Reading package lists...
+ apt-get install --yes --no-install-recommends --force-yes clang-12 libomp-12-dev libobjc-9-dev
Reading package lists...
Building dependency tree...
The following additional packages will be installed:
  lib32gcc-s1 lib32stdc++6 libasan5 libbsd0 libc6-i386 libclang-common-12-dev
  libclang-cpp12 libclang1-12 libedit2 libelf1 libgc1 libgcc-9-dev libicu67
  libllvm12 libmd0 libobjc-11-dev libobjc4 libomp5-12 libunwind-12 libxml2
  libz3-4 llvm-12-linker-tools
Suggested packages:
  clang-12-doc libomp-12-doc
Recommended packages:
  llvm-12-dev python3
The following NEW packages will be installed:
  clang-12 lib32gcc-s1 lib32stdc++6 libasan5 libbsd0 libc6-i386
  libclang-common-12-dev libclang-cpp12 libclang1-12 libedit2 libelf1 libgc1
  libgcc-9-dev libicu67 libllvm12 libmd0 libobjc-11-dev libobjc-9-dev libobjc4
  libomp-12-dev libomp5-12 libunwind-12 libxml2 libz3-4 llvm-12-linker-tools
0 upgraded, 25 newly installed, 0 to remove and 0 not upgraded.
Need to get 67.6 MB of archives.
After this operation, 349 MB of additional disk space will be used.
Get:1 http://127.0.0.1:12990/debian sid/main amd64 libmd0 amd64 1.0.4-1 [29.6 kB]
Get:2 http://127.0.0.1:12990/debian sid/main amd64 libbsd0 amd64 0.11.3-1 [108 kB]
Get:3 http://127.0.0.1:12990/debian sid/main amd64 libedit2 amd64 3.1-20210910-1 [97.5 kB]
Get:4 http://127.0.0.1:12990/debian sid/main amd64 libicu67 amd64 67.1-7 [8622 kB]
Get:5 http://127.0.0.1:12990/debian sid/main amd64 libxml2 amd64 2.9.12+dfsg-5 [696 kB]
Get:6 http://127.0.0.1:12990/debian sid/main amd64 libz3-4 amd64 4.8.12-1+b1 [6997 kB]
Get:7 http://127.0.0.1:12990/debian sid/main amd64 libllvm12 amd64 1:12.0.1-15 [19.4 MB]
Get:8 http://127.0.0.1:12990/debian sid/main amd64 libclang-cpp12 amd64 1:12.0.1-15 [9996 kB]
Get:9 http://127.0.0.1:12990/debian sid/main amd64 libgc1 amd64 1:8.0.4-3 [239 kB]
Get:10 http://127.0.0.1:12990/debian sid/main amd64 libobjc4 amd64 11.2.0-10 [43.2 kB]
Get:11 http://127.0.0.1:12990/debian sid/main amd64 libobjc-11-dev amd64 11.2.0-10 [170 kB]
Get:12 http://127.0.0.1:12990/debian sid/main amd64 libc6-i386 amd64 2.32-4 [2624 kB]
Get:13 http://127.0.0.1:12990/debian sid/main amd64 lib32gcc-s1 amd64 11.2.0-10 [49.9 kB]
Get:14 http://127.0.0.1:12990/debian sid/main amd64 lib32stdc++6 amd64 11.2.0-10 [601 kB]
Get:15 http://127.0.0.1:12990/debian sid/main amd64 libclang-common-12-dev amd64 1:12.0.1-15 [4819 kB]
Get:16 http://127.0.0.1:12990/debian sid/main amd64 llvm-12-linker-tools amd64 1:12.0.1-15 [1222 kB]
Get:17 http://127.0.0.1:12990/debian sid/main amd64 libclang1-12 amd64 1:12.0.1-15 [5644 kB]
Get:18 http://127.0.0.1:12990/debian sid/main amd64 clang-12 amd64 1:12.0.1-15 [117 kB]
Get:19 http://127.0.0.1:12990/debian sid/main amd64 libasan5 amd64 9.4.0-3 [2734 kB]
Get:20 http://127.0.0.1:12990/debian sid/main amd64 libelf1 amd64 0.185-2 [172 kB]
Get:21 http://127.0.0.1:12990/debian sid/main amd64 libgcc-9-dev amd64 9.4.0-3 [2343 kB]
Get:22 http://127.0.0.1:12990/debian sid/main amd64 libobjc-9-dev amd64 9.4.0-3 [219 kB]
Get:23 http://127.0.0.1:12990/debian sid/main amd64 libunwind-12 amd64 1:12.0.1-15 [63.9 kB]
Get:24 http://127.0.0.1:12990/debian sid/main amd64 libomp5-12 amd64 1:12.0.1-15 [405 kB]
Get:25 http://127.0.0.1:12990/debian sid/main amd64 libomp-12-dev amd64 1:12.0.1-15 [104 kB]
debconf: delaying package configuration, since apt-utils is not installed
Fetched 67.6 MB in 0s (146 MB/s)
Selecting previously unselected package libmd0:amd64.
(Reading database ... (Reading database ... 5%(Reading database ... 10%(Reading database ... 15%(Reading database ... 20%(Reading database ... 25%(Reading database ... 30%(Reading database ... 35%(Reading database ... 40%(Reading database ... 45%(Reading database ... 50%(Reading database ... 55%(Reading database ... 60%(Reading database ... 65%(Reading database ... 70%(Reading database ... 75%(Reading database ... 80%(Reading database ... 85%(Reading database ... 90%(Reading database ... 95%(Reading database ... 100%(Reading database ... 12431 files and directories currently installed.)
Preparing to unpack .../00-libmd0_1.0.4-1_amd64.deb ...
Unpacking libmd0:amd64 (1.0.4-1) ...
Selecting previously unselected package libbsd0:amd64.
Preparing to unpack .../01-libbsd0_0.11.3-1_amd64.deb ...
Unpacking libbsd0:amd64 (0.11.3-1) ...
Selecting previously unselected package libedit2:amd64.
Preparing to unpack .../02-libedit2_3.1-20210910-1_amd64.deb ...
Unpacking libedit2:amd64 (3.1-20210910-1) ...
Selecting previously unselected package libicu67:amd64.
Preparing to unpack .../03-libicu67_67.1-7_amd64.deb ...
Unpacking libicu67:amd64 (67.1-7) ...
Selecting previously unselected package libxml2:amd64.
Preparing to unpack .../04-libxml2_2.9.12+dfsg-5_amd64.deb ...
Unpacking libxml2:amd64 (2.9.12+dfsg-5) ...
Selecting previously unselected package libz3-4:amd64.
Preparing to unpack .../05-libz3-4_4.8.12-1+b1_amd64.deb ...
Unpacking libz3-4:amd64 (4.8.12-1+b1) ...
Selecting previously unselected package libllvm12:amd64.
Preparing to unpack .../06-libllvm12_1%3a12.0.1-15_amd64.deb ...
Unpacking libllvm12:amd64 (1:12.0.1-15) ...
Selecting previously unselected package libclang-cpp12.
Preparing to unpack .../07-libclang-cpp12_1%3a12.0.1-15_amd64.deb ...
Unpacking libclang-cpp12 (1:12.0.1-15) ...
Selecting previously unselected package libgc1:amd64.
Preparing to unpack .../08-libgc1_1%3a8.0.4-3_amd64.deb ...
Unpacking libgc1:amd64 (1:8.0.4-3) ...
Selecting previously unselected package libobjc4:amd64.
Preparing to unpack .../09-libobjc4_11.2.0-10_amd64.deb ...
Unpacking libobjc4:amd64 (11.2.0-10) ...
Selecting previously unselected package libobjc-11-dev:amd64.
Preparing to unpack .../10-libobjc-11-dev_11.2.0-10_amd64.deb ...
Unpacking libobjc-11-dev:amd64 (11.2.0-10) ...
Selecting previously unselected package libc6-i386.
Preparing to unpack .../11-libc6-i386_2.32-4_amd64.deb ...
Unpacking libc6-i386 (2.32-4) ...
Selecting previously unselected package lib32gcc-s1.
Preparing to unpack .../12-lib32gcc-s1_11.2.0-10_amd64.deb ...
Unpacking lib32gcc-s1 (11.2.0-10) ...
Selecting previously unselected package lib32stdc++6.
Preparing to unpack .../13-lib32stdc++6_11.2.0-10_amd64.deb ...
Unpacking lib32stdc++6 (11.2.0-10) ...
Selecting previously unselected package libclang-common-12-dev.
Preparing to unpack .../14-libclang-common-12-dev_1%3a12.0.1-15_amd64.deb ...
Unpacking libclang-common-12-dev (1:12.0.1-15) ...
Selecting previously unselected package llvm-12-linker-tools.
Preparing to unpack .../15-llvm-12-linker-tools_1%3a12.0.1-15_amd64.deb ...
Unpacking llvm-12-linker-tools (1:12.0.1-15) ...
Selecting previously unselected package libclang1-12.
Preparing to unpack .../16-libclang1-12_1%3a12.0.1-15_amd64.deb ...
Unpacking libclang1-12 (1:12.0.1-15) ...
Selecting previously unselected package clang-12.
Preparing to unpack .../17-clang-12_1%3a12.0.1-15_amd64.deb ...
Unpacking clang-12 (1:12.0.1-15) ...
Selecting previously unselected package libasan5:amd64.
Preparing to unpack .../18-libasan5_9.4.0-3_amd64.deb ...
Unpacking libasan5:amd64 (9.4.0-3) ...
Selecting previously unselected package libelf1:amd64.
Preparing to unpack .../19-libelf1_0.185-2_amd64.deb ...
Unpacking libelf1:amd64 (0.185-2) ...
Selecting previously unselected package libgcc-9-dev:amd64.
Preparing to unpack .../20-libgcc-9-dev_9.4.0-3_amd64.deb ...
Unpacking libgcc-9-dev:amd64 (9.4.0-3) ...
Selecting previously unselected package libobjc-9-dev:amd64.
Preparing to unpack .../21-libobjc-9-dev_9.4.0-3_amd64.deb ...
Unpacking libobjc-9-dev:amd64 (9.4.0-3) ...
Selecting previously unselected package libunwind-12:amd64.
Preparing to unpack .../22-libunwind-12_1%3a12.0.1-15_amd64.deb ...
Unpacking libunwind-12:amd64 (1:12.0.1-15) ...
Selecting previously unselected package libomp5-12:amd64.
Preparing to unpack .../23-libomp5-12_1%3a12.0.1-15_amd64.deb ...
Unpacking libomp5-12:amd64 (1:12.0.1-15) ...
Selecting previously unselected package libomp-12-dev.
Preparing to unpack .../24-libomp-12-dev_1%3a12.0.1-15_amd64.deb ...
Unpacking libomp-12-dev (1:12.0.1-15) ...
Setting up libicu67:amd64 (67.1-7) ...
Setting up libasan5:amd64 (9.4.0-3) ...
Setting up libz3-4:amd64 (4.8.12-1+b1) ...
Setting up libunwind-12:amd64 (1:12.0.1-15) ...
Setting up libgc1:amd64 (1:8.0.4-3) ...
Setting up libmd0:amd64 (1.0.4-1) ...
Setting up libc6-i386 (2.32-4) ...
Setting up libbsd0:amd64 (0.11.3-1) ...
Setting up libelf1:amd64 (0.185-2) ...
Setting up libxml2:amd64 (2.9.12+dfsg-5) ...
Setting up libedit2:amd64 (3.1-20210910-1) ...
Setting up libobjc4:amd64 (11.2.0-10) ...
Setting up libgcc-9-dev:amd64 (9.4.0-3) ...
Setting up lib32gcc-s1 (11.2.0-10) ...
Setting up lib32stdc++6 (11.2.0-10) ...
Setting up libllvm12:amd64 (1:12.0.1-15) ...
Setting up libobjc-9-dev:amd64 (9.4.0-3) ...
Setting up libclang-common-12-dev (1:12.0.1-15) ...
Setting up libomp5-12:amd64 (1:12.0.1-15) ...
Setting up libobjc-11-dev:amd64 (11.2.0-10) ...
Setting up llvm-12-linker-tools (1:12.0.1-15) ...
Setting up libclang1-12 (1:12.0.1-15) ...
Setting up libclang-cpp12 (1:12.0.1-15) ...
Setting up libomp-12-dev (1:12.0.1-15) ...
Setting up clang-12 (1:12.0.1-15) ...
Processing triggers for libc-bin (2.32-4) ...
W: --force-yes is deprecated, use one of the options starting with --allow instead.
+ echo 'Replace gcc, g++ & cpp by clang'
Replace gcc, g++ & cpp by clang
+ VERSIONS='4.6 4.7 4.8 4.9 5 6 7 8 9 10 11'
+ cd /usr/bin
+ for VERSION in $VERSIONS
+ rm -f g++-4.6 gcc-4.6 cpp-4.6 gcc
+ ln -s clang++-12 g++-4.6
+ ln -s clang-12 gcc-4.6
+ ln -s clang-12 cpp-4.6
+ ln -s clang-12 gcc
+ echo 'gcc-4.6 hold'
+ dpkg --set-selections
dpkg: warning: package not in status nor available database at line 1: gcc-4.6
dpkg: warning: found unknown packages; this might mean the available database
is outdated, and needs to be updated through a frontend method;
please see the FAQ <https://wiki.debian.org/Teams/Dpkg/FAQ>
+ echo 'g++-4.6 hold'
+ dpkg --set-selections
dpkg: warning: package not in status nor available database at line 1: g++-4.6
dpkg: warning: found unknown packages; this might mean the available database
is outdated, and needs to be updated through a frontend method;
please see the FAQ <https://wiki.debian.org/Teams/Dpkg/FAQ>
+ for VERSION in $VERSIONS
+ rm -f g++-4.7 gcc-4.7 cpp-4.7 gcc
+ ln -s clang++-12 g++-4.7
+ ln -s clang-12 gcc-4.7
+ ln -s clang-12 cpp-4.7
+ ln -s clang-12 gcc
+ echo 'gcc-4.7 hold'
+ dpkg --set-selections
dpkg: warning: package not in status nor available database at line 1: gcc-4.7
dpkg: warning: found unknown packages; this might mean the available database
is outdated, and needs to be updated through a frontend method;
please see the FAQ <https://wiki.debian.org/Teams/Dpkg/FAQ>
+ echo 'g++-4.7 hold'
+ dpkg --set-selections
dpkg: warning: package not in status nor available database at line 1: g++-4.7
dpkg: warning: found unknown packages; this might mean the available database
is outdated, and needs to be updated through a frontend method;
please see the FAQ <https://wiki.debian.org/Teams/Dpkg/FAQ>
+ for VERSION in $VERSIONS
+ rm -f g++-4.8 gcc-4.8 cpp-4.8 gcc
+ ln -s clang++-12 g++-4.8
+ ln -s clang-12 gcc-4.8
+ ln -s clang-12 cpp-4.8
+ ln -s clang-12 gcc
+ echo 'gcc-4.8 hold'
+ dpkg --set-selections
dpkg: warning: package not in status nor available database at line 1: gcc-4.8
dpkg: warning: found unknown packages; this might mean the available database
is outdated, and needs to be updated through a frontend method;
please see the FAQ <https://wiki.debian.org/Teams/Dpkg/FAQ>
+ echo 'g++-4.8 hold'
+ dpkg --set-selections
dpkg: warning: package not in status nor available database at line 1: g++-4.8
dpkg: warning: found unknown packages; this might mean the available database
is outdated, and needs to be updated through a frontend method;
please see the FAQ <https://wiki.debian.org/Teams/Dpkg/FAQ>
+ for VERSION in $VERSIONS
+ rm -f g++-4.9 gcc-4.9 cpp-4.9 gcc
+ ln -s clang++-12 g++-4.9
+ ln -s clang-12 gcc-4.9
+ ln -s clang-12 cpp-4.9
+ ln -s clang-12 gcc
+ echo 'gcc-4.9 hold'
+ dpkg --set-selections
dpkg: warning: package not in status nor available database at line 1: gcc-4.9
dpkg: warning: found unknown packages; this might mean the available database
is outdated, and needs to be updated through a frontend method;
please see the FAQ <https://wiki.debian.org/Teams/Dpkg/FAQ>
+ echo 'g++-4.9 hold'
+ dpkg --set-selections
dpkg: warning: package not in status nor available database at line 1: g++-4.9
dpkg: warning: found unknown packages; this might mean the available database
is outdated, and needs to be updated through a frontend method;
please see the FAQ <https://wiki.debian.org/Teams/Dpkg/FAQ>
+ for VERSION in $VERSIONS
+ rm -f g++-5 gcc-5 cpp-5 gcc
+ ln -s clang++-12 g++-5
+ ln -s clang-12 gcc-5
+ ln -s clang-12 cpp-5
+ ln -s clang-12 gcc
+ echo 'gcc-5 hold'
+ dpkg --set-selections
dpkg: warning: package not in status nor available database at line 1: gcc-5
dpkg: warning: found unknown packages; this might mean the available database
is outdated, and needs to be updated through a frontend method;
please see the FAQ <https://wiki.debian.org/Teams/Dpkg/FAQ>
+ echo 'g++-5 hold'
+ dpkg --set-selections
dpkg: warning: package not in status nor available database at line 1: g++-5
dpkg: warning: found unknown packages; this might mean the available database
is outdated, and needs to be updated through a frontend method;
please see the FAQ <https://wiki.debian.org/Teams/Dpkg/FAQ>
+ for VERSION in $VERSIONS
+ rm -f g++-6 gcc-6 cpp-6 gcc
+ ln -s clang++-12 g++-6
+ ln -s clang-12 gcc-6
+ ln -s clang-12 cpp-6
+ ln -s clang-12 gcc
+ echo 'gcc-6 hold'
+ dpkg --set-selections
dpkg: warning: package not in status nor available database at line 1: gcc-6
dpkg: warning: found unknown packages; this might mean the available database
is outdated, and needs to be updated through a frontend method;
please see the FAQ <https://wiki.debian.org/Teams/Dpkg/FAQ>
+ echo 'g++-6 hold'
+ dpkg --set-selections
dpkg: warning: package not in status nor available database at line 1: g++-6
dpkg: warning: found unknown packages; this might mean the available database
is outdated, and needs to be updated through a frontend method;
please see the FAQ <https://wiki.debian.org/Teams/Dpkg/FAQ>
+ for VERSION in $VERSIONS
+ rm -f g++-7 gcc-7 cpp-7 gcc
+ ln -s clang++-12 g++-7
+ ln -s clang-12 gcc-7
+ ln -s clang-12 cpp-7
+ ln -s clang-12 gcc
+ echo 'gcc-7 hold'
+ dpkg --set-selections
dpkg: warning: package not in status nor available database at line 1: gcc-7
dpkg: warning: found unknown packages; this might mean the available database
is outdated, and needs to be updated through a frontend method;
please see the FAQ <https://wiki.debian.org/Teams/Dpkg/FAQ>
+ echo 'g++-7 hold'
+ dpkg --set-selections
dpkg: warning: package not in status nor available database at line 1: g++-7
dpkg: warning: found unknown packages; this might mean the available database
is outdated, and needs to be updated through a frontend method;
please see the FAQ <https://wiki.debian.org/Teams/Dpkg/FAQ>
+ for VERSION in $VERSIONS
+ rm -f g++-8 gcc-8 cpp-8 gcc
+ ln -s clang++-12 g++-8
+ ln -s clang-12 gcc-8
+ ln -s clang-12 cpp-8
+ ln -s clang-12 gcc
+ echo 'gcc-8 hold'
+ dpkg --set-selections
dpkg: warning: package not in status nor available database at line 1: gcc-8
dpkg: warning: found unknown packages; this might mean the available database
is outdated, and needs to be updated through a frontend method;
please see the FAQ <https://wiki.debian.org/Teams/Dpkg/FAQ>
+ echo 'g++-8 hold'
+ dpkg --set-selections
dpkg: warning: package not in status nor available database at line 1: g++-8
dpkg: warning: found unknown packages; this might mean the available database
is outdated, and needs to be updated through a frontend method;
please see the FAQ <https://wiki.debian.org/Teams/Dpkg/FAQ>
+ for VERSION in $VERSIONS
+ rm -f g++-9 gcc-9 cpp-9 gcc
+ ln -s clang++-12 g++-9
+ ln -s clang-12 gcc-9
+ ln -s clang-12 cpp-9
+ ln -s clang-12 gcc
+ echo 'gcc-9 hold'
+ dpkg --set-selections
dpkg: warning: package not in status nor available database at line 1: gcc-9
dpkg: warning: found unknown packages; this might mean the available database
is outdated, and needs to be updated through a frontend method;
please see the FAQ <https://wiki.debian.org/Teams/Dpkg/FAQ>
+ echo 'g++-9 hold'
+ dpkg --set-selections
dpkg: warning: package not in status nor available database at line 1: g++-9
dpkg: warning: found unknown packages; this might mean the available database
is outdated, and needs to be updated through a frontend method;
please see the FAQ <https://wiki.debian.org/Teams/Dpkg/FAQ>
+ for VERSION in $VERSIONS
+ rm -f g++-10 gcc-10 cpp-10 gcc
+ ln -s clang++-12 g++-10
+ ln -s clang-12 gcc-10
+ ln -s clang-12 cpp-10
+ ln -s clang-12 gcc
+ echo 'gcc-10 hold'
+ dpkg --set-selections
dpkg: warning: package not in status nor available database at line 1: gcc-10
dpkg: warning: found unknown packages; this might mean the available database
is outdated, and needs to be updated through a frontend method;
please see the FAQ <https://wiki.debian.org/Teams/Dpkg/FAQ>
+ echo 'g++-10 hold'
+ dpkg --set-selections
dpkg: warning: package not in status nor available database at line 1: g++-10
dpkg: warning: found unknown packages; this might mean the available database
is outdated, and needs to be updated through a frontend method;
please see the FAQ <https://wiki.debian.org/Teams/Dpkg/FAQ>
+ for VERSION in $VERSIONS
+ rm -f g++-11 gcc-11 cpp-11 gcc
+ ln -s clang++-12 g++-11
+ ln -s clang-12 gcc-11
+ ln -s clang-12 cpp-11
+ ln -s clang-12 gcc
+ echo 'gcc-11 hold'
+ dpkg --set-selections
+ echo 'g++-11 hold'
+ dpkg --set-selections
+ cd -
/build/mandos-Zcjpo6
+ echo 'Check if gcc, g++ & cpp are actually clang'
Check if gcc, g++ & cpp are actually clang
+ gcc --version
+ grep clang
+ cpp --version
+ grep clang
+ g++ --version
+ grep clang
+ cd /usr/bin/
+ rm -f clang++ clang
+ ln -s clang-12 clang++
+ ln -s clang-12 clang
+ clang++ --version
Debian clang version 12.0.1-15
Target: x86_64-pc-linux-gnu
Thread model: posix
InstalledDir: /usr/bin
+ clang --version
Debian clang version 12.0.1-15
Target: x86_64-pc-linux-gnu
Thread model: posix
InstalledDir: /usr/bin
+ cd -
/build/mandos-Zcjpo6
+ apt install --yes --no-install-recommends --force-yes qt5-qmake

WARNING: apt does not have a stable CLI interface. Use with caution in scripts.

Reading package lists...
Building dependency tree...
Reading state information...
The following additional packages will be installed:
  qt5-qmake-bin qtchooser
The following NEW packages will be installed:
  qt5-qmake qt5-qmake-bin qtchooser
0 upgraded, 3 newly installed, 0 to remove and 0 not upgraded.
Need to get 1322 kB of archives.
After this operation, 4914 kB of additional disk space will be used.
Get:1 http://127.0.0.1:12990/debian sid/main amd64 qt5-qmake-bin amd64 5.15.2+dfsg-12 [1046 kB]
Get:2 http://127.0.0.1:12990/debian sid/main amd64 qtchooser amd64 66-2 [26.3 kB]
Get:3 http://127.0.0.1:12990/debian sid/main amd64 qt5-qmake amd64 5.15.2+dfsg-12 [249 kB]
debconf: delaying package configuration, since apt-utils is not installed
Fetched 1322 kB in 0s (58.4 MB/s)
Selecting previously unselected package qt5-qmake-bin.
(Reading database ... (Reading database ... 5%(Reading database ... 10%(Reading database ... 15%(Reading database ... 20%(Reading database ... 25%(Reading database ... 30%(Reading database ... 35%(Reading database ... 40%(Reading database ... 45%(Reading database ... 50%(Reading database ... 55%(Reading database ... 60%(Reading database ... 65%(Reading database ... 70%(Reading database ... 75%(Reading database ... 80%(Reading database ... 85%(Reading database ... 90%(Reading database ... 95%(Reading database ... 100%(Reading database ... 13527 files and directories currently installed.)
Preparing to unpack .../qt5-qmake-bin_5.15.2+dfsg-12_amd64.deb ...
Unpacking qt5-qmake-bin (5.15.2+dfsg-12) ...
Selecting previously unselected package qtchooser.
Preparing to unpack .../qtchooser_66-2_amd64.deb ...
Unpacking qtchooser (66-2) ...
Selecting previously unselected package qt5-qmake:amd64.
Preparing to unpack .../qt5-qmake_5.15.2+dfsg-12_amd64.deb ...
Unpacking qt5-qmake:amd64 (5.15.2+dfsg-12) ...
Setting up qt5-qmake-bin (5.15.2+dfsg-12) ...
Setting up qtchooser (66-2) ...
Setting up qt5-qmake:amd64 (5.15.2+dfsg-12) ...
W: --force-yes is deprecated, use one of the options starting with --allow instead.
+ cp /usr/lib/x86_64-linux-gnu/qt5/mkspecs/linux-clang/qmake.conf /usr/lib/x86_64-linux-gnu/qt5/mkspecs/linux-clang/qplatformdefs.h /usr/lib/x86_64-linux-gnu/qt5/mkspecs/linux-g++/
+ ls -al /usr/lib/x86_64-linux-gnu/qt5/mkspecs/linux-g++/
total 16
drwxr-xr-x  2 root root 4096 Oct 26 23:08 .
drwxr-xr-x 76 root root 4096 Oct 26 23:08 ..
-rw-r--r--  1 root root  276 Oct 26 23:08 qmake.conf
-rw-r--r--  1 root root 3218 Oct 26 23:08 qplatformdefs.h
+ cat /usr/lib/x86_64-linux-gnu/qt5/mkspecs/linux-g++/qmake.conf
#
# qmake configuration for linux-clang
#

MAKEFILE_GENERATOR = UNIX
CONFIG += incremental

QMAKE_INCREMENTAL_STYLE = sublib

include(../common/linux.conf)
include(../common/gcc-base-unix.conf)
include(../common/clang.conf)

QMAKE_LFLAGS += -ccc-gcc-name g++

load(qt_config)
+ export QMAKESPEC=/usr/lib/x86_64-linux-gnu/qt5/mkspecs/linux-clang/
+ QMAKESPEC=/usr/lib/x86_64-linux-gnu/qt5/mkspecs/linux-clang/
+ sed -i -e 's|compare_problem(2,|compare_problem(0,|g' /usr/bin/dpkg-gensymbols
+ sed -i -e 's|compare_problem(1,|compare_problem(0,|g' /usr/bin/dpkg-gensymbols
+ grep 'compare_problem(' /usr/bin/dpkg-gensymbols
        compare_problem(4, g_('new libraries appeared in the symbols file: %s'), "@libs");
        compare_problem(3, g_('some libraries disappeared in the symbols file: %s'), "@libs");
        compare_problem(0, g_('some new symbols appeared in the symbols file: %s'),
        compare_problem(0, g_('some symbols or patterns disappeared in the symbols file: %s'),

I: Finished running '/tmp/clang12'.

Finished processing commands.
--------------------------------------------------------------------------------
I: NOTICE: Log filtering will replace 'build/mandos-Zcjpo6/resolver-2dqrL8' with '<<RESOLVERDIR>>'

+------------------------------------------------------------------------------+
| Update chroot                                                                |
+------------------------------------------------------------------------------+

Hit:1 http://127.0.0.1:12990/debian sid InRelease
Reading package lists...
Reading package lists...
Building dependency tree...
Reading state information...
Calculating upgrade...
0 upgraded, 0 newly installed, 0 to remove and 0 not upgraded.

+------------------------------------------------------------------------------+
| Fetch source files                                                           |
+------------------------------------------------------------------------------+


Check APT
---------

Checking available source versions...

Download source files with APT
------------------------------

Reading package lists...
NOTICE: 'mandos' packaging is maintained in the 'Bzr' version control system at:
https://ftp.recompile.se/pub/mandos/trunk
Please use:
bzr branch https://ftp.recompile.se/pub/mandos/trunk
to retrieve the latest (possibly unreleased) updates to the package.
Need to get 271 kB of source archives.
Get:1 http://127.0.0.1:12990/debian sid/main mandos 1.8.14-1 (dsc) [2318 B]
Get:2 http://127.0.0.1:12990/debian sid/main mandos 1.8.14-1 (tar) [243 kB]
Get:3 http://127.0.0.1:12990/debian sid/main mandos 1.8.14-1 (diff) [25.8 kB]
Fetched 271 kB in 0s (2916 kB/s)
Download complete and in download only mode
I: NOTICE: Log filtering will replace 'build/mandos-Zcjpo6/mandos-1.8.14' with '<<PKGBUILDDIR>>'
I: NOTICE: Log filtering will replace 'build/mandos-Zcjpo6' with '<<BUILDDIR>>'

+------------------------------------------------------------------------------+
| Install package build dependencies                                           |
+------------------------------------------------------------------------------+


Setup apt archive
-----------------

Merged Build-Depends: debhelper (>= 10), docbook-xml, docbook-xsl, libavahi-core-dev, libgpgme-dev | libgpgme11-dev, libglib2.0-dev (>= 2.40), libgnutls28-dev (>= 3.3.0), libgnutls28-dev (>= 3.6.6) | libgnutls28-dev (<< 3.6.0), xsltproc, pkg-config, libnl-route-3-dev, systemd, build-essential, fakeroot, python3 (>= 3), python3-dbus, python3-gi, po-debconf
Filtered Build-Depends: debhelper (>= 10), docbook-xml, docbook-xsl, libavahi-core-dev, libgpgme-dev, libglib2.0-dev (>= 2.40), libgnutls28-dev (>= 3.3.0), libgnutls28-dev (>= 3.6.6) | libgnutls28-dev (<< 3.6.0), xsltproc, pkg-config, libnl-route-3-dev, systemd, build-essential, fakeroot, python3 (>= 3), python3-dbus, python3-gi, po-debconf
dpkg-deb: building package 'sbuild-build-depends-main-dummy' in '/<<RESOLVERDIR>>/apt_archive/sbuild-build-depends-main-dummy.deb'.
Ign:1 copy:/<<RESOLVERDIR>>/apt_archive ./ InRelease
Get:2 copy:/<<RESOLVERDIR>>/apt_archive ./ Release [957 B]
Ign:3 copy:/<<RESOLVERDIR>>/apt_archive ./ Release.gpg
Get:4 copy:/<<RESOLVERDIR>>/apt_archive ./ Sources [505 B]
Get:5 copy:/<<RESOLVERDIR>>/apt_archive ./ Packages [575 B]
Fetched 2037 B in 0s (0 B/s)
Reading package lists...
Reading package lists...

Install main build dependencies (apt-based resolver)
----------------------------------------------------

Installing build dependencies
Reading package lists...
Building dependency tree...
Reading state information...
The following additional packages will be installed:
  autoconf automake autopoint autotools-dev bsdextrautils debhelper
  dh-autoreconf dh-strip-nondeterminism dirmngr dmsetup docbook-xml
  docbook-xsl dwz file gettext gettext-base gir1.2-glib-2.0 gnupg gnupg-l10n
  gnupg-utils gpg gpg-agent gpg-wks-client gpg-wks-server gpgconf gpgsm
  groff-base intltool-debian libapparmor1 libarchive-zip-perl libargon2-1
  libassuan-dev libassuan0 libavahi-common-data libavahi-common-dev
  libavahi-common3 libavahi-core-dev libavahi-core7 libblkid-dev
  libcryptsetup12 libdbus-1-3 libdebhelper-perl libdevmapper1.02.1
  libevent-2.1-7 libexpat1 libffi-dev libfile-stripnondeterminism-perl
  libgirepository-1.0-1 libglib2.0-0 libglib2.0-bin libglib2.0-data
  libglib2.0-dev libglib2.0-dev-bin libgmp-dev libgmpxx4ldbl libgnutls-dane0
  libgnutls-openssl27 libgnutls28-dev libgnutlsxx28 libgpg-error-dev
  libgpgme-dev libgpgme11 libidn2-dev libip4tc2 libjson-c5 libkmod2 libksba8
  libldap-2.4-2 libmagic-mgc libmagic1 libmount-dev libmpdec3 libncursesw6
  libnl-3-200 libnl-3-dev libnl-route-3-200 libnl-route-3-dev libnpth0
  libp11-kit-dev libpcre16-3 libpcre2-16-0 libpcre2-32-0 libpcre2-dev
  libpcre2-posix2 libpcre3-dev libpcre32-3 libpcrecpp0v5 libpipeline1
  libpython3-stdlib libpython3.9-minimal libpython3.9-stdlib libreadline8
  libsasl2-2 libsasl2-modules-db libselinux1-dev libsepol1-dev libsigsegv2
  libsqlite3-0 libsub-override-perl libtasn1-6-dev libtool libuchardet0
  libunbound8 libxslt1.1 m4 man-db media-types nettle-dev pinentry-curses
  pkg-config po-debconf python3 python3-dbus python3-distutils python3-gi
  python3-lib2to3 python3-minimal python3.9 python3.9-minimal readline-common
  sensible-utils sgml-base sgml-data systemd uuid-dev xml-core xsltproc
  zlib1g-dev
Suggested packages:
  autoconf-archive gnu-standards autoconf-doc dh-make dbus-user-session
  libpam-systemd pinentry-gnome3 tor docbook docbook-dsssl docbook-defguide
  dbtoepub docbook-xsl-doc-html | docbook-xsl-doc-pdf | docbook-xsl-doc-text
  | docbook-xsl-doc docbook-xsl-saxon fop libsaxon-java libxalan2-java
  libxslthl-java xalan gettext-doc libasprintf-dev libgettextpo-dev parcimonie
  xloadimage scdaemon groff libgirepository1.0-dev libglib2.0-doc
  libgdk-pixbuf2.0-bin | libgdk-pixbuf2.0-dev libxml2-utils gmp-doc
  libgmp10-doc libmpfr-dev dns-root-data gnutls-bin gnutls-doc libtool-doc
  gfortran | fortran95-compiler gcj-jdk m4-doc apparmor less www-browser
  pinentry-doc libmail-box-perl python3-doc python3-tk python3-venv
  python-dbus-doc python3.9-venv python3.9-doc binfmt-support readline-doc
  sgml-base-doc perlsgml w3-recs opensp systemd-container policykit-1
Recommended packages:
  curl | wget | lynx dbus libarchive-cpio-perl shared-mime-info xdg-user-dirs
  libldap-common libgpm2 ca-certificates libsasl2-modules libtasn1-doc
  libltdl-dev libmail-sendmail-perl systemd-timesyncd | time-daemon
The following NEW packages will be installed:
  autoconf automake autopoint autotools-dev bsdextrautils debhelper
  dh-autoreconf dh-strip-nondeterminism dirmngr dmsetup docbook-xml
  docbook-xsl dwz file gettext gettext-base gir1.2-glib-2.0 gnupg gnupg-l10n
  gnupg-utils gpg gpg-agent gpg-wks-client gpg-wks-server gpgconf gpgsm
  groff-base intltool-debian libapparmor1 libarchive-zip-perl libargon2-1
  libassuan-dev libassuan0 libavahi-common-data libavahi-common-dev
  libavahi-common3 libavahi-core-dev libavahi-core7 libblkid-dev
  libcryptsetup12 libdbus-1-3 libdebhelper-perl libdevmapper1.02.1
  libevent-2.1-7 libexpat1 libffi-dev libfile-stripnondeterminism-perl
  libgirepository-1.0-1 libglib2.0-0 libglib2.0-bin libglib2.0-data
  libglib2.0-dev libglib2.0-dev-bin libgmp-dev libgmpxx4ldbl libgnutls-dane0
  libgnutls-openssl27 libgnutls28-dev libgnutlsxx28 libgpg-error-dev
  libgpgme-dev libgpgme11 libidn2-dev libip4tc2 libjson-c5 libkmod2 libksba8
  libldap-2.4-2 libmagic-mgc libmagic1 libmount-dev libmpdec3 libncursesw6
  libnl-3-200 libnl-3-dev libnl-route-3-200 libnl-route-3-dev libnpth0
  libp11-kit-dev libpcre16-3 libpcre2-16-0 libpcre2-32-0 libpcre2-dev
  libpcre2-posix2 libpcre3-dev libpcre32-3 libpcrecpp0v5 libpipeline1
  libpython3-stdlib libpython3.9-minimal libpython3.9-stdlib libreadline8
  libsasl2-2 libsasl2-modules-db libselinux1-dev libsepol1-dev libsigsegv2
  libsqlite3-0 libsub-override-perl libtasn1-6-dev libtool libuchardet0
  libunbound8 libxslt1.1 m4 man-db media-types nettle-dev pinentry-curses
  pkg-config po-debconf python3 python3-dbus python3-distutils python3-gi
  python3-lib2to3 python3-minimal python3.9 python3.9-minimal readline-common
  sbuild-build-depends-main-dummy sensible-utils sgml-base sgml-data systemd
  uuid-dev xml-core xsltproc zlib1g-dev
0 upgraded, 129 newly installed, 0 to remove and 0 not upgraded.
Need to get 47.2 MB of archives.
After this operation, 169 MB of additional disk space will be used.
Get:1 copy:/<<RESOLVERDIR>>/apt_archive ./ sbuild-build-depends-main-dummy 0.invalid.0 [1000 B]
Get:2 http://127.0.0.1:12990/debian sid/main amd64 libapparmor1 amd64 3.0.3-5 [103 kB]
Get:3 http://127.0.0.1:12990/debian sid/main amd64 libargon2-1 amd64 0~20171227-0.2 [19.6 kB]
Get:4 http://127.0.0.1:12990/debian sid/main amd64 dmsetup amd64 2:1.02.175-2.1 [92.1 kB]
Get:5 http://127.0.0.1:12990/debian sid/main amd64 libdevmapper1.02.1 amd64 2:1.02.175-2.1 [143 kB]
Get:6 http://127.0.0.1:12990/debian sid/main amd64 libjson-c5 amd64 0.15-2 [42.8 kB]
Get:7 http://127.0.0.1:12990/debian sid/main amd64 libcryptsetup12 amd64 2:2.4.1-1 [240 kB]
Get:8 http://127.0.0.1:12990/debian sid/main amd64 libip4tc2 amd64 1.8.7-1 [34.6 kB]
Get:9 http://127.0.0.1:12990/debian sid/main amd64 libkmod2 amd64 29-1 [56.5 kB]
Get:10 http://127.0.0.1:12990/debian sid/main amd64 systemd amd64 249.5-1 [4446 kB]
Get:11 http://127.0.0.1:12990/debian sid/main amd64 bsdextrautils amd64 2.37.2-4 [143 kB]
Get:12 http://127.0.0.1:12990/debian sid/main amd64 libuchardet0 amd64 0.0.7-1 [67.8 kB]
Get:13 http://127.0.0.1:12990/debian sid/main amd64 groff-base amd64 1.22.4-7 [935 kB]
Get:14 http://127.0.0.1:12990/debian sid/main amd64 libpipeline1 amd64 1.5.3-1 [34.3 kB]
Get:15 http://127.0.0.1:12990/debian sid/main amd64 man-db amd64 2.9.4-2 [1354 kB]
Get:16 http://127.0.0.1:12990/debian sid/main amd64 libpython3.9-minimal amd64 3.9.7-4 [804 kB]
Get:17 http://127.0.0.1:12990/debian sid/main amd64 libexpat1 amd64 2.4.1-3 [104 kB]
Get:18 http://127.0.0.1:12990/debian sid/main amd64 python3.9-minimal amd64 3.9.7-4 [1963 kB]
Get:19 http://127.0.0.1:12990/debian sid/main amd64 python3-minimal amd64 3.9.2-3 [38.2 kB]
Get:20 http://127.0.0.1:12990/debian sid/main amd64 media-types all 4.0.0 [30.3 kB]
Get:21 http://127.0.0.1:12990/debian sid/main amd64 libmpdec3 amd64 2.5.1-2 [87.8 kB]
Get:22 http://127.0.0.1:12990/debian sid/main amd64 libncursesw6 amd64 6.2+20210905-1 [133 kB]
Get:23 http://127.0.0.1:12990/debian sid/main amd64 readline-common all 8.1-2 [73.8 kB]
Get:24 http://127.0.0.1:12990/debian sid/main amd64 libreadline8 amd64 8.1-2 [168 kB]
Get:25 http://127.0.0.1:12990/debian sid/main amd64 libsqlite3-0 amd64 3.36.0-2 [815 kB]
Get:26 http://127.0.0.1:12990/debian sid/main amd64 libpython3.9-stdlib amd64 3.9.7-4 [1688 kB]
Get:27 http://127.0.0.1:12990/debian sid/main amd64 python3.9 amd64 3.9.7-4 [480 kB]
Get:28 http://127.0.0.1:12990/debian sid/main amd64 libpython3-stdlib amd64 3.9.2-3 [21.4 kB]
Get:29 http://127.0.0.1:12990/debian sid/main amd64 python3 amd64 3.9.2-3 [37.9 kB]
Get:30 http://127.0.0.1:12990/debian sid/main amd64 sgml-base all 1.30 [15.1 kB]
Get:31 http://127.0.0.1:12990/debian sid/main amd64 sensible-utils all 0.0.17 [21.5 kB]
Get:32 http://127.0.0.1:12990/debian sid/main amd64 libmagic-mgc amd64 1:5.39-3 [273 kB]
Get:33 http://127.0.0.1:12990/debian sid/main amd64 libmagic1 amd64 1:5.39-3 [126 kB]
Get:34 http://127.0.0.1:12990/debian sid/main amd64 file amd64 1:5.39-3 [69.1 kB]
Get:35 http://127.0.0.1:12990/debian sid/main amd64 gettext-base amd64 0.21-4 [175 kB]
Get:36 http://127.0.0.1:12990/debian sid/main amd64 libsigsegv2 amd64 2.13-1 [34.8 kB]
Get:37 http://127.0.0.1:12990/debian sid/main amd64 m4 amd64 1.4.18-5 [204 kB]
Get:38 http://127.0.0.1:12990/debian sid/main amd64 autoconf all 2.71-2 [343 kB]
Get:39 http://127.0.0.1:12990/debian sid/main amd64 autotools-dev all 20180224.1+nmu1 [77.1 kB]
Get:40 http://127.0.0.1:12990/debian sid/main amd64 automake all 1:1.16.5-1 [823 kB]
Get:41 http://127.0.0.1:12990/debian sid/main amd64 autopoint all 0.21-4 [510 kB]
Get:42 http://127.0.0.1:12990/debian sid/main amd64 libdebhelper-perl all 13.5.2 [192 kB]
Get:43 http://127.0.0.1:12990/debian sid/main amd64 libtool all 2.4.6-15 [513 kB]
Get:44 http://127.0.0.1:12990/debian sid/main amd64 dh-autoreconf all 20 [17.1 kB]
Get:45 http://127.0.0.1:12990/debian sid/main amd64 libarchive-zip-perl all 1.68-1 [104 kB]
Get:46 http://127.0.0.1:12990/debian sid/main amd64 libsub-override-perl all 0.09-2 [10.2 kB]
Get:47 http://127.0.0.1:12990/debian sid/main amd64 libfile-stripnondeterminism-perl all 1.12.0-2 [26.3 kB]
Get:48 http://127.0.0.1:12990/debian sid/main amd64 dh-strip-nondeterminism all 1.12.0-2 [15.5 kB]
Get:49 http://127.0.0.1:12990/debian sid/main amd64 dwz amd64 0.14-1 [98.3 kB]
Get:50 http://127.0.0.1:12990/debian sid/main amd64 gettext amd64 0.21-4 [1311 kB]
Get:51 http://127.0.0.1:12990/debian sid/main amd64 intltool-debian all 0.35.0+20060710.5 [26.8 kB]
Get:52 http://127.0.0.1:12990/debian sid/main amd64 po-debconf all 1.0.21+nmu1 [248 kB]
Get:53 http://127.0.0.1:12990/debian sid/main amd64 debhelper all 13.5.2 [1056 kB]
Get:54 http://127.0.0.1:12990/debian sid/main amd64 libassuan0 amd64 2.5.5-1 [51.8 kB]
Get:55 http://127.0.0.1:12990/debian sid/main amd64 gpgconf amd64 2.2.27-2 [547 kB]
Get:56 http://127.0.0.1:12990/debian sid/main amd64 libksba8 amd64 1.6.0-2 [127 kB]
Get:57 http://127.0.0.1:12990/debian sid/main amd64 libsasl2-modules-db amd64 2.1.27+dfsg-2.1 [69.1 kB]
Get:58 http://127.0.0.1:12990/debian sid/main amd64 libsasl2-2 amd64 2.1.27+dfsg-2.1 [106 kB]
Get:59 http://127.0.0.1:12990/debian sid/main amd64 libldap-2.4-2 amd64 2.4.59+dfsg-1 [232 kB]
Get:60 http://127.0.0.1:12990/debian sid/main amd64 libnpth0 amd64 1.6-3 [19.0 kB]
Get:61 http://127.0.0.1:12990/debian sid/main amd64 dirmngr amd64 2.2.27-2 [762 kB]
Get:62 http://127.0.0.1:12990/debian sid/main amd64 xml-core all 0.18+nmu1 [23.8 kB]
Get:63 http://127.0.0.1:12990/debian sid/main amd64 sgml-data all 2.0.11+nmu1 [179 kB]
Get:64 http://127.0.0.1:12990/debian sid/main amd64 docbook-xml all 4.5-11 [85.0 kB]
Get:65 http://127.0.0.1:12990/debian sid/main amd64 docbook-xsl all 1.79.2+dfsg-1 [1237 kB]
Get:66 http://127.0.0.1:12990/debian sid/main amd64 libglib2.0-0 amd64 2.70.0-3 [1401 kB]
Get:67 http://127.0.0.1:12990/debian sid/main amd64 libgirepository-1.0-1 amd64 1.70.0-2 [97.8 kB]
Get:68 http://127.0.0.1:12990/debian sid/main amd64 gir1.2-glib-2.0 amd64 1.70.0-2 [154 kB]
Get:69 http://127.0.0.1:12990/debian sid/main amd64 gnupg-l10n all 2.2.27-2 [1084 kB]
Get:70 http://127.0.0.1:12990/debian sid/main amd64 gnupg-utils amd64 2.2.27-2 [905 kB]
Get:71 http://127.0.0.1:12990/debian sid/main amd64 gpg amd64 2.2.27-2 [927 kB]
Get:72 http://127.0.0.1:12990/debian sid/main amd64 pinentry-curses amd64 1.1.0-4 [64.9 kB]
Get:73 http://127.0.0.1:12990/debian sid/main amd64 gpg-agent amd64 2.2.27-2 [669 kB]
Get:74 http://127.0.0.1:12990/debian sid/main amd64 gpg-wks-client amd64 2.2.27-2 [523 kB]
Get:75 http://127.0.0.1:12990/debian sid/main amd64 gpg-wks-server amd64 2.2.27-2 [516 kB]
Get:76 http://127.0.0.1:12990/debian sid/main amd64 gpgsm amd64 2.2.27-2 [645 kB]
Get:77 http://127.0.0.1:12990/debian sid/main amd64 gnupg all 2.2.27-2 [825 kB]
Get:78 http://127.0.0.1:12990/debian sid/main amd64 libgpg-error-dev amd64 1.42-3 [135 kB]
Get:79 http://127.0.0.1:12990/debian sid/main amd64 libassuan-dev amd64 2.5.5-1 [110 kB]
Get:80 http://127.0.0.1:12990/debian sid/main amd64 libavahi-common-data amd64 0.8-5 [124 kB]
Get:81 http://127.0.0.1:12990/debian sid/main amd64 libavahi-common3 amd64 0.8-5 [58.4 kB]
Get:82 http://127.0.0.1:12990/debian sid/main amd64 libavahi-common-dev amd64 0.8-5 [73.4 kB]
Get:83 http://127.0.0.1:12990/debian sid/main amd64 libavahi-core7 amd64 0.8-5 [121 kB]
Get:84 http://127.0.0.1:12990/debian sid/main amd64 libavahi-core-dev amd64 0.8-5 [142 kB]
Get:85 http://127.0.0.1:12990/debian sid/main amd64 uuid-dev amd64 2.37.2-4 [95.8 kB]
Get:86 http://127.0.0.1:12990/debian sid/main amd64 libblkid-dev amd64 2.37.2-4 [232 kB]
Get:87 http://127.0.0.1:12990/debian sid/main amd64 libdbus-1-3 amd64 1.12.20-3 [219 kB]
Get:88 http://127.0.0.1:12990/debian sid/main amd64 libevent-2.1-7 amd64 2.1.12-stable-1 [188 kB]
Get:89 http://127.0.0.1:12990/debian sid/main amd64 libffi-dev amd64 3.4.2-3 [60.4 kB]
Get:90 http://127.0.0.1:12990/debian sid/main amd64 libglib2.0-data all 2.70.0-3 [1189 kB]
Get:91 http://127.0.0.1:12990/debian sid/main amd64 libglib2.0-bin amd64 2.70.0-3 [145 kB]
Get:92 http://127.0.0.1:12990/debian sid/main amd64 python3-lib2to3 all 3.9.7-1 [79.4 kB]
Get:93 http://127.0.0.1:12990/debian sid/main amd64 python3-distutils all 3.9.7-1 [146 kB]
Get:94 http://127.0.0.1:12990/debian sid/main amd64 libglib2.0-dev-bin amd64 2.70.0-3 [183 kB]
Get:95 http://127.0.0.1:12990/debian sid/main amd64 libsepol1-dev amd64 3.1-1 [338 kB]
Get:96 http://127.0.0.1:12990/debian sid/main amd64 libpcre2-16-0 amd64 10.36-2 [231 kB]
Get:97 http://127.0.0.1:12990/debian sid/main amd64 libpcre2-32-0 amd64 10.36-2 [220 kB]
Get:98 http://127.0.0.1:12990/debian sid/main amd64 libpcre2-posix2 amd64 10.36-2 [49.1 kB]
Get:99 http://127.0.0.1:12990/debian sid/main amd64 libpcre2-dev amd64 10.36-2 [731 kB]
Get:100 http://127.0.0.1:12990/debian sid/main amd64 libselinux1-dev amd64 3.1-3 [168 kB]
Get:101 http://127.0.0.1:12990/debian sid/main amd64 libmount-dev amd64 2.37.2-4 [79.0 kB]
Get:102 http://127.0.0.1:12990/debian sid/main amd64 libpcre16-3 amd64 2:8.39-13 [259 kB]
Get:103 http://127.0.0.1:12990/debian sid/main amd64 libpcre32-3 amd64 2:8.39-13 [250 kB]
Get:104 http://127.0.0.1:12990/debian sid/main amd64 libpcrecpp0v5 amd64 2:8.39-13 [152 kB]
Get:105 http://127.0.0.1:12990/debian sid/main amd64 libpcre3-dev amd64 2:8.39-13 [650 kB]
Get:106 http://127.0.0.1:12990/debian sid/main amd64 pkg-config amd64 0.29.2-1 [65.1 kB]
Get:107 http://127.0.0.1:12990/debian sid/main amd64 zlib1g-dev amd64 1:1.2.11.dfsg-2 [190 kB]
Get:108 http://127.0.0.1:12990/debian sid/main amd64 libglib2.0-dev amd64 2.70.0-3 [1599 kB]
Get:109 http://127.0.0.1:12990/debian sid/main amd64 libgmpxx4ldbl amd64 2:6.2.1+dfsg-2 [338 kB]
Get:110 http://127.0.0.1:12990/debian sid/main amd64 libgmp-dev amd64 2:6.2.1+dfsg-2 [641 kB]
Get:111 http://127.0.0.1:12990/debian sid/main amd64 libunbound8 amd64 1.13.1-1 [504 kB]
Get:112 http://127.0.0.1:12990/debian sid/main amd64 libgnutls-dane0 amd64 3.7.2-2 [404 kB]
Get:113 http://127.0.0.1:12990/debian sid/main amd64 libgnutls-openssl27 amd64 3.7.2-2 [404 kB]
Get:114 http://127.0.0.1:12990/debian sid/main amd64 libgnutlsxx28 amd64 3.7.2-2 [14.7 kB]
Get:115 http://127.0.0.1:12990/debian sid/main amd64 libidn2-dev amd64 2.3.2-2 [91.0 kB]
Get:116 http://127.0.0.1:12990/debian sid/main amd64 libp11-kit-dev amd64 0.24.0-5 [175 kB]
Get:117 http://127.0.0.1:12990/debian sid/main amd64 libtasn1-6-dev amd64 4.17.0-2 [105 kB]
Get:118 http://127.0.0.1:12990/debian sid/main amd64 nettle-dev amd64 3.7.3-1 [1263 kB]
Get:119 http://127.0.0.1:12990/debian sid/main amd64 libgnutls28-dev amd64 3.7.2-2 [1311 kB]
Get:120 http://127.0.0.1:12990/debian sid/main amd64 libgpgme11 amd64 1.16.0-1.1 [291 kB]
Get:121 http://127.0.0.1:12990/debian sid/main amd64 libgpgme-dev amd64 1.16.0-1.1 [501 kB]
Get:122 http://127.0.0.1:12990/debian sid/main amd64 libnl-3-200 amd64 3.4.0-1+b1 [63.6 kB]
Get:123 http://127.0.0.1:12990/debian sid/main amd64 libnl-3-dev amd64 3.4.0-1+b1 [102 kB]
Get:124 http://127.0.0.1:12990/debian sid/main amd64 libnl-route-3-200 amd64 3.4.0-1+b1 [161 kB]
Get:125 http://127.0.0.1:12990/debian sid/main amd64 libnl-route-3-dev amd64 3.4.0-1+b1 [176 kB]
Get:126 http://127.0.0.1:12990/debian sid/main amd64 libxslt1.1 amd64 1.1.34-4 [239 kB]
Get:127 http://127.0.0.1:12990/debian sid/main amd64 python3-dbus amd64 1.2.18-3 [108 kB]
Get:128 http://127.0.0.1:12990/debian sid/main amd64 python3-gi amd64 3.42.0-1+b1 [234 kB]
Get:129 http://127.0.0.1:12990/debian sid/main amd64 xsltproc amd64 1.1.34-4 [124 kB]
debconf: delaying package configuration, since apt-utils is not installed
Fetched 47.2 MB in 0s (157 MB/s)
Selecting previously unselected package libapparmor1:amd64.
(Reading database ... 14272 files and directories currently installed.)
Preparing to unpack .../00-libapparmor1_3.0.3-5_amd64.deb ...
Unpacking libapparmor1:amd64 (3.0.3-5) ...
Selecting previously unselected package libargon2-1:amd64.
Preparing to unpack .../01-libargon2-1_0~20171227-0.2_amd64.deb ...
Unpacking libargon2-1:amd64 (0~20171227-0.2) ...
Selecting previously unselected package dmsetup.
Preparing to unpack .../02-dmsetup_2%3a1.02.175-2.1_amd64.deb ...
Unpacking dmsetup (2:1.02.175-2.1) ...
Selecting previously unselected package libdevmapper1.02.1:amd64.
Preparing to unpack .../03-libdevmapper1.02.1_2%3a1.02.175-2.1_amd64.deb ...
Unpacking libdevmapper1.02.1:amd64 (2:1.02.175-2.1) ...
Selecting previously unselected package libjson-c5:amd64.
Preparing to unpack .../04-libjson-c5_0.15-2_amd64.deb ...
Unpacking libjson-c5:amd64 (0.15-2) ...
Selecting previously unselected package libcryptsetup12:amd64.
Preparing to unpack .../05-libcryptsetup12_2%3a2.4.1-1_amd64.deb ...
Unpacking libcryptsetup12:amd64 (2:2.4.1-1) ...
Selecting previously unselected package libip4tc2:amd64.
Preparing to unpack .../06-libip4tc2_1.8.7-1_amd64.deb ...
Unpacking libip4tc2:amd64 (1.8.7-1) ...
Selecting previously unselected package libkmod2:amd64.
Preparing to unpack .../07-libkmod2_29-1_amd64.deb ...
Unpacking libkmod2:amd64 (29-1) ...
Selecting previously unselected package systemd.
Preparing to unpack .../08-systemd_249.5-1_amd64.deb ...
Unpacking systemd (249.5-1) ...
Selecting previously unselected package bsdextrautils.
Preparing to unpack .../09-bsdextrautils_2.37.2-4_amd64.deb ...
Unpacking bsdextrautils (2.37.2-4) ...
Selecting previously unselected package libuchardet0:amd64.
Preparing to unpack .../10-libuchardet0_0.0.7-1_amd64.deb ...
Unpacking libuchardet0:amd64 (0.0.7-1) ...
Selecting previously unselected package groff-base.
Preparing to unpack .../11-groff-base_1.22.4-7_amd64.deb ...
Unpacking groff-base (1.22.4-7) ...
Selecting previously unselected package libpipeline1:amd64.
Preparing to unpack .../12-libpipeline1_1.5.3-1_amd64.deb ...
Unpacking libpipeline1:amd64 (1.5.3-1) ...
Selecting previously unselected package man-db.
Preparing to unpack .../13-man-db_2.9.4-2_amd64.deb ...
Unpacking man-db (2.9.4-2) ...
Selecting previously unselected package libpython3.9-minimal:amd64.
Preparing to unpack .../14-libpython3.9-minimal_3.9.7-4_amd64.deb ...
Unpacking libpython3.9-minimal:amd64 (3.9.7-4) ...
Selecting previously unselected package libexpat1:amd64.
Preparing to unpack .../15-libexpat1_2.4.1-3_amd64.deb ...
Unpacking libexpat1:amd64 (2.4.1-3) ...
Selecting previously unselected package python3.9-minimal.
Preparing to unpack .../16-python3.9-minimal_3.9.7-4_amd64.deb ...
Unpacking python3.9-minimal (3.9.7-4) ...
Setting up libpython3.9-minimal:amd64 (3.9.7-4) ...
Setting up libexpat1:amd64 (2.4.1-3) ...
Setting up python3.9-minimal (3.9.7-4) ...
Selecting previously unselected package python3-minimal.
(Reading database ... 16011 files and directories currently installed.)
Preparing to unpack .../0-python3-minimal_3.9.2-3_amd64.deb ...
Unpacking python3-minimal (3.9.2-3) ...
Selecting previously unselected package media-types.
Preparing to unpack .../1-media-types_4.0.0_all.deb ...
Unpacking media-types (4.0.0) ...
Selecting previously unselected package libmpdec3:amd64.
Preparing to unpack .../2-libmpdec3_2.5.1-2_amd64.deb ...
Unpacking libmpdec3:amd64 (2.5.1-2) ...
Selecting previously unselected package libncursesw6:amd64.
Preparing to unpack .../3-libncursesw6_6.2+20210905-1_amd64.deb ...
Unpacking libncursesw6:amd64 (6.2+20210905-1) ...
Selecting previously unselected package readline-common.
Preparing to unpack .../4-readline-common_8.1-2_all.deb ...
Unpacking readline-common (8.1-2) ...
Selecting previously unselected package libreadline8:amd64.
Preparing to unpack .../5-libreadline8_8.1-2_amd64.deb ...
Unpacking libreadline8:amd64 (8.1-2) ...
Selecting previously unselected package libsqlite3-0:amd64.
Preparing to unpack .../6-libsqlite3-0_3.36.0-2_amd64.deb ...
Unpacking libsqlite3-0:amd64 (3.36.0-2) ...
Selecting previously unselected package libpython3.9-stdlib:amd64.
Preparing to unpack .../7-libpython3.9-stdlib_3.9.7-4_amd64.deb ...
Unpacking libpython3.9-stdlib:amd64 (3.9.7-4) ...
Selecting previously unselected package python3.9.
Preparing to unpack .../8-python3.9_3.9.7-4_amd64.deb ...
Unpacking python3.9 (3.9.7-4) ...
Selecting previously unselected package libpython3-stdlib:amd64.
Preparing to unpack .../9-libpython3-stdlib_3.9.2-3_amd64.deb ...
Unpacking libpython3-stdlib:amd64 (3.9.2-3) ...
Setting up python3-minimal (3.9.2-3) ...
Selecting previously unselected package python3.
(Reading database ... 16450 files and directories currently installed.)
Preparing to unpack .../000-python3_3.9.2-3_amd64.deb ...
Unpacking python3 (3.9.2-3) ...
Selecting previously unselected package sgml-base.
Preparing to unpack .../001-sgml-base_1.30_all.deb ...
Unpacking sgml-base (1.30) ...
Selecting previously unselected package sensible-utils.
Preparing to unpack .../002-sensible-utils_0.0.17_all.deb ...
Unpacking sensible-utils (0.0.17) ...
Selecting previously unselected package libmagic-mgc.
Preparing to unpack .../003-libmagic-mgc_1%3a5.39-3_amd64.deb ...
Unpacking libmagic-mgc (1:5.39-3) ...
Selecting previously unselected package libmagic1:amd64.
Preparing to unpack .../004-libmagic1_1%3a5.39-3_amd64.deb ...
Unpacking libmagic1:amd64 (1:5.39-3) ...
Selecting previously unselected package file.
Preparing to unpack .../005-file_1%3a5.39-3_amd64.deb ...
Unpacking file (1:5.39-3) ...
Selecting previously unselected package gettext-base.
Preparing to unpack .../006-gettext-base_0.21-4_amd64.deb ...
Unpacking gettext-base (0.21-4) ...
Selecting previously unselected package libsigsegv2:amd64.
Preparing to unpack .../007-libsigsegv2_2.13-1_amd64.deb ...
Unpacking libsigsegv2:amd64 (2.13-1) ...
Selecting previously unselected package m4.
Preparing to unpack .../008-m4_1.4.18-5_amd64.deb ...
Unpacking m4 (1.4.18-5) ...
Selecting previously unselected package autoconf.
Preparing to unpack .../009-autoconf_2.71-2_all.deb ...
Unpacking autoconf (2.71-2) ...
Selecting previously unselected package autotools-dev.
Preparing to unpack .../010-autotools-dev_20180224.1+nmu1_all.deb ...
Unpacking autotools-dev (20180224.1+nmu1) ...
Selecting previously unselected package automake.
Preparing to unpack .../011-automake_1%3a1.16.5-1_all.deb ...
Unpacking automake (1:1.16.5-1) ...
Selecting previously unselected package autopoint.
Preparing to unpack .../012-autopoint_0.21-4_all.deb ...
Unpacking autopoint (0.21-4) ...
Selecting previously unselected package libdebhelper-perl.
Preparing to unpack .../013-libdebhelper-perl_13.5.2_all.deb ...
Unpacking libdebhelper-perl (13.5.2) ...
Selecting previously unselected package libtool.
Preparing to unpack .../014-libtool_2.4.6-15_all.deb ...
Unpacking libtool (2.4.6-15) ...
Selecting previously unselected package dh-autoreconf.
Preparing to unpack .../015-dh-autoreconf_20_all.deb ...
Unpacking dh-autoreconf (20) ...
Selecting previously unselected package libarchive-zip-perl.
Preparing to unpack .../016-libarchive-zip-perl_1.68-1_all.deb ...
Unpacking libarchive-zip-perl (1.68-1) ...
Selecting previously unselected package libsub-override-perl.
Preparing to unpack .../017-libsub-override-perl_0.09-2_all.deb ...
Unpacking libsub-override-perl (0.09-2) ...
Selecting previously unselected package libfile-stripnondeterminism-perl.
Preparing to unpack .../018-libfile-stripnondeterminism-perl_1.12.0-2_all.deb ...
Unpacking libfile-stripnondeterminism-perl (1.12.0-2) ...
Selecting previously unselected package dh-strip-nondeterminism.
Preparing to unpack .../019-dh-strip-nondeterminism_1.12.0-2_all.deb ...
Unpacking dh-strip-nondeterminism (1.12.0-2) ...
Selecting previously unselected package dwz.
Preparing to unpack .../020-dwz_0.14-1_amd64.deb ...
Unpacking dwz (0.14-1) ...
Selecting previously unselected package gettext.
Preparing to unpack .../021-gettext_0.21-4_amd64.deb ...
Unpacking gettext (0.21-4) ...
Selecting previously unselected package intltool-debian.
Preparing to unpack .../022-intltool-debian_0.35.0+20060710.5_all.deb ...
Unpacking intltool-debian (0.35.0+20060710.5) ...
Selecting previously unselected package po-debconf.
Preparing to unpack .../023-po-debconf_1.0.21+nmu1_all.deb ...
Unpacking po-debconf (1.0.21+nmu1) ...
Selecting previously unselected package debhelper.
Preparing to unpack .../024-debhelper_13.5.2_all.deb ...
Unpacking debhelper (13.5.2) ...
Selecting previously unselected package libassuan0:amd64.
Preparing to unpack .../025-libassuan0_2.5.5-1_amd64.deb ...
Unpacking libassuan0:amd64 (2.5.5-1) ...
Selecting previously unselected package gpgconf.
Preparing to unpack .../026-gpgconf_2.2.27-2_amd64.deb ...
Unpacking gpgconf (2.2.27-2) ...
Selecting previously unselected package libksba8:amd64.
Preparing to unpack .../027-libksba8_1.6.0-2_amd64.deb ...
Unpacking libksba8:amd64 (1.6.0-2) ...
Selecting previously unselected package libsasl2-modules-db:amd64.
Preparing to unpack .../028-libsasl2-modules-db_2.1.27+dfsg-2.1_amd64.deb ...
Unpacking libsasl2-modules-db:amd64 (2.1.27+dfsg-2.1) ...
Selecting previously unselected package libsasl2-2:amd64.
Preparing to unpack .../029-libsasl2-2_2.1.27+dfsg-2.1_amd64.deb ...
Unpacking libsasl2-2:amd64 (2.1.27+dfsg-2.1) ...
Selecting previously unselected package libldap-2.4-2:amd64.
Preparing to unpack .../030-libldap-2.4-2_2.4.59+dfsg-1_amd64.deb ...
Unpacking libldap-2.4-2:amd64 (2.4.59+dfsg-1) ...
Selecting previously unselected package libnpth0:amd64.
Preparing to unpack .../031-libnpth0_1.6-3_amd64.deb ...
Unpacking libnpth0:amd64 (1.6-3) ...
Selecting previously unselected package dirmngr.
Preparing to unpack .../032-dirmngr_2.2.27-2_amd64.deb ...
Unpacking dirmngr (2.2.27-2) ...
Selecting previously unselected package xml-core.
Preparing to unpack .../033-xml-core_0.18+nmu1_all.deb ...
Unpacking xml-core (0.18+nmu1) ...
Selecting previously unselected package sgml-data.
Preparing to unpack .../034-sgml-data_2.0.11+nmu1_all.deb ...
Unpacking sgml-data (2.0.11+nmu1) ...
Selecting previously unselected package docbook-xml.
Preparing to unpack .../035-docbook-xml_4.5-11_all.deb ...
Unpacking docbook-xml (4.5-11) ...
Selecting previously unselected package docbook-xsl.
Preparing to unpack .../036-docbook-xsl_1.79.2+dfsg-1_all.deb ...
Unpacking docbook-xsl (1.79.2+dfsg-1) ...
Selecting previously unselected package libglib2.0-0:amd64.
Preparing to unpack .../037-libglib2.0-0_2.70.0-3_amd64.deb ...
Unpacking libglib2.0-0:amd64 (2.70.0-3) ...
Selecting previously unselected package libgirepository-1.0-1:amd64.
Preparing to unpack .../038-libgirepository-1.0-1_1.70.0-2_amd64.deb ...
Unpacking libgirepository-1.0-1:amd64 (1.70.0-2) ...
Selecting previously unselected package gir1.2-glib-2.0:amd64.
Preparing to unpack .../039-gir1.2-glib-2.0_1.70.0-2_amd64.deb ...
Unpacking gir1.2-glib-2.0:amd64 (1.70.0-2) ...
Selecting previously unselected package gnupg-l10n.
Preparing to unpack .../040-gnupg-l10n_2.2.27-2_all.deb ...
Unpacking gnupg-l10n (2.2.27-2) ...
Selecting previously unselected package gnupg-utils.
Preparing to unpack .../041-gnupg-utils_2.2.27-2_amd64.deb ...
Unpacking gnupg-utils (2.2.27-2) ...
Selecting previously unselected package gpg.
Preparing to unpack .../042-gpg_2.2.27-2_amd64.deb ...
Unpacking gpg (2.2.27-2) ...
Selecting previously unselected package pinentry-curses.
Preparing to unpack .../043-pinentry-curses_1.1.0-4_amd64.deb ...
Unpacking pinentry-curses (1.1.0-4) ...
Selecting previously unselected package gpg-agent.
Preparing to unpack .../044-gpg-agent_2.2.27-2_amd64.deb ...
Unpacking gpg-agent (2.2.27-2) ...
Selecting previously unselected package gpg-wks-client.
Preparing to unpack .../045-gpg-wks-client_2.2.27-2_amd64.deb ...
Unpacking gpg-wks-client (2.2.27-2) ...
Selecting previously unselected package gpg-wks-server.
Preparing to unpack .../046-gpg-wks-server_2.2.27-2_amd64.deb ...
Unpacking gpg-wks-server (2.2.27-2) ...
Selecting previously unselected package gpgsm.
Preparing to unpack .../047-gpgsm_2.2.27-2_amd64.deb ...
Unpacking gpgsm (2.2.27-2) ...
Selecting previously unselected package gnupg.
Preparing to unpack .../048-gnupg_2.2.27-2_all.deb ...
Unpacking gnupg (2.2.27-2) ...
Selecting previously unselected package libgpg-error-dev.
Preparing to unpack .../049-libgpg-error-dev_1.42-3_amd64.deb ...
Unpacking libgpg-error-dev (1.42-3) ...
Selecting previously unselected package libassuan-dev.
Preparing to unpack .../050-libassuan-dev_2.5.5-1_amd64.deb ...
Unpacking libassuan-dev (2.5.5-1) ...
Selecting previously unselected package libavahi-common-data:amd64.
Preparing to unpack .../051-libavahi-common-data_0.8-5_amd64.deb ...
Unpacking libavahi-common-data:amd64 (0.8-5) ...
Selecting previously unselected package libavahi-common3:amd64.
Preparing to unpack .../052-libavahi-common3_0.8-5_amd64.deb ...
Unpacking libavahi-common3:amd64 (0.8-5) ...
Selecting previously unselected package libavahi-common-dev:amd64.
Preparing to unpack .../053-libavahi-common-dev_0.8-5_amd64.deb ...
Unpacking libavahi-common-dev:amd64 (0.8-5) ...
Selecting previously unselected package libavahi-core7:amd64.
Preparing to unpack .../054-libavahi-core7_0.8-5_amd64.deb ...
Unpacking libavahi-core7:amd64 (0.8-5) ...
Selecting previously unselected package libavahi-core-dev:amd64.
Preparing to unpack .../055-libavahi-core-dev_0.8-5_amd64.deb ...
Unpacking libavahi-core-dev:amd64 (0.8-5) ...
Selecting previously unselected package uuid-dev:amd64.
Preparing to unpack .../056-uuid-dev_2.37.2-4_amd64.deb ...
Unpacking uuid-dev:amd64 (2.37.2-4) ...
Selecting previously unselected package libblkid-dev:amd64.
Preparing to unpack .../057-libblkid-dev_2.37.2-4_amd64.deb ...
Unpacking libblkid-dev:amd64 (2.37.2-4) ...
Selecting previously unselected package libdbus-1-3:amd64.
Preparing to unpack .../058-libdbus-1-3_1.12.20-3_amd64.deb ...
Unpacking libdbus-1-3:amd64 (1.12.20-3) ...
Selecting previously unselected package libevent-2.1-7:amd64.
Preparing to unpack .../059-libevent-2.1-7_2.1.12-stable-1_amd64.deb ...
Unpacking libevent-2.1-7:amd64 (2.1.12-stable-1) ...
Selecting previously unselected package libffi-dev:amd64.
Preparing to unpack .../060-libffi-dev_3.4.2-3_amd64.deb ...
Unpacking libffi-dev:amd64 (3.4.2-3) ...
Selecting previously unselected package libglib2.0-data.
Preparing to unpack .../061-libglib2.0-data_2.70.0-3_all.deb ...
Unpacking libglib2.0-data (2.70.0-3) ...
Selecting previously unselected package libglib2.0-bin.
Preparing to unpack .../062-libglib2.0-bin_2.70.0-3_amd64.deb ...
Unpacking libglib2.0-bin (2.70.0-3) ...
Selecting previously unselected package python3-lib2to3.
Preparing to unpack .../063-python3-lib2to3_3.9.7-1_all.deb ...
Unpacking python3-lib2to3 (3.9.7-1) ...
Selecting previously unselected package python3-distutils.
Preparing to unpack .../064-python3-distutils_3.9.7-1_all.deb ...
Unpacking python3-distutils (3.9.7-1) ...
Selecting previously unselected package libglib2.0-dev-bin.
Preparing to unpack .../065-libglib2.0-dev-bin_2.70.0-3_amd64.deb ...
Unpacking libglib2.0-dev-bin (2.70.0-3) ...
Selecting previously unselected package libsepol1-dev:amd64.
Preparing to unpack .../066-libsepol1-dev_3.1-1_amd64.deb ...
Unpacking libsepol1-dev:amd64 (3.1-1) ...
Selecting previously unselected package libpcre2-16-0:amd64.
Preparing to unpack .../067-libpcre2-16-0_10.36-2_amd64.deb ...
Unpacking libpcre2-16-0:amd64 (10.36-2) ...
Selecting previously unselected package libpcre2-32-0:amd64.
Preparing to unpack .../068-libpcre2-32-0_10.36-2_amd64.deb ...
Unpacking libpcre2-32-0:amd64 (10.36-2) ...
Selecting previously unselected package libpcre2-posix2:amd64.
Preparing to unpack .../069-libpcre2-posix2_10.36-2_amd64.deb ...
Unpacking libpcre2-posix2:amd64 (10.36-2) ...
Selecting previously unselected package libpcre2-dev:amd64.
Preparing to unpack .../070-libpcre2-dev_10.36-2_amd64.deb ...
Unpacking libpcre2-dev:amd64 (10.36-2) ...
Selecting previously unselected package libselinux1-dev:amd64.
Preparing to unpack .../071-libselinux1-dev_3.1-3_amd64.deb ...
Unpacking libselinux1-dev:amd64 (3.1-3) ...
Selecting previously unselected package libmount-dev:amd64.
Preparing to unpack .../072-libmount-dev_2.37.2-4_amd64.deb ...
Unpacking libmount-dev:amd64 (2.37.2-4) ...
Selecting previously unselected package libpcre16-3:amd64.
Preparing to unpack .../073-libpcre16-3_2%3a8.39-13_amd64.deb ...
Unpacking libpcre16-3:amd64 (2:8.39-13) ...
Selecting previously unselected package libpcre32-3:amd64.
Preparing to unpack .../074-libpcre32-3_2%3a8.39-13_amd64.deb ...
Unpacking libpcre32-3:amd64 (2:8.39-13) ...
Selecting previously unselected package libpcrecpp0v5:amd64.
Preparing to unpack .../075-libpcrecpp0v5_2%3a8.39-13_amd64.deb ...
Unpacking libpcrecpp0v5:amd64 (2:8.39-13) ...
Selecting previously unselected package libpcre3-dev:amd64.
Preparing to unpack .../076-libpcre3-dev_2%3a8.39-13_amd64.deb ...
Unpacking libpcre3-dev:amd64 (2:8.39-13) ...
Selecting previously unselected package pkg-config.
Preparing to unpack .../077-pkg-config_0.29.2-1_amd64.deb ...
Unpacking pkg-config (0.29.2-1) ...
Selecting previously unselected package zlib1g-dev:amd64.
Preparing to unpack .../078-zlib1g-dev_1%3a1.2.11.dfsg-2_amd64.deb ...
Unpacking zlib1g-dev:amd64 (1:1.2.11.dfsg-2) ...
Selecting previously unselected package libglib2.0-dev:amd64.
Preparing to unpack .../079-libglib2.0-dev_2.70.0-3_amd64.deb ...
Unpacking libglib2.0-dev:amd64 (2.70.0-3) ...
Selecting previously unselected package libgmpxx4ldbl:amd64.
Preparing to unpack .../080-libgmpxx4ldbl_2%3a6.2.1+dfsg-2_amd64.deb ...
Unpacking libgmpxx4ldbl:amd64 (2:6.2.1+dfsg-2) ...
Selecting previously unselected package libgmp-dev:amd64.
Preparing to unpack .../081-libgmp-dev_2%3a6.2.1+dfsg-2_amd64.deb ...
Unpacking libgmp-dev:amd64 (2:6.2.1+dfsg-2) ...
Selecting previously unselected package libunbound8:amd64.
Preparing to unpack .../082-libunbound8_1.13.1-1_amd64.deb ...
Unpacking libunbound8:amd64 (1.13.1-1) ...
Selecting previously unselected package libgnutls-dane0:amd64.
Preparing to unpack .../083-libgnutls-dane0_3.7.2-2_amd64.deb ...
Unpacking libgnutls-dane0:amd64 (3.7.2-2) ...
Selecting previously unselected package libgnutls-openssl27:amd64.
Preparing to unpack .../084-libgnutls-openssl27_3.7.2-2_amd64.deb ...
Unpacking libgnutls-openssl27:amd64 (3.7.2-2) ...
Selecting previously unselected package libgnutlsxx28:amd64.
Preparing to unpack .../085-libgnutlsxx28_3.7.2-2_amd64.deb ...
Unpacking libgnutlsxx28:amd64 (3.7.2-2) ...
Selecting previously unselected package libidn2-dev:amd64.
Preparing to unpack .../086-libidn2-dev_2.3.2-2_amd64.deb ...
Unpacking libidn2-dev:amd64 (2.3.2-2) ...
Selecting previously unselected package libp11-kit-dev:amd64.
Preparing to unpack .../087-libp11-kit-dev_0.24.0-5_amd64.deb ...
Unpacking libp11-kit-dev:amd64 (0.24.0-5) ...
Selecting previously unselected package libtasn1-6-dev:amd64.
Preparing to unpack .../088-libtasn1-6-dev_4.17.0-2_amd64.deb ...
Unpacking libtasn1-6-dev:amd64 (4.17.0-2) ...
Selecting previously unselected package nettle-dev:amd64.
Preparing to unpack .../089-nettle-dev_3.7.3-1_amd64.deb ...
Unpacking nettle-dev:amd64 (3.7.3-1) ...
Selecting previously unselected package libgnutls28-dev:amd64.
Preparing to unpack .../090-libgnutls28-dev_3.7.2-2_amd64.deb ...
Unpacking libgnutls28-dev:amd64 (3.7.2-2) ...
Selecting previously unselected package libgpgme11:amd64.
Preparing to unpack .../091-libgpgme11_1.16.0-1.1_amd64.deb ...
Unpacking libgpgme11:amd64 (1.16.0-1.1) ...
Selecting previously unselected package libgpgme-dev.
Preparing to unpack .../092-libgpgme-dev_1.16.0-1.1_amd64.deb ...
Unpacking libgpgme-dev (1.16.0-1.1) ...
Selecting previously unselected package libnl-3-200:amd64.
Preparing to unpack .../093-libnl-3-200_3.4.0-1+b1_amd64.deb ...
Unpacking libnl-3-200:amd64 (3.4.0-1+b1) ...
Selecting previously unselected package libnl-3-dev:amd64.
Preparing to unpack .../094-libnl-3-dev_3.4.0-1+b1_amd64.deb ...
Unpacking libnl-3-dev:amd64 (3.4.0-1+b1) ...
Selecting previously unselected package libnl-route-3-200:amd64.
Preparing to unpack .../095-libnl-route-3-200_3.4.0-1+b1_amd64.deb ...
Unpacking libnl-route-3-200:amd64 (3.4.0-1+b1) ...
Selecting previously unselected package libnl-route-3-dev:amd64.
Preparing to unpack .../096-libnl-route-3-dev_3.4.0-1+b1_amd64.deb ...
Unpacking libnl-route-3-dev:amd64 (3.4.0-1+b1) ...
Selecting previously unselected package libxslt1.1:amd64.
Preparing to unpack .../097-libxslt1.1_1.1.34-4_amd64.deb ...
Unpacking libxslt1.1:amd64 (1.1.34-4) ...
Selecting previously unselected package python3-dbus.
Preparing to unpack .../098-python3-dbus_1.2.18-3_amd64.deb ...
Unpacking python3-dbus (1.2.18-3) ...
Selecting previously unselected package python3-gi.
Preparing to unpack .../099-python3-gi_3.42.0-1+b1_amd64.deb ...
Unpacking python3-gi (3.42.0-1+b1) ...
Selecting previously unselected package xsltproc.
Preparing to unpack .../100-xsltproc_1.1.34-4_amd64.deb ...
Unpacking xsltproc (1.1.34-4) ...
Selecting previously unselected package sbuild-build-depends-main-dummy.
Preparing to unpack .../101-sbuild-build-depends-main-dummy_0.invalid.0_amd64.deb ...
Unpacking sbuild-build-depends-main-dummy (0.invalid.0) ...
Setting up libip4tc2:amd64 (1.8.7-1) ...
Setting up libksba8:amd64 (1.6.0-2) ...
Setting up media-types (4.0.0) ...
Setting up libpcrecpp0v5:amd64 (2:8.39-13) ...
Setting up libpipeline1:amd64 (1.5.3-1) ...
Setting up libapparmor1:amd64 (3.0.3-5) ...
Setting up libgnutls-openssl27:amd64 (3.7.2-2) ...
Setting up bsdextrautils (2.37.2-4) ...
update-alternatives: using /usr/bin/write.ul to provide /usr/bin/write (write) in auto mode
Setting up libpcre16-3:amd64 (2:8.39-13) ...
Setting up libmagic-mgc (1:5.39-3) ...
Setting up libarchive-zip-perl (1.68-1) ...
Setting up libglib2.0-0:amd64 (2.70.0-3) ...
No schema files found: doing nothing.
Setting up libargon2-1:amd64 (0~20171227-0.2) ...
Setting up libdebhelper-perl (13.5.2) ...
Setting up libsqlite3-0:amd64 (3.36.0-2) ...
Setting up libmagic1:amd64 (1:5.39-3) ...
Setting up libsepol1-dev:amd64 (3.1-1) ...
Setting up gettext-base (0.21-4) ...
Setting up libnpth0:amd64 (1.6-3) ...
Setting up file (1:5.39-3) ...
Setting up libassuan0:amd64 (2.5.5-1) ...
Setting up libffi-dev:amd64 (3.4.2-3) ...
Setting up libpcre2-16-0:amd64 (10.36-2) ...
Setting up libsasl2-modules-db:amd64 (2.1.27+dfsg-2.1) ...
Setting up autotools-dev (20180224.1+nmu1) ...
Setting up libpcre2-32-0:amd64 (10.36-2) ...
Setting up libglib2.0-data (2.70.0-3) ...
Setting up libgmpxx4ldbl:amd64 (2:6.2.1+dfsg-2) ...
Setting up libgpg-error-dev (1.42-3) ...
Setting up gnupg-l10n (2.2.27-2) ...
Setting up uuid-dev:amd64 (2.37.2-4) ...
Setting up libavahi-common-data:amd64 (0.8-5) ...
Setting up libdbus-1-3:amd64 (1.12.20-3) ...
Setting up libsigsegv2:amd64 (2.13-1) ...
Setting up libpcre32-3:amd64 (2:8.39-13) ...
Setting up libevent-2.1-7:amd64 (2.1.12-stable-1) ...
Setting up autopoint (0.21-4) ...
Setting up pkg-config (0.29.2-1) ...
Setting up libassuan-dev (2.5.5-1) ...
Setting up libgnutlsxx28:amd64 (3.7.2-2) ...
Setting up libpcre2-posix2:amd64 (10.36-2) ...
Setting up libncursesw6:amd64 (6.2+20210905-1) ...
Setting up libidn2-dev:amd64 (2.3.2-2) ...
Setting up libsasl2-2:amd64 (2.1.27+dfsg-2.1) ...
Setting up zlib1g-dev:amd64 (1:1.2.11.dfsg-2) ...
Setting up dwz (0.14-1) ...
Setting up sensible-utils (0.0.17) ...
Setting up libuchardet0:amd64 (0.0.7-1) ...
Setting up libxslt1.1:amd64 (1.1.34-4) ...
Setting up libnl-3-200:amd64 (3.4.0-1+b1) ...
Setting up libmpdec3:amd64 (2.5.1-2) ...
Setting up libsub-override-perl (0.09-2) ...
Setting up libgirepository-1.0-1:amd64 (1.70.0-2) ...
Setting up sgml-base (1.30) ...
Setting up libtasn1-6-dev:amd64 (4.17.0-2) ...
Setting up libjson-c5:amd64 (0.15-2) ...
Setting up readline-common (8.1-2) ...
Setting up libp11-kit-dev:amd64 (0.24.0-5) ...
Setting up libkmod2:amd64 (29-1) ...
Setting up pinentry-curses (1.1.0-4) ...
Setting up libfile-stripnondeterminism-perl (1.12.0-2) ...
Setting up libblkid-dev:amd64 (2.37.2-4) ...
Setting up gettext (0.21-4) ...
Setting up libgmp-dev:amd64 (2:6.2.1+dfsg-2) ...
Setting up libpcre2-dev:amd64 (10.36-2) ...
Setting up nettle-dev:amd64 (3.7.3-1) ...
Setting up libtool (2.4.6-15) ...
Setting up libselinux1-dev:amd64 (3.1-3) ...
Setting up libpcre3-dev:amd64 (2:8.39-13) ...
Setting up libreadline8:amd64 (8.1-2) ...
Setting up xsltproc (1.1.34-4) ...
Setting up libavahi-common3:amd64 (0.8-5) ...
Setting up libglib2.0-bin (2.70.0-3) ...
Setting up libldap-2.4-2:amd64 (2.4.59+dfsg-1) ...
Setting up m4 (1.4.18-5) ...
Setting up intltool-debian (0.35.0+20060710.5) ...
Setting up libnl-route-3-200:amd64 (3.4.0-1+b1) ...
Setting up libunbound8:amd64 (1.13.1-1) ...
Setting up gir1.2-glib-2.0:amd64 (1.70.0-2) ...
Setting up autoconf (2.71-2) ...
Setting up dh-strip-nondeterminism (1.12.0-2) ...
Setting up libnl-3-dev:amd64 (3.4.0-1+b1) ...
Setting up groff-base (1.22.4-7) ...
Setting up libavahi-common-dev:amd64 (0.8-5) ...
Setting up xml-core (0.18+nmu1) ...
Setting up gpgconf (2.2.27-2) ...
Setting up libavahi-core7:amd64 (0.8-5) ...
Setting up libmount-dev:amd64 (2.37.2-4) ...
Setting up gpg (2.2.27-2) ...
Setting up libpython3.9-stdlib:amd64 (3.9.7-4) ...
Setting up libpython3-stdlib:amd64 (3.9.2-3) ...
Setting up gnupg-utils (2.2.27-2) ...
Setting up automake (1:1.16.5-1) ...
update-alternatives: using /usr/bin/automake-1.16 to provide /usr/bin/automake (automake) in auto mode
Setting up libgnutls-dane0:amd64 (3.7.2-2) ...
Setting up gpg-agent (2.2.27-2) ...
Created symlink /etc/systemd/user/sockets.target.wants/gpg-agent-browser.socket  /usr/lib/systemd/user/gpg-agent-browser.socket.
Created symlink /etc/systemd/user/sockets.target.wants/gpg-agent-extra.socket  /usr/lib/systemd/user/gpg-agent-extra.socket.
Created symlink /etc/systemd/user/sockets.target.wants/gpg-agent-ssh.socket  /usr/lib/systemd/user/gpg-agent-ssh.socket.
Created symlink /etc/systemd/user/sockets.target.wants/gpg-agent.socket  /usr/lib/systemd/user/gpg-agent.socket.
Setting up po-debconf (1.0.21+nmu1) ...
Setting up gpgsm (2.2.27-2) ...
Setting up man-db (2.9.4-2) ...
Not building database; man-db/auto-update is not 'true'.
Created symlink /etc/systemd/system/timers.target.wants/man-db.timer  /lib/systemd/system/man-db.timer.
Setting up libgpgme11:amd64 (1.16.0-1.1) ...
Setting up dh-autoreconf (20) ...
Setting up libnl-route-3-dev:amd64 (3.4.0-1+b1) ...
Setting up dirmngr (2.2.27-2) ...
Created symlink /etc/systemd/user/sockets.target.wants/dirmngr.socket  /usr/lib/systemd/user/dirmngr.socket.
Setting up libgpgme-dev (1.16.0-1.1) ...
Setting up gpg-wks-server (2.2.27-2) ...
Setting up libavahi-core-dev:amd64 (0.8-5) ...
Setting up python3.9 (3.9.7-4) ...
Setting up libgnutls28-dev:amd64 (3.7.2-2) ...
Setting up gpg-wks-client (2.2.27-2) ...
Setting up debhelper (13.5.2) ...
Setting up python3 (3.9.2-3) ...
Setting up python3-gi (3.42.0-1+b1) ...
Setting up gnupg (2.2.27-2) ...
Setting up python3-lib2to3 (3.9.7-1) ...
Setting up python3-distutils (3.9.7-1) ...
Setting up libglib2.0-dev-bin (2.70.0-3) ...
Setting up python3-dbus (1.2.18-3) ...
Setting up libglib2.0-dev:amd64 (2.70.0-3) ...
Setting up libdevmapper1.02.1:amd64 (2:1.02.175-2.1) ...
Setting up dmsetup (2:1.02.175-2.1) ...
Setting up libcryptsetup12:amd64 (2:2.4.1-1) ...
Setting up systemd (249.5-1) ...
Created symlink /etc/systemd/system/getty.target.wants/getty@tty1.service  /lib/systemd/system/getty@.service.
Created symlink /etc/systemd/system/multi-user.target.wants/remote-fs.target  /lib/systemd/system/remote-fs.target.
Created symlink /etc/systemd/system/sysinit.target.wants/systemd-pstore.service  /lib/systemd/system/systemd-pstore.service.
Initializing machine ID from random generator.
Processing triggers for libc-bin (2.32-4) ...
Processing triggers for sgml-base (1.30) ...
Setting up sgml-data (2.0.11+nmu1) ...
Setting up docbook-xsl (1.79.2+dfsg-1) ...
Processing triggers for sgml-base (1.30) ...
Setting up docbook-xml (4.5-11) ...
Processing triggers for sgml-base (1.30) ...
Setting up sbuild-build-depends-main-dummy (0.invalid.0) ...

+------------------------------------------------------------------------------+
| Check architectures                                                          |
+------------------------------------------------------------------------------+

Arch check ok (amd64 included in linux-any all)

+------------------------------------------------------------------------------+
| Build environment                                                            |
+------------------------------------------------------------------------------+

Kernel: Linux 4.19.0-6-cloud-amd64 #1 SMP Debian 4.19.67-2+deb10u2 (2019-11-11) amd64 (x86_64)
Toolchain package versions: binutils_2.37-7 dpkg-dev_1.20.9 g++-11_11.2.0-10 gcc-11_11.2.0-10 libc6-dev_2.32-4 libstdc++-11-dev_11.2.0-10 libstdc++6_11.2.0-10 linux-libc-dev_5.14.12-1
Package versions: adduser_3.118 apt_2.3.11 autoconf_2.71-2 automake_1:1.16.5-1 autopoint_0.21-4 autotools-dev_20180224.1+nmu1 base-files_12 base-passwd_3.5.52 bash_5.1-3+b2 binutils_2.37-7 binutils-common_2.37-7 binutils-x86-64-linux-gnu_2.37-7 bsdextrautils_2.37.2-4 bsdutils_1:2.37.2-4 build-essential_12.9 bzip2_1.0.8-4 clang-12_1:12.0.1-15 coreutils_8.32-4+b1 cpp_4:11.2.0-2 cpp-11_11.2.0-10 dash_0.5.11+git20210120+802ebd4-2 debconf_1.5.78 debhelper_13.5.2 debian-archive-keyring_2021.1.1 debianutils_5.5-1 dh-autoreconf_20 dh-strip-nondeterminism_1.12.0-2 diffutils_1:3.7-5 dirmngr_2.2.27-2 dmsetup_2:1.02.175-2.1 docbook-xml_4.5-11 docbook-xsl_1.79.2+dfsg-1 dpkg_1.20.9 dpkg-dev_1.20.9 dwz_0.14-1 e2fsprogs_1.46.4-1 fakeroot_1.26-1 file_1:5.39-3 findutils_4.8.0-1 g++_4:11.2.0-2 g++-11_11.2.0-10 gcc_4:11.2.0-2 gcc-10-base_10.3.0-11 gcc-11_11.2.0-10 gcc-11-base_11.2.0-10 gcc-9-base_9.4.0-3 gettext_0.21-4 gettext-base_0.21-4 gir1.2-glib-2.0_1.70.0-2 gnupg_2.2.27-2 gnupg-l10n_2.2.27-2 gnupg-utils_2.2.27-2 gpg_2.2.27-2 gpg-agent_2.2.27-2 gpg-wks-client_2.2.27-2 gpg-wks-server_2.2.27-2 gpgconf_2.2.27-2 gpgsm_2.2.27-2 gpgv_2.2.27-2 grep_3.7-1 groff-base_1.22.4-7 gzip_1.10-4 hostname_3.23 init-system-helpers_1.60 intltool-debian_0.35.0+20060710.5 lib32gcc-s1_11.2.0-10 lib32stdc++6_11.2.0-10 libacl1_2.3.1-1 libapparmor1_3.0.3-5 libapt-pkg6.0_2.3.11 libarchive-zip-perl_1.68-1 libargon2-1_0~20171227-0.2 libasan5_9.4.0-3 libasan6_11.2.0-10 libassuan-dev_2.5.5-1 libassuan0_2.5.5-1 libatomic1_11.2.0-10 libattr1_1:2.5.1-1 libaudit-common_1:3.0.6-1 libaudit1_1:3.0.6-1 libavahi-common-data_0.8-5 libavahi-common-dev_0.8-5 libavahi-common3_0.8-5 libavahi-core-dev_0.8-5 libavahi-core7_0.8-5 libbinutils_2.37-7 libblkid-dev_2.37.2-4 libblkid1_2.37.2-4 libbsd0_0.11.3-1 libbz2-1.0_1.0.8-4 libc-bin_2.32-4 libc-dev-bin_2.32-4 libc6_2.32-4 libc6-dev_2.32-4 libc6-i386_2.32-4 libcap-ng0_0.7.9-2.2+b1 libcap2_1:2.44-1 libcc1-0_11.2.0-10 libclang-common-12-dev_1:12.0.1-15 libclang-cpp12_1:12.0.1-15 libclang1-12_1:12.0.1-15 libcom-err2_1.46.4-1 libcrypt-dev_1:4.4.25-2 libcrypt1_1:4.4.25-2 libcryptsetup12_2:2.4.1-1 libctf-nobfd0_2.37-7 libctf0_2.37-7 libdb5.3_5.3.28+dfsg1-0.8 libdbus-1-3_1.12.20-3 libdebconfclient0_0.260 libdebhelper-perl_13.5.2 libdevmapper1.02.1_2:1.02.175-2.1 libdpkg-perl_1.20.9 libedit2_3.1-20210910-1 libelf1_0.185-2 libevent-2.1-7_2.1.12-stable-1 libexpat1_2.4.1-3 libext2fs2_1.46.4-1 libfakeroot_1.26-1 libffi-dev_3.4.2-3 libffi8_3.4.2-3 libfile-stripnondeterminism-perl_1.12.0-2 libgc1_1:8.0.4-3 libgcc-11-dev_11.2.0-10 libgcc-9-dev_9.4.0-3 libgcc-s1_11.2.0-10 libgcrypt20_1.9.4-3+b1 libgdbm-compat4_1.22-1 libgdbm6_1.22-1 libgirepository-1.0-1_1.70.0-2 libglib2.0-0_2.70.0-3 libglib2.0-bin_2.70.0-3 libglib2.0-data_2.70.0-3 libglib2.0-dev_2.70.0-3 libglib2.0-dev-bin_2.70.0-3 libgmp-dev_2:6.2.1+dfsg-2 libgmp10_2:6.2.1+dfsg-2 libgmpxx4ldbl_2:6.2.1+dfsg-2 libgnutls-dane0_3.7.2-2 libgnutls-openssl27_3.7.2-2 libgnutls28-dev_3.7.2-2 libgnutls30_3.7.2-2 libgnutlsxx28_3.7.2-2 libgomp1_11.2.0-10 libgpg-error-dev_1.42-3 libgpg-error0_1.42-3 libgpgme-dev_1.16.0-1.1 libgpgme11_1.16.0-1.1 libgssapi-krb5-2_1.18.3-7 libhogweed6_3.7.3-1 libicu67_67.1-7 libidn2-0_2.3.2-2 libidn2-dev_2.3.2-2 libip4tc2_1.8.7-1 libisl23_0.24-2 libitm1_11.2.0-10 libjson-c5_0.15-2 libk5crypto3_1.18.3-7 libkeyutils1_1.6.1-2 libkmod2_29-1 libkrb5-3_1.18.3-7 libkrb5support0_1.18.3-7 libksba8_1.6.0-2 libldap-2.4-2_2.4.59+dfsg-1 libllvm12_1:12.0.1-15 liblsan0_11.2.0-10 liblz4-1_1.9.3-2 liblzma5_5.2.5-2 libmagic-mgc_1:5.39-3 libmagic1_1:5.39-3 libmd0_1.0.4-1 libmount-dev_2.37.2-4 libmount1_2.37.2-4 libmpc3_1.2.1-1 libmpdec3_2.5.1-2 libmpfr6_4.1.0-3 libncursesw6_6.2+20210905-1 libnettle8_3.7.3-1 libnl-3-200_3.4.0-1+b1 libnl-3-dev_3.4.0-1+b1 libnl-route-3-200_3.4.0-1+b1 libnl-route-3-dev_3.4.0-1+b1 libnpth0_1.6-3 libnsl-dev_1.3.0-2 libnsl2_1.3.0-2 libobjc-11-dev_11.2.0-10 libobjc-9-dev_9.4.0-3 libobjc4_11.2.0-10 libomp-12-dev_1:12.0.1-15 libomp5-12_1:12.0.1-15 libp11-kit-dev_0.24.0-5 libp11-kit0_0.24.0-5 libpam-modules_1.4.0-10 libpam-modules-bin_1.4.0-10 libpam-runtime_1.4.0-10 libpam0g_1.4.0-10 libpcre16-3_2:8.39-13 libpcre2-16-0_10.36-2 libpcre2-32-0_10.36-2 libpcre2-8-0_10.36-2 libpcre2-dev_10.36-2 libpcre2-posix2_10.36-2 libpcre3_2:8.39-13 libpcre3-dev_2:8.39-13 libpcre32-3_2:8.39-13 libpcrecpp0v5_2:8.39-13 libperl5.32_5.32.1-6 libpipeline1_1.5.3-1 libpython3-stdlib_3.9.2-3 libpython3.9-minimal_3.9.7-4 libpython3.9-stdlib_3.9.7-4 libquadmath0_11.2.0-10 libreadline8_8.1-2 libsasl2-2_2.1.27+dfsg-2.1 libsasl2-modules-db_2.1.27+dfsg-2.1 libseccomp2_2.5.2-2 libselinux1_3.1-3 libselinux1-dev_3.1-3 libsemanage-common_3.1-1 libsemanage1_3.1-1+b2 libsepol1_3.1-1 libsepol1-dev_3.1-1 libsigsegv2_2.13-1 libsmartcols1_2.37.2-4 libsqlite3-0_3.36.0-2 libss2_1.46.4-1 libssl1.1_1.1.1l-1 libstdc++-11-dev_11.2.0-10 libstdc++6_11.2.0-10 libsub-override-perl_0.09-2 libsystemd0_249.5-1 libtasn1-6_4.17.0-2 libtasn1-6-dev_4.17.0-2 libtinfo6_6.2+20210905-1 libtirpc-common_1.3.2-2 libtirpc-dev_1.3.2-2 libtirpc3_1.3.2-2 libtool_2.4.6-15 libtsan0_11.2.0-10 libubsan1_11.2.0-10 libuchardet0_0.0.7-1 libudev1_249.5-1 libunbound8_1.13.1-1 libunistring2_0.9.10-6 libunwind-12_1:12.0.1-15 libuuid1_2.37.2-4 libxml2_2.9.12+dfsg-5 libxslt1.1_1.1.34-4 libxxhash0_0.8.0-2 libz3-4_4.8.12-1+b1 libzstd1_1.4.8+dfsg-3 linux-libc-dev_5.14.12-1 llvm-12-linker-tools_1:12.0.1-15 login_1:4.8.1-1 logsave_1.46.4-1 lsb-base_11.1.0 m4_1.4.18-5 make_4.3-4.1 man-db_2.9.4-2 mawk_1.3.4.20200120-2 media-types_4.0.0 mount_2.37.2-4 ncurses-base_6.2+20210905-1 ncurses-bin_6.2+20210905-1 nettle-dev_3.7.3-1 passwd_1:4.8.1-1 patch_2.7.6-7 perl_5.32.1-6 perl-base_5.32.1-6 perl-modules-5.32_5.32.1-6 pinentry-curses_1.1.0-4 pkg-config_0.29.2-1 po-debconf_1.0.21+nmu1 python3_3.9.2-3 python3-dbus_1.2.18-3 python3-distutils_3.9.7-1 python3-gi_3.42.0-1+b1 python3-lib2to3_3.9.7-1 python3-minimal_3.9.2-3 python3.9_3.9.7-4 python3.9-minimal_3.9.7-4 qt5-qmake_5.15.2+dfsg-12 qt5-qmake-bin_5.15.2+dfsg-12 qtchooser_66-2 readline-common_8.1-2 rpcsvc-proto_1.4.2-4 sbuild-build-depends-main-dummy_0.invalid.0 sed_4.8-1 sensible-utils_0.0.17 sgml-base_1.30 sgml-data_2.0.11+nmu1 systemd_249.5-1 sysvinit-utils_3.00-1 tar_1.34+dfsg-1 tzdata_2021e-1 util-linux_2.37.2-4 uuid-dev_2.37.2-4 xml-core_0.18+nmu1 xsltproc_1.1.34-4 xz-utils_5.2.5-2 zlib1g_1:1.2.11.dfsg-2 zlib1g-dev_1:1.2.11.dfsg-2

+------------------------------------------------------------------------------+
| Build                                                                        |
+------------------------------------------------------------------------------+


Unpack source
-------------

-----BEGIN PGP SIGNED MESSAGE-----
Hash: SHA256

Format: 3.0 (quilt)
Source: mandos
Binary: mandos, mandos-client
Architecture: linux-any all
Version: 1.8.14-1
Maintainer: Mandos Maintainers <mandos@recompile.se>
Uploaders: Teddy Hogeborn <teddy@recompile.se>, Bjrn Phlsson <belorn@recompile.se>
Homepage: https://www.recompile.se/mandos
Standards-Version: 4.5.1
Vcs-Browser: https://bzr.recompile.se/loggerhead/mandos/trunk/files
Vcs-Bzr: https://ftp.recompile.se/pub/mandos/trunk
Testsuite: autopkgtest
Build-Depends: debhelper (>= 10), docbook-xml, docbook-xsl, libavahi-core-dev, libgpgme-dev | libgpgme11-dev, libglib2.0-dev (>= 2.40), libgnutls28-dev (>= 3.3.0), libgnutls28-dev (>= 3.6.6) | libgnutls28-dev (<< 3.6.0), xsltproc, pkg-config, libnl-route-3-dev, systemd
Build-Depends-Indep: python3 (>= 3), python3-dbus, python3-gi, po-debconf
Package-List:
 mandos deb admin optional arch=all
 mandos-client deb admin optional arch=linux-any
Checksums-Sha1:
 3c7eb4700d3d3d2a71d7383b3902668526579ab6 243299 mandos_1.8.14.orig.tar.gz
 3c188e67201c36afef603c2833605a550bf295af 25836 mandos_1.8.14-1.debian.tar.xz
Checksums-Sha256:
 c51825bcadf28b9b95a3a3b94f2846079dd245b8ac4b5a2b430f6ab49fa253b7 243299 mandos_1.8.14.orig.tar.gz
 7737343898820de5bd211d20189193b9c3fecdd1c96ec2a44f279198399b39bc 25836 mandos_1.8.14-1.debian.tar.xz
Files:
 c8120978ea9929e12fc3a174e9657162 243299 mandos_1.8.14.orig.tar.gz
 84fec37ca63deaaf8c73ae3717d2fc75 25836 mandos_1.8.14-1.debian.tar.xz

-----BEGIN PGP SIGNATURE-----

iQIzBAEBCAAdFiEEY75bks/gQYVhlZRZ65sbAd4FcuQFAmAaZ4cACgkQ65sbAd4F
cuStjQ/+MByEvb76hDn0HAylLe60Aal1if7tJ41XyTLsTZfLVDmTarVNTolaKxM7
jTuLbDEaDAuoqgnMMcGmRIHSi6caq5pR4kveSKHVlUCWl1YMLZnXzIbmKTqbz5n7
dGGggxDVdAZP0UiOVNjWdMWOw0NjuFobjlIU4dHb/jOborwcVeZ3vx0Q2H44yKIO
sMCrfBgUz9PCdBzytXht47E4Ag1SDzCCAVqSvc0K/YgVZKAGudA2zxQvZ7rN3G/C
2+4wqLmra62MacQDB7f84OHCn6D/uPtB8I8OmPtwHF6PCXBrNu7rhRCTNAslZAtY
RB4YXPu7NFTxzYNzBZZiY7lIqeE01L/gjYLHeM/BJgdfMpDjlnILYuST/QQyLO0a
YZ/i/H9iQmldCusRqOM1G64jAcoJlfzngiPFKEzZgYcxvg+y9rTn39GsbxWYTKUa
J+UslJzxkikT7aLeKAIKVfFqOGFWcEOr580nbOPXemR1EE8M2UCqY03ix+DUk1wA
cYY1Fn/PLU1shLo1y4Oxnwx2D6WmO4YInPGu3Xb0HIJHeN1VYX/ydFx9hM3rXoee
RtbOlQVcl/GZcpAUhI/lvpJGhJFrwqBQ2kR0NLnygVkGaq8YZIyGHOKB7pFeg5ZA
8ZItmP1DUVRL7fsRQduZs77jj1dfAPShjtQEH2fqVcGnX+VUVXc=
=XYX+
-----END PGP SIGNATURE-----

gpgv: unknown type of key resource 'trustedkeys.kbx'
gpgv: keyblock resource '/tmp/dpkg-verify-sig.BuPGvAWN/trustedkeys.kbx': General error
gpgv: Signature made Wed Feb  3 09:06:15 2021 UTC
gpgv:                using RSA key 63BE5B92CFE0418561959459EB9B1B01DE0572E4
gpgv: Can't check signature: No public key
dpkg-source: warning: failed to verify signature on ./mandos_1.8.14-1.dsc
dpkg-source: info: extracting mandos in /<<PKGBUILDDIR>>
dpkg-source: info: unpacking mandos_1.8.14.orig.tar.gz
dpkg-source: info: unpacking mandos_1.8.14-1.debian.tar.xz

Check disk space
----------------

Sufficient free space for build

User Environment
----------------

APT_CONFIG=/var/lib/sbuild/apt.conf
HOME=/sbuild-nonexistent
LANG=C.UTF-8
LC_ALL=C.UTF-8
LOGNAME=user42
PATH=/usr/local/sbin:/usr/local/bin:/usr/sbin:/usr/bin:/sbin:/bin:/usr/games
SCHROOT_ALIAS_NAME=unstable
SCHROOT_CHROOT_NAME=sid-amd64-sbuild
SCHROOT_COMMAND=env
SCHROOT_GID=1001
SCHROOT_GROUP=user42
SCHROOT_SESSION_ID=sid-amd64-sbuild-60d4c537-7d93-4260-91e6-d656b26c89d4
SCHROOT_UID=1001
SCHROOT_USER=user42
SHELL=/bin/sh
USER=user42

dpkg-buildpackage
-----------------

Command: dpkg-buildpackage -us -uc -b -rfakeroot
dpkg-buildpackage: info: source package mandos
dpkg-buildpackage: info: source version 1.8.14-1
dpkg-buildpackage: info: source distribution unstable
dpkg-buildpackage: info: source changed by Teddy Hogeborn <teddy@recompile.se>
 dpkg-source --before-build .
dpkg-buildpackage: info: host architecture amd64
 fakeroot debian/rules clean
dh clean
   dh_auto_clean
	make -j4 distclean
make[1]: Entering directory '/<<PKGBUILDDIR>>'
rm --force plugin-runner dracut-module/password-agent plugins.d/password-prompt plugins.d/mandos-client plugins.d/usplash plugins.d/splashy plugins.d/askpass-fifo plugins.d/plymouth plugin-helpers/mandos-client-iprouteadddel plugin-runner.o dracut-module/password-agent.o plugins.d/password-prompt.o plugins.d/mandos-client.o plugins.d/usplash.o plugins.d/splashy.o plugins.d/askpass-fifo.o plugins.d/plymouth.o plugin-helpers/mandos-client-iprouteadddel.o mandos.8.xhtml mandos-keygen.8.xhtml mandos-monitor.8.xhtml mandos-ctl.8.xhtml mandos.conf.5.xhtml mandos-clients.conf.5.xhtml plugin-runner.8mandos.xhtml dracut-module/password-agent.8mandos.xhtml plugins.d/mandos-client.8mandos.xhtml plugins.d/password-prompt.8mandos.xhtml plugins.d/usplash.8mandos.xhtml plugins.d/splashy.8mandos.xhtml plugins.d/askpass-fifo.8mandos.xhtml plugins.d/plymouth.8mandos.xhtml intro.8mandos.xhtml mandos.8 mandos-keygen.8 mandos-monitor.8 mandos-ctl.8 mandos.conf.5 mandos-clients.conf.5 plugin-runner.8mandos dracut-module/password-agent.8mandos plugins.d/mandos-client.8mandos plugins.d/password-prompt.8mandos plugins.d/usplash.8mandos plugins.d/splashy.8mandos plugins.d/askpass-fifo.8mandos plugins.d/plymouth.8mandos intro.8mandos core
make[1]: Leaving directory '/<<PKGBUILDDIR>>'
   dh_clean
 debian/rules build
dh build
   dh_update_autotools_config
   dh_autoreconf
   dh_auto_configure
   debian/rules override_dh_auto_build-arch
make[1]: Entering directory '/<<PKGBUILDDIR>>'
LC_ALL=en_US.utf8 dh_auto_build -- all doc
perl: warning: Setting locale failed.
perl: warning: Please check that your locale settings:
	LANGUAGE = (unset),
	LC_ALL = "en_US.utf8",
	LANG = "C.UTF-8"
    are supported and installed on your system.
perl: warning: Falling back to a fallback locale ("C.UTF-8").
	make -j4 all doc
make[2]: Entering directory '/<<PKGBUILDDIR>>'
cc -g -O2 -ffile-prefix-map=/<<PKGBUILDDIR>>=. -fstack-protector-strong -Wformat -Werror=format-security -O -Wall -Wextra -Wdouble-promotion -Wformat=2 -Winit-self -Wmissing-include-dirs -Wswitch-default -Wswitch-enum -Wunused -Wuninitialized -Wstrict-overflow=5 -Wsuggest-attribute=pure -Wsuggest-attribute=const -Wsuggest-attribute=noreturn -Wfloat-equal -Wundef -Wshadow -Wunsafe-loop-optimizations -Wpointer-arith -Wbad-function-cast -Wcast-qual -Wcast-align -Wwrite-strings -Wconversion -Wlogical-op -Waggregate-return -Wstrict-prototypes -Wold-style-definition -Wmissing-format-attribute -Wnormalized=nfc -Wpacked -Wredundant-decls -Wnested-externs -Winline -Wvla -Wvolatile-register-var -Woverlength-strings  -D_FORTIFY_SOURCE=2 -fstack-protector-all -fPIC -fPIE  -Os -fno-strict-aliasing -std=gnu11 -D_FILE_OFFSET_BITS=64 -DVERSION='"1.8.14"' -Wdate-time -D_FORTIFY_SOURCE=2 -Wl,-z,relro -Xlinker --as-needed  -pie  -Xlinker -z -Xlinker relro -Xlinker -z -Xlinker now  plugin-runner.c   -o plugin-runner
cc -g -O2 -ffile-prefix-map=/<<PKGBUILDDIR>>=. -fstack-protector-strong -Wformat -Werror=format-security -O -Wall -Wextra -Wdouble-promotion -Wformat=2 -Winit-self -Wmissing-include-dirs -Wswitch-default -Wswitch-enum -Wunused -Wuninitialized -Wstrict-overflow=5 -Wsuggest-attribute=pure -Wsuggest-attribute=const -Wsuggest-attribute=noreturn -Wfloat-equal -Wundef -Wshadow -Wunsafe-loop-optimizations -Wpointer-arith -Wbad-function-cast -Wcast-qual -Wcast-align -Wwrite-strings -Wconversion -Wlogical-op -Waggregate-return -Wstrict-prototypes -Wold-style-definition -Wmissing-format-attribute -Wnormalized=nfc -Wpacked -Wredundant-decls -Wnested-externs -Winline -Wvla -Wvolatile-register-var -Woverlength-strings  -D_FORTIFY_SOURCE=2 -fstack-protector-all -fPIC -fPIE  -Os -fno-strict-aliasing -std=gnu11 -D_FILE_OFFSET_BITS=64 -DVERSION='"1.8.14"' -I/usr/include/glib-2.0 -I/usr/lib/x86_64-linux-gnu/glib-2.0/include -Wdate-time -D_FORTIFY_SOURCE=2 -Wl,-z,relro -Xlinker --as-needed  -pie  -Xlinker -z -Xlinker relro -Xlinker -z -Xlinker now  dracut-module/password-agent.c  -lglib-2.0 -lpthread -o dracut-module/password-agent
cc -g -O2 -ffile-prefix-map=/<<PKGBUILDDIR>>=. -fstack-protector-strong -Wformat -Werror=format-security -O -Wall -Wextra -Wdouble-promotion -Wformat=2 -Winit-self -Wmissing-include-dirs -Wswitch-default -Wswitch-enum -Wunused -Wuninitialized -Wstrict-overflow=5 -Wsuggest-attribute=pure -Wsuggest-attribute=const -Wsuggest-attribute=noreturn -Wfloat-equal -Wundef -Wshadow -Wunsafe-loop-optimizations -Wpointer-arith -Wbad-function-cast -Wcast-qual -Wcast-align -Wwrite-strings -Wconversion -Wlogical-op -Waggregate-return -Wstrict-prototypes -Wold-style-definition -Wmissing-format-attribute -Wnormalized=nfc -Wpacked -Wredundant-decls -Wnested-externs -Winline -Wvla -Wvolatile-register-var -Woverlength-strings  -D_FORTIFY_SOURCE=2 -fstack-protector-all -fPIC -fPIE  -Os -fno-strict-aliasing -std=gnu11 -D_FILE_OFFSET_BITS=64 -DVERSION='"1.8.14"' -Wdate-time -D_FORTIFY_SOURCE=2 -Wl,-z,relro -Xlinker --as-needed  -pie  -Xlinker -z -Xlinker relro -Xlinker -z -Xlinker now  plugins.d/password-prompt.c   -o plugins.d/password-prompt
cc -g -O2 -ffile-prefix-map=/<<PKGBUILDDIR>>=. -fstack-protector-strong -Wformat -Werror=format-security -O -Wall -Wextra -Wdouble-promotion -Wformat=2 -Winit-self -Wmissing-include-dirs -Wswitch-default -Wswitch-enum -Wunused -Wuninitialized -Wstrict-overflow=5 -Wsuggest-attribute=pure -Wsuggest-attribute=const -Wsuggest-attribute=noreturn -Wfloat-equal -Wundef -Wshadow -Wunsafe-loop-optimizations -Wpointer-arith -Wbad-function-cast -Wcast-qual -Wcast-align -Wwrite-strings -Wconversion -Wlogical-op -Waggregate-return -Wstrict-prototypes -Wold-style-definition -Wmissing-format-attribute -Wnormalized=nfc -Wpacked -Wredundant-decls -Wnested-externs -Winline -Wvla -Wvolatile-register-var -Woverlength-strings  -D_FORTIFY_SOURCE=2 -fstack-protector-all -fPIC -fPIE  -Os -fno-strict-aliasing -std=gnu11 -D_FILE_OFFSET_BITS=64 -DVERSION='"1.8.14"' -I/usr/include/p11-kit-1    -Wdate-time -D_FORTIFY_SOURCE=2 -Wl,-z,relro -Xlinker --as-needed  -pie  -Xlinker -z -Xlinker relro -Xlinker -z -Xlinker now  plugins.d/mandos-client.c  -lgnutls  -lavahi-common -lavahi-core -L/usr/lib/x86_64-linux-gnu -lgpgme -lassuan -lgpg-error -o plugins.d/mandos-client
warningwarning: unknown warning option '-Wsuggest-attribute=pure'; did you mean '-WNSObject-attribute'? [-Wunknown-warning-option]
warning: unknown warning option '-Wsuggest-attribute=pure'; did you mean '-WNSObject-attribute'? [-Wunknown-warning-option]
warning: unknown warning option '-Wsuggest-attribute=pure'; did you mean '-WNSObject-attribute'? [-Wunknown-warning-option]
: unknown warning option '-Wsuggest-attribute=pure'; did you mean '-WNSObject-attribute'? [-Wunknown-warning-option]
warning: unknown warning option '-Wsuggest-attribute=const' [-Wunknown-warning-option]warning
warning: unknown warning option '-Wsuggest-attribute=const' [-Wunknown-warning-option]
: unknown warning option '-Wsuggest-attribute=const' [-Wunknown-warning-option]
warning: unknown warning option '-Wsuggest-attribute=const' [-Wunknown-warning-option]
warningwarning: unknown warning option '-Wsuggest-attribute=noreturn' [-Wunknown-warning-option]
: unknown warning option '-Wsuggest-attribute=noreturn' [-Wunknown-warning-option]
warning: unknown warning option '-Wsuggest-attribute=noreturn' [-Wunknown-warning-option]
warning: unknown warning option '-Wsuggest-attribute=noreturn' [-Wunknown-warning-option]
warning: unknown warning option '-Wunsafe-loop-optimizations' [-Wunknown-warning-option]
warning: unknown warning option '-Wunsafe-loop-optimizations' [-Wunknown-warning-option]
warning: unknown warning option '-Wunsafe-loop-optimizations' [-Wunknown-warning-option]
warning: unknown warning option '-Wunsafe-loop-optimizations' [-Wunknown-warning-option]
warning: unknown warning option '-Wlogical-op'; did you mean '-Wlong-long'? [-Wunknown-warning-option]
warning: unknown warning option '-Wlogical-op'; did you mean '-Wlong-long'? [-Wunknown-warning-option]
warning: unknown warning option '-Wlogical-op'; did you mean '-Wlong-long'? [-Wunknown-warning-option]
warning: unknown warning option '-Wlogical-op'; did you mean '-Wlong-long'? [-Wunknown-warning-option]
warning: unknown warning option '-Wnormalized=nfc'; did you mean '-Wformat-pedantic'? [-Wunknown-warning-option]
warning: unknown warning option '-Wnormalized=nfc'; did you mean '-Wformat-pedantic'? [-Wunknown-warning-option]
warning: unknown warning option '-Wnormalized=nfc'; did you mean '-Wformat-pedantic'? [-Wunknown-warning-option]
warning: unknown warning option '-Wnormalized=nfc'; did you mean '-Wformat-pedantic'? [-Wunknown-warning-option]
plugins.d/password-prompt.c:83:16: warning: 'format' attribute argument not supported: gnu_printf [-Wignored-attributes]
__attribute__((format (gnu_printf, 3, 4)))
               ^
plugins.d/password-prompt.c:91:26: warning: format string is not a string literal [-Wformat-nonliteral]
  ret = vasprintf(&text, formatstring, ap);
                         ^~~~~~~~~~~~
plugins.d/password-prompt.c:95:22: warning: format string is not a string literal [-Wformat-nonliteral]
    vfprintf(stderr, formatstring, ap);
                     ^~~~~~~~~~~~
plugins.d/password-prompt.c:124:51: error: function definition is not allowed here
  int is_plymouth(const struct dirent *proc_entry){
                                                  ^
plugins.d/password-prompt.c:225:39: error: use of undeclared identifier 'is_plymouth'
  ret = scandir("/proc", &direntries, is_plymouth, alphasort);
                                      ^
plugins.d/password-prompt.c:275:69: error: function definition is not allowed here
    error_t parse_opt (int key, char *arg, struct argp_state *state){
                                                                    ^
plugin-runner.c:462:66: error: function definition is not allowed here
  error_t parse_opt(int key, char *arg, struct argp_state *state){
                                                                 ^
plugin-runner.c:629:30: error: function definition is not allowed here
                                struct argp_state *state){
                                                         ^
plugins.d/password-prompt.c:309:56: error: use of undeclared identifier 'parse_opt'
    struct argp argp = { .options = options, .parser = parse_opt,
                                                       ^
9 warnings and 4 errors generated.
plugin-runner.c:663:20: error: use of undeclared identifier 'parse_opt_config_file'
                       .parser = parse_opt_config_file,
                                 ^
plugin-runner.c:687:17: error: use of undeclared identifier 'parse_opt'
  argp.parser = parse_opt;
                ^
plugin-runner.c:922:52: error: function definition is not allowed here
  int good_name(const struct dirent * const dirent){
                                                   ^
make[2]: *** [<builtin>: plugins.d/password-prompt] Error 1
make[2]: *** Waiting for unfinished jobs....
plugin-runner.c:947:56: error: use of undeclared identifier 'good_name'
  int numplugins = scandirat(dir_fd, ".", &direntries, good_name,
                                                       ^
6 warnings and 6 errors generated.
make[2]: *** [<builtin>: plugin-runner] Error 1
plugins.d/mandos-client.c:232:16: warning: 'format' attribute argument not supported: gnu_printf [-Wignored-attributes]
__attribute__((format (gnu_printf, 2, 3), nonnull))
               ^
plugins.d/mandos-client.c:239:51: warning: format string is not a string literal [-Wformat-nonliteral]
  return (int)TEMP_FAILURE_RETRY(vfprintf(stream, format, ap));
                                                  ^~~~~~
/usr/include/unistd.h:1115:34: note: expanded from macro 'TEMP_FAILURE_RETRY'
       do __result = (long int) (expression);                                 \
                                 ^~~~~~~~~~
plugins.d/mandos-client.c:379:47: error: function definition is not allowed here
  bool import_key(const char * const filename){
                                              ^
plugins.d/mandos-client.c:578:10: warning: implicit declaration of function 'import_key' is invalid in C99 [-Wimplicit-function-declaration]
  if(not import_key(pubkey) or not import_key(seckey)){
         ^
plugins.d/mandos-client.c:2407:18: warning: implicit conversion from 'int' to 'float' may lose precision [-Wimplicit-int-float-conversion]
  for(int i = 0; i < delay * 4; i++){
                 ^ ~
plugins.d/mandos-client.c:2639:34: error: function definition is not allowed here
                      struct argp_state *state){
                                               ^
plugins.d/mandos-client.c:2726:56: error: use of undeclared identifier 'parse_opt'
    struct argp argp = { .options = options, .parser = parse_opt,
                                                       ^
dracut-module/password-agent.c:152:18: warning: unknown attribute 'designated_init' ignored [-Wunknown-attributes]
} __attribute__((designated_init)) task_queue;
                 ^~~~~~~~~~~~~~~
dracut-module/password-agent.c:169:18: warning: unknown attribute 'designated_init' ignored [-Wunknown-attributes]
} __attribute__((designated_init)) buffer;
                 ^~~~~~~~~~~~~~~
dracut-module/password-agent.c:177:18: warning: unknown attribute 'designated_init' ignored [-Wunknown-attributes]
} __attribute__((designated_init)) string_set;
                 ^~~~~~~~~~~~~~~
dracut-module/password-agent.c:204:18: warning: unknown attribute 'designated_init' ignored [-Wunknown-attributes]
} __attribute__((designated_init)) task_context;
                 ^~~~~~~~~~~~~~~
plugins.d/mandos-client.c:3316:23: error: function definition is not allowed heredracut-module/password-agent.c
:269:16: warning: 'nonnull' attribute applied to function with no pointer arguments [-Wignored-attributes]
                    uintmax_t level){
                                    ^
__attribute__((nonnull, warn_unused_result))
               ^
plugins.d/mandos-client.c:3371:5: warning: implicit declaration of function 'clean_dir_at' is invalid in C99 [-Wimplicit-function-declaration]
    clean_dir_at(-1, tempdir, 0);
    ^
11 warnings and 4 errors generated.
dracut-module/password-agent.c:519:12: warning: missing field 'key' initializer [-Wmissing-field-initializers]
    { NULL },
           ^
dracut-module/password-agent.c:523:68: error: function definition is not allowed here
    error_t parse_opt(int key, char *arg, struct argp_state *state){
                                                                   ^
make[2]: *** [<builtin>: plugins.d/mandos-client] Error 1
dracut-module/password-agent.c:575:13: error: use of undeclared identifier 'parse_opt'
    .parser=parse_opt,
            ^
dracut-module/password-agent.c:495:15: warning: unused parameter 'agent_directory' [-Wunused-parameter]
                     char **agent_directory, char **helper_directory,
                            ^
dracut-module/password-agent.c:495:39: warning: unused parameter 'helper_directory' [-Wunused-parameter]
                     char **agent_directory, char **helper_directory,
                                                    ^
dracut-module/password-agent.c:496:21: warning: unused parameter 'user' [-Wunused-parameter]
                     uid_t *const user, gid_t *const group,
                                  ^
dracut-module/password-agent.c:496:40: warning: unused parameter 'group' [-Wunused-parameter]
                     uid_t *const user, gid_t *const group,
                                                     ^
dracut-module/password-agent.c:497:15: warning: unused parameter 'mandos_argz' [-Wunused-parameter]
                     char **mandos_argz, size_t *mandos_argz_length){
                            ^
dracut-module/password-agent.c:497:36: warning: unused parameter 'mandos_argz_length' [-Wunused-parameter]
                     char **mandos_argz, size_t *mandos_argz_length){
                                                 ^
dracut-module/password-agent.c:1096:26: warning: field 'event' with variable sized type 'struct inotify_event' not at the end of a struct or class is a GNU extension [-Wgnu-variable-sized-type-not-at-end]
    struct inotify_event event;
                         ^
dracut-module/password-agent.c:1202:49: error: function definition is not allowed here
    void cleanup_g_key_file(GKeyFile **key_file){
                                                ^
dracut-module/password-agent.c:1208:26: error: use of undeclared identifier 'cleanup_g_key_file'
  __attribute__((cleanup(cleanup_g_key_file)))
                         ^
dracut-module/password-agent.c:1659:16: warning: 'nonnull' attribute applied to function with no pointer arguments [-Wignored-attributes]
__attribute__((nonnull, warn_unused_result))
               ^
dracut-module/password-agent.c:1665:38: error: function definition is not allowed here
                             const mono_microsecs nextrun){
                                                          ^
dracut-module/password-agent.c:1676:28: warning: implicit declaration of function 'milliseconds_to_wait' is invalid in C99 [-Wimplicit-function-declaration]
  const int wait_time_ms = milliseconds_to_wait(current_time,
                           ^
dracut-module/password-agent.c:2820:37: error: function definition is not allowed here
  pid_t create_eternal_process(void){
                                    ^
dracut-module/password-agent.c:2835:15: warning: implicit declaration of function 'create_eternal_process' is invalid in C99 [-Wimplicit-function-declaration]
  pid_t pid = create_eternal_process();
              ^
dracut-module/password-agent.c:2814:60: warning: unused parameter 'fixture' [-Wunused-parameter]
void test_wait_for_mandos_client_exit_noexit(test_fixture *fixture,
                                                           ^
dracut-module/password-agent.c:2869:40: error: function definition is not allowed here
  pid_t create_successful_process(void){
                                       ^
dracut-module/password-agent.c:2882:21: warning: implicit declaration of function 'create_successful_process' is invalid in C99 [-Wimplicit-function-declaration]
  const pid_t pid = create_successful_process();
                    ^
dracut-module/password-agent.c:2862:61: warning: unused parameter 'fixture' [-Wunused-parameter]
void test_wait_for_mandos_client_exit_success(test_fixture *fixture,
                                                            ^
dracut-module/password-agent.c:2922:37: error: function definition is not allowed here
  pid_t create_failing_process(void){
                                    ^
dracut-module/password-agent.c:2935:21: warning: implicit declaration of function 'create_failing_process' is invalid in C99 [-Wimplicit-function-declaration]
  const pid_t pid = create_failing_process();
                    ^
dracut-module/password-agent.c:2992:36: error: function definition is not allowed here
  pid_t create_killed_process(void){
                                   ^
dracut-module/password-agent.c:3008:21: warning: implicit declaration of function 'create_killed_process' is invalid in C99 [-Wimplicit-function-declaration]
  const pid_t pid = create_killed_process();
                    ^
dracut-module/password-agent.c:2986:60: warning: unused parameter 'fixture' [-Wunused-parameter]
void test_wait_for_mandos_client_exit_killed(test_fixture *fixture,
                                                           ^
dracut-module/password-agent.c:4174:26: warning: field 'event' with variable sized type 'struct inotify_event' not at the end of a struct or class is a GNU extension [-Wgnu-variable-sized-type-not-at-end]
    struct inotify_event event;
                         ^
dracut-module/password-agent.c:4269:26: warning: field 'event' with variable sized type 'struct inotify_event' not at the end of a struct or class is a GNU extension [-Wgnu-variable-sized-type-not-at-end]
    struct inotify_event event;
                         ^
dracut-module/password-agent.c:4366:26: warning: field 'event' with variable sized type 'struct inotify_event' not at the end of a struct or class is a GNU extension [-Wgnu-variable-sized-type-not-at-end]
    struct inotify_event event;
                         ^
dracut-module/password-agent.c:4451:26: warning: field 'event' with variable sized type 'struct inotify_event' not at the end of a struct or class is a GNU extension [-Wgnu-variable-sized-type-not-at-end]
    struct inotify_event event;
                         ^
dracut-module/password-agent.c:4535:26: warning: field 'event' with variable sized type 'struct inotify_event' not at the end of a struct or class is a GNU extension [-Wgnu-variable-sized-type-not-at-end]
    struct inotify_event event;
                         ^
dracut-module/password-agent.c:4611:26: warning: field 'event' with variable sized type 'struct inotify_event' not at the end of a struct or class is a GNU extension [-Wgnu-variable-sized-type-not-at-end]
    struct inotify_event event;
                         ^
dracut-module/password-agent.c:4690:26: warning: field 'event' with variable sized type 'struct inotify_event' not at the end of a struct or class is a GNU extension [-Wgnu-variable-sized-type-not-at-end]
    struct inotify_event event;
                         ^
dracut-module/password-agent.c:4775:26: warning: field 'event' with variable sized type 'struct inotify_event' not at the end of a struct or class is a GNU extension [-Wgnu-variable-sized-type-not-at-end]
    struct inotify_event event;
                         ^
dracut-module/password-agent.c:5874:15: warning: unused variable 'read_socket' [-Wunused-variable]
    const int read_socket = socketfds[0];
              ^
dracut-module/password-agent.c:5930:15: warning: unused variable 'read_socket' [-Wunused-variable]
    const int read_socket = socketfds[0];
              ^
dracut-module/password-agent.c:6039:15: warning: unused variable 'read_socket' [-Wunused-variable]
    const int read_socket = socketfds[0];
              ^
dracut-module/password-agent.c:6558:69: error: function definition is not allowed here
  bool queue_contains_question_opener(char *const question_filename){
                                                                    ^
dracut-module/password-agent.c:6571:17: warning: implicit declaration of function 'queue_contains_question_opener' is invalid in C99 [-Wimplicit-function-declaration]
  g_assert_true(queue_contains_question_opener(question_filename1));
                ^
dracut-module/password-agent.c:6572:17: warning: implicit declaration of function 'queue_contains_question_opener' is invalid in C99 [-Wimplicit-function-declaration]
  g_assert_true(queue_contains_question_opener(question_filename2));
                ^
dracut-module/password-agent.c:6754:15: warning: unused variable 'epoll_fd' [-Wunused-variable]
    const int epoll_fd = epoll_create1(EPOLL_CLOEXEC);
              ^
dracut-module/password-agent.c:6812:50: error: function definition is not allowed here
                   __attribute__((unused)) task_queue *const q){
                                                               ^
dracut-module/password-agent.c:6817:11: error: use of undeclared identifier 'quit_func'
    .func=quit_func,
          ^
dracut-module/password-agent.c:6850:30: error: function definition is not allowed here
                       task_queue *const q){
                                           ^
dracut-module/password-agent.c:6855:11: error: use of undeclared identifier 'next_run_func'
    .func=next_run_func,
          ^
dracut-module/password-agent.c:6880:30: error: function definition is not allowed here
                       task_queue *const q){
                                           ^
dracut-module/password-agent.c:6886:52: error: function definition is not allowed here
                     __attribute__((unused)) task_queue *const q){
                                                                 ^
dracut-module/password-agent.c:6891:11: error: use of undeclared identifier 'next_run_func'
    .func=next_run_func,
          ^
dracut-module/password-agent.c:6896:11: error: use of undeclared identifier 'exited_func'
    .func=exited_func,
          ^
dracut-module/password-agent.c:6923:49: error: function definition is not allowed here
                         __attribute__((unused)) task_queue *const q){
                                                                     ^
fatal error: too many errors emitted, stopping now [-ferror-limit=]
42 warnings and 20 errors generated.
make[2]: *** [<builtin>: dracut-module/password-agent] Error 1
make[2]: Leaving directory '/<<PKGBUILDDIR>>'
dh_auto_build: error: make -j4 all doc returned exit code 2
make[1]: *** [debian/rules:16: override_dh_auto_build-arch] Error 25
make[1]: Leaving directory '/<<PKGBUILDDIR>>'
make: *** [debian/rules:13: build] Error 2
dpkg-buildpackage: error: debian/rules build subprocess returned exit status 2
--------------------------------------------------------------------------------
Build finished at 2021-10-26T23:09:17Z

Finished
--------


+------------------------------------------------------------------------------+
| Cleanup                                                                      |
+------------------------------------------------------------------------------+

Purging /<<BUILDDIR>>
Not cleaning session: cloned chroot in use
E: Build failure (dpkg-buildpackage died)

+------------------------------------------------------------------------------+
| Summary                                                                      |
+------------------------------------------------------------------------------+

Build Architecture: amd64
Build Type: binary
Build-Space: 1576
Build-Time: 2
Distribution: unstable
Fail-Stage: build
Host Architecture: amd64
Install-Time: 21
Job: mandos_1.8.14-1
Machine Architecture: amd64
Package: mandos
Package-Time: 44
Source-Version: 1.8.14-1
Space: 1576
Status: attempted
Version: 1.8.14-1
--------------------------------------------------------------------------------
Finished at 2021-10-26T23:09:17Z
Build needed 00:00:44, 1576k disk space
E: Build failure (dpkg-buildpackage died)
DC-Status: Failed 44.2014857s
