DC-Build-Header: mmseqs2 13-45111+ds-2 / 2021-10-26 20:20:35 +0000
DC-Task: type:rebuild-binarch-only source:mmseqs2 version:13-45111+ds-2 chroot:unstable esttime:1447 logfile:/tmp/mmseqs2_13-45111+ds-2_unstable_clang12.log modes:clang12:binarch-only
DC-Sbuild-call: su user42 -c 'sbuild -n --arch-any --apt-update -d unstable -v --no-run-lintian --chroot-setup-commands=/tmp/clang12 mmseqs2_13-45111+ds-2'
sbuild (Debian sbuild) 0.78.1 (09 February 2019) on ip-172-31-0-174.eu-central-1.compute.internal

+==============================================================================+
| mmseqs2 13-45111+ds-2 (amd64)                Tue, 26 Oct 2021 20:20:36 +0000 |
+==============================================================================+

Package: mmseqs2
Version: 13-45111+ds-2
Source Version: 13-45111+ds-2
Distribution: unstable
Machine Architecture: amd64
Host Architecture: amd64
Build Architecture: amd64
Build Type: binary

I: NOTICE: Log filtering will replace 'var/run/schroot/mount/sid-amd64-sbuild-cc054e30-7e0c-45b6-8ac9-8f531bf9b83e' with '<<CHROOT>>'

+------------------------------------------------------------------------------+
| Chroot Setup Commands                                                        |
+------------------------------------------------------------------------------+


/tmp/clang12
------------

+ echo 'Entering customization script...'
Entering customization script...
+ CLANG_VERSION=12
+ echo 'Install of clang-12'
Install of clang-12
+ apt-get update
Get:1 http://127.0.0.1:12990/debian sid InRelease [165 kB]
Get:2 http://127.0.0.1:12990/debian sid/main Sources.diff/Index [63.6 kB]
Get:3 http://127.0.0.1:12990/debian sid/main amd64 Packages.diff/Index [63.6 kB]
Get:4 http://127.0.0.1:12990/debian sid/main Sources T-2021-10-26-1401.46-F-2021-10-26-0202.15.pdiff [34.5 kB]
Get:4 http://127.0.0.1:12990/debian sid/main Sources T-2021-10-26-1401.46-F-2021-10-26-0202.15.pdiff [34.5 kB]
Get:5 http://127.0.0.1:12990/debian sid/main amd64 Packages T-2021-10-26-1401.46-F-2021-10-26-0202.15.pdiff [38.7 kB]
Get:5 http://127.0.0.1:12990/debian sid/main amd64 Packages T-2021-10-26-1401.46-F-2021-10-26-0202.15.pdiff [38.7 kB]
Get:6 http://127.0.0.1:12990/debian sid/main Translation-en [6585 kB]
Fetched 6951 kB in 3s (2744 kB/s)
Reading package lists...
+ apt-get install --yes --no-install-recommends --force-yes clang-12 libomp-12-dev libobjc-9-dev
Reading package lists...
Building dependency tree...
The following additional packages will be installed:
  lib32gcc-s1 lib32stdc++6 libasan5 libbsd0 libc6-i386 libclang-common-12-dev
  libclang-cpp12 libclang1-12 libedit2 libelf1 libgc1 libgcc-9-dev libicu67
  libllvm12 libmd0 libobjc-11-dev libobjc4 libomp5-12 libunwind-12 libxml2
  libz3-4 llvm-12-linker-tools
Suggested packages:
  clang-12-doc libomp-12-doc
Recommended packages:
  llvm-12-dev python3
The following NEW packages will be installed:
  clang-12 lib32gcc-s1 lib32stdc++6 libasan5 libbsd0 libc6-i386
  libclang-common-12-dev libclang-cpp12 libclang1-12 libedit2 libelf1 libgc1
  libgcc-9-dev libicu67 libllvm12 libmd0 libobjc-11-dev libobjc-9-dev libobjc4
  libomp-12-dev libomp5-12 libunwind-12 libxml2 libz3-4 llvm-12-linker-tools
0 upgraded, 25 newly installed, 0 to remove and 0 not upgraded.
Need to get 67.6 MB of archives.
After this operation, 349 MB of additional disk space will be used.
Get:1 http://127.0.0.1:12990/debian sid/main amd64 libmd0 amd64 1.0.4-1 [29.6 kB]
Get:2 http://127.0.0.1:12990/debian sid/main amd64 libbsd0 amd64 0.11.3-1 [108 kB]
Get:3 http://127.0.0.1:12990/debian sid/main amd64 libedit2 amd64 3.1-20210910-1 [97.5 kB]
Get:4 http://127.0.0.1:12990/debian sid/main amd64 libicu67 amd64 67.1-7 [8622 kB]
Get:5 http://127.0.0.1:12990/debian sid/main amd64 libxml2 amd64 2.9.12+dfsg-5 [696 kB]
Get:6 http://127.0.0.1:12990/debian sid/main amd64 libz3-4 amd64 4.8.12-1+b1 [6997 kB]
Get:7 http://127.0.0.1:12990/debian sid/main amd64 libllvm12 amd64 1:12.0.1-15 [19.4 MB]
Get:8 http://127.0.0.1:12990/debian sid/main amd64 libclang-cpp12 amd64 1:12.0.1-15 [9996 kB]
Get:9 http://127.0.0.1:12990/debian sid/main amd64 libgc1 amd64 1:8.0.4-3 [239 kB]
Get:10 http://127.0.0.1:12990/debian sid/main amd64 libobjc4 amd64 11.2.0-10 [43.2 kB]
Get:11 http://127.0.0.1:12990/debian sid/main amd64 libobjc-11-dev amd64 11.2.0-10 [170 kB]
Get:12 http://127.0.0.1:12990/debian sid/main amd64 libc6-i386 amd64 2.32-4 [2624 kB]
Get:13 http://127.0.0.1:12990/debian sid/main amd64 lib32gcc-s1 amd64 11.2.0-10 [49.9 kB]
Get:14 http://127.0.0.1:12990/debian sid/main amd64 lib32stdc++6 amd64 11.2.0-10 [601 kB]
Get:15 http://127.0.0.1:12990/debian sid/main amd64 libclang-common-12-dev amd64 1:12.0.1-15 [4819 kB]
Get:16 http://127.0.0.1:12990/debian sid/main amd64 llvm-12-linker-tools amd64 1:12.0.1-15 [1222 kB]
Get:17 http://127.0.0.1:12990/debian sid/main amd64 libclang1-12 amd64 1:12.0.1-15 [5644 kB]
Get:18 http://127.0.0.1:12990/debian sid/main amd64 clang-12 amd64 1:12.0.1-15 [117 kB]
Get:19 http://127.0.0.1:12990/debian sid/main amd64 libasan5 amd64 9.4.0-3 [2734 kB]
Get:20 http://127.0.0.1:12990/debian sid/main amd64 libelf1 amd64 0.185-2 [172 kB]
Get:21 http://127.0.0.1:12990/debian sid/main amd64 libgcc-9-dev amd64 9.4.0-3 [2343 kB]
Get:22 http://127.0.0.1:12990/debian sid/main amd64 libobjc-9-dev amd64 9.4.0-3 [219 kB]
Get:23 http://127.0.0.1:12990/debian sid/main amd64 libunwind-12 amd64 1:12.0.1-15 [63.9 kB]
Get:24 http://127.0.0.1:12990/debian sid/main amd64 libomp5-12 amd64 1:12.0.1-15 [405 kB]
Get:25 http://127.0.0.1:12990/debian sid/main amd64 libomp-12-dev amd64 1:12.0.1-15 [104 kB]
debconf: delaying package configuration, since apt-utils is not installed
Fetched 67.6 MB in 0s (149 MB/s)
Selecting previously unselected package libmd0:amd64.
(Reading database ... (Reading database ... 5%(Reading database ... 10%(Reading database ... 15%(Reading database ... 20%(Reading database ... 25%(Reading database ... 30%(Reading database ... 35%(Reading database ... 40%(Reading database ... 45%(Reading database ... 50%(Reading database ... 55%(Reading database ... 60%(Reading database ... 65%(Reading database ... 70%(Reading database ... 75%(Reading database ... 80%(Reading database ... 85%(Reading database ... 90%(Reading database ... 95%(Reading database ... 100%(Reading database ... 12431 files and directories currently installed.)
Preparing to unpack .../00-libmd0_1.0.4-1_amd64.deb ...
Unpacking libmd0:amd64 (1.0.4-1) ...
Selecting previously unselected package libbsd0:amd64.
Preparing to unpack .../01-libbsd0_0.11.3-1_amd64.deb ...
Unpacking libbsd0:amd64 (0.11.3-1) ...
Selecting previously unselected package libedit2:amd64.
Preparing to unpack .../02-libedit2_3.1-20210910-1_amd64.deb ...
Unpacking libedit2:amd64 (3.1-20210910-1) ...
Selecting previously unselected package libicu67:amd64.
Preparing to unpack .../03-libicu67_67.1-7_amd64.deb ...
Unpacking libicu67:amd64 (67.1-7) ...
Selecting previously unselected package libxml2:amd64.
Preparing to unpack .../04-libxml2_2.9.12+dfsg-5_amd64.deb ...
Unpacking libxml2:amd64 (2.9.12+dfsg-5) ...
Selecting previously unselected package libz3-4:amd64.
Preparing to unpack .../05-libz3-4_4.8.12-1+b1_amd64.deb ...
Unpacking libz3-4:amd64 (4.8.12-1+b1) ...
Selecting previously unselected package libllvm12:amd64.
Preparing to unpack .../06-libllvm12_1%3a12.0.1-15_amd64.deb ...
Unpacking libllvm12:amd64 (1:12.0.1-15) ...
Selecting previously unselected package libclang-cpp12.
Preparing to unpack .../07-libclang-cpp12_1%3a12.0.1-15_amd64.deb ...
Unpacking libclang-cpp12 (1:12.0.1-15) ...
Selecting previously unselected package libgc1:amd64.
Preparing to unpack .../08-libgc1_1%3a8.0.4-3_amd64.deb ...
Unpacking libgc1:amd64 (1:8.0.4-3) ...
Selecting previously unselected package libobjc4:amd64.
Preparing to unpack .../09-libobjc4_11.2.0-10_amd64.deb ...
Unpacking libobjc4:amd64 (11.2.0-10) ...
Selecting previously unselected package libobjc-11-dev:amd64.
Preparing to unpack .../10-libobjc-11-dev_11.2.0-10_amd64.deb ...
Unpacking libobjc-11-dev:amd64 (11.2.0-10) ...
Selecting previously unselected package libc6-i386.
Preparing to unpack .../11-libc6-i386_2.32-4_amd64.deb ...
Unpacking libc6-i386 (2.32-4) ...
Selecting previously unselected package lib32gcc-s1.
Preparing to unpack .../12-lib32gcc-s1_11.2.0-10_amd64.deb ...
Unpacking lib32gcc-s1 (11.2.0-10) ...
Selecting previously unselected package lib32stdc++6.
Preparing to unpack .../13-lib32stdc++6_11.2.0-10_amd64.deb ...
Unpacking lib32stdc++6 (11.2.0-10) ...
Selecting previously unselected package libclang-common-12-dev.
Preparing to unpack .../14-libclang-common-12-dev_1%3a12.0.1-15_amd64.deb ...
Unpacking libclang-common-12-dev (1:12.0.1-15) ...
Selecting previously unselected package llvm-12-linker-tools.
Preparing to unpack .../15-llvm-12-linker-tools_1%3a12.0.1-15_amd64.deb ...
Unpacking llvm-12-linker-tools (1:12.0.1-15) ...
Selecting previously unselected package libclang1-12.
Preparing to unpack .../16-libclang1-12_1%3a12.0.1-15_amd64.deb ...
Unpacking libclang1-12 (1:12.0.1-15) ...
Selecting previously unselected package clang-12.
Preparing to unpack .../17-clang-12_1%3a12.0.1-15_amd64.deb ...
Unpacking clang-12 (1:12.0.1-15) ...
Selecting previously unselected package libasan5:amd64.
Preparing to unpack .../18-libasan5_9.4.0-3_amd64.deb ...
Unpacking libasan5:amd64 (9.4.0-3) ...
Selecting previously unselected package libelf1:amd64.
Preparing to unpack .../19-libelf1_0.185-2_amd64.deb ...
Unpacking libelf1:amd64 (0.185-2) ...
Selecting previously unselected package libgcc-9-dev:amd64.
Preparing to unpack .../20-libgcc-9-dev_9.4.0-3_amd64.deb ...
Unpacking libgcc-9-dev:amd64 (9.4.0-3) ...
Selecting previously unselected package libobjc-9-dev:amd64.
Preparing to unpack .../21-libobjc-9-dev_9.4.0-3_amd64.deb ...
Unpacking libobjc-9-dev:amd64 (9.4.0-3) ...
Selecting previously unselected package libunwind-12:amd64.
Preparing to unpack .../22-libunwind-12_1%3a12.0.1-15_amd64.deb ...
Unpacking libunwind-12:amd64 (1:12.0.1-15) ...
Selecting previously unselected package libomp5-12:amd64.
Preparing to unpack .../23-libomp5-12_1%3a12.0.1-15_amd64.deb ...
Unpacking libomp5-12:amd64 (1:12.0.1-15) ...
Selecting previously unselected package libomp-12-dev.
Preparing to unpack .../24-libomp-12-dev_1%3a12.0.1-15_amd64.deb ...
Unpacking libomp-12-dev (1:12.0.1-15) ...
Setting up libicu67:amd64 (67.1-7) ...
Setting up libasan5:amd64 (9.4.0-3) ...
Setting up libz3-4:amd64 (4.8.12-1+b1) ...
Setting up libunwind-12:amd64 (1:12.0.1-15) ...
Setting up libgc1:amd64 (1:8.0.4-3) ...
Setting up libmd0:amd64 (1.0.4-1) ...
Setting up libc6-i386 (2.32-4) ...
Setting up libbsd0:amd64 (0.11.3-1) ...
Setting up libelf1:amd64 (0.185-2) ...
Setting up libxml2:amd64 (2.9.12+dfsg-5) ...
Setting up libedit2:amd64 (3.1-20210910-1) ...
Setting up libobjc4:amd64 (11.2.0-10) ...
Setting up libgcc-9-dev:amd64 (9.4.0-3) ...
Setting up lib32gcc-s1 (11.2.0-10) ...
Setting up lib32stdc++6 (11.2.0-10) ...
Setting up libllvm12:amd64 (1:12.0.1-15) ...
Setting up libobjc-9-dev:amd64 (9.4.0-3) ...
Setting up libclang-common-12-dev (1:12.0.1-15) ...
Setting up libomp5-12:amd64 (1:12.0.1-15) ...
Setting up libobjc-11-dev:amd64 (11.2.0-10) ...
Setting up llvm-12-linker-tools (1:12.0.1-15) ...
Setting up libclang1-12 (1:12.0.1-15) ...
Setting up libclang-cpp12 (1:12.0.1-15) ...
Setting up libomp-12-dev (1:12.0.1-15) ...
Setting up clang-12 (1:12.0.1-15) ...
Processing triggers for libc-bin (2.32-4) ...
W: --force-yes is deprecated, use one of the options starting with --allow instead.
+ echo 'Replace gcc, g++ & cpp by clang'
Replace gcc, g++ & cpp by clang
+ VERSIONS='4.6 4.7 4.8 4.9 5 6 7 8 9 10 11'
+ cd /usr/bin
+ for VERSION in $VERSIONS
+ rm -f g++-4.6 gcc-4.6 cpp-4.6 gcc
+ ln -s clang++-12 g++-4.6
+ ln -s clang-12 gcc-4.6
+ ln -s clang-12 cpp-4.6
+ ln -s clang-12 gcc
+ echo 'gcc-4.6 hold'
+ dpkg --set-selections
dpkg: warning: package not in status nor available database at line 1: gcc-4.6
dpkg: warning: found unknown packages; this might mean the available database
is outdated, and needs to be updated through a frontend method;
please see the FAQ <https://wiki.debian.org/Teams/Dpkg/FAQ>
+ echo 'g++-4.6 hold'
+ dpkg --set-selections
dpkg: warning: package not in status nor available database at line 1: g++-4.6
dpkg: warning: found unknown packages; this might mean the available database
is outdated, and needs to be updated through a frontend method;
please see the FAQ <https://wiki.debian.org/Teams/Dpkg/FAQ>
+ for VERSION in $VERSIONS
+ rm -f g++-4.7 gcc-4.7 cpp-4.7 gcc
+ ln -s clang++-12 g++-4.7
+ ln -s clang-12 gcc-4.7
+ ln -s clang-12 cpp-4.7
+ ln -s clang-12 gcc
+ echo 'gcc-4.7 hold'
+ dpkg --set-selections
dpkg: warning: package not in status nor available database at line 1: gcc-4.7
dpkg: warning: found unknown packages; this might mean the available database
is outdated, and needs to be updated through a frontend method;
please see the FAQ <https://wiki.debian.org/Teams/Dpkg/FAQ>
+ echo 'g++-4.7 hold'
+ dpkg --set-selections
dpkg: warning: package not in status nor available database at line 1: g++-4.7
dpkg: warning: found unknown packages; this might mean the available database
is outdated, and needs to be updated through a frontend method;
please see the FAQ <https://wiki.debian.org/Teams/Dpkg/FAQ>
+ for VERSION in $VERSIONS
+ rm -f g++-4.8 gcc-4.8 cpp-4.8 gcc
+ ln -s clang++-12 g++-4.8
+ ln -s clang-12 gcc-4.8
+ ln -s clang-12 cpp-4.8
+ ln -s clang-12 gcc
+ echo 'gcc-4.8 hold'
+ dpkg --set-selections
dpkg: warning: package not in status nor available database at line 1: gcc-4.8
dpkg: warning: found unknown packages; this might mean the available database
is outdated, and needs to be updated through a frontend method;
please see the FAQ <https://wiki.debian.org/Teams/Dpkg/FAQ>
+ echo 'g++-4.8 hold'
+ dpkg --set-selections
dpkg: warning: package not in status nor available database at line 1: g++-4.8
dpkg: warning: found unknown packages; this might mean the available database
is outdated, and needs to be updated through a frontend method;
please see the FAQ <https://wiki.debian.org/Teams/Dpkg/FAQ>
+ for VERSION in $VERSIONS
+ rm -f g++-4.9 gcc-4.9 cpp-4.9 gcc
+ ln -s clang++-12 g++-4.9
+ ln -s clang-12 gcc-4.9
+ ln -s clang-12 cpp-4.9
+ ln -s clang-12 gcc
+ echo 'gcc-4.9 hold'
+ dpkg --set-selections
dpkg: warning: package not in status nor available database at line 1: gcc-4.9
dpkg: warning: found unknown packages; this might mean the available database
is outdated, and needs to be updated through a frontend method;
please see the FAQ <https://wiki.debian.org/Teams/Dpkg/FAQ>
+ echo 'g++-4.9 hold'
+ dpkg --set-selections
dpkg: warning: package not in status nor available database at line 1: g++-4.9
dpkg: warning: found unknown packages; this might mean the available database
is outdated, and needs to be updated through a frontend method;
please see the FAQ <https://wiki.debian.org/Teams/Dpkg/FAQ>
+ for VERSION in $VERSIONS
+ rm -f g++-5 gcc-5 cpp-5 gcc
+ ln -s clang++-12 g++-5
+ ln -s clang-12 gcc-5
+ ln -s clang-12 cpp-5
+ ln -s clang-12 gcc
+ echo 'gcc-5 hold'
+ dpkg --set-selections
dpkg: warning: package not in status nor available database at line 1: gcc-5
dpkg: warning: found unknown packages; this might mean the available database
is outdated, and needs to be updated through a frontend method;
please see the FAQ <https://wiki.debian.org/Teams/Dpkg/FAQ>
+ echo 'g++-5 hold'
+ dpkg --set-selections
dpkg: warning: package not in status nor available database at line 1: g++-5
dpkg: warning: found unknown packages; this might mean the available database
is outdated, and needs to be updated through a frontend method;
please see the FAQ <https://wiki.debian.org/Teams/Dpkg/FAQ>
+ for VERSION in $VERSIONS
+ rm -f g++-6 gcc-6 cpp-6 gcc
+ ln -s clang++-12 g++-6
+ ln -s clang-12 gcc-6
+ ln -s clang-12 cpp-6
+ ln -s clang-12 gcc
+ echo 'gcc-6 hold'
+ dpkg --set-selections
dpkg: warning: package not in status nor available database at line 1: gcc-6
dpkg: warning: found unknown packages; this might mean the available database
is outdated, and needs to be updated through a frontend method;
please see the FAQ <https://wiki.debian.org/Teams/Dpkg/FAQ>
+ echo 'g++-6 hold'
+ dpkg --set-selections
dpkg: warning: package not in status nor available database at line 1: g++-6
dpkg: warning: found unknown packages; this might mean the available database
is outdated, and needs to be updated through a frontend method;
please see the FAQ <https://wiki.debian.org/Teams/Dpkg/FAQ>
+ for VERSION in $VERSIONS
+ rm -f g++-7 gcc-7 cpp-7 gcc
+ ln -s clang++-12 g++-7
+ ln -s clang-12 gcc-7
+ ln -s clang-12 cpp-7
+ ln -s clang-12 gcc
+ echo 'gcc-7 hold'
+ dpkg --set-selections
dpkg: warning: package not in status nor available database at line 1: gcc-7
dpkg: warning: found unknown packages; this might mean the available database
is outdated, and needs to be updated through a frontend method;
please see the FAQ <https://wiki.debian.org/Teams/Dpkg/FAQ>
+ echo 'g++-7 hold'
+ dpkg --set-selections
dpkg: warning: package not in status nor available database at line 1: g++-7
dpkg: warning: found unknown packages; this might mean the available database
is outdated, and needs to be updated through a frontend method;
please see the FAQ <https://wiki.debian.org/Teams/Dpkg/FAQ>
+ for VERSION in $VERSIONS
+ rm -f g++-8 gcc-8 cpp-8 gcc
+ ln -s clang++-12 g++-8
+ ln -s clang-12 gcc-8
+ ln -s clang-12 cpp-8
+ ln -s clang-12 gcc
+ echo 'gcc-8 hold'
+ dpkg --set-selections
dpkg: warning: package not in status nor available database at line 1: gcc-8
dpkg: warning: found unknown packages; this might mean the available database
is outdated, and needs to be updated through a frontend method;
please see the FAQ <https://wiki.debian.org/Teams/Dpkg/FAQ>
+ echo 'g++-8 hold'
+ dpkg --set-selections
dpkg: warning: package not in status nor available database at line 1: g++-8
dpkg: warning: found unknown packages; this might mean the available database
is outdated, and needs to be updated through a frontend method;
please see the FAQ <https://wiki.debian.org/Teams/Dpkg/FAQ>
+ for VERSION in $VERSIONS
+ rm -f g++-9 gcc-9 cpp-9 gcc
+ ln -s clang++-12 g++-9
+ ln -s clang-12 gcc-9
+ ln -s clang-12 cpp-9
+ ln -s clang-12 gcc
+ echo 'gcc-9 hold'
+ dpkg --set-selections
dpkg: warning: package not in status nor available database at line 1: gcc-9
dpkg: warning: found unknown packages; this might mean the available database
is outdated, and needs to be updated through a frontend method;
please see the FAQ <https://wiki.debian.org/Teams/Dpkg/FAQ>
+ echo 'g++-9 hold'
+ dpkg --set-selections
dpkg: warning: package not in status nor available database at line 1: g++-9
dpkg: warning: found unknown packages; this might mean the available database
is outdated, and needs to be updated through a frontend method;
please see the FAQ <https://wiki.debian.org/Teams/Dpkg/FAQ>
+ for VERSION in $VERSIONS
+ rm -f g++-10 gcc-10 cpp-10 gcc
+ ln -s clang++-12 g++-10
+ ln -s clang-12 gcc-10
+ ln -s clang-12 cpp-10
+ ln -s clang-12 gcc
+ echo 'gcc-10 hold'
+ dpkg --set-selections
dpkg: warning: package not in status nor available database at line 1: gcc-10
dpkg: warning: found unknown packages; this might mean the available database
is outdated, and needs to be updated through a frontend method;
please see the FAQ <https://wiki.debian.org/Teams/Dpkg/FAQ>
+ echo 'g++-10 hold'
+ dpkg --set-selections
dpkg: warning: package not in status nor available database at line 1: g++-10
dpkg: warning: found unknown packages; this might mean the available database
is outdated, and needs to be updated through a frontend method;
please see the FAQ <https://wiki.debian.org/Teams/Dpkg/FAQ>
+ for VERSION in $VERSIONS
+ rm -f g++-11 gcc-11 cpp-11 gcc
+ ln -s clang++-12 g++-11
+ ln -s clang-12 gcc-11
+ ln -s clang-12 cpp-11
+ ln -s clang-12 gcc
+ echo 'gcc-11 hold'
+ dpkg --set-selections
+ echo 'g++-11 hold'
+ dpkg --set-selections
+ cd -
/build/mmseqs2-NlLJ4v
+ echo 'Check if gcc, g++ & cpp are actually clang'
Check if gcc, g++ & cpp are actually clang
+ gcc --version
+ grep clang
+ cpp --version
+ grep clang
+ g++ --version
+ grep clang
+ cd /usr/bin/
+ rm -f clang++ clang
+ ln -s clang-12 clang++
+ ln -s clang-12 clang
+ clang++ --version
Debian clang version 12.0.1-15
Target: x86_64-pc-linux-gnu
Thread model: posix
InstalledDir: /usr/bin
+ clang --version
Debian clang version 12.0.1-15
Target: x86_64-pc-linux-gnu
Thread model: posix
InstalledDir: /usr/bin
+ cd -
/build/mmseqs2-NlLJ4v
+ apt install --yes --no-install-recommends --force-yes qt5-qmake

WARNING: apt does not have a stable CLI interface. Use with caution in scripts.

Reading package lists...
Building dependency tree...
Reading state information...
The following additional packages will be installed:
  qt5-qmake-bin qtchooser
The following NEW packages will be installed:
  qt5-qmake qt5-qmake-bin qtchooser
0 upgraded, 3 newly installed, 0 to remove and 0 not upgraded.
Need to get 1322 kB of archives.
After this operation, 4914 kB of additional disk space will be used.
Get:1 http://127.0.0.1:12990/debian sid/main amd64 qt5-qmake-bin amd64 5.15.2+dfsg-12 [1046 kB]
Get:2 http://127.0.0.1:12990/debian sid/main amd64 qtchooser amd64 66-2 [26.3 kB]
Get:3 http://127.0.0.1:12990/debian sid/main amd64 qt5-qmake amd64 5.15.2+dfsg-12 [249 kB]
debconf: delaying package configuration, since apt-utils is not installed
Fetched 1322 kB in 0s (56.3 MB/s)
Selecting previously unselected package qt5-qmake-bin.
(Reading database ... (Reading database ... 5%(Reading database ... 10%(Reading database ... 15%(Reading database ... 20%(Reading database ... 25%(Reading database ... 30%(Reading database ... 35%(Reading database ... 40%(Reading database ... 45%(Reading database ... 50%(Reading database ... 55%(Reading database ... 60%(Reading database ... 65%(Reading database ... 70%(Reading database ... 75%(Reading database ... 80%(Reading database ... 85%(Reading database ... 90%(Reading database ... 95%(Reading database ... 100%(Reading database ... 13527 files and directories currently installed.)
Preparing to unpack .../qt5-qmake-bin_5.15.2+dfsg-12_amd64.deb ...
Unpacking qt5-qmake-bin (5.15.2+dfsg-12) ...
Selecting previously unselected package qtchooser.
Preparing to unpack .../qtchooser_66-2_amd64.deb ...
Unpacking qtchooser (66-2) ...
Selecting previously unselected package qt5-qmake:amd64.
Preparing to unpack .../qt5-qmake_5.15.2+dfsg-12_amd64.deb ...
Unpacking qt5-qmake:amd64 (5.15.2+dfsg-12) ...
Setting up qt5-qmake-bin (5.15.2+dfsg-12) ...
Setting up qtchooser (66-2) ...
Setting up qt5-qmake:amd64 (5.15.2+dfsg-12) ...
W: --force-yes is deprecated, use one of the options starting with --allow instead.
+ cp /usr/lib/x86_64-linux-gnu/qt5/mkspecs/linux-clang/qmake.conf /usr/lib/x86_64-linux-gnu/qt5/mkspecs/linux-clang/qplatformdefs.h /usr/lib/x86_64-linux-gnu/qt5/mkspecs/linux-g++/
+ ls -al /usr/lib/x86_64-linux-gnu/qt5/mkspecs/linux-g++/
total 16
drwxr-xr-x  2 root root 4096 Oct 26 20:20 .
drwxr-xr-x 76 root root 4096 Oct 26 20:20 ..
-rw-r--r--  1 root root  276 Oct 26 20:20 qmake.conf
-rw-r--r--  1 root root 3218 Oct 26 20:20 qplatformdefs.h
+ cat /usr/lib/x86_64-linux-gnu/qt5/mkspecs/linux-g++/qmake.conf
#
# qmake configuration for linux-clang
#

MAKEFILE_GENERATOR = UNIX
CONFIG += incremental

QMAKE_INCREMENTAL_STYLE = sublib

include(../common/linux.conf)
include(../common/gcc-base-unix.conf)
include(../common/clang.conf)

QMAKE_LFLAGS += -ccc-gcc-name g++

load(qt_config)
+ export QMAKESPEC=/usr/lib/x86_64-linux-gnu/qt5/mkspecs/linux-clang/
+ QMAKESPEC=/usr/lib/x86_64-linux-gnu/qt5/mkspecs/linux-clang/
+ sed -i -e 's|compare_problem(2,|compare_problem(0,|g' /usr/bin/dpkg-gensymbols
+ sed -i -e 's|compare_problem(1,|compare_problem(0,|g' /usr/bin/dpkg-gensymbols
+ grep 'compare_problem(' /usr/bin/dpkg-gensymbols
        compare_problem(4, g_('new libraries appeared in the symbols file: %s'), "@libs");
        compare_problem(3, g_('some libraries disappeared in the symbols file: %s'), "@libs");
        compare_problem(0, g_('some new symbols appeared in the symbols file: %s'),
        compare_problem(0, g_('some symbols or patterns disappeared in the symbols file: %s'),

I: Finished running '/tmp/clang12'.

Finished processing commands.
--------------------------------------------------------------------------------
I: NOTICE: Log filtering will replace 'build/mmseqs2-NlLJ4v/resolver-MOVUgf' with '<<RESOLVERDIR>>'

+------------------------------------------------------------------------------+
| Update chroot                                                                |
+------------------------------------------------------------------------------+

Hit:1 http://127.0.0.1:12990/debian sid InRelease
Reading package lists...
Reading package lists...
Building dependency tree...
Reading state information...
Calculating upgrade...
0 upgraded, 0 newly installed, 0 to remove and 0 not upgraded.

+------------------------------------------------------------------------------+
| Fetch source files                                                           |
+------------------------------------------------------------------------------+


Check APT
---------

Checking available source versions...

Download source files with APT
------------------------------

Reading package lists...
NOTICE: 'mmseqs2' packaging is maintained in the 'Git' version control system at:
https://salsa.debian.org/med-team/mmseqs2.git
Please use:
git clone https://salsa.debian.org/med-team/mmseqs2.git
to retrieve the latest (possibly unreleased) updates to the package.
Need to get 11.1 MB of source archives.
Get:1 http://127.0.0.1:12990/debian sid/main mmseqs2 13-45111+ds-2 (dsc) [2293 B]
Get:2 http://127.0.0.1:12990/debian sid/main mmseqs2 13-45111+ds-2 (tar) [4504 kB]
Get:3 http://127.0.0.1:12990/debian sid/main mmseqs2 13-45111+ds-2 (diff) [6548 kB]
Fetched 11.1 MB in 0s (86.4 MB/s)
Download complete and in download only mode
I: NOTICE: Log filtering will replace 'build/mmseqs2-NlLJ4v/mmseqs2-13-45111+ds' with '<<PKGBUILDDIR>>'
I: NOTICE: Log filtering will replace 'build/mmseqs2-NlLJ4v' with '<<BUILDDIR>>'

+------------------------------------------------------------------------------+
| Install package build dependencies                                           |
+------------------------------------------------------------------------------+


Setup apt archive
-----------------

Merged Build-Depends: debhelper-compat (= 13), build-essential, fakeroot, cmake, libgzstream-dev, libzstd-dev, zlib1g-dev, libbz2-dev, libsimde-dev, libxxhash-dev
Filtered Build-Depends: debhelper-compat (= 13), build-essential, fakeroot, cmake, libgzstream-dev, libzstd-dev, zlib1g-dev, libbz2-dev, libsimde-dev, libxxhash-dev
dpkg-deb: building package 'sbuild-build-depends-main-dummy' in '/<<RESOLVERDIR>>/apt_archive/sbuild-build-depends-main-dummy.deb'.
Ign:1 copy:/<<RESOLVERDIR>>/apt_archive ./ InRelease
Get:2 copy:/<<RESOLVERDIR>>/apt_archive ./ Release [957 B]
Ign:3 copy:/<<RESOLVERDIR>>/apt_archive ./ Release.gpg
Get:4 copy:/<<RESOLVERDIR>>/apt_archive ./ Sources [418 B]
Get:5 copy:/<<RESOLVERDIR>>/apt_archive ./ Packages [494 B]
Fetched 1869 B in 0s (0 B/s)
Reading package lists...
Reading package lists...

Install main build dependencies (apt-based resolver)
----------------------------------------------------

Installing build dependencies
Reading package lists...
Building dependency tree...
Reading state information...
The following additional packages will be installed:
  autoconf automake autopoint autotools-dev bsdextrautils cmake cmake-data
  debhelper dh-autoreconf dh-elpa-helper dh-strip-nondeterminism dwz
  emacsen-common file gettext gettext-base groff-base intltool-debian
  libarchive-zip-perl libarchive13 libbrotli1 libbz2-dev libcurl4
  libdebhelper-perl libexpat1 libfile-stripnondeterminism-perl libgzstream-dev
  libgzstream0 libjsoncpp24 libldap-2.4-2 libmagic-mgc libmagic1 libncurses6
  libncursesw6 libnghttp2-14 libpipeline1 libprocps8 libpsl5 librhash0
  librtmp1 libsasl2-2 libsasl2-modules-db libsigsegv2 libsimde-dev libssh2-1
  libsub-override-perl libtool libuchardet0 libuv1 libxxhash-dev libzstd-dev
  m4 man-db po-debconf procps sensible-utils zlib1g-dev
Suggested packages:
  autoconf-archive gnu-standards autoconf-doc cmake-doc ninja-build dh-make
  gettext-doc libasprintf-dev libgettextpo-dev groff lrzip libtool-doc
  gfortran | fortran95-compiler gcj-jdk m4-doc apparmor less www-browser
  libmail-box-perl
Recommended packages:
  curl | wget | lynx bzip2-doc ca-certificates libarchive-cpio-perl
  libldap-common libgpm2 publicsuffix libsasl2-modules libltdl-dev
  libmail-sendmail-perl psmisc
The following NEW packages will be installed:
  autoconf automake autopoint autotools-dev bsdextrautils cmake cmake-data
  debhelper dh-autoreconf dh-elpa-helper dh-strip-nondeterminism dwz
  emacsen-common file gettext gettext-base groff-base intltool-debian
  libarchive-zip-perl libarchive13 libbrotli1 libbz2-dev libcurl4
  libdebhelper-perl libexpat1 libfile-stripnondeterminism-perl libgzstream-dev
  libgzstream0 libjsoncpp24 libldap-2.4-2 libmagic-mgc libmagic1 libncurses6
  libncursesw6 libnghttp2-14 libpipeline1 libprocps8 libpsl5 librhash0
  librtmp1 libsasl2-2 libsasl2-modules-db libsigsegv2 libsimde-dev libssh2-1
  libsub-override-perl libtool libuchardet0 libuv1 libxxhash-dev libzstd-dev
  m4 man-db po-debconf procps sbuild-build-depends-main-dummy sensible-utils
  zlib1g-dev
0 upgraded, 58 newly installed, 0 to remove and 0 not upgraded.
Need to get 22.6 MB of archives.
After this operation, 82.5 MB of additional disk space will be used.
Get:1 copy:/<<RESOLVERDIR>>/apt_archive ./ sbuild-build-depends-main-dummy 0.invalid.0 [920 B]
Get:2 http://127.0.0.1:12990/debian sid/main amd64 bsdextrautils amd64 2.37.2-4 [143 kB]
Get:3 http://127.0.0.1:12990/debian sid/main amd64 libuchardet0 amd64 0.0.7-1 [67.8 kB]
Get:4 http://127.0.0.1:12990/debian sid/main amd64 groff-base amd64 1.22.4-7 [935 kB]
Get:5 http://127.0.0.1:12990/debian sid/main amd64 libpipeline1 amd64 1.5.3-1 [34.3 kB]
Get:6 http://127.0.0.1:12990/debian sid/main amd64 man-db amd64 2.9.4-2 [1354 kB]
Get:7 http://127.0.0.1:12990/debian sid/main amd64 libncurses6 amd64 6.2+20210905-1 [102 kB]
Get:8 http://127.0.0.1:12990/debian sid/main amd64 libncursesw6 amd64 6.2+20210905-1 [133 kB]
Get:9 http://127.0.0.1:12990/debian sid/main amd64 libprocps8 amd64 2:3.3.17-5 [63.9 kB]
Get:10 http://127.0.0.1:12990/debian sid/main amd64 procps amd64 2:3.3.17-5 [502 kB]
Get:11 http://127.0.0.1:12990/debian sid/main amd64 sensible-utils all 0.0.17 [21.5 kB]
Get:12 http://127.0.0.1:12990/debian sid/main amd64 libmagic-mgc amd64 1:5.39-3 [273 kB]
Get:13 http://127.0.0.1:12990/debian sid/main amd64 libmagic1 amd64 1:5.39-3 [126 kB]
Get:14 http://127.0.0.1:12990/debian sid/main amd64 file amd64 1:5.39-3 [69.1 kB]
Get:15 http://127.0.0.1:12990/debian sid/main amd64 gettext-base amd64 0.21-4 [175 kB]
Get:16 http://127.0.0.1:12990/debian sid/main amd64 libsigsegv2 amd64 2.13-1 [34.8 kB]
Get:17 http://127.0.0.1:12990/debian sid/main amd64 m4 amd64 1.4.18-5 [204 kB]
Get:18 http://127.0.0.1:12990/debian sid/main amd64 autoconf all 2.71-2 [343 kB]
Get:19 http://127.0.0.1:12990/debian sid/main amd64 autotools-dev all 20180224.1+nmu1 [77.1 kB]
Get:20 http://127.0.0.1:12990/debian sid/main amd64 automake all 1:1.16.5-1 [823 kB]
Get:21 http://127.0.0.1:12990/debian sid/main amd64 autopoint all 0.21-4 [510 kB]
Get:22 http://127.0.0.1:12990/debian sid/main amd64 libarchive13 amd64 3.4.3-2+b1 [343 kB]
Get:23 http://127.0.0.1:12990/debian sid/main amd64 libbrotli1 amd64 1.0.9-2+b2 [279 kB]
Get:24 http://127.0.0.1:12990/debian sid/main amd64 libsasl2-modules-db amd64 2.1.27+dfsg-2.1 [69.1 kB]
Get:25 http://127.0.0.1:12990/debian sid/main amd64 libsasl2-2 amd64 2.1.27+dfsg-2.1 [106 kB]
Get:26 http://127.0.0.1:12990/debian sid/main amd64 libldap-2.4-2 amd64 2.4.59+dfsg-1 [232 kB]
Get:27 http://127.0.0.1:12990/debian sid/main amd64 libnghttp2-14 amd64 1.43.0-1 [77.1 kB]
Get:28 http://127.0.0.1:12990/debian sid/main amd64 libpsl5 amd64 0.21.0-1.2 [57.3 kB]
Get:29 http://127.0.0.1:12990/debian sid/main amd64 librtmp1 amd64 2.4+20151223.gitfa8646d.1-2+b2 [60.8 kB]
Get:30 http://127.0.0.1:12990/debian sid/main amd64 libssh2-1 amd64 1.10.0-2 [178 kB]
Get:31 http://127.0.0.1:12990/debian sid/main amd64 libcurl4 amd64 7.74.0-1.3+b1 [341 kB]
Get:32 http://127.0.0.1:12990/debian sid/main amd64 libexpat1 amd64 2.4.1-3 [104 kB]
Get:33 http://127.0.0.1:12990/debian sid/main amd64 libjsoncpp24 amd64 1.9.4-5 [78.8 kB]
Get:34 http://127.0.0.1:12990/debian sid/main amd64 librhash0 amd64 1.4.2-1 [129 kB]
Get:35 http://127.0.0.1:12990/debian sid/main amd64 libuv1 amd64 1.42.0-1 [135 kB]
Get:36 http://127.0.0.1:12990/debian sid/main amd64 dh-elpa-helper all 2.0.9 [11.2 kB]
Get:37 http://127.0.0.1:12990/debian sid/main amd64 emacsen-common all 3.0.4 [19.3 kB]
Get:38 http://127.0.0.1:12990/debian sid/main amd64 cmake-data all 3.21.3-5 [1878 kB]
Get:39 http://127.0.0.1:12990/debian sid/main amd64 cmake amd64 3.21.3-5 [7907 kB]
Get:40 http://127.0.0.1:12990/debian sid/main amd64 libdebhelper-perl all 13.5.2 [192 kB]
Get:41 http://127.0.0.1:12990/debian sid/main amd64 libtool all 2.4.6-15 [513 kB]
Get:42 http://127.0.0.1:12990/debian sid/main amd64 dh-autoreconf all 20 [17.1 kB]
Get:43 http://127.0.0.1:12990/debian sid/main amd64 libarchive-zip-perl all 1.68-1 [104 kB]
Get:44 http://127.0.0.1:12990/debian sid/main amd64 libsub-override-perl all 0.09-2 [10.2 kB]
Get:45 http://127.0.0.1:12990/debian sid/main amd64 libfile-stripnondeterminism-perl all 1.12.0-2 [26.3 kB]
Get:46 http://127.0.0.1:12990/debian sid/main amd64 dh-strip-nondeterminism all 1.12.0-2 [15.5 kB]
Get:47 http://127.0.0.1:12990/debian sid/main amd64 dwz amd64 0.14-1 [98.3 kB]
Get:48 http://127.0.0.1:12990/debian sid/main amd64 gettext amd64 0.21-4 [1311 kB]
Get:49 http://127.0.0.1:12990/debian sid/main amd64 intltool-debian all 0.35.0+20060710.5 [26.8 kB]
Get:50 http://127.0.0.1:12990/debian sid/main amd64 po-debconf all 1.0.21+nmu1 [248 kB]
Get:51 http://127.0.0.1:12990/debian sid/main amd64 debhelper all 13.5.2 [1056 kB]
Get:52 http://127.0.0.1:12990/debian sid/main amd64 libbz2-dev amd64 1.0.8-4 [30.1 kB]
Get:53 http://127.0.0.1:12990/debian sid/main amd64 libgzstream0 amd64 1.5+git20171107.9a20658-1+b1 [7236 B]
Get:54 http://127.0.0.1:12990/debian sid/main amd64 libgzstream-dev amd64 1.5+git20171107.9a20658-1+b1 [7380 B]
Get:55 http://127.0.0.1:12990/debian sid/main amd64 libsimde-dev all 0.7.2-5 [259 kB]
Get:56 http://127.0.0.1:12990/debian sid/main amd64 libxxhash-dev amd64 0.8.0-2 [58.9 kB]
Get:57 http://127.0.0.1:12990/debian sid/main amd64 libzstd-dev amd64 1.4.8+dfsg-3 [382 kB]
Get:58 http://127.0.0.1:12990/debian sid/main amd64 zlib1g-dev amd64 1:1.2.11.dfsg-2 [190 kB]
debconf: delaying package configuration, since apt-utils is not installed
Fetched 22.6 MB in 0s (94.6 MB/s)
Selecting previously unselected package bsdextrautils.
(Reading database ... 14272 files and directories currently installed.)
Preparing to unpack .../00-bsdextrautils_2.37.2-4_amd64.deb ...
Unpacking bsdextrautils (2.37.2-4) ...
Selecting previously unselected package libuchardet0:amd64.
Preparing to unpack .../01-libuchardet0_0.0.7-1_amd64.deb ...
Unpacking libuchardet0:amd64 (0.0.7-1) ...
Selecting previously unselected package groff-base.
Preparing to unpack .../02-groff-base_1.22.4-7_amd64.deb ...
Unpacking groff-base (1.22.4-7) ...
Selecting previously unselected package libpipeline1:amd64.
Preparing to unpack .../03-libpipeline1_1.5.3-1_amd64.deb ...
Unpacking libpipeline1:amd64 (1.5.3-1) ...
Selecting previously unselected package man-db.
Preparing to unpack .../04-man-db_2.9.4-2_amd64.deb ...
Unpacking man-db (2.9.4-2) ...
Selecting previously unselected package libncurses6:amd64.
Preparing to unpack .../05-libncurses6_6.2+20210905-1_amd64.deb ...
Unpacking libncurses6:amd64 (6.2+20210905-1) ...
Selecting previously unselected package libncursesw6:amd64.
Preparing to unpack .../06-libncursesw6_6.2+20210905-1_amd64.deb ...
Unpacking libncursesw6:amd64 (6.2+20210905-1) ...
Selecting previously unselected package libprocps8:amd64.
Preparing to unpack .../07-libprocps8_2%3a3.3.17-5_amd64.deb ...
Unpacking libprocps8:amd64 (2:3.3.17-5) ...
Selecting previously unselected package procps.
Preparing to unpack .../08-procps_2%3a3.3.17-5_amd64.deb ...
Unpacking procps (2:3.3.17-5) ...
Selecting previously unselected package sensible-utils.
Preparing to unpack .../09-sensible-utils_0.0.17_all.deb ...
Unpacking sensible-utils (0.0.17) ...
Selecting previously unselected package libmagic-mgc.
Preparing to unpack .../10-libmagic-mgc_1%3a5.39-3_amd64.deb ...
Unpacking libmagic-mgc (1:5.39-3) ...
Selecting previously unselected package libmagic1:amd64.
Preparing to unpack .../11-libmagic1_1%3a5.39-3_amd64.deb ...
Unpacking libmagic1:amd64 (1:5.39-3) ...
Selecting previously unselected package file.
Preparing to unpack .../12-file_1%3a5.39-3_amd64.deb ...
Unpacking file (1:5.39-3) ...
Selecting previously unselected package gettext-base.
Preparing to unpack .../13-gettext-base_0.21-4_amd64.deb ...
Unpacking gettext-base (0.21-4) ...
Selecting previously unselected package libsigsegv2:amd64.
Preparing to unpack .../14-libsigsegv2_2.13-1_amd64.deb ...
Unpacking libsigsegv2:amd64 (2.13-1) ...
Selecting previously unselected package m4.
Preparing to unpack .../15-m4_1.4.18-5_amd64.deb ...
Unpacking m4 (1.4.18-5) ...
Selecting previously unselected package autoconf.
Preparing to unpack .../16-autoconf_2.71-2_all.deb ...
Unpacking autoconf (2.71-2) ...
Selecting previously unselected package autotools-dev.
Preparing to unpack .../17-autotools-dev_20180224.1+nmu1_all.deb ...
Unpacking autotools-dev (20180224.1+nmu1) ...
Selecting previously unselected package automake.
Preparing to unpack .../18-automake_1%3a1.16.5-1_all.deb ...
Unpacking automake (1:1.16.5-1) ...
Selecting previously unselected package autopoint.
Preparing to unpack .../19-autopoint_0.21-4_all.deb ...
Unpacking autopoint (0.21-4) ...
Selecting previously unselected package libarchive13:amd64.
Preparing to unpack .../20-libarchive13_3.4.3-2+b1_amd64.deb ...
Unpacking libarchive13:amd64 (3.4.3-2+b1) ...
Selecting previously unselected package libbrotli1:amd64.
Preparing to unpack .../21-libbrotli1_1.0.9-2+b2_amd64.deb ...
Unpacking libbrotli1:amd64 (1.0.9-2+b2) ...
Selecting previously unselected package libsasl2-modules-db:amd64.
Preparing to unpack .../22-libsasl2-modules-db_2.1.27+dfsg-2.1_amd64.deb ...
Unpacking libsasl2-modules-db:amd64 (2.1.27+dfsg-2.1) ...
Selecting previously unselected package libsasl2-2:amd64.
Preparing to unpack .../23-libsasl2-2_2.1.27+dfsg-2.1_amd64.deb ...
Unpacking libsasl2-2:amd64 (2.1.27+dfsg-2.1) ...
Selecting previously unselected package libldap-2.4-2:amd64.
Preparing to unpack .../24-libldap-2.4-2_2.4.59+dfsg-1_amd64.deb ...
Unpacking libldap-2.4-2:amd64 (2.4.59+dfsg-1) ...
Selecting previously unselected package libnghttp2-14:amd64.
Preparing to unpack .../25-libnghttp2-14_1.43.0-1_amd64.deb ...
Unpacking libnghttp2-14:amd64 (1.43.0-1) ...
Selecting previously unselected package libpsl5:amd64.
Preparing to unpack .../26-libpsl5_0.21.0-1.2_amd64.deb ...
Unpacking libpsl5:amd64 (0.21.0-1.2) ...
Selecting previously unselected package librtmp1:amd64.
Preparing to unpack .../27-librtmp1_2.4+20151223.gitfa8646d.1-2+b2_amd64.deb ...
Unpacking librtmp1:amd64 (2.4+20151223.gitfa8646d.1-2+b2) ...
Selecting previously unselected package libssh2-1:amd64.
Preparing to unpack .../28-libssh2-1_1.10.0-2_amd64.deb ...
Unpacking libssh2-1:amd64 (1.10.0-2) ...
Selecting previously unselected package libcurl4:amd64.
Preparing to unpack .../29-libcurl4_7.74.0-1.3+b1_amd64.deb ...
Unpacking libcurl4:amd64 (7.74.0-1.3+b1) ...
Selecting previously unselected package libexpat1:amd64.
Preparing to unpack .../30-libexpat1_2.4.1-3_amd64.deb ...
Unpacking libexpat1:amd64 (2.4.1-3) ...
Selecting previously unselected package libjsoncpp24:amd64.
Preparing to unpack .../31-libjsoncpp24_1.9.4-5_amd64.deb ...
Unpacking libjsoncpp24:amd64 (1.9.4-5) ...
Selecting previously unselected package librhash0:amd64.
Preparing to unpack .../32-librhash0_1.4.2-1_amd64.deb ...
Unpacking librhash0:amd64 (1.4.2-1) ...
Selecting previously unselected package libuv1:amd64.
Preparing to unpack .../33-libuv1_1.42.0-1_amd64.deb ...
Unpacking libuv1:amd64 (1.42.0-1) ...
Selecting previously unselected package dh-elpa-helper.
Preparing to unpack .../34-dh-elpa-helper_2.0.9_all.deb ...
Unpacking dh-elpa-helper (2.0.9) ...
Selecting previously unselected package emacsen-common.
Preparing to unpack .../35-emacsen-common_3.0.4_all.deb ...
Unpacking emacsen-common (3.0.4) ...
Selecting previously unselected package cmake-data.
Preparing to unpack .../36-cmake-data_3.21.3-5_all.deb ...
Unpacking cmake-data (3.21.3-5) ...
Selecting previously unselected package cmake.
Preparing to unpack .../37-cmake_3.21.3-5_amd64.deb ...
Unpacking cmake (3.21.3-5) ...
Selecting previously unselected package libdebhelper-perl.
Preparing to unpack .../38-libdebhelper-perl_13.5.2_all.deb ...
Unpacking libdebhelper-perl (13.5.2) ...
Selecting previously unselected package libtool.
Preparing to unpack .../39-libtool_2.4.6-15_all.deb ...
Unpacking libtool (2.4.6-15) ...
Selecting previously unselected package dh-autoreconf.
Preparing to unpack .../40-dh-autoreconf_20_all.deb ...
Unpacking dh-autoreconf (20) ...
Selecting previously unselected package libarchive-zip-perl.
Preparing to unpack .../41-libarchive-zip-perl_1.68-1_all.deb ...
Unpacking libarchive-zip-perl (1.68-1) ...
Selecting previously unselected package libsub-override-perl.
Preparing to unpack .../42-libsub-override-perl_0.09-2_all.deb ...
Unpacking libsub-override-perl (0.09-2) ...
Selecting previously unselected package libfile-stripnondeterminism-perl.
Preparing to unpack .../43-libfile-stripnondeterminism-perl_1.12.0-2_all.deb ...
Unpacking libfile-stripnondeterminism-perl (1.12.0-2) ...
Selecting previously unselected package dh-strip-nondeterminism.
Preparing to unpack .../44-dh-strip-nondeterminism_1.12.0-2_all.deb ...
Unpacking dh-strip-nondeterminism (1.12.0-2) ...
Selecting previously unselected package dwz.
Preparing to unpack .../45-dwz_0.14-1_amd64.deb ...
Unpacking dwz (0.14-1) ...
Selecting previously unselected package gettext.
Preparing to unpack .../46-gettext_0.21-4_amd64.deb ...
Unpacking gettext (0.21-4) ...
Selecting previously unselected package intltool-debian.
Preparing to unpack .../47-intltool-debian_0.35.0+20060710.5_all.deb ...
Unpacking intltool-debian (0.35.0+20060710.5) ...
Selecting previously unselected package po-debconf.
Preparing to unpack .../48-po-debconf_1.0.21+nmu1_all.deb ...
Unpacking po-debconf (1.0.21+nmu1) ...
Selecting previously unselected package debhelper.
Preparing to unpack .../49-debhelper_13.5.2_all.deb ...
Unpacking debhelper (13.5.2) ...
Selecting previously unselected package libbz2-dev:amd64.
Preparing to unpack .../50-libbz2-dev_1.0.8-4_amd64.deb ...
Unpacking libbz2-dev:amd64 (1.0.8-4) ...
Selecting previously unselected package libgzstream0:amd64.
Preparing to unpack .../51-libgzstream0_1.5+git20171107.9a20658-1+b1_amd64.deb ...
Unpacking libgzstream0:amd64 (1.5+git20171107.9a20658-1+b1) ...
Selecting previously unselected package libgzstream-dev:amd64.
Preparing to unpack .../52-libgzstream-dev_1.5+git20171107.9a20658-1+b1_amd64.deb ...
Unpacking libgzstream-dev:amd64 (1.5+git20171107.9a20658-1+b1) ...
Selecting previously unselected package libsimde-dev.
Preparing to unpack .../53-libsimde-dev_0.7.2-5_all.deb ...
Unpacking libsimde-dev (0.7.2-5) ...
Selecting previously unselected package libxxhash-dev:amd64.
Preparing to unpack .../54-libxxhash-dev_0.8.0-2_amd64.deb ...
Unpacking libxxhash-dev:amd64 (0.8.0-2) ...
Selecting previously unselected package libzstd-dev:amd64.
Preparing to unpack .../55-libzstd-dev_1.4.8+dfsg-3_amd64.deb ...
Unpacking libzstd-dev:amd64 (1.4.8+dfsg-3) ...
Selecting previously unselected package zlib1g-dev:amd64.
Preparing to unpack .../56-zlib1g-dev_1%3a1.2.11.dfsg-2_amd64.deb ...
Unpacking zlib1g-dev:amd64 (1:1.2.11.dfsg-2) ...
Selecting previously unselected package sbuild-build-depends-main-dummy.
Preparing to unpack .../57-sbuild-build-depends-main-dummy_0.invalid.0_amd64.deb ...
Unpacking sbuild-build-depends-main-dummy (0.invalid.0) ...
Setting up libexpat1:amd64 (2.4.1-3) ...
Setting up libpipeline1:amd64 (1.5.3-1) ...
Setting up libsimde-dev (0.7.2-5) ...
Setting up libpsl5:amd64 (0.21.0-1.2) ...
Setting up libzstd-dev:amd64 (1.4.8+dfsg-3) ...
Setting up bsdextrautils (2.37.2-4) ...
update-alternatives: using /usr/bin/write.ul to provide /usr/bin/write (write) in auto mode
Setting up libmagic-mgc (1:5.39-3) ...
Setting up libarchive13:amd64 (3.4.3-2+b1) ...
Setting up libarchive-zip-perl (1.68-1) ...
Setting up libdebhelper-perl (13.5.2) ...
Setting up libbrotli1:amd64 (1.0.9-2+b2) ...
Setting up libnghttp2-14:amd64 (1.43.0-1) ...
Setting up libmagic1:amd64 (1:5.39-3) ...
Setting up gettext-base (0.21-4) ...
Setting up file (1:5.39-3) ...
Setting up libsasl2-modules-db:amd64 (2.1.27+dfsg-2.1) ...
Setting up autotools-dev (20180224.1+nmu1) ...
Setting up libuv1:amd64 (1.42.0-1) ...
Setting up emacsen-common (3.0.4) ...
Setting up librtmp1:amd64 (2.4+20151223.gitfa8646d.1-2+b2) ...
Setting up dh-elpa-helper (2.0.9) ...
Setting up libncurses6:amd64 (6.2+20210905-1) ...
Setting up libsigsegv2:amd64 (2.13-1) ...
Setting up autopoint (0.21-4) ...
Setting up libncursesw6:amd64 (6.2+20210905-1) ...
Setting up libsasl2-2:amd64 (2.1.27+dfsg-2.1) ...
Setting up libxxhash-dev:amd64 (0.8.0-2) ...
Setting up libgzstream0:amd64 (1.5+git20171107.9a20658-1+b1) ...
Setting up libjsoncpp24:amd64 (1.9.4-5) ...
Setting up zlib1g-dev:amd64 (1:1.2.11.dfsg-2) ...
Setting up dwz (0.14-1) ...
Setting up sensible-utils (0.0.17) ...
Setting up librhash0:amd64 (1.4.2-1) ...
Setting up libuchardet0:amd64 (0.0.7-1) ...
Setting up libsub-override-perl (0.09-2) ...
Setting up libssh2-1:amd64 (1.10.0-2) ...
Setting up cmake-data (3.21.3-5) ...
Setting up libprocps8:amd64 (2:3.3.17-5) ...
Setting up libbz2-dev:amd64 (1.0.8-4) ...
Setting up libfile-stripnondeterminism-perl (1.12.0-2) ...
Setting up gettext (0.21-4) ...
Setting up libtool (2.4.6-15) ...
Setting up libldap-2.4-2:amd64 (2.4.59+dfsg-1) ...
Setting up m4 (1.4.18-5) ...
Setting up intltool-debian (0.35.0+20060710.5) ...
Setting up libgzstream-dev:amd64 (1.5+git20171107.9a20658-1+b1) ...
Setting up autoconf (2.71-2) ...
Setting up dh-strip-nondeterminism (1.12.0-2) ...
Setting up groff-base (1.22.4-7) ...
Setting up procps (2:3.3.17-5) ...
Setting up libcurl4:amd64 (7.74.0-1.3+b1) ...
Setting up automake (1:1.16.5-1) ...
update-alternatives: using /usr/bin/automake-1.16 to provide /usr/bin/automake (automake) in auto mode
Setting up po-debconf (1.0.21+nmu1) ...
Setting up man-db (2.9.4-2) ...
Not building database; man-db/auto-update is not 'true'.
Setting up dh-autoreconf (20) ...
Setting up cmake (3.21.3-5) ...
Setting up debhelper (13.5.2) ...
Setting up sbuild-build-depends-main-dummy (0.invalid.0) ...
Processing triggers for libc-bin (2.32-4) ...

+------------------------------------------------------------------------------+
| Check architectures                                                          |
+------------------------------------------------------------------------------+

Arch check ok (amd64 included in amd64 arm64 mips64el ppc64el ia64 kfreebsd-amd64 riscv64 all)

+------------------------------------------------------------------------------+
| Build environment                                                            |
+------------------------------------------------------------------------------+

Kernel: Linux 4.19.0-6-cloud-amd64 #1 SMP Debian 4.19.67-2+deb10u2 (2019-11-11) amd64 (x86_64)
Toolchain package versions: binutils_2.37-7 dpkg-dev_1.20.9 g++-11_11.2.0-10 gcc-11_11.2.0-10 libc6-dev_2.32-4 libstdc++-11-dev_11.2.0-10 libstdc++6_11.2.0-10 linux-libc-dev_5.14.12-1
Package versions: adduser_3.118 apt_2.3.11 autoconf_2.71-2 automake_1:1.16.5-1 autopoint_0.21-4 autotools-dev_20180224.1+nmu1 base-files_12 base-passwd_3.5.52 bash_5.1-3+b2 binutils_2.37-7 binutils-common_2.37-7 binutils-x86-64-linux-gnu_2.37-7 bsdextrautils_2.37.2-4 bsdutils_1:2.37.2-4 build-essential_12.9 bzip2_1.0.8-4 clang-12_1:12.0.1-15 cmake_3.21.3-5 cmake-data_3.21.3-5 coreutils_8.32-4+b1 cpp_4:11.2.0-2 cpp-11_11.2.0-10 dash_0.5.11+git20210120+802ebd4-2 debconf_1.5.78 debhelper_13.5.2 debian-archive-keyring_2021.1.1 debianutils_5.5-1 dh-autoreconf_20 dh-elpa-helper_2.0.9 dh-strip-nondeterminism_1.12.0-2 diffutils_1:3.7-5 dpkg_1.20.9 dpkg-dev_1.20.9 dwz_0.14-1 e2fsprogs_1.46.4-1 emacsen-common_3.0.4 fakeroot_1.26-1 file_1:5.39-3 findutils_4.8.0-1 g++_4:11.2.0-2 g++-11_11.2.0-10 gcc_4:11.2.0-2 gcc-10-base_10.3.0-11 gcc-11_11.2.0-10 gcc-11-base_11.2.0-10 gcc-9-base_9.4.0-3 gettext_0.21-4 gettext-base_0.21-4 gpgv_2.2.27-2 grep_3.7-1 groff-base_1.22.4-7 gzip_1.10-4 hostname_3.23 init-system-helpers_1.60 intltool-debian_0.35.0+20060710.5 lib32gcc-s1_11.2.0-10 lib32stdc++6_11.2.0-10 libacl1_2.3.1-1 libapt-pkg6.0_2.3.11 libarchive-zip-perl_1.68-1 libarchive13_3.4.3-2+b1 libasan5_9.4.0-3 libasan6_11.2.0-10 libatomic1_11.2.0-10 libattr1_1:2.5.1-1 libaudit-common_1:3.0.6-1 libaudit1_1:3.0.6-1 libbinutils_2.37-7 libblkid1_2.37.2-4 libbrotli1_1.0.9-2+b2 libbsd0_0.11.3-1 libbz2-1.0_1.0.8-4 libbz2-dev_1.0.8-4 libc-bin_2.32-4 libc-dev-bin_2.32-4 libc6_2.32-4 libc6-dev_2.32-4 libc6-i386_2.32-4 libcap-ng0_0.7.9-2.2+b1 libcap2_1:2.44-1 libcc1-0_11.2.0-10 libclang-common-12-dev_1:12.0.1-15 libclang-cpp12_1:12.0.1-15 libclang1-12_1:12.0.1-15 libcom-err2_1.46.4-1 libcrypt-dev_1:4.4.25-2 libcrypt1_1:4.4.25-2 libctf-nobfd0_2.37-7 libctf0_2.37-7 libcurl4_7.74.0-1.3+b1 libdb5.3_5.3.28+dfsg1-0.8 libdebconfclient0_0.260 libdebhelper-perl_13.5.2 libdpkg-perl_1.20.9 libedit2_3.1-20210910-1 libelf1_0.185-2 libexpat1_2.4.1-3 libext2fs2_1.46.4-1 libfakeroot_1.26-1 libffi8_3.4.2-3 libfile-stripnondeterminism-perl_1.12.0-2 libgc1_1:8.0.4-3 libgcc-11-dev_11.2.0-10 libgcc-9-dev_9.4.0-3 libgcc-s1_11.2.0-10 libgcrypt20_1.9.4-3+b1 libgdbm-compat4_1.22-1 libgdbm6_1.22-1 libgmp10_2:6.2.1+dfsg-2 libgnutls30_3.7.2-2 libgomp1_11.2.0-10 libgpg-error0_1.42-3 libgssapi-krb5-2_1.18.3-7 libgzstream-dev_1.5+git20171107.9a20658-1+b1 libgzstream0_1.5+git20171107.9a20658-1+b1 libhogweed6_3.7.3-1 libicu67_67.1-7 libidn2-0_2.3.2-2 libisl23_0.24-2 libitm1_11.2.0-10 libjsoncpp24_1.9.4-5 libk5crypto3_1.18.3-7 libkeyutils1_1.6.1-2 libkrb5-3_1.18.3-7 libkrb5support0_1.18.3-7 libldap-2.4-2_2.4.59+dfsg-1 libllvm12_1:12.0.1-15 liblsan0_11.2.0-10 liblz4-1_1.9.3-2 liblzma5_5.2.5-2 libmagic-mgc_1:5.39-3 libmagic1_1:5.39-3 libmd0_1.0.4-1 libmount1_2.37.2-4 libmpc3_1.2.1-1 libmpfr6_4.1.0-3 libncurses6_6.2+20210905-1 libncursesw6_6.2+20210905-1 libnettle8_3.7.3-1 libnghttp2-14_1.43.0-1 libnsl-dev_1.3.0-2 libnsl2_1.3.0-2 libobjc-11-dev_11.2.0-10 libobjc-9-dev_9.4.0-3 libobjc4_11.2.0-10 libomp-12-dev_1:12.0.1-15 libomp5-12_1:12.0.1-15 libp11-kit0_0.24.0-5 libpam-modules_1.4.0-10 libpam-modules-bin_1.4.0-10 libpam-runtime_1.4.0-10 libpam0g_1.4.0-10 libpcre2-8-0_10.36-2 libpcre3_2:8.39-13 libperl5.32_5.32.1-6 libpipeline1_1.5.3-1 libprocps8_2:3.3.17-5 libpsl5_0.21.0-1.2 libquadmath0_11.2.0-10 librhash0_1.4.2-1 librtmp1_2.4+20151223.gitfa8646d.1-2+b2 libsasl2-2_2.1.27+dfsg-2.1 libsasl2-modules-db_2.1.27+dfsg-2.1 libseccomp2_2.5.2-2 libselinux1_3.1-3 libsemanage-common_3.1-1 libsemanage1_3.1-1+b2 libsepol1_3.1-1 libsigsegv2_2.13-1 libsimde-dev_0.7.2-5 libsmartcols1_2.37.2-4 libss2_1.46.4-1 libssh2-1_1.10.0-2 libssl1.1_1.1.1l-1 libstdc++-11-dev_11.2.0-10 libstdc++6_11.2.0-10 libsub-override-perl_0.09-2 libsystemd0_249.5-1 libtasn1-6_4.17.0-2 libtinfo6_6.2+20210905-1 libtirpc-common_1.3.2-2 libtirpc-dev_1.3.2-2 libtirpc3_1.3.2-2 libtool_2.4.6-15 libtsan0_11.2.0-10 libubsan1_11.2.0-10 libuchardet0_0.0.7-1 libudev1_249.5-1 libunistring2_0.9.10-6 libunwind-12_1:12.0.1-15 libuuid1_2.37.2-4 libuv1_1.42.0-1 libxml2_2.9.12+dfsg-5 libxxhash-dev_0.8.0-2 libxxhash0_0.8.0-2 libz3-4_4.8.12-1+b1 libzstd-dev_1.4.8+dfsg-3 libzstd1_1.4.8+dfsg-3 linux-libc-dev_5.14.12-1 llvm-12-linker-tools_1:12.0.1-15 login_1:4.8.1-1 logsave_1.46.4-1 lsb-base_11.1.0 m4_1.4.18-5 make_4.3-4.1 man-db_2.9.4-2 mawk_1.3.4.20200120-2 mount_2.37.2-4 ncurses-base_6.2+20210905-1 ncurses-bin_6.2+20210905-1 passwd_1:4.8.1-1 patch_2.7.6-7 perl_5.32.1-6 perl-base_5.32.1-6 perl-modules-5.32_5.32.1-6 po-debconf_1.0.21+nmu1 procps_2:3.3.17-5 qt5-qmake_5.15.2+dfsg-12 qt5-qmake-bin_5.15.2+dfsg-12 qtchooser_66-2 rpcsvc-proto_1.4.2-4 sbuild-build-depends-main-dummy_0.invalid.0 sed_4.8-1 sensible-utils_0.0.17 sysvinit-utils_3.00-1 tar_1.34+dfsg-1 tzdata_2021e-1 util-linux_2.37.2-4 xz-utils_5.2.5-2 zlib1g_1:1.2.11.dfsg-2 zlib1g-dev_1:1.2.11.dfsg-2

+------------------------------------------------------------------------------+
| Build                                                                        |
+------------------------------------------------------------------------------+


Unpack source
-------------

-----BEGIN PGP SIGNED MESSAGE-----
Hash: SHA512

Format: 3.0 (quilt)
Source: mmseqs2
Binary: mmseqs2, mmseqs2-examples
Architecture: amd64 arm64 mips64el ppc64el ia64 kfreebsd-amd64 riscv64 all
Version: 13-45111+ds-2
Maintainer: Debian Med Packaging Team <debian-med-packaging@lists.alioth.debian.org>
Uploaders: Shayan Doust <hello@shayandoust.me>
Homepage: https://github.com/soedinglab/MMseqs2
Standards-Version: 4.6.0
Vcs-Browser: https://salsa.debian.org/med-team/mmseqs2
Vcs-Git: https://salsa.debian.org/med-team/mmseqs2.git
Testsuite: autopkgtest
Build-Depends: debhelper-compat (= 13)
Build-Depends-Arch: cmake, libgzstream-dev, libzstd-dev, zlib1g-dev, libbz2-dev, libsimde-dev, libxxhash-dev
Package-List:
 mmseqs2 deb science optional arch=amd64,arm64,mips64el,ppc64el,ia64,kfreebsd-amd64,riscv64
 mmseqs2-examples deb science optional arch=all
Checksums-Sha1:
 7b16680c7b6b42c5a8d023c27032b84dd5b20cb6 4503520 mmseqs2_13-45111+ds.orig.tar.xz
 3b862ebeaa446bf0ae5460ac94cfc566a29bd372 6548480 mmseqs2_13-45111+ds-2.debian.tar.xz
Checksums-Sha256:
 bcb3b37d517325605e19a8286492e22213ec61ddfebbe9cb1cc7dee8e54055f0 4503520 mmseqs2_13-45111+ds.orig.tar.xz
 de20b694e738db90b89aa0de00417d3f65106e9c60a4bbc2339815e35ff78ace 6548480 mmseqs2_13-45111+ds-2.debian.tar.xz
Files:
 041f99d1e16927258f7ef187e913c67a 4503520 mmseqs2_13-45111+ds.orig.tar.xz
 08ed55ca2695bc7e698043118c5106bc 6548480 mmseqs2_13-45111+ds-2.debian.tar.xz

-----BEGIN PGP SIGNATURE-----

iQJFBAEBCgAvFiEE8fAHMgoDVUHwpmPKV4oElNHGRtEFAmFlUFgRHHRpbGxlQGRl
Ymlhbi5vcmcACgkQV4oElNHGRtEcEQ//fNTjZpyYVLLvV5Dia5MiKSl0Ewwg+1UW
tsWjX/gMT3YMWpib0JLCfjtYtOEv9adBJtCaOpG+2G9s5b3RZGzT0OqEViFRgtqw
3REq9GdBo6tdrZE2TOmG+us/RiBHOWtG0g2S3D4WMBOTAxU/qDtnTO+vEL2VnE2K
7Yfv3FUodzUtSWssmZr1MASgRoSl3EN/i8NHvJFib8SbkJ65rhATxbYkYlNjDK0Q
b2dsioBXocsgtkC+Jvr+OKV2JbmsL4IjPKwAe+1dLJ9O3rCEtdwslUXy3am+MO/M
MihnuaxiXuEX8h7fXk431Z3N2eGFfs654qmB/UjceEl7A+bxPJ6iRSj/G7VreXES
+7546xKlLFBUJTy5Rrl9iTUWD4GqfFcFWjyd4EK2YX6Xkm82EnTB+zbHyrsrkktX
JwZJ3HkT2myZ0PSH7FaR48wEYiJ250dLfCS5Plgp+B2myYFVApvJaScCCcVYCMJh
hLw0X7CU1MtX6387GmU2i8uPMSeyktTKxkaBNoVVitOWB1BQw8gEtzh+SHxHYITM
reQccYGs1mCYuzxJ/zZwECMdZG3kzFqyqw1pBcQqZT3emextEuDKZfxF5Wq8zngB
aGpvqBHYVZMqwh8OF1bsGfV1YYouk78G2tfTeDEHgtJJUzhlfQq2ZB+WLHF/4Rg/
hAy7QK+WfmQ=
=v5eL
-----END PGP SIGNATURE-----

gpgv: unknown type of key resource 'trustedkeys.kbx'
gpgv: keyblock resource '/tmp/dpkg-verify-sig.L0e1HgOv/trustedkeys.kbx': General error
gpgv: Signature made Tue Oct 12 09:07:36 2021 UTC
gpgv:                using RSA key F1F007320A035541F0A663CA578A0494D1C646D1
gpgv:                issuer "tille@debian.org"
gpgv: Can't check signature: No public key
dpkg-source: warning: failed to verify signature on ./mmseqs2_13-45111+ds-2.dsc
dpkg-source: info: extracting mmseqs2 in /<<PKGBUILDDIR>>
dpkg-source: info: unpacking mmseqs2_13-45111+ds.orig.tar.xz
dpkg-source: info: unpacking mmseqs2_13-45111+ds-2.debian.tar.xz
dpkg-source: info: using patch list from debian/patches/series
dpkg-source: info: applying fix_tests.patch
dpkg-source: info: applying fix_util_installation.patch
dpkg-source: info: applying use_system_gzstream.patch

Check disk space
----------------

Sufficient free space for build

User Environment
----------------

APT_CONFIG=/var/lib/sbuild/apt.conf
HOME=/sbuild-nonexistent
LANG=C.UTF-8
LC_ALL=C.UTF-8
LOGNAME=user42
PATH=/usr/local/sbin:/usr/local/bin:/usr/sbin:/usr/bin:/sbin:/bin:/usr/games
SCHROOT_ALIAS_NAME=unstable
SCHROOT_CHROOT_NAME=sid-amd64-sbuild
SCHROOT_COMMAND=env
SCHROOT_GID=1001
SCHROOT_GROUP=user42
SCHROOT_SESSION_ID=sid-amd64-sbuild-cc054e30-7e0c-45b6-8ac9-8f531bf9b83e
SCHROOT_UID=1001
SCHROOT_USER=user42
SHELL=/bin/sh
USER=user42

dpkg-buildpackage
-----------------

Command: dpkg-buildpackage -us -uc -b -rfakeroot
dpkg-buildpackage: info: source package mmseqs2
dpkg-buildpackage: info: source version 13-45111+ds-2
dpkg-buildpackage: info: source distribution unstable
dpkg-buildpackage: info: source changed by Andreas Tille <tille@debian.org>
 dpkg-source --before-build .
dpkg-buildpackage: info: host architecture amd64
 debian/rules clean
dh clean
   debian/rules override_dh_auto_clean
make[1]: Entering directory '/<<PKGBUILDDIR>>'
dh_auto_clean
rm -Rf build-*
make[1]: Leaving directory '/<<PKGBUILDDIR>>'
   dh_clean
 debian/rules binary
dh binary
   dh_update_autotools_config
   dh_autoreconf
   debian/rules override_dh_auto_configure-arch
make[1]: Entering directory '/<<PKGBUILDDIR>>'
export CXXFLAGS="-g -O2 -ffile-prefix-map=/<<PKGBUILDDIR>>=. -fstack-protector-strong -Wformat -Werror=format-security -DSIMDE_ENABLE_OPENMP -fopenmp-simd -O3 -mavx2" && export CFLAGS="-g -O2 -ffile-prefix-map=/<<PKGBUILDDIR>>=. -fstack-protector-strong -Wformat -Werror=format-security -DSIMDE_ENABLE_OPENMP -fopenmp-simd -O3 -mavx2" && dh_auto_configure --builddirectory build_avx2 -- -DEXE_SUFFIX=-avx2 -DUSE_SYSTEM_ZSTD=1 -DVERSION_OVERRIDE=13-45111+ds-2 -DNATIVE_ARCH=0 &&  export CXXFLAGS="-g -O2 -ffile-prefix-map=/<<PKGBUILDDIR>>=. -fstack-protector-strong -Wformat -Werror=format-security -DSIMDE_ENABLE_OPENMP -fopenmp-simd -O3 -mavx" && export CFLAGS="-g -O2 -ffile-prefix-map=/<<PKGBUILDDIR>>=. -fstack-protector-strong -Wformat -Werror=format-security -DSIMDE_ENABLE_OPENMP -fopenmp-simd -O3 -mavx" && dh_auto_configure --builddirectory build_avx -- -DEXE_SUFFIX=-avx -DUSE_SYSTEM_ZSTD=1 -DVERSION_OVERRIDE=13-45111+ds-2 -DNATIVE_ARCH=0 &&  export CXXFLAGS="-g -O2 -ffile-prefix-map=/<<PKGBUILDDIR>>=. -fstack-protector-strong -Wformat -Werror=format-security -DSIMDE_ENABLE_OPENMP -fopenmp-simd -O3 -msse4.1" && export CFLAGS="-g -O2 -ffile-prefix-map=/<<PKGBUILDDIR>>=. -fstack-protector-strong -Wformat -Werror=format-security -DSIMDE_ENABLE_OPENMP -fopenmp-simd -O3 -msse4.1" && dh_auto_configure --builddirectory build_sse4.1 -- -DEXE_SUFFIX=-sse4.1 -DUSE_SYSTEM_ZSTD=1 -DVERSION_OVERRIDE=13-45111+ds-2 -DNATIVE_ARCH=0 &&  export CXXFLAGS="-g -O2 -ffile-prefix-map=/<<PKGBUILDDIR>>=. -fstack-protector-strong -Wformat -Werror=format-security -DSIMDE_ENABLE_OPENMP -fopenmp-simd -O3 -mssse3" && export CFLAGS="-g -O2 -ffile-prefix-map=/<<PKGBUILDDIR>>=. -fstack-protector-strong -Wformat -Werror=format-security -DSIMDE_ENABLE_OPENMP -fopenmp-simd -O3 -mssse3" && dh_auto_configure --builddirectory build_ssse3 -- -DEXE_SUFFIX=-ssse3 -DUSE_SYSTEM_ZSTD=1 -DVERSION_OVERRIDE=13-45111+ds-2 -DNATIVE_ARCH=0 &&  export CXXFLAGS="-g -O2 -ffile-prefix-map=/<<PKGBUILDDIR>>=. -fstack-protector-strong -Wformat -Werror=format-security -DSIMDE_ENABLE_OPENMP -fopenmp-simd -O3 -msse3" && export CFLAGS="-g -O2 -ffile-prefix-map=/<<PKGBUILDDIR>>=. -fstack-protector-strong -Wformat -Werror=format-security -DSIMDE_ENABLE_OPENMP -fopenmp-simd -O3 -msse3" && dh_auto_configure --builddirectory build_sse3 -- -DEXE_SUFFIX=-sse3 -DUSE_SYSTEM_ZSTD=1 -DVERSION_OVERRIDE=13-45111+ds-2 -DNATIVE_ARCH=0 &&  true
	cd build_avx2 && cmake -DCMAKE_INSTALL_PREFIX=/usr -DCMAKE_BUILD_TYPE=None -DCMAKE_INSTALL_SYSCONFDIR=/etc -DCMAKE_INSTALL_LOCALSTATEDIR=/var -DCMAKE_EXPORT_NO_PACKAGE_REGISTRY=ON -DCMAKE_FIND_USE_PACKAGE_REGISTRY=OFF -DCMAKE_FIND_PACKAGE_NO_PACKAGE_REGISTRY=ON -DCMAKE_INSTALL_RUNSTATEDIR=/run -DCMAKE_SKIP_INSTALL_ALL_DEPENDENCY=ON "-GUnix Makefiles" -DCMAKE_VERBOSE_MAKEFILE=ON -DCMAKE_INSTALL_LIBDIR=lib/x86_64-linux-gnu -DEXE_SUFFIX=-avx2 -DUSE_SYSTEM_ZSTD=1 -DVERSION_OVERRIDE=13-45111\+ds-2 -DNATIVE_ARCH=0 ..
-- The CXX compiler identification is Clang 12.0.1
-- The C compiler identification is Clang 12.0.1
-- Detecting CXX compiler ABI info
-- Detecting CXX compiler ABI info - done
-- Check for working CXX compiler: /usr/bin/c++ - skipped
-- Detecting CXX compile features
-- Detecting CXX compile features - done
-- Detecting C compiler ABI info
-- Detecting C compiler ABI info - done
-- Check for working C compiler: /usr/bin/cc - skipped
-- Detecting C compile features
-- Detecting C compile features - done
-- Source Directory: /<<PKGBUILDDIR>>
-- Project Directory: /<<PKGBUILDDIR>>
-- Compiler is clang(++)
-- Found ZSTD: /usr/lib/x86_64-linux-gnu/libzstd.a  
-- xxd not found, using xxdi.pl instead
-- ShellCheck disabled
-- Performing Test HAVE_POSIX_FADVISE
-- Performing Test HAVE_POSIX_FADVISE - Success
-- Performing Test HAVE_POSIX_MADVISE
-- Performing Test HAVE_POSIX_MADVISE - Success
-- Performing Test ATOMIC_LIBRARY_NATIVE
-- Performing Test ATOMIC_LIBRARY_NATIVE - Failed
-- Performing Test ATOMIC_LIBRARY_LIB
-- Performing Test ATOMIC_LIBRARY_LIB - Success
-- Found Atomic: atomic  
-- IPS4O sorting works
-- Found ZLIB
-- Performing Test HAVE_ZLIB_CHECK
-- Performing Test HAVE_ZLIB_CHECK - Success
-- ZLIB works
-- Found BZLIB
-- Performing Test HAVE_BZLIB_CHECK
-- Performing Test HAVE_BZLIB_CHECK - Success
-- BZLIB works
-- Found OpenMP
-- Configuring done
-- Generating done
CMake Warning:
  Manually-specified variables were not used by the project:

    CMAKE_EXPORT_NO_PACKAGE_REGISTRY
    CMAKE_FIND_PACKAGE_NO_PACKAGE_REGISTRY
    CMAKE_INSTALL_LIBDIR
    CMAKE_INSTALL_LOCALSTATEDIR
    CMAKE_INSTALL_RUNSTATEDIR
    CMAKE_INSTALL_SYSCONFDIR


-- Build files have been written to: /<<PKGBUILDDIR>>/build_avx2
	cd build_avx && cmake -DCMAKE_INSTALL_PREFIX=/usr -DCMAKE_BUILD_TYPE=None -DCMAKE_INSTALL_SYSCONFDIR=/etc -DCMAKE_INSTALL_LOCALSTATEDIR=/var -DCMAKE_EXPORT_NO_PACKAGE_REGISTRY=ON -DCMAKE_FIND_USE_PACKAGE_REGISTRY=OFF -DCMAKE_FIND_PACKAGE_NO_PACKAGE_REGISTRY=ON -DCMAKE_INSTALL_RUNSTATEDIR=/run -DCMAKE_SKIP_INSTALL_ALL_DEPENDENCY=ON "-GUnix Makefiles" -DCMAKE_VERBOSE_MAKEFILE=ON -DCMAKE_INSTALL_LIBDIR=lib/x86_64-linux-gnu -DEXE_SUFFIX=-avx -DUSE_SYSTEM_ZSTD=1 -DVERSION_OVERRIDE=13-45111\+ds-2 -DNATIVE_ARCH=0 ..
-- The CXX compiler identification is Clang 12.0.1
-- The C compiler identification is Clang 12.0.1
-- Detecting CXX compiler ABI info
-- Detecting CXX compiler ABI info - done
-- Check for working CXX compiler: /usr/bin/c++ - skipped
-- Detecting CXX compile features
-- Detecting CXX compile features - done
-- Detecting C compiler ABI info
-- Detecting C compiler ABI info - done
-- Check for working C compiler: /usr/bin/cc - skipped
-- Detecting C compile features
-- Detecting C compile features - done
-- Source Directory: /<<PKGBUILDDIR>>
-- Project Directory: /<<PKGBUILDDIR>>
-- Compiler is clang(++)
-- Found ZSTD: /usr/lib/x86_64-linux-gnu/libzstd.a  
-- xxd not found, using xxdi.pl instead
-- ShellCheck disabled
-- Performing Test HAVE_POSIX_FADVISE
-- Performing Test HAVE_POSIX_FADVISE - Success
-- Performing Test HAVE_POSIX_MADVISE
-- Performing Test HAVE_POSIX_MADVISE - Success
-- Performing Test ATOMIC_LIBRARY_NATIVE
-- Performing Test ATOMIC_LIBRARY_NATIVE - Failed
-- Performing Test ATOMIC_LIBRARY_LIB
-- Performing Test ATOMIC_LIBRARY_LIB - Success
-- Found Atomic: atomic  
-- IPS4O sorting works
-- Found ZLIB
-- Performing Test HAVE_ZLIB_CHECK
-- Performing Test HAVE_ZLIB_CHECK - Success
-- ZLIB works
-- Found BZLIB
-- Performing Test HAVE_BZLIB_CHECK
-- Performing Test HAVE_BZLIB_CHECK - Success
-- BZLIB works
-- Found OpenMP
-- Configuring done
-- Generating done
CMake Warning:
  Manually-specified variables were not used by the project:

    CMAKE_EXPORT_NO_PACKAGE_REGISTRY
    CMAKE_FIND_PACKAGE_NO_PACKAGE_REGISTRY
    CMAKE_INSTALL_LIBDIR
    CMAKE_INSTALL_LOCALSTATEDIR
    CMAKE_INSTALL_RUNSTATEDIR
    CMAKE_INSTALL_SYSCONFDIR


-- Build files have been written to: /<<PKGBUILDDIR>>/build_avx
	cd build_sse4.1 && cmake -DCMAKE_INSTALL_PREFIX=/usr -DCMAKE_BUILD_TYPE=None -DCMAKE_INSTALL_SYSCONFDIR=/etc -DCMAKE_INSTALL_LOCALSTATEDIR=/var -DCMAKE_EXPORT_NO_PACKAGE_REGISTRY=ON -DCMAKE_FIND_USE_PACKAGE_REGISTRY=OFF -DCMAKE_FIND_PACKAGE_NO_PACKAGE_REGISTRY=ON -DCMAKE_INSTALL_RUNSTATEDIR=/run -DCMAKE_SKIP_INSTALL_ALL_DEPENDENCY=ON "-GUnix Makefiles" -DCMAKE_VERBOSE_MAKEFILE=ON -DCMAKE_INSTALL_LIBDIR=lib/x86_64-linux-gnu -DEXE_SUFFIX=-sse4.1 -DUSE_SYSTEM_ZSTD=1 -DVERSION_OVERRIDE=13-45111\+ds-2 -DNATIVE_ARCH=0 ..
-- The CXX compiler identification is Clang 12.0.1
-- The C compiler identification is Clang 12.0.1
-- Detecting CXX compiler ABI info
-- Detecting CXX compiler ABI info - done
-- Check for working CXX compiler: /usr/bin/c++ - skipped
-- Detecting CXX compile features
-- Detecting CXX compile features - done
-- Detecting C compiler ABI info
-- Detecting C compiler ABI info - done
-- Check for working C compiler: /usr/bin/cc - skipped
-- Detecting C compile features
-- Detecting C compile features - done
-- Source Directory: /<<PKGBUILDDIR>>
-- Project Directory: /<<PKGBUILDDIR>>
-- Compiler is clang(++)
-- Found ZSTD: /usr/lib/x86_64-linux-gnu/libzstd.a  
-- xxd not found, using xxdi.pl instead
-- ShellCheck disabled
-- Performing Test HAVE_POSIX_FADVISE
-- Performing Test HAVE_POSIX_FADVISE - Success
-- Performing Test HAVE_POSIX_MADVISE
-- Performing Test HAVE_POSIX_MADVISE - Success
-- Performing Test ATOMIC_LIBRARY_NATIVE
-- Performing Test ATOMIC_LIBRARY_NATIVE - Failed
-- Performing Test ATOMIC_LIBRARY_LIB
-- Performing Test ATOMIC_LIBRARY_LIB - Success
-- Found Atomic: atomic  
-- IPS4O sorting works
-- Found ZLIB
-- Performing Test HAVE_ZLIB_CHECK
-- Performing Test HAVE_ZLIB_CHECK - Success
-- ZLIB works
-- Found BZLIB
-- Performing Test HAVE_BZLIB_CHECK
-- Performing Test HAVE_BZLIB_CHECK - Success
-- BZLIB works
-- Found OpenMP
-- Configuring done
-- Generating done
CMake Warning:
  Manually-specified variables were not used by the project:

    CMAKE_EXPORT_NO_PACKAGE_REGISTRY
    CMAKE_FIND_PACKAGE_NO_PACKAGE_REGISTRY
    CMAKE_INSTALL_LIBDIR
    CMAKE_INSTALL_LOCALSTATEDIR
    CMAKE_INSTALL_RUNSTATEDIR
    CMAKE_INSTALL_SYSCONFDIR


-- Build files have been written to: /<<PKGBUILDDIR>>/build_sse4.1
	cd build_ssse3 && cmake -DCMAKE_INSTALL_PREFIX=/usr -DCMAKE_BUILD_TYPE=None -DCMAKE_INSTALL_SYSCONFDIR=/etc -DCMAKE_INSTALL_LOCALSTATEDIR=/var -DCMAKE_EXPORT_NO_PACKAGE_REGISTRY=ON -DCMAKE_FIND_USE_PACKAGE_REGISTRY=OFF -DCMAKE_FIND_PACKAGE_NO_PACKAGE_REGISTRY=ON -DCMAKE_INSTALL_RUNSTATEDIR=/run -DCMAKE_SKIP_INSTALL_ALL_DEPENDENCY=ON "-GUnix Makefiles" -DCMAKE_VERBOSE_MAKEFILE=ON -DCMAKE_INSTALL_LIBDIR=lib/x86_64-linux-gnu -DEXE_SUFFIX=-ssse3 -DUSE_SYSTEM_ZSTD=1 -DVERSION_OVERRIDE=13-45111\+ds-2 -DNATIVE_ARCH=0 ..
-- The CXX compiler identification is Clang 12.0.1
-- The C compiler identification is Clang 12.0.1
-- Detecting CXX compiler ABI info
-- Detecting CXX compiler ABI info - done
-- Check for working CXX compiler: /usr/bin/c++ - skipped
-- Detecting CXX compile features
-- Detecting CXX compile features - done
-- Detecting C compiler ABI info
-- Detecting C compiler ABI info - done
-- Check for working C compiler: /usr/bin/cc - skipped
-- Detecting C compile features
-- Detecting C compile features - done
-- Source Directory: /<<PKGBUILDDIR>>
-- Project Directory: /<<PKGBUILDDIR>>
-- Compiler is clang(++)
-- Found ZSTD: /usr/lib/x86_64-linux-gnu/libzstd.a  
-- xxd not found, using xxdi.pl instead
-- ShellCheck disabled
-- Performing Test HAVE_POSIX_FADVISE
-- Performing Test HAVE_POSIX_FADVISE - Success
-- Performing Test HAVE_POSIX_MADVISE
-- Performing Test HAVE_POSIX_MADVISE - Success
-- Performing Test ATOMIC_LIBRARY_NATIVE
-- Performing Test ATOMIC_LIBRARY_NATIVE - Failed
-- Performing Test ATOMIC_LIBRARY_LIB
-- Performing Test ATOMIC_LIBRARY_LIB - Success
-- Found Atomic: atomic  
-- IPS4O sorting works
-- Found ZLIB
-- Performing Test HAVE_ZLIB_CHECK
-- Performing Test HAVE_ZLIB_CHECK - Success
-- ZLIB works
-- Found BZLIB
-- Performing Test HAVE_BZLIB_CHECK
-- Performing Test HAVE_BZLIB_CHECK - Success
-- BZLIB works
-- Found OpenMP
-- Configuring done
-- Generating done
CMake Warning:
  Manually-specified variables were not used by the project:

    CMAKE_EXPORT_NO_PACKAGE_REGISTRY
    CMAKE_FIND_PACKAGE_NO_PACKAGE_REGISTRY
    CMAKE_INSTALL_LIBDIR
    CMAKE_INSTALL_LOCALSTATEDIR
    CMAKE_INSTALL_RUNSTATEDIR
    CMAKE_INSTALL_SYSCONFDIR


-- Build files have been written to: /<<PKGBUILDDIR>>/build_ssse3
	cd build_sse3 && cmake -DCMAKE_INSTALL_PREFIX=/usr -DCMAKE_BUILD_TYPE=None -DCMAKE_INSTALL_SYSCONFDIR=/etc -DCMAKE_INSTALL_LOCALSTATEDIR=/var -DCMAKE_EXPORT_NO_PACKAGE_REGISTRY=ON -DCMAKE_FIND_USE_PACKAGE_REGISTRY=OFF -DCMAKE_FIND_PACKAGE_NO_PACKAGE_REGISTRY=ON -DCMAKE_INSTALL_RUNSTATEDIR=/run -DCMAKE_SKIP_INSTALL_ALL_DEPENDENCY=ON "-GUnix Makefiles" -DCMAKE_VERBOSE_MAKEFILE=ON -DCMAKE_INSTALL_LIBDIR=lib/x86_64-linux-gnu -DEXE_SUFFIX=-sse3 -DUSE_SYSTEM_ZSTD=1 -DVERSION_OVERRIDE=13-45111\+ds-2 -DNATIVE_ARCH=0 ..
-- The CXX compiler identification is Clang 12.0.1
-- The C compiler identification is Clang 12.0.1
-- Detecting CXX compiler ABI info
-- Detecting CXX compiler ABI info - done
-- Check for working CXX compiler: /usr/bin/c++ - skipped
-- Detecting CXX compile features
-- Detecting CXX compile features - done
-- Detecting C compiler ABI info
-- Detecting C compiler ABI info - done
-- Check for working C compiler: /usr/bin/cc - skipped
-- Detecting C compile features
-- Detecting C compile features - done
-- Source Directory: /<<PKGBUILDDIR>>
-- Project Directory: /<<PKGBUILDDIR>>
-- Compiler is clang(++)
-- Found ZSTD: /usr/lib/x86_64-linux-gnu/libzstd.a  
-- xxd not found, using xxdi.pl instead
-- ShellCheck disabled
-- Performing Test HAVE_POSIX_FADVISE
-- Performing Test HAVE_POSIX_FADVISE - Success
-- Performing Test HAVE_POSIX_MADVISE
-- Performing Test HAVE_POSIX_MADVISE - Success
-- Performing Test ATOMIC_LIBRARY_NATIVE
-- Performing Test ATOMIC_LIBRARY_NATIVE - Failed
-- Performing Test ATOMIC_LIBRARY_LIB
-- Performing Test ATOMIC_LIBRARY_LIB - Success
-- Found Atomic: atomic  
-- IPS4O sorting works
-- Found ZLIB
-- Performing Test HAVE_ZLIB_CHECK
-- Performing Test HAVE_ZLIB_CHECK - Success
-- ZLIB works
-- Found BZLIB
-- Performing Test HAVE_BZLIB_CHECK
-- Performing Test HAVE_BZLIB_CHECK - Success
-- BZLIB works
-- Found OpenMP
-- Configuring done
-- Generating done
CMake Warning:
  Manually-specified variables were not used by the project:

    CMAKE_EXPORT_NO_PACKAGE_REGISTRY
    CMAKE_FIND_PACKAGE_NO_PACKAGE_REGISTRY
    CMAKE_INSTALL_LIBDIR
    CMAKE_INSTALL_LOCALSTATEDIR
    CMAKE_INSTALL_RUNSTATEDIR
    CMAKE_INSTALL_SYSCONFDIR


-- Build files have been written to: /<<PKGBUILDDIR>>/build_sse3
export CXXFLAGS="-g -O2 -ffile-prefix-map=/<<PKGBUILDDIR>>=. -fstack-protector-strong -Wformat -Werror=format-security -DSIMDE_ENABLE_OPENMP -fopenmp-simd -O3" && export CFLAGS="-g -O2 -ffile-prefix-map=/<<PKGBUILDDIR>>=. -fstack-protector-strong -Wformat -Werror=format-security -DSIMDE_ENABLE_OPENMP -fopenmp-simd -O3" && \
	dh_auto_configure --builddirectory build_plain -- -DEXE_SUFFIX=-plain -DUSE_SYSTEM_ZSTD=1 -DVERSION_OVERRIDE=13-45111+ds-2 -DNATIVE_ARCH=0
	cd build_plain && cmake -DCMAKE_INSTALL_PREFIX=/usr -DCMAKE_BUILD_TYPE=None -DCMAKE_INSTALL_SYSCONFDIR=/etc -DCMAKE_INSTALL_LOCALSTATEDIR=/var -DCMAKE_EXPORT_NO_PACKAGE_REGISTRY=ON -DCMAKE_FIND_USE_PACKAGE_REGISTRY=OFF -DCMAKE_FIND_PACKAGE_NO_PACKAGE_REGISTRY=ON -DCMAKE_INSTALL_RUNSTATEDIR=/run -DCMAKE_SKIP_INSTALL_ALL_DEPENDENCY=ON "-GUnix Makefiles" -DCMAKE_VERBOSE_MAKEFILE=ON -DCMAKE_INSTALL_LIBDIR=lib/x86_64-linux-gnu -DEXE_SUFFIX=-plain -DUSE_SYSTEM_ZSTD=1 -DVERSION_OVERRIDE=13-45111\+ds-2 -DNATIVE_ARCH=0 ..
-- The CXX compiler identification is Clang 12.0.1
-- The C compiler identification is Clang 12.0.1
-- Detecting CXX compiler ABI info
-- Detecting CXX compiler ABI info - done
-- Check for working CXX compiler: /usr/bin/c++ - skipped
-- Detecting CXX compile features
-- Detecting CXX compile features - done
-- Detecting C compiler ABI info
-- Detecting C compiler ABI info - done
-- Check for working C compiler: /usr/bin/cc - skipped
-- Detecting C compile features
-- Detecting C compile features - done
-- Source Directory: /<<PKGBUILDDIR>>
-- Project Directory: /<<PKGBUILDDIR>>
-- Compiler is clang(++)
-- Found ZSTD: /usr/lib/x86_64-linux-gnu/libzstd.a  
-- xxd not found, using xxdi.pl instead
-- ShellCheck disabled
-- Performing Test HAVE_POSIX_FADVISE
-- Performing Test HAVE_POSIX_FADVISE - Success
-- Performing Test HAVE_POSIX_MADVISE
-- Performing Test HAVE_POSIX_MADVISE - Success
-- Performing Test ATOMIC_LIBRARY_NATIVE
-- Performing Test ATOMIC_LIBRARY_NATIVE - Failed
-- Performing Test ATOMIC_LIBRARY_LIB
-- Performing Test ATOMIC_LIBRARY_LIB - Success
-- Found Atomic: atomic  
-- IPS4O sorting works
-- Found ZLIB
-- Performing Test HAVE_ZLIB_CHECK
-- Performing Test HAVE_ZLIB_CHECK - Success
-- ZLIB works
-- Found BZLIB
-- Performing Test HAVE_BZLIB_CHECK
-- Performing Test HAVE_BZLIB_CHECK - Success
-- BZLIB works
-- Found OpenMP
-- Configuring done
-- Generating done
CMake Warning:
  Manually-specified variables were not used by the project:

    CMAKE_EXPORT_NO_PACKAGE_REGISTRY
    CMAKE_FIND_PACKAGE_NO_PACKAGE_REGISTRY
    CMAKE_INSTALL_LIBDIR
    CMAKE_INSTALL_LOCALSTATEDIR
    CMAKE_INSTALL_RUNSTATEDIR
    CMAKE_INSTALL_SYSCONFDIR


-- Build files have been written to: /<<PKGBUILDDIR>>/build_plain
make[1]: Leaving directory '/<<PKGBUILDDIR>>'
   debian/rules override_dh_auto_build-arch
make[1]: Entering directory '/<<PKGBUILDDIR>>'
mkdir -p /<<PKGBUILDDIR>>/debian/mmseqs2/usr/bin
dh_auto_build --builddirectory build_avx2 &&  dh_auto_build --builddirectory build_avx &&  dh_auto_build --builddirectory build_sse4.1 &&  dh_auto_build --builddirectory build_ssse3 &&  dh_auto_build --builddirectory build_sse3 &&  true
	cd build_avx2 && make -j4 "INSTALL=install --strip-program=true" VERBOSE=1
make[2]: Entering directory '/<<PKGBUILDDIR>>/build_avx2'
/usr/bin/cmake -S/<<PKGBUILDDIR>> -B/<<PKGBUILDDIR>>/build_avx2 --check-build-system CMakeFiles/Makefile.cmake 0
/usr/bin/cmake -E cmake_progress_start /<<PKGBUILDDIR>>/build_avx2/CMakeFiles /<<PKGBUILDDIR>>/build_avx2//CMakeFiles/progress.marks
make  -f CMakeFiles/Makefile2 all
make[3]: Entering directory '/<<PKGBUILDDIR>>/build_avx2'
make  -f lib/microtar/CMakeFiles/microtar.dir/build.make lib/microtar/CMakeFiles/microtar.dir/depend
make  -f lib/cacode/CMakeFiles/cacode.dir/build.make lib/cacode/CMakeFiles/cacode.dir/depend
make  -f lib/alp/CMakeFiles/alp.dir/build.make lib/alp/CMakeFiles/alp.dir/depend
make  -f lib/ksw2/CMakeFiles/ksw2.dir/build.make lib/ksw2/CMakeFiles/ksw2.dir/depend
make[4]: Entering directory '/<<PKGBUILDDIR>>/build_avx2'
cd /<<PKGBUILDDIR>>/build_avx2 && /usr/bin/cmake -E cmake_depends "Unix Makefiles" /<<PKGBUILDDIR>> /<<PKGBUILDDIR>>/lib/microtar /<<PKGBUILDDIR>>/build_avx2 /<<PKGBUILDDIR>>/build_avx2/lib/microtar /<<PKGBUILDDIR>>/build_avx2/lib/microtar/CMakeFiles/microtar.dir/DependInfo.cmake --color=
make[4]: Entering directory '/<<PKGBUILDDIR>>/build_avx2'
cd /<<PKGBUILDDIR>>/build_avx2 && /usr/bin/cmake -E cmake_depends "Unix Makefiles" /<<PKGBUILDDIR>> /<<PKGBUILDDIR>>/lib/cacode /<<PKGBUILDDIR>>/build_avx2 /<<PKGBUILDDIR>>/build_avx2/lib/cacode /<<PKGBUILDDIR>>/build_avx2/lib/cacode/CMakeFiles/cacode.dir/DependInfo.cmake --color=
make[4]: Entering directory '/<<PKGBUILDDIR>>/build_avx2'
cd /<<PKGBUILDDIR>>/build_avx2 && /usr/bin/cmake -E cmake_depends "Unix Makefiles" /<<PKGBUILDDIR>> /<<PKGBUILDDIR>>/lib/ksw2 /<<PKGBUILDDIR>>/build_avx2 /<<PKGBUILDDIR>>/build_avx2/lib/ksw2 /<<PKGBUILDDIR>>/build_avx2/lib/ksw2/CMakeFiles/ksw2.dir/DependInfo.cmake --color=
make[4]: Entering directory '/<<PKGBUILDDIR>>/build_avx2'
cd /<<PKGBUILDDIR>>/build_avx2 && /usr/bin/cmake -E cmake_depends "Unix Makefiles" /<<PKGBUILDDIR>> /<<PKGBUILDDIR>>/lib/alp /<<PKGBUILDDIR>>/build_avx2 /<<PKGBUILDDIR>>/build_avx2/lib/alp /<<PKGBUILDDIR>>/build_avx2/lib/alp/CMakeFiles/alp.dir/DependInfo.cmake --color=
make[4]: Leaving directory '/<<PKGBUILDDIR>>/build_avx2'
make[4]: Leaving directory '/<<PKGBUILDDIR>>/build_avx2'
make  -f lib/cacode/CMakeFiles/cacode.dir/build.make lib/cacode/CMakeFiles/cacode.dir/build
make[4]: Leaving directory '/<<PKGBUILDDIR>>/build_avx2'
make[4]: Leaving directory '/<<PKGBUILDDIR>>/build_avx2'
make  -f lib/microtar/CMakeFiles/microtar.dir/build.make lib/microtar/CMakeFiles/microtar.dir/build
make  -f lib/alp/CMakeFiles/alp.dir/build.make lib/alp/CMakeFiles/alp.dir/build
make  -f lib/ksw2/CMakeFiles/ksw2.dir/build.make lib/ksw2/CMakeFiles/ksw2.dir/build
make[4]: Entering directory '/<<PKGBUILDDIR>>/build_avx2'
make[4]: Entering directory '/<<PKGBUILDDIR>>/build_avx2'
make[4]: Entering directory '/<<PKGBUILDDIR>>/build_avx2'
make[4]: Entering directory '/<<PKGBUILDDIR>>/build_avx2'
[  1%] Building C object lib/microtar/CMakeFiles/microtar.dir/microtar.c.o
cd /<<PKGBUILDDIR>>/build_avx2/lib/microtar && /usr/bin/cc  -I/<<PKGBUILDDIR>>/lib/tinyexpr -I/<<PKGBUILDDIR>>/lib/microtar -g -O2 -ffile-prefix-map=/<<PKGBUILDDIR>>=. -fstack-protector-strong -Wformat -Werror=format-security -DSIMDE_ENABLE_OPENMP -fopenmp-simd -O3 -mavx2 -Wdate-time -D_FORTIFY_SOURCE=2 -fsigned-char -MD -MT lib/microtar/CMakeFiles/microtar.dir/microtar.c.o -MF CMakeFiles/microtar.dir/microtar.c.o.d -o CMakeFiles/microtar.dir/microtar.c.o -c /<<PKGBUILDDIR>>/lib/microtar/microtar.c
[  2%] Building CXX object lib/alp/CMakeFiles/alp.dir/njn_dynprogprob.cpp.o
[  2%] Building CXX object lib/cacode/CMakeFiles/cacode.dir/lambda_calculator.cpp.o
cd /<<PKGBUILDDIR>>/build_avx2/lib/cacode && /usr/bin/c++  -I/<<PKGBUILDDIR>>/lib/tinyexpr -I/<<PKGBUILDDIR>>/lib/microtar -I/<<PKGBUILDDIR>>/lib/simde -I/<<PKGBUILDDIR>>/lib -I/<<PKGBUILDDIR>>/lib/simd -I/<<PKGBUILDDIR>>/lib/alp -I/<<PKGBUILDDIR>>/lib/cacode -I/<<PKGBUILDDIR>>/lib/ksw2 -I/<<PKGBUILDDIR>>/lib/xxhash -I/<<PKGBUILDDIR>>/lib/ips4o -g -O2 -ffile-prefix-map=/<<PKGBUILDDIR>>=. -fstack-protector-strong -Wformat -Werror=format-security -DSIMDE_ENABLE_OPENMP -fopenmp-simd -O3 -mavx2 -Wdate-time -D_FORTIFY_SOURCE=2 -fsigned-char -std=c++1y -stdlib=libc++ -MD -MT lib/cacode/CMakeFiles/cacode.dir/lambda_calculator.cpp.o -MF CMakeFiles/cacode.dir/lambda_calculator.cpp.o.d -o CMakeFiles/cacode.dir/lambda_calculator.cpp.o -c /<<PKGBUILDDIR>>/lib/cacode/lambda_calculator.cpp
cd /<<PKGBUILDDIR>>/build_avx2/lib/alp && /usr/bin/c++  -I/<<PKGBUILDDIR>>/lib/tinyexpr -I/<<PKGBUILDDIR>>/lib/microtar -I/<<PKGBUILDDIR>>/lib/simde -I/<<PKGBUILDDIR>>/lib -I/<<PKGBUILDDIR>>/lib/simd -I/<<PKGBUILDDIR>>/lib/alp -I/<<PKGBUILDDIR>>/lib/cacode -I/<<PKGBUILDDIR>>/lib/ksw2 -I/<<PKGBUILDDIR>>/lib/xxhash -I/<<PKGBUILDDIR>>/lib/ips4o -g -O2 -ffile-prefix-map=/<<PKGBUILDDIR>>=. -fstack-protector-strong -Wformat -Werror=format-security -DSIMDE_ENABLE_OPENMP -fopenmp-simd -O3 -mavx2 -Wdate-time -D_FORTIFY_SOURCE=2 -fsigned-char -std=c++1y -stdlib=libc++ -w -MD -MT lib/alp/CMakeFiles/alp.dir/njn_dynprogprob.cpp.o -MF CMakeFiles/alp.dir/njn_dynprogprob.cpp.o.d -o CMakeFiles/alp.dir/njn_dynprogprob.cpp.o -c /<<PKGBUILDDIR>>/lib/alp/njn_dynprogprob.cpp
[  2%] Building CXX object lib/ksw2/CMakeFiles/ksw2.dir/ksw2_extz2_sse.cpp.o
cd /<<PKGBUILDDIR>>/build_avx2/lib/ksw2 && /usr/bin/c++  -I/<<PKGBUILDDIR>>/lib/tinyexpr -I/<<PKGBUILDDIR>>/lib/microtar -I/<<PKGBUILDDIR>>/lib/simde -I/<<PKGBUILDDIR>>/lib -I/<<PKGBUILDDIR>>/lib/simd -I/<<PKGBUILDDIR>>/lib/alp -I/<<PKGBUILDDIR>>/lib/cacode -I/<<PKGBUILDDIR>>/lib/ksw2 -I/<<PKGBUILDDIR>>/lib/xxhash -I/<<PKGBUILDDIR>>/lib/ips4o -g -O2 -ffile-prefix-map=/<<PKGBUILDDIR>>=. -fstack-protector-strong -Wformat -Werror=format-security -DSIMDE_ENABLE_OPENMP -fopenmp-simd -O3 -mavx2 -Wdate-time -D_FORTIFY_SOURCE=2 -fsigned-char -std=c++1y -stdlib=libc++ -MD -MT lib/ksw2/CMakeFiles/ksw2.dir/ksw2_extz2_sse.cpp.o -MF CMakeFiles/ksw2.dir/ksw2_extz2_sse.cpp.o.d -o CMakeFiles/ksw2.dir/ksw2_extz2_sse.cpp.o -c /<<PKGBUILDDIR>>/lib/ksw2/ksw2_extz2_sse.cpp
In file included from /<<PKGBUILDDIR>>/lib/alp/njn_dynprogprob.cpp:38:
In file included from /<<PKGBUILDDIR>>/lib/alp/njn_dynprogprob.hpp:39:
/<<PKGBUILDDIR>>/lib/alp/njn_dynprogprobproto.hpp:39:10: fatal error: 'vector' file not found
#include <vector>
         ^~~~~~~~
1 error generated.
make[4]: *** [lib/alp/CMakeFiles/alp.dir/build.make:79: lib/alp/CMakeFiles/alp.dir/njn_dynprogprob.cpp.o] Error 1
make[4]: Leaving directory '/<<PKGBUILDDIR>>/build_avx2'
make[3]: *** [CMakeFiles/Makefile2:519: lib/alp/CMakeFiles/alp.dir/all] Error 2
make[3]: *** Waiting for unfinished jobs....
[  2%] Building CXX object lib/cacode/CMakeFiles/cacode.dir/lubksb.cpp.o
cd /<<PKGBUILDDIR>>/build_avx2/lib/cacode && /usr/bin/c++  -I/<<PKGBUILDDIR>>/lib/tinyexpr -I/<<PKGBUILDDIR>>/lib/microtar -I/<<PKGBUILDDIR>>/lib/simde -I/<<PKGBUILDDIR>>/lib -I/<<PKGBUILDDIR>>/lib/simd -I/<<PKGBUILDDIR>>/lib/alp -I/<<PKGBUILDDIR>>/lib/cacode -I/<<PKGBUILDDIR>>/lib/ksw2 -I/<<PKGBUILDDIR>>/lib/xxhash -I/<<PKGBUILDDIR>>/lib/ips4o -g -O2 -ffile-prefix-map=/<<PKGBUILDDIR>>=. -fstack-protector-strong -Wformat -Werror=format-security -DSIMDE_ENABLE_OPENMP -fopenmp-simd -O3 -mavx2 -Wdate-time -D_FORTIFY_SOURCE=2 -fsigned-char -std=c++1y -stdlib=libc++ -MD -MT lib/cacode/CMakeFiles/cacode.dir/lubksb.cpp.o -MF CMakeFiles/cacode.dir/lubksb.cpp.o.d -o CMakeFiles/cacode.dir/lubksb.cpp.o -c /<<PKGBUILDDIR>>/lib/cacode/lubksb.cpp
[  2%] Linking C static library libmicrotar.a
cd /<<PKGBUILDDIR>>/build_avx2/lib/microtar && /usr/bin/cmake -P CMakeFiles/microtar.dir/cmake_clean_target.cmake
cd /<<PKGBUILDDIR>>/build_avx2/lib/microtar && /usr/bin/cmake -E cmake_link_script CMakeFiles/microtar.dir/link.txt --verbose=1
[  2%] Building CXX object lib/cacode/CMakeFiles/cacode.dir/ludcmp.cpp.o
cd /<<PKGBUILDDIR>>/build_avx2/lib/cacode && /usr/bin/c++  -I/<<PKGBUILDDIR>>/lib/tinyexpr -I/<<PKGBUILDDIR>>/lib/microtar -I/<<PKGBUILDDIR>>/lib/simde -I/<<PKGBUILDDIR>>/lib -I/<<PKGBUILDDIR>>/lib/simd -I/<<PKGBUILDDIR>>/lib/alp -I/<<PKGBUILDDIR>>/lib/cacode -I/<<PKGBUILDDIR>>/lib/ksw2 -I/<<PKGBUILDDIR>>/lib/xxhash -I/<<PKGBUILDDIR>>/lib/ips4o -g -O2 -ffile-prefix-map=/<<PKGBUILDDIR>>=. -fstack-protector-strong -Wformat -Werror=format-security -DSIMDE_ENABLE_OPENMP -fopenmp-simd -O3 -mavx2 -Wdate-time -D_FORTIFY_SOURCE=2 -fsigned-char -std=c++1y -stdlib=libc++ -MD -MT lib/cacode/CMakeFiles/cacode.dir/ludcmp.cpp.o -MF CMakeFiles/cacode.dir/ludcmp.cpp.o.d -o CMakeFiles/cacode.dir/ludcmp.cpp.o -c /<<PKGBUILDDIR>>/lib/cacode/ludcmp.cpp
/usr/bin/ar qc libmicrotar.a CMakeFiles/microtar.dir/microtar.c.o
/usr/bin/ranlib libmicrotar.a
make[4]: Leaving directory '/<<PKGBUILDDIR>>/build_avx2'
[  2%] Built target microtar
[  3%] Building CXX object lib/cacode/CMakeFiles/cacode.dir/nrutil.cpp.o
cd /<<PKGBUILDDIR>>/build_avx2/lib/cacode && /usr/bin/c++  -I/<<PKGBUILDDIR>>/lib/tinyexpr -I/<<PKGBUILDDIR>>/lib/microtar -I/<<PKGBUILDDIR>>/lib/simde -I/<<PKGBUILDDIR>>/lib -I/<<PKGBUILDDIR>>/lib/simd -I/<<PKGBUILDDIR>>/lib/alp -I/<<PKGBUILDDIR>>/lib/cacode -I/<<PKGBUILDDIR>>/lib/ksw2 -I/<<PKGBUILDDIR>>/lib/xxhash -I/<<PKGBUILDDIR>>/lib/ips4o -g -O2 -ffile-prefix-map=/<<PKGBUILDDIR>>=. -fstack-protector-strong -Wformat -Werror=format-security -DSIMDE_ENABLE_OPENMP -fopenmp-simd -O3 -mavx2 -Wdate-time -D_FORTIFY_SOURCE=2 -fsigned-char -std=c++1y -stdlib=libc++ -MD -MT lib/cacode/CMakeFiles/cacode.dir/nrutil.cpp.o -MF CMakeFiles/cacode.dir/nrutil.cpp.o.d -o CMakeFiles/cacode.dir/nrutil.cpp.o -c /<<PKGBUILDDIR>>/lib/cacode/nrutil.cpp
make[4]: Leaving directory '/<<PKGBUILDDIR>>/build_avx2'
[  3%] Built target cacode
make[4]: Leaving directory '/<<PKGBUILDDIR>>/build_avx2'
[  3%] Built target ksw2
make[3]: Leaving directory '/<<PKGBUILDDIR>>/build_avx2'
make[2]: *** [Makefile:139: all] Error 2
make[2]: Leaving directory '/<<PKGBUILDDIR>>/build_avx2'
dh_auto_build: error: cd build_avx2 && make -j4 "INSTALL=install --strip-program=true" VERBOSE=1 returned exit code 2
make[1]: *** [debian/rules:39: override_dh_auto_build-arch] Error 25
make[1]: Leaving directory '/<<PKGBUILDDIR>>'
make: *** [debian/rules:20: binary] Error 2
dpkg-buildpackage: error: debian/rules binary subprocess returned exit status 2
--------------------------------------------------------------------------------
Build finished at 2021-10-26T20:21:20Z

Finished
--------


+------------------------------------------------------------------------------+
| Cleanup                                                                      |
+------------------------------------------------------------------------------+

Purging /<<BUILDDIR>>
Not cleaning session: cloned chroot in use
E: Build failure (dpkg-buildpackage died)

+------------------------------------------------------------------------------+
| Summary                                                                      |
+------------------------------------------------------------------------------+

Build Architecture: amd64
Build Type: binary
Build-Space: 38428
Build-Time: 16
Distribution: unstable
Fail-Stage: build
Host Architecture: amd64
Install-Time: 7
Job: mmseqs2_13-45111+ds-2
Machine Architecture: amd64
Package: mmseqs2
Package-Time: 44
Source-Version: 13-45111+ds-2
Space: 38428
Status: attempted
Version: 13-45111+ds-2
--------------------------------------------------------------------------------
Finished at 2021-10-26T20:21:20Z
Build needed 00:00:44, 38428k disk space
E: Build failure (dpkg-buildpackage died)
DC-Status: Failed 45.560130809s
DC-Time-Estimation: 45.560130809 versus expected 1447 (r/m: 30.76022487876962 ; m: 45.560130809)
