DC-Build-Header: net-cpp 2.2.1+dfsg1-6 / 2021-10-26 22:39:54 +0000
DC-Task: type:rebuild-binarch-only source:net-cpp version:2.2.1+dfsg1-6 chroot:unstable esttime:108 logfile:/tmp/net-cpp_2.2.1+dfsg1-6_unstable_clang12.log modes:clang12:binarch-only
DC-Sbuild-call: su user42 -c 'sbuild -n --arch-any --apt-update -d unstable -v --no-run-lintian --chroot-setup-commands=/tmp/clang12 net-cpp_2.2.1+dfsg1-6'
sbuild (Debian sbuild) 0.78.1 (09 February 2019) on ip-172-31-13-1.eu-central-1.compute.internal

+==============================================================================+
| net-cpp 2.2.1+dfsg1-6 (amd64)                Tue, 26 Oct 2021 22:39:54 +0000 |
+==============================================================================+

Package: net-cpp
Version: 2.2.1+dfsg1-6
Source Version: 2.2.1+dfsg1-6
Distribution: unstable
Machine Architecture: amd64
Host Architecture: amd64
Build Architecture: amd64
Build Type: binary

I: NOTICE: Log filtering will replace 'var/run/schroot/mount/sid-amd64-sbuild-cd2da591-6c6b-4b65-bf9b-e6da7eecb766' with '<<CHROOT>>'

+------------------------------------------------------------------------------+
| Chroot Setup Commands                                                        |
+------------------------------------------------------------------------------+


/tmp/clang12
------------

+ echo 'Entering customization script...'
Entering customization script...
+ CLANG_VERSION=12
+ echo 'Install of clang-12'
Install of clang-12
+ apt-get update
Get:1 http://127.0.0.1:12990/debian sid InRelease [165 kB]
Get:2 http://127.0.0.1:12990/debian sid/main Sources.diff/Index [63.6 kB]
Get:3 http://127.0.0.1:12990/debian sid/main amd64 Packages.diff/Index [63.6 kB]
Get:4 http://127.0.0.1:12990/debian sid/main Sources T-2021-10-26-2004.40-F-2021-10-26-0202.15.pdiff [47.3 kB]
Get:4 http://127.0.0.1:12990/debian sid/main Sources T-2021-10-26-2004.40-F-2021-10-26-0202.15.pdiff [47.3 kB]
Get:5 http://127.0.0.1:12990/debian sid/main amd64 Packages T-2021-10-26-2004.40-F-2021-10-26-0202.15.pdiff [55.9 kB]
Get:5 http://127.0.0.1:12990/debian sid/main amd64 Packages T-2021-10-26-2004.40-F-2021-10-26-0202.15.pdiff [55.9 kB]
Get:6 http://127.0.0.1:12990/debian sid/main Translation-en [6586 kB]
Fetched 6981 kB in 2s (2792 kB/s)
Reading package lists...
+ apt-get install --yes --no-install-recommends --force-yes clang-12 libomp-12-dev libobjc-9-dev
Reading package lists...
Building dependency tree...
The following additional packages will be installed:
  lib32gcc-s1 lib32stdc++6 libasan5 libbsd0 libc6-i386 libclang-common-12-dev
  libclang-cpp12 libclang1-12 libedit2 libelf1 libgc1 libgcc-9-dev libicu67
  libllvm12 libmd0 libobjc-11-dev libobjc4 libomp5-12 libunwind-12 libxml2
  libz3-4 llvm-12-linker-tools
Suggested packages:
  clang-12-doc libomp-12-doc
Recommended packages:
  llvm-12-dev python3
The following NEW packages will be installed:
  clang-12 lib32gcc-s1 lib32stdc++6 libasan5 libbsd0 libc6-i386
  libclang-common-12-dev libclang-cpp12 libclang1-12 libedit2 libelf1 libgc1
  libgcc-9-dev libicu67 libllvm12 libmd0 libobjc-11-dev libobjc-9-dev libobjc4
  libomp-12-dev libomp5-12 libunwind-12 libxml2 libz3-4 llvm-12-linker-tools
0 upgraded, 25 newly installed, 0 to remove and 0 not upgraded.
Need to get 67.6 MB of archives.
After this operation, 349 MB of additional disk space will be used.
Get:1 http://127.0.0.1:12990/debian sid/main amd64 libmd0 amd64 1.0.4-1 [29.6 kB]
Get:2 http://127.0.0.1:12990/debian sid/main amd64 libbsd0 amd64 0.11.3-1 [108 kB]
Get:3 http://127.0.0.1:12990/debian sid/main amd64 libedit2 amd64 3.1-20210910-1 [97.5 kB]
Get:4 http://127.0.0.1:12990/debian sid/main amd64 libicu67 amd64 67.1-7 [8622 kB]
Get:5 http://127.0.0.1:12990/debian sid/main amd64 libxml2 amd64 2.9.12+dfsg-5 [696 kB]
Get:6 http://127.0.0.1:12990/debian sid/main amd64 libz3-4 amd64 4.8.12-1+b1 [6997 kB]
Get:7 http://127.0.0.1:12990/debian sid/main amd64 libllvm12 amd64 1:12.0.1-15 [19.4 MB]
Get:8 http://127.0.0.1:12990/debian sid/main amd64 libclang-cpp12 amd64 1:12.0.1-15 [9996 kB]
Get:9 http://127.0.0.1:12990/debian sid/main amd64 libgc1 amd64 1:8.0.4-3 [239 kB]
Get:10 http://127.0.0.1:12990/debian sid/main amd64 libobjc4 amd64 11.2.0-10 [43.2 kB]
Get:11 http://127.0.0.1:12990/debian sid/main amd64 libobjc-11-dev amd64 11.2.0-10 [170 kB]
Get:12 http://127.0.0.1:12990/debian sid/main amd64 libc6-i386 amd64 2.32-4 [2624 kB]
Get:13 http://127.0.0.1:12990/debian sid/main amd64 lib32gcc-s1 amd64 11.2.0-10 [49.9 kB]
Get:14 http://127.0.0.1:12990/debian sid/main amd64 lib32stdc++6 amd64 11.2.0-10 [601 kB]
Get:15 http://127.0.0.1:12990/debian sid/main amd64 libclang-common-12-dev amd64 1:12.0.1-15 [4819 kB]
Get:16 http://127.0.0.1:12990/debian sid/main amd64 llvm-12-linker-tools amd64 1:12.0.1-15 [1222 kB]
Get:17 http://127.0.0.1:12990/debian sid/main amd64 libclang1-12 amd64 1:12.0.1-15 [5644 kB]
Get:18 http://127.0.0.1:12990/debian sid/main amd64 clang-12 amd64 1:12.0.1-15 [117 kB]
Get:19 http://127.0.0.1:12990/debian sid/main amd64 libasan5 amd64 9.4.0-3 [2734 kB]
Get:20 http://127.0.0.1:12990/debian sid/main amd64 libelf1 amd64 0.185-2 [172 kB]
Get:21 http://127.0.0.1:12990/debian sid/main amd64 libgcc-9-dev amd64 9.4.0-3 [2343 kB]
Get:22 http://127.0.0.1:12990/debian sid/main amd64 libobjc-9-dev amd64 9.4.0-3 [219 kB]
Get:23 http://127.0.0.1:12990/debian sid/main amd64 libunwind-12 amd64 1:12.0.1-15 [63.9 kB]
Get:24 http://127.0.0.1:12990/debian sid/main amd64 libomp5-12 amd64 1:12.0.1-15 [405 kB]
Get:25 http://127.0.0.1:12990/debian sid/main amd64 libomp-12-dev amd64 1:12.0.1-15 [104 kB]
debconf: delaying package configuration, since apt-utils is not installed
Fetched 67.6 MB in 0s (145 MB/s)
Selecting previously unselected package libmd0:amd64.
(Reading database ... (Reading database ... 5%(Reading database ... 10%(Reading database ... 15%(Reading database ... 20%(Reading database ... 25%(Reading database ... 30%(Reading database ... 35%(Reading database ... 40%(Reading database ... 45%(Reading database ... 50%(Reading database ... 55%(Reading database ... 60%(Reading database ... 65%(Reading database ... 70%(Reading database ... 75%(Reading database ... 80%(Reading database ... 85%(Reading database ... 90%(Reading database ... 95%(Reading database ... 100%(Reading database ... 12431 files and directories currently installed.)
Preparing to unpack .../00-libmd0_1.0.4-1_amd64.deb ...
Unpacking libmd0:amd64 (1.0.4-1) ...
Selecting previously unselected package libbsd0:amd64.
Preparing to unpack .../01-libbsd0_0.11.3-1_amd64.deb ...
Unpacking libbsd0:amd64 (0.11.3-1) ...
Selecting previously unselected package libedit2:amd64.
Preparing to unpack .../02-libedit2_3.1-20210910-1_amd64.deb ...
Unpacking libedit2:amd64 (3.1-20210910-1) ...
Selecting previously unselected package libicu67:amd64.
Preparing to unpack .../03-libicu67_67.1-7_amd64.deb ...
Unpacking libicu67:amd64 (67.1-7) ...
Selecting previously unselected package libxml2:amd64.
Preparing to unpack .../04-libxml2_2.9.12+dfsg-5_amd64.deb ...
Unpacking libxml2:amd64 (2.9.12+dfsg-5) ...
Selecting previously unselected package libz3-4:amd64.
Preparing to unpack .../05-libz3-4_4.8.12-1+b1_amd64.deb ...
Unpacking libz3-4:amd64 (4.8.12-1+b1) ...
Selecting previously unselected package libllvm12:amd64.
Preparing to unpack .../06-libllvm12_1%3a12.0.1-15_amd64.deb ...
Unpacking libllvm12:amd64 (1:12.0.1-15) ...
Selecting previously unselected package libclang-cpp12.
Preparing to unpack .../07-libclang-cpp12_1%3a12.0.1-15_amd64.deb ...
Unpacking libclang-cpp12 (1:12.0.1-15) ...
Selecting previously unselected package libgc1:amd64.
Preparing to unpack .../08-libgc1_1%3a8.0.4-3_amd64.deb ...
Unpacking libgc1:amd64 (1:8.0.4-3) ...
Selecting previously unselected package libobjc4:amd64.
Preparing to unpack .../09-libobjc4_11.2.0-10_amd64.deb ...
Unpacking libobjc4:amd64 (11.2.0-10) ...
Selecting previously unselected package libobjc-11-dev:amd64.
Preparing to unpack .../10-libobjc-11-dev_11.2.0-10_amd64.deb ...
Unpacking libobjc-11-dev:amd64 (11.2.0-10) ...
Selecting previously unselected package libc6-i386.
Preparing to unpack .../11-libc6-i386_2.32-4_amd64.deb ...
Unpacking libc6-i386 (2.32-4) ...
Selecting previously unselected package lib32gcc-s1.
Preparing to unpack .../12-lib32gcc-s1_11.2.0-10_amd64.deb ...
Unpacking lib32gcc-s1 (11.2.0-10) ...
Selecting previously unselected package lib32stdc++6.
Preparing to unpack .../13-lib32stdc++6_11.2.0-10_amd64.deb ...
Unpacking lib32stdc++6 (11.2.0-10) ...
Selecting previously unselected package libclang-common-12-dev.
Preparing to unpack .../14-libclang-common-12-dev_1%3a12.0.1-15_amd64.deb ...
Unpacking libclang-common-12-dev (1:12.0.1-15) ...
Selecting previously unselected package llvm-12-linker-tools.
Preparing to unpack .../15-llvm-12-linker-tools_1%3a12.0.1-15_amd64.deb ...
Unpacking llvm-12-linker-tools (1:12.0.1-15) ...
Selecting previously unselected package libclang1-12.
Preparing to unpack .../16-libclang1-12_1%3a12.0.1-15_amd64.deb ...
Unpacking libclang1-12 (1:12.0.1-15) ...
Selecting previously unselected package clang-12.
Preparing to unpack .../17-clang-12_1%3a12.0.1-15_amd64.deb ...
Unpacking clang-12 (1:12.0.1-15) ...
Selecting previously unselected package libasan5:amd64.
Preparing to unpack .../18-libasan5_9.4.0-3_amd64.deb ...
Unpacking libasan5:amd64 (9.4.0-3) ...
Selecting previously unselected package libelf1:amd64.
Preparing to unpack .../19-libelf1_0.185-2_amd64.deb ...
Unpacking libelf1:amd64 (0.185-2) ...
Selecting previously unselected package libgcc-9-dev:amd64.
Preparing to unpack .../20-libgcc-9-dev_9.4.0-3_amd64.deb ...
Unpacking libgcc-9-dev:amd64 (9.4.0-3) ...
Selecting previously unselected package libobjc-9-dev:amd64.
Preparing to unpack .../21-libobjc-9-dev_9.4.0-3_amd64.deb ...
Unpacking libobjc-9-dev:amd64 (9.4.0-3) ...
Selecting previously unselected package libunwind-12:amd64.
Preparing to unpack .../22-libunwind-12_1%3a12.0.1-15_amd64.deb ...
Unpacking libunwind-12:amd64 (1:12.0.1-15) ...
Selecting previously unselected package libomp5-12:amd64.
Preparing to unpack .../23-libomp5-12_1%3a12.0.1-15_amd64.deb ...
Unpacking libomp5-12:amd64 (1:12.0.1-15) ...
Selecting previously unselected package libomp-12-dev.
Preparing to unpack .../24-libomp-12-dev_1%3a12.0.1-15_amd64.deb ...
Unpacking libomp-12-dev (1:12.0.1-15) ...
Setting up libicu67:amd64 (67.1-7) ...
Setting up libasan5:amd64 (9.4.0-3) ...
Setting up libz3-4:amd64 (4.8.12-1+b1) ...
Setting up libunwind-12:amd64 (1:12.0.1-15) ...
Setting up libgc1:amd64 (1:8.0.4-3) ...
Setting up libmd0:amd64 (1.0.4-1) ...
Setting up libc6-i386 (2.32-4) ...
Setting up libbsd0:amd64 (0.11.3-1) ...
Setting up libelf1:amd64 (0.185-2) ...
Setting up libxml2:amd64 (2.9.12+dfsg-5) ...
Setting up libedit2:amd64 (3.1-20210910-1) ...
Setting up libobjc4:amd64 (11.2.0-10) ...
Setting up libgcc-9-dev:amd64 (9.4.0-3) ...
Setting up lib32gcc-s1 (11.2.0-10) ...
Setting up lib32stdc++6 (11.2.0-10) ...
Setting up libllvm12:amd64 (1:12.0.1-15) ...
Setting up libobjc-9-dev:amd64 (9.4.0-3) ...
Setting up libclang-common-12-dev (1:12.0.1-15) ...
Setting up libomp5-12:amd64 (1:12.0.1-15) ...
Setting up libobjc-11-dev:amd64 (11.2.0-10) ...
Setting up llvm-12-linker-tools (1:12.0.1-15) ...
Setting up libclang1-12 (1:12.0.1-15) ...
Setting up libclang-cpp12 (1:12.0.1-15) ...
Setting up libomp-12-dev (1:12.0.1-15) ...
Setting up clang-12 (1:12.0.1-15) ...
Processing triggers for libc-bin (2.32-4) ...
W: --force-yes is deprecated, use one of the options starting with --allow instead.
+ echo 'Replace gcc, g++ & cpp by clang'
Replace gcc, g++ & cpp by clang
+ VERSIONS='4.6 4.7 4.8 4.9 5 6 7 8 9 10 11'
+ cd /usr/bin
+ for VERSION in $VERSIONS
+ rm -f g++-4.6 gcc-4.6 cpp-4.6 gcc
+ ln -s clang++-12 g++-4.6
+ ln -s clang-12 gcc-4.6
+ ln -s clang-12 cpp-4.6
+ ln -s clang-12 gcc
+ echo 'gcc-4.6 hold'
+ dpkg --set-selections
dpkg: warning: package not in status nor available database at line 1: gcc-4.6
dpkg: warning: found unknown packages; this might mean the available database
is outdated, and needs to be updated through a frontend method;
please see the FAQ <https://wiki.debian.org/Teams/Dpkg/FAQ>
+ echo 'g++-4.6 hold'
+ dpkg --set-selections
dpkg: warning: package not in status nor available database at line 1: g++-4.6
dpkg: warning: found unknown packages; this might mean the available database
is outdated, and needs to be updated through a frontend method;
please see the FAQ <https://wiki.debian.org/Teams/Dpkg/FAQ>
+ for VERSION in $VERSIONS
+ rm -f g++-4.7 gcc-4.7 cpp-4.7 gcc
+ ln -s clang++-12 g++-4.7
+ ln -s clang-12 gcc-4.7
+ ln -s clang-12 cpp-4.7
+ ln -s clang-12 gcc
+ echo 'gcc-4.7 hold'
+ dpkg --set-selections
dpkg: warning: package not in status nor available database at line 1: gcc-4.7
dpkg: warning: found unknown packages; this might mean the available database
is outdated, and needs to be updated through a frontend method;
please see the FAQ <https://wiki.debian.org/Teams/Dpkg/FAQ>
+ echo 'g++-4.7 hold'
+ dpkg --set-selections
dpkg: warning: package not in status nor available database at line 1: g++-4.7
dpkg: warning: found unknown packages; this might mean the available database
is outdated, and needs to be updated through a frontend method;
please see the FAQ <https://wiki.debian.org/Teams/Dpkg/FAQ>
+ for VERSION in $VERSIONS
+ rm -f g++-4.8 gcc-4.8 cpp-4.8 gcc
+ ln -s clang++-12 g++-4.8
+ ln -s clang-12 gcc-4.8
+ ln -s clang-12 cpp-4.8
+ ln -s clang-12 gcc
+ echo 'gcc-4.8 hold'
+ dpkg --set-selections
dpkg: warning: package not in status nor available database at line 1: gcc-4.8
dpkg: warning: found unknown packages; this might mean the available database
is outdated, and needs to be updated through a frontend method;
please see the FAQ <https://wiki.debian.org/Teams/Dpkg/FAQ>
+ echo 'g++-4.8 hold'
+ dpkg --set-selections
dpkg: warning: package not in status nor available database at line 1: g++-4.8
dpkg: warning: found unknown packages; this might mean the available database
is outdated, and needs to be updated through a frontend method;
please see the FAQ <https://wiki.debian.org/Teams/Dpkg/FAQ>
+ for VERSION in $VERSIONS
+ rm -f g++-4.9 gcc-4.9 cpp-4.9 gcc
+ ln -s clang++-12 g++-4.9
+ ln -s clang-12 gcc-4.9
+ ln -s clang-12 cpp-4.9
+ ln -s clang-12 gcc
+ echo 'gcc-4.9 hold'
+ dpkg --set-selections
dpkg: warning: package not in status nor available database at line 1: gcc-4.9
dpkg: warning: found unknown packages; this might mean the available database
is outdated, and needs to be updated through a frontend method;
please see the FAQ <https://wiki.debian.org/Teams/Dpkg/FAQ>
+ echo 'g++-4.9 hold'
+ dpkg --set-selections
dpkg: warning: package not in status nor available database at line 1: g++-4.9
dpkg: warning: found unknown packages; this might mean the available database
is outdated, and needs to be updated through a frontend method;
please see the FAQ <https://wiki.debian.org/Teams/Dpkg/FAQ>
+ for VERSION in $VERSIONS
+ rm -f g++-5 gcc-5 cpp-5 gcc
+ ln -s clang++-12 g++-5
+ ln -s clang-12 gcc-5
+ ln -s clang-12 cpp-5
+ ln -s clang-12 gcc
+ echo 'gcc-5 hold'
+ dpkg --set-selections
dpkg: warning: package not in status nor available database at line 1: gcc-5
dpkg: warning: found unknown packages; this might mean the available database
is outdated, and needs to be updated through a frontend method;
please see the FAQ <https://wiki.debian.org/Teams/Dpkg/FAQ>
+ echo 'g++-5 hold'
+ dpkg --set-selections
dpkg: warning: package not in status nor available database at line 1: g++-5
dpkg: warning: found unknown packages; this might mean the available database
is outdated, and needs to be updated through a frontend method;
please see the FAQ <https://wiki.debian.org/Teams/Dpkg/FAQ>
+ for VERSION in $VERSIONS
+ rm -f g++-6 gcc-6 cpp-6 gcc
+ ln -s clang++-12 g++-6
+ ln -s clang-12 gcc-6
+ ln -s clang-12 cpp-6
+ ln -s clang-12 gcc
+ echo 'gcc-6 hold'
+ dpkg --set-selections
dpkg: warning: package not in status nor available database at line 1: gcc-6
dpkg: warning: found unknown packages; this might mean the available database
is outdated, and needs to be updated through a frontend method;
please see the FAQ <https://wiki.debian.org/Teams/Dpkg/FAQ>
+ echo 'g++-6 hold'
+ dpkg --set-selections
dpkg: warning: package not in status nor available database at line 1: g++-6
dpkg: warning: found unknown packages; this might mean the available database
is outdated, and needs to be updated through a frontend method;
please see the FAQ <https://wiki.debian.org/Teams/Dpkg/FAQ>
+ for VERSION in $VERSIONS
+ rm -f g++-7 gcc-7 cpp-7 gcc
+ ln -s clang++-12 g++-7
+ ln -s clang-12 gcc-7
+ ln -s clang-12 cpp-7
+ ln -s clang-12 gcc
+ echo 'gcc-7 hold'
+ dpkg --set-selections
dpkg: warning: package not in status nor available database at line 1: gcc-7
dpkg: warning: found unknown packages; this might mean the available database
is outdated, and needs to be updated through a frontend method;
please see the FAQ <https://wiki.debian.org/Teams/Dpkg/FAQ>
+ echo 'g++-7 hold'
+ dpkg --set-selections
dpkg: warning: package not in status nor available database at line 1: g++-7
dpkg: warning: found unknown packages; this might mean the available database
is outdated, and needs to be updated through a frontend method;
please see the FAQ <https://wiki.debian.org/Teams/Dpkg/FAQ>
+ for VERSION in $VERSIONS
+ rm -f g++-8 gcc-8 cpp-8 gcc
+ ln -s clang++-12 g++-8
+ ln -s clang-12 gcc-8
+ ln -s clang-12 cpp-8
+ ln -s clang-12 gcc
+ echo 'gcc-8 hold'
+ dpkg --set-selections
dpkg: warning: package not in status nor available database at line 1: gcc-8
dpkg: warning: found unknown packages; this might mean the available database
is outdated, and needs to be updated through a frontend method;
please see the FAQ <https://wiki.debian.org/Teams/Dpkg/FAQ>
+ echo 'g++-8 hold'
+ dpkg --set-selections
dpkg: warning: package not in status nor available database at line 1: g++-8
dpkg: warning: found unknown packages; this might mean the available database
is outdated, and needs to be updated through a frontend method;
please see the FAQ <https://wiki.debian.org/Teams/Dpkg/FAQ>
+ for VERSION in $VERSIONS
+ rm -f g++-9 gcc-9 cpp-9 gcc
+ ln -s clang++-12 g++-9
+ ln -s clang-12 gcc-9
+ ln -s clang-12 cpp-9
+ ln -s clang-12 gcc
+ echo 'gcc-9 hold'
+ dpkg --set-selections
dpkg: warning: package not in status nor available database at line 1: gcc-9
dpkg: warning: found unknown packages; this might mean the available database
is outdated, and needs to be updated through a frontend method;
please see the FAQ <https://wiki.debian.org/Teams/Dpkg/FAQ>
+ echo 'g++-9 hold'
+ dpkg --set-selections
dpkg: warning: package not in status nor available database at line 1: g++-9
dpkg: warning: found unknown packages; this might mean the available database
is outdated, and needs to be updated through a frontend method;
please see the FAQ <https://wiki.debian.org/Teams/Dpkg/FAQ>
+ for VERSION in $VERSIONS
+ rm -f g++-10 gcc-10 cpp-10 gcc
+ ln -s clang++-12 g++-10
+ ln -s clang-12 gcc-10
+ ln -s clang-12 cpp-10
+ ln -s clang-12 gcc
+ echo 'gcc-10 hold'
+ dpkg --set-selections
dpkg: warning: package not in status nor available database at line 1: gcc-10
dpkg: warning: found unknown packages; this might mean the available database
is outdated, and needs to be updated through a frontend method;
please see the FAQ <https://wiki.debian.org/Teams/Dpkg/FAQ>
+ echo 'g++-10 hold'
+ dpkg --set-selections
dpkg: warning: package not in status nor available database at line 1: g++-10
dpkg: warning: found unknown packages; this might mean the available database
is outdated, and needs to be updated through a frontend method;
please see the FAQ <https://wiki.debian.org/Teams/Dpkg/FAQ>
+ for VERSION in $VERSIONS
+ rm -f g++-11 gcc-11 cpp-11 gcc
+ ln -s clang++-12 g++-11
+ ln -s clang-12 gcc-11
+ ln -s clang-12 cpp-11
+ ln -s clang-12 gcc
+ echo 'gcc-11 hold'
+ dpkg --set-selections
+ echo 'g++-11 hold'
+ dpkg --set-selections
+ cd -
/build/net-cpp-XBjACg
+ echo 'Check if gcc, g++ & cpp are actually clang'
Check if gcc, g++ & cpp are actually clang
+ gcc --version
+ grep clang
+ cpp --version
+ grep clang
+ g++ --version
+ grep clang
+ cd /usr/bin/
+ rm -f clang++ clang
+ ln -s clang-12 clang++
+ ln -s clang-12 clang
+ clang++ --version
Debian clang version 12.0.1-15
Target: x86_64-pc-linux-gnu
Thread model: posix
InstalledDir: /usr/bin
+ clang --version
Debian clang version 12.0.1-15
Target: x86_64-pc-linux-gnu
Thread model: posix
InstalledDir: /usr/bin
+ cd -
/build/net-cpp-XBjACg
+ apt install --yes --no-install-recommends --force-yes qt5-qmake

WARNING: apt does not have a stable CLI interface. Use with caution in scripts.

Reading package lists...
Building dependency tree...
Reading state information...
The following additional packages will be installed:
  qt5-qmake-bin qtchooser
The following NEW packages will be installed:
  qt5-qmake qt5-qmake-bin qtchooser
0 upgraded, 3 newly installed, 0 to remove and 0 not upgraded.
Need to get 1322 kB of archives.
After this operation, 4914 kB of additional disk space will be used.
Get:1 http://127.0.0.1:12990/debian sid/main amd64 qt5-qmake-bin amd64 5.15.2+dfsg-12 [1046 kB]
Get:2 http://127.0.0.1:12990/debian sid/main amd64 qtchooser amd64 66-2 [26.3 kB]
Get:3 http://127.0.0.1:12990/debian sid/main amd64 qt5-qmake amd64 5.15.2+dfsg-12 [249 kB]
debconf: delaying package configuration, since apt-utils is not installed
Fetched 1322 kB in 0s (21.1 MB/s)
Selecting previously unselected package qt5-qmake-bin.
(Reading database ... (Reading database ... 5%(Reading database ... 10%(Reading database ... 15%(Reading database ... 20%(Reading database ... 25%(Reading database ... 30%(Reading database ... 35%(Reading database ... 40%(Reading database ... 45%(Reading database ... 50%(Reading database ... 55%(Reading database ... 60%(Reading database ... 65%(Reading database ... 70%(Reading database ... 75%(Reading database ... 80%(Reading database ... 85%(Reading database ... 90%(Reading database ... 95%(Reading database ... 100%(Reading database ... 13527 files and directories currently installed.)
Preparing to unpack .../qt5-qmake-bin_5.15.2+dfsg-12_amd64.deb ...
Unpacking qt5-qmake-bin (5.15.2+dfsg-12) ...
Selecting previously unselected package qtchooser.
Preparing to unpack .../qtchooser_66-2_amd64.deb ...
Unpacking qtchooser (66-2) ...
Selecting previously unselected package qt5-qmake:amd64.
Preparing to unpack .../qt5-qmake_5.15.2+dfsg-12_amd64.deb ...
Unpacking qt5-qmake:amd64 (5.15.2+dfsg-12) ...
Setting up qt5-qmake-bin (5.15.2+dfsg-12) ...
Setting up qtchooser (66-2) ...
Setting up qt5-qmake:amd64 (5.15.2+dfsg-12) ...
W: --force-yes is deprecated, use one of the options starting with --allow instead.
+ cp /usr/lib/x86_64-linux-gnu/qt5/mkspecs/linux-clang/qmake.conf /usr/lib/x86_64-linux-gnu/qt5/mkspecs/linux-clang/qplatformdefs.h /usr/lib/x86_64-linux-gnu/qt5/mkspecs/linux-g++/
+ ls -al /usr/lib/x86_64-linux-gnu/qt5/mkspecs/linux-g++/
total 16
drwxr-xr-x  2 root root 4096 Oct 26 22:40 .
drwxr-xr-x 76 root root 4096 Oct 26 22:40 ..
-rw-r--r--  1 root root  276 Oct 26 22:40 qmake.conf
-rw-r--r--  1 root root 3218 Oct 26 22:40 qplatformdefs.h
+ cat /usr/lib/x86_64-linux-gnu/qt5/mkspecs/linux-g++/qmake.conf
#
# qmake configuration for linux-clang
#

MAKEFILE_GENERATOR = UNIX
CONFIG += incremental

QMAKE_INCREMENTAL_STYLE = sublib

include(../common/linux.conf)
include(../common/gcc-base-unix.conf)
include(../common/clang.conf)

QMAKE_LFLAGS += -ccc-gcc-name g++

load(qt_config)
+ export QMAKESPEC=/usr/lib/x86_64-linux-gnu/qt5/mkspecs/linux-clang/
+ QMAKESPEC=/usr/lib/x86_64-linux-gnu/qt5/mkspecs/linux-clang/
+ sed -i -e 's|compare_problem(2,|compare_problem(0,|g' /usr/bin/dpkg-gensymbols
+ sed -i -e 's|compare_problem(1,|compare_problem(0,|g' /usr/bin/dpkg-gensymbols
+ grep 'compare_problem(' /usr/bin/dpkg-gensymbols
        compare_problem(4, g_('new libraries appeared in the symbols file: %s'), "@libs");
        compare_problem(3, g_('some libraries disappeared in the symbols file: %s'), "@libs");
        compare_problem(0, g_('some new symbols appeared in the symbols file: %s'),
        compare_problem(0, g_('some symbols or patterns disappeared in the symbols file: %s'),

I: Finished running '/tmp/clang12'.

Finished processing commands.
--------------------------------------------------------------------------------
I: NOTICE: Log filtering will replace 'build/net-cpp-XBjACg/resolver-JUoFI9' with '<<RESOLVERDIR>>'

+------------------------------------------------------------------------------+
| Update chroot                                                                |
+------------------------------------------------------------------------------+

Hit:1 http://127.0.0.1:12990/debian sid InRelease
Reading package lists...
Reading package lists...
Building dependency tree...
Reading state information...
Calculating upgrade...
0 upgraded, 0 newly installed, 0 to remove and 0 not upgraded.

+------------------------------------------------------------------------------+
| Fetch source files                                                           |
+------------------------------------------------------------------------------+


Check APT
---------

Checking available source versions...

Download source files with APT
------------------------------

Reading package lists...
NOTICE: 'net-cpp' packaging is maintained in the 'Git' version control system at:
https://salsa.debian.org/ubports-team/net-cpp.git
Please use:
git clone https://salsa.debian.org/ubports-team/net-cpp.git
to retrieve the latest (possibly unreleased) updates to the package.
Need to get 64.5 kB of source archives.
Get:1 http://127.0.0.1:12990/debian sid/main net-cpp 2.2.1+dfsg1-6 (dsc) [2424 B]
Get:2 http://127.0.0.1:12990/debian sid/main net-cpp 2.2.1+dfsg1-6 (tar) [51.6 kB]
Get:3 http://127.0.0.1:12990/debian sid/main net-cpp 2.2.1+dfsg1-6 (diff) [10.5 kB]
Fetched 64.5 kB in 0s (841 kB/s)
Download complete and in download only mode
I: NOTICE: Log filtering will replace 'build/net-cpp-XBjACg/net-cpp-2.2.1+dfsg1' with '<<PKGBUILDDIR>>'
I: NOTICE: Log filtering will replace 'build/net-cpp-XBjACg' with '<<BUILDDIR>>'

+------------------------------------------------------------------------------+
| Install package build dependencies                                           |
+------------------------------------------------------------------------------+


Setup apt archive
-----------------

Merged Build-Depends: cmake, cmake-extras (>= 1.5-5~), debhelper-compat (= 13), doxygen, googletest, graphviz, libboost-dev (>= 1.58), libboost-serialization-dev (>= 1.58), libboost-system-dev (>= 1.58), libcurl4-openssl-dev, libgtest-dev, libjsoncpp-dev, libprocess-cpp-dev (>= 2.0.0), lsb-release, pkg-config, pkg-kde-tools, python3-httpbin, symlinks, rdfind, build-essential, fakeroot
Filtered Build-Depends: cmake, cmake-extras (>= 1.5-5~), debhelper-compat (= 13), doxygen, googletest, graphviz, libboost-dev (>= 1.58), libboost-serialization-dev (>= 1.58), libboost-system-dev (>= 1.58), libcurl4-openssl-dev, libgtest-dev, libjsoncpp-dev, libprocess-cpp-dev (>= 2.0.0), lsb-release, pkg-config, pkg-kde-tools, python3-httpbin, symlinks, rdfind, build-essential, fakeroot
dpkg-deb: building package 'sbuild-build-depends-main-dummy' in '/<<RESOLVERDIR>>/apt_archive/sbuild-build-depends-main-dummy.deb'.
Ign:1 copy:/<<RESOLVERDIR>>/apt_archive ./ InRelease
Get:2 copy:/<<RESOLVERDIR>>/apt_archive ./ Release [957 B]
Ign:3 copy:/<<RESOLVERDIR>>/apt_archive ./ Release.gpg
Get:4 copy:/<<RESOLVERDIR>>/apt_archive ./ Sources [528 B]
Get:5 copy:/<<RESOLVERDIR>>/apt_archive ./ Packages [611 B]
Fetched 2096 B in 0s (0 B/s)
Reading package lists...
Reading package lists...

Install main build dependencies (apt-based resolver)
----------------------------------------------------

Installing build dependencies
Reading package lists...
Building dependency tree...
Reading state information...
The following additional packages will be installed:
  autoconf automake autopoint autotools-dev bsdextrautils cmake cmake-data
  cmake-extras debhelper dh-autoreconf dh-elpa-helper dh-strip-nondeterminism
  distro-info-data doxygen dwz emacsen-common file fontconfig
  fontconfig-config fonts-dejavu-core gettext gettext-base googletest graphviz
  groff-base intltool-debian libann0 libarchive-zip-perl libarchive13
  libboost-dev libboost-iostreams1.74.0 libboost-serialization-dev
  libboost-serialization1.74-dev libboost-serialization1.74.0
  libboost-system-dev libboost-system1.74-dev libboost-system1.74.0
  libboost1.74-dev libbrotli1 libcairo2 libcdt5 libcgraph6 libclang-cpp11
  libclang1-11 libcurl4 libcurl4-openssl-dev libdatrie1 libdebhelper-perl
  libdeflate0 libexpat1 libfile-stripnondeterminism-perl libfontconfig1
  libfreetype6 libfribidi0 libgcc-10-dev libgd3 libglib2.0-0 libgraphite2-3
  libgtest-dev libgts-0.7-5 libgvc6 libgvpr2 libharfbuzz0b libice6 libjbig0
  libjpeg62-turbo libjs-jquery libjsoncpp-dev libjsoncpp24 liblab-gamut1
  libldap-2.4-2 libllvm11 libltdl7 libmagic-mgc libmagic1 libmpdec3
  libncurses6 libncursesw6 libnghttp2-14 libpango-1.0-0 libpangocairo-1.0-0
  libpangoft2-1.0-0 libpathplan4 libpipeline1 libpixman-1-0 libpng16-16
  libprocess-cpp-dev libprocess-cpp3 libprocps8 libproperties-cpp-dev libpsl5
  libpython3-stdlib libpython3.9-minimal libpython3.9-stdlib libreadline8
  librhash0 librtmp1 libsasl2-2 libsasl2-modules-db libsigsegv2 libsm6
  libsqlite3-0 libssh2-1 libstdc++-10-dev libsub-override-perl libthai-data
  libthai0 libtiff5 libtool libuchardet0 libuv1 libwebp6 libx11-6 libx11-data
  libxapian30 libxau6 libxaw7 libxcb-render0 libxcb-shm0 libxcb1 libxdmcp6
  libxext6 libxmu6 libxpm4 libxrender1 libxt6 lsb-release m4 man-db
  media-types pkg-config pkg-kde-tools po-debconf procps
  python-babel-localedata python3 python3-babel python3-brotli python3-click
  python3-colorama python3-decorator python3-flask python3-httpbin
  python3-itsdangerous python3-jinja2 python3-markupsafe python3-minimal
  python3-pkg-resources python3-six python3-tz python3-werkzeug python3.9
  python3.9-minimal rdfind readline-common sensible-utils symlinks ucf
  x11-common
Suggested packages:
  autoconf-archive gnu-standards autoconf-doc cmake-doc ninja-build dh-make
  doxygen-latex doxygen-doc doxygen-gui gettext-doc libasprintf-dev
  libgettextpo-dev gsfonts graphviz-doc groff lrzip libboost-doc
  libboost1.74-doc libboost-atomic1.74-dev libboost-chrono1.74-dev
  libboost-container1.74-dev libboost-context1.74-dev
  libboost-contract1.74-dev libboost-coroutine1.74-dev
  libboost-date-time1.74-dev libboost-exception1.74-dev libboost-fiber1.74-dev
  libboost-filesystem1.74-dev libboost-graph1.74-dev
  libboost-graph-parallel1.74-dev libboost-iostreams1.74-dev
  libboost-locale1.74-dev libboost-log1.74-dev libboost-math1.74-dev
  libboost-mpi1.74-dev libboost-mpi-python1.74-dev libboost-numpy1.74-dev
  libboost-program-options1.74-dev libboost-python1.74-dev
  libboost-random1.74-dev libboost-regex1.74-dev libboost-stacktrace1.74-dev
  libboost-test1.74-dev libboost-thread1.74-dev libboost-timer1.74-dev
  libboost-type-erasure1.74-dev libboost-wave1.74-dev libboost1.74-tools-dev
  libmpfrc++-dev libntl-dev libboost-nowide1.74-dev libcurl4-doc libidn11-dev
  libkrb5-dev libldap2-dev librtmp-dev libssh2-1-dev libssl-dev zlib1g-dev
  libgd-tools libproperties-cpp-doc libstdc++-10-doc libtool-doc gfortran
  | fortran95-compiler gcj-jdk xapian-tools m4-doc apparmor less www-browser
  cdbs libmail-box-perl python3-doc python3-tk python3-venv python-flask-doc
  python-jinja2-doc python3-setuptools ipython3 python-werkzeug-doc
  python3-lxml python3-watchdog python3.9-venv python3.9-doc binfmt-support
  readline-doc
Recommended packages:
  curl | wget | lynx fonts-liberation ca-certificates libarchive-cpio-perl
  libglib2.0-data shared-mime-info xdg-user-dirs libgts-bin javascript-common
  libldap-common libgpm2 libprocess-cpp-doc publicsuffix libsasl2-modules
  libltdl-dev libwww-perl libmail-sendmail-perl psmisc python3-asgiref
  python3-blinker python3-dotenv gunicorn3 python3-simplejson python3-openssl
  python3-pyinotify
The following NEW packages will be installed:
  autoconf automake autopoint autotools-dev bsdextrautils cmake cmake-data
  cmake-extras debhelper dh-autoreconf dh-elpa-helper dh-strip-nondeterminism
  distro-info-data doxygen dwz emacsen-common file fontconfig
  fontconfig-config fonts-dejavu-core gettext gettext-base googletest graphviz
  groff-base intltool-debian libann0 libarchive-zip-perl libarchive13
  libboost-dev libboost-iostreams1.74.0 libboost-serialization-dev
  libboost-serialization1.74-dev libboost-serialization1.74.0
  libboost-system-dev libboost-system1.74-dev libboost-system1.74.0
  libboost1.74-dev libbrotli1 libcairo2 libcdt5 libcgraph6 libclang-cpp11
  libclang1-11 libcurl4 libcurl4-openssl-dev libdatrie1 libdebhelper-perl
  libdeflate0 libexpat1 libfile-stripnondeterminism-perl libfontconfig1
  libfreetype6 libfribidi0 libgcc-10-dev libgd3 libglib2.0-0 libgraphite2-3
  libgtest-dev libgts-0.7-5 libgvc6 libgvpr2 libharfbuzz0b libice6 libjbig0
  libjpeg62-turbo libjs-jquery libjsoncpp-dev libjsoncpp24 liblab-gamut1
  libldap-2.4-2 libllvm11 libltdl7 libmagic-mgc libmagic1 libmpdec3
  libncurses6 libncursesw6 libnghttp2-14 libpango-1.0-0 libpangocairo-1.0-0
  libpangoft2-1.0-0 libpathplan4 libpipeline1 libpixman-1-0 libpng16-16
  libprocess-cpp-dev libprocess-cpp3 libprocps8 libproperties-cpp-dev libpsl5
  libpython3-stdlib libpython3.9-minimal libpython3.9-stdlib libreadline8
  librhash0 librtmp1 libsasl2-2 libsasl2-modules-db libsigsegv2 libsm6
  libsqlite3-0 libssh2-1 libstdc++-10-dev libsub-override-perl libthai-data
  libthai0 libtiff5 libtool libuchardet0 libuv1 libwebp6 libx11-6 libx11-data
  libxapian30 libxau6 libxaw7 libxcb-render0 libxcb-shm0 libxcb1 libxdmcp6
  libxext6 libxmu6 libxpm4 libxrender1 libxt6 lsb-release m4 man-db
  media-types pkg-config pkg-kde-tools po-debconf procps
  python-babel-localedata python3 python3-babel python3-brotli python3-click
  python3-colorama python3-decorator python3-flask python3-httpbin
  python3-itsdangerous python3-jinja2 python3-markupsafe python3-minimal
  python3-pkg-resources python3-six python3-tz python3-werkzeug python3.9
  python3.9-minimal rdfind readline-common sbuild-build-depends-main-dummy
  sensible-utils symlinks ucf x11-common
0 upgraded, 160 newly installed, 0 to remove and 0 not upgraded.
Need to get 103 MB of archives.
After this operation, 538 MB of additional disk space will be used.
Get:1 copy:/<<RESOLVERDIR>>/apt_archive ./ sbuild-build-depends-main-dummy 0.invalid.0 [1032 B]
Get:2 http://127.0.0.1:12990/debian sid/main amd64 bsdextrautils amd64 2.37.2-4 [143 kB]
Get:3 http://127.0.0.1:12990/debian sid/main amd64 libuchardet0 amd64 0.0.7-1 [67.8 kB]
Get:4 http://127.0.0.1:12990/debian sid/main amd64 groff-base amd64 1.22.4-7 [935 kB]
Get:5 http://127.0.0.1:12990/debian sid/main amd64 libpipeline1 amd64 1.5.3-1 [34.3 kB]
Get:6 http://127.0.0.1:12990/debian sid/main amd64 man-db amd64 2.9.4-2 [1354 kB]
Get:7 http://127.0.0.1:12990/debian sid/main amd64 libpython3.9-minimal amd64 3.9.7-4 [804 kB]
Get:8 http://127.0.0.1:12990/debian sid/main amd64 libexpat1 amd64 2.4.1-3 [104 kB]
Get:9 http://127.0.0.1:12990/debian sid/main amd64 python3.9-minimal amd64 3.9.7-4 [1963 kB]
Get:10 http://127.0.0.1:12990/debian sid/main amd64 python3-minimal amd64 3.9.2-3 [38.2 kB]
Get:11 http://127.0.0.1:12990/debian sid/main amd64 media-types all 4.0.0 [30.3 kB]
Get:12 http://127.0.0.1:12990/debian sid/main amd64 libmpdec3 amd64 2.5.1-2 [87.8 kB]
Get:13 http://127.0.0.1:12990/debian sid/main amd64 libncursesw6 amd64 6.2+20210905-1 [133 kB]
Get:14 http://127.0.0.1:12990/debian sid/main amd64 readline-common all 8.1-2 [73.8 kB]
Get:15 http://127.0.0.1:12990/debian sid/main amd64 libreadline8 amd64 8.1-2 [168 kB]
Get:16 http://127.0.0.1:12990/debian sid/main amd64 libsqlite3-0 amd64 3.36.0-2 [815 kB]
Get:17 http://127.0.0.1:12990/debian sid/main amd64 libpython3.9-stdlib amd64 3.9.7-4 [1688 kB]
Get:18 http://127.0.0.1:12990/debian sid/main amd64 python3.9 amd64 3.9.7-4 [480 kB]
Get:19 http://127.0.0.1:12990/debian sid/main amd64 libpython3-stdlib amd64 3.9.2-3 [21.4 kB]
Get:20 http://127.0.0.1:12990/debian sid/main amd64 python3 amd64 3.9.2-3 [37.9 kB]
Get:21 http://127.0.0.1:12990/debian sid/main amd64 libncurses6 amd64 6.2+20210905-1 [102 kB]
Get:22 http://127.0.0.1:12990/debian sid/main amd64 libprocps8 amd64 2:3.3.17-5 [63.9 kB]
Get:23 http://127.0.0.1:12990/debian sid/main amd64 procps amd64 2:3.3.17-5 [502 kB]
Get:24 http://127.0.0.1:12990/debian sid/main amd64 sensible-utils all 0.0.17 [21.5 kB]
Get:25 http://127.0.0.1:12990/debian sid/main amd64 libmagic-mgc amd64 1:5.39-3 [273 kB]
Get:26 http://127.0.0.1:12990/debian sid/main amd64 libmagic1 amd64 1:5.39-3 [126 kB]
Get:27 http://127.0.0.1:12990/debian sid/main amd64 file amd64 1:5.39-3 [69.1 kB]
Get:28 http://127.0.0.1:12990/debian sid/main amd64 gettext-base amd64 0.21-4 [175 kB]
Get:29 http://127.0.0.1:12990/debian sid/main amd64 ucf all 3.0043 [74.0 kB]
Get:30 http://127.0.0.1:12990/debian sid/main amd64 libsigsegv2 amd64 2.13-1 [34.8 kB]
Get:31 http://127.0.0.1:12990/debian sid/main amd64 m4 amd64 1.4.18-5 [204 kB]
Get:32 http://127.0.0.1:12990/debian sid/main amd64 autoconf all 2.71-2 [343 kB]
Get:33 http://127.0.0.1:12990/debian sid/main amd64 autotools-dev all 20180224.1+nmu1 [77.1 kB]
Get:34 http://127.0.0.1:12990/debian sid/main amd64 automake all 1:1.16.5-1 [823 kB]
Get:35 http://127.0.0.1:12990/debian sid/main amd64 autopoint all 0.21-4 [510 kB]
Get:36 http://127.0.0.1:12990/debian sid/main amd64 libarchive13 amd64 3.4.3-2+b1 [343 kB]
Get:37 http://127.0.0.1:12990/debian sid/main amd64 libbrotli1 amd64 1.0.9-2+b2 [279 kB]
Get:38 http://127.0.0.1:12990/debian sid/main amd64 libsasl2-modules-db amd64 2.1.27+dfsg-2.1 [69.1 kB]
Get:39 http://127.0.0.1:12990/debian sid/main amd64 libsasl2-2 amd64 2.1.27+dfsg-2.1 [106 kB]
Get:40 http://127.0.0.1:12990/debian sid/main amd64 libldap-2.4-2 amd64 2.4.59+dfsg-1 [232 kB]
Get:41 http://127.0.0.1:12990/debian sid/main amd64 libnghttp2-14 amd64 1.43.0-1 [77.1 kB]
Get:42 http://127.0.0.1:12990/debian sid/main amd64 libpsl5 amd64 0.21.0-1.2 [57.3 kB]
Get:43 http://127.0.0.1:12990/debian sid/main amd64 librtmp1 amd64 2.4+20151223.gitfa8646d.1-2+b2 [60.8 kB]
Get:44 http://127.0.0.1:12990/debian sid/main amd64 libssh2-1 amd64 1.10.0-2 [178 kB]
Get:45 http://127.0.0.1:12990/debian sid/main amd64 libcurl4 amd64 7.74.0-1.3+b1 [341 kB]
Get:46 http://127.0.0.1:12990/debian sid/main amd64 libjsoncpp24 amd64 1.9.4-5 [78.8 kB]
Get:47 http://127.0.0.1:12990/debian sid/main amd64 librhash0 amd64 1.4.2-1 [129 kB]
Get:48 http://127.0.0.1:12990/debian sid/main amd64 libuv1 amd64 1.42.0-1 [135 kB]
Get:49 http://127.0.0.1:12990/debian sid/main amd64 dh-elpa-helper all 2.0.9 [11.2 kB]
Get:50 http://127.0.0.1:12990/debian sid/main amd64 emacsen-common all 3.0.4 [19.3 kB]
Get:51 http://127.0.0.1:12990/debian sid/main amd64 cmake-data all 3.21.3-5 [1878 kB]
Get:52 http://127.0.0.1:12990/debian sid/main amd64 cmake amd64 3.21.3-5 [7907 kB]
Get:53 http://127.0.0.1:12990/debian sid/main amd64 libdebhelper-perl all 13.5.2 [192 kB]
Get:54 http://127.0.0.1:12990/debian sid/main amd64 libtool all 2.4.6-15 [513 kB]
Get:55 http://127.0.0.1:12990/debian sid/main amd64 dh-autoreconf all 20 [17.1 kB]
Get:56 http://127.0.0.1:12990/debian sid/main amd64 libarchive-zip-perl all 1.68-1 [104 kB]
Get:57 http://127.0.0.1:12990/debian sid/main amd64 libsub-override-perl all 0.09-2 [10.2 kB]
Get:58 http://127.0.0.1:12990/debian sid/main amd64 libfile-stripnondeterminism-perl all 1.12.0-2 [26.3 kB]
Get:59 http://127.0.0.1:12990/debian sid/main amd64 dh-strip-nondeterminism all 1.12.0-2 [15.5 kB]
Get:60 http://127.0.0.1:12990/debian sid/main amd64 dwz amd64 0.14-1 [98.3 kB]
Get:61 http://127.0.0.1:12990/debian sid/main amd64 gettext amd64 0.21-4 [1311 kB]
Get:62 http://127.0.0.1:12990/debian sid/main amd64 intltool-debian all 0.35.0+20060710.5 [26.8 kB]
Get:63 http://127.0.0.1:12990/debian sid/main amd64 po-debconf all 1.0.21+nmu1 [248 kB]
Get:64 http://127.0.0.1:12990/debian sid/main amd64 debhelper all 13.5.2 [1056 kB]
Get:65 http://127.0.0.1:12990/debian sid/main amd64 distro-info-data all 0.52 [7596 B]
Get:66 http://127.0.0.1:12990/debian sid/main amd64 libllvm11 amd64 1:11.1.0-4 [17.9 MB]
Get:67 http://127.0.0.1:12990/debian sid/main amd64 libclang-cpp11 amd64 1:11.1.0-4 [9662 kB]
Get:68 http://127.0.0.1:12990/debian sid/main amd64 libclang1-11 amd64 1:11.1.0-4 [5522 kB]
Get:69 http://127.0.0.1:12990/debian sid/main amd64 libxapian30 amd64 1.4.18-3 [1089 kB]
Get:70 http://127.0.0.1:12990/debian sid/main amd64 doxygen amd64 1.9.1-2 [4234 kB]
Get:71 http://127.0.0.1:12990/debian sid/main amd64 libpng16-16 amd64 1.6.37-3 [294 kB]
Get:72 http://127.0.0.1:12990/debian sid/main amd64 libfreetype6 amd64 2.11.0+dfsg-1 [453 kB]
Get:73 http://127.0.0.1:12990/debian sid/main amd64 fonts-dejavu-core all 2.37-2 [1069 kB]
Get:74 http://127.0.0.1:12990/debian sid/main amd64 fontconfig-config all 2.13.1-4.2 [281 kB]
Get:75 http://127.0.0.1:12990/debian sid/main amd64 libfontconfig1 amd64 2.13.1-4.2 [347 kB]
Get:76 http://127.0.0.1:12990/debian sid/main amd64 fontconfig amd64 2.13.1-4.2 [417 kB]
Get:77 http://127.0.0.1:12990/debian sid/main amd64 googletest all 1.11.0-2 [535 kB]
Get:78 http://127.0.0.1:12990/debian sid/main amd64 libann0 amd64 1.1.2+doc-7 [25.3 kB]
Get:79 http://127.0.0.1:12990/debian sid/main amd64 libcdt5 amd64 2.42.2-5 [62.2 kB]
Get:80 http://127.0.0.1:12990/debian sid/main amd64 libcgraph6 amd64 2.42.2-5 [85.5 kB]
Get:81 http://127.0.0.1:12990/debian sid/main amd64 libjpeg62-turbo amd64 1:2.0.6-4 [151 kB]
Get:82 http://127.0.0.1:12990/debian sid/main amd64 libdeflate0 amd64 1.8-1 [53.1 kB]
Get:83 http://127.0.0.1:12990/debian sid/main amd64 libjbig0 amd64 2.1-3.1+b2 [31.0 kB]
Get:84 http://127.0.0.1:12990/debian sid/main amd64 libwebp6 amd64 0.6.1-2.1 [258 kB]
Get:85 http://127.0.0.1:12990/debian sid/main amd64 libtiff5 amd64 4.3.0-2 [294 kB]
Get:86 http://127.0.0.1:12990/debian sid/main amd64 libxau6 amd64 1:1.0.9-1 [19.7 kB]
Get:87 http://127.0.0.1:12990/debian sid/main amd64 libxdmcp6 amd64 1:1.1.2-3 [26.3 kB]
Get:88 http://127.0.0.1:12990/debian sid/main amd64 libxcb1 amd64 1.14-3 [140 kB]
Get:89 http://127.0.0.1:12990/debian sid/main amd64 libx11-data all 2:1.7.2-2 [311 kB]
Get:90 http://127.0.0.1:12990/debian sid/main amd64 libx11-6 amd64 2:1.7.2-2+b1 [772 kB]
Get:91 http://127.0.0.1:12990/debian sid/main amd64 libxpm4 amd64 1:3.5.12-1 [49.1 kB]
Get:92 http://127.0.0.1:12990/debian sid/main amd64 libgd3 amd64 2.3.0-2 [137 kB]
Get:93 http://127.0.0.1:12990/debian sid/main amd64 libglib2.0-0 amd64 2.70.0-3 [1401 kB]
Get:94 http://127.0.0.1:12990/debian sid/main amd64 libgts-0.7-5 amd64 0.7.6+darcs121130-4+b1 [158 kB]
Get:95 http://127.0.0.1:12990/debian sid/main amd64 libpixman-1-0 amd64 0.40.0-1 [543 kB]
Get:96 http://127.0.0.1:12990/debian sid/main amd64 libxcb-render0 amd64 1.14-3 [111 kB]
Get:97 http://127.0.0.1:12990/debian sid/main amd64 libxcb-shm0 amd64 1.14-3 [101 kB]
Get:98 http://127.0.0.1:12990/debian sid/main amd64 libxext6 amd64 2:1.3.4-1 [53.1 kB]
Get:99 http://127.0.0.1:12990/debian sid/main amd64 libxrender1 amd64 1:0.9.10-1 [33.0 kB]
Get:100 http://127.0.0.1:12990/debian sid/main amd64 libcairo2 amd64 1.16.0-5 [694 kB]
Get:101 http://127.0.0.1:12990/debian sid/main amd64 libltdl7 amd64 2.4.6-15 [391 kB]
Get:102 http://127.0.0.1:12990/debian sid/main amd64 libfribidi0 amd64 1.0.8-2 [64.8 kB]
Get:103 http://127.0.0.1:12990/debian sid/main amd64 libgraphite2-3 amd64 1.3.14-1 [81.2 kB]
Get:104 http://127.0.0.1:12990/debian sid/main amd64 libharfbuzz0b amd64 2.7.4-1 [1471 kB]
Get:105 http://127.0.0.1:12990/debian sid/main amd64 libthai-data all 0.1.28-4.1 [171 kB]
Get:106 http://127.0.0.1:12990/debian sid/main amd64 libdatrie1 amd64 0.2.13-2 [43.0 kB]
Get:107 http://127.0.0.1:12990/debian sid/main amd64 libthai0 amd64 0.1.28-4.1 [54.5 kB]
Get:108 http://127.0.0.1:12990/debian sid/main amd64 libpango-1.0-0 amd64 1.48.10+ds1-1 [204 kB]
Get:109 http://127.0.0.1:12990/debian sid/main amd64 libpangoft2-1.0-0 amd64 1.48.10+ds1-1 [73.3 kB]
Get:110 http://127.0.0.1:12990/debian sid/main amd64 libpangocairo-1.0-0 amd64 1.48.10+ds1-1 [60.7 kB]
Get:111 http://127.0.0.1:12990/debian sid/main amd64 libpathplan4 amd64 2.42.2-5 [64.3 kB]
Get:112 http://127.0.0.1:12990/debian sid/main amd64 libgvc6 amd64 2.42.2-5 [695 kB]
Get:113 http://127.0.0.1:12990/debian sid/main amd64 libgvpr2 amd64 2.42.2-5 [212 kB]
Get:114 http://127.0.0.1:12990/debian sid/main amd64 liblab-gamut1 amd64 2.42.2-5 [221 kB]
Get:115 http://127.0.0.1:12990/debian sid/main amd64 x11-common all 1:7.7+23 [252 kB]
Get:116 http://127.0.0.1:12990/debian sid/main amd64 libice6 amd64 2:1.0.10-1 [58.5 kB]
Get:117 http://127.0.0.1:12990/debian sid/main amd64 libsm6 amd64 2:1.2.3-1 [35.1 kB]
Get:118 http://127.0.0.1:12990/debian sid/main amd64 libxt6 amd64 1:1.2.0-1 [189 kB]
Get:119 http://127.0.0.1:12990/debian sid/main amd64 libxmu6 amd64 2:1.1.2-2+b3 [60.8 kB]
Get:120 http://127.0.0.1:12990/debian sid/main amd64 libxaw7 amd64 2:1.0.13-1.1 [202 kB]
Get:121 http://127.0.0.1:12990/debian sid/main amd64 graphviz amd64 2.42.2-5 [632 kB]
Get:122 http://127.0.0.1:12990/debian sid/main amd64 libgcc-10-dev amd64 10.3.0-11 [2323 kB]
Get:123 http://127.0.0.1:12990/debian sid/main amd64 libstdc++-10-dev amd64 10.3.0-11 [1750 kB]
Get:124 http://127.0.0.1:12990/debian sid/main amd64 libboost1.74-dev amd64 1.74.0-11 [9533 kB]
Get:125 http://127.0.0.1:12990/debian sid/main amd64 libboost-dev amd64 1.74.0.3 [4548 B]
Get:126 http://127.0.0.1:12990/debian sid/main amd64 libboost-iostreams1.74.0 amd64 1.74.0-11 [264 kB]
Get:127 http://127.0.0.1:12990/debian sid/main amd64 libboost-serialization1.74.0 amd64 1.74.0-11 [340 kB]
Get:128 http://127.0.0.1:12990/debian sid/main amd64 libboost-serialization1.74-dev amd64 1.74.0-11 [381 kB]
Get:129 http://127.0.0.1:12990/debian sid/main amd64 libboost-serialization-dev amd64 1.74.0.3 [4560 B]
Get:130 http://127.0.0.1:12990/debian sid/main amd64 libboost-system1.74.0 amd64 1.74.0-11 [242 kB]
Get:131 http://127.0.0.1:12990/debian sid/main amd64 libboost-system1.74-dev amd64 1.74.0-11 [243 kB]
Get:132 http://127.0.0.1:12990/debian sid/main amd64 libboost-system-dev amd64 1.74.0.3 [4468 B]
Get:133 http://127.0.0.1:12990/debian sid/main amd64 libcurl4-openssl-dev amd64 7.74.0-1.3+b1 [432 kB]
Get:134 http://127.0.0.1:12990/debian sid/main amd64 libgtest-dev amd64 1.11.0-2 [231 kB]
Get:135 http://127.0.0.1:12990/debian sid/main amd64 libjs-jquery all 3.5.1+dfsg+~3.5.5-8 [315 kB]
Get:136 http://127.0.0.1:12990/debian sid/main amd64 libjsoncpp-dev amd64 1.9.4-5 [25.7 kB]
Get:137 http://127.0.0.1:12990/debian sid/main amd64 libprocess-cpp3 amd64 3.0.1-8+b1 [47.4 kB]
Get:138 http://127.0.0.1:12990/debian sid/main amd64 libproperties-cpp-dev amd64 0.0.2-6 [7896 B]
Get:139 http://127.0.0.1:12990/debian sid/main amd64 libprocess-cpp-dev amd64 3.0.1-8+b1 [16.9 kB]
Get:140 http://127.0.0.1:12990/debian sid/main amd64 lsb-release all 11.1.0 [27.9 kB]
Get:141 http://127.0.0.1:12990/debian sid/main amd64 pkg-config amd64 0.29.2-1 [65.1 kB]
Get:142 http://127.0.0.1:12990/debian sid/main amd64 pkg-kde-tools all 0.15.32 [96.7 kB]
Get:143 http://127.0.0.1:12990/debian sid/main amd64 python-babel-localedata all 2.8.0+dfsg.1-7 [4997 kB]
Get:144 http://127.0.0.1:12990/debian sid/main amd64 python3-pkg-resources all 58.2.0-1 [192 kB]
Get:145 http://127.0.0.1:12990/debian sid/main amd64 python3-tz all 2021.3-1 [34.9 kB]
Get:146 http://127.0.0.1:12990/debian sid/main amd64 python3-babel all 2.8.0+dfsg.1-7 [100 kB]
Get:147 http://127.0.0.1:12990/debian sid/main amd64 python3-brotli amd64 1.0.9-2+b2 [297 kB]
Get:148 http://127.0.0.1:12990/debian sid/main amd64 python3-colorama all 0.4.4-1 [28.5 kB]
Get:149 http://127.0.0.1:12990/debian sid/main amd64 python3-click all 8.0.2-1 [91.8 kB]
Get:150 http://127.0.0.1:12990/debian sid/main amd64 python3-decorator all 4.4.2-2 [15.8 kB]
Get:151 http://127.0.0.1:12990/debian sid/main amd64 python3-itsdangerous all 2.0.1-1 [18.7 kB]
Get:152 http://127.0.0.1:12990/debian sid/main amd64 python3-markupsafe amd64 2.0.1-2 [13.6 kB]
Get:153 http://127.0.0.1:12990/debian sid/main amd64 python3-jinja2 all 3.0.1-2 [121 kB]
Get:154 http://127.0.0.1:12990/debian sid/main amd64 python3-werkzeug all 2.0.1+dfsg1-2 [211 kB]
Get:155 http://127.0.0.1:12990/debian sid/main amd64 python3-flask all 2.0.1-2 [100 kB]
Get:156 http://127.0.0.1:12990/debian sid/main amd64 python3-six all 1.16.0-2 [17.5 kB]
Get:157 http://127.0.0.1:12990/debian sid/main amd64 python3-httpbin all 0.7.0+dfsg-1 [78.3 kB]
Get:158 http://127.0.0.1:12990/debian sid/main amd64 rdfind amd64 1.5.0-1 [40.2 kB]
Get:159 http://127.0.0.1:12990/debian sid/main amd64 symlinks amd64 1.4-4 [11.3 kB]
Get:160 http://127.0.0.1:12990/debian sid/main amd64 cmake-extras all 1.5-7 [56.3 kB]
debconf: delaying package configuration, since apt-utils is not installed
Fetched 103 MB in 1s (129 MB/s)
Selecting previously unselected package bsdextrautils.
(Reading database ... 14272 files and directories currently installed.)
Preparing to unpack .../0-bsdextrautils_2.37.2-4_amd64.deb ...
Unpacking bsdextrautils (2.37.2-4) ...
Selecting previously unselected package libuchardet0:amd64.
Preparing to unpack .../1-libuchardet0_0.0.7-1_amd64.deb ...
Unpacking libuchardet0:amd64 (0.0.7-1) ...
Selecting previously unselected package groff-base.
Preparing to unpack .../2-groff-base_1.22.4-7_amd64.deb ...
Unpacking groff-base (1.22.4-7) ...
Selecting previously unselected package libpipeline1:amd64.
Preparing to unpack .../3-libpipeline1_1.5.3-1_amd64.deb ...
Unpacking libpipeline1:amd64 (1.5.3-1) ...
Selecting previously unselected package man-db.
Preparing to unpack .../4-man-db_2.9.4-2_amd64.deb ...
Unpacking man-db (2.9.4-2) ...
Selecting previously unselected package libpython3.9-minimal:amd64.
Preparing to unpack .../5-libpython3.9-minimal_3.9.7-4_amd64.deb ...
Unpacking libpython3.9-minimal:amd64 (3.9.7-4) ...
Selecting previously unselected package libexpat1:amd64.
Preparing to unpack .../6-libexpat1_2.4.1-3_amd64.deb ...
Unpacking libexpat1:amd64 (2.4.1-3) ...
Selecting previously unselected package python3.9-minimal.
Preparing to unpack .../7-python3.9-minimal_3.9.7-4_amd64.deb ...
Unpacking python3.9-minimal (3.9.7-4) ...
Setting up libpython3.9-minimal:amd64 (3.9.7-4) ...
Setting up libexpat1:amd64 (2.4.1-3) ...
Setting up python3.9-minimal (3.9.7-4) ...
Selecting previously unselected package python3-minimal.
(Reading database ... 15139 files and directories currently installed.)
Preparing to unpack .../0-python3-minimal_3.9.2-3_amd64.deb ...
Unpacking python3-minimal (3.9.2-3) ...
Selecting previously unselected package media-types.
Preparing to unpack .../1-media-types_4.0.0_all.deb ...
Unpacking media-types (4.0.0) ...
Selecting previously unselected package libmpdec3:amd64.
Preparing to unpack .../2-libmpdec3_2.5.1-2_amd64.deb ...
Unpacking libmpdec3:amd64 (2.5.1-2) ...
Selecting previously unselected package libncursesw6:amd64.
Preparing to unpack .../3-libncursesw6_6.2+20210905-1_amd64.deb ...
Unpacking libncursesw6:amd64 (6.2+20210905-1) ...
Selecting previously unselected package readline-common.
Preparing to unpack .../4-readline-common_8.1-2_all.deb ...
Unpacking readline-common (8.1-2) ...
Selecting previously unselected package libreadline8:amd64.
Preparing to unpack .../5-libreadline8_8.1-2_amd64.deb ...
Unpacking libreadline8:amd64 (8.1-2) ...
Selecting previously unselected package libsqlite3-0:amd64.
Preparing to unpack .../6-libsqlite3-0_3.36.0-2_amd64.deb ...
Unpacking libsqlite3-0:amd64 (3.36.0-2) ...
Selecting previously unselected package libpython3.9-stdlib:amd64.
Preparing to unpack .../7-libpython3.9-stdlib_3.9.7-4_amd64.deb ...
Unpacking libpython3.9-stdlib:amd64 (3.9.7-4) ...
Selecting previously unselected package python3.9.
Preparing to unpack .../8-python3.9_3.9.7-4_amd64.deb ...
Unpacking python3.9 (3.9.7-4) ...
Selecting previously unselected package libpython3-stdlib:amd64.
Preparing to unpack .../9-libpython3-stdlib_3.9.2-3_amd64.deb ...
Unpacking libpython3-stdlib:amd64 (3.9.2-3) ...
Setting up python3-minimal (3.9.2-3) ...
Selecting previously unselected package python3.
(Reading database ... 15578 files and directories currently installed.)
Preparing to unpack .../000-python3_3.9.2-3_amd64.deb ...
Unpacking python3 (3.9.2-3) ...
Selecting previously unselected package libncurses6:amd64.
Preparing to unpack .../001-libncurses6_6.2+20210905-1_amd64.deb ...
Unpacking libncurses6:amd64 (6.2+20210905-1) ...
Selecting previously unselected package libprocps8:amd64.
Preparing to unpack .../002-libprocps8_2%3a3.3.17-5_amd64.deb ...
Unpacking libprocps8:amd64 (2:3.3.17-5) ...
Selecting previously unselected package procps.
Preparing to unpack .../003-procps_2%3a3.3.17-5_amd64.deb ...
Unpacking procps (2:3.3.17-5) ...
Selecting previously unselected package sensible-utils.
Preparing to unpack .../004-sensible-utils_0.0.17_all.deb ...
Unpacking sensible-utils (0.0.17) ...
Selecting previously unselected package libmagic-mgc.
Preparing to unpack .../005-libmagic-mgc_1%3a5.39-3_amd64.deb ...
Unpacking libmagic-mgc (1:5.39-3) ...
Selecting previously unselected package libmagic1:amd64.
Preparing to unpack .../006-libmagic1_1%3a5.39-3_amd64.deb ...
Unpacking libmagic1:amd64 (1:5.39-3) ...
Selecting previously unselected package file.
Preparing to unpack .../007-file_1%3a5.39-3_amd64.deb ...
Unpacking file (1:5.39-3) ...
Selecting previously unselected package gettext-base.
Preparing to unpack .../008-gettext-base_0.21-4_amd64.deb ...
Unpacking gettext-base (0.21-4) ...
Selecting previously unselected package ucf.
Preparing to unpack .../009-ucf_3.0043_all.deb ...
Moving old data out of the way
Unpacking ucf (3.0043) ...
Selecting previously unselected package libsigsegv2:amd64.
Preparing to unpack .../010-libsigsegv2_2.13-1_amd64.deb ...
Unpacking libsigsegv2:amd64 (2.13-1) ...
Selecting previously unselected package m4.
Preparing to unpack .../011-m4_1.4.18-5_amd64.deb ...
Unpacking m4 (1.4.18-5) ...
Selecting previously unselected package autoconf.
Preparing to unpack .../012-autoconf_2.71-2_all.deb ...
Unpacking autoconf (2.71-2) ...
Selecting previously unselected package autotools-dev.
Preparing to unpack .../013-autotools-dev_20180224.1+nmu1_all.deb ...
Unpacking autotools-dev (20180224.1+nmu1) ...
Selecting previously unselected package automake.
Preparing to unpack .../014-automake_1%3a1.16.5-1_all.deb ...
Unpacking automake (1:1.16.5-1) ...
Selecting previously unselected package autopoint.
Preparing to unpack .../015-autopoint_0.21-4_all.deb ...
Unpacking autopoint (0.21-4) ...
Selecting previously unselected package libarchive13:amd64.
Preparing to unpack .../016-libarchive13_3.4.3-2+b1_amd64.deb ...
Unpacking libarchive13:amd64 (3.4.3-2+b1) ...
Selecting previously unselected package libbrotli1:amd64.
Preparing to unpack .../017-libbrotli1_1.0.9-2+b2_amd64.deb ...
Unpacking libbrotli1:amd64 (1.0.9-2+b2) ...
Selecting previously unselected package libsasl2-modules-db:amd64.
Preparing to unpack .../018-libsasl2-modules-db_2.1.27+dfsg-2.1_amd64.deb ...
Unpacking libsasl2-modules-db:amd64 (2.1.27+dfsg-2.1) ...
Selecting previously unselected package libsasl2-2:amd64.
Preparing to unpack .../019-libsasl2-2_2.1.27+dfsg-2.1_amd64.deb ...
Unpacking libsasl2-2:amd64 (2.1.27+dfsg-2.1) ...
Selecting previously unselected package libldap-2.4-2:amd64.
Preparing to unpack .../020-libldap-2.4-2_2.4.59+dfsg-1_amd64.deb ...
Unpacking libldap-2.4-2:amd64 (2.4.59+dfsg-1) ...
Selecting previously unselected package libnghttp2-14:amd64.
Preparing to unpack .../021-libnghttp2-14_1.43.0-1_amd64.deb ...
Unpacking libnghttp2-14:amd64 (1.43.0-1) ...
Selecting previously unselected package libpsl5:amd64.
Preparing to unpack .../022-libpsl5_0.21.0-1.2_amd64.deb ...
Unpacking libpsl5:amd64 (0.21.0-1.2) ...
Selecting previously unselected package librtmp1:amd64.
Preparing to unpack .../023-librtmp1_2.4+20151223.gitfa8646d.1-2+b2_amd64.deb ...
Unpacking librtmp1:amd64 (2.4+20151223.gitfa8646d.1-2+b2) ...
Selecting previously unselected package libssh2-1:amd64.
Preparing to unpack .../024-libssh2-1_1.10.0-2_amd64.deb ...
Unpacking libssh2-1:amd64 (1.10.0-2) ...
Selecting previously unselected package libcurl4:amd64.
Preparing to unpack .../025-libcurl4_7.74.0-1.3+b1_amd64.deb ...
Unpacking libcurl4:amd64 (7.74.0-1.3+b1) ...
Selecting previously unselected package libjsoncpp24:amd64.
Preparing to unpack .../026-libjsoncpp24_1.9.4-5_amd64.deb ...
Unpacking libjsoncpp24:amd64 (1.9.4-5) ...
Selecting previously unselected package librhash0:amd64.
Preparing to unpack .../027-librhash0_1.4.2-1_amd64.deb ...
Unpacking librhash0:amd64 (1.4.2-1) ...
Selecting previously unselected package libuv1:amd64.
Preparing to unpack .../028-libuv1_1.42.0-1_amd64.deb ...
Unpacking libuv1:amd64 (1.42.0-1) ...
Selecting previously unselected package dh-elpa-helper.
Preparing to unpack .../029-dh-elpa-helper_2.0.9_all.deb ...
Unpacking dh-elpa-helper (2.0.9) ...
Selecting previously unselected package emacsen-common.
Preparing to unpack .../030-emacsen-common_3.0.4_all.deb ...
Unpacking emacsen-common (3.0.4) ...
Selecting previously unselected package cmake-data.
Preparing to unpack .../031-cmake-data_3.21.3-5_all.deb ...
Unpacking cmake-data (3.21.3-5) ...
Selecting previously unselected package cmake.
Preparing to unpack .../032-cmake_3.21.3-5_amd64.deb ...
Unpacking cmake (3.21.3-5) ...
Selecting previously unselected package libdebhelper-perl.
Preparing to unpack .../033-libdebhelper-perl_13.5.2_all.deb ...
Unpacking libdebhelper-perl (13.5.2) ...
Selecting previously unselected package libtool.
Preparing to unpack .../034-libtool_2.4.6-15_all.deb ...
Unpacking libtool (2.4.6-15) ...
Selecting previously unselected package dh-autoreconf.
Preparing to unpack .../035-dh-autoreconf_20_all.deb ...
Unpacking dh-autoreconf (20) ...
Selecting previously unselected package libarchive-zip-perl.
Preparing to unpack .../036-libarchive-zip-perl_1.68-1_all.deb ...
Unpacking libarchive-zip-perl (1.68-1) ...
Selecting previously unselected package libsub-override-perl.
Preparing to unpack .../037-libsub-override-perl_0.09-2_all.deb ...
Unpacking libsub-override-perl (0.09-2) ...
Selecting previously unselected package libfile-stripnondeterminism-perl.
Preparing to unpack .../038-libfile-stripnondeterminism-perl_1.12.0-2_all.deb ...
Unpacking libfile-stripnondeterminism-perl (1.12.0-2) ...
Selecting previously unselected package dh-strip-nondeterminism.
Preparing to unpack .../039-dh-strip-nondeterminism_1.12.0-2_all.deb ...
Unpacking dh-strip-nondeterminism (1.12.0-2) ...
Selecting previously unselected package dwz.
Preparing to unpack .../040-dwz_0.14-1_amd64.deb ...
Unpacking dwz (0.14-1) ...
Selecting previously unselected package gettext.
Preparing to unpack .../041-gettext_0.21-4_amd64.deb ...
Unpacking gettext (0.21-4) ...
Selecting previously unselected package intltool-debian.
Preparing to unpack .../042-intltool-debian_0.35.0+20060710.5_all.deb ...
Unpacking intltool-debian (0.35.0+20060710.5) ...
Selecting previously unselected package po-debconf.
Preparing to unpack .../043-po-debconf_1.0.21+nmu1_all.deb ...
Unpacking po-debconf (1.0.21+nmu1) ...
Selecting previously unselected package debhelper.
Preparing to unpack .../044-debhelper_13.5.2_all.deb ...
Unpacking debhelper (13.5.2) ...
Selecting previously unselected package distro-info-data.
Preparing to unpack .../045-distro-info-data_0.52_all.deb ...
Unpacking distro-info-data (0.52) ...
Selecting previously unselected package libllvm11:amd64.
Preparing to unpack .../046-libllvm11_1%3a11.1.0-4_amd64.deb ...
Unpacking libllvm11:amd64 (1:11.1.0-4) ...
Selecting previously unselected package libclang-cpp11.
Preparing to unpack .../047-libclang-cpp11_1%3a11.1.0-4_amd64.deb ...
Unpacking libclang-cpp11 (1:11.1.0-4) ...
Selecting previously unselected package libclang1-11.
Preparing to unpack .../048-libclang1-11_1%3a11.1.0-4_amd64.deb ...
Unpacking libclang1-11 (1:11.1.0-4) ...
Selecting previously unselected package libxapian30:amd64.
Preparing to unpack .../049-libxapian30_1.4.18-3_amd64.deb ...
Unpacking libxapian30:amd64 (1.4.18-3) ...
Selecting previously unselected package doxygen.
Preparing to unpack .../050-doxygen_1.9.1-2_amd64.deb ...
Unpacking doxygen (1.9.1-2) ...
Selecting previously unselected package libpng16-16:amd64.
Preparing to unpack .../051-libpng16-16_1.6.37-3_amd64.deb ...
Unpacking libpng16-16:amd64 (1.6.37-3) ...
Selecting previously unselected package libfreetype6:amd64.
Preparing to unpack .../052-libfreetype6_2.11.0+dfsg-1_amd64.deb ...
Unpacking libfreetype6:amd64 (2.11.0+dfsg-1) ...
Selecting previously unselected package fonts-dejavu-core.
Preparing to unpack .../053-fonts-dejavu-core_2.37-2_all.deb ...
Unpacking fonts-dejavu-core (2.37-2) ...
Selecting previously unselected package fontconfig-config.
Preparing to unpack .../054-fontconfig-config_2.13.1-4.2_all.deb ...
Unpacking fontconfig-config (2.13.1-4.2) ...
Selecting previously unselected package libfontconfig1:amd64.
Preparing to unpack .../055-libfontconfig1_2.13.1-4.2_amd64.deb ...
Unpacking libfontconfig1:amd64 (2.13.1-4.2) ...
Selecting previously unselected package fontconfig.
Preparing to unpack .../056-fontconfig_2.13.1-4.2_amd64.deb ...
Unpacking fontconfig (2.13.1-4.2) ...
Selecting previously unselected package googletest.
Preparing to unpack .../057-googletest_1.11.0-2_all.deb ...
Unpacking googletest (1.11.0-2) ...
Selecting previously unselected package libann0.
Preparing to unpack .../058-libann0_1.1.2+doc-7_amd64.deb ...
Unpacking libann0 (1.1.2+doc-7) ...
Selecting previously unselected package libcdt5:amd64.
Preparing to unpack .../059-libcdt5_2.42.2-5_amd64.deb ...
Unpacking libcdt5:amd64 (2.42.2-5) ...
Selecting previously unselected package libcgraph6:amd64.
Preparing to unpack .../060-libcgraph6_2.42.2-5_amd64.deb ...
Unpacking libcgraph6:amd64 (2.42.2-5) ...
Selecting previously unselected package libjpeg62-turbo:amd64.
Preparing to unpack .../061-libjpeg62-turbo_1%3a2.0.6-4_amd64.deb ...
Unpacking libjpeg62-turbo:amd64 (1:2.0.6-4) ...
Selecting previously unselected package libdeflate0:amd64.
Preparing to unpack .../062-libdeflate0_1.8-1_amd64.deb ...
Unpacking libdeflate0:amd64 (1.8-1) ...
Selecting previously unselected package libjbig0:amd64.
Preparing to unpack .../063-libjbig0_2.1-3.1+b2_amd64.deb ...
Unpacking libjbig0:amd64 (2.1-3.1+b2) ...
Selecting previously unselected package libwebp6:amd64.
Preparing to unpack .../064-libwebp6_0.6.1-2.1_amd64.deb ...
Unpacking libwebp6:amd64 (0.6.1-2.1) ...
Selecting previously unselected package libtiff5:amd64.
Preparing to unpack .../065-libtiff5_4.3.0-2_amd64.deb ...
Unpacking libtiff5:amd64 (4.3.0-2) ...
Selecting previously unselected package libxau6:amd64.
Preparing to unpack .../066-libxau6_1%3a1.0.9-1_amd64.deb ...
Unpacking libxau6:amd64 (1:1.0.9-1) ...
Selecting previously unselected package libxdmcp6:amd64.
Preparing to unpack .../067-libxdmcp6_1%3a1.1.2-3_amd64.deb ...
Unpacking libxdmcp6:amd64 (1:1.1.2-3) ...
Selecting previously unselected package libxcb1:amd64.
Preparing to unpack .../068-libxcb1_1.14-3_amd64.deb ...
Unpacking libxcb1:amd64 (1.14-3) ...
Selecting previously unselected package libx11-data.
Preparing to unpack .../069-libx11-data_2%3a1.7.2-2_all.deb ...
Unpacking libx11-data (2:1.7.2-2) ...
Selecting previously unselected package libx11-6:amd64.
Preparing to unpack .../070-libx11-6_2%3a1.7.2-2+b1_amd64.deb ...
Unpacking libx11-6:amd64 (2:1.7.2-2+b1) ...
Selecting previously unselected package libxpm4:amd64.
Preparing to unpack .../071-libxpm4_1%3a3.5.12-1_amd64.deb ...
Unpacking libxpm4:amd64 (1:3.5.12-1) ...
Selecting previously unselected package libgd3:amd64.
Preparing to unpack .../072-libgd3_2.3.0-2_amd64.deb ...
Unpacking libgd3:amd64 (2.3.0-2) ...
Selecting previously unselected package libglib2.0-0:amd64.
Preparing to unpack .../073-libglib2.0-0_2.70.0-3_amd64.deb ...
Unpacking libglib2.0-0:amd64 (2.70.0-3) ...
Selecting previously unselected package libgts-0.7-5:amd64.
Preparing to unpack .../074-libgts-0.7-5_0.7.6+darcs121130-4+b1_amd64.deb ...
Unpacking libgts-0.7-5:amd64 (0.7.6+darcs121130-4+b1) ...
Selecting previously unselected package libpixman-1-0:amd64.
Preparing to unpack .../075-libpixman-1-0_0.40.0-1_amd64.deb ...
Unpacking libpixman-1-0:amd64 (0.40.0-1) ...
Selecting previously unselected package libxcb-render0:amd64.
Preparing to unpack .../076-libxcb-render0_1.14-3_amd64.deb ...
Unpacking libxcb-render0:amd64 (1.14-3) ...
Selecting previously unselected package libxcb-shm0:amd64.
Preparing to unpack .../077-libxcb-shm0_1.14-3_amd64.deb ...
Unpacking libxcb-shm0:amd64 (1.14-3) ...
Selecting previously unselected package libxext6:amd64.
Preparing to unpack .../078-libxext6_2%3a1.3.4-1_amd64.deb ...
Unpacking libxext6:amd64 (2:1.3.4-1) ...
Selecting previously unselected package libxrender1:amd64.
Preparing to unpack .../079-libxrender1_1%3a0.9.10-1_amd64.deb ...
Unpacking libxrender1:amd64 (1:0.9.10-1) ...
Selecting previously unselected package libcairo2:amd64.
Preparing to unpack .../080-libcairo2_1.16.0-5_amd64.deb ...
Unpacking libcairo2:amd64 (1.16.0-5) ...
Selecting previously unselected package libltdl7:amd64.
Preparing to unpack .../081-libltdl7_2.4.6-15_amd64.deb ...
Unpacking libltdl7:amd64 (2.4.6-15) ...
Selecting previously unselected package libfribidi0:amd64.
Preparing to unpack .../082-libfribidi0_1.0.8-2_amd64.deb ...
Unpacking libfribidi0:amd64 (1.0.8-2) ...
Selecting previously unselected package libgraphite2-3:amd64.
Preparing to unpack .../083-libgraphite2-3_1.3.14-1_amd64.deb ...
Unpacking libgraphite2-3:amd64 (1.3.14-1) ...
Selecting previously unselected package libharfbuzz0b:amd64.
Preparing to unpack .../084-libharfbuzz0b_2.7.4-1_amd64.deb ...
Unpacking libharfbuzz0b:amd64 (2.7.4-1) ...
Selecting previously unselected package libthai-data.
Preparing to unpack .../085-libthai-data_0.1.28-4.1_all.deb ...
Unpacking libthai-data (0.1.28-4.1) ...
Selecting previously unselected package libdatrie1:amd64.
Preparing to unpack .../086-libdatrie1_0.2.13-2_amd64.deb ...
Unpacking libdatrie1:amd64 (0.2.13-2) ...
Selecting previously unselected package libthai0:amd64.
Preparing to unpack .../087-libthai0_0.1.28-4.1_amd64.deb ...
Unpacking libthai0:amd64 (0.1.28-4.1) ...
Selecting previously unselected package libpango-1.0-0:amd64.
Preparing to unpack .../088-libpango-1.0-0_1.48.10+ds1-1_amd64.deb ...
Unpacking libpango-1.0-0:amd64 (1.48.10+ds1-1) ...
Selecting previously unselected package libpangoft2-1.0-0:amd64.
Preparing to unpack .../089-libpangoft2-1.0-0_1.48.10+ds1-1_amd64.deb ...
Unpacking libpangoft2-1.0-0:amd64 (1.48.10+ds1-1) ...
Selecting previously unselected package libpangocairo-1.0-0:amd64.
Preparing to unpack .../090-libpangocairo-1.0-0_1.48.10+ds1-1_amd64.deb ...
Unpacking libpangocairo-1.0-0:amd64 (1.48.10+ds1-1) ...
Selecting previously unselected package libpathplan4:amd64.
Preparing to unpack .../091-libpathplan4_2.42.2-5_amd64.deb ...
Unpacking libpathplan4:amd64 (2.42.2-5) ...
Selecting previously unselected package libgvc6.
Preparing to unpack .../092-libgvc6_2.42.2-5_amd64.deb ...
Unpacking libgvc6 (2.42.2-5) ...
Selecting previously unselected package libgvpr2:amd64.
Preparing to unpack .../093-libgvpr2_2.42.2-5_amd64.deb ...
Unpacking libgvpr2:amd64 (2.42.2-5) ...
Selecting previously unselected package liblab-gamut1:amd64.
Preparing to unpack .../094-liblab-gamut1_2.42.2-5_amd64.deb ...
Unpacking liblab-gamut1:amd64 (2.42.2-5) ...
Selecting previously unselected package x11-common.
Preparing to unpack .../095-x11-common_1%3a7.7+23_all.deb ...
Unpacking x11-common (1:7.7+23) ...
Selecting previously unselected package libice6:amd64.
Preparing to unpack .../096-libice6_2%3a1.0.10-1_amd64.deb ...
Unpacking libice6:amd64 (2:1.0.10-1) ...
Selecting previously unselected package libsm6:amd64.
Preparing to unpack .../097-libsm6_2%3a1.2.3-1_amd64.deb ...
Unpacking libsm6:amd64 (2:1.2.3-1) ...
Selecting previously unselected package libxt6:amd64.
Preparing to unpack .../098-libxt6_1%3a1.2.0-1_amd64.deb ...
Unpacking libxt6:amd64 (1:1.2.0-1) ...
Selecting previously unselected package libxmu6:amd64.
Preparing to unpack .../099-libxmu6_2%3a1.1.2-2+b3_amd64.deb ...
Unpacking libxmu6:amd64 (2:1.1.2-2+b3) ...
Selecting previously unselected package libxaw7:amd64.
Preparing to unpack .../100-libxaw7_2%3a1.0.13-1.1_amd64.deb ...
Unpacking libxaw7:amd64 (2:1.0.13-1.1) ...
Selecting previously unselected package graphviz.
Preparing to unpack .../101-graphviz_2.42.2-5_amd64.deb ...
Unpacking graphviz (2.42.2-5) ...
Selecting previously unselected package libgcc-10-dev:amd64.
Preparing to unpack .../102-libgcc-10-dev_10.3.0-11_amd64.deb ...
Unpacking libgcc-10-dev:amd64 (10.3.0-11) ...
Selecting previously unselected package libstdc++-10-dev:amd64.
Preparing to unpack .../103-libstdc++-10-dev_10.3.0-11_amd64.deb ...
Unpacking libstdc++-10-dev:amd64 (10.3.0-11) ...
Selecting previously unselected package libboost1.74-dev:amd64.
Preparing to unpack .../104-libboost1.74-dev_1.74.0-11_amd64.deb ...
Unpacking libboost1.74-dev:amd64 (1.74.0-11) ...
Selecting previously unselected package libboost-dev:amd64.
Preparing to unpack .../105-libboost-dev_1.74.0.3_amd64.deb ...
Unpacking libboost-dev:amd64 (1.74.0.3) ...
Selecting previously unselected package libboost-iostreams1.74.0:amd64.
Preparing to unpack .../106-libboost-iostreams1.74.0_1.74.0-11_amd64.deb ...
Unpacking libboost-iostreams1.74.0:amd64 (1.74.0-11) ...
Selecting previously unselected package libboost-serialization1.74.0:amd64.
Preparing to unpack .../107-libboost-serialization1.74.0_1.74.0-11_amd64.deb ...
Unpacking libboost-serialization1.74.0:amd64 (1.74.0-11) ...
Selecting previously unselected package libboost-serialization1.74-dev:amd64.
Preparing to unpack .../108-libboost-serialization1.74-dev_1.74.0-11_amd64.deb ...
Unpacking libboost-serialization1.74-dev:amd64 (1.74.0-11) ...
Selecting previously unselected package libboost-serialization-dev:amd64.
Preparing to unpack .../109-libboost-serialization-dev_1.74.0.3_amd64.deb ...
Unpacking libboost-serialization-dev:amd64 (1.74.0.3) ...
Selecting previously unselected package libboost-system1.74.0:amd64.
Preparing to unpack .../110-libboost-system1.74.0_1.74.0-11_amd64.deb ...
Unpacking libboost-system1.74.0:amd64 (1.74.0-11) ...
Selecting previously unselected package libboost-system1.74-dev:amd64.
Preparing to unpack .../111-libboost-system1.74-dev_1.74.0-11_amd64.deb ...
Unpacking libboost-system1.74-dev:amd64 (1.74.0-11) ...
Selecting previously unselected package libboost-system-dev:amd64.
Preparing to unpack .../112-libboost-system-dev_1.74.0.3_amd64.deb ...
Unpacking libboost-system-dev:amd64 (1.74.0.3) ...
Selecting previously unselected package libcurl4-openssl-dev:amd64.
Preparing to unpack .../113-libcurl4-openssl-dev_7.74.0-1.3+b1_amd64.deb ...
Unpacking libcurl4-openssl-dev:amd64 (7.74.0-1.3+b1) ...
Selecting previously unselected package libgtest-dev:amd64.
Preparing to unpack .../114-libgtest-dev_1.11.0-2_amd64.deb ...
Unpacking libgtest-dev:amd64 (1.11.0-2) ...
Selecting previously unselected package libjs-jquery.
Preparing to unpack .../115-libjs-jquery_3.5.1+dfsg+~3.5.5-8_all.deb ...
Unpacking libjs-jquery (3.5.1+dfsg+~3.5.5-8) ...
Selecting previously unselected package libjsoncpp-dev:amd64.
Preparing to unpack .../116-libjsoncpp-dev_1.9.4-5_amd64.deb ...
Unpacking libjsoncpp-dev:amd64 (1.9.4-5) ...
Selecting previously unselected package libprocess-cpp3:amd64.
Preparing to unpack .../117-libprocess-cpp3_3.0.1-8+b1_amd64.deb ...
Unpacking libprocess-cpp3:amd64 (3.0.1-8+b1) ...
Selecting previously unselected package libproperties-cpp-dev:amd64.
Preparing to unpack .../118-libproperties-cpp-dev_0.0.2-6_amd64.deb ...
Unpacking libproperties-cpp-dev:amd64 (0.0.2-6) ...
Selecting previously unselected package libprocess-cpp-dev:amd64.
Preparing to unpack .../119-libprocess-cpp-dev_3.0.1-8+b1_amd64.deb ...
Unpacking libprocess-cpp-dev:amd64 (3.0.1-8+b1) ...
Selecting previously unselected package lsb-release.
Preparing to unpack .../120-lsb-release_11.1.0_all.deb ...
Unpacking lsb-release (11.1.0) ...
Selecting previously unselected package pkg-config.
Preparing to unpack .../121-pkg-config_0.29.2-1_amd64.deb ...
Unpacking pkg-config (0.29.2-1) ...
Selecting previously unselected package pkg-kde-tools.
Preparing to unpack .../122-pkg-kde-tools_0.15.32_all.deb ...
Unpacking pkg-kde-tools (0.15.32) ...
Selecting previously unselected package python-babel-localedata.
Preparing to unpack .../123-python-babel-localedata_2.8.0+dfsg.1-7_all.deb ...
Unpacking python-babel-localedata (2.8.0+dfsg.1-7) ...
Selecting previously unselected package python3-pkg-resources.
Preparing to unpack .../124-python3-pkg-resources_58.2.0-1_all.deb ...
Unpacking python3-pkg-resources (58.2.0-1) ...
Selecting previously unselected package python3-tz.
Preparing to unpack .../125-python3-tz_2021.3-1_all.deb ...
Unpacking python3-tz (2021.3-1) ...
Selecting previously unselected package python3-babel.
Preparing to unpack .../126-python3-babel_2.8.0+dfsg.1-7_all.deb ...
Unpacking python3-babel (2.8.0+dfsg.1-7) ...
Selecting previously unselected package python3-brotli.
Preparing to unpack .../127-python3-brotli_1.0.9-2+b2_amd64.deb ...
Unpacking python3-brotli (1.0.9-2+b2) ...
Selecting previously unselected package python3-colorama.
Preparing to unpack .../128-python3-colorama_0.4.4-1_all.deb ...
Unpacking python3-colorama (0.4.4-1) ...
Selecting previously unselected package python3-click.
Preparing to unpack .../129-python3-click_8.0.2-1_all.deb ...
Unpacking python3-click (8.0.2-1) ...
Selecting previously unselected package python3-decorator.
Preparing to unpack .../130-python3-decorator_4.4.2-2_all.deb ...
Unpacking python3-decorator (4.4.2-2) ...
Selecting previously unselected package python3-itsdangerous.
Preparing to unpack .../131-python3-itsdangerous_2.0.1-1_all.deb ...
Unpacking python3-itsdangerous (2.0.1-1) ...
Selecting previously unselected package python3-markupsafe.
Preparing to unpack .../132-python3-markupsafe_2.0.1-2_amd64.deb ...
Unpacking python3-markupsafe (2.0.1-2) ...
Selecting previously unselected package python3-jinja2.
Preparing to unpack .../133-python3-jinja2_3.0.1-2_all.deb ...
Unpacking python3-jinja2 (3.0.1-2) ...
Selecting previously unselected package python3-werkzeug.
Preparing to unpack .../134-python3-werkzeug_2.0.1+dfsg1-2_all.deb ...
Unpacking python3-werkzeug (2.0.1+dfsg1-2) ...
Selecting previously unselected package python3-flask.
Preparing to unpack .../135-python3-flask_2.0.1-2_all.deb ...
Unpacking python3-flask (2.0.1-2) ...
Selecting previously unselected package python3-six.
Preparing to unpack .../136-python3-six_1.16.0-2_all.deb ...
Unpacking python3-six (1.16.0-2) ...
Selecting previously unselected package python3-httpbin.
Preparing to unpack .../137-python3-httpbin_0.7.0+dfsg-1_all.deb ...
Unpacking python3-httpbin (0.7.0+dfsg-1) ...
Selecting previously unselected package rdfind.
Preparing to unpack .../138-rdfind_1.5.0-1_amd64.deb ...
Unpacking rdfind (1.5.0-1) ...
Selecting previously unselected package symlinks.
Preparing to unpack .../139-symlinks_1.4-4_amd64.deb ...
Unpacking symlinks (1.4-4) ...
Selecting previously unselected package cmake-extras.
Preparing to unpack .../140-cmake-extras_1.5-7_all.deb ...
Unpacking cmake-extras (1.5-7) ...
Selecting previously unselected package sbuild-build-depends-main-dummy.
Preparing to unpack .../141-sbuild-build-depends-main-dummy_0.invalid.0_amd64.deb ...
Unpacking sbuild-build-depends-main-dummy (0.invalid.0) ...
Setting up libproperties-cpp-dev:amd64 (0.0.2-6) ...
Setting up media-types (4.0.0) ...
Setting up libpipeline1:amd64 (1.5.3-1) ...
Setting up libboost-system1.74.0:amd64 (1.74.0-11) ...
Setting up libgraphite2-3:amd64 (1.3.14-1) ...
Setting up libpixman-1-0:amd64 (0.40.0-1) ...
Setting up symlinks (1.4-4) ...
Setting up libxapian30:amd64 (1.4.18-3) ...
Setting up libxau6:amd64 (1:1.0.9-1) ...
Setting up libxdmcp6:amd64 (1:1.1.2-3) ...
Setting up libpsl5:amd64 (0.21.0-1.2) ...
Setting up libxcb1:amd64 (1.14-3) ...
Setting up bsdextrautils (2.37.2-4) ...
update-alternatives: using /usr/bin/write.ul to provide /usr/bin/write (write) in auto mode
Setting up libdatrie1:amd64 (0.2.13-2) ...
Setting up libmagic-mgc (1:5.39-3) ...
Setting up libarchive13:amd64 (3.4.3-2+b1) ...
Setting up libxcb-render0:amd64 (1.14-3) ...
Setting up libarchive-zip-perl (1.68-1) ...
Setting up libglib2.0-0:amd64 (2.70.0-3) ...
No schema files found: doing nothing.
Setting up distro-info-data (0.52) ...
Setting up libboost-iostreams1.74.0:amd64 (1.74.0-11) ...
Setting up libgcc-10-dev:amd64 (10.3.0-11) ...
Setting up libdebhelper-perl (13.5.2) ...
Setting up libbrotli1:amd64 (1.0.9-2+b2) ...
Setting up rdfind (1.5.0-1) ...
Setting up libsqlite3-0:amd64 (3.36.0-2) ...
Setting up liblab-gamut1:amd64 (2.42.2-5) ...
Setting up x11-common (1:7.7+23) ...
invoke-rc.d: could not determine current runlevel
All runlevel operations denied by policy
invoke-rc.d: policy-rc.d denied execution of restart.
Setting up libnghttp2-14:amd64 (1.43.0-1) ...
Setting up libmagic1:amd64 (1:5.39-3) ...
Setting up libdeflate0:amd64 (1.8-1) ...
Setting up gettext-base (0.21-4) ...
Setting up libxcb-shm0:amd64 (1.14-3) ...
Setting up file (1:5.39-3) ...
Setting up googletest (1.11.0-2) ...
Setting up libjbig0:amd64 (2.1-3.1+b2) ...
Setting up python-babel-localedata (2.8.0+dfsg.1-7) ...
Setting up libsasl2-modules-db:amd64 (2.1.27+dfsg-2.1) ...
Setting up libgts-0.7-5:amd64 (0.7.6+darcs121130-4+b1) ...
Setting up autotools-dev (20180224.1+nmu1) ...
Setting up libuv1:amd64 (1.42.0-1) ...
Setting up libllvm11:amd64 (1:11.1.0-4) ...
Setting up libjpeg62-turbo:amd64 (1:2.0.6-4) ...
Setting up emacsen-common (3.0.4) ...
Setting up libx11-data (2:1.7.2-2) ...
Setting up librtmp1:amd64 (2.4+20151223.gitfa8646d.1-2+b2) ...
Setting up dh-elpa-helper (2.0.9) ...
Setting up libpathplan4:amd64 (2.42.2-5) ...
Setting up libann0 (1.1.2+doc-7) ...
Setting up libncurses6:amd64 (6.2+20210905-1) ...
Setting up libsigsegv2:amd64 (2.13-1) ...
Setting up libfribidi0:amd64 (1.0.8-2) ...
Setting up libpng16-16:amd64 (1.6.37-3) ...
Setting up libclang1-11 (1:11.1.0-4) ...
Setting up autopoint (0.21-4) ...
Setting up libwebp6:amd64 (0.6.1-2.1) ...
Setting up pkg-config (0.29.2-1) ...
Setting up fonts-dejavu-core (2.37-2) ...
Setting up libncursesw6:amd64 (6.2+20210905-1) ...
Setting up libltdl7:amd64 (2.4.6-15) ...
Setting up libsasl2-2:amd64 (2.1.27+dfsg-2.1) ...
Setting up libjsoncpp24:amd64 (1.9.4-5) ...
Setting up libboost-serialization1.74.0:amd64 (1.74.0-11) ...
Setting up libprocess-cpp3:amd64 (3.0.1-8+b1) ...
Setting up dwz (0.14-1) ...
Setting up sensible-utils (0.0.17) ...
Setting up librhash0:amd64 (1.4.2-1) ...
Setting up libuchardet0:amd64 (0.0.7-1) ...
Setting up libmpdec3:amd64 (2.5.1-2) ...
Setting up libsub-override-perl (0.09-2) ...
Setting up libx11-6:amd64 (2:1.7.2-2+b1) ...
Setting up libthai-data (0.1.28-4.1) ...
Setting up libssh2-1:amd64 (1.10.0-2) ...
Setting up cmake-data (3.21.3-5) ...
Setting up libcdt5:amd64 (2.42.2-5) ...
Setting up libcgraph6:amd64 (2.42.2-5) ...
Setting up libtiff5:amd64 (4.3.0-2) ...
Setting up libjs-jquery (3.5.1+dfsg+~3.5.5-8) ...
Setting up readline-common (8.1-2) ...
Setting up libprocps8:amd64 (2:3.3.17-5) ...
Setting up libfile-stripnondeterminism-perl (1.12.0-2) ...
Setting up libice6:amd64 (2:1.0.10-1) ...
Setting up libjsoncpp-dev:amd64 (1.9.4-5) ...
Setting up gettext (0.21-4) ...
Setting up libstdc++-10-dev:amd64 (10.3.0-11) ...
Setting up libboost1.74-dev:amd64 (1.74.0-11) ...
Setting up libgtest-dev:amd64 (1.11.0-2) ...
Setting up libxpm4:amd64 (1:3.5.12-1) ...
Setting up libxrender1:amd64 (1:0.9.10-1) ...
Setting up libtool (2.4.6-15) ...
Setting up libreadline8:amd64 (8.1-2) ...
Setting up libxext6:amd64 (2:1.3.4-1) ...
Setting up libldap-2.4-2:amd64 (2.4.59+dfsg-1) ...
Setting up m4 (1.4.18-5) ...
Setting up intltool-debian (0.35.0+20060710.5) ...
Setting up libclang-cpp11 (1:11.1.0-4) ...
Setting up libthai0:amd64 (0.1.28-4.1) ...
Setting up doxygen (1.9.1-2) ...
Setting up libfreetype6:amd64 (2.11.0+dfsg-1) ...
Setting up libprocess-cpp-dev:amd64 (3.0.1-8+b1) ...
Setting up libboost-system1.74-dev:amd64 (1.74.0-11) ...
Setting up ucf (3.0043) ...
Setting up autoconf (2.71-2) ...
Setting up libboost-serialization1.74-dev:amd64 (1.74.0-11) ...
Setting up dh-strip-nondeterminism (1.12.0-2) ...
Setting up libgvpr2:amd64 (2.42.2-5) ...
Setting up groff-base (1.22.4-7) ...
Setting up procps (2:3.3.17-5) ...
Setting up libcurl4:amd64 (7.74.0-1.3+b1) ...
Setting up libharfbuzz0b:amd64 (2.7.4-1) ...
Setting up libboost-dev:amd64 (1.74.0.3) ...
Setting up libsm6:amd64 (2:1.2.3-1) ...
Setting up libpython3.9-stdlib:amd64 (3.9.7-4) ...
Setting up libpython3-stdlib:amd64 (3.9.2-3) ...
Setting up automake (1:1.16.5-1) ...
update-alternatives: using /usr/bin/automake-1.16 to provide /usr/bin/automake (automake) in auto mode
Setting up fontconfig-config (2.13.1-4.2) ...
Setting up po-debconf (1.0.21+nmu1) ...
Setting up libboost-system-dev:amd64 (1.74.0.3) ...
Setting up man-db (2.9.4-2) ...
Not building database; man-db/auto-update is not 'true'.
Setting up dh-autoreconf (20) ...
Setting up libcurl4-openssl-dev:amd64 (7.74.0-1.3+b1) ...
Setting up libboost-serialization-dev:amd64 (1.74.0.3) ...
Setting up libxt6:amd64 (1:1.2.0-1) ...
Setting up cmake (3.21.3-5) ...
Setting up libfontconfig1:amd64 (2.13.1-4.2) ...
Setting up python3.9 (3.9.7-4) ...
Setting up fontconfig (2.13.1-4.2) ...
Regenerating fonts cache... done.
Setting up libxmu6:amd64 (2:1.1.2-2+b3) ...
Setting up libpango-1.0-0:amd64 (1.48.10+ds1-1) ...
Setting up debhelper (13.5.2) ...
Setting up python3 (3.9.2-3) ...
Setting up libxaw7:amd64 (2:1.0.13-1.1) ...
Setting up python3-markupsafe (2.0.1-2) ...
Setting up libcairo2:amd64 (1.16.0-5) ...
Setting up python3-tz (2021.3-1) ...
Setting up python3-six (1.16.0-2) ...
Setting up python3-decorator (4.4.2-2) ...
Setting up cmake-extras (1.5-7) ...
Setting up python3-werkzeug (2.0.1+dfsg1-2) ...
Setting up python3-brotli (1.0.9-2+b2) ...
Setting up libgd3:amd64 (2.3.0-2) ...
Setting up pkg-kde-tools (0.15.32) ...
Setting up libpangoft2-1.0-0:amd64 (1.48.10+ds1-1) ...
Setting up lsb-release (11.1.0) ...
Setting up libpangocairo-1.0-0:amd64 (1.48.10+ds1-1) ...
Setting up python3-pkg-resources (58.2.0-1) ...
Setting up python3-babel (2.8.0+dfsg.1-7) ...
update-alternatives: using /usr/bin/pybabel-python3 to provide /usr/bin/pybabel (pybabel) in auto mode
Setting up python3-colorama (0.4.4-1) ...
Setting up python3-itsdangerous (2.0.1-1) ...
Setting up python3-click (8.0.2-1) ...
Setting up python3-jinja2 (3.0.1-2) ...
Setting up libgvc6 (2.42.2-5) ...
Setting up graphviz (2.42.2-5) ...
Setting up python3-flask (2.0.1-2) ...
Setting up python3-httpbin (0.7.0+dfsg-1) ...
Setting up sbuild-build-depends-main-dummy (0.invalid.0) ...
Processing triggers for libc-bin (2.32-4) ...

+------------------------------------------------------------------------------+
| Check architectures                                                          |
+------------------------------------------------------------------------------+

Arch check ok (amd64 included in any all)

+------------------------------------------------------------------------------+
| Build environment                                                            |
+------------------------------------------------------------------------------+

Kernel: Linux 4.19.0-6-cloud-amd64 #1 SMP Debian 4.19.67-2+deb10u2 (2019-11-11) amd64 (x86_64)
Toolchain package versions: binutils_2.37-7 dpkg-dev_1.20.9 g++-11_11.2.0-10 gcc-11_11.2.0-10 libc6-dev_2.32-4 libstdc++-10-dev_10.3.0-11 libstdc++-11-dev_11.2.0-10 libstdc++6_11.2.0-10 linux-libc-dev_5.14.12-1
Package versions: adduser_3.118 apt_2.3.11 autoconf_2.71-2 automake_1:1.16.5-1 autopoint_0.21-4 autotools-dev_20180224.1+nmu1 base-files_12 base-passwd_3.5.52 bash_5.1-3+b2 binutils_2.37-7 binutils-common_2.37-7 binutils-x86-64-linux-gnu_2.37-7 bsdextrautils_2.37.2-4 bsdutils_1:2.37.2-4 build-essential_12.9 bzip2_1.0.8-4 clang-12_1:12.0.1-15 cmake_3.21.3-5 cmake-data_3.21.3-5 cmake-extras_1.5-7 coreutils_8.32-4+b1 cpp_4:11.2.0-2 cpp-11_11.2.0-10 dash_0.5.11+git20210120+802ebd4-2 debconf_1.5.78 debhelper_13.5.2 debian-archive-keyring_2021.1.1 debianutils_5.5-1 dh-autoreconf_20 dh-elpa-helper_2.0.9 dh-strip-nondeterminism_1.12.0-2 diffutils_1:3.7-5 distro-info-data_0.52 doxygen_1.9.1-2 dpkg_1.20.9 dpkg-dev_1.20.9 dwz_0.14-1 e2fsprogs_1.46.4-1 emacsen-common_3.0.4 fakeroot_1.26-1 file_1:5.39-3 findutils_4.8.0-1 fontconfig_2.13.1-4.2 fontconfig-config_2.13.1-4.2 fonts-dejavu-core_2.37-2 g++_4:11.2.0-2 g++-11_11.2.0-10 gcc_4:11.2.0-2 gcc-10-base_10.3.0-11 gcc-11_11.2.0-10 gcc-11-base_11.2.0-10 gcc-9-base_9.4.0-3 gettext_0.21-4 gettext-base_0.21-4 googletest_1.11.0-2 gpgv_2.2.27-2 graphviz_2.42.2-5 grep_3.7-1 groff-base_1.22.4-7 gzip_1.10-4 hostname_3.23 init-system-helpers_1.60 intltool-debian_0.35.0+20060710.5 lib32gcc-s1_11.2.0-10 lib32stdc++6_11.2.0-10 libacl1_2.3.1-1 libann0_1.1.2+doc-7 libapt-pkg6.0_2.3.11 libarchive-zip-perl_1.68-1 libarchive13_3.4.3-2+b1 libasan5_9.4.0-3 libasan6_11.2.0-10 libatomic1_11.2.0-10 libattr1_1:2.5.1-1 libaudit-common_1:3.0.6-1 libaudit1_1:3.0.6-1 libbinutils_2.37-7 libblkid1_2.37.2-4 libboost-dev_1.74.0.3 libboost-iostreams1.74.0_1.74.0-11 libboost-serialization-dev_1.74.0.3 libboost-serialization1.74-dev_1.74.0-11 libboost-serialization1.74.0_1.74.0-11 libboost-system-dev_1.74.0.3 libboost-system1.74-dev_1.74.0-11 libboost-system1.74.0_1.74.0-11 libboost1.74-dev_1.74.0-11 libbrotli1_1.0.9-2+b2 libbsd0_0.11.3-1 libbz2-1.0_1.0.8-4 libc-bin_2.32-4 libc-dev-bin_2.32-4 libc6_2.32-4 libc6-dev_2.32-4 libc6-i386_2.32-4 libcairo2_1.16.0-5 libcap-ng0_0.7.9-2.2+b1 libcap2_1:2.44-1 libcc1-0_11.2.0-10 libcdt5_2.42.2-5 libcgraph6_2.42.2-5 libclang-common-12-dev_1:12.0.1-15 libclang-cpp11_1:11.1.0-4 libclang-cpp12_1:12.0.1-15 libclang1-11_1:11.1.0-4 libclang1-12_1:12.0.1-15 libcom-err2_1.46.4-1 libcrypt-dev_1:4.4.25-2 libcrypt1_1:4.4.25-2 libctf-nobfd0_2.37-7 libctf0_2.37-7 libcurl4_7.74.0-1.3+b1 libcurl4-openssl-dev_7.74.0-1.3+b1 libdatrie1_0.2.13-2 libdb5.3_5.3.28+dfsg1-0.8 libdebconfclient0_0.260 libdebhelper-perl_13.5.2 libdeflate0_1.8-1 libdpkg-perl_1.20.9 libedit2_3.1-20210910-1 libelf1_0.185-2 libexpat1_2.4.1-3 libext2fs2_1.46.4-1 libfakeroot_1.26-1 libffi8_3.4.2-3 libfile-stripnondeterminism-perl_1.12.0-2 libfontconfig1_2.13.1-4.2 libfreetype6_2.11.0+dfsg-1 libfribidi0_1.0.8-2 libgc1_1:8.0.4-3 libgcc-10-dev_10.3.0-11 libgcc-11-dev_11.2.0-10 libgcc-9-dev_9.4.0-3 libgcc-s1_11.2.0-10 libgcrypt20_1.9.4-3+b1 libgd3_2.3.0-2 libgdbm-compat4_1.22-1 libgdbm6_1.22-1 libglib2.0-0_2.70.0-3 libgmp10_2:6.2.1+dfsg-2 libgnutls30_3.7.2-2 libgomp1_11.2.0-10 libgpg-error0_1.42-3 libgraphite2-3_1.3.14-1 libgssapi-krb5-2_1.18.3-7 libgtest-dev_1.11.0-2 libgts-0.7-5_0.7.6+darcs121130-4+b1 libgvc6_2.42.2-5 libgvpr2_2.42.2-5 libharfbuzz0b_2.7.4-1 libhogweed6_3.7.3-1 libice6_2:1.0.10-1 libicu67_67.1-7 libidn2-0_2.3.2-2 libisl23_0.24-2 libitm1_11.2.0-10 libjbig0_2.1-3.1+b2 libjpeg62-turbo_1:2.0.6-4 libjs-jquery_3.5.1+dfsg+~3.5.5-8 libjsoncpp-dev_1.9.4-5 libjsoncpp24_1.9.4-5 libk5crypto3_1.18.3-7 libkeyutils1_1.6.1-2 libkrb5-3_1.18.3-7 libkrb5support0_1.18.3-7 liblab-gamut1_2.42.2-5 libldap-2.4-2_2.4.59+dfsg-1 libllvm11_1:11.1.0-4 libllvm12_1:12.0.1-15 liblsan0_11.2.0-10 libltdl7_2.4.6-15 liblz4-1_1.9.3-2 liblzma5_5.2.5-2 libmagic-mgc_1:5.39-3 libmagic1_1:5.39-3 libmd0_1.0.4-1 libmount1_2.37.2-4 libmpc3_1.2.1-1 libmpdec3_2.5.1-2 libmpfr6_4.1.0-3 libncurses6_6.2+20210905-1 libncursesw6_6.2+20210905-1 libnettle8_3.7.3-1 libnghttp2-14_1.43.0-1 libnsl-dev_1.3.0-2 libnsl2_1.3.0-2 libobjc-11-dev_11.2.0-10 libobjc-9-dev_9.4.0-3 libobjc4_11.2.0-10 libomp-12-dev_1:12.0.1-15 libomp5-12_1:12.0.1-15 libp11-kit0_0.24.0-5 libpam-modules_1.4.0-10 libpam-modules-bin_1.4.0-10 libpam-runtime_1.4.0-10 libpam0g_1.4.0-10 libpango-1.0-0_1.48.10+ds1-1 libpangocairo-1.0-0_1.48.10+ds1-1 libpangoft2-1.0-0_1.48.10+ds1-1 libpathplan4_2.42.2-5 libpcre2-8-0_10.36-2 libpcre3_2:8.39-13 libperl5.32_5.32.1-6 libpipeline1_1.5.3-1 libpixman-1-0_0.40.0-1 libpng16-16_1.6.37-3 libprocess-cpp-dev_3.0.1-8+b1 libprocess-cpp3_3.0.1-8+b1 libprocps8_2:3.3.17-5 libproperties-cpp-dev_0.0.2-6 libpsl5_0.21.0-1.2 libpython3-stdlib_3.9.2-3 libpython3.9-minimal_3.9.7-4 libpython3.9-stdlib_3.9.7-4 libquadmath0_11.2.0-10 libreadline8_8.1-2 librhash0_1.4.2-1 librtmp1_2.4+20151223.gitfa8646d.1-2+b2 libsasl2-2_2.1.27+dfsg-2.1 libsasl2-modules-db_2.1.27+dfsg-2.1 libseccomp2_2.5.2-2 libselinux1_3.1-3 libsemanage-common_3.1-1 libsemanage1_3.1-1+b2 libsepol1_3.1-1 libsigsegv2_2.13-1 libsm6_2:1.2.3-1 libsmartcols1_2.37.2-4 libsqlite3-0_3.36.0-2 libss2_1.46.4-1 libssh2-1_1.10.0-2 libssl1.1_1.1.1l-1 libstdc++-10-dev_10.3.0-11 libstdc++-11-dev_11.2.0-10 libstdc++6_11.2.0-10 libsub-override-perl_0.09-2 libsystemd0_249.5-1 libtasn1-6_4.17.0-2 libthai-data_0.1.28-4.1 libthai0_0.1.28-4.1 libtiff5_4.3.0-2 libtinfo6_6.2+20210905-1 libtirpc-common_1.3.2-2 libtirpc-dev_1.3.2-2 libtirpc3_1.3.2-2 libtool_2.4.6-15 libtsan0_11.2.0-10 libubsan1_11.2.0-10 libuchardet0_0.0.7-1 libudev1_249.5-1 libunistring2_0.9.10-6 libunwind-12_1:12.0.1-15 libuuid1_2.37.2-4 libuv1_1.42.0-1 libwebp6_0.6.1-2.1 libx11-6_2:1.7.2-2+b1 libx11-data_2:1.7.2-2 libxapian30_1.4.18-3 libxau6_1:1.0.9-1 libxaw7_2:1.0.13-1.1 libxcb-render0_1.14-3 libxcb-shm0_1.14-3 libxcb1_1.14-3 libxdmcp6_1:1.1.2-3 libxext6_2:1.3.4-1 libxml2_2.9.12+dfsg-5 libxmu6_2:1.1.2-2+b3 libxpm4_1:3.5.12-1 libxrender1_1:0.9.10-1 libxt6_1:1.2.0-1 libxxhash0_0.8.0-2 libz3-4_4.8.12-1+b1 libzstd1_1.4.8+dfsg-3 linux-libc-dev_5.14.12-1 llvm-12-linker-tools_1:12.0.1-15 login_1:4.8.1-1 logsave_1.46.4-1 lsb-base_11.1.0 lsb-release_11.1.0 m4_1.4.18-5 make_4.3-4.1 man-db_2.9.4-2 mawk_1.3.4.20200120-2 media-types_4.0.0 mount_2.37.2-4 ncurses-base_6.2+20210905-1 ncurses-bin_6.2+20210905-1 passwd_1:4.8.1-1 patch_2.7.6-7 perl_5.32.1-6 perl-base_5.32.1-6 perl-modules-5.32_5.32.1-6 pkg-config_0.29.2-1 pkg-kde-tools_0.15.32 po-debconf_1.0.21+nmu1 procps_2:3.3.17-5 python-babel-localedata_2.8.0+dfsg.1-7 python3_3.9.2-3 python3-babel_2.8.0+dfsg.1-7 python3-brotli_1.0.9-2+b2 python3-click_8.0.2-1 python3-colorama_0.4.4-1 python3-decorator_4.4.2-2 python3-flask_2.0.1-2 python3-httpbin_0.7.0+dfsg-1 python3-itsdangerous_2.0.1-1 python3-jinja2_3.0.1-2 python3-markupsafe_2.0.1-2 python3-minimal_3.9.2-3 python3-pkg-resources_58.2.0-1 python3-six_1.16.0-2 python3-tz_2021.3-1 python3-werkzeug_2.0.1+dfsg1-2 python3.9_3.9.7-4 python3.9-minimal_3.9.7-4 qt5-qmake_5.15.2+dfsg-12 qt5-qmake-bin_5.15.2+dfsg-12 qtchooser_66-2 rdfind_1.5.0-1 readline-common_8.1-2 rpcsvc-proto_1.4.2-4 sbuild-build-depends-main-dummy_0.invalid.0 sed_4.8-1 sensible-utils_0.0.17 symlinks_1.4-4 sysvinit-utils_3.00-1 tar_1.34+dfsg-1 tzdata_2021e-1 ucf_3.0043 util-linux_2.37.2-4 x11-common_1:7.7+23 xz-utils_5.2.5-2 zlib1g_1:1.2.11.dfsg-2

+------------------------------------------------------------------------------+
| Build                                                                        |
+------------------------------------------------------------------------------+


Unpack source
-------------

-----BEGIN PGP SIGNED MESSAGE-----
Hash: SHA256

Format: 3.0 (quilt)
Source: net-cpp
Binary: libnet-cpp2, libnet-cpp-dev, libnet-cpp-doc
Architecture: any all
Version: 2.2.1+dfsg1-6
Maintainer: Debian UBports Team <team+ubports@tracker.debian.org>
Uploaders:  Mike Gabriel <sunweaver@debian.org>,
Homepage: https://gitlab.com/ubports/core/lib-cpp/net-cpp
Standards-Version: 4.5.0
Vcs-Browser: https://salsa.debian.org/ubports-team/net-cpp/
Vcs-Git: https://salsa.debian.org/ubports-team/net-cpp.git
Build-Depends: cmake, cmake-extras (>= 1.5-5~), debhelper-compat (= 13), doxygen, googletest, graphviz, libboost-dev (>= 1.58), libboost-serialization-dev (>= 1.58), libboost-system-dev (>= 1.58), libcurl4-openssl-dev, libgtest-dev, libjsoncpp-dev, libprocess-cpp-dev (>= 2.0.0), lsb-release, pkg-config, pkg-kde-tools, python3-httpbin, symlinks, rdfind
Package-List:
 libnet-cpp-dev deb libdevel optional arch=any
 libnet-cpp-doc deb doc optional arch=all
 libnet-cpp2 deb libs optional arch=any
Checksums-Sha1:
 74af79086dd47f500a273b1c8cf2ecaf4b88dce4 51580 net-cpp_2.2.1+dfsg1.orig.tar.xz
 f325a9d0e5d56f7e271fa07145f3f96839d9443a 10528 net-cpp_2.2.1+dfsg1-6.debian.tar.xz
Checksums-Sha256:
 a9a9ed16720f0b8b72f8c4ba26b30f0421bdddd9dfdc1b27038ce1d97c33807d 51580 net-cpp_2.2.1+dfsg1.orig.tar.xz
 a5094a725f4a858969957b264542961612ba54f89e7caffaf1781dda33d2486e 10528 net-cpp_2.2.1+dfsg1-6.debian.tar.xz
Files:
 5d58962451ab8d9ba9e4ebfa761e3290 51580 net-cpp_2.2.1+dfsg1.orig.tar.xz
 910c33a395d73b6ea27a8288c21b3a12 10528 net-cpp_2.2.1+dfsg1-6.debian.tar.xz

-----BEGIN PGP SIGNATURE-----

iQJJBAEBCAAzFiEEm/uu6GwKpf+/IgeCmvRrMCV3GzEFAl+bzK0VHHN1bndlYXZl
ckBkZWJpYW4ub3JnAAoJEJr0azAldxsxv/0QAI2I3TD5jHeoTYSXaVTL7hRfjXj2
mlh7FFgWuETLw+JiY4hcrMOPO7QwJAZXpsxLKaKPCPefvU823EP9UidAfvS/zMhn
qGibI2KaSuEbx3weCiY8rjb9wsw/nt3eAoVoZZmOrAqS4nj7WVmvpnUBMxC+KDBc
3QN732vXZ7ciSKPJZJdldbb5lOy8Dz6vMIZOp27Kve+Gj4F4dBTotZSjfOIGLsMf
rQV+tfbJEowu3yNUTjt+P649zcHMl03rRBut3Sey7+lPShdncfRBs9tzkcPKFRe3
JmJjTeUaTitYPU9Hc5JDKDyxAEP1K8aHK8SlFfT2m5yQdSMHw1u1Q8tXqkssBoBM
drY5X5U2O/UqCcws7n7pRjThB5QWD7iMLwx+IaLHwCMXol3wCjENvwcFd7sAkwJx
QWnb322wr/LuSX+YGGg415MjOy0prjbviEjBV6GdCoy9Gyli4HhOA10xaEd9OoUb
ezwuhvTStL+GFla7wCgTX1IcUq4njfbhNim9XDPzUGkxmtovpaqhzwXyhDj6UNq3
ll9ziM1peXeTQHK2JwMsU8EMInUScbfXvO/XaKOnHwCdXfvnzIexugODWcv6s7fX
5JLj2rCG1QAMnlIXxFX49xIH0Iua2JGNJgPyN7Rm7EaMFgbuTRca/rFcJ4AVp/UC
e81qg5piEAjna3nr
=Ein4
-----END PGP SIGNATURE-----

gpgv: unknown type of key resource 'trustedkeys.kbx'
gpgv: keyblock resource '/tmp/dpkg-verify-sig.0uIvuakR/trustedkeys.kbx': General error
gpgv: Signature made Fri Oct 30 08:19:57 2020 UTC
gpgv:                using RSA key 9BFBAEE86C0AA5FFBF2207829AF46B3025771B31
gpgv:                issuer "sunweaver@debian.org"
gpgv: Can't check signature: No public key
dpkg-source: warning: failed to verify signature on ./net-cpp_2.2.1+dfsg1-6.dsc
dpkg-source: info: extracting net-cpp in /<<PKGBUILDDIR>>
dpkg-source: info: unpacking net-cpp_2.2.1+dfsg1.orig.tar.xz
dpkg-source: info: unpacking net-cpp_2.2.1+dfsg1-6.debian.tar.xz
dpkg-source: info: using patch list from debian/patches/series
dpkg-source: info: applying 1001_no-bundled-httpbin.patch
dpkg-source: info: applying 1002_set-content-type-header-on-POSTs.patch
dpkg-source: info: applying 1003_port-to-new-json-cpp-API.patch
dpkg-source: info: applying 1004_INSTANTIATE_TEST_SUITE.patch
dpkg-source: info: applying 1005_typo-fix.patch
dpkg-source: info: applying 1006_doxygen-no-buildpath.patch
dpkg-source: info: applying 1007_wait-for-flask.patch
dpkg-source: info: applying 2001_no-tests-that-require-inet-access.patch

Check disk space
----------------

Sufficient free space for build

User Environment
----------------

APT_CONFIG=/var/lib/sbuild/apt.conf
HOME=/sbuild-nonexistent
LANG=C.UTF-8
LC_ALL=C.UTF-8
LOGNAME=user42
PATH=/usr/local/sbin:/usr/local/bin:/usr/sbin:/usr/bin:/sbin:/bin:/usr/games
SCHROOT_ALIAS_NAME=unstable
SCHROOT_CHROOT_NAME=sid-amd64-sbuild
SCHROOT_COMMAND=env
SCHROOT_GID=1001
SCHROOT_GROUP=user42
SCHROOT_SESSION_ID=sid-amd64-sbuild-cd2da591-6c6b-4b65-bf9b-e6da7eecb766
SCHROOT_UID=1001
SCHROOT_USER=user42
SHELL=/bin/sh
USER=user42

dpkg-buildpackage
-----------------

Command: dpkg-buildpackage -us -uc -b -rfakeroot
dpkg-buildpackage: info: source package net-cpp
dpkg-buildpackage: info: source version 2.2.1+dfsg1-6
dpkg-buildpackage: info: source distribution unstable
dpkg-buildpackage: info: source changed by Mike Gabriel <sunweaver@debian.org>
 dpkg-source --before-build .
dpkg-buildpackage: info: host architecture amd64
 debian/rules clean
dh clean --with pkgkde_symbolshelper
   debian/rules override_dh_clean
make[1]: Entering directory '/<<PKGBUILDDIR>>'
dh_clean
rm -f results.txt
make[1]: Leaving directory '/<<PKGBUILDDIR>>'
 debian/rules binary
dh binary --with pkgkde_symbolshelper
   dh_update_autotools_config
   dh_autoreconf
   dh_auto_configure
	cd obj-x86_64-linux-gnu && cmake -DCMAKE_INSTALL_PREFIX=/usr -DCMAKE_BUILD_TYPE=None -DCMAKE_INSTALL_SYSCONFDIR=/etc -DCMAKE_INSTALL_LOCALSTATEDIR=/var -DCMAKE_EXPORT_NO_PACKAGE_REGISTRY=ON -DCMAKE_FIND_USE_PACKAGE_REGISTRY=OFF -DCMAKE_FIND_PACKAGE_NO_PACKAGE_REGISTRY=ON -DCMAKE_INSTALL_RUNSTATEDIR=/run -DCMAKE_SKIP_INSTALL_ALL_DEPENDENCY=ON "-GUnix Makefiles" -DCMAKE_VERBOSE_MAKEFILE=ON -DCMAKE_INSTALL_LIBDIR=lib/x86_64-linux-gnu ..
-- The C compiler identification is Clang 12.0.1
-- The CXX compiler identification is Clang 12.0.1
-- Detecting C compiler ABI info
-- Detecting C compiler ABI info - done
-- Check for working C compiler: /usr/bin/cc - skipped
-- Detecting C compile features
-- Detecting C compile features - done
-- Detecting CXX compiler ABI info
-- Detecting CXX compiler ABI info - done
-- Check for working CXX compiler: /usr/bin/c++ - skipped
-- Detecting CXX compile features
-- Detecting CXX compile features - done
-- Looking for pthread.h
-- Looking for pthread.h - found
-- Performing Test CMAKE_HAVE_LIBC_PTHREAD
-- Performing Test CMAKE_HAVE_LIBC_PTHREAD - Failed
-- Looking for pthread_create in pthreads
-- Looking for pthread_create in pthreads - not found
-- Looking for pthread_create in pthread
-- Looking for pthread_create in pthread - found
-- Found Threads: TRUE  
-- Found Doxygen: /usr/bin/doxygen (found version "1.9.1") found components: doxygen dot 
-- Found Boost: /usr/lib/x86_64-linux-gnu/cmake/Boost-1.74.0/BoostConfig.cmake (found version "1.74.0") found components: system serialization 
-- Found CURL: /usr/lib/x86_64-linux-gnu/libcurl.so (found version "7.74.0")  
-- Found PkgConfig: /usr/bin/pkg-config (found version "0.29.2") 
-- Checking for module 'jsoncpp'
--   Found jsoncpp, version 1.9.4
-- Checking for module 'process-cpp'
--   Found process-cpp, version 3.0.0
-- Using /usr/src/googletest/googlemock/ as gmock source directory
-- Checking for module 'gtest'
--   Found gtest, version 1.11.0
-- Using GTest v1.11.0 (parsed from pkg-config)
-- Configuring done
-- Generating done
CMake Warning:
  Manually-specified variables were not used by the project:

    CMAKE_EXPORT_NO_PACKAGE_REGISTRY
    CMAKE_FIND_PACKAGE_NO_PACKAGE_REGISTRY


-- Build files have been written to: /<<PKGBUILDDIR>>/obj-x86_64-linux-gnu
   dh_auto_build
	cd obj-x86_64-linux-gnu && make -j4 "INSTALL=install --strip-program=true" VERBOSE=1
make[1]: Entering directory '/<<PKGBUILDDIR>>/obj-x86_64-linux-gnu'
/usr/bin/cmake -S/<<PKGBUILDDIR>> -B/<<PKGBUILDDIR>>/obj-x86_64-linux-gnu --check-build-system CMakeFiles/Makefile.cmake 0
/usr/bin/cmake -E cmake_progress_start /<<PKGBUILDDIR>>/obj-x86_64-linux-gnu/CMakeFiles /<<PKGBUILDDIR>>/obj-x86_64-linux-gnu//CMakeFiles/progress.marks
make  -f CMakeFiles/Makefile2 all
make[2]: Entering directory '/<<PKGBUILDDIR>>/obj-x86_64-linux-gnu'
make  -f doc/CMakeFiles/doc.dir/build.make doc/CMakeFiles/doc.dir/depend
make  -f src/CMakeFiles/net-cpp.dir/build.make src/CMakeFiles/net-cpp.dir/depend
make  -f tests/CMakeFiles/GMock.dir/build.make tests/CMakeFiles/GMock.dir/depend
make[3]: Entering directory '/<<PKGBUILDDIR>>/obj-x86_64-linux-gnu'
cd /<<PKGBUILDDIR>>/obj-x86_64-linux-gnu && /usr/bin/cmake -E cmake_depends "Unix Makefiles" /<<PKGBUILDDIR>> /<<PKGBUILDDIR>>/doc /<<PKGBUILDDIR>>/obj-x86_64-linux-gnu /<<PKGBUILDDIR>>/obj-x86_64-linux-gnu/doc /<<PKGBUILDDIR>>/obj-x86_64-linux-gnu/doc/CMakeFiles/doc.dir/DependInfo.cmake --color=
make[3]: Entering directory '/<<PKGBUILDDIR>>/obj-x86_64-linux-gnu'
cd /<<PKGBUILDDIR>>/obj-x86_64-linux-gnu && /usr/bin/cmake -E cmake_depends "Unix Makefiles" /<<PKGBUILDDIR>> /<<PKGBUILDDIR>>/tests /<<PKGBUILDDIR>>/obj-x86_64-linux-gnu /<<PKGBUILDDIR>>/obj-x86_64-linux-gnu/tests /<<PKGBUILDDIR>>/obj-x86_64-linux-gnu/tests/CMakeFiles/GMock.dir/DependInfo.cmake --color=
make[3]: Entering directory '/<<PKGBUILDDIR>>/obj-x86_64-linux-gnu'
cd /<<PKGBUILDDIR>>/obj-x86_64-linux-gnu && /usr/bin/cmake -E cmake_depends "Unix Makefiles" /<<PKGBUILDDIR>> /<<PKGBUILDDIR>>/src /<<PKGBUILDDIR>>/obj-x86_64-linux-gnu /<<PKGBUILDDIR>>/obj-x86_64-linux-gnu/src /<<PKGBUILDDIR>>/obj-x86_64-linux-gnu/src/CMakeFiles/net-cpp.dir/DependInfo.cmake --color=
make[3]: Leaving directory '/<<PKGBUILDDIR>>/obj-x86_64-linux-gnu'
make  -f tests/CMakeFiles/GMock.dir/build.make tests/CMakeFiles/GMock.dir/build
make[3]: Entering directory '/<<PKGBUILDDIR>>/obj-x86_64-linux-gnu'
make[3]: Leaving directory '/<<PKGBUILDDIR>>/obj-x86_64-linux-gnu'
make  -f doc/CMakeFiles/doc.dir/build.make doc/CMakeFiles/doc.dir/build
make[3]: Leaving directory '/<<PKGBUILDDIR>>/obj-x86_64-linux-gnu'
make  -f src/CMakeFiles/net-cpp.dir/build.make src/CMakeFiles/net-cpp.dir/build
make[3]: Entering directory '/<<PKGBUILDDIR>>/obj-x86_64-linux-gnu'
make[3]: Entering directory '/<<PKGBUILDDIR>>/obj-x86_64-linux-gnu'
[  3%] Creating directories for 'GMock'
cd /<<PKGBUILDDIR>>/obj-x86_64-linux-gnu/tests && /usr/bin/cmake -E make_directory /usr/src/googletest/googlemock
[  6%] Generating API documentation with Doxygen
cd /<<PKGBUILDDIR>>/obj-x86_64-linux-gnu/doc && /usr/bin/doxygen /<<PKGBUILDDIR>>/obj-x86_64-linux-gnu/doc/Doxyfile
[ 10%] Building CXX object src/CMakeFiles/net-cpp.dir/core/location.cpp.o
[ 13%] Building CXX object src/CMakeFiles/net-cpp.dir/core/net/error.cpp.o
cd /<<PKGBUILDDIR>>/obj-x86_64-linux-gnu/src && /usr/bin/c++ -DBOOST_ALL_NO_LIB -DBOOST_ERROR_CODE_HEADER_ONLY -DBOOST_SERIALIZATION_DYN_LINK -DBOOST_SYSTEM_DYN_LINK -Dnet_cpp_EXPORTS -I/<<PKGBUILDDIR>>/include -g -O2 -ffile-prefix-map=/<<PKGBUILDDIR>>=. -fstack-protector-strong -Wformat -Werror=format-security -Wdate-time -D_FORTIFY_SOURCE=2 -std=c++11 -Werror -Wall -fno-strict-aliasing -fvisibility=hidden -fvisibility-inlines-hidden -Wextra -fPIC -MD -MT src/CMakeFiles/net-cpp.dir/core/location.cpp.o -MF CMakeFiles/net-cpp.dir/core/location.cpp.o.d -o CMakeFiles/net-cpp.dir/core/location.cpp.o -c /<<PKGBUILDDIR>>/src/core/location.cpp
cd /<<PKGBUILDDIR>>/obj-x86_64-linux-gnu/src && /usr/bin/c++ -DBOOST_ALL_NO_LIB -DBOOST_ERROR_CODE_HEADER_ONLY -DBOOST_SERIALIZATION_DYN_LINK -DBOOST_SYSTEM_DYN_LINK -Dnet_cpp_EXPORTS -I/<<PKGBUILDDIR>>/include -g -O2 -ffile-prefix-map=/<<PKGBUILDDIR>>=. -fstack-protector-strong -Wformat -Werror=format-security -Wdate-time -D_FORTIFY_SOURCE=2 -std=c++11 -Werror -Wall -fno-strict-aliasing -fvisibility=hidden -fvisibility-inlines-hidden -Wextra -fPIC -MD -MT src/CMakeFiles/net-cpp.dir/core/net/error.cpp.o -MF CMakeFiles/net-cpp.dir/core/net/error.cpp.o.d -o CMakeFiles/net-cpp.dir/core/net/error.cpp.o -c /<<PKGBUILDDIR>>/src/core/net/error.cpp
cd /<<PKGBUILDDIR>>/obj-x86_64-linux-gnu/tests && /usr/bin/cmake -E make_directory /<<PKGBUILDDIR>>/obj-x86_64-linux-gnu/tests/gmock
cd /<<PKGBUILDDIR>>/obj-x86_64-linux-gnu/tests && /usr/bin/cmake -E make_directory /<<PKGBUILDDIR>>/obj-x86_64-linux-gnu/tests/GMock-prefix
warning: Tag 'TCL_SUBST' at line 205 of file '/<<PKGBUILDDIR>>/obj-x86_64-linux-gnu/doc/Doxyfile' has become obsolete.
         To avoid this warning please remove this line from your configuration file or upgrade it using "doxygen -u"
warning: Tag 'SYMBOL_CACHE_SIZE' at line 346 of file '/<<PKGBUILDDIR>>/obj-x86_64-linux-gnu/doc/Doxyfile' has become obsolete.
         To avoid this warning please remove this line from your configuration file or upgrade it using "doxygen -u"
warning: Tag 'COLS_IN_ALPHA_INDEX' at line 866 of file '/<<PKGBUILDDIR>>/obj-x86_64-linux-gnu/doc/Doxyfile' has become obsolete.
         To avoid this warning please remove this line from your configuration file or upgrade it using "doxygen -u"
warning: Tag 'XML_SCHEMA' at line 1478 of file '/<<PKGBUILDDIR>>/obj-x86_64-linux-gnu/doc/Doxyfile' has become obsolete.
         To avoid this warning please remove this line from your configuration file or upgrade it using "doxygen -u"
warning: Tag 'XML_DTD' at line 1484 of file '/<<PKGBUILDDIR>>/obj-x86_64-linux-gnu/doc/Doxyfile' has become obsolete.
         To avoid this warning please remove this line from your configuration file or upgrade it using "doxygen -u"
warning: Tag 'PERL_PATH' at line 1645 of file '/<<PKGBUILDDIR>>/obj-x86_64-linux-gnu/doc/Doxyfile' has become obsolete.
         To avoid this warning please remove this line from your configuration file or upgrade it using "doxygen -u"
warning: Tag 'MSCGEN_PATH' at line 1666 of file '/<<PKGBUILDDIR>>/obj-x86_64-linux-gnu/doc/Doxyfile' has become obsolete.
         To avoid this warning please remove this line from your configuration file or upgrade it using "doxygen -u"
cd /<<PKGBUILDDIR>>/obj-x86_64-linux-gnu/tests && /usr/bin/cmake -E make_directory /<<PKGBUILDDIR>>/obj-x86_64-linux-gnu/tests/GMock-prefix/tmp
cd /<<PKGBUILDDIR>>/obj-x86_64-linux-gnu/tests && /usr/bin/cmake -E make_directory /<<PKGBUILDDIR>>/obj-x86_64-linux-gnu/tests/GMock-prefix/src/GMock-stamp
cd /<<PKGBUILDDIR>>/obj-x86_64-linux-gnu/tests && /usr/bin/cmake -E make_directory /<<PKGBUILDDIR>>/obj-x86_64-linux-gnu/tests/GMock-prefix/src
Doxygen version used: 1.9.1
Searching for include files...
Searching for example files...
Searching for files in directory /<<PKGBUILDDIR>>/tests
Searching for images...
Searching for dot files...
Searching for msc files...
Searching for dia files...
Searching for files to exclude
Searching INPUT for files to process...
Searching for files in directory /<<PKGBUILDDIR>>/include
Searching for files in directory /<<PKGBUILDDIR>>/include/core
Searching for files in directory /<<PKGBUILDDIR>>/include/core/net
Searching for files in directory /<<PKGBUILDDIR>>/include/core/net/http
Searching for files in directory /<<PKGBUILDDIR>>/doc
Reading and parsing tag files
Parsing files
Preprocessing /<<PKGBUILDDIR>>/include/core/location.h...
Parsing file /<<PKGBUILDDIR>>/include/core/location.h...
Preprocessing /<<PKGBUILDDIR>>/include/core/net/error.h...
Parsing file /<<PKGBUILDDIR>>/include/core/net/error.h...
Preprocessing /<<PKGBUILDDIR>>/include/core/net/http/client.h...
Parsing file /<<PKGBUILDDIR>>/include/core/net/http/client.h...
Preprocessing /<<PKGBUILDDIR>>/include/core/net/http/content_type.h...
Parsing file /<<PKGBUILDDIR>>/include/core/net/http/content_type.h...
Preprocessing /<<PKGBUILDDIR>>/include/core/net/http/error.h...
Parsing file /<<PKGBUILDDIR>>/include/core/net/http/error.h...
Preprocessing /<<PKGBUILDDIR>>/include/core/net/http/header.h...
Parsing file /<<PKGBUILDDIR>>/include/core/net/http/header.h...
Preprocessing /<<PKGBUILDDIR>>/include/core/net/http/method.h...
Parsing file /<<PKGBUILDDIR>>/include/core/net/http/method.h...
Preprocessing /<<PKGBUILDDIR>>/include/core/net/http/request.h...
Parsing file /<<PKGBUILDDIR>>/include/core/net/http/request.h...
Preprocessing /<<PKGBUILDDIR>>/include/core/net/http/response.h...
Parsing file /<<PKGBUILDDIR>>/include/core/net/http/response.h...
Preprocessing /<<PKGBUILDDIR>>/include/core/net/http/status.h...
Parsing file /<<PKGBUILDDIR>>/include/core/net/http/status.h...
Preprocessing /<<PKGBUILDDIR>>/include/core/net/http/streaming_client.h...
Parsing file /<<PKGBUILDDIR>>/include/core/net/http/streaming_client.h...
Preprocessing /<<PKGBUILDDIR>>/include/core/net/http/streaming_request.h...
Parsing file /<<PKGBUILDDIR>>/include/core/net/http/streaming_request.h...
Preprocessing /<<PKGBUILDDIR>>/include/core/net/uri.h...
Parsing file /<<PKGBUILDDIR>>/include/core/net/uri.h...
Preprocessing /<<PKGBUILDDIR>>/include/core/net/visibility.h...
Parsing file /<<PKGBUILDDIR>>/include/core/net/visibility.h...
Building macro definition list...
Building group list...
Building directory list...
Building namespace list...
Building file list...
Building class list...
Computing nesting relations for classes...
Associating documentation with classes...
Building example list...
Searching for enumerations...
Searching for documented typedefs...
Searching for members imported via using declarations...
Searching for included using directives...
Searching for documented variables...
Building interface member list...
Building member list...
Searching for friends...
Searching for documented defines...
Computing class inheritance relations...
Computing class usage relations...
Flushing cached template relations that have become invalid...
Computing class rcd /<<PKGBUILDDIR>>/obj-x86_64-linux-gnu/tests && /usr/bin/cmake -E make_directory /<<PKGBUILDDIR>>/obj-x86_64-linux-gnu/tests/GMock-prefix/src/GMock-stamp
cd /<<PKGBUILDDIR>>/obj-x86_64-linux-gnu/tests && /usr/bin/cmake -E touch /<<PKGBUILDDIR>>/obj-x86_64-linux-gnu/tests/GMock-prefix/src/GMock-stamp/GMock-mkdir
[ 16%] No download step for 'GMock'
cd /<<PKGBUILDDIR>>/obj-x86_64-linux-gnu/tests && /usr/bin/cmake -E echo_append
cd /<<PKGBUILDDIR>>/obj-x86_64-linux-gnu/tests && /usr/bin/cmake -E touch /<<PKGBUILDDIR>>/obj-x86_64-linux-gnu/tests/GMock-prefix/src/GMock-stamp/GMock-download
[ 20%] No update step for 'GMock'
cd /<<PKGBUILDDIR>>/obj-x86_64-linux-gnu/tests && /usr/bin/cmake -E echo_append
cd /<<PKGBUILDDIR>>/obj-x86_64-linux-gnu/tests && /usr/bin/cmake -E touch /<<PKGBUILDDIR>>/obj-x86_64-linux-gnu/tests/GMock-prefix/src/GMock-stamp/GMock-update
[ 23%] No patch step for 'GMock'
cd /<<PKGBUILDDIR>>/obj-x86_64-linux-gnu/tests && /usr/bin/cmake -E echo_append
cd /<<PKGBUILDDIR>>/obj-x86_64-linux-gnu/tests && /usr/bin/cmake -E touch /<<PKGBUILDDIR>>/obj-x86_64-linux-gnu/tests/GMock-prefix/src/GMock-stamp/GMock-patch
elations...
Add enum values to enums...
Searching for member function documentation...
Creating members for template instances...
Building page list...
Search for main page...
Computing page relations...
Determining the scope of groups...
Sorting lists...
Determining which enums are documented
Computing member relations...
Building full member lists recursively...
Adding members to member groups.
Computing member references...
Inheriting documentation...
Generating disk names...
Adding source references...
Adding xrefitems...
Sorting member lists...
Setting anonymous enum type...
Computing dependencies between directories...
Generating citations page...
Counting members...
Counting data structures...
Resolving user defined references...
Finding anchors and sections in the documentation...
Transferring function references...
Combining using relations...
Adding members to index pages...
Correcting members for VHDL...
Computing tooltip texts...
Generating style sheet...
Generating search indices...
Generating example documentation...
Generating file sources...
Generating code for file client.h...
Generating code for file content_type.h...
Generating code for file error.h...
Generating code for file error.h...
Generating code for file header.h...
Generating code for file location.h...
Generating code for file method.h...
Generating code for file request.h...
Generating code for file response.h...
Generating code for file status.h...
Generating code for file streaming_client.h...
Generating code for file streaming_request.h...
Generating code for file uri.h...
Generating code for file visibility.h...
Generating file documentation...
Generating docs for file client.h...
Generating docs for file content_type.h...
Generating docs for file error.h...
Generating docs for file error.h...
Generating docs for file header.h...
Generating docs for file location.h...
Generating docs for file method.h...
Generating docs for file request.h...
Generating docs for file response.h...
Generating docs for file status.h...
Generating docs for file streaming_client.h...
Generating docs for file streaming_request.h...
Generating docs for file uri.h...
Generating docs for file visibility.h...
Generating page documentation...
Generating group documentation...
Generating class documentation...
Generating namespace index...
Generating docs for namespace core
Generating docs for compound core::Location...
Generating docs for namespace core::net
Generating docs for compound core::net::Error...
Generating docs for compound core::net::Uri...
Generating docs for namespace core::net::http
Generating docs for compound core::net::http::Client...
Generating docs for nested compound core::net::http::Client::Errors...
Generating docs for nested compound core::net::http::Client::Errors::HttpMethodNotSupported...
Generating docs for nested compound core::net::http::Client::Timings...
Generating docs for nested compound core::net::http::Client::Timings::Statistics...
Generating docs for compound core::net::http::ContentType...
Generating docs for compound core::net::http::Error...
Generating docs for compound core::net::http::Header...
Generating docs for compound core::net::http::Request...
Generating docs for nested compound core::net::http::Request::Configuration...
Generating docs for nested compound core::net::http::Request::Credentials...
Generating docs for nested compound core::net::http::Request::Errors...
Generating docs for nested compound core::net::http::Request::Errors::AlreadyActive...
Generating docs for nested compound core::net::http::Request::Handler...
Generating docs for nested compound core::net::http::Request::Progress...
Generating docs for compound core::net::http::Response...
Generating docs for compound core::net::http::StreamingClient...
Generating docs for compound core::net::http::StreamingRequest...
Generating graph info page...
Generating directory documentation...
Generating dependency graph for directory core
Generating dependency graph for directory http
Generating dependency graph for directory net
Generating index page...
Gener[ 26%] Performing configure step for 'GMock'
cd /<<PKGBUILDDIR>>/obj-x86_64-linux-gnu/tests/gmock && /usr/bin/cmake -DCMAKE_CXX_COMPILER=/usr/bin/c++ "-DCMAKE_CXX_FLAGS=-g -O2 -ffile-prefix-map=/<<PKGBUILDDIR>>=. -fstack-protector-strong -Wformat -Werror=format-security -Wdate-time -D_FORTIFY_SOURCE=2 -std=c++11 -Werror -Wall -fno-strict-aliasing -fvisibility=hidden -fvisibility-inlines-hidden -Wextra -g -Wno-old-style-cast -Wno-missing-field-initializers -Wno-ctor-dtor-privacy -Wno-switch-default" "-GUnix Makefiles" /usr/src/googletest/googlemock
Re-run cmake no build system arguments
[ 30%] Building CXX object src/CMakeFiles/net-cpp.dir/core/net/uri.cpp.o
cd /<<PKGBUILDDIR>>/obj-x86_64-linux-gnu/src && /usr/bin/c++ -DBOOST_ALL_NO_LIB -DBOOST_ERROR_CODE_HEADER_ONLY -DBOOST_SERIALIZATION_DYN_LINK -DBOOST_SYSTEM_DYN_LINK -Dnet_cpp_EXPORTS -I/<<PKGBUILDDIR>>/include -g -O2 -ffile-prefix-map=/<<PKGBUILDDIR>>=. -fstack-protector-strong -Wformat -Werror=format-security -Wdate-time -D_FORTIFY_SOURCE=2 -std=c++11 -Werror -Wall -fno-strict-aliasing -fvisibility=hidden -fvisibility-inlines-hidden -Wextra -fPIC -MD -MT src/CMakeFiles/net-cpp.dir/core/net/uri.cpp.o -MF CMakeFiles/net-cpp.dir/core/net/uri.cpp.o.d -o CMakeFiles/net-cpp.dir/core/net/uri.cpp.o -c /<<PKGBUILDDIR>>/src/core/net/uri.cpp
-- The CXX compiler identification is Clang 12.0.1
-- The C compiler identification is Clang 12.0.1
-- Detecting CXX compiler ABI info
[ 33%] Building CXX object src/CMakeFiles/net-cpp.dir/core/net/http/client.cpp.o
cd /<<PKGBUILDDIR>>/obj-x86_64-linux-gnu/src && /usr/bin/c++ -DBOOST_ALL_NO_LIB -DBOOST_ERROR_CODE_HEADER_ONLY -DBOOST_SERIALIZATION_DYN_LINK -DBOOST_SYSTEM_DYN_LINK -Dnet_cpp_EXPORTS -I/<<PKGBUILDDIR>>/include -g -O2 -ffile-prefix-map=/<<PKGBUILDDIR>>=. -fstack-protector-strong -Wformat -Werror=format-security -Wdate-time -D_FORTIFY_SOURCE=2 -std=c++11 -Werror -Wall -fno-strict-aliasing -fvisibility=hidden -fvisibility-inlines-hidden -Wextra -fPIC -MD -MT src/CMakeFiles/net-cpp.dir/core/net/http/client.cpp.o -MF CMakeFiles/net-cpp.dir/core/net/http/client.cpp.o.d -o CMakeFiles/net-cpp.dir/core/net/http/client.cpp.o -c /<<PKGBUILDDIR>>/src/core/net/http/client.cpp
-- Detecting CXX compiler ABI info - done
-- Check for working CXX compiler: /usr/bin/c++ - skipped
-- Detecting CXX compile features
-- Detecting CXX compile features - done
-- Detecting C compiler ABI info
[ 36%] Building CXX object src/CMakeFiles/net-cpp.dir/core/net/http/error.cpp.o
cd /<<PKGBUILDDIR>>/obj-x86_64-linux-gnu/src && /usr/bin/c++ -DBOOST_ALL_NO_LIB -DBOOST_ERROR_CODE_HEADER_ONLY -DBOOST_SERIALIZATION_DYN_LINK -DBOOST_SYSTEM_DYN_LINK -Dnet_cpp_EXPORTS -I/<<PKGBUILDDIR>>/include -g -O2 -ffile-prefix-map=/<<PKGBUILDDIR>>=. -fstack-protector-strong -Wformat -Werror=format-security -Wdate-time -D_FORTIFY_SOURCE=2 -std=c++11 -Werror -Wall -fno-strict-aliasing -fvisibility=hidden -fvisibility-inlines-hidden -Wextra -fPIC -MD -MT src/CMakeFiles/net-cpp.dir/core/net/http/error.cpp.o -MF CMakeFiles/net-cpp.dir/core/net/http/error.cpp.o.d -o CMakeFiles/net-cpp.dir/core/net/http/error.cpp.o -c /<<PKGBUILDDIR>>/src/core/net/http/error.cpp
-- Detecting C compiler ABI info - done
-- Check for working C compiler: /usr/bin/cc - skipped
-- Detecting C compile features
-- Detecting C compile features - done
In file included from /<<PKGBUILDDIR>>/src/core/net/http/client.cpp:20:
In file included from /<<PKGBUILDDIR>>/src/core/net/http/impl/curl/client.h:22:
In file included from /<<PKGBUILDDIR>>/include/core/net/http/streaming_client.h:24:
/<<PKGBUILDDIR>>/include/core/net/http/streaming_request.h:47:22: error: 'core::net::http::StreamingRequest::execute' hides overloaded virtual function [-Werror,-Woverloaded-virtual]
    virtual Response execute(const ProgressHandler& ph, const DataHandler& dh) = 0;
                     ^
/<<PKGBUILDDIR>>/include/core/net/http/request.h:242:22: note: hidden overloaded virtual function 'core::net::http::Request::execute' declared here: different number of parameters (1 vs 2)
    virtual Response execute(const ProgressHandler& ph) = 0;
                     ^
In file included from /<<PKGBUILDDIR>>/src/core/net/http/client.cpp:20:
In file included from /<<PKGBUILDDIR>>/src/core/net/http/impl/curl/client.h:22:
In file included from /<<PKGBUILDDIR>>/include/core/net/http/streaming_client.h:24:
/<<PKGBUILDDIR>>/include/core/net/http/streaming_request.h:55:18: error: 'core::net::http::StreamingRequest::async_execute' hides overloaded virtual function [-Werror,-Woverloaded-virtual]
    virtual void async_execute(const Handler& handler, const DataHandler& dh) = 0;
                 ^
/<<PKGBUILDDIR>>/include/core/net/http/request.h:249:18: note: hidden overloaded virtual function 'core::net::http::Request::async_execute' declared here: different number of parameters (1 vs 2)
    virtual void async_execute(const Handler& handler) = 0;
                 ^
-- Found Python: /usr/bin/python3.9 (found version "3.9.7") found components: Interpreter 
-- Looking for pthread.h
[ 40%] Building CXX object src/CMakeFiles/net-cpp.dir/core/net/http/header.cpp.o
cd /<<PKGBUILDDIR>>/obj-x86_64-linux-gnu/src && /usr/bin/c++ -DBOOST_ALL_NO_LIB -DBOOST_ERROR_CODE_HEADER_ONLY -DBOOST_SERIALIZATION_DYN_LINK -DBOOST_SYSTEM_DYN_LINK -Dnet_cpp_EXPORTS -I/<<PKGBUILDDIR>>/include -g -O2 -ffile-prefix-map=/<<PKGBUILDDIR>>=. -fstack-protector-strong -Wformat -Werror=format-security -Wdate-time -D_FORTIFY_SOURCE=2 -std=c++11 -Werror -Wall -fno-strict-aliasing -fvisibility=hidden -fvisibility-inlines-hidden -Wextra -fPIC -MD -MT src/CMakeFiles/net-cpp.dir/core/net/http/header.cpp.o -MF CMakeFiles/net-cpp.dir/core/net/http/header.cpp.o.d -o CMakeFiles/net-cpp.dir/core/net/http/header.cpp.o -c /<<PKGBUILDDIR>>/src/core/net/http/header.cpp
-- Looking for pthread.h - found
-- Performing Test CMAKE_HAVE_LIBC_PTHREAD
In file included from /<<PKGBUILDDIR>>/src/core/net/http/client.cpp:20:
/<<PKGBUILDDIR>>/src/core/net/http/impl/curl/client.h:45:17: error: 'url_escape' overrides a member function but is not marked 'override' [-Werror,-Winconsistent-missing-override]
    std::string url_escape(const std::string& s) const;
                ^
/<<PKGBUILDDIR>>/include/core/net/http/client.h:105:25: note: overridden virtual function is here
    virtual std::string url_escape(const std::string& s) const = 0;
                        ^
In file included from /<<PKGBUILDDIR>>/src/core/net/http/client.cpp:24:
/<<PKGBUILDDIR>>/include/core/net/http/content_type.h:32:1: error: 'ContentType' defined as a struct here but previously declared as a class; this is valid, but may result in linker errors under the Microsoft C++ ABI [-Werror,-Wmismatched-tags]
struct CORE_NET_DLL_PUBLIC ContentType
^
/<<PKGBUILDDIR>>/include/core/net/http/client.h:40:1: note: did you mean struct here?
class ContentType;
^~~~~
struct
-- Performing Test CMAKE_HAVE_LIBC_PTHREAD - Failed
-- Looking for pthread_create in pthreads
4 errors generated.
make[3]: *** [src/CMakeFiles/net-cpp.dir/build.make:121: src/CMakeFiles/net-cpp.dir/core/net/http/client.cpp.o] Error 1
make[3]: *** Waiting for unfinished jobs....
-- Looking for pthread_create in pthreads - not found
-- Looking for pthread_create in pthread
-- Looking for pthread_create in pthread - found
-- Found Threads: TRUE  
-- Configuring done
-- Generating done
-- Build files have been written to: /<<PKGBUILDDIR>>/obj-x86_64-linux-gnu/tests/gmock
cd /<<PKGBUILDDIR>>/obj-x86_64-linux-gnu/tests/gmock && /usr/bin/cmake -E touch /<<PKGBUILDDIR>>/obj-x86_64-linux-gnu/tests/GMock-prefix/src/GMock-stamp/GMock-configure
[ 43%] Performing build step for 'GMock'
cd /<<PKGBUILDDIR>>/obj-x86_64-linux-gnu/tests/gmock && make
make[4]: Entering directory '/<<PKGBUILDDIR>>/obj-x86_64-linux-gnu/tests/gmock'
/usr/bin/cmake -S/usr/src/googletest/googlemock -B/<<PKGBUILDDIR>>/obj-x86_64-linux-gnu/tests/gmock --check-build-system CMakeFiles/Makefile.cmake 0
/usr/bin/cmake -E cmake_progress_start /<<PKGBUILDDIR>>/obj-x86_64-linux-gnu/tests/gmock/CMakeFiles /<<PKGBUILDDIR>>/obj-x86_64-linux-gnu/tests/gmock//CMakeFiles/progress.marks
make  -f CMakeFiles/Makefile2 all
make[5]: Entering directory '/<<PKGBUILDDIR>>/obj-x86_64-linux-gnu/tests/gmock'
make  -f /<<PKGBUILDDIR>>/obj-x86_64-linux-gnu/tests/googletest/CMakeFiles/gtest.dir/build.make /<<PKGBUILDDIR>>/obj-x86_64-linux-gnu/tests/googletest/CMakeFiles/gtest.dir/depend
make[6]: Entering directory '/<<PKGBUILDDIR>>/obj-x86_64-linux-gnu/tests/gmock'
cd /<<PKGBUILDDIR>>/obj-x86_64-linux-gnu/tests/gmock && /usr/bin/cmake -E cmake_depends "Unix Makefiles" /usr/src/googletest/googlemock /usr/src/googletest/googletest /<<PKGBUILDDIR>>/obj-x86_64-linux-gnu/tests/gmock /<<PKGBUILDDIR>>/obj-x86_64-linux-gnu/tests/googletest /<<PKGBUILDDIR>>/obj-x86_64-linux-gnu/tests/googletest/CMakeFiles/gtest.dir/DependInfo.cmake --color=
make[6]: Leaving directory '/<<PKGBUILDDIR>>/obj-x86_64-linux-gnu/tests/gmock'
make  -f /<<PKGBUILDDIR>>/obj-x86_64-linux-gnu/tests/googletest/CMakeFiles/gtest.dir/build.make /<<PKGBUILDDIR>>/obj-x86_64-linux-gnu/tests/googletest/CMakeFiles/gtest.dir/build
make[6]: Entering directory '/<<PKGBUILDDIR>>/obj-x86_64-linux-gnu/tests/gmock'
[ 12%] Building CXX object /<<PKGBUILDDIR>>/obj-x86_64-linux-gnu/tests/googletest/CMakeFiles/gtest.dir/src/gtest-all.cc.o
cd /<<PKGBUILDDIR>>/obj-x86_64-linux-gnu/tests/googletest && /usr/bin/c++  -I/usr/src/googletest/googletest/include -I/usr/src/googletest/googletest -g -O2 -ffile-prefix-map=/<<PKGBUILDDIR>>=. -fstack-protector-strong -Wformat -Werror=format-security -Wdate-time -D_FORTIFY_SOURCE=2 -std=c++11 -Werror -Wall -fno-strict-aliasing -fvisibility=hidden -fvisibility-inlines-hidden -Wextra -g -Wno-old-style-cast -Wno-missing-field-initializers -Wno-ctor-dtor-privacy -Wno-switch-default -Wall -Wshadow -Werror -Wconversion -DGTEST_HAS_PTHREAD=1 -fexceptions -W -Wpointer-arith -Wreturn-type -Wcast-qual -Wwrite-strings -Wswitch -Wunused-parameter -Wcast-align -Wchar-subscripts -Winline -Wredundant-decls -MD -MT /<<PKGBUILDDIR>>/obj-x86_64-linux-gnu/tests/googletest/CMakeFiles/gtest.dir/src/gtest-all.cc.o -MF CMakeFiles/gtest.dir/src/gtest-all.cc.o.d -o CMakeFiles/gtest.dir/src/gtest-all.cc.o -c /usr/src/googletest/googletest/src/gtest-all.cc
make[3]: Leaving directory '/<<PKGBUILDDIR>>/obj-x86_64-linux-gnu'
make[2]: *** [CMakeFiles/Makefile2:963: src/CMakeFiles/net-cpp.dir/all] Error 2
make[2]: *** Waiting for unfinished jobs....
ating page index...
Generating module index...
Generating namespace index...
Generating namespace member index...
Generating annotated compound index...
Generating alphabetical compound index...
Generating hierarchical class index...
Generating graphical class hierarchy...
Generating member index...
Generating file index...
Generating file member index...
Generating example index...
finalizing index lists...
writing tag file...
Running plantuml with JAVA...
Running dot...
Generating dot graphs in single threaded mode...
Running dot for graph 1/127
Running dot for graph 2/127
Running dot for graph 3/127
Running dot for graph 4/127
Running dot for graph 5/127
Running dot for graph 6/127
Running dot for graph 7/127
Running dot for graph 8/127
Running dot for graph 9/127
Running dot for graph 10/127
Running dot for graph 11/127
Running dot for graph 12/127
Running dot for graph 13/127
Running dot for graph 14/127
Running dot for graph 15/127
Running dot for graph 16/127
Running dot for graph 17/127
Running dot for graph 18/127
Running dot for graph 19/127
Running dot for graph 20/127
Running dot for graph 21/127
Running dot for graph 22/127
Running dot for graph 23/127
Running dot for graph 24/127
Running dot for graph 25/127
Running dot for graph 26/127
Running dot for graph 27/127
Running dot for graph 28/127
Running dot for graph 29/127
Running dot for graph 30/127
Running dot for graph 31/127
Running dot for graph 32/127
Running dot for graph 33/127
Running dot for graph 34/127
Running dot for graph 35/127
Running dot for graph 36/127
Running dot for graph 37/127
Running dot for graph 38/127
Running dot for graph 39/127
Running dot for graph 40/127
Running dot for graph 41/127
Running dot for graph 42/127
Running dot for graph 43/127
Running dot for graph 44/127
Running dot for graph 45/127
Running dot for graph 46/127
Running dot for graph 47/127
Running dot for graph 48/127
Running dot for graph 49/127
Running dot for graph 50/127
Running dot for graph 51/127
Running dot for graph 52/127
Running dot for graph 53/127
Running dot for graph 54/127
Running dot for graph 55/127
Running dot for graph 56/127
Running dot for graph 57/127
Running dot for graph 58/127
Running dot for graph 59/127
Running dot for graph 60/127
Running dot for graph 61/127
Running dot for graph 62/127
Running dot for graph 63/127
Running dot for graph 64/127
Running dot for graph 65/127
Running dot for graph 66/127
Running dot for graph 67/127
Running dot for graph 68/127
Running dot for graph 69/127
Running dot for graph 70/127
Running dot for graph 71/127
Running dot for graph 72/127
Running dot for graph 73/127
Running dot for graph 74/127
Running dot for graph 75/127
Running dot for graph 76/127
Running dot for graph 77/127
Running dot for graph 78/127
Running dot for graph 79/127
Running dot for graph 80/127
Running dot for graph 81/127
Running dot for graph 82/127
Running dot for graph 83/127
Running dot for graph 84/127
Running dot for graph 85/127
Running dot for graph 86/127
Running dot for graph 87/127
Running dot for graph 88/127
Running dot for graph 89/127
Running dot for graph 90/127
Running dot for graph 91/127
Running dot for graph 92/127
Running dot for graph 93/127
Running dot for graph 94/127
Running dot for graph 95/127
Running dot for graph 96/127
Running dot for graph 97/127
Running dot for graph 98/127
Running dot for graph 99/127
Running dot for graph 100/127
Running dot for graph 101/127
Running dot for graph 102/127
Running dot for graph 103/127
Running dot for graph 104/127
Running dot for graph 105/127
Running dot for graph 106/127
Running dot for graph 107/127
Running dot for graph 108/127
Running dot for graph 109/127
Running dot for graph 110/127
Running dot for graph 111/127
Running dot for graph 112/127
Running dot for graph 113/127
Running dot for graph 114/127
Running dot for graph 115/127
Running dot for graph 116/127
Running dot for graph 117/127
Running dot for graph 118/127
Running dot for graph 119/127
Running dot for graph 120/127
Running dot for graph 121/127
Running dot for graph 122/127
Running dot for grerror: Style sheet '/<<PKGBUILDDIR>>/doc/extra.css' specified by HTML_EXTRA_STYLESHEET does not exist!
aph 123/127
Running dot for graph 124/127
Running dot for graph 125/127
Running dot for graph 126/127
Running dot for graph 127/127
Patching output file 1/77
Patching output file 2/77
Patching output file 3/77
Patching output file 4/77
Patching output file 5/77
Patching output file 6/77
Patching output file 7/77
Patching output file 8/77
Patching output file 9/77
Patching output file 10/77
Patching output file 11/77
Patching output file 12/77
Patching output file 13/77
Patching output file 14/77
Patching output file 15/77
Patching output file 16/77
Patching output file 17/77
Patching output file 18/77
Patching output file 19/77
Patching output file 20/77
Patching output file 21/77
Patching output file 22/77
Patching output file 23/77
Patching output file 24/77
Patching output file 25/77
Patching output file 26/77
Patching output file 27/77
Patching output file 28/77
Patching output file 29/77
Patching output file 30/77
Patching output file 31/77
Patching output file 32/77
Patching output file 33/77
Patching output file 34/77
Patching output file 35/77
Patching output file 36/77
Patching output file 37/77
Patching output file 38/77
Patching output file 39/77
Patching output file 40/77
Patching output file 41/77
Patching output file 42/77
Patching output file 43/77
Patching output file 44/77
Patching output file 45/77
Patching output file 46/77
Patching output file 47/77
Patching output file 48/77
Patching output file 49/77
Patching output file 50/77
Patching output file 51/77
Patching output file 52/77
Patching output file 53/77
Patching output file 54/77
Patching output file 55/77
Patching output file 56/77
Patching output file 57/77
Patching output file 58/77
Patching output file 59/77
Patching output file 60/77
Patching output file 61/77
Patching output file 62/77
Patching output file 63/77
Patching output file 64/77
Patching output file 65/77
Patching output file 66/77
Patching output file 67/77
Patching output file 68/77
Patching output file 69/77
Patching output file 70/77
Patching output file 71/77
Patching output file 72/77
Patching output file 73/77
Patching output file 74/77
Patching output file 75/77
Patching output file 76/77
Patching output file 77/77
lookup cache used 596/65536 hits=2577 misses=836
finished...
make[3]: Leaving directory '/<<PKGBUILDDIR>>/obj-x86_64-linux-gnu'
[ 43%] Built target doc
[ 25%] Linking CXX static library /<<PKGBUILDDIR>>/obj-x86_64-linux-gnu/tests/gmock/lib/libgtest.a
cd /<<PKGBUILDDIR>>/obj-x86_64-linux-gnu/tests/googletest && /usr/bin/cmake -P CMakeFiles/gtest.dir/cmake_clean_target.cmake
cd /<<PKGBUILDDIR>>/obj-x86_64-linux-gnu/tests/googletest && /usr/bin/cmake -E cmake_link_script CMakeFiles/gtest.dir/link.txt --verbose=1
/usr/bin/ar qc /<<PKGBUILDDIR>>/obj-x86_64-linux-gnu/tests/gmock/lib/libgtest.a CMakeFiles/gtest.dir/src/gtest-all.cc.o
/usr/bin/ranlib /<<PKGBUILDDIR>>/obj-x86_64-linux-gnu/tests/gmock/lib/libgtest.a
make[6]: Leaving directory '/<<PKGBUILDDIR>>/obj-x86_64-linux-gnu/tests/gmock'
[ 25%] Built target gtest
make  -f CMakeFiles/gmock.dir/build.make CMakeFiles/gmock.dir/depend
make  -f /<<PKGBUILDDIR>>/obj-x86_64-linux-gnu/tests/googletest/CMakeFiles/gtest_main.dir/build.make /<<PKGBUILDDIR>>/obj-x86_64-linux-gnu/tests/googletest/CMakeFiles/gtest_main.dir/depend
make[6]: Entering directory '/<<PKGBUILDDIR>>/obj-x86_64-linux-gnu/tests/gmock'
cd /<<PKGBUILDDIR>>/obj-x86_64-linux-gnu/tests/gmock && /usr/bin/cmake -E cmake_depends "Unix Makefiles" /usr/src/googletest/googlemock /usr/src/googletest/googlemock /<<PKGBUILDDIR>>/obj-x86_64-linux-gnu/tests/gmock /<<PKGBUILDDIR>>/obj-x86_64-linux-gnu/tests/gmock /<<PKGBUILDDIR>>/obj-x86_64-linux-gnu/tests/gmock/CMakeFiles/gmock.dir/DependInfo.cmake --color=
make[6]: Entering directory '/<<PKGBUILDDIR>>/obj-x86_64-linux-gnu/tests/gmock'
cd /<<PKGBUILDDIR>>/obj-x86_64-linux-gnu/tests/gmock && /usr/bin/cmake -E cmake_depends "Unix Makefiles" /usr/src/googletest/googlemock /usr/src/googletest/googletest /<<PKGBUILDDIR>>/obj-x86_64-linux-gnu/tests/gmock /<<PKGBUILDDIR>>/obj-x86_64-linux-gnu/tests/googletest /<<PKGBUILDDIR>>/obj-x86_64-linux-gnu/tests/googletest/CMakeFiles/gtest_main.dir/DependInfo.cmake --color=
make[6]: Leaving directory '/<<PKGBUILDDIR>>/obj-x86_64-linux-gnu/tests/gmock'
make  -f CMakeFiles/gmock.dir/build.make CMakeFiles/gmock.dir/build
make[6]: Leaving directory '/<<PKGBUILDDIR>>/obj-x86_64-linux-gnu/tests/gmock'
make  -f /<<PKGBUILDDIR>>/obj-x86_64-linux-gnu/tests/googletest/CMakeFiles/gtest_main.dir/build.make /<<PKGBUILDDIR>>/obj-x86_64-linux-gnu/tests/googletest/CMakeFiles/gtest_main.dir/build
make[6]: Entering directory '/<<PKGBUILDDIR>>/obj-x86_64-linux-gnu/tests/gmock'
make[6]: Entering directory '/<<PKGBUILDDIR>>/obj-x86_64-linux-gnu/tests/gmock'
[ 37%] Building CXX object CMakeFiles/gmock.dir/src/gmock-all.cc.o
[ 50%] Building CXX object /<<PKGBUILDDIR>>/obj-x86_64-linux-gnu/tests/googletest/CMakeFiles/gtest_main.dir/src/gtest_main.cc.o
/usr/bin/c++  -I/usr/src/googletest/googlemock/include -I/usr/src/googletest/googlemock -isystem /usr/src/googletest/googletest/include -isystem /usr/src/googletest/googletest -g -O2 -ffile-prefix-map=/<<PKGBUILDDIR>>=. -fstack-protector-strong -Wformat -Werror=format-security -Wdate-time -D_FORTIFY_SOURCE=2 -std=c++11 -Werror -Wall -fno-strict-aliasing -fvisibility=hidden -fvisibility-inlines-hidden -Wextra -g -Wno-old-style-cast -Wno-missing-field-initializers -Wno-ctor-dtor-privacy -Wno-switch-default -Wall -Wshadow -Werror -Wconversion -DGTEST_HAS_PTHREAD=1 -fexceptions -W -Wpointer-arith -Wreturn-type -Wcast-qual -Wwrite-strings -Wswitch -Wunused-parameter -Wcast-align -Wchar-subscripts -Winline -Wredundant-decls -DGTEST_HAS_PTHREAD=1 -MD -MT CMakeFiles/gmock.dir/src/gmock-all.cc.o -MF CMakeFiles/gmock.dir/src/gmock-all.cc.o.d -o CMakeFiles/gmock.dir/src/gmock-all.cc.o -c /usr/src/googletest/googlemock/src/gmock-all.cc
cd /<<PKGBUILDDIR>>/obj-x86_64-linux-gnu/tests/googletest && /usr/bin/c++  -isystem /usr/src/googletest/googletest/include -isystem /usr/src/googletest/googletest -g -O2 -ffile-prefix-map=/<<PKGBUILDDIR>>=. -fstack-protector-strong -Wformat -Werror=format-security -Wdate-time -D_FORTIFY_SOURCE=2 -std=c++11 -Werror -Wall -fno-strict-aliasing -fvisibility=hidden -fvisibility-inlines-hidden -Wextra -g -Wno-old-style-cast -Wno-missing-field-initializers -Wno-ctor-dtor-privacy -Wno-switch-default -Wall -Wshadow -Werror -Wconversion -DGTEST_HAS_PTHREAD=1 -fexceptions -W -Wpointer-arith -Wreturn-type -Wcast-qual -Wwrite-strings -Wswitch -Wunused-parameter -Wcast-align -Wchar-subscripts -Winline -Wredundant-decls -DGTEST_HAS_PTHREAD=1 -MD -MT /<<PKGBUILDDIR>>/obj-x86_64-linux-gnu/tests/googletest/CMakeFiles/gtest_main.dir/src/gtest_main.cc.o -MF CMakeFiles/gtest_main.dir/src/gtest_main.cc.o.d -o CMakeFiles/gtest_main.dir/src/gtest_main.cc.o -c /usr/src/googletest/googletest/src/gtest_main.cc
[ 62%] Linking CXX static library /<<PKGBUILDDIR>>/obj-x86_64-linux-gnu/tests/gmock/lib/libgtest_main.a
cd /<<PKGBUILDDIR>>/obj-x86_64-linux-gnu/tests/googletest && /usr/bin/cmake -P CMakeFiles/gtest_main.dir/cmake_clean_target.cmake
cd /<<PKGBUILDDIR>>/obj-x86_64-linux-gnu/tests/googletest && /usr/bin/cmake -E cmake_link_script CMakeFiles/gtest_main.dir/link.txt --verbose=1
/usr/bin/ar qc /<<PKGBUILDDIR>>/obj-x86_64-linux-gnu/tests/gmock/lib/libgtest_main.a CMakeFiles/gtest_main.dir/src/gtest_main.cc.o
/usr/bin/ranlib /<<PKGBUILDDIR>>/obj-x86_64-linux-gnu/tests/gmock/lib/libgtest_main.a
make[6]: Leaving directory '/<<PKGBUILDDIR>>/obj-x86_64-linux-gnu/tests/gmock'
[ 62%] Built target gtest_main
[ 75%] Linking CXX static library lib/libgmock.a
/usr/bin/cmake -P CMakeFiles/gmock.dir/cmake_clean_target.cmake
/usr/bin/cmake -E cmake_link_script CMakeFiles/gmock.dir/link.txt --verbose=1
/usr/bin/ar qc lib/libgmock.a CMakeFiles/gmock.dir/src/gmock-all.cc.o
/usr/bin/ranlib lib/libgmock.a
make[6]: Leaving directory '/<<PKGBUILDDIR>>/obj-x86_64-linux-gnu/tests/gmock'
[ 75%] Built target gmock
make  -f CMakeFiles/gmock_main.dir/build.make CMakeFiles/gmock_main.dir/depend
make[6]: Entering directory '/<<PKGBUILDDIR>>/obj-x86_64-linux-gnu/tests/gmock'
cd /<<PKGBUILDDIR>>/obj-x86_64-linux-gnu/tests/gmock && /usr/bin/cmake -E cmake_depends "Unix Makefiles" /usr/src/googletest/googlemock /usr/src/googletest/googlemock /<<PKGBUILDDIR>>/obj-x86_64-linux-gnu/tests/gmock /<<PKGBUILDDIR>>/obj-x86_64-linux-gnu/tests/gmock /<<PKGBUILDDIR>>/obj-x86_64-linux-gnu/tests/gmock/CMakeFiles/gmock_main.dir/DependInfo.cmake --color=
make[6]: Leaving directory '/<<PKGBUILDDIR>>/obj-x86_64-linux-gnu/tests/gmock'
make  -f CMakeFiles/gmock_main.dir/build.make CMakeFiles/gmock_main.dir/build
make[6]: Entering directory '/<<PKGBUILDDIR>>/obj-x86_64-linux-gnu/tests/gmock'
[ 87%] Building CXX object CMakeFiles/gmock_main.dir/src/gmock_main.cc.o
/usr/bin/c++  -isystem /usr/src/googletest/googlemock/include -isystem /usr/src/googletest/googlemock -isystem /usr/src/googletest/googletest/include -isystem /usr/src/googletest/googletest -g -O2 -ffile-prefix-map=/<<PKGBUILDDIR>>=. -fstack-protector-strong -Wformat -Werror=format-security -Wdate-time -D_FORTIFY_SOURCE=2 -std=c++11 -Werror -Wall -fno-strict-aliasing -fvisibility=hidden -fvisibility-inlines-hidden -Wextra -g -Wno-old-style-cast -Wno-missing-field-initializers -Wno-ctor-dtor-privacy -Wno-switch-default -Wall -Wshadow -Werror -Wconversion -DGTEST_HAS_PTHREAD=1 -fexceptions -W -Wpointer-arith -Wreturn-type -Wcast-qual -Wwrite-strings -Wswitch -Wunused-parameter -Wcast-align -Wchar-subscripts -Winline -Wredundant-decls -DGTEST_HAS_PTHREAD=1 -MD -MT CMakeFiles/gmock_main.dir/src/gmock_main.cc.o -MF CMakeFiles/gmock_main.dir/src/gmock_main.cc.o.d -o CMakeFiles/gmock_main.dir/src/gmock_main.cc.o -c /usr/src/googletest/googlemock/src/gmock_main.cc
[100%] Linking CXX static library lib/libgmock_main.a
/usr/bin/cmake -P CMakeFiles/gmock_main.dir/cmake_clean_target.cmake
/usr/bin/cmake -E cmake_link_script CMakeFiles/gmock_main.dir/link.txt --verbose=1
/usr/bin/ar qc lib/libgmock_main.a CMakeFiles/gmock_main.dir/src/gmock_main.cc.o
/usr/bin/ranlib lib/libgmock_main.a
make[6]: Leaving directory '/<<PKGBUILDDIR>>/obj-x86_64-linux-gnu/tests/gmock'
[100%] Built target gmock_main
make[5]: Leaving directory '/<<PKGBUILDDIR>>/obj-x86_64-linux-gnu/tests/gmock'
/usr/bin/cmake -E cmake_progress_start /<<PKGBUILDDIR>>/obj-x86_64-linux-gnu/tests/gmock/CMakeFiles 0
make[4]: Leaving directory '/<<PKGBUILDDIR>>/obj-x86_64-linux-gnu/tests/gmock'
cd /<<PKGBUILDDIR>>/obj-x86_64-linux-gnu/tests/gmock && /usr/bin/cmake -E touch /<<PKGBUILDDIR>>/obj-x86_64-linux-gnu/tests/GMock-prefix/src/GMock-stamp/GMock-build
[ 46%] No install step for 'GMock'
cd /<<PKGBUILDDIR>>/obj-x86_64-linux-gnu/tests/gmock && /usr/bin/cmake -E echo_append
cd /<<PKGBUILDDIR>>/obj-x86_64-linux-gnu/tests/gmock && /usr/bin/cmake -E touch /<<PKGBUILDDIR>>/obj-x86_64-linux-gnu/tests/GMock-prefix/src/GMock-stamp/GMock-install
[ 50%] Completed 'GMock'
cd /<<PKGBUILDDIR>>/obj-x86_64-linux-gnu/tests && /usr/bin/cmake -E make_directory /<<PKGBUILDDIR>>/obj-x86_64-linux-gnu/tests/CMakeFiles
cd /<<PKGBUILDDIR>>/obj-x86_64-linux-gnu/tests && /usr/bin/cmake -E touch /<<PKGBUILDDIR>>/obj-x86_64-linux-gnu/tests/CMakeFiles/GMock-complete
cd /<<PKGBUILDDIR>>/obj-x86_64-linux-gnu/tests && /usr/bin/cmake -E touch /<<PKGBUILDDIR>>/obj-x86_64-linux-gnu/tests/GMock-prefix/src/GMock-stamp/GMock-done
make[3]: Leaving directory '/<<PKGBUILDDIR>>/obj-x86_64-linux-gnu'
[ 50%] Built target GMock
make[2]: Leaving directory '/<<PKGBUILDDIR>>/obj-x86_64-linux-gnu'
make[1]: *** [Makefile:149: all] Error 2
make[1]: Leaving directory '/<<PKGBUILDDIR>>/obj-x86_64-linux-gnu'
dh_auto_build: error: cd obj-x86_64-linux-gnu && make -j4 "INSTALL=install --strip-program=true" VERBOSE=1 returned exit code 2
make: *** [debian/rules:15: binary] Error 25
dpkg-buildpackage: error: debian/rules binary subprocess returned exit status 2
--------------------------------------------------------------------------------
Build finished at 2021-10-26T22:41:08Z

Finished
--------


+------------------------------------------------------------------------------+
| Cleanup                                                                      |
+------------------------------------------------------------------------------+

Purging /<<BUILDDIR>>
Not cleaning session: cloned chroot in use
E: Build failure (dpkg-buildpackage died)

+------------------------------------------------------------------------------+
| Summary                                                                      |
+------------------------------------------------------------------------------+

Build Architecture: amd64
Build Type: binary
Build-Space: 23692
Build-Time: 19
Distribution: unstable
Fail-Stage: build
Host Architecture: amd64
Install-Time: 33
Job: net-cpp_2.2.1+dfsg1-6
Machine Architecture: amd64
Package: net-cpp
Package-Time: 74
Source-Version: 2.2.1+dfsg1-6
Space: 23692
Status: attempted
Version: 2.2.1+dfsg1-6
--------------------------------------------------------------------------------
Finished at 2021-10-26T22:41:08Z
Build needed 00:01:14, 23692k disk space
E: Build failure (dpkg-buildpackage died)
DC-Status: Failed 74.570968911s
