DC-Build-Header: openvpn-auth-ldap 2.0.4-1 / 2021-10-26 23:12:01 +0000
DC-Task: type:rebuild-binarch-only source:openvpn-auth-ldap version:2.0.4-1 chroot:unstable esttime:56 logfile:/tmp/openvpn-auth-ldap_2.0.4-1_unstable_clang12.log modes:clang12:binarch-only
DC-Sbuild-call: su user42 -c 'sbuild -n --arch-any --apt-update -d unstable -v --no-run-lintian --chroot-setup-commands=/tmp/clang12 openvpn-auth-ldap_2.0.4-1'
sbuild (Debian sbuild) 0.78.1 (09 February 2019) on ip-172-31-9-143.eu-central-1.compute.internal

+==============================================================================+
| openvpn-auth-ldap 2.0.4-1 (amd64)            Tue, 26 Oct 2021 23:12:01 +0000 |
+==============================================================================+

Package: openvpn-auth-ldap
Version: 2.0.4-1
Source Version: 2.0.4-1
Distribution: unstable
Machine Architecture: amd64
Host Architecture: amd64
Build Architecture: amd64
Build Type: binary

I: NOTICE: Log filtering will replace 'var/run/schroot/mount/sid-amd64-sbuild-964d7be4-e178-463e-94fb-99be52c7c0dd' with '<<CHROOT>>'

+------------------------------------------------------------------------------+
| Chroot Setup Commands                                                        |
+------------------------------------------------------------------------------+


/tmp/clang12
------------

+ echo 'Entering customization script...'
Entering customization script...
+ CLANG_VERSION=12
+ echo 'Install of clang-12'
Install of clang-12
+ apt-get update
Get:1 http://127.0.0.1:12990/debian sid InRelease [165 kB]
Get:2 http://127.0.0.1:12990/debian sid/main Sources.diff/Index [63.6 kB]
Get:3 http://127.0.0.1:12990/debian sid/main amd64 Packages.diff/Index [63.6 kB]
Get:4 http://127.0.0.1:12990/debian sid/main Sources T-2021-10-26-2004.40-F-2021-10-26-0202.15.pdiff [47.3 kB]
Get:4 http://127.0.0.1:12990/debian sid/main Sources T-2021-10-26-2004.40-F-2021-10-26-0202.15.pdiff [47.3 kB]
Get:5 http://127.0.0.1:12990/debian sid/main amd64 Packages T-2021-10-26-2004.40-F-2021-10-26-0202.15.pdiff [55.9 kB]
Get:5 http://127.0.0.1:12990/debian sid/main amd64 Packages T-2021-10-26-2004.40-F-2021-10-26-0202.15.pdiff [55.9 kB]
Get:6 http://127.0.0.1:12990/debian sid/main Translation-en [6586 kB]
Fetched 6981 kB in 3s (2764 kB/s)
Reading package lists...
+ apt-get install --yes --no-install-recommends --force-yes clang-12 libomp-12-dev libobjc-9-dev
Reading package lists...
Building dependency tree...
The following additional packages will be installed:
  lib32gcc-s1 lib32stdc++6 libasan5 libbsd0 libc6-i386 libclang-common-12-dev
  libclang-cpp12 libclang1-12 libedit2 libelf1 libgc1 libgcc-9-dev libicu67
  libllvm12 libmd0 libobjc-11-dev libobjc4 libomp5-12 libunwind-12 libxml2
  libz3-4 llvm-12-linker-tools
Suggested packages:
  clang-12-doc libomp-12-doc
Recommended packages:
  llvm-12-dev python3
The following NEW packages will be installed:
  clang-12 lib32gcc-s1 lib32stdc++6 libasan5 libbsd0 libc6-i386
  libclang-common-12-dev libclang-cpp12 libclang1-12 libedit2 libelf1 libgc1
  libgcc-9-dev libicu67 libllvm12 libmd0 libobjc-11-dev libobjc-9-dev libobjc4
  libomp-12-dev libomp5-12 libunwind-12 libxml2 libz3-4 llvm-12-linker-tools
0 upgraded, 25 newly installed, 0 to remove and 0 not upgraded.
Need to get 67.6 MB of archives.
After this operation, 349 MB of additional disk space will be used.
Get:1 http://127.0.0.1:12990/debian sid/main amd64 libmd0 amd64 1.0.4-1 [29.6 kB]
Get:2 http://127.0.0.1:12990/debian sid/main amd64 libbsd0 amd64 0.11.3-1 [108 kB]
Get:3 http://127.0.0.1:12990/debian sid/main amd64 libedit2 amd64 3.1-20210910-1 [97.5 kB]
Get:4 http://127.0.0.1:12990/debian sid/main amd64 libicu67 amd64 67.1-7 [8622 kB]
Get:5 http://127.0.0.1:12990/debian sid/main amd64 libxml2 amd64 2.9.12+dfsg-5 [696 kB]
Get:6 http://127.0.0.1:12990/debian sid/main amd64 libz3-4 amd64 4.8.12-1+b1 [6997 kB]
Get:7 http://127.0.0.1:12990/debian sid/main amd64 libllvm12 amd64 1:12.0.1-15 [19.4 MB]
Get:8 http://127.0.0.1:12990/debian sid/main amd64 libclang-cpp12 amd64 1:12.0.1-15 [9996 kB]
Get:9 http://127.0.0.1:12990/debian sid/main amd64 libgc1 amd64 1:8.0.4-3 [239 kB]
Get:10 http://127.0.0.1:12990/debian sid/main amd64 libobjc4 amd64 11.2.0-10 [43.2 kB]
Get:11 http://127.0.0.1:12990/debian sid/main amd64 libobjc-11-dev amd64 11.2.0-10 [170 kB]
Get:12 http://127.0.0.1:12990/debian sid/main amd64 libc6-i386 amd64 2.32-4 [2624 kB]
Get:13 http://127.0.0.1:12990/debian sid/main amd64 lib32gcc-s1 amd64 11.2.0-10 [49.9 kB]
Get:14 http://127.0.0.1:12990/debian sid/main amd64 lib32stdc++6 amd64 11.2.0-10 [601 kB]
Get:15 http://127.0.0.1:12990/debian sid/main amd64 libclang-common-12-dev amd64 1:12.0.1-15 [4819 kB]
Get:16 http://127.0.0.1:12990/debian sid/main amd64 llvm-12-linker-tools amd64 1:12.0.1-15 [1222 kB]
Get:17 http://127.0.0.1:12990/debian sid/main amd64 libclang1-12 amd64 1:12.0.1-15 [5644 kB]
Get:18 http://127.0.0.1:12990/debian sid/main amd64 clang-12 amd64 1:12.0.1-15 [117 kB]
Get:19 http://127.0.0.1:12990/debian sid/main amd64 libasan5 amd64 9.4.0-3 [2734 kB]
Get:20 http://127.0.0.1:12990/debian sid/main amd64 libelf1 amd64 0.185-2 [172 kB]
Get:21 http://127.0.0.1:12990/debian sid/main amd64 libgcc-9-dev amd64 9.4.0-3 [2343 kB]
Get:22 http://127.0.0.1:12990/debian sid/main amd64 libobjc-9-dev amd64 9.4.0-3 [219 kB]
Get:23 http://127.0.0.1:12990/debian sid/main amd64 libunwind-12 amd64 1:12.0.1-15 [63.9 kB]
Get:24 http://127.0.0.1:12990/debian sid/main amd64 libomp5-12 amd64 1:12.0.1-15 [405 kB]
Get:25 http://127.0.0.1:12990/debian sid/main amd64 libomp-12-dev amd64 1:12.0.1-15 [104 kB]
debconf: delaying package configuration, since apt-utils is not installed
Fetched 67.6 MB in 0s (147 MB/s)
Selecting previously unselected package libmd0:amd64.
(Reading database ... (Reading database ... 5%(Reading database ... 10%(Reading database ... 15%(Reading database ... 20%(Reading database ... 25%(Reading database ... 30%(Reading database ... 35%(Reading database ... 40%(Reading database ... 45%(Reading database ... 50%(Reading database ... 55%(Reading database ... 60%(Reading database ... 65%(Reading database ... 70%(Reading database ... 75%(Reading database ... 80%(Reading database ... 85%(Reading database ... 90%(Reading database ... 95%(Reading database ... 100%(Reading database ... 12431 files and directories currently installed.)
Preparing to unpack .../00-libmd0_1.0.4-1_amd64.deb ...
Unpacking libmd0:amd64 (1.0.4-1) ...
Selecting previously unselected package libbsd0:amd64.
Preparing to unpack .../01-libbsd0_0.11.3-1_amd64.deb ...
Unpacking libbsd0:amd64 (0.11.3-1) ...
Selecting previously unselected package libedit2:amd64.
Preparing to unpack .../02-libedit2_3.1-20210910-1_amd64.deb ...
Unpacking libedit2:amd64 (3.1-20210910-1) ...
Selecting previously unselected package libicu67:amd64.
Preparing to unpack .../03-libicu67_67.1-7_amd64.deb ...
Unpacking libicu67:amd64 (67.1-7) ...
Selecting previously unselected package libxml2:amd64.
Preparing to unpack .../04-libxml2_2.9.12+dfsg-5_amd64.deb ...
Unpacking libxml2:amd64 (2.9.12+dfsg-5) ...
Selecting previously unselected package libz3-4:amd64.
Preparing to unpack .../05-libz3-4_4.8.12-1+b1_amd64.deb ...
Unpacking libz3-4:amd64 (4.8.12-1+b1) ...
Selecting previously unselected package libllvm12:amd64.
Preparing to unpack .../06-libllvm12_1%3a12.0.1-15_amd64.deb ...
Unpacking libllvm12:amd64 (1:12.0.1-15) ...
Selecting previously unselected package libclang-cpp12.
Preparing to unpack .../07-libclang-cpp12_1%3a12.0.1-15_amd64.deb ...
Unpacking libclang-cpp12 (1:12.0.1-15) ...
Selecting previously unselected package libgc1:amd64.
Preparing to unpack .../08-libgc1_1%3a8.0.4-3_amd64.deb ...
Unpacking libgc1:amd64 (1:8.0.4-3) ...
Selecting previously unselected package libobjc4:amd64.
Preparing to unpack .../09-libobjc4_11.2.0-10_amd64.deb ...
Unpacking libobjc4:amd64 (11.2.0-10) ...
Selecting previously unselected package libobjc-11-dev:amd64.
Preparing to unpack .../10-libobjc-11-dev_11.2.0-10_amd64.deb ...
Unpacking libobjc-11-dev:amd64 (11.2.0-10) ...
Selecting previously unselected package libc6-i386.
Preparing to unpack .../11-libc6-i386_2.32-4_amd64.deb ...
Unpacking libc6-i386 (2.32-4) ...
Selecting previously unselected package lib32gcc-s1.
Preparing to unpack .../12-lib32gcc-s1_11.2.0-10_amd64.deb ...
Unpacking lib32gcc-s1 (11.2.0-10) ...
Selecting previously unselected package lib32stdc++6.
Preparing to unpack .../13-lib32stdc++6_11.2.0-10_amd64.deb ...
Unpacking lib32stdc++6 (11.2.0-10) ...
Selecting previously unselected package libclang-common-12-dev.
Preparing to unpack .../14-libclang-common-12-dev_1%3a12.0.1-15_amd64.deb ...
Unpacking libclang-common-12-dev (1:12.0.1-15) ...
Selecting previously unselected package llvm-12-linker-tools.
Preparing to unpack .../15-llvm-12-linker-tools_1%3a12.0.1-15_amd64.deb ...
Unpacking llvm-12-linker-tools (1:12.0.1-15) ...
Selecting previously unselected package libclang1-12.
Preparing to unpack .../16-libclang1-12_1%3a12.0.1-15_amd64.deb ...
Unpacking libclang1-12 (1:12.0.1-15) ...
Selecting previously unselected package clang-12.
Preparing to unpack .../17-clang-12_1%3a12.0.1-15_amd64.deb ...
Unpacking clang-12 (1:12.0.1-15) ...
Selecting previously unselected package libasan5:amd64.
Preparing to unpack .../18-libasan5_9.4.0-3_amd64.deb ...
Unpacking libasan5:amd64 (9.4.0-3) ...
Selecting previously unselected package libelf1:amd64.
Preparing to unpack .../19-libelf1_0.185-2_amd64.deb ...
Unpacking libelf1:amd64 (0.185-2) ...
Selecting previously unselected package libgcc-9-dev:amd64.
Preparing to unpack .../20-libgcc-9-dev_9.4.0-3_amd64.deb ...
Unpacking libgcc-9-dev:amd64 (9.4.0-3) ...
Selecting previously unselected package libobjc-9-dev:amd64.
Preparing to unpack .../21-libobjc-9-dev_9.4.0-3_amd64.deb ...
Unpacking libobjc-9-dev:amd64 (9.4.0-3) ...
Selecting previously unselected package libunwind-12:amd64.
Preparing to unpack .../22-libunwind-12_1%3a12.0.1-15_amd64.deb ...
Unpacking libunwind-12:amd64 (1:12.0.1-15) ...
Selecting previously unselected package libomp5-12:amd64.
Preparing to unpack .../23-libomp5-12_1%3a12.0.1-15_amd64.deb ...
Unpacking libomp5-12:amd64 (1:12.0.1-15) ...
Selecting previously unselected package libomp-12-dev.
Preparing to unpack .../24-libomp-12-dev_1%3a12.0.1-15_amd64.deb ...
Unpacking libomp-12-dev (1:12.0.1-15) ...
Setting up libicu67:amd64 (67.1-7) ...
Setting up libasan5:amd64 (9.4.0-3) ...
Setting up libz3-4:amd64 (4.8.12-1+b1) ...
Setting up libunwind-12:amd64 (1:12.0.1-15) ...
Setting up libgc1:amd64 (1:8.0.4-3) ...
Setting up libmd0:amd64 (1.0.4-1) ...
Setting up libc6-i386 (2.32-4) ...
Setting up libbsd0:amd64 (0.11.3-1) ...
Setting up libelf1:amd64 (0.185-2) ...
Setting up libxml2:amd64 (2.9.12+dfsg-5) ...
Setting up libedit2:amd64 (3.1-20210910-1) ...
Setting up libobjc4:amd64 (11.2.0-10) ...
Setting up libgcc-9-dev:amd64 (9.4.0-3) ...
Setting up lib32gcc-s1 (11.2.0-10) ...
Setting up lib32stdc++6 (11.2.0-10) ...
Setting up libllvm12:amd64 (1:12.0.1-15) ...
Setting up libobjc-9-dev:amd64 (9.4.0-3) ...
Setting up libclang-common-12-dev (1:12.0.1-15) ...
Setting up libomp5-12:amd64 (1:12.0.1-15) ...
Setting up libobjc-11-dev:amd64 (11.2.0-10) ...
Setting up llvm-12-linker-tools (1:12.0.1-15) ...
Setting up libclang1-12 (1:12.0.1-15) ...
Setting up libclang-cpp12 (1:12.0.1-15) ...
Setting up libomp-12-dev (1:12.0.1-15) ...
Setting up clang-12 (1:12.0.1-15) ...
Processing triggers for libc-bin (2.32-4) ...
W: --force-yes is deprecated, use one of the options starting with --allow instead.
+ echo 'Replace gcc, g++ & cpp by clang'
Replace gcc, g++ & cpp by clang
+ VERSIONS='4.6 4.7 4.8 4.9 5 6 7 8 9 10 11'
+ cd /usr/bin
+ for VERSION in $VERSIONS
+ rm -f g++-4.6 gcc-4.6 cpp-4.6 gcc
+ ln -s clang++-12 g++-4.6
+ ln -s clang-12 gcc-4.6
+ ln -s clang-12 cpp-4.6
+ ln -s clang-12 gcc
+ echo 'gcc-4.6 hold'
+ dpkg --set-selections
dpkg: warning: package not in status nor available database at line 1: gcc-4.6
dpkg: warning: found unknown packages; this might mean the available database
is outdated, and needs to be updated through a frontend method;
please see the FAQ <https://wiki.debian.org/Teams/Dpkg/FAQ>
+ echo 'g++-4.6 hold'
+ dpkg --set-selections
dpkg: warning: package not in status nor available database at line 1: g++-4.6
dpkg: warning: found unknown packages; this might mean the available database
is outdated, and needs to be updated through a frontend method;
please see the FAQ <https://wiki.debian.org/Teams/Dpkg/FAQ>
+ for VERSION in $VERSIONS
+ rm -f g++-4.7 gcc-4.7 cpp-4.7 gcc
+ ln -s clang++-12 g++-4.7
+ ln -s clang-12 gcc-4.7
+ ln -s clang-12 cpp-4.7
+ ln -s clang-12 gcc
+ echo 'gcc-4.7 hold'
+ dpkg --set-selections
dpkg: warning: package not in status nor available database at line 1: gcc-4.7
dpkg: warning: found unknown packages; this might mean the available database
is outdated, and needs to be updated through a frontend method;
please see the FAQ <https://wiki.debian.org/Teams/Dpkg/FAQ>
+ echo 'g++-4.7 hold'
+ dpkg --set-selections
dpkg: warning: package not in status nor available database at line 1: g++-4.7
dpkg: warning: found unknown packages; this might mean the available database
is outdated, and needs to be updated through a frontend method;
please see the FAQ <https://wiki.debian.org/Teams/Dpkg/FAQ>
+ for VERSION in $VERSIONS
+ rm -f g++-4.8 gcc-4.8 cpp-4.8 gcc
+ ln -s clang++-12 g++-4.8
+ ln -s clang-12 gcc-4.8
+ ln -s clang-12 cpp-4.8
+ ln -s clang-12 gcc
+ echo 'gcc-4.8 hold'
+ dpkg --set-selections
dpkg: warning: package not in status nor available database at line 1: gcc-4.8
dpkg: warning: found unknown packages; this might mean the available database
is outdated, and needs to be updated through a frontend method;
please see the FAQ <https://wiki.debian.org/Teams/Dpkg/FAQ>
+ echo 'g++-4.8 hold'
+ dpkg --set-selections
dpkg: warning: package not in status nor available database at line 1: g++-4.8
dpkg: warning: found unknown packages; this might mean the available database
is outdated, and needs to be updated through a frontend method;
please see the FAQ <https://wiki.debian.org/Teams/Dpkg/FAQ>
+ for VERSION in $VERSIONS
+ rm -f g++-4.9 gcc-4.9 cpp-4.9 gcc
+ ln -s clang++-12 g++-4.9
+ ln -s clang-12 gcc-4.9
+ ln -s clang-12 cpp-4.9
+ ln -s clang-12 gcc
+ echo 'gcc-4.9 hold'
+ dpkg --set-selections
dpkg: warning: package not in status nor available database at line 1: gcc-4.9
dpkg: warning: found unknown packages; this might mean the available database
is outdated, and needs to be updated through a frontend method;
please see the FAQ <https://wiki.debian.org/Teams/Dpkg/FAQ>
+ echo 'g++-4.9 hold'
+ dpkg --set-selections
dpkg: warning: package not in status nor available database at line 1: g++-4.9
dpkg: warning: found unknown packages; this might mean the available database
is outdated, and needs to be updated through a frontend method;
please see the FAQ <https://wiki.debian.org/Teams/Dpkg/FAQ>
+ for VERSION in $VERSIONS
+ rm -f g++-5 gcc-5 cpp-5 gcc
+ ln -s clang++-12 g++-5
+ ln -s clang-12 gcc-5
+ ln -s clang-12 cpp-5
+ ln -s clang-12 gcc
+ echo 'gcc-5 hold'
+ dpkg --set-selections
dpkg: warning: package not in status nor available database at line 1: gcc-5
dpkg: warning: found unknown packages; this might mean the available database
is outdated, and needs to be updated through a frontend method;
please see the FAQ <https://wiki.debian.org/Teams/Dpkg/FAQ>
+ echo 'g++-5 hold'
+ dpkg --set-selections
dpkg: warning: package not in status nor available database at line 1: g++-5
dpkg: warning: found unknown packages; this might mean the available database
is outdated, and needs to be updated through a frontend method;
please see the FAQ <https://wiki.debian.org/Teams/Dpkg/FAQ>
+ for VERSION in $VERSIONS
+ rm -f g++-6 gcc-6 cpp-6 gcc
+ ln -s clang++-12 g++-6
+ ln -s clang-12 gcc-6
+ ln -s clang-12 cpp-6
+ ln -s clang-12 gcc
+ echo 'gcc-6 hold'
+ dpkg --set-selections
dpkg: warning: package not in status nor available database at line 1: gcc-6
dpkg: warning: found unknown packages; this might mean the available database
is outdated, and needs to be updated through a frontend method;
please see the FAQ <https://wiki.debian.org/Teams/Dpkg/FAQ>
+ echo 'g++-6 hold'
+ dpkg --set-selections
dpkg: warning: package not in status nor available database at line 1: g++-6
dpkg: warning: found unknown packages; this might mean the available database
is outdated, and needs to be updated through a frontend method;
please see the FAQ <https://wiki.debian.org/Teams/Dpkg/FAQ>
+ for VERSION in $VERSIONS
+ rm -f g++-7 gcc-7 cpp-7 gcc
+ ln -s clang++-12 g++-7
+ ln -s clang-12 gcc-7
+ ln -s clang-12 cpp-7
+ ln -s clang-12 gcc
+ echo 'gcc-7 hold'
+ dpkg --set-selections
dpkg: warning: package not in status nor available database at line 1: gcc-7
dpkg: warning: found unknown packages; this might mean the available database
is outdated, and needs to be updated through a frontend method;
please see the FAQ <https://wiki.debian.org/Teams/Dpkg/FAQ>
+ echo 'g++-7 hold'
+ dpkg --set-selections
dpkg: warning: package not in status nor available database at line 1: g++-7
dpkg: warning: found unknown packages; this might mean the available database
is outdated, and needs to be updated through a frontend method;
please see the FAQ <https://wiki.debian.org/Teams/Dpkg/FAQ>
+ for VERSION in $VERSIONS
+ rm -f g++-8 gcc-8 cpp-8 gcc
+ ln -s clang++-12 g++-8
+ ln -s clang-12 gcc-8
+ ln -s clang-12 cpp-8
+ ln -s clang-12 gcc
+ echo 'gcc-8 hold'
+ dpkg --set-selections
dpkg: warning: package not in status nor available database at line 1: gcc-8
dpkg: warning: found unknown packages; this might mean the available database
is outdated, and needs to be updated through a frontend method;
please see the FAQ <https://wiki.debian.org/Teams/Dpkg/FAQ>
+ echo 'g++-8 hold'
+ dpkg --set-selections
dpkg: warning: package not in status nor available database at line 1: g++-8
dpkg: warning: found unknown packages; this might mean the available database
is outdated, and needs to be updated through a frontend method;
please see the FAQ <https://wiki.debian.org/Teams/Dpkg/FAQ>
+ for VERSION in $VERSIONS
+ rm -f g++-9 gcc-9 cpp-9 gcc
+ ln -s clang++-12 g++-9
+ ln -s clang-12 gcc-9
+ ln -s clang-12 cpp-9
+ ln -s clang-12 gcc
+ echo 'gcc-9 hold'
+ dpkg --set-selections
dpkg: warning: package not in status nor available database at line 1: gcc-9
dpkg: warning: found unknown packages; this might mean the available database
is outdated, and needs to be updated through a frontend method;
please see the FAQ <https://wiki.debian.org/Teams/Dpkg/FAQ>
+ echo 'g++-9 hold'
+ dpkg --set-selections
dpkg: warning: package not in status nor available database at line 1: g++-9
dpkg: warning: found unknown packages; this might mean the available database
is outdated, and needs to be updated through a frontend method;
please see the FAQ <https://wiki.debian.org/Teams/Dpkg/FAQ>
+ for VERSION in $VERSIONS
+ rm -f g++-10 gcc-10 cpp-10 gcc
+ ln -s clang++-12 g++-10
+ ln -s clang-12 gcc-10
+ ln -s clang-12 cpp-10
+ ln -s clang-12 gcc
+ echo 'gcc-10 hold'
+ dpkg --set-selections
dpkg: warning: package not in status nor available database at line 1: gcc-10
dpkg: warning: found unknown packages; this might mean the available database
is outdated, and needs to be updated through a frontend method;
please see the FAQ <https://wiki.debian.org/Teams/Dpkg/FAQ>
+ echo 'g++-10 hold'
+ dpkg --set-selections
dpkg: warning: package not in status nor available database at line 1: g++-10
dpkg: warning: found unknown packages; this might mean the available database
is outdated, and needs to be updated through a frontend method;
please see the FAQ <https://wiki.debian.org/Teams/Dpkg/FAQ>
+ for VERSION in $VERSIONS
+ rm -f g++-11 gcc-11 cpp-11 gcc
+ ln -s clang++-12 g++-11
+ ln -s clang-12 gcc-11
+ ln -s clang-12 cpp-11
+ ln -s clang-12 gcc
+ echo 'gcc-11 hold'
+ dpkg --set-selections
+ echo 'g++-11 hold'
+ dpkg --set-selections
+ cd -
/build/openvpn-auth-ldap-NSUX6b
+ echo 'Check if gcc, g++ & cpp are actually clang'
Check if gcc, g++ & cpp are actually clang
+ gcc --version
+ grep clang
+ cpp --version
+ grep clang
+ g++ --version
+ grep clang
+ cd /usr/bin/
+ rm -f clang++ clang
+ ln -s clang-12 clang++
+ ln -s clang-12 clang
+ clang++ --version
Debian clang version 12.0.1-15
Target: x86_64-pc-linux-gnu
Thread model: posix
InstalledDir: /usr/bin
+ clang --version
Debian clang version 12.0.1-15
Target: x86_64-pc-linux-gnu
Thread model: posix
InstalledDir: /usr/bin
+ cd -
/build/openvpn-auth-ldap-NSUX6b
+ apt install --yes --no-install-recommends --force-yes qt5-qmake

WARNING: apt does not have a stable CLI interface. Use with caution in scripts.

Reading package lists...
Building dependency tree...
Reading state information...
The following additional packages will be installed:
  qt5-qmake-bin qtchooser
The following NEW packages will be installed:
  qt5-qmake qt5-qmake-bin qtchooser
0 upgraded, 3 newly installed, 0 to remove and 0 not upgraded.
Need to get 1322 kB of archives.
After this operation, 4914 kB of additional disk space will be used.
Get:1 http://127.0.0.1:12990/debian sid/main amd64 qt5-qmake-bin amd64 5.15.2+dfsg-12 [1046 kB]
Get:2 http://127.0.0.1:12990/debian sid/main amd64 qtchooser amd64 66-2 [26.3 kB]
Get:3 http://127.0.0.1:12990/debian sid/main amd64 qt5-qmake amd64 5.15.2+dfsg-12 [249 kB]
debconf: delaying package configuration, since apt-utils is not installed
Fetched 1322 kB in 0s (56.7 MB/s)
Selecting previously unselected package qt5-qmake-bin.
(Reading database ... (Reading database ... 5%(Reading database ... 10%(Reading database ... 15%(Reading database ... 20%(Reading database ... 25%(Reading database ... 30%(Reading database ... 35%(Reading database ... 40%(Reading database ... 45%(Reading database ... 50%(Reading database ... 55%(Reading database ... 60%(Reading database ... 65%(Reading database ... 70%(Reading database ... 75%(Reading database ... 80%(Reading database ... 85%(Reading database ... 90%(Reading database ... 95%(Reading database ... 100%(Reading database ... 13527 files and directories currently installed.)
Preparing to unpack .../qt5-qmake-bin_5.15.2+dfsg-12_amd64.deb ...
Unpacking qt5-qmake-bin (5.15.2+dfsg-12) ...
Selecting previously unselected package qtchooser.
Preparing to unpack .../qtchooser_66-2_amd64.deb ...
Unpacking qtchooser (66-2) ...
Selecting previously unselected package qt5-qmake:amd64.
Preparing to unpack .../qt5-qmake_5.15.2+dfsg-12_amd64.deb ...
Unpacking qt5-qmake:amd64 (5.15.2+dfsg-12) ...
Setting up qt5-qmake-bin (5.15.2+dfsg-12) ...
Setting up qtchooser (66-2) ...
Setting up qt5-qmake:amd64 (5.15.2+dfsg-12) ...
W: --force-yes is deprecated, use one of the options starting with --allow instead.
+ cp /usr/lib/x86_64-linux-gnu/qt5/mkspecs/linux-clang/qmake.conf /usr/lib/x86_64-linux-gnu/qt5/mkspecs/linux-clang/qplatformdefs.h /usr/lib/x86_64-linux-gnu/qt5/mkspecs/linux-g++/
+ ls -al /usr/lib/x86_64-linux-gnu/qt5/mkspecs/linux-g++/
total 16
drwxr-xr-x  2 root root 4096 Oct 26 23:12 .
drwxr-xr-x 76 root root 4096 Oct 26 23:12 ..
-rw-r--r--  1 root root  276 Oct 26 23:12 qmake.conf
-rw-r--r--  1 root root 3218 Oct 26 23:12 qplatformdefs.h
+ cat /usr/lib/x86_64-linux-gnu/qt5/mkspecs/linux-g++/qmake.conf
#
# qmake configuration for linux-clang
#

MAKEFILE_GENERATOR = UNIX
CONFIG += incremental

QMAKE_INCREMENTAL_STYLE = sublib

include(../common/linux.conf)
include(../common/gcc-base-unix.conf)
include(../common/clang.conf)

QMAKE_LFLAGS += -ccc-gcc-name g++

load(qt_config)
+ export QMAKESPEC=/usr/lib/x86_64-linux-gnu/qt5/mkspecs/linux-clang/
+ QMAKESPEC=/usr/lib/x86_64-linux-gnu/qt5/mkspecs/linux-clang/
+ sed -i -e 's|compare_problem(2,|compare_problem(0,|g' /usr/bin/dpkg-gensymbols
+ sed -i -e 's|compare_problem(1,|compare_problem(0,|g' /usr/bin/dpkg-gensymbols
+ grep 'compare_problem(' /usr/bin/dpkg-gensymbols
        compare_problem(4, g_('new libraries appeared in the symbols file: %s'), "@libs");
        compare_problem(3, g_('some libraries disappeared in the symbols file: %s'), "@libs");
        compare_problem(0, g_('some new symbols appeared in the symbols file: %s'),
        compare_problem(0, g_('some symbols or patterns disappeared in the symbols file: %s'),

I: Finished running '/tmp/clang12'.

Finished processing commands.
--------------------------------------------------------------------------------
I: NOTICE: Log filtering will replace 'build/openvpn-auth-ldap-NSUX6b/resolver-8Lru1w' with '<<RESOLVERDIR>>'

+------------------------------------------------------------------------------+
| Update chroot                                                                |
+------------------------------------------------------------------------------+

Hit:1 http://127.0.0.1:12990/debian sid InRelease
Reading package lists...
Reading package lists...
Building dependency tree...
Reading state information...
Calculating upgrade...
0 upgraded, 0 newly installed, 0 to remove and 0 not upgraded.

+------------------------------------------------------------------------------+
| Fetch source files                                                           |
+------------------------------------------------------------------------------+


Check APT
---------

Checking available source versions...

Download source files with APT
------------------------------

Reading package lists...
NOTICE: 'openvpn-auth-ldap' packaging is maintained in the 'Git' version control system at:
https://salsa.debian.org/debian/openvpn-auth-ldap.git
Please use:
git clone https://salsa.debian.org/debian/openvpn-auth-ldap.git
to retrieve the latest (possibly unreleased) updates to the package.
Need to get 220 kB of source archives.
Get:1 http://127.0.0.1:12990/debian sid/main openvpn-auth-ldap 2.0.4-1 (dsc) [2085 B]
Get:2 http://127.0.0.1:12990/debian sid/main openvpn-auth-ldap 2.0.4-1 (tar) [210 kB]
Get:3 http://127.0.0.1:12990/debian sid/main openvpn-auth-ldap 2.0.4-1 (diff) [7672 B]
Fetched 220 kB in 0s (2661 kB/s)
Download complete and in download only mode
I: NOTICE: Log filtering will replace 'build/openvpn-auth-ldap-NSUX6b/openvpn-auth-ldap-2.0.4' with '<<PKGBUILDDIR>>'
I: NOTICE: Log filtering will replace 'build/openvpn-auth-ldap-NSUX6b' with '<<BUILDDIR>>'

+------------------------------------------------------------------------------+
| Install package build dependencies                                           |
+------------------------------------------------------------------------------+


Setup apt archive
-----------------

Merged Build-Depends: debhelper-compat (= 12), openvpn (>= 2), re2c, libldap2-dev, gobjc, libgnustep-base-dev, libssl-dev, build-essential, fakeroot
Filtered Build-Depends: debhelper-compat (= 12), openvpn (>= 2), re2c, libldap2-dev, gobjc, libgnustep-base-dev, libssl-dev, build-essential, fakeroot
dpkg-deb: building package 'sbuild-build-depends-main-dummy' in '/<<RESOLVERDIR>>/apt_archive/sbuild-build-depends-main-dummy.deb'.
Ign:1 copy:/<<RESOLVERDIR>>/apt_archive ./ InRelease
Get:2 copy:/<<RESOLVERDIR>>/apt_archive ./ Release [957 B]
Ign:3 copy:/<<RESOLVERDIR>>/apt_archive ./ Release.gpg
Get:4 copy:/<<RESOLVERDIR>>/apt_archive ./ Sources [412 B]
Get:5 copy:/<<RESOLVERDIR>>/apt_archive ./ Packages [495 B]
Fetched 1864 B in 0s (0 B/s)
Reading package lists...
Reading package lists...

Install main build dependencies (apt-based resolver)
----------------------------------------------------

Installing build dependencies
Reading package lists...
Building dependency tree...
Reading state information...
The following additional packages will be installed:
  autoconf automake autopoint autotools-dev bsdextrautils ca-certificates
  debhelper dh-autoreconf dh-strip-nondeterminism dwz file gettext
  gettext-base gnustep-base-common gnustep-base-runtime gnustep-common
  gnustep-make gobjc gobjc-11 groff-base intltool-debian iproute2
  libarchive-zip-perl libavahi-client3 libavahi-common-data libavahi-common3
  libbpf0 libcap2-bin libdbus-1-3 libdebhelper-perl
  libfile-stripnondeterminism-perl libgnustep-base-dev libgnustep-base1.27
  libldap-2.4-2 libldap2-dev liblzo2-2 libmagic-mgc libmagic1 libmnl0
  libpipeline1 libpkcs11-helper1 libsasl2-2 libsasl2-modules-db libsigsegv2
  libssl-dev libsub-override-perl libtool libuchardet0 libxslt1.1 libxtables12
  m4 man-db openssl openvpn po-debconf re2c sensible-utils
Suggested packages:
  autoconf-archive gnu-standards autoconf-doc dh-make gettext-doc
  libasprintf-dev libgettextpo-dev gnustep-make-doc gobjc-multilib
  gobjc-11-multilib gcc-11-doc groff iproute2-doc gnustep-base-doc libssl-doc
  libtool-doc gfortran | fortran95-compiler gcj-jdk m4-doc apparmor less
  www-browser resolvconf openvpn-systemd-resolved libmail-box-perl
Recommended packages:
  curl | wget | lynx libatm1 libpam-cap dbus libarchive-cpio-perl
  libldap-common libsasl2-modules libltdl-dev easy-rsa libmail-sendmail-perl
The following NEW packages will be installed:
  autoconf automake autopoint autotools-dev bsdextrautils ca-certificates
  debhelper dh-autoreconf dh-strip-nondeterminism dwz file gettext
  gettext-base gnustep-base-common gnustep-base-runtime gnustep-common
  gnustep-make gobjc gobjc-11 groff-base intltool-debian iproute2
  libarchive-zip-perl libavahi-client3 libavahi-common-data libavahi-common3
  libbpf0 libcap2-bin libdbus-1-3 libdebhelper-perl
  libfile-stripnondeterminism-perl libgnustep-base-dev libgnustep-base1.27
  libldap-2.4-2 libldap2-dev liblzo2-2 libmagic-mgc libmagic1 libmnl0
  libpipeline1 libpkcs11-helper1 libsasl2-2 libsasl2-modules-db libsigsegv2
  libssl-dev libsub-override-perl libtool libuchardet0 libxslt1.1 libxtables12
  m4 man-db openssl openvpn po-debconf re2c sbuild-build-depends-main-dummy
  sensible-utils
0 upgraded, 58 newly installed, 0 to remove and 0 not upgraded.
Need to get 65.9 MB of archives.
After this operation, 224 MB of additional disk space will be used.
Get:1 copy:/<<RESOLVERDIR>>/apt_archive ./ sbuild-build-depends-main-dummy 0.invalid.0 [924 B]
Get:2 http://127.0.0.1:12990/debian sid/main amd64 bsdextrautils amd64 2.37.2-4 [143 kB]
Get:3 http://127.0.0.1:12990/debian sid/main amd64 libuchardet0 amd64 0.0.7-1 [67.8 kB]
Get:4 http://127.0.0.1:12990/debian sid/main amd64 groff-base amd64 1.22.4-7 [935 kB]
Get:5 http://127.0.0.1:12990/debian sid/main amd64 libpipeline1 amd64 1.5.3-1 [34.3 kB]
Get:6 http://127.0.0.1:12990/debian sid/main amd64 man-db amd64 2.9.4-2 [1354 kB]
Get:7 http://127.0.0.1:12990/debian sid/main amd64 libbpf0 amd64 1:0.5.0-1 [130 kB]
Get:8 http://127.0.0.1:12990/debian sid/main amd64 libmnl0 amd64 1.0.4-3 [12.5 kB]
Get:9 http://127.0.0.1:12990/debian sid/main amd64 libxtables12 amd64 1.8.7-1 [45.1 kB]
Get:10 http://127.0.0.1:12990/debian sid/main amd64 libcap2-bin amd64 1:2.44-1 [32.6 kB]
Get:11 http://127.0.0.1:12990/debian sid/main amd64 iproute2 amd64 5.14.0-1 [1005 kB]
Get:12 http://127.0.0.1:12990/debian sid/main amd64 sensible-utils all 0.0.17 [21.5 kB]
Get:13 http://127.0.0.1:12990/debian sid/main amd64 openssl amd64 1.1.1l-1 [851 kB]
Get:14 http://127.0.0.1:12990/debian sid/main amd64 ca-certificates all 20211016 [156 kB]
Get:15 http://127.0.0.1:12990/debian sid/main amd64 libmagic-mgc amd64 1:5.39-3 [273 kB]
Get:16 http://127.0.0.1:12990/debian sid/main amd64 libmagic1 amd64 1:5.39-3 [126 kB]
Get:17 http://127.0.0.1:12990/debian sid/main amd64 file amd64 1:5.39-3 [69.1 kB]
Get:18 http://127.0.0.1:12990/debian sid/main amd64 gettext-base amd64 0.21-4 [175 kB]
Get:19 http://127.0.0.1:12990/debian sid/main amd64 libsigsegv2 amd64 2.13-1 [34.8 kB]
Get:20 http://127.0.0.1:12990/debian sid/main amd64 m4 amd64 1.4.18-5 [204 kB]
Get:21 http://127.0.0.1:12990/debian sid/main amd64 autoconf all 2.71-2 [343 kB]
Get:22 http://127.0.0.1:12990/debian sid/main amd64 autotools-dev all 20180224.1+nmu1 [77.1 kB]
Get:23 http://127.0.0.1:12990/debian sid/main amd64 automake all 1:1.16.5-1 [823 kB]
Get:24 http://127.0.0.1:12990/debian sid/main amd64 autopoint all 0.21-4 [510 kB]
Get:25 http://127.0.0.1:12990/debian sid/main amd64 libdebhelper-perl all 13.5.2 [192 kB]
Get:26 http://127.0.0.1:12990/debian sid/main amd64 libtool all 2.4.6-15 [513 kB]
Get:27 http://127.0.0.1:12990/debian sid/main amd64 dh-autoreconf all 20 [17.1 kB]
Get:28 http://127.0.0.1:12990/debian sid/main amd64 libarchive-zip-perl all 1.68-1 [104 kB]
Get:29 http://127.0.0.1:12990/debian sid/main amd64 libsub-override-perl all 0.09-2 [10.2 kB]
Get:30 http://127.0.0.1:12990/debian sid/main amd64 libfile-stripnondeterminism-perl all 1.12.0-2 [26.3 kB]
Get:31 http://127.0.0.1:12990/debian sid/main amd64 dh-strip-nondeterminism all 1.12.0-2 [15.5 kB]
Get:32 http://127.0.0.1:12990/debian sid/main amd64 dwz amd64 0.14-1 [98.3 kB]
Get:33 http://127.0.0.1:12990/debian sid/main amd64 gettext amd64 0.21-4 [1311 kB]
Get:34 http://127.0.0.1:12990/debian sid/main amd64 intltool-debian all 0.35.0+20060710.5 [26.8 kB]
Get:35 http://127.0.0.1:12990/debian sid/main amd64 po-debconf all 1.0.21+nmu1 [248 kB]
Get:36 http://127.0.0.1:12990/debian sid/main amd64 debhelper all 13.5.2 [1056 kB]
Get:37 http://127.0.0.1:12990/debian sid/main amd64 gnustep-common amd64 2.8.0-1 [118 kB]
Get:38 http://127.0.0.1:12990/debian sid/main amd64 gnustep-base-common all 1.27.0-4 [297 kB]
Get:39 http://127.0.0.1:12990/debian sid/main amd64 libavahi-common-data amd64 0.8-5 [124 kB]
Get:40 http://127.0.0.1:12990/debian sid/main amd64 libavahi-common3 amd64 0.8-5 [58.4 kB]
Get:41 http://127.0.0.1:12990/debian sid/main amd64 libdbus-1-3 amd64 1.12.20-3 [219 kB]
Get:42 http://127.0.0.1:12990/debian sid/main amd64 libavahi-client3 amd64 0.8-5 [62.1 kB]
Get:43 http://127.0.0.1:12990/debian sid/main amd64 libxslt1.1 amd64 1.1.34-4 [239 kB]
Get:44 http://127.0.0.1:12990/debian sid/main amd64 libgnustep-base1.27 amd64 1.27.0-4 [1602 kB]
Get:45 http://127.0.0.1:12990/debian sid/main amd64 gnustep-base-runtime amd64 1.27.0-4 [433 kB]
Get:46 http://127.0.0.1:12990/debian sid/main amd64 gobjc-11 amd64 11.2.0-10 [45.8 MB]
Get:47 http://127.0.0.1:12990/debian sid/main amd64 gobjc amd64 4:11.2.0-2 [1004 B]
Get:48 http://127.0.0.1:12990/debian sid/main amd64 gnustep-make all 2.8.0-1 [216 kB]
Get:49 http://127.0.0.1:12990/debian sid/main amd64 libgnustep-base-dev amd64 1.27.0-4 [2056 kB]
Get:50 http://127.0.0.1:12990/debian sid/main amd64 libsasl2-modules-db amd64 2.1.27+dfsg-2.1 [69.1 kB]
Get:51 http://127.0.0.1:12990/debian sid/main amd64 libsasl2-2 amd64 2.1.27+dfsg-2.1 [106 kB]
Get:52 http://127.0.0.1:12990/debian sid/main amd64 libldap-2.4-2 amd64 2.4.59+dfsg-1 [232 kB]
Get:53 http://127.0.0.1:12990/debian sid/main amd64 libldap2-dev amd64 2.4.59+dfsg-1 [340 kB]
Get:54 http://127.0.0.1:12990/debian sid/main amd64 liblzo2-2 amd64 2.10-2 [56.9 kB]
Get:55 http://127.0.0.1:12990/debian sid/main amd64 libpkcs11-helper1 amd64 1.27-1 [47.5 kB]
Get:56 http://127.0.0.1:12990/debian sid/main amd64 libssl-dev amd64 1.1.1l-1 [1809 kB]
Get:57 http://127.0.0.1:12990/debian sid/main amd64 openvpn amd64 2.5.1-3 [599 kB]
Get:58 http://127.0.0.1:12990/debian sid/main amd64 re2c amd64 2.2-1 [398 kB]
debconf: delaying package configuration, since apt-utils is not installed
Fetched 65.9 MB in 0s (137 MB/s)
Selecting previously unselected package bsdextrautils.
(Reading database ... 14272 files and directories currently installed.)
Preparing to unpack .../00-bsdextrautils_2.37.2-4_amd64.deb ...
Unpacking bsdextrautils (2.37.2-4) ...
Selecting previously unselected package libuchardet0:amd64.
Preparing to unpack .../01-libuchardet0_0.0.7-1_amd64.deb ...
Unpacking libuchardet0:amd64 (0.0.7-1) ...
Selecting previously unselected package groff-base.
Preparing to unpack .../02-groff-base_1.22.4-7_amd64.deb ...
Unpacking groff-base (1.22.4-7) ...
Selecting previously unselected package libpipeline1:amd64.
Preparing to unpack .../03-libpipeline1_1.5.3-1_amd64.deb ...
Unpacking libpipeline1:amd64 (1.5.3-1) ...
Selecting previously unselected package man-db.
Preparing to unpack .../04-man-db_2.9.4-2_amd64.deb ...
Unpacking man-db (2.9.4-2) ...
Selecting previously unselected package libbpf0:amd64.
Preparing to unpack .../05-libbpf0_1%3a0.5.0-1_amd64.deb ...
Unpacking libbpf0:amd64 (1:0.5.0-1) ...
Selecting previously unselected package libmnl0:amd64.
Preparing to unpack .../06-libmnl0_1.0.4-3_amd64.deb ...
Unpacking libmnl0:amd64 (1.0.4-3) ...
Selecting previously unselected package libxtables12:amd64.
Preparing to unpack .../07-libxtables12_1.8.7-1_amd64.deb ...
Unpacking libxtables12:amd64 (1.8.7-1) ...
Selecting previously unselected package libcap2-bin.
Preparing to unpack .../08-libcap2-bin_1%3a2.44-1_amd64.deb ...
Unpacking libcap2-bin (1:2.44-1) ...
Selecting previously unselected package iproute2.
Preparing to unpack .../09-iproute2_5.14.0-1_amd64.deb ...
Unpacking iproute2 (5.14.0-1) ...
Selecting previously unselected package sensible-utils.
Preparing to unpack .../10-sensible-utils_0.0.17_all.deb ...
Unpacking sensible-utils (0.0.17) ...
Selecting previously unselected package openssl.
Preparing to unpack .../11-openssl_1.1.1l-1_amd64.deb ...
Unpacking openssl (1.1.1l-1) ...
Selecting previously unselected package ca-certificates.
Preparing to unpack .../12-ca-certificates_20211016_all.deb ...
Unpacking ca-certificates (20211016) ...
Selecting previously unselected package libmagic-mgc.
Preparing to unpack .../13-libmagic-mgc_1%3a5.39-3_amd64.deb ...
Unpacking libmagic-mgc (1:5.39-3) ...
Selecting previously unselected package libmagic1:amd64.
Preparing to unpack .../14-libmagic1_1%3a5.39-3_amd64.deb ...
Unpacking libmagic1:amd64 (1:5.39-3) ...
Selecting previously unselected package file.
Preparing to unpack .../15-file_1%3a5.39-3_amd64.deb ...
Unpacking file (1:5.39-3) ...
Selecting previously unselected package gettext-base.
Preparing to unpack .../16-gettext-base_0.21-4_amd64.deb ...
Unpacking gettext-base (0.21-4) ...
Selecting previously unselected package libsigsegv2:amd64.
Preparing to unpack .../17-libsigsegv2_2.13-1_amd64.deb ...
Unpacking libsigsegv2:amd64 (2.13-1) ...
Selecting previously unselected package m4.
Preparing to unpack .../18-m4_1.4.18-5_amd64.deb ...
Unpacking m4 (1.4.18-5) ...
Selecting previously unselected package autoconf.
Preparing to unpack .../19-autoconf_2.71-2_all.deb ...
Unpacking autoconf (2.71-2) ...
Selecting previously unselected package autotools-dev.
Preparing to unpack .../20-autotools-dev_20180224.1+nmu1_all.deb ...
Unpacking autotools-dev (20180224.1+nmu1) ...
Selecting previously unselected package automake.
Preparing to unpack .../21-automake_1%3a1.16.5-1_all.deb ...
Unpacking automake (1:1.16.5-1) ...
Selecting previously unselected package autopoint.
Preparing to unpack .../22-autopoint_0.21-4_all.deb ...
Unpacking autopoint (0.21-4) ...
Selecting previously unselected package libdebhelper-perl.
Preparing to unpack .../23-libdebhelper-perl_13.5.2_all.deb ...
Unpacking libdebhelper-perl (13.5.2) ...
Selecting previously unselected package libtool.
Preparing to unpack .../24-libtool_2.4.6-15_all.deb ...
Unpacking libtool (2.4.6-15) ...
Selecting previously unselected package dh-autoreconf.
Preparing to unpack .../25-dh-autoreconf_20_all.deb ...
Unpacking dh-autoreconf (20) ...
Selecting previously unselected package libarchive-zip-perl.
Preparing to unpack .../26-libarchive-zip-perl_1.68-1_all.deb ...
Unpacking libarchive-zip-perl (1.68-1) ...
Selecting previously unselected package libsub-override-perl.
Preparing to unpack .../27-libsub-override-perl_0.09-2_all.deb ...
Unpacking libsub-override-perl (0.09-2) ...
Selecting previously unselected package libfile-stripnondeterminism-perl.
Preparing to unpack .../28-libfile-stripnondeterminism-perl_1.12.0-2_all.deb ...
Unpacking libfile-stripnondeterminism-perl (1.12.0-2) ...
Selecting previously unselected package dh-strip-nondeterminism.
Preparing to unpack .../29-dh-strip-nondeterminism_1.12.0-2_all.deb ...
Unpacking dh-strip-nondeterminism (1.12.0-2) ...
Selecting previously unselected package dwz.
Preparing to unpack .../30-dwz_0.14-1_amd64.deb ...
Unpacking dwz (0.14-1) ...
Selecting previously unselected package gettext.
Preparing to unpack .../31-gettext_0.21-4_amd64.deb ...
Unpacking gettext (0.21-4) ...
Selecting previously unselected package intltool-debian.
Preparing to unpack .../32-intltool-debian_0.35.0+20060710.5_all.deb ...
Unpacking intltool-debian (0.35.0+20060710.5) ...
Selecting previously unselected package po-debconf.
Preparing to unpack .../33-po-debconf_1.0.21+nmu1_all.deb ...
Unpacking po-debconf (1.0.21+nmu1) ...
Selecting previously unselected package debhelper.
Preparing to unpack .../34-debhelper_13.5.2_all.deb ...
Unpacking debhelper (13.5.2) ...
Selecting previously unselected package gnustep-common.
Preparing to unpack .../35-gnustep-common_2.8.0-1_amd64.deb ...
Unpacking gnustep-common (2.8.0-1) ...
Selecting previously unselected package gnustep-base-common.
Preparing to unpack .../36-gnustep-base-common_1.27.0-4_all.deb ...
Unpacking gnustep-base-common (1.27.0-4) ...
Selecting previously unselected package libavahi-common-data:amd64.
Preparing to unpack .../37-libavahi-common-data_0.8-5_amd64.deb ...
Unpacking libavahi-common-data:amd64 (0.8-5) ...
Selecting previously unselected package libavahi-common3:amd64.
Preparing to unpack .../38-libavahi-common3_0.8-5_amd64.deb ...
Unpacking libavahi-common3:amd64 (0.8-5) ...
Selecting previously unselected package libdbus-1-3:amd64.
Preparing to unpack .../39-libdbus-1-3_1.12.20-3_amd64.deb ...
Unpacking libdbus-1-3:amd64 (1.12.20-3) ...
Selecting previously unselected package libavahi-client3:amd64.
Preparing to unpack .../40-libavahi-client3_0.8-5_amd64.deb ...
Unpacking libavahi-client3:amd64 (0.8-5) ...
Selecting previously unselected package libxslt1.1:amd64.
Preparing to unpack .../41-libxslt1.1_1.1.34-4_amd64.deb ...
Unpacking libxslt1.1:amd64 (1.1.34-4) ...
Selecting previously unselected package libgnustep-base1.27.
Preparing to unpack .../42-libgnustep-base1.27_1.27.0-4_amd64.deb ...
Unpacking libgnustep-base1.27 (1.27.0-4) ...
Selecting previously unselected package gnustep-base-runtime.
Preparing to unpack .../43-gnustep-base-runtime_1.27.0-4_amd64.deb ...
Unpacking gnustep-base-runtime (1.27.0-4) ...
Selecting previously unselected package gobjc-11.
Preparing to unpack .../44-gobjc-11_11.2.0-10_amd64.deb ...
Unpacking gobjc-11 (11.2.0-10) ...
Selecting previously unselected package gobjc.
Preparing to unpack .../45-gobjc_4%3a11.2.0-2_amd64.deb ...
Unpacking gobjc (4:11.2.0-2) ...
Selecting previously unselected package gnustep-make.
Preparing to unpack .../46-gnustep-make_2.8.0-1_all.deb ...
Unpacking gnustep-make (2.8.0-1) ...
Selecting previously unselected package libgnustep-base-dev.
Preparing to unpack .../47-libgnustep-base-dev_1.27.0-4_amd64.deb ...
Unpacking libgnustep-base-dev (1.27.0-4) ...
Selecting previously unselected package libsasl2-modules-db:amd64.
Preparing to unpack .../48-libsasl2-modules-db_2.1.27+dfsg-2.1_amd64.deb ...
Unpacking libsasl2-modules-db:amd64 (2.1.27+dfsg-2.1) ...
Selecting previously unselected package libsasl2-2:amd64.
Preparing to unpack .../49-libsasl2-2_2.1.27+dfsg-2.1_amd64.deb ...
Unpacking libsasl2-2:amd64 (2.1.27+dfsg-2.1) ...
Selecting previously unselected package libldap-2.4-2:amd64.
Preparing to unpack .../50-libldap-2.4-2_2.4.59+dfsg-1_amd64.deb ...
Unpacking libldap-2.4-2:amd64 (2.4.59+dfsg-1) ...
Selecting previously unselected package libldap2-dev:amd64.
Preparing to unpack .../51-libldap2-dev_2.4.59+dfsg-1_amd64.deb ...
Unpacking libldap2-dev:amd64 (2.4.59+dfsg-1) ...
Selecting previously unselected package liblzo2-2:amd64.
Preparing to unpack .../52-liblzo2-2_2.10-2_amd64.deb ...
Unpacking liblzo2-2:amd64 (2.10-2) ...
Selecting previously unselected package libpkcs11-helper1:amd64.
Preparing to unpack .../53-libpkcs11-helper1_1.27-1_amd64.deb ...
Unpacking libpkcs11-helper1:amd64 (1.27-1) ...
Selecting previously unselected package libssl-dev:amd64.
Preparing to unpack .../54-libssl-dev_1.1.1l-1_amd64.deb ...
Unpacking libssl-dev:amd64 (1.1.1l-1) ...
Selecting previously unselected package openvpn.
Preparing to unpack .../55-openvpn_2.5.1-3_amd64.deb ...
Unpacking openvpn (2.5.1-3) ...
Selecting previously unselected package re2c.
Preparing to unpack .../56-re2c_2.2-1_amd64.deb ...
Unpacking re2c (2.2-1) ...
Selecting previously unselected package sbuild-build-depends-main-dummy.
Preparing to unpack .../57-sbuild-build-depends-main-dummy_0.invalid.0_amd64.deb ...
Unpacking sbuild-build-depends-main-dummy (0.invalid.0) ...
Setting up libpipeline1:amd64 (1.5.3-1) ...
Setting up gnustep-common (2.8.0-1) ...
Setting up bsdextrautils (2.37.2-4) ...
update-alternatives: using /usr/bin/write.ul to provide /usr/bin/write (write) in auto mode
Setting up gobjc-11 (11.2.0-10) ...
Setting up libmagic-mgc (1:5.39-3) ...
Setting up libarchive-zip-perl (1.68-1) ...
Setting up libdebhelper-perl (13.5.2) ...
Setting up libmagic1:amd64 (1:5.39-3) ...
Setting up gettext-base (0.21-4) ...
Setting up liblzo2-2:amd64 (2.10-2) ...
Setting up file (1:5.39-3) ...
Setting up libpkcs11-helper1:amd64 (1.27-1) ...
Setting up libsasl2-modules-db:amd64 (2.1.27+dfsg-2.1) ...
Setting up libcap2-bin (1:2.44-1) ...
Setting up autotools-dev (20180224.1+nmu1) ...
Setting up libavahi-common-data:amd64 (0.8-5) ...
Setting up libdbus-1-3:amd64 (1.12.20-3) ...
Setting up libsigsegv2:amd64 (2.13-1) ...
Setting up libssl-dev:amd64 (1.1.1l-1) ...
Setting up libmnl0:amd64 (1.0.4-3) ...
Setting up autopoint (0.21-4) ...
Setting up libxtables12:amd64 (1.8.7-1) ...
Setting up libsasl2-2:amd64 (2.1.27+dfsg-2.1) ...
Setting up dwz (0.14-1) ...
Setting up sensible-utils (0.0.17) ...
Setting up libuchardet0:amd64 (0.0.7-1) ...
Setting up libxslt1.1:amd64 (1.1.34-4) ...
Setting up libsub-override-perl (0.09-2) ...
Setting up re2c (2.2-1) ...
Setting up libbpf0:amd64 (1:0.5.0-1) ...
Setting up openssl (1.1.1l-1) ...
Setting up libfile-stripnondeterminism-perl (1.12.0-2) ...
Setting up gobjc (4:11.2.0-2) ...
Setting up gettext (0.21-4) ...
Setting up gnustep-make (2.8.0-1) ...
Setting up libtool (2.4.6-15) ...
Setting up iproute2 (5.14.0-1) ...
Setting up libavahi-common3:amd64 (0.8-5) ...
Setting up libldap-2.4-2:amd64 (2.4.59+dfsg-1) ...
Setting up m4 (1.4.18-5) ...
Setting up intltool-debian (0.35.0+20060710.5) ...
Setting up libldap2-dev:amd64 (2.4.59+dfsg-1) ...
Setting up ca-certificates (20211016) ...
Updating certificates in /etc/ssl/certs...
127 added, 0 removed; done.
Setting up gnustep-base-common (1.27.0-4) ...
Setting up autoconf (2.71-2) ...
Setting up dh-strip-nondeterminism (1.12.0-2) ...
Setting up groff-base (1.22.4-7) ...
Setting up libavahi-client3:amd64 (0.8-5) ...
Setting up automake (1:1.16.5-1) ...
update-alternatives: using /usr/bin/automake-1.16 to provide /usr/bin/automake (automake) in auto mode
Setting up openvpn (2.5.1-3) ...
Setting up po-debconf (1.0.21+nmu1) ...
Setting up man-db (2.9.4-2) ...
Not building database; man-db/auto-update is not 'true'.
Setting up dh-autoreconf (20) ...
Setting up libgnustep-base1.27 (1.27.0-4) ...
Setting up debhelper (13.5.2) ...
Setting up gnustep-base-runtime (1.27.0-4) ...
Setting up libgnustep-base-dev (1.27.0-4) ...
Setting up sbuild-build-depends-main-dummy (0.invalid.0) ...
Processing triggers for libc-bin (2.32-4) ...
Processing triggers for ca-certificates (20211016) ...
Updating certificates in /etc/ssl/certs...
0 added, 0 removed; done.
Running hooks in /etc/ca-certificates/update.d...
done.

+------------------------------------------------------------------------------+
| Check architectures                                                          |
+------------------------------------------------------------------------------+

Arch check ok (amd64 included in any)

+------------------------------------------------------------------------------+
| Build environment                                                            |
+------------------------------------------------------------------------------+

Kernel: Linux 4.19.0-6-cloud-amd64 #1 SMP Debian 4.19.67-2+deb10u2 (2019-11-11) amd64 (x86_64)
Toolchain package versions: binutils_2.37-7 dpkg-dev_1.20.9 g++-11_11.2.0-10 gcc-11_11.2.0-10 libc6-dev_2.32-4 libstdc++-11-dev_11.2.0-10 libstdc++6_11.2.0-10 linux-libc-dev_5.14.12-1
Package versions: adduser_3.118 apt_2.3.11 autoconf_2.71-2 automake_1:1.16.5-1 autopoint_0.21-4 autotools-dev_20180224.1+nmu1 base-files_12 base-passwd_3.5.52 bash_5.1-3+b2 binutils_2.37-7 binutils-common_2.37-7 binutils-x86-64-linux-gnu_2.37-7 bsdextrautils_2.37.2-4 bsdutils_1:2.37.2-4 build-essential_12.9 bzip2_1.0.8-4 ca-certificates_20211016 clang-12_1:12.0.1-15 coreutils_8.32-4+b1 cpp_4:11.2.0-2 cpp-11_11.2.0-10 dash_0.5.11+git20210120+802ebd4-2 debconf_1.5.78 debhelper_13.5.2 debian-archive-keyring_2021.1.1 debianutils_5.5-1 dh-autoreconf_20 dh-strip-nondeterminism_1.12.0-2 diffutils_1:3.7-5 dpkg_1.20.9 dpkg-dev_1.20.9 dwz_0.14-1 e2fsprogs_1.46.4-1 fakeroot_1.26-1 file_1:5.39-3 findutils_4.8.0-1 g++_4:11.2.0-2 g++-11_11.2.0-10 gcc_4:11.2.0-2 gcc-10-base_10.3.0-11 gcc-11_11.2.0-10 gcc-11-base_11.2.0-10 gcc-9-base_9.4.0-3 gettext_0.21-4 gettext-base_0.21-4 gnustep-base-common_1.27.0-4 gnustep-base-runtime_1.27.0-4 gnustep-common_2.8.0-1 gnustep-make_2.8.0-1 gobjc_4:11.2.0-2 gobjc-11_11.2.0-10 gpgv_2.2.27-2 grep_3.7-1 groff-base_1.22.4-7 gzip_1.10-4 hostname_3.23 init-system-helpers_1.60 intltool-debian_0.35.0+20060710.5 iproute2_5.14.0-1 lib32gcc-s1_11.2.0-10 lib32stdc++6_11.2.0-10 libacl1_2.3.1-1 libapt-pkg6.0_2.3.11 libarchive-zip-perl_1.68-1 libasan5_9.4.0-3 libasan6_11.2.0-10 libatomic1_11.2.0-10 libattr1_1:2.5.1-1 libaudit-common_1:3.0.6-1 libaudit1_1:3.0.6-1 libavahi-client3_0.8-5 libavahi-common-data_0.8-5 libavahi-common3_0.8-5 libbinutils_2.37-7 libblkid1_2.37.2-4 libbpf0_1:0.5.0-1 libbsd0_0.11.3-1 libbz2-1.0_1.0.8-4 libc-bin_2.32-4 libc-dev-bin_2.32-4 libc6_2.32-4 libc6-dev_2.32-4 libc6-i386_2.32-4 libcap-ng0_0.7.9-2.2+b1 libcap2_1:2.44-1 libcap2-bin_1:2.44-1 libcc1-0_11.2.0-10 libclang-common-12-dev_1:12.0.1-15 libclang-cpp12_1:12.0.1-15 libclang1-12_1:12.0.1-15 libcom-err2_1.46.4-1 libcrypt-dev_1:4.4.25-2 libcrypt1_1:4.4.25-2 libctf-nobfd0_2.37-7 libctf0_2.37-7 libdb5.3_5.3.28+dfsg1-0.8 libdbus-1-3_1.12.20-3 libdebconfclient0_0.260 libdebhelper-perl_13.5.2 libdpkg-perl_1.20.9 libedit2_3.1-20210910-1 libelf1_0.185-2 libext2fs2_1.46.4-1 libfakeroot_1.26-1 libffi8_3.4.2-3 libfile-stripnondeterminism-perl_1.12.0-2 libgc1_1:8.0.4-3 libgcc-11-dev_11.2.0-10 libgcc-9-dev_9.4.0-3 libgcc-s1_11.2.0-10 libgcrypt20_1.9.4-3+b1 libgdbm-compat4_1.22-1 libgdbm6_1.22-1 libgmp10_2:6.2.1+dfsg-2 libgnustep-base-dev_1.27.0-4 libgnustep-base1.27_1.27.0-4 libgnutls30_3.7.2-2 libgomp1_11.2.0-10 libgpg-error0_1.42-3 libgssapi-krb5-2_1.18.3-7 libhogweed6_3.7.3-1 libicu67_67.1-7 libidn2-0_2.3.2-2 libisl23_0.24-2 libitm1_11.2.0-10 libk5crypto3_1.18.3-7 libkeyutils1_1.6.1-2 libkrb5-3_1.18.3-7 libkrb5support0_1.18.3-7 libldap-2.4-2_2.4.59+dfsg-1 libldap2-dev_2.4.59+dfsg-1 libllvm12_1:12.0.1-15 liblsan0_11.2.0-10 liblz4-1_1.9.3-2 liblzma5_5.2.5-2 liblzo2-2_2.10-2 libmagic-mgc_1:5.39-3 libmagic1_1:5.39-3 libmd0_1.0.4-1 libmnl0_1.0.4-3 libmount1_2.37.2-4 libmpc3_1.2.1-1 libmpfr6_4.1.0-3 libnettle8_3.7.3-1 libnsl-dev_1.3.0-2 libnsl2_1.3.0-2 libobjc-11-dev_11.2.0-10 libobjc-9-dev_9.4.0-3 libobjc4_11.2.0-10 libomp-12-dev_1:12.0.1-15 libomp5-12_1:12.0.1-15 libp11-kit0_0.24.0-5 libpam-modules_1.4.0-10 libpam-modules-bin_1.4.0-10 libpam-runtime_1.4.0-10 libpam0g_1.4.0-10 libpcre2-8-0_10.36-2 libpcre3_2:8.39-13 libperl5.32_5.32.1-6 libpipeline1_1.5.3-1 libpkcs11-helper1_1.27-1 libquadmath0_11.2.0-10 libsasl2-2_2.1.27+dfsg-2.1 libsasl2-modules-db_2.1.27+dfsg-2.1 libseccomp2_2.5.2-2 libselinux1_3.1-3 libsemanage-common_3.1-1 libsemanage1_3.1-1+b2 libsepol1_3.1-1 libsigsegv2_2.13-1 libsmartcols1_2.37.2-4 libss2_1.46.4-1 libssl-dev_1.1.1l-1 libssl1.1_1.1.1l-1 libstdc++-11-dev_11.2.0-10 libstdc++6_11.2.0-10 libsub-override-perl_0.09-2 libsystemd0_249.5-1 libtasn1-6_4.17.0-2 libtinfo6_6.2+20210905-1 libtirpc-common_1.3.2-2 libtirpc-dev_1.3.2-2 libtirpc3_1.3.2-2 libtool_2.4.6-15 libtsan0_11.2.0-10 libubsan1_11.2.0-10 libuchardet0_0.0.7-1 libudev1_249.5-1 libunistring2_0.9.10-6 libunwind-12_1:12.0.1-15 libuuid1_2.37.2-4 libxml2_2.9.12+dfsg-5 libxslt1.1_1.1.34-4 libxtables12_1.8.7-1 libxxhash0_0.8.0-2 libz3-4_4.8.12-1+b1 libzstd1_1.4.8+dfsg-3 linux-libc-dev_5.14.12-1 llvm-12-linker-tools_1:12.0.1-15 login_1:4.8.1-1 logsave_1.46.4-1 lsb-base_11.1.0 m4_1.4.18-5 make_4.3-4.1 man-db_2.9.4-2 mawk_1.3.4.20200120-2 mount_2.37.2-4 ncurses-base_6.2+20210905-1 ncurses-bin_6.2+20210905-1 openssl_1.1.1l-1 openvpn_2.5.1-3 passwd_1:4.8.1-1 patch_2.7.6-7 perl_5.32.1-6 perl-base_5.32.1-6 perl-modules-5.32_5.32.1-6 po-debconf_1.0.21+nmu1 qt5-qmake_5.15.2+dfsg-12 qt5-qmake-bin_5.15.2+dfsg-12 qtchooser_66-2 re2c_2.2-1 rpcsvc-proto_1.4.2-4 sbuild-build-depends-main-dummy_0.invalid.0 sed_4.8-1 sensible-utils_0.0.17 sysvinit-utils_3.00-1 tar_1.34+dfsg-1 tzdata_2021e-1 util-linux_2.37.2-4 xz-utils_5.2.5-2 zlib1g_1:1.2.11.dfsg-2

+------------------------------------------------------------------------------+
| Build                                                                        |
+------------------------------------------------------------------------------+


Unpack source
-------------

-----BEGIN PGP SIGNED MESSAGE-----
Hash: SHA512

Format: 3.0 (quilt)
Source: openvpn-auth-ldap
Binary: openvpn-auth-ldap
Architecture: any
Version: 2.0.4-1
Maintainer: Aniol Marti <amarti@caliu.cat>
Homepage: https://github.com/threerings/openvpn-auth-ldap
Standards-Version: 4.4.0
Vcs-Browser: https://salsa.debian.org/debian/openvpn-auth-ldap
Vcs-Git: https://salsa.debian.org/debian/openvpn-auth-ldap.git
Testsuite: autopkgtest
Testsuite-Triggers: easy-rsa, ldap-utils, openvpn, slapd
Build-Depends: debhelper-compat (= 12), openvpn (>= 2), re2c, libldap2-dev, gobjc, libgnustep-base-dev, libssl-dev
Package-List:
 openvpn-auth-ldap deb net optional arch=any
Checksums-Sha1:
 fb3181f30c298ee546f4cf33fe539cc41464a3b0 209800 openvpn-auth-ldap_2.0.4.orig.tar.gz
 fd43c96e674a303e4daec65165fecce39a3aab1b 7672 openvpn-auth-ldap_2.0.4-1.debian.tar.xz
Checksums-Sha256:
 81f600cdc88adb2258f57df1ed2d87f0afa945f66cbf8897ad50e76f42509168 209800 openvpn-auth-ldap_2.0.4.orig.tar.gz
 2f30691770279de175e6466a5497c77933d3836dc989f6fec2f749461fbe6fc2 7672 openvpn-auth-ldap_2.0.4-1.debian.tar.xz
Files:
 c4985fbbf88042e28efd1521d03bf658 209800 openvpn-auth-ldap_2.0.4.orig.tar.gz
 86741198c3f903c397d532962bb7fcf0 7672 openvpn-auth-ldap_2.0.4-1.debian.tar.xz

-----BEGIN PGP SIGNATURE-----

iQIzBAEBCgAdFiEEaUBwKsbetWW2SKTt466XjoNOXn4FAl1IuKAACgkQ466XjoNO
Xn75gw/+J0NA9xzbqX5bvkjtpT5RJs8ozlTRKzqXClAANlu6dL7r05NNhEJwyY3R
ATWWj71A+dymH1uc99zGgnhOUQAo07G+wuybdQuMc9NIDc3CaYI7ytPr90N9ZugF
vI3MNmLdeHp/yRaDbGKrprnf8wpAEz1IqETo+hb5Hr407hYjRBNYzi9e7eVRLjCQ
zsYruZ+Y5O8sxavCaLFYikhquJ7QETOGnIVHuYoFQzS///cuGyrl6Vx+Th9OZtnZ
yuvVHOSWxw1rk9JEZ8OFUdyjsaJos6N4xMi7AmY22tNXbL5bSMKtInLxjIfnnkfw
bhT7YKD4jSqSeXNtKjyZ+iAVr4JRuOOk/aqPE1EpzKqZqt00wjujx2Ogcg6ucgQX
GNbacHCqa64QUGTdeQVdK6c92+I0uxCBO075kYOoRRtvZhsI7f4M+E9msIIDfsvL
RFJTJK+sjxruKLuTOaBsByyXBnk622Ah6YgFzeHdkxaQS7yOCk7JMqkz59c+9V+4
Dh5+vn/sTvJosIlpmxfF1dJ9wzB4ZE0WB0sNpvjQ5VvLxkX6/kGA70gzNLO02Try
G9ndfhIdvmFcicU2+n3q4QCZH2BQCZwUm3GHsTsxbfqWyEdEr+xT5hw+LvlJ3zBj
/YYzhQ0Q/7VCIHXx52+6O4TrmnNcZcFXYP09x90doC36IWZhkJA=
=sugd
-----END PGP SIGNATURE-----

gpgv: unknown type of key resource 'trustedkeys.kbx'
gpgv: keyblock resource '/tmp/dpkg-verify-sig.KVYRmxrn/trustedkeys.kbx': General error
gpgv: Signature made Mon Aug  5 23:15:44 2019 UTC
gpgv:                using RSA key 6940702AC6DEB565B648A4EDE3AE978E834E5E7E
gpgv: Can't check signature: No public key
dpkg-source: warning: failed to verify signature on ./openvpn-auth-ldap_2.0.4-1.dsc
dpkg-source: info: extracting openvpn-auth-ldap in /<<PKGBUILDDIR>>
dpkg-source: info: unpacking openvpn-auth-ldap_2.0.4.orig.tar.gz
dpkg-source: info: unpacking openvpn-auth-ldap_2.0.4-1.debian.tar.xz
dpkg-source: info: using patch list from debian/patches/series
dpkg-source: info: applying auth-ldap-remoteAddress.patch
dpkg-source: info: applying tools-cflags.patch
dpkg-source: info: applying load-ldflags.patch

Check disk space
----------------

Sufficient free space for build

User Environment
----------------

APT_CONFIG=/var/lib/sbuild/apt.conf
HOME=/sbuild-nonexistent
LANG=C.UTF-8
LC_ALL=C.UTF-8
LOGNAME=user42
PATH=/usr/local/sbin:/usr/local/bin:/usr/sbin:/usr/bin:/sbin:/bin:/usr/games
SCHROOT_ALIAS_NAME=unstable
SCHROOT_CHROOT_NAME=sid-amd64-sbuild
SCHROOT_COMMAND=env
SCHROOT_GID=1001
SCHROOT_GROUP=user42
SCHROOT_SESSION_ID=sid-amd64-sbuild-964d7be4-e178-463e-94fb-99be52c7c0dd
SCHROOT_UID=1001
SCHROOT_USER=user42
SHELL=/bin/sh
USER=user42

dpkg-buildpackage
-----------------

Command: dpkg-buildpackage -us -uc -b -rfakeroot
dpkg-buildpackage: info: source package openvpn-auth-ldap
dpkg-buildpackage: info: source version 2.0.4-1
dpkg-buildpackage: info: source distribution unstable
dpkg-buildpackage: info: source changed by Aniol Marti <amarti@caliu.cat>
 dpkg-source --before-build .
dpkg-buildpackage: info: host architecture amd64
 fakeroot debian/rules clean
dh clean --with autoreconf
   debian/rules override_dh_auto_clean
make[1]: Entering directory '/<<PKGBUILDDIR>>'
rm -f tests/Makefile
dh_auto_clean
make[1]: Leaving directory '/<<PKGBUILDDIR>>'
   dh_clean
 debian/rules build
dh build --with autoreconf
   dh_update_autotools_config
   dh_autoreconf
configure.ac:6: warning: The macro `AC_CANONICAL_SYSTEM' is obsolete.
configure.ac:6: You should run autoupdate.
./lib/autoconf/general.m4:2081: AC_CANONICAL_SYSTEM is expanded from...
configure.ac:6: the top level
configure.ac:10: warning: The macro `AC_PROG_CC_C99' is obsolete.
configure.ac:10: You should run autoupdate.
./lib/autoconf/c.m4:1659: AC_PROG_CC_C99 is expanded from...
configure.ac:10: the top level
configure.ac:12: warning: The macro `AC_HELP_STRING' is obsolete.
configure.ac:12: You should run autoupdate.
./lib/autoconf/general.m4:204: AC_HELP_STRING is expanded from...
aclocal.m4:504: TR_WERROR is expanded from...
configure.ac:12: the top level
configure.ac:44: warning: The macro `AC_HEADER_STDC' is obsolete.
configure.ac:44: You should run autoupdate.
./lib/autoconf/headers.m4:704: AC_HEADER_STDC is expanded from...
configure.ac:44: the top level
configure.ac:48: warning: The macro `AC_LANG_C' is obsolete.
configure.ac:48: You should run autoupdate.
./lib/autoconf/c.m4:72: AC_LANG_C is expanded from...
pthread.m4:51: ACX_PTHREAD is expanded from...
configure.ac:48: the top level
configure.ac:48: warning: The macro `AC_TRY_LINK' is obsolete.
configure.ac:48: You should run autoupdate.
./lib/autoconf/general.m4:2920: AC_TRY_LINK is expanded from...
pthread.m4:51: ACX_PTHREAD is expanded from...
configure.ac:48: the top level
configure.ac:62: warning: The macro `AC_HELP_STRING' is obsolete.
configure.ac:62: You should run autoupdate.
./lib/autoconf/general.m4:204: AC_HELP_STRING is expanded from...
aclocal.m4:236: OD_OPENLDAP is expanded from...
configure.ac:62: the top level
configure.ac:63: warning: The macro `AC_HELP_STRING' is obsolete.
configure.ac:63: You should run autoupdate.
./lib/autoconf/general.m4:204: AC_HELP_STRING is expanded from...
aclocal.m4:432: TR_OPENSSL is expanded from...
configure.ac:63: the top level
configure.ac:71: warning: The macro `AC_HELP_STRING' is obsolete.
configure.ac:71: You should run autoupdate.
./lib/autoconf/general.m4:204: AC_HELP_STRING is expanded from...
aclocal.m4:312: OD_OPENVPN_HEADER is expanded from...
configure.ac:71: the top level
configure.ac:75: warning: The macro `AC_HELP_STRING' is obsolete.
configure.ac:75: You should run autoupdate.
./lib/autoconf/general.m4:204: AC_HELP_STRING is expanded from...
aclocal.m4:31: OD_OBJC_RUNTIME is expanded from...
configure.ac:75: the top level
   debian/rules override_dh_auto_configure
make[1]: Entering directory '/<<PKGBUILDDIR>>'
dh_auto_configure -- --prefix=/usr --with-openvpn=/usr/include/openvpn
	./configure --build=x86_64-linux-gnu --prefix=/usr --includedir=\${prefix}/include --mandir=\${prefix}/share/man --infodir=\${prefix}/share/info --sysconfdir=/etc --localstatedir=/var --disable-option-checking --disable-silent-rules --libdir=\${prefix}/lib/x86_64-linux-gnu --runstatedir=/run --disable-maintainer-mode --disable-dependency-tracking --prefix=/usr --with-openvpn=/usr/include/openvpn
checking build system type... x86_64-pc-linux-gnu
checking host system type... x86_64-pc-linux-gnu
checking target system type... x86_64-pc-linux-gnu
checking for clang... clang
checking whether the C compiler works... yes
checking for C compiler default output file name... a.out
checking for suffix of executables... 
checking whether we are cross compiling... no
checking for suffix of object files... o
checking whether the compiler supports GNU C... yes
checking whether clang accepts -g... yes
checking for clang option to enable C11 features... none needed
checking for clang... clang
checking whether the compiler supports GNU Objective C... yes
checking whether clang accepts -g... yes
checking for a BSD-compatible install... /usr/bin/install -c
checking whether ln -s works... yes
checking whether make sets $(MAKE)... yes
checking for ranlib... ranlib
checking for ar... ar
checking for re2c... /usr/bin/re2c
checking for doxygen... no
checking for dot... no
checking for stdio.h... yes
checking for stdlib.h... yes
checking for string.h... yes
checking for inttypes.h... yes
checking for stdint.h... yes
checking for strings.h... yes
checking for sys/stat.h... yes
checking for sys/types.h... yes
checking for unistd.h... yes
checking for grep that handles long lines and -e... /bin/grep
checking for egrep... /bin/grep -E
checking for the pthreads library -lpthreads... no
checking whether pthreads work without any flags... no
checking whether pthreads work with -Kthread... no
checking whether pthreads work with -kthread... no
checking for the pthreads library -llthread... no
checking whether pthreads work with -pthread... yes
checking for joinable pthread attribute... PTHREAD_CREATE_JOINABLE
checking if more special flags are required for pthreads... no
checking for BSD pf(4) support... no
configure: WARNING: pf(4) table support will not be included.
checking for strlcpy... no
checking for openldap... yes
checking for openssl... yes
checking for NSStringFromSelector in Foundation framework... no
checking for openvpn-plugin.h... yes
checking for objc/objc.h... no
configure: error: Can't locate Objective C runtime headers
	tail -v -n \+0 config.log
==> config.log <==
This file contains any messages produced by compilers while
running configure, to aid debugging if configure makes a mistake.

It was created by auth-ldap configure 2.0, which was
generated by GNU Autoconf 2.71.  Invocation command line was

  $ ./configure --build=x86_64-linux-gnu --prefix=/usr '--includedir=${prefix}/include' '--mandir=${prefix}/share/man' '--infodir=${prefix}/share/info' --sysconfdir=/etc --localstatedir=/var --disable-option-checking --disable-silent-rules '--libdir=${prefix}/lib/x86_64-linux-gnu' --runstatedir=/run --disable-maintainer-mode --disable-dependency-tracking --prefix=/usr --with-openvpn=/usr/include/openvpn

## --------- ##
## Platform. ##
## --------- ##

hostname = ip-172-31-9-143
uname -m = x86_64
uname -r = 4.19.0-6-cloud-amd64
uname -s = Linux
uname -v = #1 SMP Debian 4.19.67-2+deb10u2 (2019-11-11)

/usr/bin/uname -p = unknown
/bin/uname -X     = unknown

/bin/arch              = unknown
/usr/bin/arch -k       = unknown
/usr/convex/getsysinfo = unknown
/usr/bin/hostinfo      = unknown
/bin/machine           = unknown
/usr/bin/oslevel       = unknown
/bin/universe          = unknown

PATH: /usr/local/sbin/
PATH: /usr/local/bin/
PATH: /usr/sbin/
PATH: /usr/bin/
PATH: /sbin/
PATH: /bin/
PATH: /usr/games/


## ----------- ##
## Core tests. ##
## ----------- ##

configure:2418: looking for aux files: install-sh config.guess config.sub
configure:2431:  trying ./
configure:2442:   ./install-sh found
configure:2460:   ./config.guess found
configure:2460:   ./config.sub found
configure:2582: checking build system type
configure:2597: result: x86_64-pc-linux-gnu
configure:2617: checking host system type
configure:2631: result: x86_64-pc-linux-gnu
configure:2651: checking target system type
configure:2665: result: x86_64-pc-linux-gnu
configure:2762: checking for clang
configure:2783: found /usr/bin/clang
configure:2794: result: clang
configure:2825: checking for C compiler version
configure:2834: clang --version >&5
Debian clang version 12.0.1-15
Target: x86_64-pc-linux-gnu
Thread model: posix
InstalledDir: /usr/bin
configure:2845: $? = 0
configure:2834: clang -v >&5
Debian clang version 12.0.1-15
Target: x86_64-pc-linux-gnu
Thread model: posix
InstalledDir: /usr/bin
Found candidate GCC installation: /usr/bin/../lib/gcc/x86_64-linux-gnu/11
Found candidate GCC installation: /usr/bin/../lib/gcc/x86_64-linux-gnu/9
Found candidate GCC installation: /usr/lib/gcc/x86_64-linux-gnu/11
Found candidate GCC installation: /usr/lib/gcc/x86_64-linux-gnu/9
Selected GCC installation: /usr/bin/../lib/gcc/x86_64-linux-gnu/11
Candidate multilib: .;@m64
... rest of stderr output deleted ...
configure:2845: $? = 0
configure:2834: clang -V >&5
clang: error: argument to '-V' is missing (expected 1 value)
clang: error: no input files
configure:2845: $? = 1
configure:2834: clang -qversion >&5
clang: error: unknown argument '-qversion'; did you mean '--version'?
clang: error: no input files
configure:2845: $? = 1
configure:2834: clang -version >&5
clang: error: unknown argument '-version'; did you mean '--version'?
clang: error: no input files
configure:2845: $? = 1
configure:2865: checking whether the C compiler works
configure:2887: clang -g -O2 -ffile-prefix-map=/<<PKGBUILDDIR>>=. -fstack-protector-strong -Wformat -Werror=format-security -g -O2 -fstack-protector-strong -Wformat -Werror=format-security -D_FORTIFY_SOURCE=2 -fdebug-prefix-map=/<<PKGBUILDDIR>>=/ -Wdate-time -D_FORTIFY_SOURCE=2 -Wl,-z,relro -Wl,--as-needed conftest.c  >&5
configure:2891: $? = 0
configure:2941: result: yes
configure:2944: checking for C compiler default output file name
configure:2946: result: a.out
configure:2952: checking for suffix of executables
configure:2959: clang -o conftest -g -O2 -ffile-prefix-map=/<<PKGBUILDDIR>>=. -fstack-protector-strong -Wformat -Werror=format-security -g -O2 -fstack-protector-strong -Wformat -Werror=format-security -D_FORTIFY_SOURCE=2 -fdebug-prefix-map=/<<PKGBUILDDIR>>=/ -Wdate-time -D_FORTIFY_SOURCE=2 -Wl,-z,relro -Wl,--as-needed conftest.c  >&5
configure:2963: $? = 0
configure:2986: result: 
configure:3008: checking whether we are cross compiling
configure:3016: clang -o conftest -g -O2 -ffile-prefix-map=/<<PKGBUILDDIR>>=. -fstack-protector-strong -Wformat -Werror=format-security -g -O2 -fstack-protector-strong -Wformat -Werror=format-security -D_FORTIFY_SOURCE=2 -fdebug-prefix-map=/<<PKGBUILDDIR>>=/ -Wdate-time -D_FORTIFY_SOURCE=2 -Wl,-z,relro -Wl,--as-needed conftest.c  >&5
configure:3020: $? = 0
configure:3027: ./conftest
configure:3031: $? = 0
configure:3046: result: no
configure:3051: checking for suffix of object files
configure:3074: clang -c -g -O2 -ffile-prefix-map=/<<PKGBUILDDIR>>=. -fstack-protector-strong -Wformat -Werror=format-security -g -O2 -fstack-protector-strong -Wformat -Werror=format-security -D_FORTIFY_SOURCE=2 -fdebug-prefix-map=/<<PKGBUILDDIR>>=/ -Wdate-time -D_FORTIFY_SOURCE=2 conftest.c >&5
configure:3078: $? = 0
configure:3100: result: o
configure:3104: checking whether the compiler supports GNU C
configure:3124: clang -c -g -O2 -ffile-prefix-map=/<<PKGBUILDDIR>>=. -fstack-protector-strong -Wformat -Werror=format-security -g -O2 -fstack-protector-strong -Wformat -Werror=format-security -D_FORTIFY_SOURCE=2 -fdebug-prefix-map=/<<PKGBUILDDIR>>=/ -Wdate-time -D_FORTIFY_SOURCE=2 conftest.c >&5
configure:3124: $? = 0
configure:3134: result: yes
configure:3145: checking whether clang accepts -g
configure:3166: clang -c -g -Wdate-time -D_FORTIFY_SOURCE=2 conftest.c >&5
configure:3166: $? = 0
configure:3210: result: yes
configure:3230: checking for clang option to enable C11 features
configure:3245: clang  -c -g -O2 -ffile-prefix-map=/<<PKGBUILDDIR>>=. -fstack-protector-strong -Wformat -Werror=format-security -g -O2 -fstack-protector-strong -Wformat -Werror=format-security -D_FORTIFY_SOURCE=2 -fdebug-prefix-map=/<<PKGBUILDDIR>>=/ -Wdate-time -D_FORTIFY_SOURCE=2 conftest.c >&5
configure:3245: $? = 0
configure:3263: result: none needed
configure:3433: checking for clang
configure:3454: found /usr/bin/clang
configure:3465: result: clang
configure:3490: checking for Objective C compiler version
configure:3499: clang --version >&5
Debian clang version 12.0.1-15
Target: x86_64-pc-linux-gnu
Thread model: posix
InstalledDir: /usr/bin
configure:3510: $? = 0
configure:3499: clang -v >&5
Debian clang version 12.0.1-15
Target: x86_64-pc-linux-gnu
Thread model: posix
InstalledDir: /usr/bin
Found candidate GCC installation: /usr/bin/../lib/gcc/x86_64-linux-gnu/11
Found candidate GCC installation: /usr/bin/../lib/gcc/x86_64-linux-gnu/9
Found candidate GCC installation: /usr/lib/gcc/x86_64-linux-gnu/11
Found candidate GCC installation: /usr/lib/gcc/x86_64-linux-gnu/9
Selected GCC installation: /usr/bin/../lib/gcc/x86_64-linux-gnu/11
Candidate multilib: .;@m64
... rest of stderr output deleted ...
configure:3510: $? = 0
configure:3499: clang -V >&5
clang: error: argument to '-V' is missing (expected 1 value)
clang: error: no input files
configure:3510: $? = 1
configure:3499: clang -qversion >&5
clang: error: unknown argument '-qversion'; did you mean '--version'?
clang: error: no input files
configure:3510: $? = 1
configure:3514: checking whether the compiler supports GNU Objective C
configure:3534: clang -c -g -O2 -ffile-prefix-map=/<<PKGBUILDDIR>>=. -fstack-protector-strong -Wformat -Werror=format-security -std=gnu11 -Wdate-time -D_FORTIFY_SOURCE=2 conftest.m >&5
configure:3534: $? = 0
configure:3544: result: yes
configure:3555: checking whether clang accepts -g
configure:3576: clang -c -g -Wdate-time -D_FORTIFY_SOURCE=2 conftest.m >&5
configure:3576: $? = 0
configure:3620: result: yes
configure:3751: checking for a BSD-compatible install
configure:3824: result: /usr/bin/install -c
configure:3835: checking whether ln -s works
configure:3839: result: yes
configure:3846: checking whether make sets $(MAKE)
configure:3869: result: yes
configure:3927: checking for ranlib
configure:3948: found /usr/bin/ranlib
configure:3959: result: ranlib
configure:4029: checking for ar
configure:4050: found /usr/bin/ar
configure:4061: result: ar
configure:4086: checking for re2c
configure:4109: found /usr/bin/re2c
configure:4122: result: /usr/bin/re2c
configure:4136: checking for doxygen
configure:4172: result: no
configure:4186: checking for dot
configure:4222: result: no
configure:4343: checking for stdio.h
configure:4343: clang -c -g -O2 -ffile-prefix-map=/<<PKGBUILDDIR>>=. -fstack-protector-strong -Wformat -Werror=format-security -g -O2 -fstack-protector-strong -Wformat -Werror=format-security -D_FORTIFY_SOURCE=2 -fdebug-prefix-map=/<<PKGBUILDDIR>>=/ -Wdate-time -D_FORTIFY_SOURCE=2 conftest.c >&5
configure:4343: $? = 0
configure:4343: result: yes
configure:4343: checking for stdlib.h
configure:4343: clang -c -g -O2 -ffile-prefix-map=/<<PKGBUILDDIR>>=. -fstack-protector-strong -Wformat -Werror=format-security -g -O2 -fstack-protector-strong -Wformat -Werror=format-security -D_FORTIFY_SOURCE=2 -fdebug-prefix-map=/<<PKGBUILDDIR>>=/ -Wdate-time -D_FORTIFY_SOURCE=2 conftest.c >&5
configure:4343: $? = 0
configure:4343: result: yes
configure:4343: checking for string.h
configure:4343: clang -c -g -O2 -ffile-prefix-map=/<<PKGBUILDDIR>>=. -fstack-protector-strong -Wformat -Werror=format-security -g -O2 -fstack-protector-strong -Wformat -Werror=format-security -D_FORTIFY_SOURCE=2 -fdebug-prefix-map=/<<PKGBUILDDIR>>=/ -Wdate-time -D_FORTIFY_SOURCE=2 conftest.c >&5
configure:4343: $? = 0
configure:4343: result: yes
configure:4343: checking for inttypes.h
configure:4343: clang -c -g -O2 -ffile-prefix-map=/<<PKGBUILDDIR>>=. -fstack-protector-strong -Wformat -Werror=format-security -g -O2 -fstack-protector-strong -Wformat -Werror=format-security -D_FORTIFY_SOURCE=2 -fdebug-prefix-map=/<<PKGBUILDDIR>>=/ -Wdate-time -D_FORTIFY_SOURCE=2 conftest.c >&5
configure:4343: $? = 0
configure:4343: result: yes
configure:4343: checking for stdint.h
configure:4343: clang -c -g -O2 -ffile-prefix-map=/<<PKGBUILDDIR>>=. -fstack-protector-strong -Wformat -Werror=format-security -g -O2 -fstack-protector-strong -Wformat -Werror=format-security -D_FORTIFY_SOURCE=2 -fdebug-prefix-map=/<<PKGBUILDDIR>>=/ -Wdate-time -D_FORTIFY_SOURCE=2 conftest.c >&5
configure:4343: $? = 0
configure:4343: result: yes
configure:4343: checking for strings.h
configure:4343: clang -c -g -O2 -ffile-prefix-map=/<<PKGBUILDDIR>>=. -fstack-protector-strong -Wformat -Werror=format-security -g -O2 -fstack-protector-strong -Wformat -Werror=format-security -D_FORTIFY_SOURCE=2 -fdebug-prefix-map=/<<PKGBUILDDIR>>=/ -Wdate-time -D_FORTIFY_SOURCE=2 conftest.c >&5
configure:4343: $? = 0
configure:4343: result: yes
configure:4343: checking for sys/stat.h
configure:4343: clang -c -g -O2 -ffile-prefix-map=/<<PKGBUILDDIR>>=. -fstack-protector-strong -Wformat -Werror=format-security -g -O2 -fstack-protector-strong -Wformat -Werror=format-security -D_FORTIFY_SOURCE=2 -fdebug-prefix-map=/<<PKGBUILDDIR>>=/ -Wdate-time -D_FORTIFY_SOURCE=2 conftest.c >&5
configure:4343: $? = 0
configure:4343: result: yes
configure:4343: checking for sys/types.h
configure:4343: clang -c -g -O2 -ffile-prefix-map=/<<PKGBUILDDIR>>=. -fstack-protector-strong -Wformat -Werror=format-security -g -O2 -fstack-protector-strong -Wformat -Werror=format-security -D_FORTIFY_SOURCE=2 -fdebug-prefix-map=/<<PKGBUILDDIR>>=/ -Wdate-time -D_FORTIFY_SOURCE=2 conftest.c >&5
configure:4343: $? = 0
configure:4343: result: yes
configure:4343: checking for unistd.h
configure:4343: clang -c -g -O2 -ffile-prefix-map=/<<PKGBUILDDIR>>=. -fstack-protector-strong -Wformat -Werror=format-security -g -O2 -fstack-protector-strong -Wformat -Werror=format-security -D_FORTIFY_SOURCE=2 -fdebug-prefix-map=/<<PKGBUILDDIR>>=/ -Wdate-time -D_FORTIFY_SOURCE=2 conftest.c >&5
configure:4343: $? = 0
configure:4343: result: yes
configure:4368: checking for grep that handles long lines and -e
configure:4432: result: /bin/grep
configure:4440: checking for egrep
configure:4508: result: /bin/grep -E
configure:4766: checking for the pthreads library -lpthreads
configure:4799: clang -o conftest -g -O2 -ffile-prefix-map=/<<PKGBUILDDIR>>=. -fstack-protector-strong -Wformat -Werror=format-security -g -O2 -fstack-protector-strong -Wformat -Werror=format-security -D_FORTIFY_SOURCE=2 -fdebug-prefix-map=/<<PKGBUILDDIR>>=/  -Wdate-time -D_FORTIFY_SOURCE=2 -Wl,-z,relro -Wl,--as-needed conftest.c -lpthreads  >&5
conftest.c:24:41: warning: null passed to a callee that requires a non-null argument [-Wnonnull]
                     pthread_attr_init(0); pthread_cleanup_push(0, 0);
                                       ~^
conftest.c:25:44: warning: null passed to a callee that requires a non-null argument [-Wnonnull]
                     pthread_create(0,0,0,0); pthread_cleanup_pop(0);
                                    ~      ^
conftest.c:25:44: warning: null passed to a callee that requires a non-null argument [-Wnonnull]
                     pthread_create(0,0,0,0); pthread_cleanup_pop(0);
                                        ~  ^
3 warnings generated.
/usr/bin/ld: cannot find -lpthreads
clang: error: linker command failed with exit code 1 (use -v to see invocation)
configure:4799: $? = 1
configure: failed program was:
| /* confdefs.h */
| #define PACKAGE_NAME "auth-ldap"
| #define PACKAGE_TARNAME "auth-ldap"
| #define PACKAGE_VERSION "2.0"
| #define PACKAGE_STRING "auth-ldap 2.0"
| #define PACKAGE_BUGREPORT "landonf@opendarwin.org"
| #define PACKAGE_URL ""
| #define HAVE_STDIO_H 1
| #define HAVE_STDLIB_H 1
| #define HAVE_STRING_H 1
| #define HAVE_INTTYPES_H 1
| #define HAVE_STDINT_H 1
| #define HAVE_STRINGS_H 1
| #define HAVE_SYS_STAT_H 1
| #define HAVE_SYS_TYPES_H 1
| #define HAVE_UNISTD_H 1
| #define STDC_HEADERS 1
| /* end confdefs.h.  */
| #include <pthread.h>
| int
| main (void)
| {
| pthread_t th; pthread_join(th, 0);
|                      pthread_attr_init(0); pthread_cleanup_push(0, 0);
|                      pthread_create(0,0,0,0); pthread_cleanup_pop(0);
|   ;
|   return 0;
| }
configure:4809: result: no
configure:4705: checking whether pthreads work without any flags
configure:4799: clang -o conftest -g -O2 -ffile-prefix-map=/<<PKGBUILDDIR>>=. -fstack-protector-strong -Wformat -Werror=format-security -g -O2 -fstack-protector-strong -Wformat -Werror=format-security -D_FORTIFY_SOURCE=2 -fdebug-prefix-map=/<<PKGBUILDDIR>>=/  -Wdate-time -D_FORTIFY_SOURCE=2 -Wl,-z,relro -Wl,--as-needed conftest.c   >&5
conftest.c:24:41: warning: null passed to a callee that requires a non-null argument [-Wnonnull]
                     pthread_attr_init(0); pthread_cleanup_push(0, 0);
                                       ~^
conftest.c:25:44: warning: null passed to a callee that requires a non-null argument [-Wnonnull]
                     pthread_create(0,0,0,0); pthread_cleanup_pop(0);
                                    ~      ^
conftest.c:25:44: warning: null passed to a callee that requires a non-null argument [-Wnonnull]
                     pthread_create(0,0,0,0); pthread_cleanup_pop(0);
                                        ~  ^
3 warnings generated.
/usr/bin/ld: /tmp/conftest-942dc1.o: in function `main':
./conftest.c:23: undefined reference to `pthread_join'
/usr/bin/ld: ./conftest.c:24: undefined reference to `__pthread_register_cancel'
/usr/bin/ld: ./conftest.c:25: undefined reference to `pthread_create'
/usr/bin/ld: ./conftest.c:25: undefined reference to `__pthread_unregister_cancel'
clang: error: linker command failed with exit code 1 (use -v to see invocation)
configure:4799: $? = 1
configure: failed program was:
| /* confdefs.h */
| #define PACKAGE_NAME "auth-ldap"
| #define PACKAGE_TARNAME "auth-ldap"
| #define PACKAGE_VERSION "2.0"
| #define PACKAGE_STRING "auth-ldap 2.0"
| #define PACKAGE_BUGREPORT "landonf@opendarwin.org"
| #define PACKAGE_URL ""
| #define HAVE_STDIO_H 1
| #define HAVE_STDLIB_H 1
| #define HAVE_STRING_H 1
| #define HAVE_INTTYPES_H 1
| #define HAVE_STDINT_H 1
| #define HAVE_STRINGS_H 1
| #define HAVE_SYS_STAT_H 1
| #define HAVE_SYS_TYPES_H 1
| #define HAVE_UNISTD_H 1
| #define STDC_HEADERS 1
| /* end confdefs.h.  */
| #include <pthread.h>
| int
| main (void)
| {
| pthread_t th; pthread_join(th, 0);
|                      pthread_attr_init(0); pthread_cleanup_push(0, 0);
|                      pthread_create(0,0,0,0); pthread_cleanup_pop(0);
|   ;
|   return 0;
| }
configure:4809: result: no
configure:4710: checking whether pthreads work with -Kthread
configure:4799: clang -o conftest -g -O2 -ffile-prefix-map=/<<PKGBUILDDIR>>=. -fstack-protector-strong -Wformat -Werror=format-security -g -O2 -fstack-protector-strong -Wformat -Werror=format-security -D_FORTIFY_SOURCE=2 -fdebug-prefix-map=/<<PKGBUILDDIR>>=/ -Kthread -Wdate-time -D_FORTIFY_SOURCE=2 -Wl,-z,relro -Wl,--as-needed conftest.c -Kthread  >&5
clang: error: unknown argument '-Kthread'; did you mean '-pthread'?
clang: error: unknown argument '-Kthread'; did you mean '-pthread'?
configure:4799: $? = 1
configure: failed program was:
| /* confdefs.h */
| #define PACKAGE_NAME "auth-ldap"
| #define PACKAGE_TARNAME "auth-ldap"
| #define PACKAGE_VERSION "2.0"
| #define PACKAGE_STRING "auth-ldap 2.0"
| #define PACKAGE_BUGREPORT "landonf@opendarwin.org"
| #define PACKAGE_URL ""
| #define HAVE_STDIO_H 1
| #define HAVE_STDLIB_H 1
| #define HAVE_STRING_H 1
| #define HAVE_INTTYPES_H 1
| #define HAVE_STDINT_H 1
| #define HAVE_STRINGS_H 1
| #define HAVE_SYS_STAT_H 1
| #define HAVE_SYS_TYPES_H 1
| #define HAVE_UNISTD_H 1
| #define STDC_HEADERS 1
| /* end confdefs.h.  */
| #include <pthread.h>
| int
| main (void)
| {
| pthread_t th; pthread_join(th, 0);
|                      pthread_attr_init(0); pthread_cleanup_push(0, 0);
|                      pthread_create(0,0,0,0); pthread_cleanup_pop(0);
|   ;
|   return 0;
| }
configure:4809: result: no
configure:4710: checking whether pthreads work with -kthread
configure:4799: clang -o conftest -g -O2 -ffile-prefix-map=/<<PKGBUILDDIR>>=. -fstack-protector-strong -Wformat -Werror=format-security -g -O2 -fstack-protector-strong -Wformat -Werror=format-security -D_FORTIFY_SOURCE=2 -fdebug-prefix-map=/<<PKGBUILDDIR>>=/ -kthread -Wdate-time -D_FORTIFY_SOURCE=2 -Wl,-z,relro -Wl,--as-needed conftest.c -kthread  >&5
clang: error: unknown argument '-kthread'; did you mean '-pthread'?
clang: error: unknown argument '-kthread'; did you mean '-pthread'?
configure:4799: $? = 1
configure: failed program was:
| /* confdefs.h */
| #define PACKAGE_NAME "auth-ldap"
| #define PACKAGE_TARNAME "auth-ldap"
| #define PACKAGE_VERSION "2.0"
| #define PACKAGE_STRING "auth-ldap 2.0"
| #define PACKAGE_BUGREPORT "landonf@opendarwin.org"
| #define PACKAGE_URL ""
| #define HAVE_STDIO_H 1
| #define HAVE_STDLIB_H 1
| #define HAVE_STRING_H 1
| #define HAVE_INTTYPES_H 1
| #define HAVE_STDINT_H 1
| #define HAVE_STRINGS_H 1
| #define HAVE_SYS_STAT_H 1
| #define HAVE_SYS_TYPES_H 1
| #define HAVE_UNISTD_H 1
| #define STDC_HEADERS 1
| /* end confdefs.h.  */
| #include <pthread.h>
| int
| main (void)
| {
| pthread_t th; pthread_join(th, 0);
|                      pthread_attr_init(0); pthread_cleanup_push(0, 0);
|                      pthread_create(0,0,0,0); pthread_cleanup_pop(0);
|   ;
|   return 0;
| }
configure:4809: result: no
configure:4766: checking for the pthreads library -llthread
configure:4799: clang -o conftest -g -O2 -ffile-prefix-map=/<<PKGBUILDDIR>>=. -fstack-protector-strong -Wformat -Werror=format-security -g -O2 -fstack-protector-strong -Wformat -Werror=format-security -D_FORTIFY_SOURCE=2 -fdebug-prefix-map=/<<PKGBUILDDIR>>=/  -Wdate-time -D_FORTIFY_SOURCE=2 -Wl,-z,relro -Wl,--as-needed conftest.c -llthread  >&5
conftest.c:24:41: warning: null passed to a callee that requires a non-null argument [-Wnonnull]
                     pthread_attr_init(0); pthread_cleanup_push(0, 0);
                                       ~^
conftest.c:25:44: warning: null passed to a callee that requires a non-null argument [-Wnonnull]
                     pthread_create(0,0,0,0); pthread_cleanup_pop(0);
                                    ~      ^
conftest.c:25:44: warning: null passed to a callee that requires a non-null argument [-Wnonnull]
                     pthread_create(0,0,0,0); pthread_cleanup_pop(0);
                                        ~  ^
3 warnings generated.
/usr/bin/ld: cannot find -llthread
clang: error: linker command failed with exit code 1 (use -v to see invocation)
configure:4799: $? = 1
configure: failed program was:
| /* confdefs.h */
| #define PACKAGE_NAME "auth-ldap"
| #define PACKAGE_TARNAME "auth-ldap"
| #define PACKAGE_VERSION "2.0"
| #define PACKAGE_STRING "auth-ldap 2.0"
| #define PACKAGE_BUGREPORT "landonf@opendarwin.org"
| #define PACKAGE_URL ""
| #define HAVE_STDIO_H 1
| #define HAVE_STDLIB_H 1
| #define HAVE_STRING_H 1
| #define HAVE_INTTYPES_H 1
| #define HAVE_STDINT_H 1
| #define HAVE_STRINGS_H 1
| #define HAVE_SYS_STAT_H 1
| #define HAVE_SYS_TYPES_H 1
| #define HAVE_UNISTD_H 1
| #define STDC_HEADERS 1
| /* end confdefs.h.  */
| #include <pthread.h>
| int
| main (void)
| {
| pthread_t th; pthread_join(th, 0);
|                      pthread_attr_init(0); pthread_cleanup_push(0, 0);
|                      pthread_create(0,0,0,0); pthread_cleanup_pop(0);
|   ;
|   return 0;
| }
configure:4809: result: no
configure:4710: checking whether pthreads work with -pthread
configure:4799: clang -o conftest -g -O2 -ffile-prefix-map=/<<PKGBUILDDIR>>=. -fstack-protector-strong -Wformat -Werror=format-security -g -O2 -fstack-protector-strong -Wformat -Werror=format-security -D_FORTIFY_SOURCE=2 -fdebug-prefix-map=/<<PKGBUILDDIR>>=/ -pthread -Wdate-time -D_FORTIFY_SOURCE=2 -Wl,-z,relro -Wl,--as-needed conftest.c -pthread  >&5
conftest.c:24:41: warning: null passed to a callee that requires a non-null argument [-Wnonnull]
                     pthread_attr_init(0); pthread_cleanup_push(0, 0);
                                       ~^
conftest.c:25:44: warning: null passed to a callee that requires a non-null argument [-Wnonnull]
                     pthread_create(0,0,0,0); pthread_cleanup_pop(0);
                                    ~      ^
conftest.c:25:44: warning: null passed to a callee that requires a non-null argument [-Wnonnull]
                     pthread_create(0,0,0,0); pthread_cleanup_pop(0);
                                        ~  ^
3 warnings generated.
configure:4799: $? = 0
configure:4809: result: yes
configure:4828: checking for joinable pthread attribute
configure:4843: clang -o conftest -g -O2 -ffile-prefix-map=/<<PKGBUILDDIR>>=. -fstack-protector-strong -Wformat -Werror=format-security -g -O2 -fstack-protector-strong -Wformat -Werror=format-security -D_FORTIFY_SOURCE=2 -fdebug-prefix-map=/<<PKGBUILDDIR>>=/ -pthread -Wdate-time -D_FORTIFY_SOURCE=2 -Wl,-z,relro -Wl,--as-needed conftest.c -pthread  >&5
configure:4843: $? = 0
configure:4850: result: PTHREAD_CREATE_JOINABLE
configure:4858: checking if more special flags are required for pthreads
configure:4865: result: no
configure:5019: checking for BSD pf(4) support
configure:5047: clang -o conftest -g -O2 -ffile-prefix-map=/<<PKGBUILDDIR>>=. -fstack-protector-strong -Wformat -Werror=format-security -g -O2 -fstack-protector-strong -Wformat -Werror=format-security -D_FORTIFY_SOURCE=2 -fdebug-prefix-map=/<<PKGBUILDDIR>>=/ -Wdate-time -D_FORTIFY_SOURCE=2 -export-dynamic -Wl,-z,relro -Wl,--as-needed conftest.c  >&5
conftest.c:26:16: fatal error: 'net/pfvar.h' file not found
                                                #include <net/pfvar.h>
                                                         ^~~~~~~~~~~~~
1 error generated.
configure:5047: $? = 1
configure: failed program was:
| /* confdefs.h */
| #define PACKAGE_NAME "auth-ldap"
| #define PACKAGE_TARNAME "auth-ldap"
| #define PACKAGE_VERSION "2.0"
| #define PACKAGE_STRING "auth-ldap 2.0"
| #define PACKAGE_BUGREPORT "landonf@opendarwin.org"
| #define PACKAGE_URL ""
| #define HAVE_STDIO_H 1
| #define HAVE_STDLIB_H 1
| #define HAVE_STRING_H 1
| #define HAVE_INTTYPES_H 1
| #define HAVE_STDINT_H 1
| #define HAVE_STRINGS_H 1
| #define HAVE_SYS_STAT_H 1
| #define HAVE_SYS_TYPES_H 1
| #define HAVE_UNISTD_H 1
| #define STDC_HEADERS 1
| #define HAVE_PTHREAD 1
| /* end confdefs.h.  */
| 
| 
| 						#include <sys/types.h>
| 						#include <sys/ioctl.h>
| 						#include <sys/socket.h>
| 						#include <net/if.h>
| 						#include <net/pfvar.h>
| 
| int
| main (void)
| {
| 
| 						unsigned long req = DIOCRCLRTABLES;
| 
|   ;
|   return 0;
| }
| 
configure:5065: result: no
configure:5069: WARNING: pf(4) table support will not be included.
configure:5162: checking for strlcpy
configure:5162: clang -o conftest -g -O2 -ffile-prefix-map=/<<PKGBUILDDIR>>=. -fstack-protector-strong -Wformat -Werror=format-security -g -O2 -fstack-protector-strong -Wformat -Werror=format-security -D_FORTIFY_SOURCE=2 -fdebug-prefix-map=/<<PKGBUILDDIR>>=/ -Wdate-time -D_FORTIFY_SOURCE=2 -export-dynamic -Wl,-z,relro -Wl,--as-needed conftest.c  >&5
/usr/bin/ld: warning: cannot find entry symbol xport-dynamic; defaulting to 0000000000401020
/usr/bin/ld: /tmp/conftest-cdfebc.o: in function `main':
./conftest.c:48: undefined reference to `strlcpy'
clang: error: linker command failed with exit code 1 (use -v to see invocation)
configure:5162: $? = 1
configure: failed program was:
| /* confdefs.h */
| #define PACKAGE_NAME "auth-ldap"
| #define PACKAGE_TARNAME "auth-ldap"
| #define PACKAGE_VERSION "2.0"
| #define PACKAGE_STRING "auth-ldap 2.0"
| #define PACKAGE_BUGREPORT "landonf@opendarwin.org"
| #define PACKAGE_URL ""
| #define HAVE_STDIO_H 1
| #define HAVE_STDLIB_H 1
| #define HAVE_STRING_H 1
| #define HAVE_INTTYPES_H 1
| #define HAVE_STDINT_H 1
| #define HAVE_STRINGS_H 1
| #define HAVE_SYS_STAT_H 1
| #define HAVE_SYS_TYPES_H 1
| #define HAVE_UNISTD_H 1
| #define STDC_HEADERS 1
| #define HAVE_PTHREAD 1
| #define _GNU_SOURCE 1
| /* end confdefs.h.  */
| /* Define strlcpy to an innocuous variant, in case <limits.h> declares strlcpy.
|    For example, HP-UX 11i <limits.h> declares gettimeofday.  */
| #define strlcpy innocuous_strlcpy
| 
| /* System header to define __stub macros and hopefully few prototypes,
|    which can conflict with char strlcpy (); below.  */
| 
| #include <limits.h>
| #undef strlcpy
| 
| /* Override any GCC internal prototype to avoid an error.
|    Use char because int might match the return type of a GCC
|    builtin and then its argument prototype would still apply.  */
| #ifdef __cplusplus
| extern "C"
| #endif
| char strlcpy ();
| /* The GNU C library defines this for functions which it implements
|     to always fail with ENOSYS.  Some functions are actually named
|     something starting with __ and the normal name is an alias.  */
| #if defined __stub_strlcpy || defined __stub___strlcpy
| choke me
| #endif
| 
| int
| main (void)
| {
| return strlcpy ();
|   ;
|   return 0;
| }
configure:5162: result: no
configure:5276: checking for openldap
configure:5301: clang -o conftest -g -O2 -ffile-prefix-map=/<<PKGBUILDDIR>>=. -fstack-protector-strong -Wformat -Werror=format-security -g -O2 -fstack-protector-strong -Wformat -Werror=format-security -D_FORTIFY_SOURCE=2 -fdebug-prefix-map=/<<PKGBUILDDIR>>=/  -Wdate-time -D_FORTIFY_SOURCE=2 -export-dynamic -Wl,-z,relro -Wl,--as-needed conftest.c  -lldap -llber >&5
/usr/bin/ld: warning: cannot find entry symbol xport-dynamic; defaulting to 0000000000401020
configure:5301: $? = 0
configure:5319: result: yes
configure:5364: checking for openssl
configure:5388: clang -o conftest -g -O2 -ffile-prefix-map=/<<PKGBUILDDIR>>=. -fstack-protector-strong -Wformat -Werror=format-security -g -O2 -fstack-protector-strong -Wformat -Werror=format-security -D_FORTIFY_SOURCE=2 -fdebug-prefix-map=/<<PKGBUILDDIR>>=/  -Wdate-time -D_FORTIFY_SOURCE=2 -export-dynamic -Wl,-z,relro -Wl,--as-needed conftest.c  -lssl -lcrypto >&5
/usr/bin/ld: warning: cannot find entry symbol xport-dynamic; defaulting to 0000000000401020
configure:5388: $? = 0
configure:5406: result: yes
configure:5423: checking for NSStringFromSelector in Foundation framework
configure:5446: clang -o conftest -g -O2 -ffile-prefix-map=/<<PKGBUILDDIR>>=. -fstack-protector-strong -Wformat -Werror=format-security -g -O2 -fstack-protector-strong -Wformat -Werror=format-security -D_FORTIFY_SOURCE=2 -fdebug-prefix-map=/<<PKGBUILDDIR>>=/ -Wdate-time -D_FORTIFY_SOURCE=2 -export-dynamic -Wl,-z,relro -Wl,--as-needed conftest.c -framework Foundation   >&5
/usr/bin/ld: -f may not be used without -shared
clang: error: linker command failed with exit code 1 (use -v to see invocation)
configure:5446: $? = 1
configure: failed program was:
| /* confdefs.h */
| #define PACKAGE_NAME "auth-ldap"
| #define PACKAGE_TARNAME "auth-ldap"
| #define PACKAGE_VERSION "2.0"
| #define PACKAGE_STRING "auth-ldap 2.0"
| #define PACKAGE_BUGREPORT "landonf@opendarwin.org"
| #define PACKAGE_URL ""
| #define HAVE_STDIO_H 1
| #define HAVE_STDLIB_H 1
| #define HAVE_STRING_H 1
| #define HAVE_INTTYPES_H 1
| #define HAVE_STDINT_H 1
| #define HAVE_STRINGS_H 1
| #define HAVE_SYS_STAT_H 1
| #define HAVE_SYS_TYPES_H 1
| #define HAVE_UNISTD_H 1
| #define STDC_HEADERS 1
| #define HAVE_PTHREAD 1
| #define _GNU_SOURCE 1
| /* end confdefs.h.  */
| 
| /* Override any GCC internal prototype to avoid an error.
|    Use char because int might match the return type of a GCC
|    builtin and then its argument prototype would still apply.  */
| char NSStringFromSelector ();
| int
| main (void)
| {
| return NSStringFromSelector ();
|   ;
|   return 0;
| }
configure:5456: result: no
configure:5567: checking for openvpn-plugin.h
configure:5591: clang -o conftest -g -O2 -ffile-prefix-map=/<<PKGBUILDDIR>>=. -fstack-protector-strong -Wformat -Werror=format-security -g -O2 -fstack-protector-strong -Wformat -Werror=format-security -D_FORTIFY_SOURCE=2 -fdebug-prefix-map=/<<PKGBUILDDIR>>=/ -I/usr/include/openvpn -Wdate-time -D_FORTIFY_SOURCE=2 -export-dynamic -Wl,-z,relro -Wl,--as-needed conftest.c  >&5
/usr/bin/ld: warning: cannot find entry symbol xport-dynamic; defaulting to 0000000000401020
configure:5591: $? = 0
configure:5609: result: yes
configure:5737: checking for objc/objc.h
configure:5737: clang -c -g -O2 -ffile-prefix-map=/<<PKGBUILDDIR>>=. -fstack-protector-strong -Wformat -Werror=format-security -std=gnu11 -Wdate-time -D_FORTIFY_SOURCE=2 conftest.m >&5
conftest.m:49:10: fatal error: 'objc/objc.h' file not found
#include <objc/objc.h>
         ^~~~~~~~~~~~~
1 error generated.
configure:5737: $? = 1
configure: failed program was:
| /* confdefs.h */
| #define PACKAGE_NAME "auth-ldap"
| #define PACKAGE_TARNAME "auth-ldap"
| #define PACKAGE_VERSION "2.0"
| #define PACKAGE_STRING "auth-ldap 2.0"
| #define PACKAGE_BUGREPORT "landonf@opendarwin.org"
| #define PACKAGE_URL ""
| #define HAVE_STDIO_H 1
| #define HAVE_STDLIB_H 1
| #define HAVE_STRING_H 1
| #define HAVE_INTTYPES_H 1
| #define HAVE_STDINT_H 1
| #define HAVE_STRINGS_H 1
| #define HAVE_SYS_STAT_H 1
| #define HAVE_SYS_TYPES_H 1
| #define HAVE_UNISTD_H 1
| #define STDC_HEADERS 1
| #define HAVE_PTHREAD 1
| #define _GNU_SOURCE 1
| /* end confdefs.h.  */
| #include <stddef.h>
| #ifdef HAVE_STDIO_H
| # include <stdio.h>
| #endif
| #ifdef HAVE_STDLIB_H
| # include <stdlib.h>
| #endif
| #ifdef HAVE_STRING_H
| # include <string.h>
| #endif
| #ifdef HAVE_INTTYPES_H
| # include <inttypes.h>
| #endif
| #ifdef HAVE_STDINT_H
| # include <stdint.h>
| #endif
| #ifdef HAVE_STRINGS_H
| # include <strings.h>
| #endif
| #ifdef HAVE_SYS_TYPES_H
| # include <sys/types.h>
| #endif
| #ifdef HAVE_SYS_STAT_H
| # include <sys/stat.h>
| #endif
| #ifdef HAVE_UNISTD_H
| # include <unistd.h>
| #endif
| #include <objc/objc.h>
configure:5737: result: no
configure:5743: error: Can't locate Objective C runtime headers

## ---------------- ##
## Cache variables. ##
## ---------------- ##

ac_cv_build=x86_64-pc-linux-gnu
ac_cv_c_compiler_gnu=yes
ac_cv_env_CC_set=
ac_cv_env_CC_value=
ac_cv_env_CFLAGS_set=set
ac_cv_env_CFLAGS_value='-g -O2 -ffile-prefix-map=/<<PKGBUILDDIR>>=. -fstack-protector-strong -Wformat -Werror=format-security -g -O2 -fstack-protector-strong -Wformat -Werror=format-security -D_FORTIFY_SOURCE=2 -fdebug-prefix-map=/<<PKGBUILDDIR>>=/'
ac_cv_env_CPPFLAGS_set=set
ac_cv_env_CPPFLAGS_value='-Wdate-time -D_FORTIFY_SOURCE=2'
ac_cv_env_LDFLAGS_set=set
ac_cv_env_LDFLAGS_value='-Wl,-z,relro -Wl,--as-needed'
ac_cv_env_LIBS_set=
ac_cv_env_LIBS_value=
ac_cv_env_OBJCFLAGS_set=set
ac_cv_env_OBJCFLAGS_value='-g -O2 -ffile-prefix-map=/<<PKGBUILDDIR>>=. -fstack-protector-strong -Wformat -Werror=format-security -std=gnu11'
ac_cv_env_OBJC_set=
ac_cv_env_OBJC_value=
ac_cv_env_build_alias_set=set
ac_cv_env_build_alias_value=x86_64-linux-gnu
ac_cv_env_host_alias_set=
ac_cv_env_host_alias_value=
ac_cv_env_target_alias_set=
ac_cv_env_target_alias_value=
ac_cv_framework_Foundation_NSStringFromSelector=no
ac_cv_func_strlcpy=no
ac_cv_header_inttypes_h=yes
ac_cv_header_objc_objc_h=no
ac_cv_header_stdint_h=yes
ac_cv_header_stdio_h=yes
ac_cv_header_stdlib_h=yes
ac_cv_header_string_h=yes
ac_cv_header_strings_h=yes
ac_cv_header_sys_stat_h=yes
ac_cv_header_sys_types_h=yes
ac_cv_header_unistd_h=yes
ac_cv_host=x86_64-pc-linux-gnu
ac_cv_objc_compiler_gnu=yes
ac_cv_objext=o
ac_cv_path_DOT=no
ac_cv_path_DOXYGEN=no
ac_cv_path_EGREP='/bin/grep -E'
ac_cv_path_GREP=/bin/grep
ac_cv_path_RE2C=/usr/bin/re2c
ac_cv_path_install='/usr/bin/install -c'
ac_cv_prog_ac_ct_AR=ar
ac_cv_prog_ac_ct_CC=clang
ac_cv_prog_ac_ct_OBJC=clang
ac_cv_prog_ac_ct_RANLIB=ranlib
ac_cv_prog_cc_c11=
ac_cv_prog_cc_g=yes
ac_cv_prog_cc_stdc=
ac_cv_prog_make_make_set=yes
ac_cv_prog_objc_g=yes
ac_cv_target=x86_64-pc-linux-gnu
od_cv_openldap=yes
od_cv_openssl=yes
od_cv_openvpn=yes
tr_cv_pf_ioctl=no

## ----------------- ##
## Output variables. ##
## ----------------- ##

AR='ar'
CC='clang'
CFLAGS='-g -O2 -ffile-prefix-map=/<<PKGBUILDDIR>>=. -fstack-protector-strong -Wformat -Werror=format-security -g -O2 -fstack-protector-strong -Wformat -Werror=format-security -D_FORTIFY_SOURCE=2 -fdebug-prefix-map=/<<PKGBUILDDIR>>=/'
CLEAN_PLUGIN='rm -f ${PLUGIN_FILE}'
CPPFLAGS='-Wdate-time -D_FORTIFY_SOURCE=2'
DEFS=''
DOT='no'
DOTDIR=''
DOXYGEN='false'
ECHO_C=''
ECHO_N='-n'
ECHO_T=''
EGREP='/bin/grep -E'
EXEEXT=''
GREP='/bin/grep'
INSTALL_DATA='${INSTALL} -m 644'
INSTALL_PLUGIN='$(INSTALL_LIB) $(PLUGIN_FILE) $(PLUGIN_INSTALL_DIR)/$(PLUGIN_FILE)'
INSTALL_PROGRAM='${INSTALL}'
INSTALL_SCRIPT='${INSTALL}'
LDAP_CFLAGS=''
LDAP_LIBS='-lldap -llber'
LDFLAGS='-export-dynamic -Wl,-z,relro -Wl,--as-needed'
LIBOBJS=''
LIBS=''
LN_S='ln -s'
LTLIBOBJS=''
MAKE_PLUGIN='${PLUGIN_LD} -o $@ ${PLUGIN_LD_FLAGS} ${PLUGIN_OBJS} ${LIBS}'
OBJC='clang'
OBJCFLAGS='-g -O2 -ffile-prefix-map=/<<PKGBUILDDIR>>=. -fstack-protector-strong -Wformat -Werror=format-security -std=gnu11'
OBJC_LIBS=''
OBJC_PTHREAD_CFLAGS=''
OBJC_PTHREAD_LIBS=''
OBJC_RUNTIME=''
OBJC_RUNTIME_FLAGS=''
OBJEXT='o'
OPENSSL_CFLAGS=''
OPENSSL_LIBS='-lssl -lcrypto'
OPENVPN_CFLAGS='-I/usr/include/openvpn'
PACKAGE_BUGREPORT='landonf@opendarwin.org'
PACKAGE_NAME='auth-ldap'
PACKAGE_STRING='auth-ldap 2.0'
PACKAGE_TARNAME='auth-ldap'
PACKAGE_URL=''
PACKAGE_VERSION='2.0'
PATH_SEPARATOR=':'
PLUGIN_CFLAGS='-fPIC'
PLUGIN_FILE='${PLUGIN_NAME}${PLUGIN_SUFFIX}'
PLUGIN_LD='clang -shared'
PLUGIN_LD_FLAGS='-Wl,-z,relro -Wl,--as-needed'
PLUGIN_SUFFIX='.so'
PTHREAD_CFLAGS='-pthread'
PTHREAD_LIBS='-pthread'
RANLIB='ranlib'
RE2C='/usr/bin/re2c'
SET_MAKE=''
SHELL='/bin/bash'
ac_ct_CC='clang'
ac_ct_OBJC='clang'
acx_pthread_config=''
bindir='${exec_prefix}/bin'
build='x86_64-pc-linux-gnu'
build_alias='x86_64-linux-gnu'
build_cpu='x86_64'
build_os='linux-gnu'
build_vendor='pc'
datadir='${datarootdir}'
datarootdir='${prefix}/share'
docdir='${datarootdir}/doc/${PACKAGE_TARNAME}'
dvidir='${docdir}'
exec_prefix='NONE'
host='x86_64-pc-linux-gnu'
host_alias=''
host_cpu='x86_64'
host_os='linux-gnu'
host_vendor='pc'
htmldir='${docdir}'
includedir='${prefix}/include'
infodir='${prefix}/share/info'
libdir='${prefix}/lib/x86_64-linux-gnu'
libexecdir='${exec_prefix}/libexec'
localedir='${datarootdir}/locale'
localstatedir='/var'
mandir='${prefix}/share/man'
oldincludedir='/usr/include'
pdfdir='${docdir}'
prefix='/usr'
program_transform_name='s,x,x,'
psdir='${docdir}'
runstatedir='/run'
sbindir='${exec_prefix}/sbin'
sharedstatedir='${prefix}/com'
sysconfdir='/etc'
target='x86_64-pc-linux-gnu'
target_alias=''
target_cpu='x86_64'
target_os='linux-gnu'
target_vendor='pc'

## ----------- ##
## confdefs.h. ##
## ----------- ##

/* confdefs.h */
#define PACKAGE_NAME "auth-ldap"
#define PACKAGE_TARNAME "auth-ldap"
#define PACKAGE_VERSION "2.0"
#define PACKAGE_STRING "auth-ldap 2.0"
#define PACKAGE_BUGREPORT "landonf@opendarwin.org"
#define PACKAGE_URL ""
#define HAVE_STDIO_H 1
#define HAVE_STDLIB_H 1
#define HAVE_STRING_H 1
#define HAVE_INTTYPES_H 1
#define HAVE_STDINT_H 1
#define HAVE_STRINGS_H 1
#define HAVE_SYS_STAT_H 1
#define HAVE_SYS_TYPES_H 1
#define HAVE_UNISTD_H 1
#define STDC_HEADERS 1
#define HAVE_PTHREAD 1
#define _GNU_SOURCE 1

configure: exit 1
dh_auto_configure: error: ./configure --build=x86_64-linux-gnu --prefix=/usr --includedir=\${prefix}/include --mandir=\${prefix}/share/man --infodir=\${prefix}/share/info --sysconfdir=/etc --localstatedir=/var --disable-option-checking --disable-silent-rules --libdir=\${prefix}/lib/x86_64-linux-gnu --runstatedir=/run --disable-maintainer-mode --disable-dependency-tracking --prefix=/usr --with-openvpn=/usr/include/openvpn returned exit code 1
make[1]: *** [debian/rules:10: override_dh_auto_configure] Error 25
make[1]: Leaving directory '/<<PKGBUILDDIR>>'
make: *** [debian/rules:7: build] Error 2
dpkg-buildpackage: error: debian/rules build subprocess returned exit status 2
--------------------------------------------------------------------------------
Build finished at 2021-10-26T23:12:37Z

Finished
--------


+------------------------------------------------------------------------------+
| Cleanup                                                                      |
+------------------------------------------------------------------------------+

Purging /<<BUILDDIR>>
Not cleaning session: cloned chroot in use
E: Build failure (dpkg-buildpackage died)

+------------------------------------------------------------------------------+
| Summary                                                                      |
+------------------------------------------------------------------------------+

Build Architecture: amd64
Build Type: binary
Build-Space: 2360
Build-Time: 4
Distribution: unstable
Fail-Stage: build
Host Architecture: amd64
Install-Time: 11
Job: openvpn-auth-ldap_2.0.4-1
Machine Architecture: amd64
Package: openvpn-auth-ldap
Package-Time: 36
Source-Version: 2.0.4-1
Space: 2360
Status: attempted
Version: 2.0.4-1
--------------------------------------------------------------------------------
Finished at 2021-10-26T23:12:37Z
Build needed 00:00:36, 2360k disk space
E: Build failure (dpkg-buildpackage died)
DC-Status: Failed 39.170102842s
