DC-Build-Header: ppp 2.4.9-1+1 / 2021-10-26 23:17:43 +0000
DC-Task: type:rebuild-binarch-only source:ppp version:2.4.9-1+1 chroot:unstable esttime:50 logfile:/tmp/ppp_2.4.9-1+1_unstable_clang12.log modes:clang12:binarch-only
DC-Sbuild-call: su user42 -c 'sbuild -n --arch-any --apt-update -d unstable -v --no-run-lintian --chroot-setup-commands=/tmp/clang12 ppp_2.4.9-1+1'
sbuild (Debian sbuild) 0.78.1 (09 February 2019) on ip-172-31-11-58.eu-central-1.compute.internal

+==============================================================================+
| ppp 2.4.9-1+1 (amd64)                        Tue, 26 Oct 2021 23:17:44 +0000 |
+==============================================================================+

Package: ppp
Version: 2.4.9-1+1
Source Version: 2.4.9-1+1
Distribution: unstable
Machine Architecture: amd64
Host Architecture: amd64
Build Architecture: amd64
Build Type: binary

I: NOTICE: Log filtering will replace 'var/run/schroot/mount/sid-amd64-sbuild-c8ad3c09-72bb-4c17-b46a-c56eaf5d0542' with '<<CHROOT>>'

+------------------------------------------------------------------------------+
| Chroot Setup Commands                                                        |
+------------------------------------------------------------------------------+


/tmp/clang12
------------

+ echo 'Entering customization script...'
Entering customization script...
+ CLANG_VERSION=12
+ echo 'Install of clang-12'
Install of clang-12
+ apt-get update
Get:1 http://127.0.0.1:12990/debian sid InRelease [165 kB]
Get:2 http://127.0.0.1:12990/debian sid/main Sources.diff/Index [63.6 kB]
Get:3 http://127.0.0.1:12990/debian sid/main amd64 Packages.diff/Index [63.6 kB]
Get:4 http://127.0.0.1:12990/debian sid/main Sources T-2021-10-26-2004.40-F-2021-10-26-0202.15.pdiff [47.3 kB]
Get:4 http://127.0.0.1:12990/debian sid/main Sources T-2021-10-26-2004.40-F-2021-10-26-0202.15.pdiff [47.3 kB]
Get:5 http://127.0.0.1:12990/debian sid/main amd64 Packages T-2021-10-26-2004.40-F-2021-10-26-0202.15.pdiff [55.9 kB]
Get:5 http://127.0.0.1:12990/debian sid/main amd64 Packages T-2021-10-26-2004.40-F-2021-10-26-0202.15.pdiff [55.9 kB]
Get:6 http://127.0.0.1:12990/debian sid/main Translation-en [6586 kB]
Fetched 6981 kB in 3s (2729 kB/s)
Reading package lists...
+ apt-get install --yes --no-install-recommends --force-yes clang-12 libomp-12-dev libobjc-9-dev
Reading package lists...
Building dependency tree...
The following additional packages will be installed:
  lib32gcc-s1 lib32stdc++6 libasan5 libbsd0 libc6-i386 libclang-common-12-dev
  libclang-cpp12 libclang1-12 libedit2 libelf1 libgc1 libgcc-9-dev libicu67
  libllvm12 libmd0 libobjc-11-dev libobjc4 libomp5-12 libunwind-12 libxml2
  libz3-4 llvm-12-linker-tools
Suggested packages:
  clang-12-doc libomp-12-doc
Recommended packages:
  llvm-12-dev python3
The following NEW packages will be installed:
  clang-12 lib32gcc-s1 lib32stdc++6 libasan5 libbsd0 libc6-i386
  libclang-common-12-dev libclang-cpp12 libclang1-12 libedit2 libelf1 libgc1
  libgcc-9-dev libicu67 libllvm12 libmd0 libobjc-11-dev libobjc-9-dev libobjc4
  libomp-12-dev libomp5-12 libunwind-12 libxml2 libz3-4 llvm-12-linker-tools
0 upgraded, 25 newly installed, 0 to remove and 0 not upgraded.
Need to get 67.6 MB of archives.
After this operation, 349 MB of additional disk space will be used.
Get:1 http://127.0.0.1:12990/debian sid/main amd64 libmd0 amd64 1.0.4-1 [29.6 kB]
Get:2 http://127.0.0.1:12990/debian sid/main amd64 libbsd0 amd64 0.11.3-1 [108 kB]
Get:3 http://127.0.0.1:12990/debian sid/main amd64 libedit2 amd64 3.1-20210910-1 [97.5 kB]
Get:4 http://127.0.0.1:12990/debian sid/main amd64 libicu67 amd64 67.1-7 [8622 kB]
Get:5 http://127.0.0.1:12990/debian sid/main amd64 libxml2 amd64 2.9.12+dfsg-5 [696 kB]
Get:6 http://127.0.0.1:12990/debian sid/main amd64 libz3-4 amd64 4.8.12-1+b1 [6997 kB]
Get:7 http://127.0.0.1:12990/debian sid/main amd64 libllvm12 amd64 1:12.0.1-15 [19.4 MB]
Get:8 http://127.0.0.1:12990/debian sid/main amd64 libclang-cpp12 amd64 1:12.0.1-15 [9996 kB]
Get:9 http://127.0.0.1:12990/debian sid/main amd64 libgc1 amd64 1:8.0.4-3 [239 kB]
Get:10 http://127.0.0.1:12990/debian sid/main amd64 libobjc4 amd64 11.2.0-10 [43.2 kB]
Get:11 http://127.0.0.1:12990/debian sid/main amd64 libobjc-11-dev amd64 11.2.0-10 [170 kB]
Get:12 http://127.0.0.1:12990/debian sid/main amd64 libc6-i386 amd64 2.32-4 [2624 kB]
Get:13 http://127.0.0.1:12990/debian sid/main amd64 lib32gcc-s1 amd64 11.2.0-10 [49.9 kB]
Get:14 http://127.0.0.1:12990/debian sid/main amd64 lib32stdc++6 amd64 11.2.0-10 [601 kB]
Get:15 http://127.0.0.1:12990/debian sid/main amd64 libclang-common-12-dev amd64 1:12.0.1-15 [4819 kB]
Get:16 http://127.0.0.1:12990/debian sid/main amd64 llvm-12-linker-tools amd64 1:12.0.1-15 [1222 kB]
Get:17 http://127.0.0.1:12990/debian sid/main amd64 libclang1-12 amd64 1:12.0.1-15 [5644 kB]
Get:18 http://127.0.0.1:12990/debian sid/main amd64 clang-12 amd64 1:12.0.1-15 [117 kB]
Get:19 http://127.0.0.1:12990/debian sid/main amd64 libasan5 amd64 9.4.0-3 [2734 kB]
Get:20 http://127.0.0.1:12990/debian sid/main amd64 libelf1 amd64 0.185-2 [172 kB]
Get:21 http://127.0.0.1:12990/debian sid/main amd64 libgcc-9-dev amd64 9.4.0-3 [2343 kB]
Get:22 http://127.0.0.1:12990/debian sid/main amd64 libobjc-9-dev amd64 9.4.0-3 [219 kB]
Get:23 http://127.0.0.1:12990/debian sid/main amd64 libunwind-12 amd64 1:12.0.1-15 [63.9 kB]
Get:24 http://127.0.0.1:12990/debian sid/main amd64 libomp5-12 amd64 1:12.0.1-15 [405 kB]
Get:25 http://127.0.0.1:12990/debian sid/main amd64 libomp-12-dev amd64 1:12.0.1-15 [104 kB]
debconf: delaying package configuration, since apt-utils is not installed
Fetched 67.6 MB in 0s (153 MB/s)
Selecting previously unselected package libmd0:amd64.
(Reading database ... (Reading database ... 5%(Reading database ... 10%(Reading database ... 15%(Reading database ... 20%(Reading database ... 25%(Reading database ... 30%(Reading database ... 35%(Reading database ... 40%(Reading database ... 45%(Reading database ... 50%(Reading database ... 55%(Reading database ... 60%(Reading database ... 65%(Reading database ... 70%(Reading database ... 75%(Reading database ... 80%(Reading database ... 85%(Reading database ... 90%(Reading database ... 95%(Reading database ... 100%(Reading database ... 12431 files and directories currently installed.)
Preparing to unpack .../00-libmd0_1.0.4-1_amd64.deb ...
Unpacking libmd0:amd64 (1.0.4-1) ...
Selecting previously unselected package libbsd0:amd64.
Preparing to unpack .../01-libbsd0_0.11.3-1_amd64.deb ...
Unpacking libbsd0:amd64 (0.11.3-1) ...
Selecting previously unselected package libedit2:amd64.
Preparing to unpack .../02-libedit2_3.1-20210910-1_amd64.deb ...
Unpacking libedit2:amd64 (3.1-20210910-1) ...
Selecting previously unselected package libicu67:amd64.
Preparing to unpack .../03-libicu67_67.1-7_amd64.deb ...
Unpacking libicu67:amd64 (67.1-7) ...
Selecting previously unselected package libxml2:amd64.
Preparing to unpack .../04-libxml2_2.9.12+dfsg-5_amd64.deb ...
Unpacking libxml2:amd64 (2.9.12+dfsg-5) ...
Selecting previously unselected package libz3-4:amd64.
Preparing to unpack .../05-libz3-4_4.8.12-1+b1_amd64.deb ...
Unpacking libz3-4:amd64 (4.8.12-1+b1) ...
Selecting previously unselected package libllvm12:amd64.
Preparing to unpack .../06-libllvm12_1%3a12.0.1-15_amd64.deb ...
Unpacking libllvm12:amd64 (1:12.0.1-15) ...
Selecting previously unselected package libclang-cpp12.
Preparing to unpack .../07-libclang-cpp12_1%3a12.0.1-15_amd64.deb ...
Unpacking libclang-cpp12 (1:12.0.1-15) ...
Selecting previously unselected package libgc1:amd64.
Preparing to unpack .../08-libgc1_1%3a8.0.4-3_amd64.deb ...
Unpacking libgc1:amd64 (1:8.0.4-3) ...
Selecting previously unselected package libobjc4:amd64.
Preparing to unpack .../09-libobjc4_11.2.0-10_amd64.deb ...
Unpacking libobjc4:amd64 (11.2.0-10) ...
Selecting previously unselected package libobjc-11-dev:amd64.
Preparing to unpack .../10-libobjc-11-dev_11.2.0-10_amd64.deb ...
Unpacking libobjc-11-dev:amd64 (11.2.0-10) ...
Selecting previously unselected package libc6-i386.
Preparing to unpack .../11-libc6-i386_2.32-4_amd64.deb ...
Unpacking libc6-i386 (2.32-4) ...
Selecting previously unselected package lib32gcc-s1.
Preparing to unpack .../12-lib32gcc-s1_11.2.0-10_amd64.deb ...
Unpacking lib32gcc-s1 (11.2.0-10) ...
Selecting previously unselected package lib32stdc++6.
Preparing to unpack .../13-lib32stdc++6_11.2.0-10_amd64.deb ...
Unpacking lib32stdc++6 (11.2.0-10) ...
Selecting previously unselected package libclang-common-12-dev.
Preparing to unpack .../14-libclang-common-12-dev_1%3a12.0.1-15_amd64.deb ...
Unpacking libclang-common-12-dev (1:12.0.1-15) ...
Selecting previously unselected package llvm-12-linker-tools.
Preparing to unpack .../15-llvm-12-linker-tools_1%3a12.0.1-15_amd64.deb ...
Unpacking llvm-12-linker-tools (1:12.0.1-15) ...
Selecting previously unselected package libclang1-12.
Preparing to unpack .../16-libclang1-12_1%3a12.0.1-15_amd64.deb ...
Unpacking libclang1-12 (1:12.0.1-15) ...
Selecting previously unselected package clang-12.
Preparing to unpack .../17-clang-12_1%3a12.0.1-15_amd64.deb ...
Unpacking clang-12 (1:12.0.1-15) ...
Selecting previously unselected package libasan5:amd64.
Preparing to unpack .../18-libasan5_9.4.0-3_amd64.deb ...
Unpacking libasan5:amd64 (9.4.0-3) ...
Selecting previously unselected package libelf1:amd64.
Preparing to unpack .../19-libelf1_0.185-2_amd64.deb ...
Unpacking libelf1:amd64 (0.185-2) ...
Selecting previously unselected package libgcc-9-dev:amd64.
Preparing to unpack .../20-libgcc-9-dev_9.4.0-3_amd64.deb ...
Unpacking libgcc-9-dev:amd64 (9.4.0-3) ...
Selecting previously unselected package libobjc-9-dev:amd64.
Preparing to unpack .../21-libobjc-9-dev_9.4.0-3_amd64.deb ...
Unpacking libobjc-9-dev:amd64 (9.4.0-3) ...
Selecting previously unselected package libunwind-12:amd64.
Preparing to unpack .../22-libunwind-12_1%3a12.0.1-15_amd64.deb ...
Unpacking libunwind-12:amd64 (1:12.0.1-15) ...
Selecting previously unselected package libomp5-12:amd64.
Preparing to unpack .../23-libomp5-12_1%3a12.0.1-15_amd64.deb ...
Unpacking libomp5-12:amd64 (1:12.0.1-15) ...
Selecting previously unselected package libomp-12-dev.
Preparing to unpack .../24-libomp-12-dev_1%3a12.0.1-15_amd64.deb ...
Unpacking libomp-12-dev (1:12.0.1-15) ...
Setting up libicu67:amd64 (67.1-7) ...
Setting up libasan5:amd64 (9.4.0-3) ...
Setting up libz3-4:amd64 (4.8.12-1+b1) ...
Setting up libunwind-12:amd64 (1:12.0.1-15) ...
Setting up libgc1:amd64 (1:8.0.4-3) ...
Setting up libmd0:amd64 (1.0.4-1) ...
Setting up libc6-i386 (2.32-4) ...
Setting up libbsd0:amd64 (0.11.3-1) ...
Setting up libelf1:amd64 (0.185-2) ...
Setting up libxml2:amd64 (2.9.12+dfsg-5) ...
Setting up libedit2:amd64 (3.1-20210910-1) ...
Setting up libobjc4:amd64 (11.2.0-10) ...
Setting up libgcc-9-dev:amd64 (9.4.0-3) ...
Setting up lib32gcc-s1 (11.2.0-10) ...
Setting up lib32stdc++6 (11.2.0-10) ...
Setting up libllvm12:amd64 (1:12.0.1-15) ...
Setting up libobjc-9-dev:amd64 (9.4.0-3) ...
Setting up libclang-common-12-dev (1:12.0.1-15) ...
Setting up libomp5-12:amd64 (1:12.0.1-15) ...
Setting up libobjc-11-dev:amd64 (11.2.0-10) ...
Setting up llvm-12-linker-tools (1:12.0.1-15) ...
Setting up libclang1-12 (1:12.0.1-15) ...
Setting up libclang-cpp12 (1:12.0.1-15) ...
Setting up libomp-12-dev (1:12.0.1-15) ...
Setting up clang-12 (1:12.0.1-15) ...
Processing triggers for libc-bin (2.32-4) ...
W: --force-yes is deprecated, use one of the options starting with --allow instead.
+ echo 'Replace gcc, g++ & cpp by clang'
Replace gcc, g++ & cpp by clang
+ VERSIONS='4.6 4.7 4.8 4.9 5 6 7 8 9 10 11'
+ cd /usr/bin
+ for VERSION in $VERSIONS
+ rm -f g++-4.6 gcc-4.6 cpp-4.6 gcc
+ ln -s clang++-12 g++-4.6
+ ln -s clang-12 gcc-4.6
+ ln -s clang-12 cpp-4.6
+ ln -s clang-12 gcc
+ echo 'gcc-4.6 hold'
+ dpkg --set-selections
dpkg: warning: package not in status nor available database at line 1: gcc-4.6
dpkg: warning: found unknown packages; this might mean the available database
is outdated, and needs to be updated through a frontend method;
please see the FAQ <https://wiki.debian.org/Teams/Dpkg/FAQ>
+ echo 'g++-4.6 hold'
+ dpkg --set-selections
dpkg: warning: package not in status nor available database at line 1: g++-4.6
dpkg: warning: found unknown packages; this might mean the available database
is outdated, and needs to be updated through a frontend method;
please see the FAQ <https://wiki.debian.org/Teams/Dpkg/FAQ>
+ for VERSION in $VERSIONS
+ rm -f g++-4.7 gcc-4.7 cpp-4.7 gcc
+ ln -s clang++-12 g++-4.7
+ ln -s clang-12 gcc-4.7
+ ln -s clang-12 cpp-4.7
+ ln -s clang-12 gcc
+ echo 'gcc-4.7 hold'
+ dpkg --set-selections
dpkg: warning: package not in status nor available database at line 1: gcc-4.7
dpkg: warning: found unknown packages; this might mean the available database
is outdated, and needs to be updated through a frontend method;
please see the FAQ <https://wiki.debian.org/Teams/Dpkg/FAQ>
+ echo 'g++-4.7 hold'
+ dpkg --set-selections
dpkg: warning: package not in status nor available database at line 1: g++-4.7
dpkg: warning: found unknown packages; this might mean the available database
is outdated, and needs to be updated through a frontend method;
please see the FAQ <https://wiki.debian.org/Teams/Dpkg/FAQ>
+ for VERSION in $VERSIONS
+ rm -f g++-4.8 gcc-4.8 cpp-4.8 gcc
+ ln -s clang++-12 g++-4.8
+ ln -s clang-12 gcc-4.8
+ ln -s clang-12 cpp-4.8
+ ln -s clang-12 gcc
+ echo 'gcc-4.8 hold'
+ dpkg --set-selections
dpkg: warning: package not in status nor available database at line 1: gcc-4.8
dpkg: warning: found unknown packages; this might mean the available database
is outdated, and needs to be updated through a frontend method;
please see the FAQ <https://wiki.debian.org/Teams/Dpkg/FAQ>
+ echo 'g++-4.8 hold'
+ dpkg --set-selections
dpkg: warning: package not in status nor available database at line 1: g++-4.8
dpkg: warning: found unknown packages; this might mean the available database
is outdated, and needs to be updated through a frontend method;
please see the FAQ <https://wiki.debian.org/Teams/Dpkg/FAQ>
+ for VERSION in $VERSIONS
+ rm -f g++-4.9 gcc-4.9 cpp-4.9 gcc
+ ln -s clang++-12 g++-4.9
+ ln -s clang-12 gcc-4.9
+ ln -s clang-12 cpp-4.9
+ ln -s clang-12 gcc
+ echo 'gcc-4.9 hold'
+ dpkg --set-selections
dpkg: warning: package not in status nor available database at line 1: gcc-4.9
dpkg: warning: found unknown packages; this might mean the available database
is outdated, and needs to be updated through a frontend method;
please see the FAQ <https://wiki.debian.org/Teams/Dpkg/FAQ>
+ echo 'g++-4.9 hold'
+ dpkg --set-selections
dpkg: warning: package not in status nor available database at line 1: g++-4.9
dpkg: warning: found unknown packages; this might mean the available database
is outdated, and needs to be updated through a frontend method;
please see the FAQ <https://wiki.debian.org/Teams/Dpkg/FAQ>
+ for VERSION in $VERSIONS
+ rm -f g++-5 gcc-5 cpp-5 gcc
+ ln -s clang++-12 g++-5
+ ln -s clang-12 gcc-5
+ ln -s clang-12 cpp-5
+ ln -s clang-12 gcc
+ echo 'gcc-5 hold'
+ dpkg --set-selections
dpkg: warning: package not in status nor available database at line 1: gcc-5
dpkg: warning: found unknown packages; this might mean the available database
is outdated, and needs to be updated through a frontend method;
please see the FAQ <https://wiki.debian.org/Teams/Dpkg/FAQ>
+ echo 'g++-5 hold'
+ dpkg --set-selections
dpkg: warning: package not in status nor available database at line 1: g++-5
dpkg: warning: found unknown packages; this might mean the available database
is outdated, and needs to be updated through a frontend method;
please see the FAQ <https://wiki.debian.org/Teams/Dpkg/FAQ>
+ for VERSION in $VERSIONS
+ rm -f g++-6 gcc-6 cpp-6 gcc
+ ln -s clang++-12 g++-6
+ ln -s clang-12 gcc-6
+ ln -s clang-12 cpp-6
+ ln -s clang-12 gcc
+ echo 'gcc-6 hold'
+ dpkg --set-selections
dpkg: warning: package not in status nor available database at line 1: gcc-6
dpkg: warning: found unknown packages; this might mean the available database
is outdated, and needs to be updated through a frontend method;
please see the FAQ <https://wiki.debian.org/Teams/Dpkg/FAQ>
+ echo 'g++-6 hold'
+ dpkg --set-selections
dpkg: warning: package not in status nor available database at line 1: g++-6
dpkg: warning: found unknown packages; this might mean the available database
is outdated, and needs to be updated through a frontend method;
please see the FAQ <https://wiki.debian.org/Teams/Dpkg/FAQ>
+ for VERSION in $VERSIONS
+ rm -f g++-7 gcc-7 cpp-7 gcc
+ ln -s clang++-12 g++-7
+ ln -s clang-12 gcc-7
+ ln -s clang-12 cpp-7
+ ln -s clang-12 gcc
+ echo 'gcc-7 hold'
+ dpkg --set-selections
dpkg: warning: package not in status nor available database at line 1: gcc-7
dpkg: warning: found unknown packages; this might mean the available database
is outdated, and needs to be updated through a frontend method;
please see the FAQ <https://wiki.debian.org/Teams/Dpkg/FAQ>
+ echo 'g++-7 hold'
+ dpkg --set-selections
dpkg: warning: package not in status nor available database at line 1: g++-7
dpkg: warning: found unknown packages; this might mean the available database
is outdated, and needs to be updated through a frontend method;
please see the FAQ <https://wiki.debian.org/Teams/Dpkg/FAQ>
+ for VERSION in $VERSIONS
+ rm -f g++-8 gcc-8 cpp-8 gcc
+ ln -s clang++-12 g++-8
+ ln -s clang-12 gcc-8
+ ln -s clang-12 cpp-8
+ ln -s clang-12 gcc
+ echo 'gcc-8 hold'
+ dpkg --set-selections
dpkg: warning: package not in status nor available database at line 1: gcc-8
dpkg: warning: found unknown packages; this might mean the available database
is outdated, and needs to be updated through a frontend method;
please see the FAQ <https://wiki.debian.org/Teams/Dpkg/FAQ>
+ echo 'g++-8 hold'
+ dpkg --set-selections
dpkg: warning: package not in status nor available database at line 1: g++-8
dpkg: warning: found unknown packages; this might mean the available database
is outdated, and needs to be updated through a frontend method;
please see the FAQ <https://wiki.debian.org/Teams/Dpkg/FAQ>
+ for VERSION in $VERSIONS
+ rm -f g++-9 gcc-9 cpp-9 gcc
+ ln -s clang++-12 g++-9
+ ln -s clang-12 gcc-9
+ ln -s clang-12 cpp-9
+ ln -s clang-12 gcc
+ echo 'gcc-9 hold'
+ dpkg --set-selections
dpkg: warning: package not in status nor available database at line 1: gcc-9
dpkg: warning: found unknown packages; this might mean the available database
is outdated, and needs to be updated through a frontend method;
please see the FAQ <https://wiki.debian.org/Teams/Dpkg/FAQ>
+ echo 'g++-9 hold'
+ dpkg --set-selections
dpkg: warning: package not in status nor available database at line 1: g++-9
dpkg: warning: found unknown packages; this might mean the available database
is outdated, and needs to be updated through a frontend method;
please see the FAQ <https://wiki.debian.org/Teams/Dpkg/FAQ>
+ for VERSION in $VERSIONS
+ rm -f g++-10 gcc-10 cpp-10 gcc
+ ln -s clang++-12 g++-10
+ ln -s clang-12 gcc-10
+ ln -s clang-12 cpp-10
+ ln -s clang-12 gcc
+ echo 'gcc-10 hold'
+ dpkg --set-selections
dpkg: warning: package not in status nor available database at line 1: gcc-10
dpkg: warning: found unknown packages; this might mean the available database
is outdated, and needs to be updated through a frontend method;
please see the FAQ <https://wiki.debian.org/Teams/Dpkg/FAQ>
+ echo 'g++-10 hold'
+ dpkg --set-selections
dpkg: warning: package not in status nor available database at line 1: g++-10
dpkg: warning: found unknown packages; this might mean the available database
is outdated, and needs to be updated through a frontend method;
please see the FAQ <https://wiki.debian.org/Teams/Dpkg/FAQ>
+ for VERSION in $VERSIONS
+ rm -f g++-11 gcc-11 cpp-11 gcc
+ ln -s clang++-12 g++-11
+ ln -s clang-12 gcc-11
+ ln -s clang-12 cpp-11
+ ln -s clang-12 gcc
+ echo 'gcc-11 hold'
+ dpkg --set-selections
+ echo 'g++-11 hold'
+ dpkg --set-selections
+ cd -
/build/ppp-NMxZcb
+ echo 'Check if gcc, g++ & cpp are actually clang'
Check if gcc, g++ & cpp are actually clang
+ gcc --version
+ grep clang
+ cpp --version
+ grep clang
+ g++ --version
+ grep clang
+ cd /usr/bin/
+ rm -f clang++ clang
+ ln -s clang-12 clang++
+ ln -s clang-12 clang
+ clang++ --version
Debian clang version 12.0.1-15
Target: x86_64-pc-linux-gnu
Thread model: posix
InstalledDir: /usr/bin
+ clang --version
Debian clang version 12.0.1-15
Target: x86_64-pc-linux-gnu
Thread model: posix
InstalledDir: /usr/bin
+ cd -
/build/ppp-NMxZcb
+ apt install --yes --no-install-recommends --force-yes qt5-qmake

WARNING: apt does not have a stable CLI interface. Use with caution in scripts.

Reading package lists...
Building dependency tree...
Reading state information...
The following additional packages will be installed:
  qt5-qmake-bin qtchooser
The following NEW packages will be installed:
  qt5-qmake qt5-qmake-bin qtchooser
0 upgraded, 3 newly installed, 0 to remove and 0 not upgraded.
Need to get 1322 kB of archives.
After this operation, 4914 kB of additional disk space will be used.
Get:1 http://127.0.0.1:12990/debian sid/main amd64 qt5-qmake-bin amd64 5.15.2+dfsg-12 [1046 kB]
Get:2 http://127.0.0.1:12990/debian sid/main amd64 qtchooser amd64 66-2 [26.3 kB]
Get:3 http://127.0.0.1:12990/debian sid/main amd64 qt5-qmake amd64 5.15.2+dfsg-12 [249 kB]
debconf: delaying package configuration, since apt-utils is not installed
Fetched 1322 kB in 0s (55.6 MB/s)
Selecting previously unselected package qt5-qmake-bin.
(Reading database ... (Reading database ... 5%(Reading database ... 10%(Reading database ... 15%(Reading database ... 20%(Reading database ... 25%(Reading database ... 30%(Reading database ... 35%(Reading database ... 40%(Reading database ... 45%(Reading database ... 50%(Reading database ... 55%(Reading database ... 60%(Reading database ... 65%(Reading database ... 70%(Reading database ... 75%(Reading database ... 80%(Reading database ... 85%(Reading database ... 90%(Reading database ... 95%(Reading database ... 100%(Reading database ... 13527 files and directories currently installed.)
Preparing to unpack .../qt5-qmake-bin_5.15.2+dfsg-12_amd64.deb ...
Unpacking qt5-qmake-bin (5.15.2+dfsg-12) ...
Selecting previously unselected package qtchooser.
Preparing to unpack .../qtchooser_66-2_amd64.deb ...
Unpacking qtchooser (66-2) ...
Selecting previously unselected package qt5-qmake:amd64.
Preparing to unpack .../qt5-qmake_5.15.2+dfsg-12_amd64.deb ...
Unpacking qt5-qmake:amd64 (5.15.2+dfsg-12) ...
Setting up qt5-qmake-bin (5.15.2+dfsg-12) ...
Setting up qtchooser (66-2) ...
Setting up qt5-qmake:amd64 (5.15.2+dfsg-12) ...
W: --force-yes is deprecated, use one of the options starting with --allow instead.
+ cp /usr/lib/x86_64-linux-gnu/qt5/mkspecs/linux-clang/qmake.conf /usr/lib/x86_64-linux-gnu/qt5/mkspecs/linux-clang/qplatformdefs.h /usr/lib/x86_64-linux-gnu/qt5/mkspecs/linux-g++/
+ ls -al /usr/lib/x86_64-linux-gnu/qt5/mkspecs/linux-g++/
total 16
drwxr-xr-x  2 root root 4096 Oct 26 23:18 .
drwxr-xr-x 76 root root 4096 Oct 26 23:18 ..
-rw-r--r--  1 root root  276 Oct 26 23:18 qmake.conf
-rw-r--r--  1 root root 3218 Oct 26 23:18 qplatformdefs.h
+ cat /usr/lib/x86_64-linux-gnu/qt5/mkspecs/linux-g++/qmake.conf
#
# qmake configuration for linux-clang
#

MAKEFILE_GENERATOR = UNIX
CONFIG += incremental

QMAKE_INCREMENTAL_STYLE = sublib

include(../common/linux.conf)
include(../common/gcc-base-unix.conf)
include(../common/clang.conf)

QMAKE_LFLAGS += -ccc-gcc-name g++

load(qt_config)
+ export QMAKESPEC=/usr/lib/x86_64-linux-gnu/qt5/mkspecs/linux-clang/
+ QMAKESPEC=/usr/lib/x86_64-linux-gnu/qt5/mkspecs/linux-clang/
+ sed -i -e 's|compare_problem(2,|compare_problem(0,|g' /usr/bin/dpkg-gensymbols
+ sed -i -e 's|compare_problem(1,|compare_problem(0,|g' /usr/bin/dpkg-gensymbols
+ grep 'compare_problem(' /usr/bin/dpkg-gensymbols
        compare_problem(4, g_('new libraries appeared in the symbols file: %s'), "@libs");
        compare_problem(3, g_('some libraries disappeared in the symbols file: %s'), "@libs");
        compare_problem(0, g_('some new symbols appeared in the symbols file: %s'),
        compare_problem(0, g_('some symbols or patterns disappeared in the symbols file: %s'),

I: Finished running '/tmp/clang12'.

Finished processing commands.
--------------------------------------------------------------------------------
I: NOTICE: Log filtering will replace 'build/ppp-NMxZcb/resolver-ixEL01' with '<<RESOLVERDIR>>'

+------------------------------------------------------------------------------+
| Update chroot                                                                |
+------------------------------------------------------------------------------+

Hit:1 http://127.0.0.1:12990/debian sid InRelease
Reading package lists...
Reading package lists...
Building dependency tree...
Reading state information...
Calculating upgrade...
0 upgraded, 0 newly installed, 0 to remove and 0 not upgraded.

+------------------------------------------------------------------------------+
| Fetch source files                                                           |
+------------------------------------------------------------------------------+


Check APT
---------

Checking available source versions...

Download source files with APT
------------------------------

Reading package lists...
NOTICE: 'ppp' packaging is maintained in the 'Git' version control system at:
https://salsa.debian.org/debian/ppp.git
Please use:
git clone https://salsa.debian.org/debian/ppp.git
to retrieve the latest (possibly unreleased) updates to the package.
Need to get 812 kB of source archives.
Get:1 http://127.0.0.1:12990/debian sid/main ppp 2.4.9-1+1 (dsc) [2516 B]
Get:2 http://127.0.0.1:12990/debian sid/main ppp 2.4.9-1+1 (tar) [716 kB]
Get:3 http://127.0.0.1:12990/debian sid/main ppp 2.4.9-1+1 (asc) [488 B]
Get:4 http://127.0.0.1:12990/debian sid/main ppp 2.4.9-1+1 (diff) [93.1 kB]
Fetched 812 kB in 0s (7393 kB/s)
Download complete and in download only mode
I: NOTICE: Log filtering will replace 'build/ppp-NMxZcb/ppp-2.4.9' with '<<PKGBUILDDIR>>'
I: NOTICE: Log filtering will replace 'build/ppp-NMxZcb' with '<<BUILDDIR>>'

+------------------------------------------------------------------------------+
| Install package build dependencies                                           |
+------------------------------------------------------------------------------+


Setup apt archive
-----------------

Merged Build-Depends: debhelper (>= 13~), debhelper-compat (= 13), libpam0g-dev, libpcap0.8-dev, libssl-dev, libsystemd-dev, zlib1g-dev, build-essential, fakeroot
Filtered Build-Depends: debhelper (>= 13~), debhelper-compat (= 13), libpam0g-dev, libpcap0.8-dev, libssl-dev, libsystemd-dev, zlib1g-dev, build-essential, fakeroot
dpkg-deb: building package 'sbuild-build-depends-main-dummy' in '/<<RESOLVERDIR>>/apt_archive/sbuild-build-depends-main-dummy.deb'.
Ign:1 copy:/<<RESOLVERDIR>>/apt_archive ./ InRelease
Get:2 copy:/<<RESOLVERDIR>>/apt_archive ./ Release [957 B]
Ign:3 copy:/<<RESOLVERDIR>>/apt_archive ./ Release.gpg
Get:4 copy:/<<RESOLVERDIR>>/apt_archive ./ Sources [411 B]
Get:5 copy:/<<RESOLVERDIR>>/apt_archive ./ Packages [490 B]
Fetched 1858 B in 0s (178 kB/s)
Reading package lists...
Reading package lists...

Install main build dependencies (apt-based resolver)
----------------------------------------------------

Installing build dependencies
Reading package lists...
Building dependency tree...
Reading state information...
The following additional packages will be installed:
  autoconf automake autopoint autotools-dev bsdextrautils debhelper
  dh-autoreconf dh-strip-nondeterminism dwz file gettext gettext-base
  groff-base intltool-debian libarchive-zip-perl libdbus-1-3 libdbus-1-dev
  libdebhelper-perl libfile-stripnondeterminism-perl libglib2.0-0 libmagic-mgc
  libmagic1 libpam0g-dev libpcap0.8 libpcap0.8-dev libpipeline1 libsigsegv2
  libssl-dev libsub-override-perl libsystemd-dev libtool libuchardet0 m4
  man-db pkg-config po-debconf sensible-utils zlib1g-dev
Suggested packages:
  autoconf-archive gnu-standards autoconf-doc dh-make gettext-doc
  libasprintf-dev libgettextpo-dev groff libssl-doc libtool-doc gfortran
  | fortran95-compiler gcj-jdk m4-doc apparmor less www-browser
  libmail-box-perl
Recommended packages:
  curl | wget | lynx dbus libarchive-cpio-perl libglib2.0-data
  shared-mime-info xdg-user-dirs libltdl-dev libmail-sendmail-perl
The following NEW packages will be installed:
  autoconf automake autopoint autotools-dev bsdextrautils debhelper
  dh-autoreconf dh-strip-nondeterminism dwz file gettext gettext-base
  groff-base intltool-debian libarchive-zip-perl libdbus-1-3 libdbus-1-dev
  libdebhelper-perl libfile-stripnondeterminism-perl libglib2.0-0 libmagic-mgc
  libmagic1 libpam0g-dev libpcap0.8 libpcap0.8-dev libpipeline1 libsigsegv2
  libssl-dev libsub-override-perl libsystemd-dev libtool libuchardet0 m4
  man-db pkg-config po-debconf sbuild-build-depends-main-dummy sensible-utils
  zlib1g-dev
0 upgraded, 39 newly installed, 0 to remove and 0 not upgraded.
Need to get 13.8 MB of archives.
After this operation, 48.1 MB of additional disk space will be used.
Get:1 copy:/<<RESOLVERDIR>>/apt_archive ./ sbuild-build-depends-main-dummy 0.invalid.0 [916 B]
Get:2 http://127.0.0.1:12990/debian sid/main amd64 bsdextrautils amd64 2.37.2-4 [143 kB]
Get:3 http://127.0.0.1:12990/debian sid/main amd64 libuchardet0 amd64 0.0.7-1 [67.8 kB]
Get:4 http://127.0.0.1:12990/debian sid/main amd64 groff-base amd64 1.22.4-7 [935 kB]
Get:5 http://127.0.0.1:12990/debian sid/main amd64 libpipeline1 amd64 1.5.3-1 [34.3 kB]
Get:6 http://127.0.0.1:12990/debian sid/main amd64 man-db amd64 2.9.4-2 [1354 kB]
Get:7 http://127.0.0.1:12990/debian sid/main amd64 sensible-utils all 0.0.17 [21.5 kB]
Get:8 http://127.0.0.1:12990/debian sid/main amd64 libmagic-mgc amd64 1:5.39-3 [273 kB]
Get:9 http://127.0.0.1:12990/debian sid/main amd64 libmagic1 amd64 1:5.39-3 [126 kB]
Get:10 http://127.0.0.1:12990/debian sid/main amd64 file amd64 1:5.39-3 [69.1 kB]
Get:11 http://127.0.0.1:12990/debian sid/main amd64 gettext-base amd64 0.21-4 [175 kB]
Get:12 http://127.0.0.1:12990/debian sid/main amd64 libsigsegv2 amd64 2.13-1 [34.8 kB]
Get:13 http://127.0.0.1:12990/debian sid/main amd64 m4 amd64 1.4.18-5 [204 kB]
Get:14 http://127.0.0.1:12990/debian sid/main amd64 autoconf all 2.71-2 [343 kB]
Get:15 http://127.0.0.1:12990/debian sid/main amd64 autotools-dev all 20180224.1+nmu1 [77.1 kB]
Get:16 http://127.0.0.1:12990/debian sid/main amd64 automake all 1:1.16.5-1 [823 kB]
Get:17 http://127.0.0.1:12990/debian sid/main amd64 autopoint all 0.21-4 [510 kB]
Get:18 http://127.0.0.1:12990/debian sid/main amd64 libdebhelper-perl all 13.5.2 [192 kB]
Get:19 http://127.0.0.1:12990/debian sid/main amd64 libtool all 2.4.6-15 [513 kB]
Get:20 http://127.0.0.1:12990/debian sid/main amd64 dh-autoreconf all 20 [17.1 kB]
Get:21 http://127.0.0.1:12990/debian sid/main amd64 libarchive-zip-perl all 1.68-1 [104 kB]
Get:22 http://127.0.0.1:12990/debian sid/main amd64 libsub-override-perl all 0.09-2 [10.2 kB]
Get:23 http://127.0.0.1:12990/debian sid/main amd64 libfile-stripnondeterminism-perl all 1.12.0-2 [26.3 kB]
Get:24 http://127.0.0.1:12990/debian sid/main amd64 dh-strip-nondeterminism all 1.12.0-2 [15.5 kB]
Get:25 http://127.0.0.1:12990/debian sid/main amd64 dwz amd64 0.14-1 [98.3 kB]
Get:26 http://127.0.0.1:12990/debian sid/main amd64 gettext amd64 0.21-4 [1311 kB]
Get:27 http://127.0.0.1:12990/debian sid/main amd64 intltool-debian all 0.35.0+20060710.5 [26.8 kB]
Get:28 http://127.0.0.1:12990/debian sid/main amd64 po-debconf all 1.0.21+nmu1 [248 kB]
Get:29 http://127.0.0.1:12990/debian sid/main amd64 debhelper all 13.5.2 [1056 kB]
Get:30 http://127.0.0.1:12990/debian sid/main amd64 libdbus-1-3 amd64 1.12.20-3 [219 kB]
Get:31 http://127.0.0.1:12990/debian sid/main amd64 libglib2.0-0 amd64 2.70.0-3 [1401 kB]
Get:32 http://127.0.0.1:12990/debian sid/main amd64 pkg-config amd64 0.29.2-1 [65.1 kB]
Get:33 http://127.0.0.1:12990/debian sid/main amd64 libdbus-1-dev amd64 1.12.20-3 [256 kB]
Get:34 http://127.0.0.1:12990/debian sid/main amd64 libpam0g-dev amd64 1.4.0-10 [190 kB]
Get:35 http://127.0.0.1:12990/debian sid/main amd64 libpcap0.8 amd64 1.10.1-4 [158 kB]
Get:36 http://127.0.0.1:12990/debian sid/main amd64 libpcap0.8-dev amd64 1.10.1-4 [280 kB]
Get:37 http://127.0.0.1:12990/debian sid/main amd64 libssl-dev amd64 1.1.1l-1 [1809 kB]
Get:38 http://127.0.0.1:12990/debian sid/main amd64 libsystemd-dev amd64 249.5-1 [410 kB]
Get:39 http://127.0.0.1:12990/debian sid/main amd64 zlib1g-dev amd64 1:1.2.11.dfsg-2 [190 kB]
debconf: delaying package configuration, since apt-utils is not installed
Fetched 13.8 MB in 0s (136 MB/s)
Selecting previously unselected package bsdextrautils.
(Reading database ... 14272 files and directories currently installed.)
Preparing to unpack .../00-bsdextrautils_2.37.2-4_amd64.deb ...
Unpacking bsdextrautils (2.37.2-4) ...
Selecting previously unselected package libuchardet0:amd64.
Preparing to unpack .../01-libuchardet0_0.0.7-1_amd64.deb ...
Unpacking libuchardet0:amd64 (0.0.7-1) ...
Selecting previously unselected package groff-base.
Preparing to unpack .../02-groff-base_1.22.4-7_amd64.deb ...
Unpacking groff-base (1.22.4-7) ...
Selecting previously unselected package libpipeline1:amd64.
Preparing to unpack .../03-libpipeline1_1.5.3-1_amd64.deb ...
Unpacking libpipeline1:amd64 (1.5.3-1) ...
Selecting previously unselected package man-db.
Preparing to unpack .../04-man-db_2.9.4-2_amd64.deb ...
Unpacking man-db (2.9.4-2) ...
Selecting previously unselected package sensible-utils.
Preparing to unpack .../05-sensible-utils_0.0.17_all.deb ...
Unpacking sensible-utils (0.0.17) ...
Selecting previously unselected package libmagic-mgc.
Preparing to unpack .../06-libmagic-mgc_1%3a5.39-3_amd64.deb ...
Unpacking libmagic-mgc (1:5.39-3) ...
Selecting previously unselected package libmagic1:amd64.
Preparing to unpack .../07-libmagic1_1%3a5.39-3_amd64.deb ...
Unpacking libmagic1:amd64 (1:5.39-3) ...
Selecting previously unselected package file.
Preparing to unpack .../08-file_1%3a5.39-3_amd64.deb ...
Unpacking file (1:5.39-3) ...
Selecting previously unselected package gettext-base.
Preparing to unpack .../09-gettext-base_0.21-4_amd64.deb ...
Unpacking gettext-base (0.21-4) ...
Selecting previously unselected package libsigsegv2:amd64.
Preparing to unpack .../10-libsigsegv2_2.13-1_amd64.deb ...
Unpacking libsigsegv2:amd64 (2.13-1) ...
Selecting previously unselected package m4.
Preparing to unpack .../11-m4_1.4.18-5_amd64.deb ...
Unpacking m4 (1.4.18-5) ...
Selecting previously unselected package autoconf.
Preparing to unpack .../12-autoconf_2.71-2_all.deb ...
Unpacking autoconf (2.71-2) ...
Selecting previously unselected package autotools-dev.
Preparing to unpack .../13-autotools-dev_20180224.1+nmu1_all.deb ...
Unpacking autotools-dev (20180224.1+nmu1) ...
Selecting previously unselected package automake.
Preparing to unpack .../14-automake_1%3a1.16.5-1_all.deb ...
Unpacking automake (1:1.16.5-1) ...
Selecting previously unselected package autopoint.
Preparing to unpack .../15-autopoint_0.21-4_all.deb ...
Unpacking autopoint (0.21-4) ...
Selecting previously unselected package libdebhelper-perl.
Preparing to unpack .../16-libdebhelper-perl_13.5.2_all.deb ...
Unpacking libdebhelper-perl (13.5.2) ...
Selecting previously unselected package libtool.
Preparing to unpack .../17-libtool_2.4.6-15_all.deb ...
Unpacking libtool (2.4.6-15) ...
Selecting previously unselected package dh-autoreconf.
Preparing to unpack .../18-dh-autoreconf_20_all.deb ...
Unpacking dh-autoreconf (20) ...
Selecting previously unselected package libarchive-zip-perl.
Preparing to unpack .../19-libarchive-zip-perl_1.68-1_all.deb ...
Unpacking libarchive-zip-perl (1.68-1) ...
Selecting previously unselected package libsub-override-perl.
Preparing to unpack .../20-libsub-override-perl_0.09-2_all.deb ...
Unpacking libsub-override-perl (0.09-2) ...
Selecting previously unselected package libfile-stripnondeterminism-perl.
Preparing to unpack .../21-libfile-stripnondeterminism-perl_1.12.0-2_all.deb ...
Unpacking libfile-stripnondeterminism-perl (1.12.0-2) ...
Selecting previously unselected package dh-strip-nondeterminism.
Preparing to unpack .../22-dh-strip-nondeterminism_1.12.0-2_all.deb ...
Unpacking dh-strip-nondeterminism (1.12.0-2) ...
Selecting previously unselected package dwz.
Preparing to unpack .../23-dwz_0.14-1_amd64.deb ...
Unpacking dwz (0.14-1) ...
Selecting previously unselected package gettext.
Preparing to unpack .../24-gettext_0.21-4_amd64.deb ...
Unpacking gettext (0.21-4) ...
Selecting previously unselected package intltool-debian.
Preparing to unpack .../25-intltool-debian_0.35.0+20060710.5_all.deb ...
Unpacking intltool-debian (0.35.0+20060710.5) ...
Selecting previously unselected package po-debconf.
Preparing to unpack .../26-po-debconf_1.0.21+nmu1_all.deb ...
Unpacking po-debconf (1.0.21+nmu1) ...
Selecting previously unselected package debhelper.
Preparing to unpack .../27-debhelper_13.5.2_all.deb ...
Unpacking debhelper (13.5.2) ...
Selecting previously unselected package libdbus-1-3:amd64.
Preparing to unpack .../28-libdbus-1-3_1.12.20-3_amd64.deb ...
Unpacking libdbus-1-3:amd64 (1.12.20-3) ...
Selecting previously unselected package libglib2.0-0:amd64.
Preparing to unpack .../29-libglib2.0-0_2.70.0-3_amd64.deb ...
Unpacking libglib2.0-0:amd64 (2.70.0-3) ...
Selecting previously unselected package pkg-config.
Preparing to unpack .../30-pkg-config_0.29.2-1_amd64.deb ...
Unpacking pkg-config (0.29.2-1) ...
Selecting previously unselected package libdbus-1-dev:amd64.
Preparing to unpack .../31-libdbus-1-dev_1.12.20-3_amd64.deb ...
Unpacking libdbus-1-dev:amd64 (1.12.20-3) ...
Selecting previously unselected package libpam0g-dev:amd64.
Preparing to unpack .../32-libpam0g-dev_1.4.0-10_amd64.deb ...
Unpacking libpam0g-dev:amd64 (1.4.0-10) ...
Selecting previously unselected package libpcap0.8:amd64.
Preparing to unpack .../33-libpcap0.8_1.10.1-4_amd64.deb ...
Unpacking libpcap0.8:amd64 (1.10.1-4) ...
Selecting previously unselected package libpcap0.8-dev:amd64.
Preparing to unpack .../34-libpcap0.8-dev_1.10.1-4_amd64.deb ...
Unpacking libpcap0.8-dev:amd64 (1.10.1-4) ...
Selecting previously unselected package libssl-dev:amd64.
Preparing to unpack .../35-libssl-dev_1.1.1l-1_amd64.deb ...
Unpacking libssl-dev:amd64 (1.1.1l-1) ...
Selecting previously unselected package libsystemd-dev:amd64.
Preparing to unpack .../36-libsystemd-dev_249.5-1_amd64.deb ...
Unpacking libsystemd-dev:amd64 (249.5-1) ...
Selecting previously unselected package zlib1g-dev:amd64.
Preparing to unpack .../37-zlib1g-dev_1%3a1.2.11.dfsg-2_amd64.deb ...
Unpacking zlib1g-dev:amd64 (1:1.2.11.dfsg-2) ...
Selecting previously unselected package sbuild-build-depends-main-dummy.
Preparing to unpack .../38-sbuild-build-depends-main-dummy_0.invalid.0_amd64.deb ...
Unpacking sbuild-build-depends-main-dummy (0.invalid.0) ...
Setting up libpipeline1:amd64 (1.5.3-1) ...
Setting up bsdextrautils (2.37.2-4) ...
update-alternatives: using /usr/bin/write.ul to provide /usr/bin/write (write) in auto mode
Setting up libpam0g-dev:amd64 (1.4.0-10) ...
Setting up libmagic-mgc (1:5.39-3) ...
Setting up libarchive-zip-perl (1.68-1) ...
Setting up libglib2.0-0:amd64 (2.70.0-3) ...
No schema files found: doing nothing.
Setting up libdebhelper-perl (13.5.2) ...
Setting up libmagic1:amd64 (1:5.39-3) ...
Setting up gettext-base (0.21-4) ...
Setting up file (1:5.39-3) ...
Setting up autotools-dev (20180224.1+nmu1) ...
Setting up libdbus-1-3:amd64 (1.12.20-3) ...
Setting up libsigsegv2:amd64 (2.13-1) ...
Setting up libssl-dev:amd64 (1.1.1l-1) ...
Setting up autopoint (0.21-4) ...
Setting up pkg-config (0.29.2-1) ...
Setting up zlib1g-dev:amd64 (1:1.2.11.dfsg-2) ...
Setting up dwz (0.14-1) ...
Setting up sensible-utils (0.0.17) ...
Setting up libuchardet0:amd64 (0.0.7-1) ...
Setting up libsub-override-perl (0.09-2) ...
Setting up libsystemd-dev:amd64 (249.5-1) ...
Setting up libfile-stripnondeterminism-perl (1.12.0-2) ...
Setting up gettext (0.21-4) ...
Setting up libtool (2.4.6-15) ...
Setting up m4 (1.4.18-5) ...
Setting up intltool-debian (0.35.0+20060710.5) ...
Setting up libpcap0.8:amd64 (1.10.1-4) ...
Setting up libdbus-1-dev:amd64 (1.12.20-3) ...
Setting up autoconf (2.71-2) ...
Setting up dh-strip-nondeterminism (1.12.0-2) ...
Setting up groff-base (1.22.4-7) ...
Setting up automake (1:1.16.5-1) ...
update-alternatives: using /usr/bin/automake-1.16 to provide /usr/bin/automake (automake) in auto mode
Setting up po-debconf (1.0.21+nmu1) ...
Setting up libpcap0.8-dev:amd64 (1.10.1-4) ...
Setting up man-db (2.9.4-2) ...
Not building database; man-db/auto-update is not 'true'.
Setting up dh-autoreconf (20) ...
Setting up debhelper (13.5.2) ...
Setting up sbuild-build-depends-main-dummy (0.invalid.0) ...
Processing triggers for libc-bin (2.32-4) ...

+------------------------------------------------------------------------------+
| Check architectures                                                          |
+------------------------------------------------------------------------------+

Arch check ok (amd64 included in linux-any all)

+------------------------------------------------------------------------------+
| Build environment                                                            |
+------------------------------------------------------------------------------+

Kernel: Linux 4.19.0-6-cloud-amd64 #1 SMP Debian 4.19.67-2+deb10u2 (2019-11-11) amd64 (x86_64)
Toolchain package versions: binutils_2.37-7 dpkg-dev_1.20.9 g++-11_11.2.0-10 gcc-11_11.2.0-10 libc6-dev_2.32-4 libstdc++-11-dev_11.2.0-10 libstdc++6_11.2.0-10 linux-libc-dev_5.14.12-1
Package versions: adduser_3.118 apt_2.3.11 autoconf_2.71-2 automake_1:1.16.5-1 autopoint_0.21-4 autotools-dev_20180224.1+nmu1 base-files_12 base-passwd_3.5.52 bash_5.1-3+b2 binutils_2.37-7 binutils-common_2.37-7 binutils-x86-64-linux-gnu_2.37-7 bsdextrautils_2.37.2-4 bsdutils_1:2.37.2-4 build-essential_12.9 bzip2_1.0.8-4 clang-12_1:12.0.1-15 coreutils_8.32-4+b1 cpp_4:11.2.0-2 cpp-11_11.2.0-10 dash_0.5.11+git20210120+802ebd4-2 debconf_1.5.78 debhelper_13.5.2 debian-archive-keyring_2021.1.1 debianutils_5.5-1 dh-autoreconf_20 dh-strip-nondeterminism_1.12.0-2 diffutils_1:3.7-5 dpkg_1.20.9 dpkg-dev_1.20.9 dwz_0.14-1 e2fsprogs_1.46.4-1 fakeroot_1.26-1 file_1:5.39-3 findutils_4.8.0-1 g++_4:11.2.0-2 g++-11_11.2.0-10 gcc_4:11.2.0-2 gcc-10-base_10.3.0-11 gcc-11_11.2.0-10 gcc-11-base_11.2.0-10 gcc-9-base_9.4.0-3 gettext_0.21-4 gettext-base_0.21-4 gpgv_2.2.27-2 grep_3.7-1 groff-base_1.22.4-7 gzip_1.10-4 hostname_3.23 init-system-helpers_1.60 intltool-debian_0.35.0+20060710.5 lib32gcc-s1_11.2.0-10 lib32stdc++6_11.2.0-10 libacl1_2.3.1-1 libapt-pkg6.0_2.3.11 libarchive-zip-perl_1.68-1 libasan5_9.4.0-3 libasan6_11.2.0-10 libatomic1_11.2.0-10 libattr1_1:2.5.1-1 libaudit-common_1:3.0.6-1 libaudit1_1:3.0.6-1 libbinutils_2.37-7 libblkid1_2.37.2-4 libbsd0_0.11.3-1 libbz2-1.0_1.0.8-4 libc-bin_2.32-4 libc-dev-bin_2.32-4 libc6_2.32-4 libc6-dev_2.32-4 libc6-i386_2.32-4 libcap-ng0_0.7.9-2.2+b1 libcap2_1:2.44-1 libcc1-0_11.2.0-10 libclang-common-12-dev_1:12.0.1-15 libclang-cpp12_1:12.0.1-15 libclang1-12_1:12.0.1-15 libcom-err2_1.46.4-1 libcrypt-dev_1:4.4.25-2 libcrypt1_1:4.4.25-2 libctf-nobfd0_2.37-7 libctf0_2.37-7 libdb5.3_5.3.28+dfsg1-0.8 libdbus-1-3_1.12.20-3 libdbus-1-dev_1.12.20-3 libdebconfclient0_0.260 libdebhelper-perl_13.5.2 libdpkg-perl_1.20.9 libedit2_3.1-20210910-1 libelf1_0.185-2 libext2fs2_1.46.4-1 libfakeroot_1.26-1 libffi8_3.4.2-3 libfile-stripnondeterminism-perl_1.12.0-2 libgc1_1:8.0.4-3 libgcc-11-dev_11.2.0-10 libgcc-9-dev_9.4.0-3 libgcc-s1_11.2.0-10 libgcrypt20_1.9.4-3+b1 libgdbm-compat4_1.22-1 libgdbm6_1.22-1 libglib2.0-0_2.70.0-3 libgmp10_2:6.2.1+dfsg-2 libgnutls30_3.7.2-2 libgomp1_11.2.0-10 libgpg-error0_1.42-3 libgssapi-krb5-2_1.18.3-7 libhogweed6_3.7.3-1 libicu67_67.1-7 libidn2-0_2.3.2-2 libisl23_0.24-2 libitm1_11.2.0-10 libk5crypto3_1.18.3-7 libkeyutils1_1.6.1-2 libkrb5-3_1.18.3-7 libkrb5support0_1.18.3-7 libllvm12_1:12.0.1-15 liblsan0_11.2.0-10 liblz4-1_1.9.3-2 liblzma5_5.2.5-2 libmagic-mgc_1:5.39-3 libmagic1_1:5.39-3 libmd0_1.0.4-1 libmount1_2.37.2-4 libmpc3_1.2.1-1 libmpfr6_4.1.0-3 libnettle8_3.7.3-1 libnsl-dev_1.3.0-2 libnsl2_1.3.0-2 libobjc-11-dev_11.2.0-10 libobjc-9-dev_9.4.0-3 libobjc4_11.2.0-10 libomp-12-dev_1:12.0.1-15 libomp5-12_1:12.0.1-15 libp11-kit0_0.24.0-5 libpam-modules_1.4.0-10 libpam-modules-bin_1.4.0-10 libpam-runtime_1.4.0-10 libpam0g_1.4.0-10 libpam0g-dev_1.4.0-10 libpcap0.8_1.10.1-4 libpcap0.8-dev_1.10.1-4 libpcre2-8-0_10.36-2 libpcre3_2:8.39-13 libperl5.32_5.32.1-6 libpipeline1_1.5.3-1 libquadmath0_11.2.0-10 libseccomp2_2.5.2-2 libselinux1_3.1-3 libsemanage-common_3.1-1 libsemanage1_3.1-1+b2 libsepol1_3.1-1 libsigsegv2_2.13-1 libsmartcols1_2.37.2-4 libss2_1.46.4-1 libssl-dev_1.1.1l-1 libssl1.1_1.1.1l-1 libstdc++-11-dev_11.2.0-10 libstdc++6_11.2.0-10 libsub-override-perl_0.09-2 libsystemd-dev_249.5-1 libsystemd0_249.5-1 libtasn1-6_4.17.0-2 libtinfo6_6.2+20210905-1 libtirpc-common_1.3.2-2 libtirpc-dev_1.3.2-2 libtirpc3_1.3.2-2 libtool_2.4.6-15 libtsan0_11.2.0-10 libubsan1_11.2.0-10 libuchardet0_0.0.7-1 libudev1_249.5-1 libunistring2_0.9.10-6 libunwind-12_1:12.0.1-15 libuuid1_2.37.2-4 libxml2_2.9.12+dfsg-5 libxxhash0_0.8.0-2 libz3-4_4.8.12-1+b1 libzstd1_1.4.8+dfsg-3 linux-libc-dev_5.14.12-1 llvm-12-linker-tools_1:12.0.1-15 login_1:4.8.1-1 logsave_1.46.4-1 lsb-base_11.1.0 m4_1.4.18-5 make_4.3-4.1 man-db_2.9.4-2 mawk_1.3.4.20200120-2 mount_2.37.2-4 ncurses-base_6.2+20210905-1 ncurses-bin_6.2+20210905-1 passwd_1:4.8.1-1 patch_2.7.6-7 perl_5.32.1-6 perl-base_5.32.1-6 perl-modules-5.32_5.32.1-6 pkg-config_0.29.2-1 po-debconf_1.0.21+nmu1 qt5-qmake_5.15.2+dfsg-12 qt5-qmake-bin_5.15.2+dfsg-12 qtchooser_66-2 rpcsvc-proto_1.4.2-4 sbuild-build-depends-main-dummy_0.invalid.0 sed_4.8-1 sensible-utils_0.0.17 sysvinit-utils_3.00-1 tar_1.34+dfsg-1 tzdata_2021e-1 util-linux_2.37.2-4 xz-utils_5.2.5-2 zlib1g_1:1.2.11.dfsg-2 zlib1g-dev_1:1.2.11.dfsg-2

+------------------------------------------------------------------------------+
| Build                                                                        |
+------------------------------------------------------------------------------+


Unpack source
-------------

-----BEGIN PGP SIGNED MESSAGE-----
Hash: SHA512

Format: 3.0 (quilt)
Source: ppp
Binary: ppp, ppp-udeb, ppp-dev
Architecture: linux-any all
Version: 2.4.9-1+1
Maintainer: Chris Boot <bootc@debian.org>
Uploaders: Marco d'Itri <md@linux.it>
Homepage: https://ppp.samba.org/
Standards-Version: 4.5.1
Vcs-Browser: https://salsa.debian.org/debian/ppp
Vcs-Git: https://salsa.debian.org/debian/ppp.git
Build-Depends: debhelper (>= 13~), debhelper-compat (= 13), libpam0g-dev, libpcap0.8-dev, libssl-dev, libsystemd-dev, zlib1g-dev
Package-List:
 ppp deb admin optional arch=linux-any
 ppp-dev deb devel optional arch=all
 ppp-udeb udeb debian-installer optional arch=linux-any
Checksums-Sha1:
 56ba143f331f6436efa3a1d41c75691c828833ba 716165 ppp_2.4.9.orig.tar.gz
 143ecc9e1d167847cd2962627e2d31b4ff5b8a35 488 ppp_2.4.9.orig.tar.gz.asc
 342897b0dfa0dbcaa22a13add9425088ac939a7a 93128 ppp_2.4.9-1+1.debian.tar.xz
Checksums-Sha256:
 f938b35eccde533ea800b15a7445b2f1137da7f88e32a16898d02dee8adc058d 716165 ppp_2.4.9.orig.tar.gz
 9f5cc230f2b2d750135bee36ec8e3c86fbf76428b9fc66b11442c585c83398e6 488 ppp_2.4.9.orig.tar.gz.asc
 226264682e5dd2cc876839572ae8d9e61db506686131be57dbd06fd6e4c09588 93128 ppp_2.4.9-1+1.debian.tar.xz
Files:
 c88153ae3d16ae114152cd3c15c7301d 716165 ppp_2.4.9.orig.tar.gz
 0013b594113fded6f3de226f92246961 488 ppp_2.4.9.orig.tar.gz.asc
 cd77f4b1992479b8910ecdec4c70192d 93128 ppp_2.4.9-1+1.debian.tar.xz
Dgit: a300792ffd5083ecb3db7893c7208174857e9e7c debian archive/debian/2.4.9-1+1 https://git.dgit.debian.org/ppp

-----BEGIN PGP SIGNATURE-----

iQKlBAEBCgCPFiEEakxNgo23DDPFqbsY1o29Dt2gqWQFAl/2Ub5fFIAAAAAALgAo
aXNzdWVyLWZwckBub3RhdGlvbnMub3BlbnBncC5maWZ0aGhvcnNlbWFuLm5ldDZB
NEM0RDgyOERCNzBDMzNDNUE5QkIxOEQ2OERCRDBFRERBMEE5NjQRHGJvb3RjQGRl
Ymlhbi5vcmcACgkQ1o29Dt2gqWRqew/9F7Op/y7oJV6fkszfVQ8bC5QPQYlRi37P
tGQQBpfO40y4BqhxWRgbkCjKFjeLBRxPx66oXT2Us5gpBc2E5hn5h7ETbiPgimZS
rqoHWO/Oo7KlfRzZmr/5EeNfOqpGF+gjjIhEoEW6BZ9OSjSXer9wTj23ZpamtVSo
fBKKDHme+7BvZVJ9kqfpnlTwRz6a6Dc9fh0hiUtME5al6s12MwtkninQV6d6NFeu
FD3wXx70SycyHoF7h+/NBYnnf8VXdxLBYOlqOeZEpHezAFtvoSrnTcjUNhloQlIk
B+YXHyBHeI6Ssvs9GdwaxnZBTdGhtXbUFlN0Mu281AzMd7uldvN9hAp/9DHe7ALD
GkX4KCQG5jWMXwtWVVds5x0YYJgsALVnwiaTFxe4nupKI4CW8r3E3NtPmj0OIDL2
F31pvWFkOR1sU+zbTTATSKjXkv/zLBekzGnE7TX6Ql3WtwvYFLLrrTqKjqgsqrCg
4YRFAHjJQPwHdNpFJS+5F/XNEmbiJgpEfhPGGf4WlTgDeB1LNfiF1Nh8CirJNZoz
LNyuT8o0XboU+l8uJai76HrVV2/pYk+27pmeq6z+YZcDzXkkML4B4jYFgqGb444h
F5rDeecn5QdSxEt7LBuiJ58029oAasNXfnpjDp51f5aZXSnWr5EQJbtSiu5TQR5Z
P/RzcIG4yIk=
=tR20
-----END PGP SIGNATURE-----

gpgv: unknown type of key resource 'trustedkeys.kbx'
gpgv: keyblock resource '/tmp/dpkg-verify-sig.Rw_M0OnH/trustedkeys.kbx': General error
gpgv: Signature made Thu Jan  7 00:11:42 2021 UTC
gpgv:                using RSA key 6A4C4D828DB70C33C5A9BB18D68DBD0EDDA0A964
gpgv:                issuer "bootc@debian.org"
gpgv: Can't check signature: No public key
dpkg-source: warning: failed to verify signature on ./ppp_2.4.9-1+1.dsc
dpkg-source: info: extracting ppp in /<<PKGBUILDDIR>>
dpkg-source: info: unpacking ppp_2.4.9.orig.tar.gz
dpkg-source: info: unpacking ppp_2.4.9-1+1.debian.tar.xz
dpkg-source: info: using patch list from debian/patches/series
dpkg-source: info: applying chat_man
dpkg-source: info: applying pppdump_use_zlib
dpkg-source: info: applying pppoatm_resolver_light
dpkg-source: info: applying pppoe_noads
dpkg-source: info: applying 011_scripts_redialer.diff
dpkg-source: info: applying ppp-2.3.11-oedod.dif
dpkg-source: info: applying 010_scripts_README.diff
dpkg-source: info: applying no_crypt_hack
dpkg-source: info: applying resolv.conf_no_log
dpkg-source: info: applying zzz_config
dpkg-source: info: applying pppd-soname-hack.patch
dpkg-source: info: applying replace-vendored-hash-functions.patch

Check disk space
----------------

Sufficient free space for build

User Environment
----------------

APT_CONFIG=/var/lib/sbuild/apt.conf
HOME=/sbuild-nonexistent
LANG=C.UTF-8
LC_ALL=C.UTF-8
LOGNAME=user42
PATH=/usr/local/sbin:/usr/local/bin:/usr/sbin:/usr/bin:/sbin:/bin:/usr/games
SCHROOT_ALIAS_NAME=unstable
SCHROOT_CHROOT_NAME=sid-amd64-sbuild
SCHROOT_COMMAND=env
SCHROOT_GID=1001
SCHROOT_GROUP=user42
SCHROOT_SESSION_ID=sid-amd64-sbuild-c8ad3c09-72bb-4c17-b46a-c56eaf5d0542
SCHROOT_UID=1001
SCHROOT_USER=user42
SHELL=/bin/sh
USER=user42

dpkg-buildpackage
-----------------

Command: dpkg-buildpackage -us -uc -b -rfakeroot
dpkg-buildpackage: info: source package ppp
dpkg-buildpackage: info: source version 2.4.9-1+1
dpkg-buildpackage: info: source distribution unstable
dpkg-buildpackage: info: source changed by Chris Boot <bootc@debian.org>
 dpkg-source --before-build .
dpkg-buildpackage: info: host architecture amd64
 fakeroot debian/rules clean
dh clean
   debian/rules override_dh_testdir
make[1]: Entering directory '/<<PKGBUILDDIR>>'
dh_testdir
if [ "2.4.9" != "2.4.9" ]; then \
  echo; echo "**********"; \
  echo "VERSION in pppd/patchlevel.h must match upstream version."; \
  echo "Upstream version is '2.4.9'"; \
  echo "VERSION is '2.4.9'"; \
  echo "Aborting the build."; \
  echo "**********"; echo; \
  exit 1; \
fi
if [ -z "1" ]; then \
  echo; echo "**********"; \
  echo "No ABI component found in the Debian revision field."; \
  echo "Please see debian/README.source for more information."; \
  echo "Aborting the build."; \
  echo "**********"; echo; \
  exit 1; \
fi
make[1]: Leaving directory '/<<PKGBUILDDIR>>'
   debian/rules override_dh_auto_clean
make[1]: Entering directory '/<<PKGBUILDDIR>>'
rm -rf pppd-udeb debian/changelog-from-README /<<PKGBUILDDIR>>/debian/tmp-ppp /<<PKGBUILDDIR>>/debian/tmp-udeb \
	debian/extra/dh_ppp.1p
[ ! -f Makefile ] || /usr/bin/make dist-clean
make[1]: Leaving directory '/<<PKGBUILDDIR>>'
   dh_clean
 debian/rules build
dh build
   debian/rules override_dh_testdir
make[1]: Entering directory '/<<PKGBUILDDIR>>'
dh_testdir
if [ "2.4.9" != "2.4.9" ]; then \
  echo; echo "**********"; \
  echo "VERSION in pppd/patchlevel.h must match upstream version."; \
  echo "Upstream version is '2.4.9'"; \
  echo "VERSION is '2.4.9'"; \
  echo "Aborting the build."; \
  echo "**********"; echo; \
  exit 1; \
fi
if [ -z "1" ]; then \
  echo; echo "**********"; \
  echo "No ABI component found in the Debian revision field."; \
  echo "Please see debian/README.source for more information."; \
  echo "Aborting the build."; \
  echo "**********"; echo; \
  exit 1; \
fi
make[1]: Leaving directory '/<<PKGBUILDDIR>>'
   dh_update_autotools_config
   dh_autoreconf
   debian/rules override_dh_auto_configure
make[1]: Entering directory '/<<PKGBUILDDIR>>'
./configure --prefix=/usr
Configuring for Linux
Creating Makefiles.
  Makefile <= linux/Makefile.top
  pppd/Makefile <= pppd/Makefile.linux
  pppstats/Makefile <= pppstats/Makefile.linux
  chat/Makefile <= chat/Makefile.linux
  pppdump/Makefile <= pppdump/Makefile.linux
  pppd/plugins/Makefile <= pppd/plugins/Makefile.linux
  pppd/plugins/pppoe/Makefile <= pppd/plugins/pppoe/Makefile.linux
  pppd/plugins/radius/Makefile <= pppd/plugins/radius/Makefile.linux
  pppd/plugins/pppoatm/Makefile <= pppd/plugins/pppoatm/Makefile.linux
  pppd/plugins/pppol2tp/Makefile <= pppd/plugins/pppol2tp/Makefile.linux
if [ ! -d pppd-udeb/ ]; then \
	mkdir pppd-udeb/ && \
	cp -ldpR pppd/* pppd-udeb/; \
fi
cd pppd-udeb/ && make clean
make[2]: Entering directory '/<<PKGBUILDDIR>>/pppd-udeb'
rm -f main.o magic.o fsm.o lcp.o ipcp.o upap.o chap-new.o ccp.o ecp.o auth.o options.o demand.o utils.o sys-linux.o ipxcp.o tty.o eap.o chap-md5.o session.o chap_ms.o eap-tls.o pppcrypt.o multilink.o tdb.o spinlock.o ipv6cp.o eui64.o cbcp.o  pppd *~ #* core
clang: error: unsupported option '--print-sysroot'
clang: error: no input files
make[2]: Leaving directory '/<<PKGBUILDDIR>>/pppd-udeb'
cd pppd-udeb/plugins/ && make clean
make[2]: Entering directory '/<<PKGBUILDDIR>>/pppd-udeb/plugins'
rm -f *.o *.so *.a
for d in pppoe pppoatm pppol2tp radius; do make -w -C $d clean || exit $?; done
make[3]: Entering directory '/<<PKGBUILDDIR>>/pppd-udeb/plugins/pppoe'
rm -f *.o *.so pppoe-discovery
make[3]: Leaving directory '/<<PKGBUILDDIR>>/pppd-udeb/plugins/pppoe'
make[3]: Entering directory '/<<PKGBUILDDIR>>/pppd-udeb/plugins/pppoatm'
rm -f *.o *.so
make[3]: Leaving directory '/<<PKGBUILDDIR>>/pppd-udeb/plugins/pppoatm'
make[3]: Entering directory '/<<PKGBUILDDIR>>/pppd-udeb/plugins/pppol2tp'
rm -f *.o *.so
make[3]: Leaving directory '/<<PKGBUILDDIR>>/pppd-udeb/plugins/pppol2tp'
make[3]: Entering directory '/<<PKGBUILDDIR>>/pppd-udeb/plugins/radius'
rm -f *.o *.so *.a
make[3]: Leaving directory '/<<PKGBUILDDIR>>/pppd-udeb/plugins/radius'
make[2]: Leaving directory '/<<PKGBUILDDIR>>/pppd-udeb/plugins'
perl -i -pe 's/ -DIPX_CHANGE\b//' pppd-udeb/Makefile
make[1]: Leaving directory '/<<PKGBUILDDIR>>'
   debian/rules override_dh_auto_build-arch
make[1]: Entering directory '/<<PKGBUILDDIR>>'
{ \
  sed -e "/^What's new in ppp-/,/^. New hooks have been added./!d" README ; \
  echo ; \
  echo ; \
  cat Changes-2.3 ; \
} > debian/changelog-from-README
dh_auto_build -- \
	COPTS="-g -O2 -ffile-prefix-map=/<<PKGBUILDDIR>>=. -fstack-protector-strong -Wformat -Werror=format-security -Wdate-time -D_FORTIFY_SOURCE=2"
	make -j4 "COPTS=-g -O2 -ffile-prefix-map=/<<PKGBUILDDIR>>=. -fstack-protector-strong -Wformat -Werror=format-security -Wdate-time -D_FORTIFY_SOURCE=2"
make[2]: Entering directory '/<<PKGBUILDDIR>>'
cd chat; make -w -j4 --jobserver-auth=3,4 all
make[3]: Entering directory '/<<PKGBUILDDIR>>/chat'
make[3]: warning: -j4 forced in submake: resetting jobserver mode.
cc -c -g -O2 -ffile-prefix-map=/<<PKGBUILDDIR>>=. -fstack-protector-strong -Wformat -Werror=format-security -Wdate-time -D_FORTIFY_SOURCE=2 -DTERMIOS			 -DSIGTYPE=void			 -UNO_SLEEP			 -DFNDELAY=O_NDELAY		 -o chat.o chat.c
chat.c:993:2: warning: ignoring return value of function declared with 'warn_unused_result' attribute [-Wunused-result]
        write(2, s, strlen(s));
        ^~~~~ ~~~~~~~~~~~~~~~
chat.c:1312:2: warning: ignoring return value of function declared with 'warn_unused_result' attribute [-Wunused-result]
        write(2, "\n", 1);
        ^~~~~ ~~~~~~~~~~
chat.c:1317:2: warning: ignoring return value of function declared with 'warn_unused_result' attribute [-Wunused-result]
        write(2, s, strlen(s));
        ^~~~~ ~~~~~~~~~~~~~~~
3 warnings generated.
cc -Wl,-z,relro -Wl,-z,now -o chat chat.o
make[3]: Leaving directory '/<<PKGBUILDDIR>>/chat'
cd pppd/plugins; make -w -j4 --jobserver-auth=3,4 all
make[3]: Entering directory '/<<PKGBUILDDIR>>/pppd/plugins'
make[3]: warning: -j4 forced in submake: resetting jobserver mode.
cc -o minconn.so -Wl,-z,relro -Wl,-z,now -shared -g -O2 -ffile-prefix-map=/<<PKGBUILDDIR>>=. -fstack-protector-strong -Wformat -Werror=format-security -Wdate-time -D_FORTIFY_SOURCE=2 -I.. -I../../include -fPIC -DUSE_EAPTLS=1 -DMPPE=1 minconn.c
cc -o passprompt.so -Wl,-z,relro -Wl,-z,now -shared -g -O2 -ffile-prefix-map=/<<PKGBUILDDIR>>=. -fstack-protector-strong -Wformat -Werror=format-security -Wdate-time -D_FORTIFY_SOURCE=2 -I.. -I../../include -fPIC -DUSE_EAPTLS=1 -DMPPE=1 passprompt.c
cc -o passwordfd.so -Wl,-z,relro -Wl,-z,now -shared -g -O2 -ffile-prefix-map=/<<PKGBUILDDIR>>=. -fstack-protector-strong -Wformat -Werror=format-security -Wdate-time -D_FORTIFY_SOURCE=2 -I.. -I../../include -fPIC -DUSE_EAPTLS=1 -DMPPE=1 passwordfd.c
cc -o winbind.so -Wl,-z,relro -Wl,-z,now -shared -g -O2 -ffile-prefix-map=/<<PKGBUILDDIR>>=. -fstack-protector-strong -Wformat -Werror=format-security -Wdate-time -D_FORTIFY_SOURCE=2 -I.. -I../../include -fPIC -DUSE_EAPTLS=1 -DMPPE=1 winbind.c
passprompt.c:58:2: warning: ignoring return value of function declared with 'warn_unused_result' attribute [-Wunused-result]
        seteuid(getuid());
        ^~~~~~~ ~~~~~~~~
passprompt.c:59:2: warning: ignoring return value of function declared with 'warn_unused_result' attribute [-Wunused-result]
        setegid(getgid());
        ^~~~~~~ ~~~~~~~~
winbind.c:305:3: warning: ignoring return value of function declared with 'warn_unused_result' attribute [-Wunused-result]
                setgid(getgid());
                ^~~~~~ ~~~~~~~~
winbind.c:414:23: warning: passing 'u_char *' (aka 'unsigned char *') to parameter of type 'char *' converts between pointers to integer types where one is of the unique plain 'char' type and the other is not [-Wpointer-sign]
                                if (strhex_to_str(nt_key, 32, parameter) == 16) {
                                                  ^~~~~~
winbind.c:168:28: note: passing argument to parameter 'p' here
size_t strhex_to_str(char *p, size_t len, const char *strhex)
                           ^
winbind.c:630:22: warning: passing 'char [41]' to parameter of type 'u_char *' (aka 'unsigned char *') converts between pointers to integer types where one is of the unique plain 'char' type and the other is not [-Wpointer-sign]
                                challenge, user, saresponse);
                                                 ^~~~~~~~~~
../chap_ms.h:104:11: note: passing argument to parameter 'authResponse' here
                        u_char authResponse[MS_AUTH_RESPONSE_LENGTH+1]);
                               ^
2 warnings generated.
3 warnings generated.
for d in pppoe pppoatm pppol2tp radius; do make -w -j4 --jobserver-auth=5,6 -C $d all || exit $?; done
make[4]: Entering directory '/<<PKGBUILDDIR>>/pppd/plugins'
make[4]: warning: -j4 forced in submake: resetting jobserver mode.
cc -g -O2 -ffile-prefix-map=/<<PKGBUILDDIR>>=. -fstack-protector-strong -Wformat -Werror=format-security -Wdate-time -D_FORTIFY_SOURCE=2 -I../../../include -I../../.. -c -o plugin.o -fPIC plugin.c
cc -g -O2 -ffile-prefix-map=/<<PKGBUILDDIR>>=. -fstack-protector-strong -Wformat -Werror=format-security -Wdate-time -D_FORTIFY_SOURCE=2 -I../../../include -I../../.. -c -o discovery.o -fPIC discovery.c
cc -g -O2 -ffile-prefix-map=/<<PKGBUILDDIR>>=. -fstack-protector-strong -Wformat -Werror=format-security -Wdate-time -D_FORTIFY_SOURCE=2 -I../../../include -I../../.. -c -o if.o -fPIC if.c
cc -g -O2 -ffile-prefix-map=/<<PKGBUILDDIR>>=. -fstack-protector-strong -Wformat -Werror=format-security -Wdate-time -D_FORTIFY_SOURCE=2 -I../../../include -I../../.. -c -o common.o -fPIC common.c
common.c:135:9: warning: passing 'unsigned char [1508]' to parameter of type 'char *' converts between pointers to integer types where one is of the unique plain 'char' type and the other is not [-Wpointer-sign]
        strcpy(err.payload, msg);
               ^~~~~~~~~~~
/usr/include/x86_64-linux-gnu/bits/string_fortified.h:73:33: note: passing argument to parameter '__dest' here
__NTH (strcpy (char *__restrict __dest, const char *__restrict __src))
                                ^
cc -g -O2 -ffile-prefix-map=/<<PKGBUILDDIR>>=. -fstack-protector-strong -Wformat -Werror=format-security -Wdate-time -D_FORTIFY_SOURCE=2 -I../../../include -I../../.. -c -o pppoe-discovery.o pppoe-discovery.c
1 warning generated.
cc -g -O2 -ffile-prefix-map=/<<PKGBUILDDIR>>=. -fstack-protector-strong -Wformat -Werror=format-security -Wdate-time -D_FORTIFY_SOURCE=2 -I../../../include -I../../.. -c -o debug.o debug.c
cc -Wl,-z,relro -Wl,-z,now -o pppoe.so -shared plugin.o discovery.o if.o common.o
cc -Wl,-z,relro -Wl,-z,now -o pppoe-discovery pppoe-discovery.o debug.o
make[4]: Leaving directory '/<<PKGBUILDDIR>>/pppd/plugins/pppoe'
make[4]: Entering directory '/<<PKGBUILDDIR>>/pppd/plugins'
make[4]: warning: -j4 forced in submake: resetting jobserver mode.
cc -g -O2 -ffile-prefix-map=/<<PKGBUILDDIR>>=. -fstack-protector-strong -Wformat -Werror=format-security -Wdate-time -D_FORTIFY_SOURCE=2 -I../.. -I../../../include -fPIC -I. -c -o pppoatm.o pppoatm.c
cc -g -O2 -ffile-prefix-map=/<<PKGBUILDDIR>>=. -fstack-protector-strong -Wformat -Werror=format-security -Wdate-time -D_FORTIFY_SOURCE=2 -I../.. -I../../../include -fPIC -I. -c -o text2atm.o text2atm.c
pppoatm.c:190:5: warning: use of GNU old-style field designator extension [-Wgnu-designator]
    options: pppoa_options,
    ^~~~~~~~
    .options = 
pppoatm.c:191:5: warning: use of GNU old-style field designator extension [-Wgnu-designator]
    process_extra_options: NULL,
    ^~~~~~~~~~~~~~~~~~~~~~
    .process_extra_options = 
pppoatm.c:192:5: warning: use of GNU old-style field designator extension [-Wgnu-designator]
    check_options: NULL,
    ^~~~~~~~~~~~~~
    .check_options = 
pppoatm.c:193:5: warning: use of GNU old-style field designator extension [-Wgnu-designator]
    connect: &connect_pppoatm,
    ^~~~~~~~
    .connect = 
pppoatm.c:194:5: warning: use of GNU old-style field designator extension [-Wgnu-designator]
    disconnect: &disconnect_pppoatm,
    ^~~~~~~~~~~
    .disconnect = 
pppoatm.c:195:5: warning: use of GNU old-style field designator extension [-Wgnu-designator]
    establish_ppp: &generic_establish_ppp,
    ^~~~~~~~~~~~~~
    .establish_ppp = 
pppoatm.c:196:5: warning: use of GNU old-style field designator extension [-Wgnu-designator]
    disestablish_ppp: &generic_disestablish_ppp,
    ^~~~~~~~~~~~~~~~~
    .disestablish_ppp = 
pppoatm.c:197:5: warning: use of GNU old-style field designator extension [-Wgnu-designator]
    send_config: NULL,
    ^~~~~~~~~~~~
    .send_config = 
pppoatm.c:198:5: warning: use of GNU old-style field designator extension [-Wgnu-designator]
    recv_config: NULL,
    ^~~~~~~~~~~~
    .recv_config = 
pppoatm.c:199:5: warning: use of GNU old-style field designator extension [-Wgnu-designator]
    close: NULL,
    ^~~~~~
    .close = 
pppoatm.c:200:5: warning: use of GNU old-style field designator extension [-Wgnu-designator]
    cleanup: NULL
    ^~~~~~~~
    .cleanup = 
11 warnings generated.
cc -g -O2 -ffile-prefix-map=/<<PKGBUILDDIR>>=. -fstack-protector-strong -Wformat -Werror=format-security -Wdate-time -D_FORTIFY_SOURCE=2 -I../.. -I../../../include -fPIC -I. -Wl,-z,relro -Wl,-z,now -o pppoatm.so -shared pppoatm.o text2atm.o 
make[4]: Leaving directory '/<<PKGBUILDDIR>>/pppd/plugins/pppoatm'
make[4]: Entering directory '/<<PKGBUILDDIR>>/pppd/plugins'
make[4]: warning: -j4 forced in submake: resetting jobserver mode.
cc -g -O2 -ffile-prefix-map=/<<PKGBUILDDIR>>=. -fstack-protector-strong -Wformat -Werror=format-security -Wdate-time -D_FORTIFY_SOURCE=2 -I. -I../.. -I../../../include -fPIC -c -o pppol2tp.o pppol2tp.c
cc -g -O2 -ffile-prefix-map=/<<PKGBUILDDIR>>=. -fstack-protector-strong -Wformat -Werror=format-security -Wdate-time -D_FORTIFY_SOURCE=2 -I. -I../.. -I../../../include -fPIC -c -o openl2tp.o openl2tp.c
pppol2tp.c:135:53: warning: passing 'int *' to parameter of type 'socklen_t *' (aka 'unsigned int *') converts between pointers to integer types with different sign [-Wpointer-sign]
        if(getsockname(pppol2tp_fd, (struct sockaddr *)&s, &len) < 0) {
                                                           ^~~~
/usr/include/x86_64-linux-gnu/sys/socket.h:117:26: note: passing argument to parameter '__len' here
                        socklen_t *__restrict __len) __THROW;
                                              ^
pppol2tp.c:147:16: warning: passing 'int *' to parameter of type 'socklen_t *' (aka 'unsigned int *') converts between pointers to integer types with different sign [-Wpointer-sign]
                       &tmp, &tmp_len) < 0) {
                             ^~~~~~~~
/usr/include/x86_64-linux-gnu/sys/socket.h:210:32: note: passing argument to parameter '__optlen' here
                       socklen_t *__restrict __optlen) __THROW;
                                             ^
pppol2tp.c:240:28: warning: format specifies type 'unsigned short' but the argument has type 'int' [-Wformat]
                sprintf(&tid[0], "%hu ", pppol2tp_tunnel_id);
                                  ~~~    ^~~~~~~~~~~~~~~~~~
                                  %d
/usr/include/x86_64-linux-gnu/bits/stdio2.h:44:7: note: expanded from macro 'sprintf'
                           __VA_ARGS__)
                           ^~~~~~~~~~~
pppol2tp.c:243:28: warning: format specifies type 'unsigned short' but the argument has type 'int' [-Wformat]
                sprintf(&sid[0], "%hu ", pppol2tp_session_id);
                                  ~~~    ^~~~~~~~~~~~~~~~~~~
                                  %d
/usr/include/x86_64-linux-gnu/bits/stdio2.h:44:7: note: expanded from macro 'sprintf'
                           __VA_ARGS__)
                           ^~~~~~~~~~~
pppol2tp.c:513:5: warning: use of GNU old-style field designator extension [-Wgnu-designator]
    options: pppol2tp_options,
    ^~~~~~~~
    .options = 
pppol2tp.c:514:5: warning: use of GNU old-style field designator extension [-Wgnu-designator]
    process_extra_options: NULL,
    ^~~~~~~~~~~~~~~~~~~~~~
    .process_extra_options = 
pppol2tp.c:515:5: warning: use of GNU old-style field designator extension [-Wgnu-designator]
    check_options: &pppol2tp_check_options,
    ^~~~~~~~~~~~~~
    .check_options = 
pppol2tp.c:516:5: warning: use of GNU old-style field designator extension [-Wgnu-designator]
    connect: &connect_pppol2tp,
    ^~~~~~~~
    .connect = 
pppol2tp.c:517:5: warning: use of GNU old-style field designator extension [-Wgnu-designator]
    disconnect: &disconnect_pppol2tp,
    ^~~~~~~~~~~
    .disconnect = 
pppol2tp.c:518:5: warning: use of GNU old-style field designator extension [-Wgnu-designator]
    establish_ppp: &generic_establish_ppp,
    ^~~~~~~~~~~~~~
    .establish_ppp = 
pppol2tp.c:519:5: warning: use of GNU old-style field designator extension [-Wgnu-designator]
    disestablish_ppp: &generic_disestablish_ppp,
    ^~~~~~~~~~~~~~~~~
    .disestablish_ppp = 
pppol2tp.c:520:5: warning: use of GNU old-style field designator extension [-Wgnu-designator]
    send_config: &send_config_pppol2tp,
    ^~~~~~~~~~~~
    .send_config = 
pppol2tp.c:521:5: warning: use of GNU old-style field designator extension [-Wgnu-designator]
    recv_config: &recv_config_pppol2tp,
    ^~~~~~~~~~~~
    .recv_config = 
pppol2tp.c:522:5: warning: use of GNU old-style field designator extension [-Wgnu-designator]
    close: NULL,
    ^~~~~~
    .close = 
pppol2tp.c:523:5: warning: use of GNU old-style field designator extension [-Wgnu-designator]
    cleanup: NULL
    ^~~~~~~~
    .cleanup = 
cc -g -O2 -ffile-prefix-map=/<<PKGBUILDDIR>>=. -fstack-protector-strong -Wformat -Werror=format-security -Wdate-time -D_FORTIFY_SOURCE=2 -I. -I../.. -I../../../include -fPIC -Wl,-z,relro -Wl,-z,now -o openl2tp.so -shared openl2tp.o 
15 warnings generated.
cc -g -O2 -ffile-prefix-map=/<<PKGBUILDDIR>>=. -fstack-protector-strong -Wformat -Werror=format-security -Wdate-time -D_FORTIFY_SOURCE=2 -I. -I../.. -I../../../include -fPIC -Wl,-z,relro -Wl,-z,now -o pppol2tp.so -shared pppol2tp.o 
rm pppol2tp.o openl2tp.o
make[4]: Leaving directory '/<<PKGBUILDDIR>>/pppd/plugins/pppol2tp'
make[4]: Entering directory '/<<PKGBUILDDIR>>/pppd/plugins'
make[4]: warning: -j4 forced in submake: resetting jobserver mode.
cc -g -O2 -ffile-prefix-map=/<<PKGBUILDDIR>>=. -fstack-protector-strong -Wformat -Werror=format-security -Wdate-time -D_FORTIFY_SOURCE=2 -I. -I../.. -I../../../include -fPIC -DRC_LOG_FACILITY=LOG_DAEMON -DCHAPMS=1 -DMPPE=1 -DMAXOCTETS=1 -Wdate-time -D_FORTIFY_SOURCE=2  -c -o radius.o radius.c
cc -g -O2 -ffile-prefix-map=/<<PKGBUILDDIR>>=. -fstack-protector-strong -Wformat -Werror=format-security -Wdate-time -D_FORTIFY_SOURCE=2 -I. -I../.. -I../../../include -fPIC -DRC_LOG_FACILITY=LOG_DAEMON -DCHAPMS=1 -DMPPE=1 -DMAXOCTETS=1 -Wdate-time -D_FORTIFY_SOURCE=2  -c -o avpair.o avpair.c
cc -g -O2 -ffile-prefix-map=/<<PKGBUILDDIR>>=. -fstack-protector-strong -Wformat -Werror=format-security -Wdate-time -D_FORTIFY_SOURCE=2 -I. -I../.. -I../../../include -fPIC -DRC_LOG_FACILITY=LOG_DAEMON -DCHAPMS=1 -DMPPE=1 -DMAXOCTETS=1 -Wdate-time -D_FORTIFY_SOURCE=2  -c -o buildreq.o buildreq.c
cc -g -O2 -ffile-prefix-map=/<<PKGBUILDDIR>>=. -fstack-protector-strong -Wformat -Werror=format-security -Wdate-time -D_FORTIFY_SOURCE=2 -I. -I../.. -I../../../include -fPIC -DRC_LOG_FACILITY=LOG_DAEMON -DCHAPMS=1 -DMPPE=1 -DMAXOCTETS=1 -Wdate-time -D_FORTIFY_SOURCE=2  -c -o config.o config.c
radius.c:205:34: warning: '/*' within block comment [-Wcomment]
* worry about looking in /etc/ppp/*-secrets
                                 ^
avpair.c:79:13: warning: passing 'u_char [254]' to parameter of type 'char *' converts between pointers to integer types where one is of the unique plain 'char' type and the other is not [-Wpointer-sign]
                        strncpy (vp->strvalue, (char *) pval, AUTH_STRING_LEN);
                                 ^~~~~~~~~~~~
buildreq.c/usr/include/x86_64-linux-gnu/bits/string_fortified.h:88:34: note: passing argument to parameter '__dest' here
__NTH (strncpy (char *__restrict __dest, const char *__restrict __src,
                                 ^
:138:2: warning: ignoring return value of function declared with 'warn_unused_result' attribute [-Wunused-result]
        ftruncate(fileno(sf),0);
        ^~~~~~~~~ ~~~~~~~~~~~~
radius.c:596:50: warning: passing 'u_char [254]' to parameter of type 'char *' converts between pointers to integer types where one is of the unique plain 'char' type and the other is not [-Wpointer-sign]
               script_setenv("RADIUS_FILTER_ID", vp->strvalue, 1);
                                                 ^~~~~~~~~~~~
../../pppd.h:522:34: note: passing argument to parameter here
void script_setenv(char *, char *, int);        /* set script env var */
                                 ^
radius.c:600:53: warning: passing 'u_char [254]' to parameter of type 'char *' converts between pointers to integer types where one is of the unique plain 'char' type and the other is not [-Wpointer-sign]
               script_setenv("RADIUS_FRAMED_ROUTE", vp->strvalue, 1);
                                                    ^~~~~~~~~~~~
../../pppd.h:522:34: note: passing argument to parameter here
void script_setenv(char *, char *, int);        /* set script env var */
                                 ^
avpair.c:199:14: warning: passing 'unsigned char [3]' to parameter of type 'char *' converts between pointers to integer types where one is of the unique plain 'char' type and the other is not [-Wpointer-sign]radius.c:664:37: warning: passing 'u_char *' (aka 'unsigned char *') to parameter of type 'const char *' converts between pointers to integer types where one is of the unique plain 'char' type and the other is not [-Wpointer-sign]
                if ((vp->lvalue != 43) || strncmp(vp->strvalue + 1, "S=", 2)) {
                                                  ^~~~~~~~~~~~~~~~
/usr/include/string.h:143:33: note: passing argument to parameter '__s1' here
                                sprintf (hex, "%2.2X", *x_ptr);
                                         ^~~
/usr/include/x86_64-linux-gnu/bits/stdio2.h:43:28: note
: expanded from macro 'sprintf'
  __builtin___sprintf_chk (str, __USE_FORTIFY_LEVEL - 1, __bos (str), \
                           ^~~
avpair.cextern int strncmp (const char *__s1, const char *__s2, size_t __n):200:21: warning: passing 'unsigned char [3]' to parameter of type 'const char *' converts between pointers to integer types where one is of the unique plain 'char' type and the other is not [-Wpointer-sign]
                                strcat (buffer, hex);
                                                ^~~
/usr/include/x86_64-linux-gnu/bits/string_fortified.h:112:64: note: passing argument to parameter '__src' here
__NTH (strcat (char *__restrict __dest, const char *__restrict __src))
                                                               ^

                                ^
radius.c:669:24: warning: passing 'u_char *' (aka 'unsigned char *') to parameter of type 'const char *' converts between pointers to integer types where one is of the unique plain 'char' type and the other is not [-Wpointer-sign]
                    strlcpy(message, vp->strvalue + 1, message_space);
                                     ^~~~~~~~~~~~~~~~
../../pppd.h:545:36: note: passing argument to parameter here
size_t strlcpy(char *, const char *, size_t);   /* safe strcpy */
                                   ^
config.c:528:33: warning: 'memset' call operates on objects of type 'char' while the size is based on a different type 'char *' [-Wsizeof-pointer-memaccess]
                memset (secret, '\0', sizeof (secret));
                        ~~~~~~                ^~~~~~
config.c:528:33: note: did you mean to provide an explicit length?
                memset (secret, '\0', sizeof (secret));
                                              ^~~~~~
avpair.c:603:13: warning: passing 'u_char [254]' to parameter of type 'char *' converts between pointers to integer types where one is of the unique plain 'char' type and the other is not [-Wpointer-sign]
                                strcpy (pair->strvalue, valstr);
                                        ^~~~~~~~~~~~~~
/usr/include/x86_64-linux-gnu/bits/string_fortified.h:73:33: note: passing argument to parameter '__dest' here
__NTH (strcpy (char *__restrict __dest, const char *__restrict __src))
                                ^
avpair.c:728:20: warning: passing 'unsigned char *' to parameter of type 'const char *' converts between pointers to integer types where one is of the unique plain 'char' type and the other is not [-Wpointer-sign]
                                strncat(value, ptr, 1);
                                               ^~~
/usr/include/x86_64-linux-gnu/bits/string_fortified.h:119:65: note: passing argument to parameter '__src' here
__NTH (strncat (char *__restrict __dest, const char *__restrict __src,
                                                                ^
1 warning generated.
cc -g -O2 -ffile-prefix-map=/<<PKGBUILDDIR>>=. -fstack-protector-strong -Wformat -Werror=format-security -Wdate-time -D_FORTIFY_SOURCE=2 -I. -I../.. -I../../../include -fPIC -DRC_LOG_FACILITY=LOG_DAEMON -DCHAPMS=1 -DMPPE=1 -DMAXOCTETS=1 -Wdate-time -D_FORTIFY_SOURCE=2  -c -o dict.o dict.c
1 warning generated.
cc -g -O2 -ffile-prefix-map=/<<PKGBUILDDIR>>=. -fstack-protector-strong -Wformat -Werror=format-security -Wdate-time -D_FORTIFY_SOURCE=2 -I. -I../.. -I../../../include -fPIC -DRC_LOG_FACILITY=LOG_DAEMON -DCHAPMS=1 -DMPPE=1 -DMAXOCTETS=1 -Wdate-time -D_FORTIFY_SOURCE=2  -c -o ip_util.o ip_util.c
5 warnings generated.
cc -g -O2 -ffile-prefix-map=/<<PKGBUILDDIR>>=. -fstack-protector-strong -Wformat -Werror=format-security -Wdate-time -D_FORTIFY_SOURCE=2 -I. -I../.. -I../../../include -fPIC -DRC_LOG_FACILITY=LOG_DAEMON -DCHAPMS=1 -DMPPE=1 -DMAXOCTETS=1 -Wdate-time -D_FORTIFY_SOURCE=2  -c -o clientid.o clientid.c
5 warnings generated.
cc -g -O2 -ffile-prefix-map=/<<PKGBUILDDIR>>=. -fstack-protector-strong -Wformat -Werror=format-security -Wdate-time -D_FORTIFY_SOURCE=2 -I. -I../.. -I../../../include -fPIC -DRC_LOG_FACILITY=LOG_DAEMON -DCHAPMS=1 -DMPPE=1 -DMAXOCTETS=1 -Wdate-time -D_FORTIFY_SOURCE=2  -c -o sendserver.o sendserver.c
cc -g -O2 -ffile-prefix-map=/<<PKGBUILDDIR>>=. -fstack-protector-strong -Wformat -Werror=format-security -Wdate-time -D_FORTIFY_SOURCE=2 -I. -I../.. -I../../../include -fPIC -DRC_LOG_FACILITY=LOG_DAEMON -DCHAPMS=1 -DMPPE=1 -DMAXOCTETS=1 -Wdate-time -D_FORTIFY_SOURCE=2  -c -o lock.o lock.c
cc -g -O2 -ffile-prefix-map=/<<PKGBUILDDIR>>=. -fstack-protector-strong -Wformat -Werror=format-security -Wdate-time -D_FORTIFY_SOURCE=2 -I. -I../.. -I../../../include -fPIC -DRC_LOG_FACILITY=LOG_DAEMON -DCHAPMS=1 -DMPPE=1 -DMAXOCTETS=1 -Wdate-time -D_FORTIFY_SOURCE=2  -c -o util.o util.c
cc -g -O2 -ffile-prefix-map=/<<PKGBUILDDIR>>=. -fstack-protector-strong -Wformat -Werror=format-security -Wdate-time -D_FORTIFY_SOURCE=2 -I. -I../.. -I../../../include -fPIC -DRC_LOG_FACILITY=LOG_DAEMON -DCHAPMS=1 -DMPPE=1 -DMAXOCTETS=1 -Wdate-time -D_FORTIFY_SOURCE=2  -c -o md5.o md5.c
sendserver.c:107:14: warning: assigning to 'unsigned char *' from 'char *' converts between pointers to integer types where one is of the unique plain 'char' type and the other is not [-Wpointer-sign]
                    vector = (char *)auth->vector;
                           ^ ~~~~~~~~~~~~~~~~~~~~
sendserver.c:250:52: warning: passing 'int *' to parameter of type 'socklen_t *' (aka 'unsigned int *') converts between pointers to integer types with different sign [-Wpointer-sign]
                   getsockname (sockfd, (struct sockaddr *) sin, &length) < 0)
                                                                 ^~~~~~~
/usr/include/x86_64-linux-gnu/sys/socket.h:117:26: note: passing argument to parameter '__len' here
                        socklen_t *__restrict __len) __THROW;
                                              ^
sendserver.c:275:24: warning: passing 'char *' to parameter of type 'unsigned char *' converts between pointers to integer types where one is of the unique plain 'char' type and the other is not [-Wpointer-sign]
                rc_md5_calc (vector, (char *) auth, total_length + secretlen);
                                     ^~~~~~~~~~~~~
./radiusclient.h:469:50: note: passing argument to parameter here
void rc_md5_calc(unsigned char *, unsigned char *, unsigned int);
                                                 ^
sendserver.c:331:27: warning: passing 'int *' to parameter of type 'socklen_t *' (aka 'unsigned int *') converts between pointers to integer types with different sign [-Wpointer-sign]
                           (int) 0, &saremote, &salen);
                                               ^~~~~~
/usr/include/x86_64-linux-gnu/bits/socket2.h:65:49: note: passing argument to parameter '__addr_len' here
          __SOCKADDR_ARG __addr, socklen_t *__restrict __addr_len)
                                                       ^
sendserver.c:365:16: warning: passing 'u_char [254]' to parameter of type 'const char *' converts between pointers to integer types where one is of the unique plain 'char' type and the other is not [-Wpointer-sign]
                        strcat(msg, vp->strvalue);
                                    ^~~~~~~~~~~~
/usr/include/x86_64-linux-gnu/bits/string_fortified.h:112:64: note: passing argument to parameter '__src' here
__NTH (strcat (char *__restrict __dest, const char *__restrict __src))
                                                               ^
sendserver.c:431:28: warning: passing 'char *' to parameter of type 'unsigned char *' converts between pointers to integer types where one is of the unique plain 'char' type and the other is not [-Wpointer-sign]
        rc_md5_calc (calc_digest, (char *) auth, totallen + secretlen);
                                  ^~~~~~~~~~~~~
./radiusclient.h:469:50: note: passing argument to parameter here
void rc_md5_calc(unsigned char *, unsigned char *, unsigned int);
                                                 ^
cc -g -O2 -ffile-prefix-map=/<<PKGBUILDDIR>>=. -fstack-protector-strong -Wformat -Werror=format-security -Wdate-time -D_FORTIFY_SOURCE=2 -I. -I../.. -I../../../include -fPIC -DRC_LOG_FACILITY=LOG_DAEMON -DCHAPMS=1 -DMPPE=1 -DMAXOCTETS=1 -Wdate-time -D_FORTIFY_SOURCE=2  -c -o radattr.o radattr.c
cc -g -O2 -ffile-prefix-map=/<<PKGBUILDDIR>>=. -fstack-protector-strong -Wformat -Werror=format-security -Wdate-time -D_FORTIFY_SOURCE=2 -I. -I../.. -I../../../include -fPIC -DRC_LOG_FACILITY=LOG_DAEMON -DCHAPMS=1 -DMPPE=1 -DMAXOCTETS=1 -Wdate-time -D_FORTIFY_SOURCE=2  -c -o radrealms.o radrealms.c
6 warnings generated.
ar rv libradiusclient.a avpair.o buildreq.o config.o dict.o ip_util.o clientid.o sendserver.o lock.o util.o md5.o
cc -Wl,-z,relro -Wl,-z,now -o radattr.so -shared radattr.o
ar: creating libradiusclient.a
a - avpair.o
a - buildreq.o
a - config.o
a - dict.o
a - ip_util.o
a - clientid.o
a - sendserver.o
a - lock.o
a - util.o
a - md5.o
cc -Wl,-z,relro -Wl,-z,now -o radius.so -shared radius.o libradiusclient.a
cc -Wl,-z,relro -Wl,-z,now -o radrealms.so -shared radrealms.o
make[4]: Leaving directory '/<<PKGBUILDDIR>>/pppd/plugins/radius'
make[3]: Leaving directory '/<<PKGBUILDDIR>>/pppd/plugins'
cd pppd; make -w -j4 --jobserver-auth=3,4 all
make[3]: Entering directory '/<<PKGBUILDDIR>>/pppd'
make[3]: warning: -j4 forced in submake: resetting jobserver mode.
clang: error: unsupported option '--print-sysroot'
clang: error: no input files
cc -g -O2 -ffile-prefix-map=/<<PKGBUILDDIR>>=. -fstack-protector-strong -Wformat -Werror=format-security -Wdate-time -D_FORTIFY_SOURCE=2 -DHAVE_PATHS_H -DIPX_CHANGE -DHAVE_MMAP -pipe -I../include '-DDESTDIR="/usr"' -DCHAPMS=1 -DMPPE=1 -DUSE_EAPTLS=1 -DHAS_SHADOW -DHAVE_CRYPT_H=1 -I/usr/include/openssl -DUSE_PAM -DHAVE_MULTILINK -DUSE_TDB=1 -DSYSTEMD=1 -DPLUGIN -DPPP_FILTER -DINET6=1 -DCBCP_SUPPORT -DMAXOCTETS -Wdate-time -D_FORTIFY_SOURCE=2  -c -o main.o main.c
clang: error: unsupported option '--print-sysroot'
clang: error: no input files
clang: error: unsupported option '--print-sysroot'
clang: error: no input files
cc -g -O2 -ffile-prefix-map=/<<PKGBUILDDIR>>=. -fstack-protector-strong -Wformat -Werror=format-security -Wdate-time -D_FORTIFY_SOURCE=2 -DHAVE_PATHS_H -DIPX_CHANGE -DHAVE_MMAP -pipe -I../include '-DDESTDIR="/usr"' -DCHAPMS=1 -DMPPE=1 -DUSE_EAPTLS=1 -DHAS_SHADOW -DHAVE_CRYPT_H=1 -I/usr/include/openssl -DUSE_PAM -DHAVE_MULTILINK -DUSE_TDB=1 -DSYSTEMD=1 -DPLUGIN -DPPP_FILTER -DINET6=1 -DCBCP_SUPPORT -DMAXOCTETS -Wdate-time -D_FORTIFY_SOURCE=2  -c -o magic.o magic.c
clang: error: unsupported option '--print-sysroot'
clang: error: no input files
clang: error: unsupported option '--print-sysroot'
clang: error: no input files
cc -g -O2 -ffile-prefix-map=/<<PKGBUILDDIR>>=. -fstack-protector-strong -Wformat -Werror=format-security -Wdate-time -D_FORTIFY_SOURCE=2 -DHAVE_PATHS_H -DIPX_CHANGE -DHAVE_MMAP -pipe -I../include '-DDESTDIR="/usr"' -DCHAPMS=1 -DMPPE=1 -DUSE_EAPTLS=1 -DHAS_SHADOW -DHAVE_CRYPT_H=1 -I/usr/include/openssl -DUSE_PAM -DHAVE_MULTILINK -DUSE_TDB=1 -DSYSTEMD=1 -DPLUGIN -DPPP_FILTER -DINET6=1 -DCBCP_SUPPORT -DMAXOCTETS -Wdate-time -D_FORTIFY_SOURCE=2  -c -o fsm.o fsm.c
main.c:773:5: warning: ignoring return value of function declared with 'warn_unused_result' attribute [-Wunused-result]
    chdir("/");
    ^~~~~ ~~~
main.c:1413:2: warning: ignoring return value of function declared with 'warn_unused_result' attribute [-Wunused-result]
        write(sigpipe[1], &sig, sizeof(sig));
        ^~~~~ ~~~~~~~~~~~~~~~~~~~~~~~~~~~~~
main.c:1433:2: warning: ignoring return value of function declared with 'warn_unused_result' attribute [-Wunused-result]
        write(sigpipe[1], &sig, sizeof(sig));
        ^~~~~ ~~~~~~~~~~~~~~~~~~~~~~~~~~~~~
main.c:1446:2: warning: ignoring return value of function declared with 'warn_unused_result' attribute [-Wunused-result]
        write(sigpipe[1], &sig, sizeof(sig));
        ^~~~~ ~~~~~~~~~~~~~~~~~~~~~~~~~~~~~
main.c:1479:2: warning: ignoring return value of function declared with 'warn_unused_result' attribute [-Wunused-result]
        write(sigpipe[1], &sig, sizeof(sig));
        ^~~~~ ~~~~~~~~~~~~~~~~~~~~~~~~~~~~~
main.c:1676:5: warning: ignoring return value of function declared with 'warn_unused_result' attribute [-Wunused-result]
    setgid(getgid());
    ^~~~~~ ~~~~~~~~
main.c:1677:5: warning: ignoring return value of function declared with 'warn_unused_result' attribute [-Wunused-result]
    setuid(uid);
    ^~~~~~ ~~~
main.c:1782:5: warning: ignoring return value of function declared with 'warn_unused_result' attribute [-Wunused-result]
    setuid(0);          /* set real UID = root */
    ^~~~~~ ~
main.c:1783:5: warning: ignoring return value of function declared with 'warn_unused_result' attribute [-Wunused-result]
    setgid(getegid());
    ^~~~~~ ~~~~~~~~~
clang: error: unsupported option '--print-sysroot'
clang: error: no input files
clang: error: unsupported option '--print-sysroot'
clang: error: no input files
cc -g -O2 -ffile-prefix-map=/<<PKGBUILDDIR>>=. -fstack-protector-strong -Wformat -Werror=format-security -Wdate-time -D_FORTIFY_SOURCE=2 -DHAVE_PATHS_H -DIPX_CHANGE -DHAVE_MMAP -pipe -I../include '-DDESTDIR="/usr"' -DCHAPMS=1 -DMPPE=1 -DUSE_EAPTLS=1 -DHAS_SHADOW -DHAVE_CRYPT_H=1 -I/usr/include/openssl -DUSE_PAM -DHAVE_MULTILINK -DUSE_TDB=1 -DSYSTEMD=1 -DPLUGIN -DPPP_FILTER -DINET6=1 -DCBCP_SUPPORT -DMAXOCTETS -Wdate-time -D_FORTIFY_SOURCE=2  -c -o lcp.o lcp.c
clang: error: unsupported option '--print-sysroot'
clang: error: no input files
clang: error: unsupported option '--print-sysroot'
clang: error: no input files
cc -g -O2 -ffile-prefix-map=/<<PKGBUILDDIR>>=. -fstack-protector-strong -Wformat -Werror=format-security -Wdate-time -D_FORTIFY_SOURCE=2 -DHAVE_PATHS_H -DIPX_CHANGE -DHAVE_MMAP -pipe -I../include '-DDESTDIR="/usr"' -DCHAPMS=1 -DMPPE=1 -DUSE_EAPTLS=1 -DHAS_SHADOW -DHAVE_CRYPT_H=1 -I/usr/include/openssl -DUSE_PAM -DHAVE_MULTILINK -DUSE_TDB=1 -DSYSTEMD=1 -DPLUGIN -DPPP_FILTER -DINET6=1 -DCBCP_SUPPORT -DMAXOCTETS -Wdate-time -D_FORTIFY_SOURCE=2  -c -o ipcp.o ipcp.c
clang: error: unsupported option '--print-sysroot'
clang: error: no input files
clang: error: unsupported option '--print-sysroot'
clang: error: no input files
cc -g -O2 -ffile-prefix-map=/<<PKGBUILDDIR>>=. -fstack-protector-strong -Wformat -Werror=format-security -Wdate-time -D_FORTIFY_SOURCE=2 -DHAVE_PATHS_H -DIPX_CHANGE -DHAVE_MMAP -pipe -I../include '-DDESTDIR="/usr"' -DCHAPMS=1 -DMPPE=1 -DUSE_EAPTLS=1 -DHAS_SHADOW -DHAVE_CRYPT_H=1 -I/usr/include/openssl -DUSE_PAM -DHAVE_MULTILINK -DUSE_TDB=1 -DSYSTEMD=1 -DPLUGIN -DPPP_FILTER -DINET6=1 -DCBCP_SUPPORT -DMAXOCTETS -Wdate-time -D_FORTIFY_SOURCE=2  -c -o upap.o upap.c
clang: error: unsupported option '--print-sysroot'
clang: error: no input files
clang: error: unsupported option '--print-sysroot'
clang: error: no input files
9 warnings generated.
cc -g -O2 -ffile-prefix-map=/<<PKGBUILDDIR>>=. -fstack-protector-strong -Wformat -Werror=format-security -Wdate-time -D_FORTIFY_SOURCE=2 -DHAVE_PATHS_H -DIPX_CHANGE -DHAVE_MMAP -pipe -I../include '-DDESTDIR="/usr"' -DCHAPMS=1 -DMPPE=1 -DUSE_EAPTLS=1 -DHAS_SHADOW -DHAVE_CRYPT_H=1 -I/usr/include/openssl -DUSE_PAM -DHAVE_MULTILINK -DUSE_TDB=1 -DSYSTEMD=1 -DPLUGIN -DPPP_FILTER -DINET6=1 -DCBCP_SUPPORT -DMAXOCTETS -Wdate-time -D_FORTIFY_SOURCE=2  -c -o chap-new.o chap-new.c
clang: error: unsupported option '--print-sysroot'
clang: error: no input files
clang: error: unsupported option '--print-sysroot'
clang: error: no input files
cc -g -O2 -ffile-prefix-map=/<<PKGBUILDDIR>>=. -fstack-protector-strong -Wformat -Werror=format-security -Wdate-time -D_FORTIFY_SOURCE=2 -DHAVE_PATHS_H -DIPX_CHANGE -DHAVE_MMAP -pipe -I../include '-DDESTDIR="/usr"' -DCHAPMS=1 -DMPPE=1 -DUSE_EAPTLS=1 -DHAS_SHADOW -DHAVE_CRYPT_H=1 -I/usr/include/openssl -DUSE_PAM -DHAVE_MULTILINK -DUSE_TDB=1 -DSYSTEMD=1 -DPLUGIN -DPPP_FILTER -DINET6=1 -DCBCP_SUPPORT -DMAXOCTETS -Wdate-time -D_FORTIFY_SOURCE=2  -c -o ccp.o ccp.c
clang: error: unsupported option '--print-sysroot'
clang: error: no input files
clang: error: unsupported option '--print-sysroot'
clang: error: no input files
cc -g -O2 -ffile-prefix-map=/<<PKGBUILDDIR>>=. -fstack-protector-strong -Wformat -Werror=format-security -Wdate-time -D_FORTIFY_SOURCE=2 -DHAVE_PATHS_H -DIPX_CHANGE -DHAVE_MMAP -pipe -I../include '-DDESTDIR="/usr"' -DCHAPMS=1 -DMPPE=1 -DUSE_EAPTLS=1 -DHAS_SHADOW -DHAVE_CRYPT_H=1 -I/usr/include/openssl -DUSE_PAM -DHAVE_MULTILINK -DUSE_TDB=1 -DSYSTEMD=1 -DPLUGIN -DPPP_FILTER -DINET6=1 -DCBCP_SUPPORT -DMAXOCTETS -Wdate-time -D_FORTIFY_SOURCE=2  -c -o ecp.o ecp.c
clang: error: unsupported option '--print-sysroot'
clang: error: no input files
clang: error: unsupported option '--print-sysroot'
clang: error: no input files
cc -g -O2 -ffile-prefix-map=/<<PKGBUILDDIR>>=. -fstack-protector-strong -Wformat -Werror=format-security -Wdate-time -D_FORTIFY_SOURCE=2 -DHAVE_PATHS_H -DIPX_CHANGE -DHAVE_MMAP -pipe -I../include '-DDESTDIR="/usr"' -DCHAPMS=1 -DMPPE=1 -DUSE_EAPTLS=1 -DHAS_SHADOW -DHAVE_CRYPT_H=1 -I/usr/include/openssl -DUSE_PAM -DHAVE_MULTILINK -DUSE_TDB=1 -DSYSTEMD=1 -DPLUGIN -DPPP_FILTER -DINET6=1 -DCBCP_SUPPORT -DMAXOCTETS -Wdate-time -D_FORTIFY_SOURCE=2  -c -o auth.o auth.c
clang: error: unsupported option '--print-sysroot'
clang: error: no input files
clang: error: unsupported option '--print-sysroot'
clang: error: no input files
cc -g -O2 -ffile-prefix-map=/<<PKGBUILDDIR>>=. -fstack-protector-strong -Wformat -Werror=format-security -Wdate-time -D_FORTIFY_SOURCE=2 -DHAVE_PATHS_H -DIPX_CHANGE -DHAVE_MMAP -pipe -I../include '-DDESTDIR="/usr"' -DCHAPMS=1 -DMPPE=1 -DUSE_EAPTLS=1 -DHAS_SHADOW -DHAVE_CRYPT_H=1 -I/usr/include/openssl -DUSE_PAM -DHAVE_MULTILINK -DUSE_TDB=1 -DSYSTEMD=1 -DPLUGIN -DPPP_FILTER -DINET6=1 -DCBCP_SUPPORT -DMAXOCTETS -Wdate-time -D_FORTIFY_SOURCE=2  -c -o options.o options.c
clang: error: unsupported option '--print-sysroot'
clang: error: no input files
clang: error: unsupported option '--print-sysroot'
clang: error: no input files
cc -g -O2 -ffile-prefix-map=/<<PKGBUILDDIR>>=. -fstack-protector-strong -Wformat -Werror=format-security -Wdate-time -D_FORTIFY_SOURCE=2 -DHAVE_PATHS_H -DIPX_CHANGE -DHAVE_MMAP -pipe -I../include '-DDESTDIR="/usr"' -DCHAPMS=1 -DMPPE=1 -DUSE_EAPTLS=1 -DHAS_SHADOW -DHAVE_CRYPT_H=1 -I/usr/include/openssl -DUSE_PAM -DHAVE_MULTILINK -DUSE_TDB=1 -DSYSTEMD=1 -DPLUGIN -DPPP_FILTER -DINET6=1 -DCBCP_SUPPORT -DMAXOCTETS -Wdate-time -D_FORTIFY_SOURCE=2  -c -o demand.o demand.c
clang: error: unsupported option '--print-sysroot'
clang: error: no input files
clang: error: unsupported option '--print-sysroot'
clang: error: no input files
cc -g -O2 -ffile-prefix-map=/<<PKGBUILDDIR>>=. -fstack-protector-strong -Wformat -Werror=format-security -Wdate-time -D_FORTIFY_SOURCE=2 -DHAVE_PATHS_H -DIPX_CHANGE -DHAVE_MMAP -pipe -I../include '-DDESTDIR="/usr"' -DCHAPMS=1 -DMPPE=1 -DUSE_EAPTLS=1 -DHAS_SHADOW -DHAVE_CRYPT_H=1 -I/usr/include/openssl -DUSE_PAM -DHAVE_MULTILINK -DUSE_TDB=1 -DSYSTEMD=1 -DPLUGIN -DPPP_FILTER -DINET6=1 -DCBCP_SUPPORT -DMAXOCTETS -Wdate-time -D_FORTIFY_SOURCE=2  -c -o utils.o utils.c
clang: error: unsupported option '--print-sysroot'
clang: error: no input files
clang: error: unsupported option '--print-sysroot'
clang: error: no input files
cc -g -O2 -ffile-prefix-map=/<<PKGBUILDDIR>>=. -fstack-protector-strong -Wformat -Werror=format-security -Wdate-time -D_FORTIFY_SOURCE=2 -DHAVE_PATHS_H -DIPX_CHANGE -DHAVE_MMAP -pipe -I../include '-DDESTDIR="/usr"' -DCHAPMS=1 -DMPPE=1 -DUSE_EAPTLS=1 -DHAS_SHADOW -DHAVE_CRYPT_H=1 -I/usr/include/openssl -DUSE_PAM -DHAVE_MULTILINK -DUSE_TDB=1 -DSYSTEMD=1 -DPLUGIN -DPPP_FILTER -DINET6=1 -DCBCP_SUPPORT -DMAXOCTETS -Wdate-time -D_FORTIFY_SOURCE=2  -c -o sys-linux.o sys-linux.c
clang: error: unsupported option '--print-sysroot'
utils.c:885:5: warning: ignoring return value of function declared with 'warn_unused_result' attribute [-Wunused-result]
    write (fd, lock_buffer, 11);
    ^~~~~  ~~~~~~~~~~~~~~~~~~~
clang: error: no input files
utils.c:926:5: warning: ignoring return value of function declared with 'warn_unused_result' attribute [-Wunused-result]
    write (fd, lock_buffer, 11);
    ^~~~~  ~~~~~~~~~~~~~~~~~~~
clang: error: unsupported option '--print-sysroot'
clang: error: no input files
cc -g -O2 -ffile-prefix-map=/<<PKGBUILDDIR>>=. -fstack-protector-strong -Wformat -Werror=format-security -Wdate-time -D_FORTIFY_SOURCE=2 -DHAVE_PATHS_H -DIPX_CHANGE -DHAVE_MMAP -pipe -I../include '-DDESTDIR="/usr"' -DCHAPMS=1 -DMPPE=1 -DUSE_EAPTLS=1 -DHAS_SHADOW -DHAVE_CRYPT_H=1 -I/usr/include/openssl -DUSE_PAM -DHAVE_MULTILINK -DUSE_TDB=1 -DSYSTEMD=1 -DPLUGIN -DPPP_FILTER -DINET6=1 -DCBCP_SUPPORT -DMAXOCTETS -Wdate-time -D_FORTIFY_SOURCE=2  -c -o ipxcp.o ipxcp.c
sys-linux.c:2510:10: warning: incompatible pointer types passing 'int32_t *' (aka 'int *') to parameter of type 'time_t *' (aka 'long *') [-Wincompatible-pointer-types]
    time(&ut.ut_time);
         ^~~~~~~~~~~
/usr/include/time.h:75:29: note: passing argument to parameter '__timer' here
extern time_t time (time_t *__timer) __THROW;
                            ^
sys-linux.c:3103:7: warning: ignoring return value of function declared with 'warn_unused_result' attribute [-Wunused-result]
                    fchown(sfd, uid, -1);
                    ^~~~~~ ~~~~~~~~~~~~
clang: error: unsupported option '--print-sysroot'
clang: error: no input files
clang2 warnings generated.
: error: unsupported option '--print-sysroot'
clang: error: no input files
cc -g -O2 -ffile-prefix-map=/<<PKGBUILDDIR>>=. -fstack-protector-strong -Wformat -Werror=format-security -Wdate-time -D_FORTIFY_SOURCE=2 -DHAVE_PATHS_H -DIPX_CHANGE -DHAVE_MMAP -pipe -I../include '-DDESTDIR="/usr"' -DCHAPMS=1 -DMPPE=1 -DUSE_EAPTLS=1 -DHAS_SHADOW -DHAVE_CRYPT_H=1 -I/usr/include/openssl -DUSE_PAM -DHAVE_MULTILINK -DUSE_TDB=1 -DSYSTEMD=1 -DPLUGIN -DPPP_FILTER -DINET6=1 -DCBCP_SUPPORT -DMAXOCTETS -Wdate-time -D_FORTIFY_SOURCE=2  -c -o tty.o tty.c
clang: error: unsupported option '--print-sysroot'
clang: error: no input files
clang: error: unsupported option '--print-sysroot'
clang: error: no input files
tty.c:922:2: warning: ignoring return value of function declared with 'warn_unused_result' attribute [-Wunused-result]
        setgid(getgid());
        ^~~~~~ ~~~~~~~~
tty.c:923:2: warning: ignoring return value of function declared with 'warn_unused_result' attribute [-Wunused-result]
        setuid(uid);
        ^~~~~~ ~~~
cc -g -O2 -ffile-prefix-map=/<<PKGBUILDDIR>>=. -fstack-protector-strong -Wformat -Werror=format-security -Wdate-time -D_FORTIFY_SOURCE=2 -DHAVE_PATHS_H -DIPX_CHANGE -DHAVE_MMAP -pipe -I../include '-DDESTDIR="/usr"' -DCHAPMS=1 -DMPPE=1 -DUSE_EAPTLS=1 -DHAS_SHADOW -DHAVE_CRYPT_H=1 -I/usr/include/openssl -DUSE_PAM -DHAVE_MULTILINK -DUSE_TDB=1 -DSYSTEMD=1 -DPLUGIN -DPPP_FILTER -DINET6=1 -DCBCP_SUPPORT -DMAXOCTETS -Wdate-time -D_FORTIFY_SOURCE=2  -c -o eap.o eap.c
clang: error: unsupported option '--print-sysroot'
clang: error: no input files
clang: error: unsupported option '--print-sysroot'
clang: error: no input files
cc -g -O2 -ffile-prefix-map=/<<PKGBUILDDIR>>=. -fstack-protector-strong -Wformat -Werror=format-security -Wdate-time -D_FORTIFY_SOURCE=2 -DHAVE_PATHS_H -DIPX_CHANGE -DHAVE_MMAP -pipe -I../include '-DDESTDIR="/usr"' -DCHAPMS=1 -DMPPE=1 -DUSE_EAPTLS=1 -DHAS_SHADOW -DHAVE_CRYPT_H=1 -I/usr/include/openssl -DUSE_PAM -DHAVE_MULTILINK -DUSE_TDB=1 -DSYSTEMD=1 -DPLUGIN -DPPP_FILTER -DINET6=1 -DCBCP_SUPPORT -DMAXOCTETS -Wdate-time -D_FORTIFY_SOURCE=2  -c -o chap-md5.o chap-md5.c
2 warnings generated.
clang: error: unsupported option '--print-sysroot'
clang: error: no input files
clang: error: unsupported option '--print-sysroot'
clang: error: no input files
cc -g -O2 -ffile-prefix-map=/<<PKGBUILDDIR>>=. -fstack-protector-strong -Wformat -Werror=format-security -Wdate-time -D_FORTIFY_SOURCE=2 -DHAVE_PATHS_H -DIPX_CHANGE -DHAVE_MMAP -pipe -I../include '-DDESTDIR="/usr"' -DCHAPMS=1 -DMPPE=1 -DUSE_EAPTLS=1 -DHAS_SHADOW -DHAVE_CRYPT_H=1 -I/usr/include/openssl -DUSE_PAM -DHAVE_MULTILINK -DUSE_TDB=1 -DSYSTEMD=1 -DPLUGIN -DPPP_FILTER -DINET6=1 -DCBCP_SUPPORT -DMAXOCTETS -Wdate-time -D_FORTIFY_SOURCE=2  -c -o session.o session.c
clang: error: unsupported option '--print-sysroot'
clang: error: no input files
clang: error: unsupported option '--print-sysroot'
clang: error: no input files
cc -g -O2 -ffile-prefix-map=/<<PKGBUILDDIR>>=. -fstack-protector-strong -Wformat -Werror=format-security -Wdate-time -D_FORTIFY_SOURCE=2 -DHAVE_PATHS_H -DIPX_CHANGE -DHAVE_MMAP -pipe -I../include '-DDESTDIR="/usr"' -DCHAPMS=1 -DMPPE=1 -DUSE_EAPTLS=1 -DHAS_SHADOW -DHAVE_CRYPT_H=1 -I/usr/include/openssl -DUSE_PAM -DHAVE_MULTILINK -DUSE_TDB=1 -DSYSTEMD=1 -DPLUGIN -DPPP_FILTER -DINET6=1 -DCBCP_SUPPORT -DMAXOCTETS -Wdate-time -D_FORTIFY_SOURCE=2  -c -o chap_ms.o chap_ms.c
clang: error: unsupported option '--print-sysroot'
clang: error: no input files
2 warnings generated.
clang: error: unsupported option '--print-sysroot'
clang: error: no input files
cc -g -O2 -ffile-prefix-map=/<<PKGBUILDDIR>>=. -fstack-protector-strong -Wformat -Werror=format-security -Wdate-time -D_FORTIFY_SOURCE=2 -DHAVE_PATHS_H -DIPX_CHANGE -DHAVE_MMAP -pipe -I../include '-DDESTDIR="/usr"' -DCHAPMS=1 -DMPPE=1 -DUSE_EAPTLS=1 -DHAS_SHADOW -DHAVE_CRYPT_H=1 -I/usr/include/openssl -DUSE_PAM -DHAVE_MULTILINK -DUSE_TDB=1 -DSYSTEMD=1 -DPLUGIN -DPPP_FILTER -DINET6=1 -DCBCP_SUPPORT -DMAXOCTETS -Wdate-time -D_FORTIFY_SOURCE=2  -c -o eap-tls.o eap-tls.c
clang: error: unsupported option '--print-sysroot'
clang: error: no input files
clang: error: unsupported option '--print-sysroot'
clang: error: no input files
cc -g -O2 -ffile-prefix-map=/<<PKGBUILDDIR>>=. -fstack-protector-strong -Wformat -Werror=format-security -Wdate-time -D_FORTIFY_SOURCE=2 -DHAVE_PATHS_H -DIPX_CHANGE -DHAVE_MMAP -pipe -I../include '-DDESTDIR="/usr"' -DCHAPMS=1 -DMPPE=1 -DUSE_EAPTLS=1 -DHAS_SHADOW -DHAVE_CRYPT_H=1 -I/usr/include/openssl -DUSE_PAM -DHAVE_MULTILINK -DUSE_TDB=1 -DSYSTEMD=1 -DPLUGIN -DPPP_FILTER -DINET6=1 -DCBCP_SUPPORT -DMAXOCTETS -Wdate-time -D_FORTIFY_SOURCE=2  -c -o pppcrypt.o pppcrypt.c
clang: error: unsupported option '--print-sysroot'
clang: error: no input files
clang: error: unsupported option '--print-sysroot'
clang: error: no input files
cc -g -O2 -ffile-prefix-map=/<<PKGBUILDDIR>>=. -fstack-protector-strong -Wformat -Werror=format-security -Wdate-time -D_FORTIFY_SOURCE=2 -DHAVE_PATHS_H -DIPX_CHANGE -DHAVE_MMAP -pipe -I../include '-DDESTDIR="/usr"' -DCHAPMS=1 -DMPPE=1 -DUSE_EAPTLS=1 -DHAS_SHADOW -DHAVE_CRYPT_H=1 -I/usr/include/openssl -DUSE_PAM -DHAVE_MULTILINK -DUSE_TDB=1 -DSYSTEMD=1 -DPLUGIN -DPPP_FILTER -DINET6=1 -DCBCP_SUPPORT -DMAXOCTETS -Wdate-time -D_FORTIFY_SOURCE=2  -c -o multilink.o multilink.c
clang: error: unsupported option '--print-sysroot'
clang: error: no input files
clang: error: unsupported option '--print-sysroot'
clang: error: no input files
eap-tls.c:520:13: error: function definition is not allowed here
            {
            ^
eap-tls.c:525:31: error: function definition is not allowed here
            int stub (UI* ui) {return 1;};
                              ^
eap-tls.c:526:54: error: function definition is not allowed here
            int stub_reader (UI *ui, UI_STRING *uis) {return 1;};
                                                     ^
cc -g -O2 -ffile-prefix-map=/<<PKGBUILDDIR>>=. -fstack-protector-strong -Wformat -Werror=format-security -Wdate-time -D_FORTIFY_SOURCE=2 -DHAVE_PATHS_H -DIPX_CHANGE -DHAVE_MMAP -pipe -I../include '-DDESTDIR="/usr"' -DCHAPMS=1 -DMPPE=1 -DUSE_EAPTLS=1 -DHAS_SHADOW -DHAVE_CRYPT_H=1 -I/usr/include/openssl -DUSE_PAM -DHAVE_MULTILINK -DUSE_TDB=1 -DSYSTEMD=1 -DPLUGIN -DPPP_FILTER -DINET6=1 -DCBCP_SUPPORT -DMAXOCTETS -Wdate-time -D_FORTIFY_SOURCE=2  -c -o tdb.o tdb.c
eap-tls.c:528:49: error: use of undeclared identifier 'writer'; did you mean 'write'?
            UI_method_set_writer(transfer_pin,  writer);
                                                ^~~~~~
                                                write
/usr/include/unistd.h:367:16: note: 'write' declared here
extern ssize_t write (int __fd, const void *__buf, size_t __n) __wur
               ^
eap-tls.c:529:49: error: use of undeclared identifier 'stub'; did you mean 'stat'?
            UI_method_set_opener(transfer_pin,  stub);
                                                ^~~~
                                                stat
/usr/include/x86_64-linux-gnu/sys/stat.h:453:8: note: 'stat' declared here
__NTH (stat (const char *__path, struct stat *__statbuf))
       ^
eap-tls.c:530:49: error: use of undeclared identifier 'stub'; did you mean 'stat'?
            UI_method_set_closer(transfer_pin,  stub);
                                                ^~~~
                                                stat
/usr/include/x86_64-linux-gnu/sys/stat.h:453:8: note: 'stat' declared here
__NTH (stat (const char *__path, struct stat *__statbuf))
       ^
eap-tls.c:531:49: error: use of undeclared identifier 'stub'; did you mean 'stat'?
            UI_method_set_flusher(transfer_pin, stub);
                                                ^~~~
                                                stat
/usr/include/x86_64-linux-gnu/sys/stat.h:453:8: note: 'stat' declared here
__NTH (stat (const char *__path, struct stat *__statbuf))
       ^
eap-tls.c:532:49: error: use of undeclared identifier 'stub_reader'
            UI_method_set_reader(transfer_pin,  stub_reader);
                                                ^
8 errors generated.
clang: error: unsupported option '--print-sysroot'
clang: error: no input files
make[3]: *** [<builtin>: eap-tls.o] Error 1
make[3]: *** Waiting for unfinished jobs....
make[3]: Leaving directory '/<<PKGBUILDDIR>>/pppd'
make[2]: *** [Makefile:15: all] Error 2
make[2]: Leaving directory '/<<PKGBUILDDIR>>'
dh_auto_build: error: make -j4 "COPTS=-g -O2 -ffile-prefix-map=/<<PKGBUILDDIR>>=. -fstack-protector-strong -Wformat -Werror=format-security -Wdate-time -D_FORTIFY_SOURCE=2" returned exit code 2
make[1]: *** [debian/rules:81: override_dh_auto_build-arch] Error 25
make[1]: Leaving directory '/<<PKGBUILDDIR>>'
make: *** [debian/rules:35: build] Error 2
dpkg-buildpackage: error: debian/rules build subprocess returned exit status 2
--------------------------------------------------------------------------------
Build finished at 2021-10-26T23:18:17Z

Finished
--------


+------------------------------------------------------------------------------+
| Cleanup                                                                      |
+------------------------------------------------------------------------------+

Purging /<<BUILDDIR>>
Not cleaning session: cloned chroot in use
E: Build failure (dpkg-buildpackage died)

+------------------------------------------------------------------------------+
| Summary                                                                      |
+------------------------------------------------------------------------------+

Build Architecture: amd64
Build Type: binary
Build-Space: 7936
Build-Time: 7
Distribution: unstable
Fail-Stage: build
Host Architecture: amd64
Install-Time: 5
Job: ppp_2.4.9-1+1
Machine Architecture: amd64
Package: ppp
Package-Time: 33
Source-Version: 2.4.9-1+1
Space: 7936
Status: attempted
Version: 2.4.9-1+1
--------------------------------------------------------------------------------
Finished at 2021-10-26T23:18:17Z
Build needed 00:00:33, 7936k disk space
E: Build failure (dpkg-buildpackage died)
DC-Status: Failed 34.92050615s
