DC-Build-Header: ruby-thrift 0.14.0-2 / 2021-10-26 23:14:47 +0000
DC-Task: type:rebuild-binarch-only source:ruby-thrift version:0.14.0-2 chroot:unstable esttime:53 logfile:/tmp/ruby-thrift_0.14.0-2_unstable_clang12.log modes:clang12:binarch-only
DC-Sbuild-call: su user42 -c 'sbuild -n --arch-any --apt-update -d unstable -v --no-run-lintian --chroot-setup-commands=/tmp/clang12 ruby-thrift_0.14.0-2'
sbuild (Debian sbuild) 0.78.1 (09 February 2019) on ip-172-31-14-214.eu-central-1.compute.internal

+==============================================================================+
| ruby-thrift 0.14.0-2 (amd64)                 Tue, 26 Oct 2021 23:14:47 +0000 |
+==============================================================================+

Package: ruby-thrift
Version: 0.14.0-2
Source Version: 0.14.0-2
Distribution: unstable
Machine Architecture: amd64
Host Architecture: amd64
Build Architecture: amd64
Build Type: binary

I: NOTICE: Log filtering will replace 'var/run/schroot/mount/sid-amd64-sbuild-ff429292-97d9-46df-93cf-eb987748a650' with '<<CHROOT>>'

+------------------------------------------------------------------------------+
| Chroot Setup Commands                                                        |
+------------------------------------------------------------------------------+


/tmp/clang12
------------

+ echo 'Entering customization script...'
Entering customization script...
+ CLANG_VERSION=12
+ echo 'Install of clang-12'
Install of clang-12
+ apt-get update
Get:1 http://127.0.0.1:12990/debian sid InRelease [165 kB]
Get:2 http://127.0.0.1:12990/debian sid/main Sources.diff/Index [63.6 kB]
Get:3 http://127.0.0.1:12990/debian sid/main amd64 Packages.diff/Index [63.6 kB]
Get:4 http://127.0.0.1:12990/debian sid/main Sources T-2021-10-26-2004.40-F-2021-10-26-0202.15.pdiff [47.3 kB]
Get:4 http://127.0.0.1:12990/debian sid/main Sources T-2021-10-26-2004.40-F-2021-10-26-0202.15.pdiff [47.3 kB]
Get:5 http://127.0.0.1:12990/debian sid/main amd64 Packages T-2021-10-26-2004.40-F-2021-10-26-0202.15.pdiff [55.9 kB]
Get:5 http://127.0.0.1:12990/debian sid/main amd64 Packages T-2021-10-26-2004.40-F-2021-10-26-0202.15.pdiff [55.9 kB]
Get:6 http://127.0.0.1:12990/debian sid/main Translation-en [6586 kB]
Fetched 6981 kB in 2s (2801 kB/s)
Reading package lists...
+ apt-get install --yes --no-install-recommends --force-yes clang-12 libomp-12-dev libobjc-9-dev
Reading package lists...
Building dependency tree...
The following additional packages will be installed:
  lib32gcc-s1 lib32stdc++6 libasan5 libbsd0 libc6-i386 libclang-common-12-dev
  libclang-cpp12 libclang1-12 libedit2 libelf1 libgc1 libgcc-9-dev libicu67
  libllvm12 libmd0 libobjc-11-dev libobjc4 libomp5-12 libunwind-12 libxml2
  libz3-4 llvm-12-linker-tools
Suggested packages:
  clang-12-doc libomp-12-doc
Recommended packages:
  llvm-12-dev python3
The following NEW packages will be installed:
  clang-12 lib32gcc-s1 lib32stdc++6 libasan5 libbsd0 libc6-i386
  libclang-common-12-dev libclang-cpp12 libclang1-12 libedit2 libelf1 libgc1
  libgcc-9-dev libicu67 libllvm12 libmd0 libobjc-11-dev libobjc-9-dev libobjc4
  libomp-12-dev libomp5-12 libunwind-12 libxml2 libz3-4 llvm-12-linker-tools
0 upgraded, 25 newly installed, 0 to remove and 0 not upgraded.
Need to get 67.6 MB of archives.
After this operation, 349 MB of additional disk space will be used.
Get:1 http://127.0.0.1:12990/debian sid/main amd64 libmd0 amd64 1.0.4-1 [29.6 kB]
Get:2 http://127.0.0.1:12990/debian sid/main amd64 libbsd0 amd64 0.11.3-1 [108 kB]
Get:3 http://127.0.0.1:12990/debian sid/main amd64 libedit2 amd64 3.1-20210910-1 [97.5 kB]
Get:4 http://127.0.0.1:12990/debian sid/main amd64 libicu67 amd64 67.1-7 [8622 kB]
Get:5 http://127.0.0.1:12990/debian sid/main amd64 libxml2 amd64 2.9.12+dfsg-5 [696 kB]
Get:6 http://127.0.0.1:12990/debian sid/main amd64 libz3-4 amd64 4.8.12-1+b1 [6997 kB]
Get:7 http://127.0.0.1:12990/debian sid/main amd64 libllvm12 amd64 1:12.0.1-15 [19.4 MB]
Get:8 http://127.0.0.1:12990/debian sid/main amd64 libclang-cpp12 amd64 1:12.0.1-15 [9996 kB]
Get:9 http://127.0.0.1:12990/debian sid/main amd64 libgc1 amd64 1:8.0.4-3 [239 kB]
Get:10 http://127.0.0.1:12990/debian sid/main amd64 libobjc4 amd64 11.2.0-10 [43.2 kB]
Get:11 http://127.0.0.1:12990/debian sid/main amd64 libobjc-11-dev amd64 11.2.0-10 [170 kB]
Get:12 http://127.0.0.1:12990/debian sid/main amd64 libc6-i386 amd64 2.32-4 [2624 kB]
Get:13 http://127.0.0.1:12990/debian sid/main amd64 lib32gcc-s1 amd64 11.2.0-10 [49.9 kB]
Get:14 http://127.0.0.1:12990/debian sid/main amd64 lib32stdc++6 amd64 11.2.0-10 [601 kB]
Get:15 http://127.0.0.1:12990/debian sid/main amd64 libclang-common-12-dev amd64 1:12.0.1-15 [4819 kB]
Get:16 http://127.0.0.1:12990/debian sid/main amd64 llvm-12-linker-tools amd64 1:12.0.1-15 [1222 kB]
Get:17 http://127.0.0.1:12990/debian sid/main amd64 libclang1-12 amd64 1:12.0.1-15 [5644 kB]
Get:18 http://127.0.0.1:12990/debian sid/main amd64 clang-12 amd64 1:12.0.1-15 [117 kB]
Get:19 http://127.0.0.1:12990/debian sid/main amd64 libasan5 amd64 9.4.0-3 [2734 kB]
Get:20 http://127.0.0.1:12990/debian sid/main amd64 libelf1 amd64 0.185-2 [172 kB]
Get:21 http://127.0.0.1:12990/debian sid/main amd64 libgcc-9-dev amd64 9.4.0-3 [2343 kB]
Get:22 http://127.0.0.1:12990/debian sid/main amd64 libobjc-9-dev amd64 9.4.0-3 [219 kB]
Get:23 http://127.0.0.1:12990/debian sid/main amd64 libunwind-12 amd64 1:12.0.1-15 [63.9 kB]
Get:24 http://127.0.0.1:12990/debian sid/main amd64 libomp5-12 amd64 1:12.0.1-15 [405 kB]
Get:25 http://127.0.0.1:12990/debian sid/main amd64 libomp-12-dev amd64 1:12.0.1-15 [104 kB]
debconf: delaying package configuration, since apt-utils is not installed
Fetched 67.6 MB in 0s (156 MB/s)
Selecting previously unselected package libmd0:amd64.
(Reading database ... (Reading database ... 5%(Reading database ... 10%(Reading database ... 15%(Reading database ... 20%(Reading database ... 25%(Reading database ... 30%(Reading database ... 35%(Reading database ... 40%(Reading database ... 45%(Reading database ... 50%(Reading database ... 55%(Reading database ... 60%(Reading database ... 65%(Reading database ... 70%(Reading database ... 75%(Reading database ... 80%(Reading database ... 85%(Reading database ... 90%(Reading database ... 95%(Reading database ... 100%(Reading database ... 12431 files and directories currently installed.)
Preparing to unpack .../00-libmd0_1.0.4-1_amd64.deb ...
Unpacking libmd0:amd64 (1.0.4-1) ...
Selecting previously unselected package libbsd0:amd64.
Preparing to unpack .../01-libbsd0_0.11.3-1_amd64.deb ...
Unpacking libbsd0:amd64 (0.11.3-1) ...
Selecting previously unselected package libedit2:amd64.
Preparing to unpack .../02-libedit2_3.1-20210910-1_amd64.deb ...
Unpacking libedit2:amd64 (3.1-20210910-1) ...
Selecting previously unselected package libicu67:amd64.
Preparing to unpack .../03-libicu67_67.1-7_amd64.deb ...
Unpacking libicu67:amd64 (67.1-7) ...
Selecting previously unselected package libxml2:amd64.
Preparing to unpack .../04-libxml2_2.9.12+dfsg-5_amd64.deb ...
Unpacking libxml2:amd64 (2.9.12+dfsg-5) ...
Selecting previously unselected package libz3-4:amd64.
Preparing to unpack .../05-libz3-4_4.8.12-1+b1_amd64.deb ...
Unpacking libz3-4:amd64 (4.8.12-1+b1) ...
Selecting previously unselected package libllvm12:amd64.
Preparing to unpack .../06-libllvm12_1%3a12.0.1-15_amd64.deb ...
Unpacking libllvm12:amd64 (1:12.0.1-15) ...
Selecting previously unselected package libclang-cpp12.
Preparing to unpack .../07-libclang-cpp12_1%3a12.0.1-15_amd64.deb ...
Unpacking libclang-cpp12 (1:12.0.1-15) ...
Selecting previously unselected package libgc1:amd64.
Preparing to unpack .../08-libgc1_1%3a8.0.4-3_amd64.deb ...
Unpacking libgc1:amd64 (1:8.0.4-3) ...
Selecting previously unselected package libobjc4:amd64.
Preparing to unpack .../09-libobjc4_11.2.0-10_amd64.deb ...
Unpacking libobjc4:amd64 (11.2.0-10) ...
Selecting previously unselected package libobjc-11-dev:amd64.
Preparing to unpack .../10-libobjc-11-dev_11.2.0-10_amd64.deb ...
Unpacking libobjc-11-dev:amd64 (11.2.0-10) ...
Selecting previously unselected package libc6-i386.
Preparing to unpack .../11-libc6-i386_2.32-4_amd64.deb ...
Unpacking libc6-i386 (2.32-4) ...
Selecting previously unselected package lib32gcc-s1.
Preparing to unpack .../12-lib32gcc-s1_11.2.0-10_amd64.deb ...
Unpacking lib32gcc-s1 (11.2.0-10) ...
Selecting previously unselected package lib32stdc++6.
Preparing to unpack .../13-lib32stdc++6_11.2.0-10_amd64.deb ...
Unpacking lib32stdc++6 (11.2.0-10) ...
Selecting previously unselected package libclang-common-12-dev.
Preparing to unpack .../14-libclang-common-12-dev_1%3a12.0.1-15_amd64.deb ...
Unpacking libclang-common-12-dev (1:12.0.1-15) ...
Selecting previously unselected package llvm-12-linker-tools.
Preparing to unpack .../15-llvm-12-linker-tools_1%3a12.0.1-15_amd64.deb ...
Unpacking llvm-12-linker-tools (1:12.0.1-15) ...
Selecting previously unselected package libclang1-12.
Preparing to unpack .../16-libclang1-12_1%3a12.0.1-15_amd64.deb ...
Unpacking libclang1-12 (1:12.0.1-15) ...
Selecting previously unselected package clang-12.
Preparing to unpack .../17-clang-12_1%3a12.0.1-15_amd64.deb ...
Unpacking clang-12 (1:12.0.1-15) ...
Selecting previously unselected package libasan5:amd64.
Preparing to unpack .../18-libasan5_9.4.0-3_amd64.deb ...
Unpacking libasan5:amd64 (9.4.0-3) ...
Selecting previously unselected package libelf1:amd64.
Preparing to unpack .../19-libelf1_0.185-2_amd64.deb ...
Unpacking libelf1:amd64 (0.185-2) ...
Selecting previously unselected package libgcc-9-dev:amd64.
Preparing to unpack .../20-libgcc-9-dev_9.4.0-3_amd64.deb ...
Unpacking libgcc-9-dev:amd64 (9.4.0-3) ...
Selecting previously unselected package libobjc-9-dev:amd64.
Preparing to unpack .../21-libobjc-9-dev_9.4.0-3_amd64.deb ...
Unpacking libobjc-9-dev:amd64 (9.4.0-3) ...
Selecting previously unselected package libunwind-12:amd64.
Preparing to unpack .../22-libunwind-12_1%3a12.0.1-15_amd64.deb ...
Unpacking libunwind-12:amd64 (1:12.0.1-15) ...
Selecting previously unselected package libomp5-12:amd64.
Preparing to unpack .../23-libomp5-12_1%3a12.0.1-15_amd64.deb ...
Unpacking libomp5-12:amd64 (1:12.0.1-15) ...
Selecting previously unselected package libomp-12-dev.
Preparing to unpack .../24-libomp-12-dev_1%3a12.0.1-15_amd64.deb ...
Unpacking libomp-12-dev (1:12.0.1-15) ...
Setting up libicu67:amd64 (67.1-7) ...
Setting up libasan5:amd64 (9.4.0-3) ...
Setting up libz3-4:amd64 (4.8.12-1+b1) ...
Setting up libunwind-12:amd64 (1:12.0.1-15) ...
Setting up libgc1:amd64 (1:8.0.4-3) ...
Setting up libmd0:amd64 (1.0.4-1) ...
Setting up libc6-i386 (2.32-4) ...
Setting up libbsd0:amd64 (0.11.3-1) ...
Setting up libelf1:amd64 (0.185-2) ...
Setting up libxml2:amd64 (2.9.12+dfsg-5) ...
Setting up libedit2:amd64 (3.1-20210910-1) ...
Setting up libobjc4:amd64 (11.2.0-10) ...
Setting up libgcc-9-dev:amd64 (9.4.0-3) ...
Setting up lib32gcc-s1 (11.2.0-10) ...
Setting up lib32stdc++6 (11.2.0-10) ...
Setting up libllvm12:amd64 (1:12.0.1-15) ...
Setting up libobjc-9-dev:amd64 (9.4.0-3) ...
Setting up libclang-common-12-dev (1:12.0.1-15) ...
Setting up libomp5-12:amd64 (1:12.0.1-15) ...
Setting up libobjc-11-dev:amd64 (11.2.0-10) ...
Setting up llvm-12-linker-tools (1:12.0.1-15) ...
Setting up libclang1-12 (1:12.0.1-15) ...
Setting up libclang-cpp12 (1:12.0.1-15) ...
Setting up libomp-12-dev (1:12.0.1-15) ...
Setting up clang-12 (1:12.0.1-15) ...
Processing triggers for libc-bin (2.32-4) ...
W: --force-yes is deprecated, use one of the options starting with --allow instead.
+ echo 'Replace gcc, g++ & cpp by clang'
Replace gcc, g++ & cpp by clang
+ VERSIONS='4.6 4.7 4.8 4.9 5 6 7 8 9 10 11'
+ cd /usr/bin
+ for VERSION in $VERSIONS
+ rm -f g++-4.6 gcc-4.6 cpp-4.6 gcc
+ ln -s clang++-12 g++-4.6
+ ln -s clang-12 gcc-4.6
+ ln -s clang-12 cpp-4.6
+ ln -s clang-12 gcc
+ echo 'gcc-4.6 hold'
+ dpkg --set-selections
dpkg: warning: package not in status nor available database at line 1: gcc-4.6
dpkg: warning: found unknown packages; this might mean the available database
is outdated, and needs to be updated through a frontend method;
please see the FAQ <https://wiki.debian.org/Teams/Dpkg/FAQ>
+ echo 'g++-4.6 hold'
+ dpkg --set-selections
dpkg: warning: package not in status nor available database at line 1: g++-4.6
dpkg: warning: found unknown packages; this might mean the available database
is outdated, and needs to be updated through a frontend method;
please see the FAQ <https://wiki.debian.org/Teams/Dpkg/FAQ>
+ for VERSION in $VERSIONS
+ rm -f g++-4.7 gcc-4.7 cpp-4.7 gcc
+ ln -s clang++-12 g++-4.7
+ ln -s clang-12 gcc-4.7
+ ln -s clang-12 cpp-4.7
+ ln -s clang-12 gcc
+ echo 'gcc-4.7 hold'
+ dpkg --set-selections
dpkg: warning: package not in status nor available database at line 1: gcc-4.7
dpkg: warning: found unknown packages; this might mean the available database
is outdated, and needs to be updated through a frontend method;
please see the FAQ <https://wiki.debian.org/Teams/Dpkg/FAQ>
+ echo 'g++-4.7 hold'
+ dpkg --set-selections
dpkg: warning: package not in status nor available database at line 1: g++-4.7
dpkg: warning: found unknown packages; this might mean the available database
is outdated, and needs to be updated through a frontend method;
please see the FAQ <https://wiki.debian.org/Teams/Dpkg/FAQ>
+ for VERSION in $VERSIONS
+ rm -f g++-4.8 gcc-4.8 cpp-4.8 gcc
+ ln -s clang++-12 g++-4.8
+ ln -s clang-12 gcc-4.8
+ ln -s clang-12 cpp-4.8
+ ln -s clang-12 gcc
+ echo 'gcc-4.8 hold'
+ dpkg --set-selections
dpkg: warning: package not in status nor available database at line 1: gcc-4.8
dpkg: warning: found unknown packages; this might mean the available database
is outdated, and needs to be updated through a frontend method;
please see the FAQ <https://wiki.debian.org/Teams/Dpkg/FAQ>
+ echo 'g++-4.8 hold'
+ dpkg --set-selections
dpkg: warning: package not in status nor available database at line 1: g++-4.8
dpkg: warning: found unknown packages; this might mean the available database
is outdated, and needs to be updated through a frontend method;
please see the FAQ <https://wiki.debian.org/Teams/Dpkg/FAQ>
+ for VERSION in $VERSIONS
+ rm -f g++-4.9 gcc-4.9 cpp-4.9 gcc
+ ln -s clang++-12 g++-4.9
+ ln -s clang-12 gcc-4.9
+ ln -s clang-12 cpp-4.9
+ ln -s clang-12 gcc
+ echo 'gcc-4.9 hold'
+ dpkg --set-selections
dpkg: warning: package not in status nor available database at line 1: gcc-4.9
dpkg: warning: found unknown packages; this might mean the available database
is outdated, and needs to be updated through a frontend method;
please see the FAQ <https://wiki.debian.org/Teams/Dpkg/FAQ>
+ echo 'g++-4.9 hold'
+ dpkg --set-selections
dpkg: warning: package not in status nor available database at line 1: g++-4.9
dpkg: warning: found unknown packages; this might mean the available database
is outdated, and needs to be updated through a frontend method;
please see the FAQ <https://wiki.debian.org/Teams/Dpkg/FAQ>
+ for VERSION in $VERSIONS
+ rm -f g++-5 gcc-5 cpp-5 gcc
+ ln -s clang++-12 g++-5
+ ln -s clang-12 gcc-5
+ ln -s clang-12 cpp-5
+ ln -s clang-12 gcc
+ echo 'gcc-5 hold'
+ dpkg --set-selections
dpkg: warning: package not in status nor available database at line 1: gcc-5
dpkg: warning: found unknown packages; this might mean the available database
is outdated, and needs to be updated through a frontend method;
please see the FAQ <https://wiki.debian.org/Teams/Dpkg/FAQ>
+ echo 'g++-5 hold'
+ dpkg --set-selections
dpkg: warning: package not in status nor available database at line 1: g++-5
dpkg: warning: found unknown packages; this might mean the available database
is outdated, and needs to be updated through a frontend method;
please see the FAQ <https://wiki.debian.org/Teams/Dpkg/FAQ>
+ for VERSION in $VERSIONS
+ rm -f g++-6 gcc-6 cpp-6 gcc
+ ln -s clang++-12 g++-6
+ ln -s clang-12 gcc-6
+ ln -s clang-12 cpp-6
+ ln -s clang-12 gcc
+ echo 'gcc-6 hold'
+ dpkg --set-selections
dpkg: warning: package not in status nor available database at line 1: gcc-6
dpkg: warning: found unknown packages; this might mean the available database
is outdated, and needs to be updated through a frontend method;
please see the FAQ <https://wiki.debian.org/Teams/Dpkg/FAQ>
+ echo 'g++-6 hold'
+ dpkg --set-selections
dpkg: warning: package not in status nor available database at line 1: g++-6
dpkg: warning: found unknown packages; this might mean the available database
is outdated, and needs to be updated through a frontend method;
please see the FAQ <https://wiki.debian.org/Teams/Dpkg/FAQ>
+ for VERSION in $VERSIONS
+ rm -f g++-7 gcc-7 cpp-7 gcc
+ ln -s clang++-12 g++-7
+ ln -s clang-12 gcc-7
+ ln -s clang-12 cpp-7
+ ln -s clang-12 gcc
+ echo 'gcc-7 hold'
+ dpkg --set-selections
dpkg: warning: package not in status nor available database at line 1: gcc-7
dpkg: warning: found unknown packages; this might mean the available database
is outdated, and needs to be updated through a frontend method;
please see the FAQ <https://wiki.debian.org/Teams/Dpkg/FAQ>
+ echo 'g++-7 hold'
+ dpkg --set-selections
dpkg: warning: package not in status nor available database at line 1: g++-7
dpkg: warning: found unknown packages; this might mean the available database
is outdated, and needs to be updated through a frontend method;
please see the FAQ <https://wiki.debian.org/Teams/Dpkg/FAQ>
+ for VERSION in $VERSIONS
+ rm -f g++-8 gcc-8 cpp-8 gcc
+ ln -s clang++-12 g++-8
+ ln -s clang-12 gcc-8
+ ln -s clang-12 cpp-8
+ ln -s clang-12 gcc
+ echo 'gcc-8 hold'
+ dpkg --set-selections
dpkg: warning: package not in status nor available database at line 1: gcc-8
dpkg: warning: found unknown packages; this might mean the available database
is outdated, and needs to be updated through a frontend method;
please see the FAQ <https://wiki.debian.org/Teams/Dpkg/FAQ>
+ echo 'g++-8 hold'
+ dpkg --set-selections
dpkg: warning: package not in status nor available database at line 1: g++-8
dpkg: warning: found unknown packages; this might mean the available database
is outdated, and needs to be updated through a frontend method;
please see the FAQ <https://wiki.debian.org/Teams/Dpkg/FAQ>
+ for VERSION in $VERSIONS
+ rm -f g++-9 gcc-9 cpp-9 gcc
+ ln -s clang++-12 g++-9
+ ln -s clang-12 gcc-9
+ ln -s clang-12 cpp-9
+ ln -s clang-12 gcc
+ echo 'gcc-9 hold'
+ dpkg --set-selections
dpkg: warning: package not in status nor available database at line 1: gcc-9
dpkg: warning: found unknown packages; this might mean the available database
is outdated, and needs to be updated through a frontend method;
please see the FAQ <https://wiki.debian.org/Teams/Dpkg/FAQ>
+ echo 'g++-9 hold'
+ dpkg --set-selections
dpkg: warning: package not in status nor available database at line 1: g++-9
dpkg: warning: found unknown packages; this might mean the available database
is outdated, and needs to be updated through a frontend method;
please see the FAQ <https://wiki.debian.org/Teams/Dpkg/FAQ>
+ for VERSION in $VERSIONS
+ rm -f g++-10 gcc-10 cpp-10 gcc
+ ln -s clang++-12 g++-10
+ ln -s clang-12 gcc-10
+ ln -s clang-12 cpp-10
+ ln -s clang-12 gcc
+ echo 'gcc-10 hold'
+ dpkg --set-selections
dpkg: warning: package not in status nor available database at line 1: gcc-10
dpkg: warning: found unknown packages; this might mean the available database
is outdated, and needs to be updated through a frontend method;
please see the FAQ <https://wiki.debian.org/Teams/Dpkg/FAQ>
+ echo 'g++-10 hold'
+ dpkg --set-selections
dpkg: warning: package not in status nor available database at line 1: g++-10
dpkg: warning: found unknown packages; this might mean the available database
is outdated, and needs to be updated through a frontend method;
please see the FAQ <https://wiki.debian.org/Teams/Dpkg/FAQ>
+ for VERSION in $VERSIONS
+ rm -f g++-11 gcc-11 cpp-11 gcc
+ ln -s clang++-12 g++-11
+ ln -s clang-12 gcc-11
+ ln -s clang-12 cpp-11
+ ln -s clang-12 gcc
+ echo 'gcc-11 hold'
+ dpkg --set-selections
+ echo 'g++-11 hold'
+ dpkg --set-selections
+ cd -
/build/ruby-thrift-zjWwg1
+ echo 'Check if gcc, g++ & cpp are actually clang'
Check if gcc, g++ & cpp are actually clang
+ gcc --version
+ grep clang
+ cpp --version
+ grep clang
+ g++ --version
+ grep clang
+ cd /usr/bin/
+ rm -f clang++ clang
+ ln -s clang-12 clang++
+ ln -s clang-12 clang
+ clang++ --version
Debian clang version 12.0.1-15
Target: x86_64-pc-linux-gnu
Thread model: posix
InstalledDir: /usr/bin
+ clang --version
Debian clang version 12.0.1-15
Target: x86_64-pc-linux-gnu
Thread model: posix
InstalledDir: /usr/bin
+ cd -
/build/ruby-thrift-zjWwg1
+ apt install --yes --no-install-recommends --force-yes qt5-qmake

WARNING: apt does not have a stable CLI interface. Use with caution in scripts.

Reading package lists...
Building dependency tree...
Reading state information...
The following additional packages will be installed:
  qt5-qmake-bin qtchooser
The following NEW packages will be installed:
  qt5-qmake qt5-qmake-bin qtchooser
0 upgraded, 3 newly installed, 0 to remove and 0 not upgraded.
Need to get 1322 kB of archives.
After this operation, 4914 kB of additional disk space will be used.
Get:1 http://127.0.0.1:12990/debian sid/main amd64 qt5-qmake-bin amd64 5.15.2+dfsg-12 [1046 kB]
Get:2 http://127.0.0.1:12990/debian sid/main amd64 qtchooser amd64 66-2 [26.3 kB]
Get:3 http://127.0.0.1:12990/debian sid/main amd64 qt5-qmake amd64 5.15.2+dfsg-12 [249 kB]
debconf: delaying package configuration, since apt-utils is not installed
Fetched 1322 kB in 0s (54.4 MB/s)
Selecting previously unselected package qt5-qmake-bin.
(Reading database ... (Reading database ... 5%(Reading database ... 10%(Reading database ... 15%(Reading database ... 20%(Reading database ... 25%(Reading database ... 30%(Reading database ... 35%(Reading database ... 40%(Reading database ... 45%(Reading database ... 50%(Reading database ... 55%(Reading database ... 60%(Reading database ... 65%(Reading database ... 70%(Reading database ... 75%(Reading database ... 80%(Reading database ... 85%(Reading database ... 90%(Reading database ... 95%(Reading database ... 100%(Reading database ... 13527 files and directories currently installed.)
Preparing to unpack .../qt5-qmake-bin_5.15.2+dfsg-12_amd64.deb ...
Unpacking qt5-qmake-bin (5.15.2+dfsg-12) ...
Selecting previously unselected package qtchooser.
Preparing to unpack .../qtchooser_66-2_amd64.deb ...
Unpacking qtchooser (66-2) ...
Selecting previously unselected package qt5-qmake:amd64.
Preparing to unpack .../qt5-qmake_5.15.2+dfsg-12_amd64.deb ...
Unpacking qt5-qmake:amd64 (5.15.2+dfsg-12) ...
Setting up qt5-qmake-bin (5.15.2+dfsg-12) ...
Setting up qtchooser (66-2) ...
Setting up qt5-qmake:amd64 (5.15.2+dfsg-12) ...
W: --force-yes is deprecated, use one of the options starting with --allow instead.
+ cp /usr/lib/x86_64-linux-gnu/qt5/mkspecs/linux-clang/qmake.conf /usr/lib/x86_64-linux-gnu/qt5/mkspecs/linux-clang/qplatformdefs.h /usr/lib/x86_64-linux-gnu/qt5/mkspecs/linux-g++/
+ ls -al /usr/lib/x86_64-linux-gnu/qt5/mkspecs/linux-g++/
total 16
drwxr-xr-x  2 root root 4096 Oct 26 23:15 .
drwxr-xr-x 76 root root 4096 Oct 26 23:15 ..
-rw-r--r--  1 root root  276 Oct 26 23:15 qmake.conf
-rw-r--r--  1 root root 3218 Oct 26 23:15 qplatformdefs.h
+ cat /usr/lib/x86_64-linux-gnu/qt5/mkspecs/linux-g++/qmake.conf
#
# qmake configuration for linux-clang
#

MAKEFILE_GENERATOR = UNIX
CONFIG += incremental

QMAKE_INCREMENTAL_STYLE = sublib

include(../common/linux.conf)
include(../common/gcc-base-unix.conf)
include(../common/clang.conf)

QMAKE_LFLAGS += -ccc-gcc-name g++

load(qt_config)
+ export QMAKESPEC=/usr/lib/x86_64-linux-gnu/qt5/mkspecs/linux-clang/
+ QMAKESPEC=/usr/lib/x86_64-linux-gnu/qt5/mkspecs/linux-clang/
+ sed -i -e 's|compare_problem(2,|compare_problem(0,|g' /usr/bin/dpkg-gensymbols
+ sed -i -e 's|compare_problem(1,|compare_problem(0,|g' /usr/bin/dpkg-gensymbols
+ grep 'compare_problem(' /usr/bin/dpkg-gensymbols
        compare_problem(4, g_('new libraries appeared in the symbols file: %s'), "@libs");
        compare_problem(3, g_('some libraries disappeared in the symbols file: %s'), "@libs");
        compare_problem(0, g_('some new symbols appeared in the symbols file: %s'),
        compare_problem(0, g_('some symbols or patterns disappeared in the symbols file: %s'),

I: Finished running '/tmp/clang12'.

Finished processing commands.
--------------------------------------------------------------------------------
I: NOTICE: Log filtering will replace 'build/ruby-thrift-zjWwg1/resolver-KXDosO' with '<<RESOLVERDIR>>'

+------------------------------------------------------------------------------+
| Update chroot                                                                |
+------------------------------------------------------------------------------+

Hit:1 http://127.0.0.1:12990/debian sid InRelease
Reading package lists...
Reading package lists...
Building dependency tree...
Reading state information...
Calculating upgrade...
0 upgraded, 0 newly installed, 0 to remove and 0 not upgraded.

+------------------------------------------------------------------------------+
| Fetch source files                                                           |
+------------------------------------------------------------------------------+


Check APT
---------

Checking available source versions...

Download source files with APT
------------------------------

Reading package lists...
NOTICE: 'ruby-thrift' packaging is maintained in the 'Git' version control system at:
https://salsa.debian.org/ruby-team/ruby-thrift.git
Please use:
git clone https://salsa.debian.org/ruby-team/ruby-thrift.git
to retrieve the latest (possibly unreleased) updates to the package.
Need to get 77.5 kB of source archives.
Get:1 http://127.0.0.1:12990/debian sid/main ruby-thrift 0.14.0-2 (dsc) [2033 B]
Get:2 http://127.0.0.1:12990/debian sid/main ruby-thrift 0.14.0-2 (tar) [73.4 kB]
Get:3 http://127.0.0.1:12990/debian sid/main ruby-thrift 0.14.0-2 (diff) [2092 B]
Fetched 77.5 kB in 0s (958 kB/s)
Download complete and in download only mode
I: NOTICE: Log filtering will replace 'build/ruby-thrift-zjWwg1/ruby-thrift-0.14.0' with '<<PKGBUILDDIR>>'
I: NOTICE: Log filtering will replace 'build/ruby-thrift-zjWwg1' with '<<BUILDDIR>>'

+------------------------------------------------------------------------------+
| Install package build dependencies                                           |
+------------------------------------------------------------------------------+


Setup apt archive
-----------------

Merged Build-Depends: debhelper-compat (= 13), gem2deb (>= 1.0), rake, ruby-rspec, build-essential, fakeroot
Filtered Build-Depends: debhelper-compat (= 13), gem2deb (>= 1.0), rake, ruby-rspec, build-essential, fakeroot
dpkg-deb: building package 'sbuild-build-depends-main-dummy' in '/<<RESOLVERDIR>>/apt_archive/sbuild-build-depends-main-dummy.deb'.
Ign:1 copy:/<<RESOLVERDIR>>/apt_archive ./ InRelease
Get:2 copy:/<<RESOLVERDIR>>/apt_archive ./ Release [957 B]
Ign:3 copy:/<<RESOLVERDIR>>/apt_archive ./ Release.gpg
Get:4 copy:/<<RESOLVERDIR>>/apt_archive ./ Sources [391 B]
Get:5 copy:/<<RESOLVERDIR>>/apt_archive ./ Packages [473 B]
Fetched 1821 B in 0s (180 kB/s)
Reading package lists...
Reading package lists...

Install main build dependencies (apt-based resolver)
----------------------------------------------------

Installing build dependencies
Reading package lists...
Building dependency tree...
Reading state information...
The following additional packages will be installed:
  autoconf automake autopoint autotools-dev bsdextrautils ca-certificates
  debhelper devscripts dh-autoreconf dh-strip-nondeterminism dirmngr dwz file
  gem2deb gem2deb-test-runner gettext gettext-base gnupg gnupg-l10n
  gnupg-utils gpg gpg-agent gpg-wks-client gpg-wks-server gpgconf gpgsm
  groff-base intltool-debian libarchive-zip-perl libassuan0
  libb-hooks-op-check-perl libclass-method-modifiers-perl libdebhelper-perl
  libdevel-callchecker-perl libdynaloader-functions-perl libencode-locale-perl
  libexpat1 libfile-dirlist-perl libfile-homedir-perl libfile-listing-perl
  libfile-stripnondeterminism-perl libfile-touch-perl libfile-which-perl
  libgmp-dev libgmpxx4ldbl libhtml-parser-perl libhtml-tagset-perl
  libhtml-tree-perl libhttp-cookies-perl libhttp-date-perl
  libhttp-message-perl libhttp-negotiate-perl libimport-into-perl
  libio-html-perl libio-pty-perl libio-socket-ssl-perl libipc-run-perl
  libksba8 libldap-2.4-2 liblwp-mediatypes-perl liblwp-protocol-https-perl
  libmagic-mgc libmagic1 libmodule-runtime-perl libmoo-perl libmpdec3
  libncursesw6 libnet-http-perl libnet-ssleay-perl libnpth0
  libparams-classify-perl libpipeline1 libpython3-stdlib libpython3.9-minimal
  libpython3.9-stdlib libreadline8 librole-tiny-perl libruby2.7 libsasl2-2
  libsasl2-modules-db libsigsegv2 libsqlite3-0 libsub-override-perl
  libsub-quote-perl libtimedate-perl libtool libtry-tiny-perl libuchardet0
  liburi-perl libwww-perl libwww-robotrules-perl libyaml-0-2 m4 man-db
  media-types netbase openssl patchutils perl-openssl-defaults pinentry-curses
  po-debconf python3 python3-minimal python3.9 python3.9-minimal rake
  readline-common ruby ruby-all-dev ruby-diff-lcs ruby-minitest
  ruby-net-telnet ruby-power-assert ruby-rspec ruby-rspec-core
  ruby-rspec-expectations ruby-rspec-mocks ruby-rspec-support ruby-rubygems
  ruby-test-unit ruby-xmlrpc ruby2.7 ruby2.7-dev rubygems-integration
  sensible-utils wdiff
Suggested packages:
  autoconf-archive gnu-standards autoconf-doc dh-make adequate at autopkgtest
  bls-standalone bsd-mailx | mailx check-all-the-things cvs-buildpackage
  devscripts-el diffoscope disorderfs dose-extra duck faketime gnuplot
  how-can-i-help libauthen-sasl-perl libdbd-pg-perl libfile-desktopentry-perl
  libnet-smtps-perl libterm-size-perl libyaml-syck-perl mmdebstrap
  mozilla-devscripts mutt piuparts postgresql-client pristine-lfs quilt ratt
  reprotest ssh-client svn-buildpackage w3m dbus-user-session libpam-systemd
  pinentry-gnome3 tor git-buildpackage pristine-tar gettext-doc
  libasprintf-dev libgettextpo-dev parcimonie xloadimage scdaemon groff
  gmp-doc libgmp10-doc libmpfr-dev libdata-dump-perl libcrypt-ssleay-perl
  libscalar-number-perl libtool-doc gfortran | fortran95-compiler gcj-jdk
  libauthen-ntlm-perl m4-doc apparmor less www-browser pinentry-doc
  libmail-box-perl python3-doc python3-tk python3-venv python3.9-venv
  python3.9-doc binfmt-support readline-doc ri ruby-dev bundler wdiff-doc
Recommended packages:
  dctrl-tools dput | dupload libdistro-info-perl libgit-wrapper-perl
  libgitlab-api-v4-perl liblist-compare-perl libstring-shellquote-perl
  licensecheck lintian pristine-tar python3-apt python3-debian python3-magic
  python3-requests python3-unidiff python3-xdg strace unzip wget | curl
  debian-keyring equivs libsoap-lite-perl apt-file curl | wget | lynx
  libarchive-cpio-perl libhtml-format-perl libclone-perl libldap-common
  libclass-xsaccessor-perl libnamespace-clean-perl libgpm2 libsasl2-modules
  libltdl-dev libdata-dump-perl libhtml-form-perl libhttp-daemon-perl
  libmailtools-perl libmail-sendmail-perl zip fonts-lato libjs-jquery
  ruby2.7-doc
The following NEW packages will be installed:
  autoconf automake autopoint autotools-dev bsdextrautils ca-certificates
  debhelper devscripts dh-autoreconf dh-strip-nondeterminism dirmngr dwz file
  gem2deb gem2deb-test-runner gettext gettext-base gnupg gnupg-l10n
  gnupg-utils gpg gpg-agent gpg-wks-client gpg-wks-server gpgconf gpgsm
  groff-base intltool-debian libarchive-zip-perl libassuan0
  libb-hooks-op-check-perl libclass-method-modifiers-perl libdebhelper-perl
  libdevel-callchecker-perl libdynaloader-functions-perl libencode-locale-perl
  libexpat1 libfile-dirlist-perl libfile-homedir-perl libfile-listing-perl
  libfile-stripnondeterminism-perl libfile-touch-perl libfile-which-perl
  libgmp-dev libgmpxx4ldbl libhtml-parser-perl libhtml-tagset-perl
  libhtml-tree-perl libhttp-cookies-perl libhttp-date-perl
  libhttp-message-perl libhttp-negotiate-perl libimport-into-perl
  libio-html-perl libio-pty-perl libio-socket-ssl-perl libipc-run-perl
  libksba8 libldap-2.4-2 liblwp-mediatypes-perl liblwp-protocol-https-perl
  libmagic-mgc libmagic1 libmodule-runtime-perl libmoo-perl libmpdec3
  libncursesw6 libnet-http-perl libnet-ssleay-perl libnpth0
  libparams-classify-perl libpipeline1 libpython3-stdlib libpython3.9-minimal
  libpython3.9-stdlib libreadline8 librole-tiny-perl libruby2.7 libsasl2-2
  libsasl2-modules-db libsigsegv2 libsqlite3-0 libsub-override-perl
  libsub-quote-perl libtimedate-perl libtool libtry-tiny-perl libuchardet0
  liburi-perl libwww-perl libwww-robotrules-perl libyaml-0-2 m4 man-db
  media-types netbase openssl patchutils perl-openssl-defaults pinentry-curses
  po-debconf python3 python3-minimal python3.9 python3.9-minimal rake
  readline-common ruby ruby-all-dev ruby-diff-lcs ruby-minitest
  ruby-net-telnet ruby-power-assert ruby-rspec ruby-rspec-core
  ruby-rspec-expectations ruby-rspec-mocks ruby-rspec-support ruby-rubygems
  ruby-test-unit ruby-xmlrpc ruby2.7 ruby2.7-dev rubygems-integration
  sbuild-build-depends-main-dummy sensible-utils wdiff
0 upgraded, 127 newly installed, 0 to remove and 0 not upgraded.
Need to get 35.4 MB of archives.
After this operation, 109 MB of additional disk space will be used.
Get:1 copy:/<<RESOLVERDIR>>/apt_archive ./ sbuild-build-depends-main-dummy 0.invalid.0 [904 B]
Get:2 http://127.0.0.1:12990/debian sid/main amd64 bsdextrautils amd64 2.37.2-4 [143 kB]
Get:3 http://127.0.0.1:12990/debian sid/main amd64 libuchardet0 amd64 0.0.7-1 [67.8 kB]
Get:4 http://127.0.0.1:12990/debian sid/main amd64 groff-base amd64 1.22.4-7 [935 kB]
Get:5 http://127.0.0.1:12990/debian sid/main amd64 libpipeline1 amd64 1.5.3-1 [34.3 kB]
Get:6 http://127.0.0.1:12990/debian sid/main amd64 man-db amd64 2.9.4-2 [1354 kB]
Get:7 http://127.0.0.1:12990/debian sid/main amd64 libpython3.9-minimal amd64 3.9.7-4 [804 kB]
Get:8 http://127.0.0.1:12990/debian sid/main amd64 libexpat1 amd64 2.4.1-3 [104 kB]
Get:9 http://127.0.0.1:12990/debian sid/main amd64 python3.9-minimal amd64 3.9.7-4 [1963 kB]
Get:10 http://127.0.0.1:12990/debian sid/main amd64 python3-minimal amd64 3.9.2-3 [38.2 kB]
Get:11 http://127.0.0.1:12990/debian sid/main amd64 media-types all 4.0.0 [30.3 kB]
Get:12 http://127.0.0.1:12990/debian sid/main amd64 libmpdec3 amd64 2.5.1-2 [87.8 kB]
Get:13 http://127.0.0.1:12990/debian sid/main amd64 libncursesw6 amd64 6.2+20210905-1 [133 kB]
Get:14 http://127.0.0.1:12990/debian sid/main amd64 readline-common all 8.1-2 [73.8 kB]
Get:15 http://127.0.0.1:12990/debian sid/main amd64 libreadline8 amd64 8.1-2 [168 kB]
Get:16 http://127.0.0.1:12990/debian sid/main amd64 libsqlite3-0 amd64 3.36.0-2 [815 kB]
Get:17 http://127.0.0.1:12990/debian sid/main amd64 libpython3.9-stdlib amd64 3.9.7-4 [1688 kB]
Get:18 http://127.0.0.1:12990/debian sid/main amd64 python3.9 amd64 3.9.7-4 [480 kB]
Get:19 http://127.0.0.1:12990/debian sid/main amd64 libpython3-stdlib amd64 3.9.2-3 [21.4 kB]
Get:20 http://127.0.0.1:12990/debian sid/main amd64 python3 amd64 3.9.2-3 [37.9 kB]
Get:21 http://127.0.0.1:12990/debian sid/main amd64 netbase all 6.3 [19.9 kB]
Get:22 http://127.0.0.1:12990/debian sid/main amd64 sensible-utils all 0.0.17 [21.5 kB]
Get:23 http://127.0.0.1:12990/debian sid/main amd64 openssl amd64 1.1.1l-1 [851 kB]
Get:24 http://127.0.0.1:12990/debian sid/main amd64 ca-certificates all 20211016 [156 kB]
Get:25 http://127.0.0.1:12990/debian sid/main amd64 libmagic-mgc amd64 1:5.39-3 [273 kB]
Get:26 http://127.0.0.1:12990/debian sid/main amd64 libmagic1 amd64 1:5.39-3 [126 kB]
Get:27 http://127.0.0.1:12990/debian sid/main amd64 file amd64 1:5.39-3 [69.1 kB]
Get:28 http://127.0.0.1:12990/debian sid/main amd64 gettext-base amd64 0.21-4 [175 kB]
Get:29 http://127.0.0.1:12990/debian sid/main amd64 libsigsegv2 amd64 2.13-1 [34.8 kB]
Get:30 http://127.0.0.1:12990/debian sid/main amd64 m4 amd64 1.4.18-5 [204 kB]
Get:31 http://127.0.0.1:12990/debian sid/main amd64 autoconf all 2.71-2 [343 kB]
Get:32 http://127.0.0.1:12990/debian sid/main amd64 autotools-dev all 20180224.1+nmu1 [77.1 kB]
Get:33 http://127.0.0.1:12990/debian sid/main amd64 automake all 1:1.16.5-1 [823 kB]
Get:34 http://127.0.0.1:12990/debian sid/main amd64 autopoint all 0.21-4 [510 kB]
Get:35 http://127.0.0.1:12990/debian sid/main amd64 libdebhelper-perl all 13.5.2 [192 kB]
Get:36 http://127.0.0.1:12990/debian sid/main amd64 libtool all 2.4.6-15 [513 kB]
Get:37 http://127.0.0.1:12990/debian sid/main amd64 dh-autoreconf all 20 [17.1 kB]
Get:38 http://127.0.0.1:12990/debian sid/main amd64 libarchive-zip-perl all 1.68-1 [104 kB]
Get:39 http://127.0.0.1:12990/debian sid/main amd64 libsub-override-perl all 0.09-2 [10.2 kB]
Get:40 http://127.0.0.1:12990/debian sid/main amd64 libfile-stripnondeterminism-perl all 1.12.0-2 [26.3 kB]
Get:41 http://127.0.0.1:12990/debian sid/main amd64 dh-strip-nondeterminism all 1.12.0-2 [15.5 kB]
Get:42 http://127.0.0.1:12990/debian sid/main amd64 dwz amd64 0.14-1 [98.3 kB]
Get:43 http://127.0.0.1:12990/debian sid/main amd64 gettext amd64 0.21-4 [1311 kB]
Get:44 http://127.0.0.1:12990/debian sid/main amd64 intltool-debian all 0.35.0+20060710.5 [26.8 kB]
Get:45 http://127.0.0.1:12990/debian sid/main amd64 po-debconf all 1.0.21+nmu1 [248 kB]
Get:46 http://127.0.0.1:12990/debian sid/main amd64 debhelper all 13.5.2 [1056 kB]
Get:47 http://127.0.0.1:12990/debian sid/main amd64 libassuan0 amd64 2.5.5-1 [51.8 kB]
Get:48 http://127.0.0.1:12990/debian sid/main amd64 gpgconf amd64 2.2.27-2 [547 kB]
Get:49 http://127.0.0.1:12990/debian sid/main amd64 libksba8 amd64 1.6.0-2 [127 kB]
Get:50 http://127.0.0.1:12990/debian sid/main amd64 libsasl2-modules-db amd64 2.1.27+dfsg-2.1 [69.1 kB]
Get:51 http://127.0.0.1:12990/debian sid/main amd64 libsasl2-2 amd64 2.1.27+dfsg-2.1 [106 kB]
Get:52 http://127.0.0.1:12990/debian sid/main amd64 libldap-2.4-2 amd64 2.4.59+dfsg-1 [232 kB]
Get:53 http://127.0.0.1:12990/debian sid/main amd64 libnpth0 amd64 1.6-3 [19.0 kB]
Get:54 http://127.0.0.1:12990/debian sid/main amd64 dirmngr amd64 2.2.27-2 [762 kB]
Get:55 http://127.0.0.1:12990/debian sid/main amd64 gnupg-l10n all 2.2.27-2 [1084 kB]
Get:56 http://127.0.0.1:12990/debian sid/main amd64 gnupg-utils amd64 2.2.27-2 [905 kB]
Get:57 http://127.0.0.1:12990/debian sid/main amd64 gpg amd64 2.2.27-2 [927 kB]
Get:58 http://127.0.0.1:12990/debian sid/main amd64 pinentry-curses amd64 1.1.0-4 [64.9 kB]
Get:59 http://127.0.0.1:12990/debian sid/main amd64 gpg-agent amd64 2.2.27-2 [669 kB]
Get:60 http://127.0.0.1:12990/debian sid/main amd64 gpg-wks-client amd64 2.2.27-2 [523 kB]
Get:61 http://127.0.0.1:12990/debian sid/main amd64 gpg-wks-server amd64 2.2.27-2 [516 kB]
Get:62 http://127.0.0.1:12990/debian sid/main amd64 gpgsm amd64 2.2.27-2 [645 kB]
Get:63 http://127.0.0.1:12990/debian sid/main amd64 gnupg all 2.2.27-2 [825 kB]
Get:64 http://127.0.0.1:12990/debian sid/main amd64 libfile-dirlist-perl all 0.05-2 [7444 B]
Get:65 http://127.0.0.1:12990/debian sid/main amd64 libfile-which-perl all 1.23-1 [16.6 kB]
Get:66 http://127.0.0.1:12990/debian sid/main amd64 libfile-homedir-perl all 1.006-1 [43.8 kB]
Get:67 http://127.0.0.1:12990/debian sid/main amd64 libfile-touch-perl all 0.12-1 [10.5 kB]
Get:68 http://127.0.0.1:12990/debian sid/main amd64 libio-pty-perl amd64 1:1.15-2 [37.0 kB]
Get:69 http://127.0.0.1:12990/debian sid/main amd64 libipc-run-perl all 20200505.0-1 [102 kB]
Get:70 http://127.0.0.1:12990/debian sid/main amd64 libclass-method-modifiers-perl all 2.13-1 [19.2 kB]
Get:71 http://127.0.0.1:12990/debian sid/main amd64 libb-hooks-op-check-perl amd64 0.22-1+b3 [11.3 kB]
Get:72 http://127.0.0.1:12990/debian sid/main amd64 libdynaloader-functions-perl all 0.003-1.1 [12.7 kB]
Get:73 http://127.0.0.1:12990/debian sid/main amd64 libdevel-callchecker-perl amd64 0.008-1+b2 [15.9 kB]
Get:74 http://127.0.0.1:12990/debian sid/main amd64 libparams-classify-perl amd64 0.015-1+b3 [25.7 kB]
Get:75 http://127.0.0.1:12990/debian sid/main amd64 libmodule-runtime-perl all 0.016-1 [19.4 kB]
Get:76 http://127.0.0.1:12990/debian sid/main amd64 libimport-into-perl all 1.002005-1 [11.6 kB]
Get:77 http://127.0.0.1:12990/debian sid/main amd64 librole-tiny-perl all 2.002004-1 [21.4 kB]
Get:78 http://127.0.0.1:12990/debian sid/main amd64 libsub-quote-perl all 2.006006-1 [21.0 kB]
Get:79 http://127.0.0.1:12990/debian sid/main amd64 libmoo-perl all 2.005004-2 [60.4 kB]
Get:80 http://127.0.0.1:12990/debian sid/main amd64 libencode-locale-perl all 1.05-1.1 [13.2 kB]
Get:81 http://127.0.0.1:12990/debian sid/main amd64 libtimedate-perl all 2.3300-2 [39.3 kB]
Get:82 http://127.0.0.1:12990/debian sid/main amd64 libhttp-date-perl all 6.05-1 [10.4 kB]
Get:83 http://127.0.0.1:12990/debian sid/main amd64 libfile-listing-perl all 6.14-1 [12.4 kB]
Get:84 http://127.0.0.1:12990/debian sid/main amd64 libhtml-tagset-perl all 3.20-4 [13.0 kB]
Get:85 http://127.0.0.1:12990/debian sid/main amd64 liburi-perl all 5.08-1 [90.6 kB]
Get:86 http://127.0.0.1:12990/debian sid/main amd64 libhtml-parser-perl amd64 3.76-1 [105 kB]
Get:87 http://127.0.0.1:12990/debian sid/main amd64 libhtml-tree-perl all 5.07-2 [213 kB]
Get:88 http://127.0.0.1:12990/debian sid/main amd64 libio-html-perl all 1.004-2 [16.1 kB]
Get:89 http://127.0.0.1:12990/debian sid/main amd64 liblwp-mediatypes-perl all 6.04-1 [19.9 kB]
Get:90 http://127.0.0.1:12990/debian sid/main amd64 libhttp-message-perl all 6.33-1 [80.1 kB]
Get:91 http://127.0.0.1:12990/debian sid/main amd64 libhttp-cookies-perl all 6.10-1 [19.6 kB]
Get:92 http://127.0.0.1:12990/debian sid/main amd64 libhttp-negotiate-perl all 6.01-1 [12.8 kB]
Get:93 http://127.0.0.1:12990/debian sid/main amd64 perl-openssl-defaults amd64 5 [7360 B]
Get:94 http://127.0.0.1:12990/debian sid/main amd64 libnet-ssleay-perl amd64 1.88-3+b1 [321 kB]
Get:95 http://127.0.0.1:12990/debian sid/main amd64 libio-socket-ssl-perl all 2.072-1 [221 kB]
Get:96 http://127.0.0.1:12990/debian sid/main amd64 libnet-http-perl all 6.21-1 [25.3 kB]
Get:97 http://127.0.0.1:12990/debian sid/main amd64 liblwp-protocol-https-perl all 6.10-1 [12.2 kB]
Get:98 http://127.0.0.1:12990/debian sid/main amd64 libtry-tiny-perl all 0.30-1 [23.3 kB]
Get:99 http://127.0.0.1:12990/debian sid/main amd64 libwww-robotrules-perl all 6.02-1 [12.9 kB]
Get:100 http://127.0.0.1:12990/debian sid/main amd64 libwww-perl all 6.57-1 [193 kB]
Get:101 http://127.0.0.1:12990/debian sid/main amd64 patchutils amd64 0.4.2-1 [77.5 kB]
Get:102 http://127.0.0.1:12990/debian sid/main amd64 wdiff amd64 1.2.2-2+b1 [122 kB]
Get:103 http://127.0.0.1:12990/debian sid/main amd64 devscripts amd64 2.21.4 [1093 kB]
Get:104 http://127.0.0.1:12990/debian sid/main amd64 rubygems-integration all 1.18 [6704 B]
Get:105 http://127.0.0.1:12990/debian sid/main amd64 ruby-minitest all 5.13.0-1 [57.3 kB]
Get:106 http://127.0.0.1:12990/debian sid/main amd64 ruby-net-telnet all 0.1.1-2 [12.5 kB]
Get:107 http://127.0.0.1:12990/debian sid/main amd64 ruby-power-assert all 1.1.7-2 [11.5 kB]
Get:108 http://127.0.0.1:12990/debian sid/main amd64 ruby-test-unit all 3.3.9-1 [86.1 kB]
Get:109 http://127.0.0.1:12990/debian sid/main amd64 ruby-xmlrpc all 0.3.0-2 [23.7 kB]
Get:110 http://127.0.0.1:12990/debian sid/main amd64 libyaml-0-2 amd64 0.2.2-1 [49.6 kB]
Get:111 http://127.0.0.1:12990/debian sid/main amd64 libruby2.7 amd64 2.7.4-1+b1 [4198 kB]
Get:112 http://127.0.0.1:12990/debian sid/main amd64 ruby2.7 amd64 2.7.4-1+b1 [747 kB]
Get:113 http://127.0.0.1:12990/debian sid/main amd64 ruby-rubygems all 3.2.27-2 [272 kB]
Get:114 http://127.0.0.1:12990/debian sid/main amd64 ruby amd64 1:2.7.5 [11.9 kB]
Get:115 http://127.0.0.1:12990/debian sid/main amd64 rake all 13.0.3-1 [84.7 kB]
Get:116 http://127.0.0.1:12990/debian sid/main amd64 gem2deb-test-runner amd64 1.6 [26.7 kB]
Get:117 http://127.0.0.1:12990/debian sid/main amd64 libgmpxx4ldbl amd64 2:6.2.1+dfsg-2 [338 kB]
Get:118 http://127.0.0.1:12990/debian sid/main amd64 libgmp-dev amd64 2:6.2.1+dfsg-2 [641 kB]
Get:119 http://127.0.0.1:12990/debian sid/main amd64 ruby2.7-dev amd64 2.7.4-1+b1 [835 kB]
Get:120 http://127.0.0.1:12990/debian sid/main amd64 ruby-all-dev amd64 1:2.7.5 [11.9 kB]
Get:121 http://127.0.0.1:12990/debian sid/main amd64 gem2deb amd64 1.6 [62.6 kB]
Get:122 http://127.0.0.1:12990/debian sid/main amd64 ruby-diff-lcs all 1.4.4-1 [35.9 kB]
Get:123 http://127.0.0.1:12990/debian sid/main amd64 ruby-rspec-support all 3.9.0c2e2m1s3-2 [30.8 kB]
Get:124 http://127.0.0.1:12990/debian sid/main amd64 ruby-rspec-core all 3.9.0c2e2m1s3-2 [163 kB]
Get:125 http://127.0.0.1:12990/debian sid/main amd64 ruby-rspec-expectations all 3.9.0c2e2m1s3-2 [89.9 kB]
Get:126 http://127.0.0.1:12990/debian sid/main amd64 ruby-rspec-mocks all 3.9.0c2e2m1s3-2 [81.4 kB]
Get:127 http://127.0.0.1:12990/debian sid/main amd64 ruby-rspec all 3.9.0c2e2m1s3-2 [8348 B]
debconf: delaying package configuration, since apt-utils is not installed
Fetched 35.4 MB in 0s (131 MB/s)
Selecting previously unselected package bsdextrautils.
(Reading database ... 14272 files and directories currently installed.)
Preparing to unpack .../0-bsdextrautils_2.37.2-4_amd64.deb ...
Unpacking bsdextrautils (2.37.2-4) ...
Selecting previously unselected package libuchardet0:amd64.
Preparing to unpack .../1-libuchardet0_0.0.7-1_amd64.deb ...
Unpacking libuchardet0:amd64 (0.0.7-1) ...
Selecting previously unselected package groff-base.
Preparing to unpack .../2-groff-base_1.22.4-7_amd64.deb ...
Unpacking groff-base (1.22.4-7) ...
Selecting previously unselected package libpipeline1:amd64.
Preparing to unpack .../3-libpipeline1_1.5.3-1_amd64.deb ...
Unpacking libpipeline1:amd64 (1.5.3-1) ...
Selecting previously unselected package man-db.
Preparing to unpack .../4-man-db_2.9.4-2_amd64.deb ...
Unpacking man-db (2.9.4-2) ...
Selecting previously unselected package libpython3.9-minimal:amd64.
Preparing to unpack .../5-libpython3.9-minimal_3.9.7-4_amd64.deb ...
Unpacking libpython3.9-minimal:amd64 (3.9.7-4) ...
Selecting previously unselected package libexpat1:amd64.
Preparing to unpack .../6-libexpat1_2.4.1-3_amd64.deb ...
Unpacking libexpat1:amd64 (2.4.1-3) ...
Selecting previously unselected package python3.9-minimal.
Preparing to unpack .../7-python3.9-minimal_3.9.7-4_amd64.deb ...
Unpacking python3.9-minimal (3.9.7-4) ...
Setting up libpython3.9-minimal:amd64 (3.9.7-4) ...
Setting up libexpat1:amd64 (2.4.1-3) ...
Setting up python3.9-minimal (3.9.7-4) ...
Selecting previously unselected package python3-minimal.
(Reading database ... 15139 files and directories currently installed.)
Preparing to unpack .../0-python3-minimal_3.9.2-3_amd64.deb ...
Unpacking python3-minimal (3.9.2-3) ...
Selecting previously unselected package media-types.
Preparing to unpack .../1-media-types_4.0.0_all.deb ...
Unpacking media-types (4.0.0) ...
Selecting previously unselected package libmpdec3:amd64.
Preparing to unpack .../2-libmpdec3_2.5.1-2_amd64.deb ...
Unpacking libmpdec3:amd64 (2.5.1-2) ...
Selecting previously unselected package libncursesw6:amd64.
Preparing to unpack .../3-libncursesw6_6.2+20210905-1_amd64.deb ...
Unpacking libncursesw6:amd64 (6.2+20210905-1) ...
Selecting previously unselected package readline-common.
Preparing to unpack .../4-readline-common_8.1-2_all.deb ...
Unpacking readline-common (8.1-2) ...
Selecting previously unselected package libreadline8:amd64.
Preparing to unpack .../5-libreadline8_8.1-2_amd64.deb ...
Unpacking libreadline8:amd64 (8.1-2) ...
Selecting previously unselected package libsqlite3-0:amd64.
Preparing to unpack .../6-libsqlite3-0_3.36.0-2_amd64.deb ...
Unpacking libsqlite3-0:amd64 (3.36.0-2) ...
Selecting previously unselected package libpython3.9-stdlib:amd64.
Preparing to unpack .../7-libpython3.9-stdlib_3.9.7-4_amd64.deb ...
Unpacking libpython3.9-stdlib:amd64 (3.9.7-4) ...
Selecting previously unselected package python3.9.
Preparing to unpack .../8-python3.9_3.9.7-4_amd64.deb ...
Unpacking python3.9 (3.9.7-4) ...
Selecting previously unselected package libpython3-stdlib:amd64.
Preparing to unpack .../9-libpython3-stdlib_3.9.2-3_amd64.deb ...
Unpacking libpython3-stdlib:amd64 (3.9.2-3) ...
Setting up python3-minimal (3.9.2-3) ...
Selecting previously unselected package python3.
(Reading database ... 15578 files and directories currently installed.)
Preparing to unpack .../000-python3_3.9.2-3_amd64.deb ...
Unpacking python3 (3.9.2-3) ...
Selecting previously unselected package netbase.
Preparing to unpack .../001-netbase_6.3_all.deb ...
Unpacking netbase (6.3) ...
Selecting previously unselected package sensible-utils.
Preparing to unpack .../002-sensible-utils_0.0.17_all.deb ...
Unpacking sensible-utils (0.0.17) ...
Selecting previously unselected package openssl.
Preparing to unpack .../003-openssl_1.1.1l-1_amd64.deb ...
Unpacking openssl (1.1.1l-1) ...
Selecting previously unselected package ca-certificates.
Preparing to unpack .../004-ca-certificates_20211016_all.deb ...
Unpacking ca-certificates (20211016) ...
Selecting previously unselected package libmagic-mgc.
Preparing to unpack .../005-libmagic-mgc_1%3a5.39-3_amd64.deb ...
Unpacking libmagic-mgc (1:5.39-3) ...
Selecting previously unselected package libmagic1:amd64.
Preparing to unpack .../006-libmagic1_1%3a5.39-3_amd64.deb ...
Unpacking libmagic1:amd64 (1:5.39-3) ...
Selecting previously unselected package file.
Preparing to unpack .../007-file_1%3a5.39-3_amd64.deb ...
Unpacking file (1:5.39-3) ...
Selecting previously unselected package gettext-base.
Preparing to unpack .../008-gettext-base_0.21-4_amd64.deb ...
Unpacking gettext-base (0.21-4) ...
Selecting previously unselected package libsigsegv2:amd64.
Preparing to unpack .../009-libsigsegv2_2.13-1_amd64.deb ...
Unpacking libsigsegv2:amd64 (2.13-1) ...
Selecting previously unselected package m4.
Preparing to unpack .../010-m4_1.4.18-5_amd64.deb ...
Unpacking m4 (1.4.18-5) ...
Selecting previously unselected package autoconf.
Preparing to unpack .../011-autoconf_2.71-2_all.deb ...
Unpacking autoconf (2.71-2) ...
Selecting previously unselected package autotools-dev.
Preparing to unpack .../012-autotools-dev_20180224.1+nmu1_all.deb ...
Unpacking autotools-dev (20180224.1+nmu1) ...
Selecting previously unselected package automake.
Preparing to unpack .../013-automake_1%3a1.16.5-1_all.deb ...
Unpacking automake (1:1.16.5-1) ...
Selecting previously unselected package autopoint.
Preparing to unpack .../014-autopoint_0.21-4_all.deb ...
Unpacking autopoint (0.21-4) ...
Selecting previously unselected package libdebhelper-perl.
Preparing to unpack .../015-libdebhelper-perl_13.5.2_all.deb ...
Unpacking libdebhelper-perl (13.5.2) ...
Selecting previously unselected package libtool.
Preparing to unpack .../016-libtool_2.4.6-15_all.deb ...
Unpacking libtool (2.4.6-15) ...
Selecting previously unselected package dh-autoreconf.
Preparing to unpack .../017-dh-autoreconf_20_all.deb ...
Unpacking dh-autoreconf (20) ...
Selecting previously unselected package libarchive-zip-perl.
Preparing to unpack .../018-libarchive-zip-perl_1.68-1_all.deb ...
Unpacking libarchive-zip-perl (1.68-1) ...
Selecting previously unselected package libsub-override-perl.
Preparing to unpack .../019-libsub-override-perl_0.09-2_all.deb ...
Unpacking libsub-override-perl (0.09-2) ...
Selecting previously unselected package libfile-stripnondeterminism-perl.
Preparing to unpack .../020-libfile-stripnondeterminism-perl_1.12.0-2_all.deb ...
Unpacking libfile-stripnondeterminism-perl (1.12.0-2) ...
Selecting previously unselected package dh-strip-nondeterminism.
Preparing to unpack .../021-dh-strip-nondeterminism_1.12.0-2_all.deb ...
Unpacking dh-strip-nondeterminism (1.12.0-2) ...
Selecting previously unselected package dwz.
Preparing to unpack .../022-dwz_0.14-1_amd64.deb ...
Unpacking dwz (0.14-1) ...
Selecting previously unselected package gettext.
Preparing to unpack .../023-gettext_0.21-4_amd64.deb ...
Unpacking gettext (0.21-4) ...
Selecting previously unselected package intltool-debian.
Preparing to unpack .../024-intltool-debian_0.35.0+20060710.5_all.deb ...
Unpacking intltool-debian (0.35.0+20060710.5) ...
Selecting previously unselected package po-debconf.
Preparing to unpack .../025-po-debconf_1.0.21+nmu1_all.deb ...
Unpacking po-debconf (1.0.21+nmu1) ...
Selecting previously unselected package debhelper.
Preparing to unpack .../026-debhelper_13.5.2_all.deb ...
Unpacking debhelper (13.5.2) ...
Selecting previously unselected package libassuan0:amd64.
Preparing to unpack .../027-libassuan0_2.5.5-1_amd64.deb ...
Unpacking libassuan0:amd64 (2.5.5-1) ...
Selecting previously unselected package gpgconf.
Preparing to unpack .../028-gpgconf_2.2.27-2_amd64.deb ...
Unpacking gpgconf (2.2.27-2) ...
Selecting previously unselected package libksba8:amd64.
Preparing to unpack .../029-libksba8_1.6.0-2_amd64.deb ...
Unpacking libksba8:amd64 (1.6.0-2) ...
Selecting previously unselected package libsasl2-modules-db:amd64.
Preparing to unpack .../030-libsasl2-modules-db_2.1.27+dfsg-2.1_amd64.deb ...
Unpacking libsasl2-modules-db:amd64 (2.1.27+dfsg-2.1) ...
Selecting previously unselected package libsasl2-2:amd64.
Preparing to unpack .../031-libsasl2-2_2.1.27+dfsg-2.1_amd64.deb ...
Unpacking libsasl2-2:amd64 (2.1.27+dfsg-2.1) ...
Selecting previously unselected package libldap-2.4-2:amd64.
Preparing to unpack .../032-libldap-2.4-2_2.4.59+dfsg-1_amd64.deb ...
Unpacking libldap-2.4-2:amd64 (2.4.59+dfsg-1) ...
Selecting previously unselected package libnpth0:amd64.
Preparing to unpack .../033-libnpth0_1.6-3_amd64.deb ...
Unpacking libnpth0:amd64 (1.6-3) ...
Selecting previously unselected package dirmngr.
Preparing to unpack .../034-dirmngr_2.2.27-2_amd64.deb ...
Unpacking dirmngr (2.2.27-2) ...
Selecting previously unselected package gnupg-l10n.
Preparing to unpack .../035-gnupg-l10n_2.2.27-2_all.deb ...
Unpacking gnupg-l10n (2.2.27-2) ...
Selecting previously unselected package gnupg-utils.
Preparing to unpack .../036-gnupg-utils_2.2.27-2_amd64.deb ...
Unpacking gnupg-utils (2.2.27-2) ...
Selecting previously unselected package gpg.
Preparing to unpack .../037-gpg_2.2.27-2_amd64.deb ...
Unpacking gpg (2.2.27-2) ...
Selecting previously unselected package pinentry-curses.
Preparing to unpack .../038-pinentry-curses_1.1.0-4_amd64.deb ...
Unpacking pinentry-curses (1.1.0-4) ...
Selecting previously unselected package gpg-agent.
Preparing to unpack .../039-gpg-agent_2.2.27-2_amd64.deb ...
Unpacking gpg-agent (2.2.27-2) ...
Selecting previously unselected package gpg-wks-client.
Preparing to unpack .../040-gpg-wks-client_2.2.27-2_amd64.deb ...
Unpacking gpg-wks-client (2.2.27-2) ...
Selecting previously unselected package gpg-wks-server.
Preparing to unpack .../041-gpg-wks-server_2.2.27-2_amd64.deb ...
Unpacking gpg-wks-server (2.2.27-2) ...
Selecting previously unselected package gpgsm.
Preparing to unpack .../042-gpgsm_2.2.27-2_amd64.deb ...
Unpacking gpgsm (2.2.27-2) ...
Selecting previously unselected package gnupg.
Preparing to unpack .../043-gnupg_2.2.27-2_all.deb ...
Unpacking gnupg (2.2.27-2) ...
Selecting previously unselected package libfile-dirlist-perl.
Preparing to unpack .../044-libfile-dirlist-perl_0.05-2_all.deb ...
Unpacking libfile-dirlist-perl (0.05-2) ...
Selecting previously unselected package libfile-which-perl.
Preparing to unpack .../045-libfile-which-perl_1.23-1_all.deb ...
Unpacking libfile-which-perl (1.23-1) ...
Selecting previously unselected package libfile-homedir-perl.
Preparing to unpack .../046-libfile-homedir-perl_1.006-1_all.deb ...
Unpacking libfile-homedir-perl (1.006-1) ...
Selecting previously unselected package libfile-touch-perl.
Preparing to unpack .../047-libfile-touch-perl_0.12-1_all.deb ...
Unpacking libfile-touch-perl (0.12-1) ...
Selecting previously unselected package libio-pty-perl.
Preparing to unpack .../048-libio-pty-perl_1%3a1.15-2_amd64.deb ...
Unpacking libio-pty-perl (1:1.15-2) ...
Selecting previously unselected package libipc-run-perl.
Preparing to unpack .../049-libipc-run-perl_20200505.0-1_all.deb ...
Unpacking libipc-run-perl (20200505.0-1) ...
Selecting previously unselected package libclass-method-modifiers-perl.
Preparing to unpack .../050-libclass-method-modifiers-perl_2.13-1_all.deb ...
Unpacking libclass-method-modifiers-perl (2.13-1) ...
Selecting previously unselected package libb-hooks-op-check-perl.
Preparing to unpack .../051-libb-hooks-op-check-perl_0.22-1+b3_amd64.deb ...
Unpacking libb-hooks-op-check-perl (0.22-1+b3) ...
Selecting previously unselected package libdynaloader-functions-perl.
Preparing to unpack .../052-libdynaloader-functions-perl_0.003-1.1_all.deb ...
Unpacking libdynaloader-functions-perl (0.003-1.1) ...
Selecting previously unselected package libdevel-callchecker-perl.
Preparing to unpack .../053-libdevel-callchecker-perl_0.008-1+b2_amd64.deb ...
Unpacking libdevel-callchecker-perl (0.008-1+b2) ...
Selecting previously unselected package libparams-classify-perl.
Preparing to unpack .../054-libparams-classify-perl_0.015-1+b3_amd64.deb ...
Unpacking libparams-classify-perl (0.015-1+b3) ...
Selecting previously unselected package libmodule-runtime-perl.
Preparing to unpack .../055-libmodule-runtime-perl_0.016-1_all.deb ...
Unpacking libmodule-runtime-perl (0.016-1) ...
Selecting previously unselected package libimport-into-perl.
Preparing to unpack .../056-libimport-into-perl_1.002005-1_all.deb ...
Unpacking libimport-into-perl (1.002005-1) ...
Selecting previously unselected package librole-tiny-perl.
Preparing to unpack .../057-librole-tiny-perl_2.002004-1_all.deb ...
Unpacking librole-tiny-perl (2.002004-1) ...
Selecting previously unselected package libsub-quote-perl.
Preparing to unpack .../058-libsub-quote-perl_2.006006-1_all.deb ...
Unpacking libsub-quote-perl (2.006006-1) ...
Selecting previously unselected package libmoo-perl.
Preparing to unpack .../059-libmoo-perl_2.005004-2_all.deb ...
Unpacking libmoo-perl (2.005004-2) ...
Selecting previously unselected package libencode-locale-perl.
Preparing to unpack .../060-libencode-locale-perl_1.05-1.1_all.deb ...
Unpacking libencode-locale-perl (1.05-1.1) ...
Selecting previously unselected package libtimedate-perl.
Preparing to unpack .../061-libtimedate-perl_2.3300-2_all.deb ...
Unpacking libtimedate-perl (2.3300-2) ...
Selecting previously unselected package libhttp-date-perl.
Preparing to unpack .../062-libhttp-date-perl_6.05-1_all.deb ...
Unpacking libhttp-date-perl (6.05-1) ...
Selecting previously unselected package libfile-listing-perl.
Preparing to unpack .../063-libfile-listing-perl_6.14-1_all.deb ...
Unpacking libfile-listing-perl (6.14-1) ...
Selecting previously unselected package libhtml-tagset-perl.
Preparing to unpack .../064-libhtml-tagset-perl_3.20-4_all.deb ...
Unpacking libhtml-tagset-perl (3.20-4) ...
Selecting previously unselected package liburi-perl.
Preparing to unpack .../065-liburi-perl_5.08-1_all.deb ...
Unpacking liburi-perl (5.08-1) ...
Selecting previously unselected package libhtml-parser-perl:amd64.
Preparing to unpack .../066-libhtml-parser-perl_3.76-1_amd64.deb ...
Unpacking libhtml-parser-perl:amd64 (3.76-1) ...
Selecting previously unselected package libhtml-tree-perl.
Preparing to unpack .../067-libhtml-tree-perl_5.07-2_all.deb ...
Unpacking libhtml-tree-perl (5.07-2) ...
Selecting previously unselected package libio-html-perl.
Preparing to unpack .../068-libio-html-perl_1.004-2_all.deb ...
Unpacking libio-html-perl (1.004-2) ...
Selecting previously unselected package liblwp-mediatypes-perl.
Preparing to unpack .../069-liblwp-mediatypes-perl_6.04-1_all.deb ...
Unpacking liblwp-mediatypes-perl (6.04-1) ...
Selecting previously unselected package libhttp-message-perl.
Preparing to unpack .../070-libhttp-message-perl_6.33-1_all.deb ...
Unpacking libhttp-message-perl (6.33-1) ...
Selecting previously unselected package libhttp-cookies-perl.
Preparing to unpack .../071-libhttp-cookies-perl_6.10-1_all.deb ...
Unpacking libhttp-cookies-perl (6.10-1) ...
Selecting previously unselected package libhttp-negotiate-perl.
Preparing to unpack .../072-libhttp-negotiate-perl_6.01-1_all.deb ...
Unpacking libhttp-negotiate-perl (6.01-1) ...
Selecting previously unselected package perl-openssl-defaults:amd64.
Preparing to unpack .../073-perl-openssl-defaults_5_amd64.deb ...
Unpacking perl-openssl-defaults:amd64 (5) ...
Selecting previously unselected package libnet-ssleay-perl.
Preparing to unpack .../074-libnet-ssleay-perl_1.88-3+b1_amd64.deb ...
Unpacking libnet-ssleay-perl (1.88-3+b1) ...
Selecting previously unselected package libio-socket-ssl-perl.
Preparing to unpack .../075-libio-socket-ssl-perl_2.072-1_all.deb ...
Unpacking libio-socket-ssl-perl (2.072-1) ...
Selecting previously unselected package libnet-http-perl.
Preparing to unpack .../076-libnet-http-perl_6.21-1_all.deb ...
Unpacking libnet-http-perl (6.21-1) ...
Selecting previously unselected package liblwp-protocol-https-perl.
Preparing to unpack .../077-liblwp-protocol-https-perl_6.10-1_all.deb ...
Unpacking liblwp-protocol-https-perl (6.10-1) ...
Selecting previously unselected package libtry-tiny-perl.
Preparing to unpack .../078-libtry-tiny-perl_0.30-1_all.deb ...
Unpacking libtry-tiny-perl (0.30-1) ...
Selecting previously unselected package libwww-robotrules-perl.
Preparing to unpack .../079-libwww-robotrules-perl_6.02-1_all.deb ...
Unpacking libwww-robotrules-perl (6.02-1) ...
Selecting previously unselected package libwww-perl.
Preparing to unpack .../080-libwww-perl_6.57-1_all.deb ...
Unpacking libwww-perl (6.57-1) ...
Selecting previously unselected package patchutils.
Preparing to unpack .../081-patchutils_0.4.2-1_amd64.deb ...
Unpacking patchutils (0.4.2-1) ...
Selecting previously unselected package wdiff.
Preparing to unpack .../082-wdiff_1.2.2-2+b1_amd64.deb ...
Unpacking wdiff (1.2.2-2+b1) ...
Selecting previously unselected package devscripts.
Preparing to unpack .../083-devscripts_2.21.4_amd64.deb ...
Unpacking devscripts (2.21.4) ...
Selecting previously unselected package rubygems-integration.
Preparing to unpack .../084-rubygems-integration_1.18_all.deb ...
Unpacking rubygems-integration (1.18) ...
Selecting previously unselected package ruby-minitest.
Preparing to unpack .../085-ruby-minitest_5.13.0-1_all.deb ...
Unpacking ruby-minitest (5.13.0-1) ...
Selecting previously unselected package ruby-net-telnet.
Preparing to unpack .../086-ruby-net-telnet_0.1.1-2_all.deb ...
Unpacking ruby-net-telnet (0.1.1-2) ...
Selecting previously unselected package ruby-power-assert.
Preparing to unpack .../087-ruby-power-assert_1.1.7-2_all.deb ...
Unpacking ruby-power-assert (1.1.7-2) ...
Selecting previously unselected package ruby-test-unit.
Preparing to unpack .../088-ruby-test-unit_3.3.9-1_all.deb ...
Unpacking ruby-test-unit (3.3.9-1) ...
Selecting previously unselected package ruby-xmlrpc.
Preparing to unpack .../089-ruby-xmlrpc_0.3.0-2_all.deb ...
Unpacking ruby-xmlrpc (0.3.0-2) ...
Selecting previously unselected package libyaml-0-2:amd64.
Preparing to unpack .../090-libyaml-0-2_0.2.2-1_amd64.deb ...
Unpacking libyaml-0-2:amd64 (0.2.2-1) ...
Selecting previously unselected package libruby2.7:amd64.
Preparing to unpack .../091-libruby2.7_2.7.4-1+b1_amd64.deb ...
Unpacking libruby2.7:amd64 (2.7.4-1+b1) ...
Selecting previously unselected package ruby2.7.
Preparing to unpack .../092-ruby2.7_2.7.4-1+b1_amd64.deb ...
Unpacking ruby2.7 (2.7.4-1+b1) ...
Selecting previously unselected package ruby-rubygems.
Preparing to unpack .../093-ruby-rubygems_3.2.27-2_all.deb ...
Unpacking ruby-rubygems (3.2.27-2) ...
Selecting previously unselected package ruby.
Preparing to unpack .../094-ruby_1%3a2.7.5_amd64.deb ...
Unpacking ruby (1:2.7.5) ...
Selecting previously unselected package rake.
Preparing to unpack .../095-rake_13.0.3-1_all.deb ...
Unpacking rake (13.0.3-1) ...
Selecting previously unselected package gem2deb-test-runner.
Preparing to unpack .../096-gem2deb-test-runner_1.6_amd64.deb ...
Unpacking gem2deb-test-runner (1.6) ...
Selecting previously unselected package libgmpxx4ldbl:amd64.
Preparing to unpack .../097-libgmpxx4ldbl_2%3a6.2.1+dfsg-2_amd64.deb ...
Unpacking libgmpxx4ldbl:amd64 (2:6.2.1+dfsg-2) ...
Selecting previously unselected package libgmp-dev:amd64.
Preparing to unpack .../098-libgmp-dev_2%3a6.2.1+dfsg-2_amd64.deb ...
Unpacking libgmp-dev:amd64 (2:6.2.1+dfsg-2) ...
Selecting previously unselected package ruby2.7-dev:amd64.
Preparing to unpack .../099-ruby2.7-dev_2.7.4-1+b1_amd64.deb ...
Unpacking ruby2.7-dev:amd64 (2.7.4-1+b1) ...
Selecting previously unselected package ruby-all-dev:amd64.
Preparing to unpack .../100-ruby-all-dev_1%3a2.7.5_amd64.deb ...
Unpacking ruby-all-dev:amd64 (1:2.7.5) ...
Selecting previously unselected package gem2deb.
Preparing to unpack .../101-gem2deb_1.6_amd64.deb ...
Unpacking gem2deb (1.6) ...
Selecting previously unselected package ruby-diff-lcs.
Preparing to unpack .../102-ruby-diff-lcs_1.4.4-1_all.deb ...
Unpacking ruby-diff-lcs (1.4.4-1) ...
Selecting previously unselected package ruby-rspec-support.
Preparing to unpack .../103-ruby-rspec-support_3.9.0c2e2m1s3-2_all.deb ...
Unpacking ruby-rspec-support (3.9.0c2e2m1s3-2) ...
Selecting previously unselected package ruby-rspec-core.
Preparing to unpack .../104-ruby-rspec-core_3.9.0c2e2m1s3-2_all.deb ...
Unpacking ruby-rspec-core (3.9.0c2e2m1s3-2) ...
Selecting previously unselected package ruby-rspec-expectations.
Preparing to unpack .../105-ruby-rspec-expectations_3.9.0c2e2m1s3-2_all.deb ...
Unpacking ruby-rspec-expectations (3.9.0c2e2m1s3-2) ...
Selecting previously unselected package ruby-rspec-mocks.
Preparing to unpack .../106-ruby-rspec-mocks_3.9.0c2e2m1s3-2_all.deb ...
Unpacking ruby-rspec-mocks (3.9.0c2e2m1s3-2) ...
Selecting previously unselected package ruby-rspec.
Preparing to unpack .../107-ruby-rspec_3.9.0c2e2m1s3-2_all.deb ...
Unpacking ruby-rspec (3.9.0c2e2m1s3-2) ...
Selecting previously unselected package sbuild-build-depends-main-dummy.
Preparing to unpack .../108-sbuild-build-depends-main-dummy_0.invalid.0_amd64.deb ...
Unpacking sbuild-build-depends-main-dummy (0.invalid.0) ...
Setting up libksba8:amd64 (1.6.0-2) ...
Setting up media-types (4.0.0) ...
Setting up libpipeline1:amd64 (1.5.3-1) ...
Setting up wdiff (1.2.2-2+b1) ...
Setting up libfile-which-perl (1.23-1) ...
Setting up bsdextrautils (2.37.2-4) ...
update-alternatives: using /usr/bin/write.ul to provide /usr/bin/write (write) in auto mode
Setting up libdynaloader-functions-perl (0.003-1.1) ...
Setting up libclass-method-modifiers-perl (2.13-1) ...
Setting up ruby-power-assert (1.1.7-2) ...
Setting up libio-pty-perl (1:1.15-2) ...
Setting up libmagic-mgc (1:5.39-3) ...
Setting up libarchive-zip-perl (1.68-1) ...
Setting up libyaml-0-2:amd64 (0.2.2-1) ...
Setting up libhtml-tagset-perl (3.20-4) ...
Setting up libdebhelper-perl (13.5.2) ...
Setting up libsqlite3-0:amd64 (3.36.0-2) ...
Setting up liblwp-mediatypes-perl (6.04-1) ...
Setting up libtry-tiny-perl (0.30-1) ...
Setting up libmagic1:amd64 (1:5.39-3) ...
Setting up perl-openssl-defaults:amd64 (5) ...
Setting up gettext-base (0.21-4) ...
Setting up libencode-locale-perl (1.05-1.1) ...
Setting up libnpth0:amd64 (1.6-3) ...
Setting up file (1:5.39-3) ...
Setting up libassuan0:amd64 (2.5.5-1) ...
Setting up libsasl2-modules-db:amd64 (2.1.27+dfsg-2.1) ...
Setting up ruby-minitest (5.13.0-1) ...
Setting up autotools-dev (20180224.1+nmu1) ...
Setting up libgmpxx4ldbl:amd64 (2:6.2.1+dfsg-2) ...
Setting up ruby-test-unit (3.3.9-1) ...
Setting up gnupg-l10n (2.2.27-2) ...
Setting up ruby-net-telnet (0.1.1-2) ...
Setting up libsigsegv2:amd64 (2.13-1) ...
Setting up libio-html-perl (1.004-2) ...
Setting up autopoint (0.21-4) ...
Setting up libb-hooks-op-check-perl (0.22-1+b3) ...
Setting up libipc-run-perl (20200505.0-1) ...
Setting up libncursesw6:amd64 (6.2+20210905-1) ...
Setting up libsasl2-2:amd64 (2.1.27+dfsg-2.1) ...
Setting up ruby-rspec-support (3.9.0c2e2m1s3-2) ...
Setting up libtimedate-perl (2.3300-2) ...
Setting up dwz (0.14-1) ...
Setting up sensible-utils (0.0.17) ...
Setting up libuchardet0:amd64 (0.0.7-1) ...
Setting up libmpdec3:amd64 (2.5.1-2) ...
Setting up librole-tiny-perl (2.002004-1) ...
Setting up libsub-override-perl (0.09-2) ...
Setting up netbase (6.3) ...
Setting up libsub-quote-perl (2.006006-1) ...
Setting up libfile-dirlist-perl (0.05-2) ...
Setting up libfile-homedir-perl (1.006-1) ...
Setting up openssl (1.1.1l-1) ...
Setting up readline-common (8.1-2) ...
Setting up ruby-xmlrpc (0.3.0-2) ...
Setting up liburi-perl (5.08-1) ...
Setting up libfile-touch-perl (0.12-1) ...
Setting up libnet-ssleay-perl (1.88-3+b1) ...
Setting up pinentry-curses (1.1.0-4) ...
Setting up libfile-stripnondeterminism-perl (1.12.0-2) ...
Setting up libhttp-date-perl (6.05-1) ...
Setting up gettext (0.21-4) ...
Setting up libgmp-dev:amd64 (2:6.2.1+dfsg-2) ...
Setting up libfile-listing-perl (6.14-1) ...
Setting up libtool (2.4.6-15) ...
Setting up libreadline8:amd64 (8.1-2) ...
Setting up libldap-2.4-2:amd64 (2.4.59+dfsg-1) ...
Setting up libnet-http-perl (6.21-1) ...
Setting up m4 (1.4.18-5) ...
Setting up libdevel-callchecker-perl (0.008-1+b2) ...
Setting up intltool-debian (0.35.0+20060710.5) ...
Setting up patchutils (0.4.2-1) ...
Setting up ca-certificates (20211016) ...
Updating certificates in /etc/ssl/certs...
127 added, 0 removed; done.
Setting up autoconf (2.71-2) ...
Setting up dh-strip-nondeterminism (1.12.0-2) ...
Setting up libwww-robotrules-perl (6.02-1) ...
Setting up groff-base (1.22.4-7) ...
Setting up libhtml-parser-perl:amd64 (3.76-1) ...
Setting up gpgconf (2.2.27-2) ...
Setting up libio-socket-ssl-perl (2.072-1) ...
Setting up gpg (2.2.27-2) ...
Setting up libpython3.9-stdlib:amd64 (3.9.7-4) ...
Setting up libpython3-stdlib:amd64 (3.9.2-3) ...
Setting up gnupg-utils (2.2.27-2) ...
Setting up libhttp-message-perl (6.33-1) ...
Setting up automake (1:1.16.5-1) ...
update-alternatives: using /usr/bin/automake-1.16 to provide /usr/bin/automake (automake) in auto mode
Setting up libhttp-negotiate-perl (6.01-1) ...
Setting up gpg-agent (2.2.27-2) ...
Setting up libhttp-cookies-perl (6.10-1) ...
Setting up po-debconf (1.0.21+nmu1) ...
Setting up libhtml-tree-perl (5.07-2) ...
Setting up libparams-classify-perl (0.015-1+b3) ...
Setting up gpgsm (2.2.27-2) ...
Setting up rubygems-integration (1.18) ...
Setting up man-db (2.9.4-2) ...
Not building database; man-db/auto-update is not 'true'.
Setting up dh-autoreconf (20) ...
Setting up dirmngr (2.2.27-2) ...
Setting up libmodule-runtime-perl (0.016-1) ...
Setting up gpg-wks-server (2.2.27-2) ...
Setting up python3.9 (3.9.7-4) ...
Setting up gpg-wks-client (2.2.27-2) ...
Setting up libimport-into-perl (1.002005-1) ...
Setting up libmoo-perl (2.005004-2) ...
Setting up debhelper (13.5.2) ...
Setting up python3 (3.9.2-3) ...
Setting up gnupg (2.2.27-2) ...
Setting up liblwp-protocol-https-perl (6.10-1) ...
Setting up libwww-perl (6.57-1) ...
Setting up ruby-rubygems (3.2.27-2) ...
Setting up devscripts (2.21.4) ...
Setting up rake (13.0.3-1) ...
Setting up libruby2.7:amd64 (2.7.4-1+b1) ...
Setting up ruby2.7-dev:amd64 (2.7.4-1+b1) ...
Setting up ruby2.7 (2.7.4-1+b1) ...
Setting up ruby-all-dev:amd64 (1:2.7.5) ...
Setting up ruby (1:2.7.5) ...
Setting up ruby-rspec-core (3.9.0c2e2m1s3-2) ...
Setting up ruby-diff-lcs (1.4.4-1) ...
Setting up gem2deb-test-runner (1.6) ...
Setting up ruby-rspec-expectations (3.9.0c2e2m1s3-2) ...
Setting up ruby-rspec-mocks (3.9.0c2e2m1s3-2) ...
Setting up gem2deb (1.6) ...
Setting up ruby-rspec (3.9.0c2e2m1s3-2) ...
Setting up sbuild-build-depends-main-dummy (0.invalid.0) ...
Processing triggers for libc-bin (2.32-4) ...
Processing triggers for ca-certificates (20211016) ...
Updating certificates in /etc/ssl/certs...
0 added, 0 removed; done.
Running hooks in /etc/ca-certificates/update.d...
done.

+------------------------------------------------------------------------------+
| Check architectures                                                          |
+------------------------------------------------------------------------------+

Arch check ok (amd64 included in any)

+------------------------------------------------------------------------------+
| Build environment                                                            |
+------------------------------------------------------------------------------+

Kernel: Linux 4.19.0-6-cloud-amd64 #1 SMP Debian 4.19.67-2+deb10u2 (2019-11-11) amd64 (x86_64)
Toolchain package versions: binutils_2.37-7 dpkg-dev_1.20.9 g++-11_11.2.0-10 gcc-11_11.2.0-10 libc6-dev_2.32-4 libstdc++-11-dev_11.2.0-10 libstdc++6_11.2.0-10 linux-libc-dev_5.14.12-1
Package versions: adduser_3.118 apt_2.3.11 autoconf_2.71-2 automake_1:1.16.5-1 autopoint_0.21-4 autotools-dev_20180224.1+nmu1 base-files_12 base-passwd_3.5.52 bash_5.1-3+b2 binutils_2.37-7 binutils-common_2.37-7 binutils-x86-64-linux-gnu_2.37-7 bsdextrautils_2.37.2-4 bsdutils_1:2.37.2-4 build-essential_12.9 bzip2_1.0.8-4 ca-certificates_20211016 clang-12_1:12.0.1-15 coreutils_8.32-4+b1 cpp_4:11.2.0-2 cpp-11_11.2.0-10 dash_0.5.11+git20210120+802ebd4-2 debconf_1.5.78 debhelper_13.5.2 debian-archive-keyring_2021.1.1 debianutils_5.5-1 devscripts_2.21.4 dh-autoreconf_20 dh-strip-nondeterminism_1.12.0-2 diffutils_1:3.7-5 dirmngr_2.2.27-2 dpkg_1.20.9 dpkg-dev_1.20.9 dwz_0.14-1 e2fsprogs_1.46.4-1 fakeroot_1.26-1 file_1:5.39-3 findutils_4.8.0-1 g++_4:11.2.0-2 g++-11_11.2.0-10 gcc_4:11.2.0-2 gcc-10-base_10.3.0-11 gcc-11_11.2.0-10 gcc-11-base_11.2.0-10 gcc-9-base_9.4.0-3 gem2deb_1.6 gem2deb-test-runner_1.6 gettext_0.21-4 gettext-base_0.21-4 gnupg_2.2.27-2 gnupg-l10n_2.2.27-2 gnupg-utils_2.2.27-2 gpg_2.2.27-2 gpg-agent_2.2.27-2 gpg-wks-client_2.2.27-2 gpg-wks-server_2.2.27-2 gpgconf_2.2.27-2 gpgsm_2.2.27-2 gpgv_2.2.27-2 grep_3.7-1 groff-base_1.22.4-7 gzip_1.10-4 hostname_3.23 init-system-helpers_1.60 intltool-debian_0.35.0+20060710.5 lib32gcc-s1_11.2.0-10 lib32stdc++6_11.2.0-10 libacl1_2.3.1-1 libapt-pkg6.0_2.3.11 libarchive-zip-perl_1.68-1 libasan5_9.4.0-3 libasan6_11.2.0-10 libassuan0_2.5.5-1 libatomic1_11.2.0-10 libattr1_1:2.5.1-1 libaudit-common_1:3.0.6-1 libaudit1_1:3.0.6-1 libb-hooks-op-check-perl_0.22-1+b3 libbinutils_2.37-7 libblkid1_2.37.2-4 libbsd0_0.11.3-1 libbz2-1.0_1.0.8-4 libc-bin_2.32-4 libc-dev-bin_2.32-4 libc6_2.32-4 libc6-dev_2.32-4 libc6-i386_2.32-4 libcap-ng0_0.7.9-2.2+b1 libcap2_1:2.44-1 libcc1-0_11.2.0-10 libclang-common-12-dev_1:12.0.1-15 libclang-cpp12_1:12.0.1-15 libclang1-12_1:12.0.1-15 libclass-method-modifiers-perl_2.13-1 libcom-err2_1.46.4-1 libcrypt-dev_1:4.4.25-2 libcrypt1_1:4.4.25-2 libctf-nobfd0_2.37-7 libctf0_2.37-7 libdb5.3_5.3.28+dfsg1-0.8 libdebconfclient0_0.260 libdebhelper-perl_13.5.2 libdevel-callchecker-perl_0.008-1+b2 libdpkg-perl_1.20.9 libdynaloader-functions-perl_0.003-1.1 libedit2_3.1-20210910-1 libelf1_0.185-2 libencode-locale-perl_1.05-1.1 libexpat1_2.4.1-3 libext2fs2_1.46.4-1 libfakeroot_1.26-1 libffi8_3.4.2-3 libfile-dirlist-perl_0.05-2 libfile-homedir-perl_1.006-1 libfile-listing-perl_6.14-1 libfile-stripnondeterminism-perl_1.12.0-2 libfile-touch-perl_0.12-1 libfile-which-perl_1.23-1 libgc1_1:8.0.4-3 libgcc-11-dev_11.2.0-10 libgcc-9-dev_9.4.0-3 libgcc-s1_11.2.0-10 libgcrypt20_1.9.4-3+b1 libgdbm-compat4_1.22-1 libgdbm6_1.22-1 libgmp-dev_2:6.2.1+dfsg-2 libgmp10_2:6.2.1+dfsg-2 libgmpxx4ldbl_2:6.2.1+dfsg-2 libgnutls30_3.7.2-2 libgomp1_11.2.0-10 libgpg-error0_1.42-3 libgssapi-krb5-2_1.18.3-7 libhogweed6_3.7.3-1 libhtml-parser-perl_3.76-1 libhtml-tagset-perl_3.20-4 libhtml-tree-perl_5.07-2 libhttp-cookies-perl_6.10-1 libhttp-date-perl_6.05-1 libhttp-message-perl_6.33-1 libhttp-negotiate-perl_6.01-1 libicu67_67.1-7 libidn2-0_2.3.2-2 libimport-into-perl_1.002005-1 libio-html-perl_1.004-2 libio-pty-perl_1:1.15-2 libio-socket-ssl-perl_2.072-1 libipc-run-perl_20200505.0-1 libisl23_0.24-2 libitm1_11.2.0-10 libk5crypto3_1.18.3-7 libkeyutils1_1.6.1-2 libkrb5-3_1.18.3-7 libkrb5support0_1.18.3-7 libksba8_1.6.0-2 libldap-2.4-2_2.4.59+dfsg-1 libllvm12_1:12.0.1-15 liblsan0_11.2.0-10 liblwp-mediatypes-perl_6.04-1 liblwp-protocol-https-perl_6.10-1 liblz4-1_1.9.3-2 liblzma5_5.2.5-2 libmagic-mgc_1:5.39-3 libmagic1_1:5.39-3 libmd0_1.0.4-1 libmodule-runtime-perl_0.016-1 libmoo-perl_2.005004-2 libmount1_2.37.2-4 libmpc3_1.2.1-1 libmpdec3_2.5.1-2 libmpfr6_4.1.0-3 libncursesw6_6.2+20210905-1 libnet-http-perl_6.21-1 libnet-ssleay-perl_1.88-3+b1 libnettle8_3.7.3-1 libnpth0_1.6-3 libnsl-dev_1.3.0-2 libnsl2_1.3.0-2 libobjc-11-dev_11.2.0-10 libobjc-9-dev_9.4.0-3 libobjc4_11.2.0-10 libomp-12-dev_1:12.0.1-15 libomp5-12_1:12.0.1-15 libp11-kit0_0.24.0-5 libpam-modules_1.4.0-10 libpam-modules-bin_1.4.0-10 libpam-runtime_1.4.0-10 libpam0g_1.4.0-10 libparams-classify-perl_0.015-1+b3 libpcre2-8-0_10.36-2 libpcre3_2:8.39-13 libperl5.32_5.32.1-6 libpipeline1_1.5.3-1 libpython3-stdlib_3.9.2-3 libpython3.9-minimal_3.9.7-4 libpython3.9-stdlib_3.9.7-4 libquadmath0_11.2.0-10 libreadline8_8.1-2 librole-tiny-perl_2.002004-1 libruby2.7_2.7.4-1+b1 libsasl2-2_2.1.27+dfsg-2.1 libsasl2-modules-db_2.1.27+dfsg-2.1 libseccomp2_2.5.2-2 libselinux1_3.1-3 libsemanage-common_3.1-1 libsemanage1_3.1-1+b2 libsepol1_3.1-1 libsigsegv2_2.13-1 libsmartcols1_2.37.2-4 libsqlite3-0_3.36.0-2 libss2_1.46.4-1 libssl1.1_1.1.1l-1 libstdc++-11-dev_11.2.0-10 libstdc++6_11.2.0-10 libsub-override-perl_0.09-2 libsub-quote-perl_2.006006-1 libsystemd0_249.5-1 libtasn1-6_4.17.0-2 libtimedate-perl_2.3300-2 libtinfo6_6.2+20210905-1 libtirpc-common_1.3.2-2 libtirpc-dev_1.3.2-2 libtirpc3_1.3.2-2 libtool_2.4.6-15 libtry-tiny-perl_0.30-1 libtsan0_11.2.0-10 libubsan1_11.2.0-10 libuchardet0_0.0.7-1 libudev1_249.5-1 libunistring2_0.9.10-6 libunwind-12_1:12.0.1-15 liburi-perl_5.08-1 libuuid1_2.37.2-4 libwww-perl_6.57-1 libwww-robotrules-perl_6.02-1 libxml2_2.9.12+dfsg-5 libxxhash0_0.8.0-2 libyaml-0-2_0.2.2-1 libz3-4_4.8.12-1+b1 libzstd1_1.4.8+dfsg-3 linux-libc-dev_5.14.12-1 llvm-12-linker-tools_1:12.0.1-15 login_1:4.8.1-1 logsave_1.46.4-1 lsb-base_11.1.0 m4_1.4.18-5 make_4.3-4.1 man-db_2.9.4-2 mawk_1.3.4.20200120-2 media-types_4.0.0 mount_2.37.2-4 ncurses-base_6.2+20210905-1 ncurses-bin_6.2+20210905-1 netbase_6.3 openssl_1.1.1l-1 passwd_1:4.8.1-1 patch_2.7.6-7 patchutils_0.4.2-1 perl_5.32.1-6 perl-base_5.32.1-6 perl-modules-5.32_5.32.1-6 perl-openssl-defaults_5 pinentry-curses_1.1.0-4 po-debconf_1.0.21+nmu1 python3_3.9.2-3 python3-minimal_3.9.2-3 python3.9_3.9.7-4 python3.9-minimal_3.9.7-4 qt5-qmake_5.15.2+dfsg-12 qt5-qmake-bin_5.15.2+dfsg-12 qtchooser_66-2 rake_13.0.3-1 readline-common_8.1-2 rpcsvc-proto_1.4.2-4 ruby_1:2.7.5 ruby-all-dev_1:2.7.5 ruby-diff-lcs_1.4.4-1 ruby-minitest_5.13.0-1 ruby-net-telnet_0.1.1-2 ruby-power-assert_1.1.7-2 ruby-rspec_3.9.0c2e2m1s3-2 ruby-rspec-core_3.9.0c2e2m1s3-2 ruby-rspec-expectations_3.9.0c2e2m1s3-2 ruby-rspec-mocks_3.9.0c2e2m1s3-2 ruby-rspec-support_3.9.0c2e2m1s3-2 ruby-rubygems_3.2.27-2 ruby-test-unit_3.3.9-1 ruby-xmlrpc_0.3.0-2 ruby2.7_2.7.4-1+b1 ruby2.7-dev_2.7.4-1+b1 rubygems-integration_1.18 sbuild-build-depends-main-dummy_0.invalid.0 sed_4.8-1 sensible-utils_0.0.17 sysvinit-utils_3.00-1 tar_1.34+dfsg-1 tzdata_2021e-1 util-linux_2.37.2-4 wdiff_1.2.2-2+b1 xz-utils_5.2.5-2 zlib1g_1:1.2.11.dfsg-2

+------------------------------------------------------------------------------+
| Build                                                                        |
+------------------------------------------------------------------------------+


Unpack source
-------------

-----BEGIN PGP SIGNED MESSAGE-----
Hash: SHA512

Format: 3.0 (quilt)
Source: ruby-thrift
Binary: ruby-thrift
Architecture: any
Version: 0.14.0-2
Maintainer: Debian Ruby Team <pkg-ruby-extras-maintainers@lists.alioth.debian.org>
Uploaders: Utkarsh Gupta <guptautkarsh2102@gmail.com>
Homepage: https://thrift.apache.org
Standards-Version: 4.6.0
Vcs-Browser: https://salsa.debian.org/ruby-team/ruby-thrift
Vcs-Git: https://salsa.debian.org/ruby-team/ruby-thrift.git
Testsuite: autopkgtest-pkg-ruby
Build-Depends: debhelper-compat (= 13), gem2deb (>= 1.0), rake, ruby-rspec
Package-List:
 ruby-thrift deb ruby optional arch=any
Checksums-Sha1:
 7d5a86de84aef56c25b8fb571f6be807e9efec68 73371 ruby-thrift_0.14.0.orig.tar.gz
 774ce7cb7f69d99c9248ba91dc8095feddf633b5 2092 ruby-thrift_0.14.0-2.debian.tar.xz
Checksums-Sha256:
 3f145c8ab77b7d2728c56c80ca077550492bc8f4d8cbbb9d25885280a73dab60 73371 ruby-thrift_0.14.0.orig.tar.gz
 2944957925185c3a165610687e1f83b3885acbc366cf00fb84adcfe3999035f8 2092 ruby-thrift_0.14.0-2.debian.tar.xz
Files:
 fc553496197b9411fe57753fb285c834 73371 ruby-thrift_0.14.0.orig.tar.gz
 ef39605939702c15da9a1b8d6de62170 2092 ruby-thrift_0.14.0-2.debian.tar.xz
Ruby-Versions: all

-----BEGIN PGP SIGNATURE-----

iQIzBAEBCgAdFiEE0whj4mAg5UP0cZqDj1PgGTspS3UFAmEpU6oACgkQj1PgGTsp
S3WNmw/+Nl1Sstnip/VXStJdm2oFvZD1FeQ5ac28wcVFk6M1OKAD2r9F0s6a3Iu9
Vgm84d1v0SzazRmWdYRpt4ksK5xrUOKGvQ4JdHYg6iuaqAEORAyvYrfc8azEvlCj
aWJrRGufCIpZ4iVLPBTj1nvfMeZaCEF6sSJt3vUW+1FXw08je0nXe7yH/0eXyGfC
GtERMYczbc//LOdFeBvOSf48CzUkxeAf29luh3w+PzsZBjIT2I1Ub3bnWAHsuUSX
rMHzNgqcypsAAnffm/iJYzjfPpmvkci6dVY+RiPDTAi0h2NIqVjYaLlz/0cXkpFo
RaSTCS4pbYzrXT6YXcUhVE9yZBP8mzegqyacmRqJnM5aoqa6rjdQ5PSDuWsPoX52
PqopykXLNKroHBKfcHrVbaKMHMBamWcIXoCjAc6K5rgA32p/FXm33nZI+GMA2aPl
Qc85f4Gwlt5qmpgMtvpz4fgUIq9w34aMYZHrwkcjSo0MsYk8JfgKzJi4iP0WaigH
iueLGtka++o4PE/PylxHTv3b7Zn5qeHkx9ieDUfIARFaPxSZaiDp+pp++CVL2HcJ
bahH+FxMQWlvUHYjr87+NUCB7j+16pab1bbNI8IGgVk9PrkcT1syOSOitCcyoPRr
7s39CtroEwerdvoqYjm/B28MOFI/5xqFIoelArSiU4DZ/VxaBaQ=
=puwz
-----END PGP SIGNATURE-----

gpgv: unknown type of key resource 'trustedkeys.kbx'
gpgv: keyblock resource '/tmp/dpkg-verify-sig.G4p4_IPP/trustedkeys.kbx': General error
gpgv: Signature made Fri Aug 27 21:05:46 2021 UTC
gpgv:                using RSA key D30863E26020E543F4719A838F53E0193B294B75
gpgv: Can't check signature: No public key
dpkg-source: warning: failed to verify signature on ./ruby-thrift_0.14.0-2.dsc
dpkg-source: info: extracting ruby-thrift in /<<PKGBUILDDIR>>
dpkg-source: info: unpacking ruby-thrift_0.14.0.orig.tar.gz
dpkg-source: info: unpacking ruby-thrift_0.14.0-2.debian.tar.xz

Check disk space
----------------

Sufficient free space for build

User Environment
----------------

APT_CONFIG=/var/lib/sbuild/apt.conf
HOME=/sbuild-nonexistent
LANG=C.UTF-8
LC_ALL=C.UTF-8
LOGNAME=user42
PATH=/usr/local/sbin:/usr/local/bin:/usr/sbin:/usr/bin:/sbin:/bin:/usr/games
SCHROOT_ALIAS_NAME=unstable
SCHROOT_CHROOT_NAME=sid-amd64-sbuild
SCHROOT_COMMAND=env
SCHROOT_GID=1001
SCHROOT_GROUP=user42
SCHROOT_SESSION_ID=sid-amd64-sbuild-ff429292-97d9-46df-93cf-eb987748a650
SCHROOT_UID=1001
SCHROOT_USER=user42
SHELL=/bin/sh
USER=user42

dpkg-buildpackage
-----------------

Command: dpkg-buildpackage -us -uc -b -rfakeroot
dpkg-buildpackage: info: source package ruby-thrift
dpkg-buildpackage: info: source version 0.14.0-2
dpkg-buildpackage: info: source distribution unstable
dpkg-buildpackage: info: source changed by Pirate Praveen <praveen@debian.org>
 dpkg-source --before-build .
dpkg-buildpackage: info: host architecture amd64
 debian/rules clean
dh clean --buildsystem=ruby --with ruby
   dh_auto_clean -O--buildsystem=ruby
	dh_ruby --clean
   dh_ruby --clean
   dh_autoreconf_clean -O--buildsystem=ruby
   dh_clean -O--buildsystem=ruby
 debian/rules binary
dh binary --buildsystem=ruby --with ruby
   dh_update_autotools_config -O--buildsystem=ruby
   dh_autoreconf -O--buildsystem=ruby
   dh_auto_configure -O--buildsystem=ruby
	dh_ruby --configure
   dh_auto_build -O--buildsystem=ruby
	dh_ruby --build
   dh_ruby --build
   dh_auto_test -O--buildsystem=ruby
	dh_ruby --test
   create-stamp debian/debhelper-build-stamp
   dh_testroot -O--buildsystem=ruby
   dh_prep -O--buildsystem=ruby
   dh_auto_install --destdir=debian/ruby-thrift/ -O--buildsystem=ruby
	dh_ruby --install /<<PKGBUILDDIR>>/debian/ruby-thrift
   dh_ruby --install


 Install files                                                                


install -d /<<PKGBUILDDIR>>/debian/ruby-thrift/usr/lib/ruby/vendor_ruby
install -D -m644 /<<PKGBUILDDIR>>/lib/thrift/server/thread_pool_server.rb /<<PKGBUILDDIR>>/debian/ruby-thrift/usr/lib/ruby/vendor_ruby/thrift/server/thread_pool_server.rb
install -D -m644 /<<PKGBUILDDIR>>/lib/thrift/server/simple_server.rb /<<PKGBUILDDIR>>/debian/ruby-thrift/usr/lib/ruby/vendor_ruby/thrift/server/simple_server.rb
install -D -m644 /<<PKGBUILDDIR>>/lib/thrift/server/base_server.rb /<<PKGBUILDDIR>>/debian/ruby-thrift/usr/lib/ruby/vendor_ruby/thrift/server/base_server.rb
install -D -m644 /<<PKGBUILDDIR>>/lib/thrift/server/thin_http_server.rb /<<PKGBUILDDIR>>/debian/ruby-thrift/usr/lib/ruby/vendor_ruby/thrift/server/thin_http_server.rb
install -D -m644 /<<PKGBUILDDIR>>/lib/thrift/server/mongrel_http_server.rb /<<PKGBUILDDIR>>/debian/ruby-thrift/usr/lib/ruby/vendor_ruby/thrift/server/mongrel_http_server.rb
install -D -m644 /<<PKGBUILDDIR>>/lib/thrift/server/threaded_server.rb /<<PKGBUILDDIR>>/debian/ruby-thrift/usr/lib/ruby/vendor_ruby/thrift/server/threaded_server.rb
install -D -m644 /<<PKGBUILDDIR>>/lib/thrift/server/nonblocking_server.rb /<<PKGBUILDDIR>>/debian/ruby-thrift/usr/lib/ruby/vendor_ruby/thrift/server/nonblocking_server.rb
install -D -m644 /<<PKGBUILDDIR>>/lib/thrift/core_ext/fixnum.rb /<<PKGBUILDDIR>>/debian/ruby-thrift/usr/lib/ruby/vendor_ruby/thrift/core_ext/fixnum.rb
install -D -m644 /<<PKGBUILDDIR>>/lib/thrift/thrift_native.rb /<<PKGBUILDDIR>>/debian/ruby-thrift/usr/lib/ruby/vendor_ruby/thrift/thrift_native.rb
install -D -m644 /<<PKGBUILDDIR>>/lib/thrift/types.rb /<<PKGBUILDDIR>>/debian/ruby-thrift/usr/lib/ruby/vendor_ruby/thrift/types.rb
install -D -m644 /<<PKGBUILDDIR>>/lib/thrift/struct_union.rb /<<PKGBUILDDIR>>/debian/ruby-thrift/usr/lib/ruby/vendor_ruby/thrift/struct_union.rb
install -D -m644 /<<PKGBUILDDIR>>/lib/thrift/processor.rb /<<PKGBUILDDIR>>/debian/ruby-thrift/usr/lib/ruby/vendor_ruby/thrift/processor.rb
install -D -m644 /<<PKGBUILDDIR>>/lib/thrift/client.rb /<<PKGBUILDDIR>>/debian/ruby-thrift/usr/lib/ruby/vendor_ruby/thrift/client.rb
install -D -m644 /<<PKGBUILDDIR>>/lib/thrift/struct.rb /<<PKGBUILDDIR>>/debian/ruby-thrift/usr/lib/ruby/vendor_ruby/thrift/struct.rb
install -D -m644 /<<PKGBUILDDIR>>/lib/thrift/transport/base_transport.rb /<<PKGBUILDDIR>>/debian/ruby-thrift/usr/lib/ruby/vendor_ruby/thrift/transport/base_transport.rb
install -D -m644 /<<PKGBUILDDIR>>/lib/thrift/transport/framed_transport.rb /<<PKGBUILDDIR>>/debian/ruby-thrift/usr/lib/ruby/vendor_ruby/thrift/transport/framed_transport.rb
install -D -m644 /<<PKGBUILDDIR>>/lib/thrift/transport/unix_server_socket.rb /<<PKGBUILDDIR>>/debian/ruby-thrift/usr/lib/ruby/vendor_ruby/thrift/transport/unix_server_socket.rb
install -D -m644 /<<PKGBUILDDIR>>/lib/thrift/transport/unix_socket.rb /<<PKGBUILDDIR>>/debian/ruby-thrift/usr/lib/ruby/vendor_ruby/thrift/transport/unix_socket.rb
install -D -m644 /<<PKGBUILDDIR>>/lib/thrift/transport/socket.rb /<<PKGBUILDDIR>>/debian/ruby-thrift/usr/lib/ruby/vendor_ruby/thrift/transport/socket.rb
install -D -m644 /<<PKGBUILDDIR>>/lib/thrift/transport/http_client_transport.rb /<<PKGBUILDDIR>>/debian/ruby-thrift/usr/lib/ruby/vendor_ruby/thrift/transport/http_client_transport.rb
install -D -m644 /<<PKGBUILDDIR>>/lib/thrift/transport/base_server_transport.rb /<<PKGBUILDDIR>>/debian/ruby-thrift/usr/lib/ruby/vendor_ruby/thrift/transport/base_server_transport.rb
install -D -m644 /<<PKGBUILDDIR>>/lib/thrift/transport/server_socket.rb /<<PKGBUILDDIR>>/debian/ruby-thrift/usr/lib/ruby/vendor_ruby/thrift/transport/server_socket.rb
install -D -m644 /<<PKGBUILDDIR>>/lib/thrift/transport/memory_buffer_transport.rb /<<PKGBUILDDIR>>/debian/ruby-thrift/usr/lib/ruby/vendor_ruby/thrift/transport/memory_buffer_transport.rb
install -D -m644 /<<PKGBUILDDIR>>/lib/thrift/transport/ssl_socket.rb /<<PKGBUILDDIR>>/debian/ruby-thrift/usr/lib/ruby/vendor_ruby/thrift/transport/ssl_socket.rb
install -D -m644 /<<PKGBUILDDIR>>/lib/thrift/transport/buffered_transport.rb /<<PKGBUILDDIR>>/debian/ruby-thrift/usr/lib/ruby/vendor_ruby/thrift/transport/buffered_transport.rb
install -D -m644 /<<PKGBUILDDIR>>/lib/thrift/transport/io_stream_transport.rb /<<PKGBUILDDIR>>/debian/ruby-thrift/usr/lib/ruby/vendor_ruby/thrift/transport/io_stream_transport.rb
install -D -m644 /<<PKGBUILDDIR>>/lib/thrift/transport/ssl_server_socket.rb /<<PKGBUILDDIR>>/debian/ruby-thrift/usr/lib/ruby/vendor_ruby/thrift/transport/ssl_server_socket.rb
install -D -m644 /<<PKGBUILDDIR>>/lib/thrift/union.rb /<<PKGBUILDDIR>>/debian/ruby-thrift/usr/lib/ruby/vendor_ruby/thrift/union.rb
install -D -m644 /<<PKGBUILDDIR>>/lib/thrift/protocol/base_protocol.rb /<<PKGBUILDDIR>>/debian/ruby-thrift/usr/lib/ruby/vendor_ruby/thrift/protocol/base_protocol.rb
install -D -m644 /<<PKGBUILDDIR>>/lib/thrift/protocol/compact_protocol.rb /<<PKGBUILDDIR>>/debian/ruby-thrift/usr/lib/ruby/vendor_ruby/thrift/protocol/compact_protocol.rb
install -D -m644 /<<PKGBUILDDIR>>/lib/thrift/protocol/binary_protocol.rb /<<PKGBUILDDIR>>/debian/ruby-thrift/usr/lib/ruby/vendor_ruby/thrift/protocol/binary_protocol.rb
install -D -m644 /<<PKGBUILDDIR>>/lib/thrift/protocol/protocol_decorator.rb /<<PKGBUILDDIR>>/debian/ruby-thrift/usr/lib/ruby/vendor_ruby/thrift/protocol/protocol_decorator.rb
install -D -m644 /<<PKGBUILDDIR>>/lib/thrift/protocol/binary_protocol_accelerated.rb /<<PKGBUILDDIR>>/debian/ruby-thrift/usr/lib/ruby/vendor_ruby/thrift/protocol/binary_protocol_accelerated.rb
install -D -m644 /<<PKGBUILDDIR>>/lib/thrift/protocol/multiplexed_protocol.rb /<<PKGBUILDDIR>>/debian/ruby-thrift/usr/lib/ruby/vendor_ruby/thrift/protocol/multiplexed_protocol.rb
install -D -m644 /<<PKGBUILDDIR>>/lib/thrift/protocol/json_protocol.rb /<<PKGBUILDDIR>>/debian/ruby-thrift/usr/lib/ruby/vendor_ruby/thrift/protocol/json_protocol.rb
install -D -m644 /<<PKGBUILDDIR>>/lib/thrift/bytes.rb /<<PKGBUILDDIR>>/debian/ruby-thrift/usr/lib/ruby/vendor_ruby/thrift/bytes.rb
install -D -m644 /<<PKGBUILDDIR>>/lib/thrift/multiplexed_processor.rb /<<PKGBUILDDIR>>/debian/ruby-thrift/usr/lib/ruby/vendor_ruby/thrift/multiplexed_processor.rb
install -D -m644 /<<PKGBUILDDIR>>/lib/thrift/core_ext.rb /<<PKGBUILDDIR>>/debian/ruby-thrift/usr/lib/ruby/vendor_ruby/thrift/core_ext.rb
install -D -m644 /<<PKGBUILDDIR>>/lib/thrift/serializer/serializer.rb /<<PKGBUILDDIR>>/debian/ruby-thrift/usr/lib/ruby/vendor_ruby/thrift/serializer/serializer.rb
install -D -m644 /<<PKGBUILDDIR>>/lib/thrift/serializer/deserializer.rb /<<PKGBUILDDIR>>/debian/ruby-thrift/usr/lib/ruby/vendor_ruby/thrift/serializer/deserializer.rb
install -D -m644 /<<PKGBUILDDIR>>/lib/thrift/exceptions.rb /<<PKGBUILDDIR>>/debian/ruby-thrift/usr/lib/ruby/vendor_ruby/thrift/exceptions.rb
install -D -m644 /<<PKGBUILDDIR>>/lib/thrift.rb /<<PKGBUILDDIR>>/debian/ruby-thrift/usr/lib/ruby/vendor_ruby/thrift.rb


 Build native extensions for ruby2.7                                          


/usr/bin/ruby2.7 /usr/lib/ruby/vendor_ruby/gem2deb/extension_builder.rb /<<PKGBUILDDIR>> debian/ruby-thrift
current directory: /<<PKGBUILDDIR>>/ext
["/usr/bin/ruby2.7", "-I", "/usr/lib/ruby/vendor_ruby", "-r", "./siteconf20211026-31699-1r4c5r5.rb", "extconf.rb"]
checking for strlcpy() in string.h... *** extconf.rb failed ***
Could not create Makefile due to some reason, probably lack of necessary
libraries and/or headers.  Check the mkmf.log file for more details.  You may
need configuration options.

Provided configuration options:
	--with-opt-dir
	--without-opt-dir
	--with-opt-include
	--without-opt-include=${opt-dir}/include
	--with-opt-lib
	--without-opt-lib=${opt-dir}/lib
	--with-make-prog
	--without-make-prog
	--srcdir=.
	--curdir
	--ruby=/usr/bin/$(RUBY_BASE_NAME)2.7
/usr/lib/ruby/2.7.0/mkmf.rb:471:in `try_do': The compiler failed to generate an executable file. (RuntimeError)
You have to install development tools first.
	from /usr/lib/ruby/2.7.0/mkmf.rb:564:in `try_link0'
	from /usr/lib/ruby/2.7.0/mkmf.rb:582:in `try_link'
	from /usr/lib/ruby/2.7.0/mkmf.rb:794:in `try_func'
	from /usr/lib/ruby/2.7.0/mkmf.rb:1083:in `block in have_func'
	from /usr/lib/ruby/2.7.0/mkmf.rb:971:in `block in checking_for'
	from /usr/lib/ruby/2.7.0/mkmf.rb:361:in `block (2 levels) in postpone'
	from /usr/lib/ruby/2.7.0/mkmf.rb:331:in `open'
	from /usr/lib/ruby/2.7.0/mkmf.rb:361:in `block in postpone'
	from /usr/lib/ruby/2.7.0/mkmf.rb:331:in `open'
	from /usr/lib/ruby/2.7.0/mkmf.rb:357:in `postpone'
	from /usr/lib/ruby/2.7.0/mkmf.rb:970:in `checking_for'
	from /usr/lib/ruby/2.7.0/mkmf.rb:1082:in `have_func'
	from extconf.rb:31:in `<main>'
~~~~~~~~~~~~~~~~~~~~~  mkmf.log ~~~~~~~~~~~~~~~~~~~~~
"x86_64-linux-gnu-gcc -o conftest -I/usr/include/x86_64-linux-gnu/ruby-2.7.0 -I/usr/include/ruby-2.7.0/ruby/backward -I/usr/include/ruby-2.7.0 -I. -Wdate-time -D_FORTIFY_SOURCE=2   -fsigned-char -g -O2 -Wall -Werror  conftest.c  -L. -L/usr/lib/x86_64-linux-gnu -L. -Wl,-z,relro -Wl,-z,now -fstack-protector-strong -rdynamic -Wl,-export-dynamic     -lruby-2.7  -lm   -lc"
In file included from conftest.c:1:
In file included from /usr/include/ruby-2.7.0/ruby.h:33:
/usr/include/ruby-2.7.0/ruby/ruby.h:1863:1: error: unknown attribute '__error__' ignored [-Werror,-Wunknown-attributes]
ERRORFUNC((" argument length doesn't match"), int rb_varargs_bad_length(int,int));
^~~~~~~~~~~~~~~~~~~~~~~~~~~~~~~~~~~~~~~~~~~~~~~~~~~~~~~~~~~~~~~~~~~~~~~~~~~~~~~~~
/usr/include/x86_64-linux-gnu/ruby-2.7.0/ruby/config.h:165:43: note: expanded from macro 'ERRORFUNC'
#define ERRORFUNC(mesg,x) __attribute__ ((__error__ mesg)) x
                                          ^~~~~~~~~~~~~~
In file included from conftest.c:1:
In file included from /usr/include/ruby-2.7.0/ruby.h:33:
/usr/include/ruby-2.7.0/ruby/ruby.h:2345:1: error: unknown attribute '__error__' ignored [-Werror,-Wunknown-attributes]
ERRORFUNC(("bad scan arg format"), void rb_scan_args_bad_format(const char*));
^~~~~~~~~~~~~~~~~~~~~~~~~~~~~~~~~~~~~~~~~~~~~~~~~~~~~~~~~~~~~~~~~~~~~~~~~~~~~
/usr/include/x86_64-linux-gnu/ruby-2.7.0/ruby/config.h:165:43: note: expanded from macro 'ERRORFUNC'
#define ERRORFUNC(mesg,x) __attribute__ ((__error__ mesg)) x
                                          ^~~~~~~~~~~~~~
In file included from conftest.c:1:
In file included from /usr/include/ruby-2.7.0/ruby.h:33:
/usr/include/ruby-2.7.0/ruby/ruby.h:2346:1: error: unknown attribute '__error__' ignored [-Werror,-Wunknown-attributes]
ERRORFUNC(("variable argument length doesn't match"), void rb_scan_args_length_mismatch(const char*,int));
^~~~~~~~~~~~~~~~~~~~~~~~~~~~~~~~~~~~~~~~~~~~~~~~~~~~~~~~~~~~~~~~~~~~~~~~~~~~~~~~~~~~~~~~~~~~~~~~~~~~~~~~~
/usr/include/x86_64-linux-gnu/ruby-2.7.0/ruby/config.h:165:43: note: expanded from macro 'ERRORFUNC'
#define ERRORFUNC(mesg,x) __attribute__ ((__error__ mesg)) x
                                          ^~~~~~~~~~~~~~
In file included from conftest.c:1:
In file included from /usr/include/ruby-2.7.0/ruby.h:33:
In file included from /usr/include/ruby-2.7.0/ruby/ruby.h:2760:
/usr/include/ruby-2.7.0/ruby/backward.h:6:1: error: attribute '__deprecated__' is ignored, place it after "struct" to apply attribute to type declaration [-Werror,-Wignored-attributes]
DEPRECATED_TYPE(("RClass is internal use only"),
^
/usr/include/x86_64-linux-gnu/ruby-2.7.0/ruby/config.h:157:49: note: expanded from macro 'DEPRECATED_TYPE'
#define DEPRECATED_TYPE(mesg,x) __attribute__ ((__deprecated__ mesg)) x
                                                ^
In file included from conftest.c:1:
In file included from /usr/include/ruby-2.7.0/ruby.h:33:
In file included from /usr/include/ruby-2.7.0/ruby/ruby.h:2760:
/usr/include/ruby-2.7.0/ruby/backward.h:16:1: error: unknown attribute '__error__' ignored [-Werror,-Wunknown-attributes]
DECLARE_DEPRECATED_FEATURE(2.2, rb_disable_super);
^~~~~~~~~~~~~~~~~~~~~~~~~~~~~~~~~~~~~~~~~~~~~~~~~
/usr/include/ruby-2.7.0/ruby/backward.h:13:14: note: expanded from macro 'DECLARE_DEPRECATED_FEATURE'
    NORETURN(ERRORFUNC(("deprecated since "#ver), DEPRECATED(void func(void))))
    ~~~~~~~~~^~~~~~~~~~~~~~~~~~~~~~~~~~~~~~~~~~~~~~~~~~~~~~~~~~~~~~~~~~~~~~~~~~
/usr/include/x86_64-linux-gnu/ruby-2.7.0/ruby/config.h:165:43: note: expanded from macro 'ERRORFUNC'
#define ERRORFUNC(mesg,x) __attribute__ ((__error__ mesg)) x
                                          ^
/usr/include/x86_64-linux-gnu/ruby-2.7.0/ruby/config.h:154:52: note: expanded from macro 'NORETURN'
#define NORETURN(x) __attribute__ ((__noreturn__)) x
                                                   ^
In file included from conftest.c:1:
In file included from /usr/include/ruby-2.7.0/ruby.h:33:
In file included from /usr/include/ruby-2.7.0/ruby/ruby.h:2760:
/usr/include/ruby-2.7.0/ruby/backward.h:17:1: error: unknown attribute '__error__' ignored [-Werror,-Wunknown-attributes]
DECLARE_DEPRECATED_FEATURE(2.2, rb_enable_super);
^~~~~~~~~~~~~~~~~~~~~~~~~~~~~~~~~~~~~~~~~~~~~~~~
/usr/include/ruby-2.7.0/ruby/backward.h:13:14: note: expanded from macro 'DECLARE_DEPRECATED_FEATURE'
    NORETURN(ERRORFUNC(("deprecated since "#ver), DEPRECATED(void func(void))))
    ~~~~~~~~~^~~~~~~~~~~~~~~~~~~~~~~~~~~~~~~~~~~~~~~~~~~~~~~~~~~~~~~~~~~~~~~~~~
/usr/include/x86_64-linux-gnu/ruby-2.7.0/ruby/config.h:165:43: note: expanded from macro 'ERRORFUNC'
#define ERRORFUNC(mesg,x) __attribute__ ((__error__ mesg)) x
                                          ^
/usr/include/x86_64-linux-gnu/ruby-2.7.0/ruby/config.h:154:52: note: expanded from macro 'NORETURN'
#define NORETURN(x) __attribute__ ((__noreturn__)) x
                                                   ^
In file included from conftest.c:1:
In file included from /usr/include/ruby-2.7.0/ruby.h:33:
In file included from /usr/include/ruby-2.7.0/ruby/ruby.h:2760:
/usr/include/ruby-2.7.0/ruby/backward.h:20:1: error: unknown attribute '__error__' ignored [-Werror,-Wunknown-attributes]
DECLARE_DEPRECATED_FEATURE(2.2, rb_hash_iter_lev);
^~~~~~~~~~~~~~~~~~~~~~~~~~~~~~~~~~~~~~~~~~~~~~~~~
/usr/include/ruby-2.7.0/ruby/backward.h:13:14: note: expanded from macro 'DECLARE_DEPRECATED_FEATURE'
    NORETURN(ERRORFUNC(("deprecated since "#ver), DEPRECATED(void func(void))))
    ~~~~~~~~~^~~~~~~~~~~~~~~~~~~~~~~~~~~~~~~~~~~~~~~~~~~~~~~~~~~~~~~~~~~~~~~~~~
/usr/include/x86_64-linux-gnu/ruby-2.7.0/ruby/config.h:165:43: note: expanded from macro 'ERRORFUNC'
#define ERRORFUNC(mesg,x) __attribute__ ((__error__ mesg)) x
                                          ^
/usr/include/x86_64-linux-gnu/ruby-2.7.0/ruby/config.h:154:52: note: expanded from macro 'NORETURN'
#define NORETURN(x) __attribute__ ((__noreturn__)) x
                                                   ^
In file included from conftest.c:1:
In file included from /usr/include/ruby-2.7.0/ruby.h:33:
In file included from /usr/include/ruby-2.7.0/ruby/ruby.h:2760:
/usr/include/ruby-2.7.0/ruby/backward.h:21:1: error: unknown attribute '__error__' ignored [-Werror,-Wunknown-attributes]
DECLARE_DEPRECATED_FEATURE(2.2, rb_hash_ifnone);
^~~~~~~~~~~~~~~~~~~~~~~~~~~~~~~~~~~~~~~~~~~~~~~
/usr/include/ruby-2.7.0/ruby/backward.h:13:14: note: expanded from macro 'DECLARE_DEPRECATED_FEATURE'
    NORETURN(ERRORFUNC(("deprecated since "#ver), DEPRECATED(void func(void))))
    ~~~~~~~~~^~~~~~~~~~~~~~~~~~~~~~~~~~~~~~~~~~~~~~~~~~~~~~~~~~~~~~~~~~~~~~~~~~
/usr/include/x86_64-linux-gnu/ruby-2.7.0/ruby/config.h:165:43: note: expanded from macro 'ERRORFUNC'
#define ERRORFUNC(mesg,x) __attribute__ ((__error__ mesg)) x
                                          ^
/usr/include/x86_64-linux-gnu/ruby-2.7.0/ruby/config.h:154:52: note: expanded from macro 'NORETURN'
#define NORETURN(x) __attribute__ ((__noreturn__)) x
                                                   ^
In file included from conftest.c:1:
In file included from /usr/include/ruby-2.7.0/ruby.h:33:
In file included from /usr/include/ruby-2.7.0/ruby/ruby.h:2760:
/usr/include/ruby-2.7.0/ruby/backward.h:24:1: error: unknown attribute '__error__' ignored [-Werror,-Wunknown-attributes]
DECLARE_DEPRECATED_FEATURE(2.2, rb_str_associate);
^~~~~~~~~~~~~~~~~~~~~~~~~~~~~~~~~~~~~~~~~~~~~~~~~
/usr/include/ruby-2.7.0/ruby/backward.h:13:14: note: expanded from macro 'DECLARE_DEPRECATED_FEATURE'
    NORETURN(ERRORFUNC(("deprecated since "#ver), DEPRECATED(void func(void))))
    ~~~~~~~~~^~~~~~~~~~~~~~~~~~~~~~~~~~~~~~~~~~~~~~~~~~~~~~~~~~~~~~~~~~~~~~~~~~
/usr/include/x86_64-linux-gnu/ruby-2.7.0/ruby/config.h:165:43: note: expanded from macro 'ERRORFUNC'
#define ERRORFUNC(mesg,x) __attribute__ ((__error__ mesg)) x
                                          ^
/usr/include/x86_64-linux-gnu/ruby-2.7.0/ruby/config.h:154:52: note: expanded from macro 'NORETURN'
#define NORETURN(x) __attribute__ ((__noreturn__)) x
                                                   ^
In file included from conftest.c:1:
In file included from /usr/include/ruby-2.7.0/ruby.h:33:
In file included from /usr/include/ruby-2.7.0/ruby/ruby.h:2760:
/usr/include/ruby-2.7.0/ruby/backward.h:25:1: error: unknown attribute '__error__' ignored [-Werror,-Wunknown-attributes]
DECLARE_DEPRECATED_FEATURE(2.2, rb_str_associated);
^~~~~~~~~~~~~~~~~~~~~~~~~~~~~~~~~~~~~~~~~~~~~~~~~~
/usr/include/ruby-2.7.0/ruby/backward.h:13:14: note: expanded from macro 'DECLARE_DEPRECATED_FEATURE'
    NORETURN(ERRORFUNC(("deprecated since "#ver), DEPRECATED(void func(void))))
    ~~~~~~~~~^~~~~~~~~~~~~~~~~~~~~~~~~~~~~~~~~~~~~~~~~~~~~~~~~~~~~~~~~~~~~~~~~~
/usr/include/x86_64-linux-gnu/ruby-2.7.0/ruby/config.h:165:43: note: expanded from macro 'ERRORFUNC'
#define ERRORFUNC(mesg,x) __attribute__ ((__error__ mesg)) x
                                          ^
/usr/include/x86_64-linux-gnu/ruby-2.7.0/ruby/config.h:154:52: note: expanded from macro 'NORETURN'
#define NORETURN(x) __attribute__ ((__noreturn__)) x
                                                   ^
In file included from conftest.c:1:
In file included from /usr/include/ruby-2.7.0/ruby.h:33:
In file included from /usr/include/ruby-2.7.0/ruby/ruby.h:2760:
/usr/include/ruby-2.7.0/ruby/backward.h:31:1: error: unknown attribute '__error__' ignored [-Werror,-Wunknown-attributes]
DECLARE_DEPRECATED_FEATURE(2.2, rb_clear_cache);
^~~~~~~~~~~~~~~~~~~~~~~~~~~~~~~~~~~~~~~~~~~~~~~
/usr/include/ruby-2.7.0/ruby/backward.h:13:14: note: expanded from macro 'DECLARE_DEPRECATED_FEATURE'
    NORETURN(ERRORFUNC(("deprecated since "#ver), DEPRECATED(void func(void))))
    ~~~~~~~~~^~~~~~~~~~~~~~~~~~~~~~~~~~~~~~~~~~~~~~~~~~~~~~~~~~~~~~~~~~~~~~~~~~
/usr/include/x86_64-linux-gnu/ruby-2.7.0/ruby/config.h:165:43: note: expanded from macro 'ERRORFUNC'
#define ERRORFUNC(mesg,x) __attribute__ ((__error__ mesg)) x
                                          ^
/usr/include/x86_64-linux-gnu/ruby-2.7.0/ruby/config.h:154:52: note: expanded from macro 'NORETURN'
#define NORETURN(x) __attribute__ ((__noreturn__)) x
                                                   ^
In file included from conftest.c:1:
In file included from /usr/include/ruby-2.7.0/ruby.h:33:
In file included from /usr/include/ruby-2.7.0/ruby/ruby.h:2760:
/usr/include/ruby-2.7.0/ruby/backward.h:32:1: error: unknown attribute '__error__' ignored [-Werror,-Wunknown-attributes]
DECLARE_DEPRECATED_FEATURE(2.2, rb_frame_pop);
^~~~~~~~~~~~~~~~~~~~~~~~~~~~~~~~~~~~~~~~~~~~~
/usr/include/ruby-2.7.0/ruby/backward.h:13:14: note: expanded from macro 'DECLARE_DEPRECATED_FEATURE'
    NORETURN(ERRORFUNC(("deprecated since "#ver), DEPRECATED(void func(void))))
    ~~~~~~~~~^~~~~~~~~~~~~~~~~~~~~~~~~~~~~~~~~~~~~~~~~~~~~~~~~~~~~~~~~~~~~~~~~~
/usr/include/x86_64-linux-gnu/ruby-2.7.0/ruby/config.h:165:43: note: expanded from macro 'ERRORFUNC'
#define ERRORFUNC(mesg,x) __attribute__ ((__error__ mesg)) x
                                          ^
/usr/include/x86_64-linux-gnu/ruby-2.7.0/ruby/config.h:154:52: note: expanded from macro 'NORETURN'
#define NORETURN(x) __attribute__ ((__noreturn__)) x
                                                   ^
In file included from conftest.c:1:
In file included from /usr/include/ruby-2.7.0/ruby.h:33:
In file included from /usr/include/ruby-2.7.0/ruby/ruby.h:2760:
/usr/include/ruby-2.7.0/ruby/backward.h:38:10: error: unknown attribute '__error__' ignored [-Werror,-Wunknown-attributes]
NORETURN(ERRORFUNC(("internal function"), void rb_frozen_class_p(VALUE)));
~~~~~~~~~^~~~~~~~~~~~~~~~~~~~~~~~~~~~~~~~~~~~~~~~~~~~~~~~~~~~~~~~~~~~~~~~
/usr/include/x86_64-linux-gnu/ruby-2.7.0/ruby/config.h:165:43: note: expanded from macro 'ERRORFUNC'
#define ERRORFUNC(mesg,x) __attribute__ ((__error__ mesg)) x
                                          ^
/usr/include/x86_64-linux-gnu/ruby-2.7.0/ruby/config.h:154:52: note: expanded from macro 'NORETURN'
#define NORETURN(x) __attribute__ ((__noreturn__)) x
                                                   ^
In file included from conftest.c:1:
In file included from /usr/include/ruby-2.7.0/ruby.h:33:
In file included from /usr/include/ruby-2.7.0/ruby/ruby.h:2760:
/usr/include/ruby-2.7.0/ruby/backward.h:39:1: error: unknown attribute '__error__' ignored [-Werror,-Wunknown-attributes]
DECLARE_DEPRECATED_INTERNAL_FEATURE(rb_exec_end_proc);
^~~~~~~~~~~~~~~~~~~~~~~~~~~~~~~~~~~~~~~~~~~~~~~~~~~~~
/usr/include/ruby-2.7.0/ruby/backward.h:35:14: note: expanded from macro 'DECLARE_DEPRECATED_INTERNAL_FEATURE'
    NORETURN(ERRORFUNC(("deprecated internal function"), DEPRECATED(void func(void))))
    ~~~~~~~~~^~~~~~~~~~~~~~~~~~~~~~~~~~~~~~~~~~~~~~~~~~~~~~~~~~~~~~~~~~~~~~~~~~~~~~~~~
/usr/include/x86_64-linux-gnu/ruby-2.7.0/ruby/config.h:165:43: note: expanded from macro 'ERRORFUNC'
#define ERRORFUNC(mesg,x) __attribute__ ((__error__ mesg)) x
                                          ^
/usr/include/x86_64-linux-gnu/ruby-2.7.0/ruby/config.h:154:52: note: expanded from macro 'NORETURN'
#define NORETURN(x) __attribute__ ((__noreturn__)) x
                                                   ^
In file included from conftest.c:1:
In file included from /usr/include/ruby-2.7.0/ruby.h:33:
In file included from /usr/include/ruby-2.7.0/ruby/ruby.h:2760:
/usr/include/ruby-2.7.0/ruby/backward.h:42:1: error: unknown attribute '__error__' ignored [-Werror,-Wunknown-attributes]
DECLARE_DEPRECATED_INTERNAL_FEATURE(rb_compile_error);
^~~~~~~~~~~~~~~~~~~~~~~~~~~~~~~~~~~~~~~~~~~~~~~~~~~~~
/usr/include/ruby-2.7.0/ruby/backward.h:35:14: note: expanded from macro 'DECLARE_DEPRECATED_INTERNAL_FEATURE'
    NORETURN(ERRORFUNC(("deprecated internal function"), DEPRECATED(void func(void))))
    ~~~~~~~~~^~~~~~~~~~~~~~~~~~~~~~~~~~~~~~~~~~~~~~~~~~~~~~~~~~~~~~~~~~~~~~~~~~~~~~~~~
/usr/include/x86_64-linux-gnu/ruby-2.7.0/ruby/config.h:165:43: note: expanded from macro 'ERRORFUNC'
#define ERRORFUNC(mesg,x) __attribute__ ((__error__ mesg)) x
                                          ^
/usr/include/x86_64-linux-gnu/ruby-2.7.0/ruby/config.h:154:52: note: expanded from macro 'NORETURN'
#define NORETURN(x) __attribute__ ((__noreturn__)) x
                                                   ^
In file included from conftest.c:1:
In file included from /usr/include/ruby-2.7.0/ruby.h:33:
In file included from /usr/include/ruby-2.7.0/ruby/ruby.h:2760:
/usr/include/ruby-2.7.0/ruby/backward.h:43:1: error: unknown attribute '__error__' ignored [-Werror,-Wunknown-attributes]
DECLARE_DEPRECATED_INTERNAL_FEATURE(rb_compile_error_with_enc);
^~~~~~~~~~~~~~~~~~~~~~~~~~~~~~~~~~~~~~~~~~~~~~~~~~~~~~~~~~~~~~
/usr/include/ruby-2.7.0/ruby/backward.h:35:14: note: expanded from macro 'DECLARE_DEPRECATED_INTERNAL_FEATURE'
    NORETURN(ERRORFUNC(("deprecated internal function"), DEPRECATED(void func(void))))
    ~~~~~~~~~^~~~~~~~~~~~~~~~~~~~~~~~~~~~~~~~~~~~~~~~~~~~~~~~~~~~~~~~~~~~~~~~~~~~~~~~~
/usr/include/x86_64-linux-gnu/ruby-2.7.0/ruby/config.h:165:43: note: expanded from macro 'ERRORFUNC'
#define ERRORFUNC(mesg,x) __attribute__ ((__error__ mesg)) x
                                          ^
/usr/include/x86_64-linux-gnu/ruby-2.7.0/ruby/config.h:154:52: note: expanded from macro 'NORETURN'
#define NORETURN(x) __attribute__ ((__noreturn__)) x
                                                   ^
In file included from conftest.c:1:
In file included from /usr/include/ruby-2.7.0/ruby.h:33:
In file included from /usr/include/ruby-2.7.0/ruby/ruby.h:2760:
/usr/include/ruby-2.7.0/ruby/backward.h:44:1: error: unknown attribute '__error__' ignored [-Werror,-Wunknown-attributes]
DECLARE_DEPRECATED_INTERNAL_FEATURE(rb_compile_error_append);
^~~~~~~~~~~~~~~~~~~~~~~~~~~~~~~~~~~~~~~~~~~~~~~~~~~~~~~~~~~~
/usr/include/ruby-2.7.0/ruby/backward.h:35:14: note: expanded from macro 'DECLARE_DEPRECATED_INTERNAL_FEATURE'
    NORETURN(ERRORFUNC(("deprecated internal function"), DEPRECATED(void func(void))))
    ~~~~~~~~~^~~~~~~~~~~~~~~~~~~~~~~~~~~~~~~~~~~~~~~~~~~~~~~~~~~~~~~~~~~~~~~~~~~~~~~~~
/usr/include/x86_64-linux-gnu/ruby-2.7.0/ruby/config.h:165:43: note: expanded from macro 'ERRORFUNC'
#define ERRORFUNC(mesg,x) __attribute__ ((__error__ mesg)) x
                                          ^
/usr/include/x86_64-linux-gnu/ruby-2.7.0/ruby/config.h:154:52: note: expanded from macro 'NORETURN'
#define NORETURN(x) __attribute__ ((__noreturn__)) x
                                                   ^
In file included from conftest.c:1:
In file included from /usr/include/ruby-2.7.0/ruby.h:33:
In file included from /usr/include/ruby-2.7.0/ruby/ruby.h:2760:
/usr/include/ruby-2.7.0/ruby/backward.h:47:1: error: unknown attribute '__error__' ignored [-Werror,-Wunknown-attributes]
DECLARE_DEPRECATED_INTERNAL_FEATURE(rb_gc_call_finalizer_at_exit);
^~~~~~~~~~~~~~~~~~~~~~~~~~~~~~~~~~~~~~~~~~~~~~~~~~~~~~~~~~~~~~~~~
/usr/include/ruby-2.7.0/ruby/backward.h:35:14: note: expanded from macro 'DECLARE_DEPRECATED_INTERNAL_FEATURE'
    NORETURN(ERRORFUNC(("deprecated internal function"), DEPRECATED(void func(void))))
    ~~~~~~~~~^~~~~~~~~~~~~~~~~~~~~~~~~~~~~~~~~~~~~~~~~~~~~~~~~~~~~~~~~~~~~~~~~~~~~~~~~
/usr/include/x86_64-linux-gnu/ruby-2.7.0/ruby/config.h:165:43: note: expanded from macro 'ERRORFUNC'
#define ERRORFUNC(mesg,x) __attribute__ ((__error__ mesg)) x
                                          ^
/usr/include/x86_64-linux-gnu/ruby-2.7.0/ruby/config.h:154:52: note: expanded from macro 'NORETURN'
#define NORETURN(x) __attribute__ ((__noreturn__)) x
                                                   ^
In file included from conftest.c:1:
In file included from /usr/include/ruby-2.7.0/ruby.h:33:
In file included from /usr/include/ruby-2.7.0/ruby/ruby.h:2760:
/usr/include/ruby-2.7.0/ruby/backward.h:50:1: error: unknown attribute '__error__' ignored [-Werror,-Wunknown-attributes]
DECLARE_DEPRECATED_INTERNAL_FEATURE(rb_trap_exit);
^~~~~~~~~~~~~~~~~~~~~~~~~~~~~~~~~~~~~~~~~~~~~~~~~
/usr/include/ruby-2.7.0/ruby/backward.h:35:14: note: expanded from macro 'DECLARE_DEPRECATED_INTERNAL_FEATURE'
    NORETURN(ERRORFUNC(("deprecated internal function"), DEPRECATED(void func(void))))
    ~~~~~~~~~^~~~~~~~~~~~~~~~~~~~~~~~~~~~~~~~~~~~~~~~~~~~~~~~~~~~~~~~~~~~~~~~~~~~~~~~~
/usr/include/x86_64-linux-gnu/ruby-2.7.0/ruby/config.h:165:43: note: expanded from macro 'ERRORFUNC'
#define ERRORFUNC(mesg,x) __attribute__ ((__error__ mesg)) x
                                          ^
/usr/include/x86_64-linux-gnu/ruby-2.7.0/ruby/config.h:154:52: note: expanded from macro 'NORETURN'
#define NORETURN(x) __attribute__ ((__noreturn__)) x
                                                   ^
fatal error: too many errors emitted, stopping now [-ferror-limit=]
20 errors generated.
checked program was:
/* begin */
1: #include "ruby.h"
2: 
3: int main(int argc, char **argv)
4: {
5:   return !!argv[argc];
6: }
/* end */

/usr/lib/ruby/vendor_ruby/rubygems/ext/builder.rb:92:in `run': extconf failed, exit code 1 (Gem::InstallError)
	from /usr/lib/ruby/vendor_ruby/rubygems/ext/ext_conf_builder.rb:47:in `block in build'
	from /usr/lib/ruby/2.7.0/tempfile.rb:291:in `open'
	from /usr/lib/ruby/vendor_ruby/rubygems/ext/ext_conf_builder.rb:26:in `build'
	from /usr/lib/ruby/vendor_ruby/gem2deb/extension_builder.rb:81:in `block in build_and_install'
	from /usr/lib/ruby/vendor_ruby/gem2deb/extension_builder.rb:71:in `chdir'
	from /usr/lib/ruby/vendor_ruby/gem2deb/extension_builder.rb:71:in `build_and_install'
	from /usr/lib/ruby/vendor_ruby/gem2deb/extension_builder.rb:115:in `block in build_all_extensions'
	from /usr/lib/ruby/vendor_ruby/gem2deb/extension_builder.rb:112:in `each'
	from /usr/lib/ruby/vendor_ruby/gem2deb/extension_builder.rb:112:in `build_all_extensions'
	from /usr/lib/ruby/vendor_ruby/gem2deb/extension_builder.rb:128:in `<main>'
~~~~~~~~~~~~~~~~~~~~~  mkmf.log ~~~~~~~~~~~~~~~~~~~~~
/usr/lib/ruby/vendor_ruby/gem2deb.rb:54:in `run': /usr/bin/ruby2.7 /usr/lib/ruby/vendor_ruby/gem2deb/extension_builder.rb /<<PKGBUILDDIR>> debian/ruby-thrift (Gem2Deb::CommandFailed)
	from /usr/lib/ruby/vendor_ruby/gem2deb.rb:65:in `run_ruby'
	from /usr/lib/ruby/vendor_ruby/gem2deb/installer.rb:54:in `block in install_files_and_build_extensions'
	from /usr/lib/ruby/vendor_ruby/gem2deb/installer.rb:51:in `each'
	from /usr/lib/ruby/vendor_ruby/gem2deb/installer.rb:51:in `install_files_and_build_extensions'
	from /usr/lib/ruby/vendor_ruby/gem2deb/installer.rb:28:in `install'
	from /usr/lib/ruby/vendor_ruby/gem2deb/dh_ruby.rb:86:in `block in install'
	from /usr/lib/ruby/vendor_ruby/gem2deb/dh_ruby.rb:84:in `each'
	from /usr/lib/ruby/vendor_ruby/gem2deb/dh_ruby.rb:84:in `install'
	from /usr/bin/dh_ruby:89:in `<main>'
dh_auto_install: error: dh_ruby --install /<<PKGBUILDDIR>>/debian/ruby-thrift returned exit code 1
make: *** [debian/rules:6: binary] Error 25
dpkg-buildpackage: error: debian/rules binary subprocess returned exit status 2
--------------------------------------------------------------------------------
Build finished at 2021-10-26T23:15:24Z

Finished
--------


+------------------------------------------------------------------------------+
| Cleanup                                                                      |
+------------------------------------------------------------------------------+

Purging /<<BUILDDIR>>
Not cleaning session: cloned chroot in use
E: Build failure (dpkg-buildpackage died)

+------------------------------------------------------------------------------+
| Summary                                                                      |
+------------------------------------------------------------------------------+

Build Architecture: amd64
Build Type: binary
Build-Space: 1076
Build-Time: 2
Distribution: unstable
Fail-Stage: build
Host Architecture: amd64
Install-Time: 14
Job: ruby-thrift_0.14.0-2
Machine Architecture: amd64
Package: ruby-thrift
Package-Time: 37
Source-Version: 0.14.0-2
Space: 1076
Status: attempted
Version: 0.14.0-2
--------------------------------------------------------------------------------
Finished at 2021-10-26T23:15:24Z
Build needed 00:00:37, 1076k disk space
E: Build failure (dpkg-buildpackage died)
DC-Status: Failed 38.963126693s
