DC-Build-Header: sptag 0.0~git20210816.e724b01+ds-3 / 2021-10-26 19:11:43 +0000
DC-Task: type:rebuild-binarch-only source:sptag version:0.0~git20210816.e724b01+ds-3 chroot:unstable esttime:3430 logfile:/tmp/sptag_0.0~git20210816.e724b01+ds-3_unstable_clang12.log modes:clang12:binarch-only
DC-Sbuild-call: su user42 -c 'sbuild -n --arch-any --apt-update -d unstable -v --no-run-lintian --chroot-setup-commands=/tmp/clang12 sptag_0.0~git20210816.e724b01+ds-3'
sbuild (Debian sbuild) 0.78.1 (09 February 2019) on ip-172-31-7-189.eu-central-1.compute.internal

+==============================================================================+
| sptag 0.0~git20210816.e724b01+ds-3 (amd64)   Tue, 26 Oct 2021 19:11:43 +0000 |
+==============================================================================+

Package: sptag
Version: 0.0~git20210816.e724b01+ds-3
Source Version: 0.0~git20210816.e724b01+ds-3
Distribution: unstable
Machine Architecture: amd64
Host Architecture: amd64
Build Architecture: amd64
Build Type: binary

I: NOTICE: Log filtering will replace 'var/run/schroot/mount/sid-amd64-sbuild-0db7cadf-0e6f-400e-98fe-05e9962983ad' with '<<CHROOT>>'

+------------------------------------------------------------------------------+
| Chroot Setup Commands                                                        |
+------------------------------------------------------------------------------+


/tmp/clang12
------------

+ echo 'Entering customization script...'
Entering customization script...
+ CLANG_VERSION=12
+ echo 'Install of clang-12'
Install of clang-12
+ apt-get update
Get:1 http://127.0.0.1:12990/debian sid InRelease [165 kB]
Get:2 http://127.0.0.1:12990/debian sid/main Sources.diff/Index [63.6 kB]
Get:3 http://127.0.0.1:12990/debian sid/main amd64 Packages.diff/Index [63.6 kB]
Get:4 http://127.0.0.1:12990/debian sid/main Sources T-2021-10-26-1401.46-F-2021-10-26-0202.15.pdiff [34.5 kB]
Get:4 http://127.0.0.1:12990/debian sid/main Sources T-2021-10-26-1401.46-F-2021-10-26-0202.15.pdiff [34.5 kB]
Get:5 http://127.0.0.1:12990/debian sid/main amd64 Packages T-2021-10-26-1401.46-F-2021-10-26-0202.15.pdiff [38.7 kB]
Get:5 http://127.0.0.1:12990/debian sid/main amd64 Packages T-2021-10-26-1401.46-F-2021-10-26-0202.15.pdiff [38.7 kB]
Get:6 http://127.0.0.1:12990/debian sid/main Translation-en [6585 kB]
Fetched 6951 kB in 3s (2707 kB/s)
Reading package lists...
+ apt-get install --yes --no-install-recommends --force-yes clang-12 libomp-12-dev libobjc-9-dev
Reading package lists...
Building dependency tree...
The following additional packages will be installed:
  lib32gcc-s1 lib32stdc++6 libasan5 libbsd0 libc6-i386 libclang-common-12-dev
  libclang-cpp12 libclang1-12 libedit2 libelf1 libgc1 libgcc-9-dev libicu67
  libllvm12 libmd0 libobjc-11-dev libobjc4 libomp5-12 libunwind-12 libxml2
  libz3-4 llvm-12-linker-tools
Suggested packages:
  clang-12-doc libomp-12-doc
Recommended packages:
  llvm-12-dev python3
The following NEW packages will be installed:
  clang-12 lib32gcc-s1 lib32stdc++6 libasan5 libbsd0 libc6-i386
  libclang-common-12-dev libclang-cpp12 libclang1-12 libedit2 libelf1 libgc1
  libgcc-9-dev libicu67 libllvm12 libmd0 libobjc-11-dev libobjc-9-dev libobjc4
  libomp-12-dev libomp5-12 libunwind-12 libxml2 libz3-4 llvm-12-linker-tools
0 upgraded, 25 newly installed, 0 to remove and 0 not upgraded.
Need to get 67.6 MB of archives.
After this operation, 349 MB of additional disk space will be used.
Get:1 http://127.0.0.1:12990/debian sid/main amd64 libmd0 amd64 1.0.4-1 [29.6 kB]
Get:2 http://127.0.0.1:12990/debian sid/main amd64 libbsd0 amd64 0.11.3-1 [108 kB]
Get:3 http://127.0.0.1:12990/debian sid/main amd64 libedit2 amd64 3.1-20210910-1 [97.5 kB]
Get:4 http://127.0.0.1:12990/debian sid/main amd64 libicu67 amd64 67.1-7 [8622 kB]
Get:5 http://127.0.0.1:12990/debian sid/main amd64 libxml2 amd64 2.9.12+dfsg-5 [696 kB]
Get:6 http://127.0.0.1:12990/debian sid/main amd64 libz3-4 amd64 4.8.12-1+b1 [6997 kB]
Get:7 http://127.0.0.1:12990/debian sid/main amd64 libllvm12 amd64 1:12.0.1-15 [19.4 MB]
Get:8 http://127.0.0.1:12990/debian sid/main amd64 libclang-cpp12 amd64 1:12.0.1-15 [9996 kB]
Get:9 http://127.0.0.1:12990/debian sid/main amd64 libgc1 amd64 1:8.0.4-3 [239 kB]
Get:10 http://127.0.0.1:12990/debian sid/main amd64 libobjc4 amd64 11.2.0-10 [43.2 kB]
Get:11 http://127.0.0.1:12990/debian sid/main amd64 libobjc-11-dev amd64 11.2.0-10 [170 kB]
Get:12 http://127.0.0.1:12990/debian sid/main amd64 libc6-i386 amd64 2.32-4 [2624 kB]
Get:13 http://127.0.0.1:12990/debian sid/main amd64 lib32gcc-s1 amd64 11.2.0-10 [49.9 kB]
Get:14 http://127.0.0.1:12990/debian sid/main amd64 lib32stdc++6 amd64 11.2.0-10 [601 kB]
Get:15 http://127.0.0.1:12990/debian sid/main amd64 libclang-common-12-dev amd64 1:12.0.1-15 [4819 kB]
Get:16 http://127.0.0.1:12990/debian sid/main amd64 llvm-12-linker-tools amd64 1:12.0.1-15 [1222 kB]
Get:17 http://127.0.0.1:12990/debian sid/main amd64 libclang1-12 amd64 1:12.0.1-15 [5644 kB]
Get:18 http://127.0.0.1:12990/debian sid/main amd64 clang-12 amd64 1:12.0.1-15 [117 kB]
Get:19 http://127.0.0.1:12990/debian sid/main amd64 libasan5 amd64 9.4.0-3 [2734 kB]
Get:20 http://127.0.0.1:12990/debian sid/main amd64 libelf1 amd64 0.185-2 [172 kB]
Get:21 http://127.0.0.1:12990/debian sid/main amd64 libgcc-9-dev amd64 9.4.0-3 [2343 kB]
Get:22 http://127.0.0.1:12990/debian sid/main amd64 libobjc-9-dev amd64 9.4.0-3 [219 kB]
Get:23 http://127.0.0.1:12990/debian sid/main amd64 libunwind-12 amd64 1:12.0.1-15 [63.9 kB]
Get:24 http://127.0.0.1:12990/debian sid/main amd64 libomp5-12 amd64 1:12.0.1-15 [405 kB]
Get:25 http://127.0.0.1:12990/debian sid/main amd64 libomp-12-dev amd64 1:12.0.1-15 [104 kB]
debconf: delaying package configuration, since apt-utils is not installed
Fetched 67.6 MB in 0s (153 MB/s)
Selecting previously unselected package libmd0:amd64.
(Reading database ... (Reading database ... 5%(Reading database ... 10%(Reading database ... 15%(Reading database ... 20%(Reading database ... 25%(Reading database ... 30%(Reading database ... 35%(Reading database ... 40%(Reading database ... 45%(Reading database ... 50%(Reading database ... 55%(Reading database ... 60%(Reading database ... 65%(Reading database ... 70%(Reading database ... 75%(Reading database ... 80%(Reading database ... 85%(Reading database ... 90%(Reading database ... 95%(Reading database ... 100%(Reading database ... 12431 files and directories currently installed.)
Preparing to unpack .../00-libmd0_1.0.4-1_amd64.deb ...
Unpacking libmd0:amd64 (1.0.4-1) ...
Selecting previously unselected package libbsd0:amd64.
Preparing to unpack .../01-libbsd0_0.11.3-1_amd64.deb ...
Unpacking libbsd0:amd64 (0.11.3-1) ...
Selecting previously unselected package libedit2:amd64.
Preparing to unpack .../02-libedit2_3.1-20210910-1_amd64.deb ...
Unpacking libedit2:amd64 (3.1-20210910-1) ...
Selecting previously unselected package libicu67:amd64.
Preparing to unpack .../03-libicu67_67.1-7_amd64.deb ...
Unpacking libicu67:amd64 (67.1-7) ...
Selecting previously unselected package libxml2:amd64.
Preparing to unpack .../04-libxml2_2.9.12+dfsg-5_amd64.deb ...
Unpacking libxml2:amd64 (2.9.12+dfsg-5) ...
Selecting previously unselected package libz3-4:amd64.
Preparing to unpack .../05-libz3-4_4.8.12-1+b1_amd64.deb ...
Unpacking libz3-4:amd64 (4.8.12-1+b1) ...
Selecting previously unselected package libllvm12:amd64.
Preparing to unpack .../06-libllvm12_1%3a12.0.1-15_amd64.deb ...
Unpacking libllvm12:amd64 (1:12.0.1-15) ...
Selecting previously unselected package libclang-cpp12.
Preparing to unpack .../07-libclang-cpp12_1%3a12.0.1-15_amd64.deb ...
Unpacking libclang-cpp12 (1:12.0.1-15) ...
Selecting previously unselected package libgc1:amd64.
Preparing to unpack .../08-libgc1_1%3a8.0.4-3_amd64.deb ...
Unpacking libgc1:amd64 (1:8.0.4-3) ...
Selecting previously unselected package libobjc4:amd64.
Preparing to unpack .../09-libobjc4_11.2.0-10_amd64.deb ...
Unpacking libobjc4:amd64 (11.2.0-10) ...
Selecting previously unselected package libobjc-11-dev:amd64.
Preparing to unpack .../10-libobjc-11-dev_11.2.0-10_amd64.deb ...
Unpacking libobjc-11-dev:amd64 (11.2.0-10) ...
Selecting previously unselected package libc6-i386.
Preparing to unpack .../11-libc6-i386_2.32-4_amd64.deb ...
Unpacking libc6-i386 (2.32-4) ...
Selecting previously unselected package lib32gcc-s1.
Preparing to unpack .../12-lib32gcc-s1_11.2.0-10_amd64.deb ...
Unpacking lib32gcc-s1 (11.2.0-10) ...
Selecting previously unselected package lib32stdc++6.
Preparing to unpack .../13-lib32stdc++6_11.2.0-10_amd64.deb ...
Unpacking lib32stdc++6 (11.2.0-10) ...
Selecting previously unselected package libclang-common-12-dev.
Preparing to unpack .../14-libclang-common-12-dev_1%3a12.0.1-15_amd64.deb ...
Unpacking libclang-common-12-dev (1:12.0.1-15) ...
Selecting previously unselected package llvm-12-linker-tools.
Preparing to unpack .../15-llvm-12-linker-tools_1%3a12.0.1-15_amd64.deb ...
Unpacking llvm-12-linker-tools (1:12.0.1-15) ...
Selecting previously unselected package libclang1-12.
Preparing to unpack .../16-libclang1-12_1%3a12.0.1-15_amd64.deb ...
Unpacking libclang1-12 (1:12.0.1-15) ...
Selecting previously unselected package clang-12.
Preparing to unpack .../17-clang-12_1%3a12.0.1-15_amd64.deb ...
Unpacking clang-12 (1:12.0.1-15) ...
Selecting previously unselected package libasan5:amd64.
Preparing to unpack .../18-libasan5_9.4.0-3_amd64.deb ...
Unpacking libasan5:amd64 (9.4.0-3) ...
Selecting previously unselected package libelf1:amd64.
Preparing to unpack .../19-libelf1_0.185-2_amd64.deb ...
Unpacking libelf1:amd64 (0.185-2) ...
Selecting previously unselected package libgcc-9-dev:amd64.
Preparing to unpack .../20-libgcc-9-dev_9.4.0-3_amd64.deb ...
Unpacking libgcc-9-dev:amd64 (9.4.0-3) ...
Selecting previously unselected package libobjc-9-dev:amd64.
Preparing to unpack .../21-libobjc-9-dev_9.4.0-3_amd64.deb ...
Unpacking libobjc-9-dev:amd64 (9.4.0-3) ...
Selecting previously unselected package libunwind-12:amd64.
Preparing to unpack .../22-libunwind-12_1%3a12.0.1-15_amd64.deb ...
Unpacking libunwind-12:amd64 (1:12.0.1-15) ...
Selecting previously unselected package libomp5-12:amd64.
Preparing to unpack .../23-libomp5-12_1%3a12.0.1-15_amd64.deb ...
Unpacking libomp5-12:amd64 (1:12.0.1-15) ...
Selecting previously unselected package libomp-12-dev.
Preparing to unpack .../24-libomp-12-dev_1%3a12.0.1-15_amd64.deb ...
Unpacking libomp-12-dev (1:12.0.1-15) ...
Setting up libicu67:amd64 (67.1-7) ...
Setting up libasan5:amd64 (9.4.0-3) ...
Setting up libz3-4:amd64 (4.8.12-1+b1) ...
Setting up libunwind-12:amd64 (1:12.0.1-15) ...
Setting up libgc1:amd64 (1:8.0.4-3) ...
Setting up libmd0:amd64 (1.0.4-1) ...
Setting up libc6-i386 (2.32-4) ...
Setting up libbsd0:amd64 (0.11.3-1) ...
Setting up libelf1:amd64 (0.185-2) ...
Setting up libxml2:amd64 (2.9.12+dfsg-5) ...
Setting up libedit2:amd64 (3.1-20210910-1) ...
Setting up libobjc4:amd64 (11.2.0-10) ...
Setting up libgcc-9-dev:amd64 (9.4.0-3) ...
Setting up lib32gcc-s1 (11.2.0-10) ...
Setting up lib32stdc++6 (11.2.0-10) ...
Setting up libllvm12:amd64 (1:12.0.1-15) ...
Setting up libobjc-9-dev:amd64 (9.4.0-3) ...
Setting up libclang-common-12-dev (1:12.0.1-15) ...
Setting up libomp5-12:amd64 (1:12.0.1-15) ...
Setting up libobjc-11-dev:amd64 (11.2.0-10) ...
Setting up llvm-12-linker-tools (1:12.0.1-15) ...
Setting up libclang1-12 (1:12.0.1-15) ...
Setting up libclang-cpp12 (1:12.0.1-15) ...
Setting up libomp-12-dev (1:12.0.1-15) ...
Setting up clang-12 (1:12.0.1-15) ...
Processing triggers for libc-bin (2.32-4) ...
W: --force-yes is deprecated, use one of the options starting with --allow instead.
+ echo 'Replace gcc, g++ & cpp by clang'
Replace gcc, g++ & cpp by clang
+ VERSIONS='4.6 4.7 4.8 4.9 5 6 7 8 9 10 11'
+ cd /usr/bin
+ for VERSION in $VERSIONS
+ rm -f g++-4.6 gcc-4.6 cpp-4.6 gcc
+ ln -s clang++-12 g++-4.6
+ ln -s clang-12 gcc-4.6
+ ln -s clang-12 cpp-4.6
+ ln -s clang-12 gcc
+ echo 'gcc-4.6 hold'
+ dpkg --set-selections
dpkg: warning: package not in status nor available database at line 1: gcc-4.6
dpkg: warning: found unknown packages; this might mean the available database
is outdated, and needs to be updated through a frontend method;
please see the FAQ <https://wiki.debian.org/Teams/Dpkg/FAQ>
+ echo 'g++-4.6 hold'
+ dpkg --set-selections
dpkg: warning: package not in status nor available database at line 1: g++-4.6
dpkg: warning: found unknown packages; this might mean the available database
is outdated, and needs to be updated through a frontend method;
please see the FAQ <https://wiki.debian.org/Teams/Dpkg/FAQ>
+ for VERSION in $VERSIONS
+ rm -f g++-4.7 gcc-4.7 cpp-4.7 gcc
+ ln -s clang++-12 g++-4.7
+ ln -s clang-12 gcc-4.7
+ ln -s clang-12 cpp-4.7
+ ln -s clang-12 gcc
+ echo 'gcc-4.7 hold'
+ dpkg --set-selections
dpkg: warning: package not in status nor available database at line 1: gcc-4.7
dpkg: warning: found unknown packages; this might mean the available database
is outdated, and needs to be updated through a frontend method;
please see the FAQ <https://wiki.debian.org/Teams/Dpkg/FAQ>
+ echo 'g++-4.7 hold'
+ dpkg --set-selections
dpkg: warning: package not in status nor available database at line 1: g++-4.7
dpkg: warning: found unknown packages; this might mean the available database
is outdated, and needs to be updated through a frontend method;
please see the FAQ <https://wiki.debian.org/Teams/Dpkg/FAQ>
+ for VERSION in $VERSIONS
+ rm -f g++-4.8 gcc-4.8 cpp-4.8 gcc
+ ln -s clang++-12 g++-4.8
+ ln -s clang-12 gcc-4.8
+ ln -s clang-12 cpp-4.8
+ ln -s clang-12 gcc
+ echo 'gcc-4.8 hold'
+ dpkg --set-selections
dpkg: warning: package not in status nor available database at line 1: gcc-4.8
dpkg: warning: found unknown packages; this might mean the available database
is outdated, and needs to be updated through a frontend method;
please see the FAQ <https://wiki.debian.org/Teams/Dpkg/FAQ>
+ echo 'g++-4.8 hold'
+ dpkg --set-selections
dpkg: warning: package not in status nor available database at line 1: g++-4.8
dpkg: warning: found unknown packages; this might mean the available database
is outdated, and needs to be updated through a frontend method;
please see the FAQ <https://wiki.debian.org/Teams/Dpkg/FAQ>
+ for VERSION in $VERSIONS
+ rm -f g++-4.9 gcc-4.9 cpp-4.9 gcc
+ ln -s clang++-12 g++-4.9
+ ln -s clang-12 gcc-4.9
+ ln -s clang-12 cpp-4.9
+ ln -s clang-12 gcc
+ echo 'gcc-4.9 hold'
+ dpkg --set-selections
dpkg: warning: package not in status nor available database at line 1: gcc-4.9
dpkg: warning: found unknown packages; this might mean the available database
is outdated, and needs to be updated through a frontend method;
please see the FAQ <https://wiki.debian.org/Teams/Dpkg/FAQ>
+ echo 'g++-4.9 hold'
+ dpkg --set-selections
dpkg: warning: package not in status nor available database at line 1: g++-4.9
dpkg: warning: found unknown packages; this might mean the available database
is outdated, and needs to be updated through a frontend method;
please see the FAQ <https://wiki.debian.org/Teams/Dpkg/FAQ>
+ for VERSION in $VERSIONS
+ rm -f g++-5 gcc-5 cpp-5 gcc
+ ln -s clang++-12 g++-5
+ ln -s clang-12 gcc-5
+ ln -s clang-12 cpp-5
+ ln -s clang-12 gcc
+ echo 'gcc-5 hold'
+ dpkg --set-selections
dpkg: warning: package not in status nor available database at line 1: gcc-5
dpkg: warning: found unknown packages; this might mean the available database
is outdated, and needs to be updated through a frontend method;
please see the FAQ <https://wiki.debian.org/Teams/Dpkg/FAQ>
+ echo 'g++-5 hold'
+ dpkg --set-selections
dpkg: warning: package not in status nor available database at line 1: g++-5
dpkg: warning: found unknown packages; this might mean the available database
is outdated, and needs to be updated through a frontend method;
please see the FAQ <https://wiki.debian.org/Teams/Dpkg/FAQ>
+ for VERSION in $VERSIONS
+ rm -f g++-6 gcc-6 cpp-6 gcc
+ ln -s clang++-12 g++-6
+ ln -s clang-12 gcc-6
+ ln -s clang-12 cpp-6
+ ln -s clang-12 gcc
+ echo 'gcc-6 hold'
+ dpkg --set-selections
dpkg: warning: package not in status nor available database at line 1: gcc-6
dpkg: warning: found unknown packages; this might mean the available database
is outdated, and needs to be updated through a frontend method;
please see the FAQ <https://wiki.debian.org/Teams/Dpkg/FAQ>
+ echo 'g++-6 hold'
+ dpkg --set-selections
dpkg: warning: package not in status nor available database at line 1: g++-6
dpkg: warning: found unknown packages; this might mean the available database
is outdated, and needs to be updated through a frontend method;
please see the FAQ <https://wiki.debian.org/Teams/Dpkg/FAQ>
+ for VERSION in $VERSIONS
+ rm -f g++-7 gcc-7 cpp-7 gcc
+ ln -s clang++-12 g++-7
+ ln -s clang-12 gcc-7
+ ln -s clang-12 cpp-7
+ ln -s clang-12 gcc
+ echo 'gcc-7 hold'
+ dpkg --set-selections
dpkg: warning: package not in status nor available database at line 1: gcc-7
dpkg: warning: found unknown packages; this might mean the available database
is outdated, and needs to be updated through a frontend method;
please see the FAQ <https://wiki.debian.org/Teams/Dpkg/FAQ>
+ echo 'g++-7 hold'
+ dpkg --set-selections
dpkg: warning: package not in status nor available database at line 1: g++-7
dpkg: warning: found unknown packages; this might mean the available database
is outdated, and needs to be updated through a frontend method;
please see the FAQ <https://wiki.debian.org/Teams/Dpkg/FAQ>
+ for VERSION in $VERSIONS
+ rm -f g++-8 gcc-8 cpp-8 gcc
+ ln -s clang++-12 g++-8
+ ln -s clang-12 gcc-8
+ ln -s clang-12 cpp-8
+ ln -s clang-12 gcc
+ echo 'gcc-8 hold'
+ dpkg --set-selections
dpkg: warning: package not in status nor available database at line 1: gcc-8
dpkg: warning: found unknown packages; this might mean the available database
is outdated, and needs to be updated through a frontend method;
please see the FAQ <https://wiki.debian.org/Teams/Dpkg/FAQ>
+ echo 'g++-8 hold'
+ dpkg --set-selections
dpkg: warning: package not in status nor available database at line 1: g++-8
dpkg: warning: found unknown packages; this might mean the available database
is outdated, and needs to be updated through a frontend method;
please see the FAQ <https://wiki.debian.org/Teams/Dpkg/FAQ>
+ for VERSION in $VERSIONS
+ rm -f g++-9 gcc-9 cpp-9 gcc
+ ln -s clang++-12 g++-9
+ ln -s clang-12 gcc-9
+ ln -s clang-12 cpp-9
+ ln -s clang-12 gcc
+ echo 'gcc-9 hold'
+ dpkg --set-selections
dpkg: warning: package not in status nor available database at line 1: gcc-9
dpkg: warning: found unknown packages; this might mean the available database
is outdated, and needs to be updated through a frontend method;
please see the FAQ <https://wiki.debian.org/Teams/Dpkg/FAQ>
+ echo 'g++-9 hold'
+ dpkg --set-selections
dpkg: warning: package not in status nor available database at line 1: g++-9
dpkg: warning: found unknown packages; this might mean the available database
is outdated, and needs to be updated through a frontend method;
please see the FAQ <https://wiki.debian.org/Teams/Dpkg/FAQ>
+ for VERSION in $VERSIONS
+ rm -f g++-10 gcc-10 cpp-10 gcc
+ ln -s clang++-12 g++-10
+ ln -s clang-12 gcc-10
+ ln -s clang-12 cpp-10
+ ln -s clang-12 gcc
+ echo 'gcc-10 hold'
+ dpkg --set-selections
dpkg: warning: package not in status nor available database at line 1: gcc-10
dpkg: warning: found unknown packages; this might mean the available database
is outdated, and needs to be updated through a frontend method;
please see the FAQ <https://wiki.debian.org/Teams/Dpkg/FAQ>
+ echo 'g++-10 hold'
+ dpkg --set-selections
dpkg: warning: package not in status nor available database at line 1: g++-10
dpkg: warning: found unknown packages; this might mean the available database
is outdated, and needs to be updated through a frontend method;
please see the FAQ <https://wiki.debian.org/Teams/Dpkg/FAQ>
+ for VERSION in $VERSIONS
+ rm -f g++-11 gcc-11 cpp-11 gcc
+ ln -s clang++-12 g++-11
+ ln -s clang-12 gcc-11
+ ln -s clang-12 cpp-11
+ ln -s clang-12 gcc
+ echo 'gcc-11 hold'
+ dpkg --set-selections
+ echo 'g++-11 hold'
+ dpkg --set-selections
+ cd -
/build/sptag-o3AgoJ
+ echo 'Check if gcc, g++ & cpp are actually clang'
Check if gcc, g++ & cpp are actually clang
+ gcc --version
+ grep clang
+ cpp --version
+ grep clang
+ g++ --version
+ grep clang
+ cd /usr/bin/
+ rm -f clang++ clang
+ ln -s clang-12 clang++
+ ln -s clang-12 clang
+ clang++ --version
Debian clang version 12.0.1-15
Target: x86_64-pc-linux-gnu
Thread model: posix
InstalledDir: /usr/bin
+ clang --version
Debian clang version 12.0.1-15
Target: x86_64-pc-linux-gnu
Thread model: posix
InstalledDir: /usr/bin
+ cd -
/build/sptag-o3AgoJ
+ apt install --yes --no-install-recommends --force-yes qt5-qmake

WARNING: apt does not have a stable CLI interface. Use with caution in scripts.

Reading package lists...
Building dependency tree...
Reading state information...
The following additional packages will be installed:
  qt5-qmake-bin qtchooser
The following NEW packages will be installed:
  qt5-qmake qt5-qmake-bin qtchooser
0 upgraded, 3 newly installed, 0 to remove and 0 not upgraded.
Need to get 1322 kB of archives.
After this operation, 4914 kB of additional disk space will be used.
Get:1 http://127.0.0.1:12990/debian sid/main amd64 qt5-qmake-bin amd64 5.15.2+dfsg-12 [1046 kB]
Get:2 http://127.0.0.1:12990/debian sid/main amd64 qtchooser amd64 66-2 [26.3 kB]
Get:3 http://127.0.0.1:12990/debian sid/main amd64 qt5-qmake amd64 5.15.2+dfsg-12 [249 kB]
debconf: delaying package configuration, since apt-utils is not installed
Fetched 1322 kB in 0s (20.0 MB/s)
Selecting previously unselected package qt5-qmake-bin.
(Reading database ... (Reading database ... 5%(Reading database ... 10%(Reading database ... 15%(Reading database ... 20%(Reading database ... 25%(Reading database ... 30%(Reading database ... 35%(Reading database ... 40%(Reading database ... 45%(Reading database ... 50%(Reading database ... 55%(Reading database ... 60%(Reading database ... 65%(Reading database ... 70%(Reading database ... 75%(Reading database ... 80%(Reading database ... 85%(Reading database ... 90%(Reading database ... 95%(Reading database ... 100%(Reading database ... 13527 files and directories currently installed.)
Preparing to unpack .../qt5-qmake-bin_5.15.2+dfsg-12_amd64.deb ...
Unpacking qt5-qmake-bin (5.15.2+dfsg-12) ...
Selecting previously unselected package qtchooser.
Preparing to unpack .../qtchooser_66-2_amd64.deb ...
Unpacking qtchooser (66-2) ...
Selecting previously unselected package qt5-qmake:amd64.
Preparing to unpack .../qt5-qmake_5.15.2+dfsg-12_amd64.deb ...
Unpacking qt5-qmake:amd64 (5.15.2+dfsg-12) ...
Setting up qt5-qmake-bin (5.15.2+dfsg-12) ...
Setting up qtchooser (66-2) ...
Setting up qt5-qmake:amd64 (5.15.2+dfsg-12) ...
W: --force-yes is deprecated, use one of the options starting with --allow instead.
+ cp /usr/lib/x86_64-linux-gnu/qt5/mkspecs/linux-clang/qmake.conf /usr/lib/x86_64-linux-gnu/qt5/mkspecs/linux-clang/qplatformdefs.h /usr/lib/x86_64-linux-gnu/qt5/mkspecs/linux-g++/
+ ls -al /usr/lib/x86_64-linux-gnu/qt5/mkspecs/linux-g++/
total 16
drwxr-xr-x  2 root root 4096 Oct 26 19:12 .
drwxr-xr-x 76 root root 4096 Oct 26 19:12 ..
-rw-r--r--  1 root root  276 Oct 26 19:12 qmake.conf
-rw-r--r--  1 root root 3218 Oct 26 19:12 qplatformdefs.h
+ cat /usr/lib/x86_64-linux-gnu/qt5/mkspecs/linux-g++/qmake.conf
#
# qmake configuration for linux-clang
#

MAKEFILE_GENERATOR = UNIX
CONFIG += incremental

QMAKE_INCREMENTAL_STYLE = sublib

include(../common/linux.conf)
include(../common/gcc-base-unix.conf)
include(../common/clang.conf)

QMAKE_LFLAGS += -ccc-gcc-name g++

load(qt_config)
+ export QMAKESPEC=/usr/lib/x86_64-linux-gnu/qt5/mkspecs/linux-clang/
+ QMAKESPEC=/usr/lib/x86_64-linux-gnu/qt5/mkspecs/linux-clang/
+ sed -i -e 's|compare_problem(2,|compare_problem(0,|g' /usr/bin/dpkg-gensymbols
+ sed -i -e 's|compare_problem(1,|compare_problem(0,|g' /usr/bin/dpkg-gensymbols
+ grep 'compare_problem(' /usr/bin/dpkg-gensymbols
        compare_problem(4, g_('new libraries appeared in the symbols file: %s'), "@libs");
        compare_problem(3, g_('some libraries disappeared in the symbols file: %s'), "@libs");
        compare_problem(0, g_('some new symbols appeared in the symbols file: %s'),
        compare_problem(0, g_('some symbols or patterns disappeared in the symbols file: %s'),

I: Finished running '/tmp/clang12'.

Finished processing commands.
--------------------------------------------------------------------------------
I: NOTICE: Log filtering will replace 'build/sptag-o3AgoJ/resolver-caInZO' with '<<RESOLVERDIR>>'

+------------------------------------------------------------------------------+
| Update chroot                                                                |
+------------------------------------------------------------------------------+

Hit:1 http://127.0.0.1:12990/debian sid InRelease
Reading package lists...
Reading package lists...
Building dependency tree...
Reading state information...
Calculating upgrade...
0 upgraded, 0 newly installed, 0 to remove and 0 not upgraded.

+------------------------------------------------------------------------------+
| Fetch source files                                                           |
+------------------------------------------------------------------------------+


Check APT
---------

Checking available source versions...

Download source files with APT
------------------------------

Reading package lists...
Need to get 1000 kB of source archives.
Get:1 http://127.0.0.1:12990/debian sid/main sptag 0.0~git20210816.e724b01+ds-3 (dsc) [2075 B]
Get:2 http://127.0.0.1:12990/debian sid/main sptag 0.0~git20210816.e724b01+ds-3 (tar) [990 kB]
Get:3 http://127.0.0.1:12990/debian sid/main sptag 0.0~git20210816.e724b01+ds-3 (diff) [8272 B]
Fetched 1000 kB in 0s (11.3 MB/s)
Download complete and in download only mode
I: NOTICE: Log filtering will replace 'build/sptag-o3AgoJ/sptag-0.0~git20210816.e724b01+ds' with '<<PKGBUILDDIR>>'
I: NOTICE: Log filtering will replace 'build/sptag-o3AgoJ' with '<<BUILDDIR>>'

+------------------------------------------------------------------------------+
| Install package build dependencies                                           |
+------------------------------------------------------------------------------+


Setup apt archive
-----------------

Merged Build-Depends: cmake (>= 3.12.0~), debhelper-compat (= 13), dh-sequence-python3, libboost-dev (>= 1.67~), libboost-system-dev (>= 1.67~), libboost-test-dev (>= 1.67~), python3-dev, swig (>= 3.0~), build-essential, fakeroot
Filtered Build-Depends: cmake (>= 3.12.0~), debhelper-compat (= 13), dh-sequence-python3, libboost-dev (>= 1.67~), libboost-system-dev (>= 1.67~), libboost-test-dev (>= 1.67~), python3-dev, swig (>= 3.0~), build-essential, fakeroot
dpkg-deb: building package 'sbuild-build-depends-main-dummy' in '/<<RESOLVERDIR>>/apt_archive/sbuild-build-depends-main-dummy.deb'.
Ign:1 copy:/<<RESOLVERDIR>>/apt_archive ./ InRelease
Get:2 copy:/<<RESOLVERDIR>>/apt_archive ./ Release [957 B]
Ign:3 copy:/<<RESOLVERDIR>>/apt_archive ./ Release.gpg
Get:4 copy:/<<RESOLVERDIR>>/apt_archive ./ Sources [447 B]
Get:5 copy:/<<RESOLVERDIR>>/apt_archive ./ Packages [521 B]
Fetched 1925 B in 0s (188 kB/s)
Reading package lists...
Reading package lists...

Install main build dependencies (apt-based resolver)
----------------------------------------------------

Installing build dependencies
Reading package lists...
Building dependency tree...
Reading state information...
The following additional packages will be installed:
  autoconf automake autopoint autotools-dev bsdextrautils cmake cmake-data
  debhelper dh-autoreconf dh-elpa-helper dh-python dh-strip-nondeterminism dwz
  emacsen-common file gettext gettext-base groff-base intltool-debian
  libarchive-zip-perl libarchive13 libboost-dev libboost-system-dev
  libboost-system1.74-dev libboost-system1.74.0 libboost-test-dev
  libboost-test1.74-dev libboost-test1.74.0 libboost1.74-dev libbrotli1
  libcurl4 libdebhelper-perl libexpat1 libexpat1-dev
  libfile-stripnondeterminism-perl libgcc-10-dev libjs-jquery libjs-sphinxdoc
  libjs-underscore libjsoncpp24 libldap-2.4-2 libmagic-mgc libmagic1 libmpdec3
  libncurses6 libncursesw6 libnghttp2-14 libpipeline1 libprocps8 libpsl5
  libpython3-dev libpython3-stdlib libpython3.9 libpython3.9-dev
  libpython3.9-minimal libpython3.9-stdlib libreadline8 librhash0 librtmp1
  libsasl2-2 libsasl2-modules-db libsigsegv2 libsqlite3-0 libssh2-1
  libstdc++-10-dev libsub-override-perl libtool libuchardet0 libuv1 m4 man-db
  media-types po-debconf procps python3 python3-dev python3-distutils
  python3-lib2to3 python3-minimal python3.9 python3.9-dev python3.9-minimal
  readline-common sensible-utils swig swig4.0 zlib1g-dev
Suggested packages:
  autoconf-archive gnu-standards autoconf-doc cmake-doc ninja-build dh-make
  flit python3-toml gettext-doc libasprintf-dev libgettextpo-dev groff lrzip
  libboost-doc libboost1.74-doc libboost-atomic1.74-dev
  libboost-chrono1.74-dev libboost-container1.74-dev libboost-context1.74-dev
  libboost-contract1.74-dev libboost-coroutine1.74-dev
  libboost-date-time1.74-dev libboost-exception1.74-dev libboost-fiber1.74-dev
  libboost-filesystem1.74-dev libboost-graph1.74-dev
  libboost-graph-parallel1.74-dev libboost-iostreams1.74-dev
  libboost-locale1.74-dev libboost-log1.74-dev libboost-math1.74-dev
  libboost-mpi1.74-dev libboost-mpi-python1.74-dev libboost-numpy1.74-dev
  libboost-program-options1.74-dev libboost-python1.74-dev
  libboost-random1.74-dev libboost-regex1.74-dev
  libboost-serialization1.74-dev libboost-stacktrace1.74-dev
  libboost-thread1.74-dev libboost-timer1.74-dev libboost-type-erasure1.74-dev
  libboost-wave1.74-dev libboost1.74-tools-dev libmpfrc++-dev libntl-dev
  libboost-nowide1.74-dev libstdc++-10-doc libtool-doc gfortran
  | fortran95-compiler gcj-jdk m4-doc apparmor less www-browser
  libmail-box-perl python3-doc python3-tk python3-venv python3.9-venv
  python3.9-doc binfmt-support readline-doc swig-doc swig-examples
  swig4.0-examples swig4.0-doc
Recommended packages:
  curl | wget | lynx ca-certificates libarchive-cpio-perl javascript-common
  libldap-common libgpm2 publicsuffix libsasl2-modules libltdl-dev
  libmail-sendmail-perl psmisc
The following NEW packages will be installed:
  autoconf automake autopoint autotools-dev bsdextrautils cmake cmake-data
  debhelper dh-autoreconf dh-elpa-helper dh-python dh-strip-nondeterminism dwz
  emacsen-common file gettext gettext-base groff-base intltool-debian
  libarchive-zip-perl libarchive13 libboost-dev libboost-system-dev
  libboost-system1.74-dev libboost-system1.74.0 libboost-test-dev
  libboost-test1.74-dev libboost-test1.74.0 libboost1.74-dev libbrotli1
  libcurl4 libdebhelper-perl libexpat1 libexpat1-dev
  libfile-stripnondeterminism-perl libgcc-10-dev libjs-jquery libjs-sphinxdoc
  libjs-underscore libjsoncpp24 libldap-2.4-2 libmagic-mgc libmagic1 libmpdec3
  libncurses6 libncursesw6 libnghttp2-14 libpipeline1 libprocps8 libpsl5
  libpython3-dev libpython3-stdlib libpython3.9 libpython3.9-dev
  libpython3.9-minimal libpython3.9-stdlib libreadline8 librhash0 librtmp1
  libsasl2-2 libsasl2-modules-db libsigsegv2 libsqlite3-0 libssh2-1
  libstdc++-10-dev libsub-override-perl libtool libuchardet0 libuv1 m4 man-db
  media-types po-debconf procps python3 python3-dev python3-distutils
  python3-lib2to3 python3-minimal python3.9 python3.9-dev python3.9-minimal
  readline-common sbuild-build-depends-main-dummy sensible-utils swig swig4.0
  zlib1g-dev
0 upgraded, 88 newly installed, 0 to remove and 0 not upgraded.
Need to get 52.2 MB of archives.
After this operation, 322 MB of additional disk space will be used.
Get:1 copy:/<<RESOLVERDIR>>/apt_archive ./ sbuild-build-depends-main-dummy 0.invalid.0 [948 B]
Get:2 http://127.0.0.1:12990/debian sid/main amd64 bsdextrautils amd64 2.37.2-4 [143 kB]
Get:3 http://127.0.0.1:12990/debian sid/main amd64 libuchardet0 amd64 0.0.7-1 [67.8 kB]
Get:4 http://127.0.0.1:12990/debian sid/main amd64 groff-base amd64 1.22.4-7 [935 kB]
Get:5 http://127.0.0.1:12990/debian sid/main amd64 libpipeline1 amd64 1.5.3-1 [34.3 kB]
Get:6 http://127.0.0.1:12990/debian sid/main amd64 man-db amd64 2.9.4-2 [1354 kB]
Get:7 http://127.0.0.1:12990/debian sid/main amd64 libpython3.9-minimal amd64 3.9.7-4 [804 kB]
Get:8 http://127.0.0.1:12990/debian sid/main amd64 libexpat1 amd64 2.4.1-3 [104 kB]
Get:9 http://127.0.0.1:12990/debian sid/main amd64 python3.9-minimal amd64 3.9.7-4 [1963 kB]
Get:10 http://127.0.0.1:12990/debian sid/main amd64 python3-minimal amd64 3.9.2-3 [38.2 kB]
Get:11 http://127.0.0.1:12990/debian sid/main amd64 media-types all 4.0.0 [30.3 kB]
Get:12 http://127.0.0.1:12990/debian sid/main amd64 libmpdec3 amd64 2.5.1-2 [87.8 kB]
Get:13 http://127.0.0.1:12990/debian sid/main amd64 libncursesw6 amd64 6.2+20210905-1 [133 kB]
Get:14 http://127.0.0.1:12990/debian sid/main amd64 readline-common all 8.1-2 [73.8 kB]
Get:15 http://127.0.0.1:12990/debian sid/main amd64 libreadline8 amd64 8.1-2 [168 kB]
Get:16 http://127.0.0.1:12990/debian sid/main amd64 libsqlite3-0 amd64 3.36.0-2 [815 kB]
Get:17 http://127.0.0.1:12990/debian sid/main amd64 libpython3.9-stdlib amd64 3.9.7-4 [1688 kB]
Get:18 http://127.0.0.1:12990/debian sid/main amd64 python3.9 amd64 3.9.7-4 [480 kB]
Get:19 http://127.0.0.1:12990/debian sid/main amd64 libpython3-stdlib amd64 3.9.2-3 [21.4 kB]
Get:20 http://127.0.0.1:12990/debian sid/main amd64 python3 amd64 3.9.2-3 [37.9 kB]
Get:21 http://127.0.0.1:12990/debian sid/main amd64 libncurses6 amd64 6.2+20210905-1 [102 kB]
Get:22 http://127.0.0.1:12990/debian sid/main amd64 libprocps8 amd64 2:3.3.17-5 [63.9 kB]
Get:23 http://127.0.0.1:12990/debian sid/main amd64 procps amd64 2:3.3.17-5 [502 kB]
Get:24 http://127.0.0.1:12990/debian sid/main amd64 sensible-utils all 0.0.17 [21.5 kB]
Get:25 http://127.0.0.1:12990/debian sid/main amd64 libmagic-mgc amd64 1:5.39-3 [273 kB]
Get:26 http://127.0.0.1:12990/debian sid/main amd64 libmagic1 amd64 1:5.39-3 [126 kB]
Get:27 http://127.0.0.1:12990/debian sid/main amd64 file amd64 1:5.39-3 [69.1 kB]
Get:28 http://127.0.0.1:12990/debian sid/main amd64 gettext-base amd64 0.21-4 [175 kB]
Get:29 http://127.0.0.1:12990/debian sid/main amd64 libsigsegv2 amd64 2.13-1 [34.8 kB]
Get:30 http://127.0.0.1:12990/debian sid/main amd64 m4 amd64 1.4.18-5 [204 kB]
Get:31 http://127.0.0.1:12990/debian sid/main amd64 autoconf all 2.71-2 [343 kB]
Get:32 http://127.0.0.1:12990/debian sid/main amd64 autotools-dev all 20180224.1+nmu1 [77.1 kB]
Get:33 http://127.0.0.1:12990/debian sid/main amd64 automake all 1:1.16.5-1 [823 kB]
Get:34 http://127.0.0.1:12990/debian sid/main amd64 autopoint all 0.21-4 [510 kB]
Get:35 http://127.0.0.1:12990/debian sid/main amd64 libarchive13 amd64 3.4.3-2+b1 [343 kB]
Get:36 http://127.0.0.1:12990/debian sid/main amd64 libbrotli1 amd64 1.0.9-2+b2 [279 kB]
Get:37 http://127.0.0.1:12990/debian sid/main amd64 libsasl2-modules-db amd64 2.1.27+dfsg-2.1 [69.1 kB]
Get:38 http://127.0.0.1:12990/debian sid/main amd64 libsasl2-2 amd64 2.1.27+dfsg-2.1 [106 kB]
Get:39 http://127.0.0.1:12990/debian sid/main amd64 libldap-2.4-2 amd64 2.4.59+dfsg-1 [232 kB]
Get:40 http://127.0.0.1:12990/debian sid/main amd64 libnghttp2-14 amd64 1.43.0-1 [77.1 kB]
Get:41 http://127.0.0.1:12990/debian sid/main amd64 libpsl5 amd64 0.21.0-1.2 [57.3 kB]
Get:42 http://127.0.0.1:12990/debian sid/main amd64 librtmp1 amd64 2.4+20151223.gitfa8646d.1-2+b2 [60.8 kB]
Get:43 http://127.0.0.1:12990/debian sid/main amd64 libssh2-1 amd64 1.10.0-2 [178 kB]
Get:44 http://127.0.0.1:12990/debian sid/main amd64 libcurl4 amd64 7.74.0-1.3+b1 [341 kB]
Get:45 http://127.0.0.1:12990/debian sid/main amd64 libjsoncpp24 amd64 1.9.4-5 [78.8 kB]
Get:46 http://127.0.0.1:12990/debian sid/main amd64 librhash0 amd64 1.4.2-1 [129 kB]
Get:47 http://127.0.0.1:12990/debian sid/main amd64 libuv1 amd64 1.42.0-1 [135 kB]
Get:48 http://127.0.0.1:12990/debian sid/main amd64 dh-elpa-helper all 2.0.9 [11.2 kB]
Get:49 http://127.0.0.1:12990/debian sid/main amd64 emacsen-common all 3.0.4 [19.3 kB]
Get:50 http://127.0.0.1:12990/debian sid/main amd64 cmake-data all 3.21.3-5 [1878 kB]
Get:51 http://127.0.0.1:12990/debian sid/main amd64 cmake amd64 3.21.3-5 [7907 kB]
Get:52 http://127.0.0.1:12990/debian sid/main amd64 libdebhelper-perl all 13.5.2 [192 kB]
Get:53 http://127.0.0.1:12990/debian sid/main amd64 libtool all 2.4.6-15 [513 kB]
Get:54 http://127.0.0.1:12990/debian sid/main amd64 dh-autoreconf all 20 [17.1 kB]
Get:55 http://127.0.0.1:12990/debian sid/main amd64 libarchive-zip-perl all 1.68-1 [104 kB]
Get:56 http://127.0.0.1:12990/debian sid/main amd64 libsub-override-perl all 0.09-2 [10.2 kB]
Get:57 http://127.0.0.1:12990/debian sid/main amd64 libfile-stripnondeterminism-perl all 1.12.0-2 [26.3 kB]
Get:58 http://127.0.0.1:12990/debian sid/main amd64 dh-strip-nondeterminism all 1.12.0-2 [15.5 kB]
Get:59 http://127.0.0.1:12990/debian sid/main amd64 dwz amd64 0.14-1 [98.3 kB]
Get:60 http://127.0.0.1:12990/debian sid/main amd64 gettext amd64 0.21-4 [1311 kB]
Get:61 http://127.0.0.1:12990/debian sid/main amd64 intltool-debian all 0.35.0+20060710.5 [26.8 kB]
Get:62 http://127.0.0.1:12990/debian sid/main amd64 po-debconf all 1.0.21+nmu1 [248 kB]
Get:63 http://127.0.0.1:12990/debian sid/main amd64 debhelper all 13.5.2 [1056 kB]
Get:64 http://127.0.0.1:12990/debian sid/main amd64 python3-lib2to3 all 3.9.7-1 [79.4 kB]
Get:65 http://127.0.0.1:12990/debian sid/main amd64 python3-distutils all 3.9.7-1 [146 kB]
Get:66 http://127.0.0.1:12990/debian sid/main amd64 dh-python all 5.20211022.1 [103 kB]
Get:67 http://127.0.0.1:12990/debian sid/main amd64 libgcc-10-dev amd64 10.3.0-11 [2323 kB]
Get:68 http://127.0.0.1:12990/debian sid/main amd64 libstdc++-10-dev amd64 10.3.0-11 [1750 kB]
Get:69 http://127.0.0.1:12990/debian sid/main amd64 libboost1.74-dev amd64 1.74.0-11 [9533 kB]
Get:70 http://127.0.0.1:12990/debian sid/main amd64 libboost-dev amd64 1.74.0.3 [4548 B]
Get:71 http://127.0.0.1:12990/debian sid/main amd64 libboost-system1.74.0 amd64 1.74.0-11 [242 kB]
Get:72 http://127.0.0.1:12990/debian sid/main amd64 libboost-system1.74-dev amd64 1.74.0-11 [243 kB]
Get:73 http://127.0.0.1:12990/debian sid/main amd64 libboost-system-dev amd64 1.74.0.3 [4468 B]
Get:74 http://127.0.0.1:12990/debian sid/main amd64 libboost-test1.74.0 amd64 1.74.0-11 [472 kB]
Get:75 http://127.0.0.1:12990/debian sid/main amd64 libboost-test1.74-dev amd64 1.74.0-11 [544 kB]
Get:76 http://127.0.0.1:12990/debian sid/main amd64 libboost-test-dev amd64 1.74.0.3 [4368 B]
Get:77 http://127.0.0.1:12990/debian sid/main amd64 libexpat1-dev amd64 2.4.1-3 [156 kB]
Get:78 http://127.0.0.1:12990/debian sid/main amd64 libjs-jquery all 3.5.1+dfsg+~3.5.5-8 [315 kB]
Get:79 http://127.0.0.1:12990/debian sid/main amd64 libjs-underscore all 1.9.1~dfsg-4 [100 kB]
Get:80 http://127.0.0.1:12990/debian sid/main amd64 libjs-sphinxdoc all 4.2.0-5 [137 kB]
Get:81 http://127.0.0.1:12990/debian sid/main amd64 libpython3.9 amd64 3.9.7-4 [1693 kB]
Get:82 http://127.0.0.1:12990/debian sid/main amd64 zlib1g-dev amd64 1:1.2.11.dfsg-2 [190 kB]
Get:83 http://127.0.0.1:12990/debian sid/main amd64 libpython3.9-dev amd64 3.9.7-4 [4032 kB]
Get:84 http://127.0.0.1:12990/debian sid/main amd64 libpython3-dev amd64 3.9.2-3 [21.7 kB]
Get:85 http://127.0.0.1:12990/debian sid/main amd64 python3.9-dev amd64 3.9.7-4 [508 kB]
Get:86 http://127.0.0.1:12990/debian sid/main amd64 python3-dev amd64 3.9.2-3 [24.8 kB]
Get:87 http://127.0.0.1:12990/debian sid/main amd64 swig4.0 amd64 4.0.2-1 [1377 kB]
Get:88 http://127.0.0.1:12990/debian sid/main amd64 swig all 4.0.2-1 [330 kB]
debconf: delaying package configuration, since apt-utils is not installed
Fetched 52.2 MB in 0s (141 MB/s)
Selecting previously unselected package bsdextrautils.
(Reading database ... 14272 files and directories currently installed.)
Preparing to unpack .../0-bsdextrautils_2.37.2-4_amd64.deb ...
Unpacking bsdextrautils (2.37.2-4) ...
Selecting previously unselected package libuchardet0:amd64.
Preparing to unpack .../1-libuchardet0_0.0.7-1_amd64.deb ...
Unpacking libuchardet0:amd64 (0.0.7-1) ...
Selecting previously unselected package groff-base.
Preparing to unpack .../2-groff-base_1.22.4-7_amd64.deb ...
Unpacking groff-base (1.22.4-7) ...
Selecting previously unselected package libpipeline1:amd64.
Preparing to unpack .../3-libpipeline1_1.5.3-1_amd64.deb ...
Unpacking libpipeline1:amd64 (1.5.3-1) ...
Selecting previously unselected package man-db.
Preparing to unpack .../4-man-db_2.9.4-2_amd64.deb ...
Unpacking man-db (2.9.4-2) ...
Selecting previously unselected package libpython3.9-minimal:amd64.
Preparing to unpack .../5-libpython3.9-minimal_3.9.7-4_amd64.deb ...
Unpacking libpython3.9-minimal:amd64 (3.9.7-4) ...
Selecting previously unselected package libexpat1:amd64.
Preparing to unpack .../6-libexpat1_2.4.1-3_amd64.deb ...
Unpacking libexpat1:amd64 (2.4.1-3) ...
Selecting previously unselected package python3.9-minimal.
Preparing to unpack .../7-python3.9-minimal_3.9.7-4_amd64.deb ...
Unpacking python3.9-minimal (3.9.7-4) ...
Setting up libpython3.9-minimal:amd64 (3.9.7-4) ...
Setting up libexpat1:amd64 (2.4.1-3) ...
Setting up python3.9-minimal (3.9.7-4) ...
Selecting previously unselected package python3-minimal.
(Reading database ... 15139 files and directories currently installed.)
Preparing to unpack .../0-python3-minimal_3.9.2-3_amd64.deb ...
Unpacking python3-minimal (3.9.2-3) ...
Selecting previously unselected package media-types.
Preparing to unpack .../1-media-types_4.0.0_all.deb ...
Unpacking media-types (4.0.0) ...
Selecting previously unselected package libmpdec3:amd64.
Preparing to unpack .../2-libmpdec3_2.5.1-2_amd64.deb ...
Unpacking libmpdec3:amd64 (2.5.1-2) ...
Selecting previously unselected package libncursesw6:amd64.
Preparing to unpack .../3-libncursesw6_6.2+20210905-1_amd64.deb ...
Unpacking libncursesw6:amd64 (6.2+20210905-1) ...
Selecting previously unselected package readline-common.
Preparing to unpack .../4-readline-common_8.1-2_all.deb ...
Unpacking readline-common (8.1-2) ...
Selecting previously unselected package libreadline8:amd64.
Preparing to unpack .../5-libreadline8_8.1-2_amd64.deb ...
Unpacking libreadline8:amd64 (8.1-2) ...
Selecting previously unselected package libsqlite3-0:amd64.
Preparing to unpack .../6-libsqlite3-0_3.36.0-2_amd64.deb ...
Unpacking libsqlite3-0:amd64 (3.36.0-2) ...
Selecting previously unselected package libpython3.9-stdlib:amd64.
Preparing to unpack .../7-libpython3.9-stdlib_3.9.7-4_amd64.deb ...
Unpacking libpython3.9-stdlib:amd64 (3.9.7-4) ...
Selecting previously unselected package python3.9.
Preparing to unpack .../8-python3.9_3.9.7-4_amd64.deb ...
Unpacking python3.9 (3.9.7-4) ...
Selecting previously unselected package libpython3-stdlib:amd64.
Preparing to unpack .../9-libpython3-stdlib_3.9.2-3_amd64.deb ...
Unpacking libpython3-stdlib:amd64 (3.9.2-3) ...
Setting up python3-minimal (3.9.2-3) ...
Selecting previously unselected package python3.
(Reading database ... 15578 files and directories currently installed.)
Preparing to unpack .../00-python3_3.9.2-3_amd64.deb ...
Unpacking python3 (3.9.2-3) ...
Selecting previously unselected package libncurses6:amd64.
Preparing to unpack .../01-libncurses6_6.2+20210905-1_amd64.deb ...
Unpacking libncurses6:amd64 (6.2+20210905-1) ...
Selecting previously unselected package libprocps8:amd64.
Preparing to unpack .../02-libprocps8_2%3a3.3.17-5_amd64.deb ...
Unpacking libprocps8:amd64 (2:3.3.17-5) ...
Selecting previously unselected package procps.
Preparing to unpack .../03-procps_2%3a3.3.17-5_amd64.deb ...
Unpacking procps (2:3.3.17-5) ...
Selecting previously unselected package sensible-utils.
Preparing to unpack .../04-sensible-utils_0.0.17_all.deb ...
Unpacking sensible-utils (0.0.17) ...
Selecting previously unselected package libmagic-mgc.
Preparing to unpack .../05-libmagic-mgc_1%3a5.39-3_amd64.deb ...
Unpacking libmagic-mgc (1:5.39-3) ...
Selecting previously unselected package libmagic1:amd64.
Preparing to unpack .../06-libmagic1_1%3a5.39-3_amd64.deb ...
Unpacking libmagic1:amd64 (1:5.39-3) ...
Selecting previously unselected package file.
Preparing to unpack .../07-file_1%3a5.39-3_amd64.deb ...
Unpacking file (1:5.39-3) ...
Selecting previously unselected package gettext-base.
Preparing to unpack .../08-gettext-base_0.21-4_amd64.deb ...
Unpacking gettext-base (0.21-4) ...
Selecting previously unselected package libsigsegv2:amd64.
Preparing to unpack .../09-libsigsegv2_2.13-1_amd64.deb ...
Unpacking libsigsegv2:amd64 (2.13-1) ...
Selecting previously unselected package m4.
Preparing to unpack .../10-m4_1.4.18-5_amd64.deb ...
Unpacking m4 (1.4.18-5) ...
Selecting previously unselected package autoconf.
Preparing to unpack .../11-autoconf_2.71-2_all.deb ...
Unpacking autoconf (2.71-2) ...
Selecting previously unselected package autotools-dev.
Preparing to unpack .../12-autotools-dev_20180224.1+nmu1_all.deb ...
Unpacking autotools-dev (20180224.1+nmu1) ...
Selecting previously unselected package automake.
Preparing to unpack .../13-automake_1%3a1.16.5-1_all.deb ...
Unpacking automake (1:1.16.5-1) ...
Selecting previously unselected package autopoint.
Preparing to unpack .../14-autopoint_0.21-4_all.deb ...
Unpacking autopoint (0.21-4) ...
Selecting previously unselected package libarchive13:amd64.
Preparing to unpack .../15-libarchive13_3.4.3-2+b1_amd64.deb ...
Unpacking libarchive13:amd64 (3.4.3-2+b1) ...
Selecting previously unselected package libbrotli1:amd64.
Preparing to unpack .../16-libbrotli1_1.0.9-2+b2_amd64.deb ...
Unpacking libbrotli1:amd64 (1.0.9-2+b2) ...
Selecting previously unselected package libsasl2-modules-db:amd64.
Preparing to unpack .../17-libsasl2-modules-db_2.1.27+dfsg-2.1_amd64.deb ...
Unpacking libsasl2-modules-db:amd64 (2.1.27+dfsg-2.1) ...
Selecting previously unselected package libsasl2-2:amd64.
Preparing to unpack .../18-libsasl2-2_2.1.27+dfsg-2.1_amd64.deb ...
Unpacking libsasl2-2:amd64 (2.1.27+dfsg-2.1) ...
Selecting previously unselected package libldap-2.4-2:amd64.
Preparing to unpack .../19-libldap-2.4-2_2.4.59+dfsg-1_amd64.deb ...
Unpacking libldap-2.4-2:amd64 (2.4.59+dfsg-1) ...
Selecting previously unselected package libnghttp2-14:amd64.
Preparing to unpack .../20-libnghttp2-14_1.43.0-1_amd64.deb ...
Unpacking libnghttp2-14:amd64 (1.43.0-1) ...
Selecting previously unselected package libpsl5:amd64.
Preparing to unpack .../21-libpsl5_0.21.0-1.2_amd64.deb ...
Unpacking libpsl5:amd64 (0.21.0-1.2) ...
Selecting previously unselected package librtmp1:amd64.
Preparing to unpack .../22-librtmp1_2.4+20151223.gitfa8646d.1-2+b2_amd64.deb ...
Unpacking librtmp1:amd64 (2.4+20151223.gitfa8646d.1-2+b2) ...
Selecting previously unselected package libssh2-1:amd64.
Preparing to unpack .../23-libssh2-1_1.10.0-2_amd64.deb ...
Unpacking libssh2-1:amd64 (1.10.0-2) ...
Selecting previously unselected package libcurl4:amd64.
Preparing to unpack .../24-libcurl4_7.74.0-1.3+b1_amd64.deb ...
Unpacking libcurl4:amd64 (7.74.0-1.3+b1) ...
Selecting previously unselected package libjsoncpp24:amd64.
Preparing to unpack .../25-libjsoncpp24_1.9.4-5_amd64.deb ...
Unpacking libjsoncpp24:amd64 (1.9.4-5) ...
Selecting previously unselected package librhash0:amd64.
Preparing to unpack .../26-librhash0_1.4.2-1_amd64.deb ...
Unpacking librhash0:amd64 (1.4.2-1) ...
Selecting previously unselected package libuv1:amd64.
Preparing to unpack .../27-libuv1_1.42.0-1_amd64.deb ...
Unpacking libuv1:amd64 (1.42.0-1) ...
Selecting previously unselected package dh-elpa-helper.
Preparing to unpack .../28-dh-elpa-helper_2.0.9_all.deb ...
Unpacking dh-elpa-helper (2.0.9) ...
Selecting previously unselected package emacsen-common.
Preparing to unpack .../29-emacsen-common_3.0.4_all.deb ...
Unpacking emacsen-common (3.0.4) ...
Selecting previously unselected package cmake-data.
Preparing to unpack .../30-cmake-data_3.21.3-5_all.deb ...
Unpacking cmake-data (3.21.3-5) ...
Selecting previously unselected package cmake.
Preparing to unpack .../31-cmake_3.21.3-5_amd64.deb ...
Unpacking cmake (3.21.3-5) ...
Selecting previously unselected package libdebhelper-perl.
Preparing to unpack .../32-libdebhelper-perl_13.5.2_all.deb ...
Unpacking libdebhelper-perl (13.5.2) ...
Selecting previously unselected package libtool.
Preparing to unpack .../33-libtool_2.4.6-15_all.deb ...
Unpacking libtool (2.4.6-15) ...
Selecting previously unselected package dh-autoreconf.
Preparing to unpack .../34-dh-autoreconf_20_all.deb ...
Unpacking dh-autoreconf (20) ...
Selecting previously unselected package libarchive-zip-perl.
Preparing to unpack .../35-libarchive-zip-perl_1.68-1_all.deb ...
Unpacking libarchive-zip-perl (1.68-1) ...
Selecting previously unselected package libsub-override-perl.
Preparing to unpack .../36-libsub-override-perl_0.09-2_all.deb ...
Unpacking libsub-override-perl (0.09-2) ...
Selecting previously unselected package libfile-stripnondeterminism-perl.
Preparing to unpack .../37-libfile-stripnondeterminism-perl_1.12.0-2_all.deb ...
Unpacking libfile-stripnondeterminism-perl (1.12.0-2) ...
Selecting previously unselected package dh-strip-nondeterminism.
Preparing to unpack .../38-dh-strip-nondeterminism_1.12.0-2_all.deb ...
Unpacking dh-strip-nondeterminism (1.12.0-2) ...
Selecting previously unselected package dwz.
Preparing to unpack .../39-dwz_0.14-1_amd64.deb ...
Unpacking dwz (0.14-1) ...
Selecting previously unselected package gettext.
Preparing to unpack .../40-gettext_0.21-4_amd64.deb ...
Unpacking gettext (0.21-4) ...
Selecting previously unselected package intltool-debian.
Preparing to unpack .../41-intltool-debian_0.35.0+20060710.5_all.deb ...
Unpacking intltool-debian (0.35.0+20060710.5) ...
Selecting previously unselected package po-debconf.
Preparing to unpack .../42-po-debconf_1.0.21+nmu1_all.deb ...
Unpacking po-debconf (1.0.21+nmu1) ...
Selecting previously unselected package debhelper.
Preparing to unpack .../43-debhelper_13.5.2_all.deb ...
Unpacking debhelper (13.5.2) ...
Selecting previously unselected package python3-lib2to3.
Preparing to unpack .../44-python3-lib2to3_3.9.7-1_all.deb ...
Unpacking python3-lib2to3 (3.9.7-1) ...
Selecting previously unselected package python3-distutils.
Preparing to unpack .../45-python3-distutils_3.9.7-1_all.deb ...
Unpacking python3-distutils (3.9.7-1) ...
Selecting previously unselected package dh-python.
Preparing to unpack .../46-dh-python_5.20211022.1_all.deb ...
Unpacking dh-python (5.20211022.1) ...
Selecting previously unselected package libgcc-10-dev:amd64.
Preparing to unpack .../47-libgcc-10-dev_10.3.0-11_amd64.deb ...
Unpacking libgcc-10-dev:amd64 (10.3.0-11) ...
Selecting previously unselected package libstdc++-10-dev:amd64.
Preparing to unpack .../48-libstdc++-10-dev_10.3.0-11_amd64.deb ...
Unpacking libstdc++-10-dev:amd64 (10.3.0-11) ...
Selecting previously unselected package libboost1.74-dev:amd64.
Preparing to unpack .../49-libboost1.74-dev_1.74.0-11_amd64.deb ...
Unpacking libboost1.74-dev:amd64 (1.74.0-11) ...
Selecting previously unselected package libboost-dev:amd64.
Preparing to unpack .../50-libboost-dev_1.74.0.3_amd64.deb ...
Unpacking libboost-dev:amd64 (1.74.0.3) ...
Selecting previously unselected package libboost-system1.74.0:amd64.
Preparing to unpack .../51-libboost-system1.74.0_1.74.0-11_amd64.deb ...
Unpacking libboost-system1.74.0:amd64 (1.74.0-11) ...
Selecting previously unselected package libboost-system1.74-dev:amd64.
Preparing to unpack .../52-libboost-system1.74-dev_1.74.0-11_amd64.deb ...
Unpacking libboost-system1.74-dev:amd64 (1.74.0-11) ...
Selecting previously unselected package libboost-system-dev:amd64.
Preparing to unpack .../53-libboost-system-dev_1.74.0.3_amd64.deb ...
Unpacking libboost-system-dev:amd64 (1.74.0.3) ...
Selecting previously unselected package libboost-test1.74.0:amd64.
Preparing to unpack .../54-libboost-test1.74.0_1.74.0-11_amd64.deb ...
Unpacking libboost-test1.74.0:amd64 (1.74.0-11) ...
Selecting previously unselected package libboost-test1.74-dev:amd64.
Preparing to unpack .../55-libboost-test1.74-dev_1.74.0-11_amd64.deb ...
Unpacking libboost-test1.74-dev:amd64 (1.74.0-11) ...
Selecting previously unselected package libboost-test-dev:amd64.
Preparing to unpack .../56-libboost-test-dev_1.74.0.3_amd64.deb ...
Unpacking libboost-test-dev:amd64 (1.74.0.3) ...
Selecting previously unselected package libexpat1-dev:amd64.
Preparing to unpack .../57-libexpat1-dev_2.4.1-3_amd64.deb ...
Unpacking libexpat1-dev:amd64 (2.4.1-3) ...
Selecting previously unselected package libjs-jquery.
Preparing to unpack .../58-libjs-jquery_3.5.1+dfsg+~3.5.5-8_all.deb ...
Unpacking libjs-jquery (3.5.1+dfsg+~3.5.5-8) ...
Selecting previously unselected package libjs-underscore.
Preparing to unpack .../59-libjs-underscore_1.9.1~dfsg-4_all.deb ...
Unpacking libjs-underscore (1.9.1~dfsg-4) ...
Selecting previously unselected package libjs-sphinxdoc.
Preparing to unpack .../60-libjs-sphinxdoc_4.2.0-5_all.deb ...
Unpacking libjs-sphinxdoc (4.2.0-5) ...
Selecting previously unselected package libpython3.9:amd64.
Preparing to unpack .../61-libpython3.9_3.9.7-4_amd64.deb ...
Unpacking libpython3.9:amd64 (3.9.7-4) ...
Selecting previously unselected package zlib1g-dev:amd64.
Preparing to unpack .../62-zlib1g-dev_1%3a1.2.11.dfsg-2_amd64.deb ...
Unpacking zlib1g-dev:amd64 (1:1.2.11.dfsg-2) ...
Selecting previously unselected package libpython3.9-dev:amd64.
Preparing to unpack .../63-libpython3.9-dev_3.9.7-4_amd64.deb ...
Unpacking libpython3.9-dev:amd64 (3.9.7-4) ...
Selecting previously unselected package libpython3-dev:amd64.
Preparing to unpack .../64-libpython3-dev_3.9.2-3_amd64.deb ...
Unpacking libpython3-dev:amd64 (3.9.2-3) ...
Selecting previously unselected package python3.9-dev.
Preparing to unpack .../65-python3.9-dev_3.9.7-4_amd64.deb ...
Unpacking python3.9-dev (3.9.7-4) ...
Selecting previously unselected package python3-dev.
Preparing to unpack .../66-python3-dev_3.9.2-3_amd64.deb ...
Unpacking python3-dev (3.9.2-3) ...
Selecting previously unselected package swig4.0.
Preparing to unpack .../67-swig4.0_4.0.2-1_amd64.deb ...
Unpacking swig4.0 (4.0.2-1) ...
Selecting previously unselected package swig.
Preparing to unpack .../68-swig_4.0.2-1_all.deb ...
Unpacking swig (4.0.2-1) ...
Selecting previously unselected package sbuild-build-depends-main-dummy.
Preparing to unpack .../69-sbuild-build-depends-main-dummy_0.invalid.0_amd64.deb ...
Unpacking sbuild-build-depends-main-dummy (0.invalid.0) ...
Setting up media-types (4.0.0) ...
Setting up libpipeline1:amd64 (1.5.3-1) ...
Setting up libboost-system1.74.0:amd64 (1.74.0-11) ...
Setting up libpsl5:amd64 (0.21.0-1.2) ...
Setting up bsdextrautils (2.37.2-4) ...
update-alternatives: using /usr/bin/write.ul to provide /usr/bin/write (write) in auto mode
Setting up libmagic-mgc (1:5.39-3) ...
Setting up libarchive13:amd64 (3.4.3-2+b1) ...
Setting up libarchive-zip-perl (1.68-1) ...
Setting up libgcc-10-dev:amd64 (10.3.0-11) ...
Setting up libdebhelper-perl (13.5.2) ...
Setting up libbrotli1:amd64 (1.0.9-2+b2) ...
Setting up libsqlite3-0:amd64 (3.36.0-2) ...
Setting up libnghttp2-14:amd64 (1.43.0-1) ...
Setting up libmagic1:amd64 (1:5.39-3) ...
Setting up gettext-base (0.21-4) ...
Setting up file (1:5.39-3) ...
Setting up libsasl2-modules-db:amd64 (2.1.27+dfsg-2.1) ...
Setting up autotools-dev (20180224.1+nmu1) ...
Setting up libuv1:amd64 (1.42.0-1) ...
Setting up libexpat1-dev:amd64 (2.4.1-3) ...
Setting up libboost-test1.74.0:amd64 (1.74.0-11) ...
Setting up emacsen-common (3.0.4) ...
Setting up librtmp1:amd64 (2.4+20151223.gitfa8646d.1-2+b2) ...
Setting up dh-elpa-helper (2.0.9) ...
Setting up libncurses6:amd64 (6.2+20210905-1) ...
Setting up libsigsegv2:amd64 (2.13-1) ...
Setting up autopoint (0.21-4) ...
Setting up libncursesw6:amd64 (6.2+20210905-1) ...
Setting up libsasl2-2:amd64 (2.1.27+dfsg-2.1) ...
Setting up libjsoncpp24:amd64 (1.9.4-5) ...
Setting up zlib1g-dev:amd64 (1:1.2.11.dfsg-2) ...
Setting up dwz (0.14-1) ...
Setting up sensible-utils (0.0.17) ...
Setting up librhash0:amd64 (1.4.2-1) ...
Setting up libuchardet0:amd64 (0.0.7-1) ...
Setting up libmpdec3:amd64 (2.5.1-2) ...
Setting up libsub-override-perl (0.09-2) ...
Setting up libssh2-1:amd64 (1.10.0-2) ...
Setting up cmake-data (3.21.3-5) ...
Setting up libjs-jquery (3.5.1+dfsg+~3.5.5-8) ...
Setting up swig4.0 (4.0.2-1) ...
Setting up readline-common (8.1-2) ...
Setting up libprocps8:amd64 (2:3.3.17-5) ...
Setting up libjs-underscore (1.9.1~dfsg-4) ...
Setting up libfile-stripnondeterminism-perl (1.12.0-2) ...
Setting up gettext (0.21-4) ...
Setting up libstdc++-10-dev:amd64 (10.3.0-11) ...
Setting up libboost1.74-dev:amd64 (1.74.0-11) ...
Setting up swig (4.0.2-1) ...
Setting up libtool (2.4.6-15) ...
Setting up libreadline8:amd64 (8.1-2) ...
Setting up libldap-2.4-2:amd64 (2.4.59+dfsg-1) ...
Setting up m4 (1.4.18-5) ...
Setting up intltool-debian (0.35.0+20060710.5) ...
Setting up libboost-system1.74-dev:amd64 (1.74.0-11) ...
Setting up libjs-sphinxdoc (4.2.0-5) ...
Setting up autoconf (2.71-2) ...
Setting up dh-strip-nondeterminism (1.12.0-2) ...
Setting up groff-base (1.22.4-7) ...
Setting up procps (2:3.3.17-5) ...
Setting up libcurl4:amd64 (7.74.0-1.3+b1) ...
Setting up libboost-dev:amd64 (1.74.0.3) ...
Setting up libboost-test1.74-dev:amd64 (1.74.0-11) ...
Setting up libpython3.9-stdlib:amd64 (3.9.7-4) ...
Setting up libpython3-stdlib:amd64 (3.9.2-3) ...
Setting up automake (1:1.16.5-1) ...
update-alternatives: using /usr/bin/automake-1.16 to provide /usr/bin/automake (automake) in auto mode
Setting up po-debconf (1.0.21+nmu1) ...
Setting up libboost-system-dev:amd64 (1.74.0.3) ...
Setting up man-db (2.9.4-2) ...
Not building database; man-db/auto-update is not 'true'.
Setting up libboost-test-dev:amd64 (1.74.0.3) ...
Setting up dh-autoreconf (20) ...
Setting up libpython3.9:amd64 (3.9.7-4) ...
Setting up cmake (3.21.3-5) ...
Setting up python3.9 (3.9.7-4) ...
Setting up libpython3.9-dev:amd64 (3.9.7-4) ...
Setting up debhelper (13.5.2) ...
Setting up python3 (3.9.2-3) ...
Setting up python3.9-dev (3.9.7-4) ...
Setting up python3-lib2to3 (3.9.7-1) ...
Setting up python3-distutils (3.9.7-1) ...
Setting up dh-python (5.20211022.1) ...
Setting up libpython3-dev:amd64 (3.9.2-3) ...
Setting up python3-dev (3.9.2-3) ...
Setting up sbuild-build-depends-main-dummy (0.invalid.0) ...
Processing triggers for libc-bin (2.32-4) ...

+------------------------------------------------------------------------------+
| Check architectures                                                          |
+------------------------------------------------------------------------------+

Arch check ok (amd64 included in amd64 i386)

+------------------------------------------------------------------------------+
| Build environment                                                            |
+------------------------------------------------------------------------------+

Kernel: Linux 4.19.0-6-cloud-amd64 #1 SMP Debian 4.19.67-2+deb10u2 (2019-11-11) amd64 (x86_64)
Toolchain package versions: binutils_2.37-7 dpkg-dev_1.20.9 g++-11_11.2.0-10 gcc-11_11.2.0-10 libc6-dev_2.32-4 libstdc++-10-dev_10.3.0-11 libstdc++-11-dev_11.2.0-10 libstdc++6_11.2.0-10 linux-libc-dev_5.14.12-1
Package versions: adduser_3.118 apt_2.3.11 autoconf_2.71-2 automake_1:1.16.5-1 autopoint_0.21-4 autotools-dev_20180224.1+nmu1 base-files_12 base-passwd_3.5.52 bash_5.1-3+b2 binutils_2.37-7 binutils-common_2.37-7 binutils-x86-64-linux-gnu_2.37-7 bsdextrautils_2.37.2-4 bsdutils_1:2.37.2-4 build-essential_12.9 bzip2_1.0.8-4 clang-12_1:12.0.1-15 cmake_3.21.3-5 cmake-data_3.21.3-5 coreutils_8.32-4+b1 cpp_4:11.2.0-2 cpp-11_11.2.0-10 dash_0.5.11+git20210120+802ebd4-2 debconf_1.5.78 debhelper_13.5.2 debian-archive-keyring_2021.1.1 debianutils_5.5-1 dh-autoreconf_20 dh-elpa-helper_2.0.9 dh-python_5.20211022.1 dh-strip-nondeterminism_1.12.0-2 diffutils_1:3.7-5 dpkg_1.20.9 dpkg-dev_1.20.9 dwz_0.14-1 e2fsprogs_1.46.4-1 emacsen-common_3.0.4 fakeroot_1.26-1 file_1:5.39-3 findutils_4.8.0-1 g++_4:11.2.0-2 g++-11_11.2.0-10 gcc_4:11.2.0-2 gcc-10-base_10.3.0-11 gcc-11_11.2.0-10 gcc-11-base_11.2.0-10 gcc-9-base_9.4.0-3 gettext_0.21-4 gettext-base_0.21-4 gpgv_2.2.27-2 grep_3.7-1 groff-base_1.22.4-7 gzip_1.10-4 hostname_3.23 init-system-helpers_1.60 intltool-debian_0.35.0+20060710.5 lib32gcc-s1_11.2.0-10 lib32stdc++6_11.2.0-10 libacl1_2.3.1-1 libapt-pkg6.0_2.3.11 libarchive-zip-perl_1.68-1 libarchive13_3.4.3-2+b1 libasan5_9.4.0-3 libasan6_11.2.0-10 libatomic1_11.2.0-10 libattr1_1:2.5.1-1 libaudit-common_1:3.0.6-1 libaudit1_1:3.0.6-1 libbinutils_2.37-7 libblkid1_2.37.2-4 libboost-dev_1.74.0.3 libboost-system-dev_1.74.0.3 libboost-system1.74-dev_1.74.0-11 libboost-system1.74.0_1.74.0-11 libboost-test-dev_1.74.0.3 libboost-test1.74-dev_1.74.0-11 libboost-test1.74.0_1.74.0-11 libboost1.74-dev_1.74.0-11 libbrotli1_1.0.9-2+b2 libbsd0_0.11.3-1 libbz2-1.0_1.0.8-4 libc-bin_2.32-4 libc-dev-bin_2.32-4 libc6_2.32-4 libc6-dev_2.32-4 libc6-i386_2.32-4 libcap-ng0_0.7.9-2.2+b1 libcap2_1:2.44-1 libcc1-0_11.2.0-10 libclang-common-12-dev_1:12.0.1-15 libclang-cpp12_1:12.0.1-15 libclang1-12_1:12.0.1-15 libcom-err2_1.46.4-1 libcrypt-dev_1:4.4.25-2 libcrypt1_1:4.4.25-2 libctf-nobfd0_2.37-7 libctf0_2.37-7 libcurl4_7.74.0-1.3+b1 libdb5.3_5.3.28+dfsg1-0.8 libdebconfclient0_0.260 libdebhelper-perl_13.5.2 libdpkg-perl_1.20.9 libedit2_3.1-20210910-1 libelf1_0.185-2 libexpat1_2.4.1-3 libexpat1-dev_2.4.1-3 libext2fs2_1.46.4-1 libfakeroot_1.26-1 libffi8_3.4.2-3 libfile-stripnondeterminism-perl_1.12.0-2 libgc1_1:8.0.4-3 libgcc-10-dev_10.3.0-11 libgcc-11-dev_11.2.0-10 libgcc-9-dev_9.4.0-3 libgcc-s1_11.2.0-10 libgcrypt20_1.9.4-3+b1 libgdbm-compat4_1.22-1 libgdbm6_1.22-1 libgmp10_2:6.2.1+dfsg-2 libgnutls30_3.7.2-2 libgomp1_11.2.0-10 libgpg-error0_1.42-3 libgssapi-krb5-2_1.18.3-7 libhogweed6_3.7.3-1 libicu67_67.1-7 libidn2-0_2.3.2-2 libisl23_0.24-2 libitm1_11.2.0-10 libjs-jquery_3.5.1+dfsg+~3.5.5-8 libjs-sphinxdoc_4.2.0-5 libjs-underscore_1.9.1~dfsg-4 libjsoncpp24_1.9.4-5 libk5crypto3_1.18.3-7 libkeyutils1_1.6.1-2 libkrb5-3_1.18.3-7 libkrb5support0_1.18.3-7 libldap-2.4-2_2.4.59+dfsg-1 libllvm12_1:12.0.1-15 liblsan0_11.2.0-10 liblz4-1_1.9.3-2 liblzma5_5.2.5-2 libmagic-mgc_1:5.39-3 libmagic1_1:5.39-3 libmd0_1.0.4-1 libmount1_2.37.2-4 libmpc3_1.2.1-1 libmpdec3_2.5.1-2 libmpfr6_4.1.0-3 libncurses6_6.2+20210905-1 libncursesw6_6.2+20210905-1 libnettle8_3.7.3-1 libnghttp2-14_1.43.0-1 libnsl-dev_1.3.0-2 libnsl2_1.3.0-2 libobjc-11-dev_11.2.0-10 libobjc-9-dev_9.4.0-3 libobjc4_11.2.0-10 libomp-12-dev_1:12.0.1-15 libomp5-12_1:12.0.1-15 libp11-kit0_0.24.0-5 libpam-modules_1.4.0-10 libpam-modules-bin_1.4.0-10 libpam-runtime_1.4.0-10 libpam0g_1.4.0-10 libpcre2-8-0_10.36-2 libpcre3_2:8.39-13 libperl5.32_5.32.1-6 libpipeline1_1.5.3-1 libprocps8_2:3.3.17-5 libpsl5_0.21.0-1.2 libpython3-dev_3.9.2-3 libpython3-stdlib_3.9.2-3 libpython3.9_3.9.7-4 libpython3.9-dev_3.9.7-4 libpython3.9-minimal_3.9.7-4 libpython3.9-stdlib_3.9.7-4 libquadmath0_11.2.0-10 libreadline8_8.1-2 librhash0_1.4.2-1 librtmp1_2.4+20151223.gitfa8646d.1-2+b2 libsasl2-2_2.1.27+dfsg-2.1 libsasl2-modules-db_2.1.27+dfsg-2.1 libseccomp2_2.5.2-2 libselinux1_3.1-3 libsemanage-common_3.1-1 libsemanage1_3.1-1+b2 libsepol1_3.1-1 libsigsegv2_2.13-1 libsmartcols1_2.37.2-4 libsqlite3-0_3.36.0-2 libss2_1.46.4-1 libssh2-1_1.10.0-2 libssl1.1_1.1.1l-1 libstdc++-10-dev_10.3.0-11 libstdc++-11-dev_11.2.0-10 libstdc++6_11.2.0-10 libsub-override-perl_0.09-2 libsystemd0_249.5-1 libtasn1-6_4.17.0-2 libtinfo6_6.2+20210905-1 libtirpc-common_1.3.2-2 libtirpc-dev_1.3.2-2 libtirpc3_1.3.2-2 libtool_2.4.6-15 libtsan0_11.2.0-10 libubsan1_11.2.0-10 libuchardet0_0.0.7-1 libudev1_249.5-1 libunistring2_0.9.10-6 libunwind-12_1:12.0.1-15 libuuid1_2.37.2-4 libuv1_1.42.0-1 libxml2_2.9.12+dfsg-5 libxxhash0_0.8.0-2 libz3-4_4.8.12-1+b1 libzstd1_1.4.8+dfsg-3 linux-libc-dev_5.14.12-1 llvm-12-linker-tools_1:12.0.1-15 login_1:4.8.1-1 logsave_1.46.4-1 lsb-base_11.1.0 m4_1.4.18-5 make_4.3-4.1 man-db_2.9.4-2 mawk_1.3.4.20200120-2 media-types_4.0.0 mount_2.37.2-4 ncurses-base_6.2+20210905-1 ncurses-bin_6.2+20210905-1 passwd_1:4.8.1-1 patch_2.7.6-7 perl_5.32.1-6 perl-base_5.32.1-6 perl-modules-5.32_5.32.1-6 po-debconf_1.0.21+nmu1 procps_2:3.3.17-5 python3_3.9.2-3 python3-dev_3.9.2-3 python3-distutils_3.9.7-1 python3-lib2to3_3.9.7-1 python3-minimal_3.9.2-3 python3.9_3.9.7-4 python3.9-dev_3.9.7-4 python3.9-minimal_3.9.7-4 qt5-qmake_5.15.2+dfsg-12 qt5-qmake-bin_5.15.2+dfsg-12 qtchooser_66-2 readline-common_8.1-2 rpcsvc-proto_1.4.2-4 sbuild-build-depends-main-dummy_0.invalid.0 sed_4.8-1 sensible-utils_0.0.17 swig_4.0.2-1 swig4.0_4.0.2-1 sysvinit-utils_3.00-1 tar_1.34+dfsg-1 tzdata_2021e-1 util-linux_2.37.2-4 xz-utils_5.2.5-2 zlib1g_1:1.2.11.dfsg-2 zlib1g-dev_1:1.2.11.dfsg-2

+------------------------------------------------------------------------------+
| Build                                                                        |
+------------------------------------------------------------------------------+


Unpack source
-------------

-----BEGIN PGP SIGNED MESSAGE-----
Hash: SHA512

Format: 3.0 (quilt)
Source: sptag
Binary: python3-sptag, sptag
Architecture: amd64 i386
Version: 0.0~git20210816.e724b01+ds-3
Maintainer: Paul Wise <pabs@debian.org>
Homepage: https://github.com/microsoft/SPTAG
Standards-Version: 4.6.0
Build-Depends: cmake (>= 3.12.0~), debhelper-compat (= 13), dh-sequence-python3, libboost-dev (>= 1.67~), libboost-system-dev (>= 1.67~), libboost-test-dev (>= 1.67~) <!nocheck>, python3-dev, swig (>= 3.0~)
Package-List:
 python3-sptag deb python optional arch=amd64,i386
 sptag deb math optional arch=amd64,i386
Checksums-Sha1:
 7e73dad49d69eaa27622d1d937ddb5a74e2623f4 990072 sptag_0.0~git20210816.e724b01+ds.orig.tar.xz
 745200a2eaf80027612d6f6e6a455f2e4f2a5a88 8272 sptag_0.0~git20210816.e724b01+ds-3.debian.tar.xz
Checksums-Sha256:
 427eace82438d3c6122a5d1dc9b4d580aa698b145128a77475206bfdc723ea80 990072 sptag_0.0~git20210816.e724b01+ds.orig.tar.xz
 be07acea48418e8c6a2c926a66a01612948678bebd4720d6b85bf612813f76fd 8272 sptag_0.0~git20210816.e724b01+ds-3.debian.tar.xz
Files:
 927cbe218399dd228562201327c9ed8e 990072 sptag_0.0~git20210816.e724b01+ds.orig.tar.xz
 c3d18e4945c45855e7265955b67e5303 8272 sptag_0.0~git20210816.e724b01+ds-3.debian.tar.xz

-----BEGIN PGP SIGNATURE-----

iQIzBAEBCgAdFiEEYQsotVz8/kXqG1Y7MRa6Xp/6aaMFAmEg6rUACgkQMRa6Xp/6
aaN40A//Ryoq+q2oQEcMiejdQDEHDO5/CV8kHNJFcssSiW7bE5r4dMrteoNi9pA0
4VXr/zNY6+3DOLW0oCSa3MoMM4CTs2IsqWXxBbn08D+ogXk/DicRowZ8kc61zs/n
ZnTwlmsqTc2M8PtfOe9eGgUyT0muxqO7QYPQD8+rgG/F1BOvL/i2SlNlGT05r4ZE
kHhaiBN/nkdrqVLafedv16czKojS+RE5dEwupybYJPhptKiu8gdZj6M8AL7E4bbw
uOjH3TzsWE5+IYBXpuBOJvYh5Mn3UEE16ehr1LEgnC9R00bikS9MbDHXvWbpB/NL
nogTknxdkfza3oJF/h1N+abZpXRbEiYaupowO0VfJMg5U/Y1UX9GYStGG/6fvp/7
rErHt5TBFHwyQ5YUxrptVFcPQHh3p7cnLxsiY3hScKiDbiSBHyiFYZbaC6d+mjJ7
oFSajyMgAomq8T9oKOn+n7K1AA1Rm1QpLe7oi4Wjq8uYzOL4MsmPfdnD/FKm+ZI2
hUMLX/1yWBYh49B5mOCf2E7lwWHcHccAh3GZobl/2wB7FeRkNW/M3uaBZWMUsIuz
2jRP1Q8tX7p5YMNnT3E6p5XwyBVCnNDwswk7A5oRyCiMWRfNjCl32BERE2rAqHds
H96wBsrReUxnKIHjQwZgpRwstis0jwRiMHeFnJH0mp9mDH9W1UE=
=0OBD
-----END PGP SIGNATURE-----

gpgv: unknown type of key resource 'trustedkeys.kbx'
gpgv: keyblock resource '/tmp/dpkg-verify-sig.2PlluWBr/trustedkeys.kbx': General error
gpgv: Signature made Sat Aug 21 11:59:49 2021 UTC
gpgv:                using RSA key 610B28B55CFCFE45EA1B563B3116BA5E9FFA69A3
gpgv: Can't check signature: No public key
dpkg-source: warning: failed to verify signature on ./sptag_0.0~git20210816.e724b01+ds-3.dsc
dpkg-source: info: extracting sptag in /<<PKGBUILDDIR>>
dpkg-source: info: unpacking sptag_0.0~git20210816.e724b01+ds.orig.tar.xz
dpkg-source: info: unpacking sptag_0.0~git20210816.e724b01+ds-3.debian.tar.xz
dpkg-source: info: using patch list from debian/patches/series
dpkg-source: info: applying 0001-Do-not-install-the-test-binary.patch
dpkg-source: info: applying 0001-Write-built-files-to-the-build-directory.patch
dpkg-source: info: applying 0001-Install-the-Python-module-to-the-Python-modules-dir.patch
dpkg-source: info: applying 0001-Make-the-names-of-the-binaries-specific-to-SPTAG.patch
dpkg-source: info: applying 0001-Remove-the-files-generated-by-swig-on-make-clean.patch
dpkg-source: info: applying 0001-Remove-unused-Boost-component-dependencies.patch
dpkg-source: info: applying 0001-Set-the-C-standard-via-cmake-instead-of-flags.patch
dpkg-source: info: applying 0001-Preserve-existing-cmake-C-flags-on-Linux.patch
dpkg-source: info: applying 0001-Run-tests-by-default.patch

Check disk space
----------------

Sufficient free space for build

User Environment
----------------

APT_CONFIG=/var/lib/sbuild/apt.conf
HOME=/sbuild-nonexistent
LANG=C.UTF-8
LC_ALL=C.UTF-8
LOGNAME=user42
PATH=/usr/local/sbin:/usr/local/bin:/usr/sbin:/usr/bin:/sbin:/bin:/usr/games
SCHROOT_ALIAS_NAME=unstable
SCHROOT_CHROOT_NAME=sid-amd64-sbuild
SCHROOT_COMMAND=env
SCHROOT_GID=1001
SCHROOT_GROUP=user42
SCHROOT_SESSION_ID=sid-amd64-sbuild-0db7cadf-0e6f-400e-98fe-05e9962983ad
SCHROOT_UID=1001
SCHROOT_USER=user42
SHELL=/bin/sh
USER=user42

dpkg-buildpackage
-----------------

Command: dpkg-buildpackage -us -uc -b -rfakeroot
dpkg-buildpackage: info: source package sptag
dpkg-buildpackage: info: source version 0.0~git20210816.e724b01+ds-3
dpkg-buildpackage: info: source distribution unstable
dpkg-buildpackage: info: source changed by Paul Wise <pabs@debian.org>
 dpkg-source --before-build .
dpkg-buildpackage: info: host architecture amd64
 debian/rules clean
dh clean
   dh_clean
 debian/rules binary
dh binary
   dh_update_autotools_config
   dh_autoreconf
   dh_auto_configure
	cd obj-x86_64-linux-gnu && cmake -DCMAKE_INSTALL_PREFIX=/usr -DCMAKE_BUILD_TYPE=None -DCMAKE_INSTALL_SYSCONFDIR=/etc -DCMAKE_INSTALL_LOCALSTATEDIR=/var -DCMAKE_EXPORT_NO_PACKAGE_REGISTRY=ON -DCMAKE_FIND_USE_PACKAGE_REGISTRY=OFF -DCMAKE_FIND_PACKAGE_NO_PACKAGE_REGISTRY=ON -DCMAKE_INSTALL_RUNSTATEDIR=/run -DCMAKE_SKIP_INSTALL_ALL_DEPENDENCY=ON "-GUnix Makefiles" -DCMAKE_VERBOSE_MAKEFILE=ON -DCMAKE_INSTALL_LIBDIR=lib/x86_64-linux-gnu ..
-- The C compiler identification is Clang 12.0.1
-- The CXX compiler identification is Clang 12.0.1
-- Detecting C compiler ABI info
-- Detecting C compiler ABI info - done
-- Check for working C compiler: /usr/bin/cc - skipped
-- Detecting C compile features
-- Detecting C compile features - done
-- Detecting CXX compiler ABI info
-- Detecting CXX compiler ABI info - done
-- Check for working CXX compiler: /usr/bin/c++ - skipped
-- Detecting CXX compile features
-- Detecting CXX compile features - done
CMake Error at CMakeLists.txt:41 (message):
  Unrecognized compiler (use GCC or MSVC)!


-- Configuring incomplete, errors occurred!
See also "/<<PKGBUILDDIR>>/obj-x86_64-linux-gnu/CMakeFiles/CMakeOutput.log".
	cd obj-x86_64-linux-gnu && tail -v -n \+0 CMakeCache.txt
==> CMakeCache.txt <==
# This is the CMakeCache file.
# For build in directory: /<<PKGBUILDDIR>>/obj-x86_64-linux-gnu
# It was generated by CMake: /usr/bin/cmake
# You can edit this file to change values found and used by cmake.
# If you do not want to change any of the values, simply exit the editor.
# If you do want to change a value, simply edit, save, and exit the editor.
# The syntax for the file is as follows:
# KEY:TYPE=VALUE
# KEY is the name of a variable in the cache.
# TYPE is a hint to GUIs for the type of VALUE, DO NOT EDIT TYPE!.
# VALUE is the current value for the KEY.

########################
# EXTERNAL cache entries
########################

//Build the testing tree.
BUILD_TESTING:BOOL=ON

//Path to a program.
CMAKE_ADDR2LINE:FILEPATH=/usr/bin/addr2line

//Path to a program.
CMAKE_AR:FILEPATH=/usr/bin/ar

//Choose the type of build, options are: None Debug Release RelWithDebInfo
// MinSizeRel ...
CMAKE_BUILD_TYPE:STRING=None

//Enable/Disable color output during build.
CMAKE_COLOR_MAKEFILE:BOOL=ON

//CXX compiler
CMAKE_CXX_COMPILER:FILEPATH=/usr/bin/c++

//LLVM archiver
CMAKE_CXX_COMPILER_AR:FILEPATH=CMAKE_CXX_COMPILER_AR-NOTFOUND

//Generate index for LLVM archive
CMAKE_CXX_COMPILER_RANLIB:FILEPATH=CMAKE_CXX_COMPILER_RANLIB-NOTFOUND

//Flags used by the CXX compiler during all build types.
CMAKE_CXX_FLAGS:STRING=-g -O2 -ffile-prefix-map=/<<PKGBUILDDIR>>=. -fstack-protector-strong -Wformat -Werror=format-security -Wdate-time -D_FORTIFY_SOURCE=2

//Flags used by the CXX compiler during DEBUG builds.
CMAKE_CXX_FLAGS_DEBUG:STRING=-g

//Flags used by the CXX compiler during MINSIZEREL builds.
CMAKE_CXX_FLAGS_MINSIZEREL:STRING=-Os -DNDEBUG

//Flags used by the CXX compiler during NONE builds.
CMAKE_CXX_FLAGS_NONE:STRING=

//Flags used by the CXX compiler during RELEASE builds.
CMAKE_CXX_FLAGS_RELEASE:STRING=-O3 -DNDEBUG

//Flags used by the CXX compiler during RELWITHDEBINFO builds.
CMAKE_CXX_FLAGS_RELWITHDEBINFO:STRING=-O2 -g -DNDEBUG

//C compiler
CMAKE_C_COMPILER:FILEPATH=/usr/bin/cc

//LLVM archiver
CMAKE_C_COMPILER_AR:FILEPATH=CMAKE_C_COMPILER_AR-NOTFOUND

//Generate index for LLVM archive
CMAKE_C_COMPILER_RANLIB:FILEPATH=CMAKE_C_COMPILER_RANLIB-NOTFOUND

//Flags used by the C compiler during all build types.
CMAKE_C_FLAGS:STRING=-g -O2 -ffile-prefix-map=/<<PKGBUILDDIR>>=. -fstack-protector-strong -Wformat -Werror=format-security -Wdate-time -D_FORTIFY_SOURCE=2

//Flags used by the C compiler during DEBUG builds.
CMAKE_C_FLAGS_DEBUG:STRING=-g

//Flags used by the C compiler during MINSIZEREL builds.
CMAKE_C_FLAGS_MINSIZEREL:STRING=-Os -DNDEBUG

//Flags used by the C compiler during NONE builds.
CMAKE_C_FLAGS_NONE:STRING=

//Flags used by the C compiler during RELEASE builds.
CMAKE_C_FLAGS_RELEASE:STRING=-O3 -DNDEBUG

//Flags used by the C compiler during RELWITHDEBINFO builds.
CMAKE_C_FLAGS_RELWITHDEBINFO:STRING=-O2 -g -DNDEBUG

//Path to a program.
CMAKE_DLLTOOL:FILEPATH=CMAKE_DLLTOOL-NOTFOUND

//Flags used by the linker during all build types.
CMAKE_EXE_LINKER_FLAGS:STRING=-Wl,-z,relro -Wl,-z,now

//Flags used by the linker during DEBUG builds.
CMAKE_EXE_LINKER_FLAGS_DEBUG:STRING=

//Flags used by the linker during MINSIZEREL builds.
CMAKE_EXE_LINKER_FLAGS_MINSIZEREL:STRING=

//Flags used by the linker during NONE builds.
CMAKE_EXE_LINKER_FLAGS_NONE:STRING=

//Flags used by the linker during RELEASE builds.
CMAKE_EXE_LINKER_FLAGS_RELEASE:STRING=

//Flags used by the linker during RELWITHDEBINFO builds.
CMAKE_EXE_LINKER_FLAGS_RELWITHDEBINFO:STRING=

//Enable/Disable output of compile commands during generation.
CMAKE_EXPORT_COMPILE_COMMANDS:BOOL=

//No help, variable specified on the command line.
CMAKE_EXPORT_NO_PACKAGE_REGISTRY:UNINITIALIZED=ON

//No help, variable specified on the command line.
CMAKE_FIND_PACKAGE_NO_PACKAGE_REGISTRY:UNINITIALIZED=ON

//No help, variable specified on the command line.
CMAKE_FIND_USE_PACKAGE_REGISTRY:UNINITIALIZED=OFF

//No help, variable specified on the command line.
CMAKE_INSTALL_LIBDIR:UNINITIALIZED=lib/x86_64-linux-gnu

//No help, variable specified on the command line.
CMAKE_INSTALL_LOCALSTATEDIR:UNINITIALIZED=/var

//Install path prefix, prepended onto install directories.
CMAKE_INSTALL_PREFIX:PATH=/usr

//No help, variable specified on the command line.
CMAKE_INSTALL_RUNSTATEDIR:UNINITIALIZED=/run

//No help, variable specified on the command line.
CMAKE_INSTALL_SYSCONFDIR:UNINITIALIZED=/etc

//Path to a program.
CMAKE_LINKER:FILEPATH=/usr/bin/ld

//Path to a program.
CMAKE_MAKE_PROGRAM:FILEPATH=/usr/bin/gmake

//Flags used by the linker during the creation of modules during
// all build types.
CMAKE_MODULE_LINKER_FLAGS:STRING=-Wl,-z,relro -Wl,-z,now

//Flags used by the linker during the creation of modules during
// DEBUG builds.
CMAKE_MODULE_LINKER_FLAGS_DEBUG:STRING=

//Flags used by the linker during the creation of modules during
// MINSIZEREL builds.
CMAKE_MODULE_LINKER_FLAGS_MINSIZEREL:STRING=

//Flags used by the linker during the creation of modules during
// NONE builds.
CMAKE_MODULE_LINKER_FLAGS_NONE:STRING=

//Flags used by the linker during the creation of modules during
// RELEASE builds.
CMAKE_MODULE_LINKER_FLAGS_RELEASE:STRING=

//Flags used by the linker during the creation of modules during
// RELWITHDEBINFO builds.
CMAKE_MODULE_LINKER_FLAGS_RELWITHDEBINFO:STRING=

//Path to a program.
CMAKE_NM:FILEPATH=/usr/bin/nm

//Path to a program.
CMAKE_OBJCOPY:FILEPATH=/usr/bin/objcopy

//Path to a program.
CMAKE_OBJDUMP:FILEPATH=/usr/bin/objdump

//Value Computed by CMake
CMAKE_PROJECT_DESCRIPTION:STATIC=

//Value Computed by CMake
CMAKE_PROJECT_HOMEPAGE_URL:STATIC=

//Value Computed by CMake
CMAKE_PROJECT_NAME:STATIC=SPTAGLib

//Path to a program.
CMAKE_RANLIB:FILEPATH=/usr/bin/ranlib

//Path to a program.
CMAKE_READELF:FILEPATH=/usr/bin/readelf

//Flags used by the linker during the creation of shared libraries
// during all build types.
CMAKE_SHARED_LINKER_FLAGS:STRING=-Wl,-z,relro -Wl,-z,now

//Flags used by the linker during the creation of shared libraries
// during DEBUG builds.
CMAKE_SHARED_LINKER_FLAGS_DEBUG:STRING=

//Flags used by the linker during the creation of shared libraries
// during MINSIZEREL builds.
CMAKE_SHARED_LINKER_FLAGS_MINSIZEREL:STRING=

//Flags used by the linker during the creation of shared libraries
// during NONE builds.
CMAKE_SHARED_LINKER_FLAGS_NONE:STRING=

//Flags used by the linker during the creation of shared libraries
// during RELEASE builds.
CMAKE_SHARED_LINKER_FLAGS_RELEASE:STRING=

//Flags used by the linker during the creation of shared libraries
// during RELWITHDEBINFO builds.
CMAKE_SHARED_LINKER_FLAGS_RELWITHDEBINFO:STRING=

//No help, variable specified on the command line.
CMAKE_SKIP_INSTALL_ALL_DEPENDENCY:UNINITIALIZED=ON

//If set, runtime paths are not added when installing shared libraries,
// but are added when building.
CMAKE_SKIP_INSTALL_RPATH:BOOL=NO

//If set, runtime paths are not added when using shared libraries.
CMAKE_SKIP_RPATH:BOOL=NO

//Flags used by the linker during the creation of static libraries
// during all build types.
CMAKE_STATIC_LINKER_FLAGS:STRING=

//Flags used by the linker during the creation of static libraries
// during DEBUG builds.
CMAKE_STATIC_LINKER_FLAGS_DEBUG:STRING=

//Flags used by the linker during the creation of static libraries
// during MINSIZEREL builds.
CMAKE_STATIC_LINKER_FLAGS_MINSIZEREL:STRING=

//Flags used by the linker during the creation of static libraries
// during NONE builds.
CMAKE_STATIC_LINKER_FLAGS_NONE:STRING=

//Flags used by the linker during the creation of static libraries
// during RELEASE builds.
CMAKE_STATIC_LINKER_FLAGS_RELEASE:STRING=

//Flags used by the linker during the creation of static libraries
// during RELWITHDEBINFO builds.
CMAKE_STATIC_LINKER_FLAGS_RELWITHDEBINFO:STRING=

//Path to a program.
CMAKE_STRIP:FILEPATH=/usr/bin/strip

//If this value is on, makefiles will be generated without the
// .SILENT directive, and all commands will be echoed to the console
// during the make.  This is useful for debugging only. With Visual
// Studio IDE projects all commands are done without /nologo.
CMAKE_VERBOSE_MAKEFILE:BOOL=ON

//Path to the coverage program that CTest uses for performing coverage
// inspection
COVERAGE_COMMAND:FILEPATH=/usr/bin/gcov

//Extra command line flags to pass to the coverage tool
COVERAGE_EXTRA_FLAGS:STRING=-l

//How many times to retry timed-out CTest submissions.
CTEST_SUBMIT_RETRY_COUNT:STRING=3

//How long to wait between timed-out CTest submissions.
CTEST_SUBMIT_RETRY_DELAY:STRING=5

//Maximum time allowed before CTest will kill the test.
DART_TESTING_TIMEOUT:STRING=1500

//Command to build the project
MAKECOMMAND:STRING=/usr/bin/cmake --build . --config "${CTEST_CONFIGURATION_TYPE}"

//Path to the memory checking command, used for memory error detection.
MEMORYCHECK_COMMAND:FILEPATH=MEMORYCHECK_COMMAND-NOTFOUND

//File that contains suppressions for the memory checker
MEMORYCHECK_SUPPRESSIONS_FILE:FILEPATH=

//Name of the computer/site where compile is being run
SITE:STRING=ip-172-31-7-189

//Value Computed by CMake
SPTAGLib_BINARY_DIR:STATIC=/<<PKGBUILDDIR>>/obj-x86_64-linux-gnu

//Value Computed by CMake
SPTAGLib_IS_TOP_LEVEL:STATIC=ON

//Value Computed by CMake
SPTAGLib_SOURCE_DIR:STATIC=/<<PKGBUILDDIR>>


########################
# INTERNAL cache entries
########################

//ADVANCED property for variable: CMAKE_ADDR2LINE
CMAKE_ADDR2LINE-ADVANCED:INTERNAL=1
//ADVANCED property for variable: CMAKE_AR
CMAKE_AR-ADVANCED:INTERNAL=1
//This is the directory where this CMakeCache.txt was created
CMAKE_CACHEFILE_DIR:INTERNAL=/<<PKGBUILDDIR>>/obj-x86_64-linux-gnu
//Major version of cmake used to create the current loaded cache
CMAKE_CACHE_MAJOR_VERSION:INTERNAL=3
//Minor version of cmake used to create the current loaded cache
CMAKE_CACHE_MINOR_VERSION:INTERNAL=21
//Patch version of cmake used to create the current loaded cache
CMAKE_CACHE_PATCH_VERSION:INTERNAL=3
//ADVANCED property for variable: CMAKE_COLOR_MAKEFILE
CMAKE_COLOR_MAKEFILE-ADVANCED:INTERNAL=1
//Path to CMake executable.
CMAKE_COMMAND:INTERNAL=/usr/bin/cmake
//Path to cpack program executable.
CMAKE_CPACK_COMMAND:INTERNAL=/usr/bin/cpack
//ADVANCED property for variable: CMAKE_CTEST_COMMAND
CMAKE_CTEST_COMMAND-ADVANCED:INTERNAL=1
//Path to ctest program executable.
CMAKE_CTEST_COMMAND:INTERNAL=/usr/bin/ctest
//ADVANCED property for variable: CMAKE_CXX_COMPILER
CMAKE_CXX_COMPILER-ADVANCED:INTERNAL=1
//ADVANCED property for variable: CMAKE_CXX_COMPILER_AR
CMAKE_CXX_COMPILER_AR-ADVANCED:INTERNAL=1
//ADVANCED property for variable: CMAKE_CXX_COMPILER_RANLIB
CMAKE_CXX_COMPILER_RANLIB-ADVANCED:INTERNAL=1
//ADVANCED property for variable: CMAKE_CXX_FLAGS
CMAKE_CXX_FLAGS-ADVANCED:INTERNAL=1
//ADVANCED property for variable: CMAKE_CXX_FLAGS_DEBUG
CMAKE_CXX_FLAGS_DEBUG-ADVANCED:INTERNAL=1
//ADVANCED property for variable: CMAKE_CXX_FLAGS_MINSIZEREL
CMAKE_CXX_FLAGS_MINSIZEREL-ADVANCED:INTERNAL=1
//ADVANCED property for variable: CMAKE_CXX_FLAGS_NONE
CMAKE_CXX_FLAGS_NONE-ADVANCED:INTERNAL=1
//ADVANCED property for variable: CMAKE_CXX_FLAGS_RELEASE
CMAKE_CXX_FLAGS_RELEASE-ADVANCED:INTERNAL=1
//ADVANCED property for variable: CMAKE_CXX_FLAGS_RELWITHDEBINFO
CMAKE_CXX_FLAGS_RELWITHDEBINFO-ADVANCED:INTERNAL=1
//ADVANCED property for variable: CMAKE_C_COMPILER
CMAKE_C_COMPILER-ADVANCED:INTERNAL=1
//ADVANCED property for variable: CMAKE_C_COMPILER_AR
CMAKE_C_COMPILER_AR-ADVANCED:INTERNAL=1
//ADVANCED property for variable: CMAKE_C_COMPILER_RANLIB
CMAKE_C_COMPILER_RANLIB-ADVANCED:INTERNAL=1
//ADVANCED property for variable: CMAKE_C_FLAGS
CMAKE_C_FLAGS-ADVANCED:INTERNAL=1
//ADVANCED property for variable: CMAKE_C_FLAGS_DEBUG
CMAKE_C_FLAGS_DEBUG-ADVANCED:INTERNAL=1
//ADVANCED property for variable: CMAKE_C_FLAGS_MINSIZEREL
CMAKE_C_FLAGS_MINSIZEREL-ADVANCED:INTERNAL=1
//ADVANCED property for variable: CMAKE_C_FLAGS_NONE
CMAKE_C_FLAGS_NONE-ADVANCED:INTERNAL=1
//ADVANCED property for variable: CMAKE_C_FLAGS_RELEASE
CMAKE_C_FLAGS_RELEASE-ADVANCED:INTERNAL=1
//ADVANCED property for variable: CMAKE_C_FLAGS_RELWITHDEBINFO
CMAKE_C_FLAGS_RELWITHDEBINFO-ADVANCED:INTERNAL=1
//ADVANCED property for variable: CMAKE_DLLTOOL
CMAKE_DLLTOOL-ADVANCED:INTERNAL=1
//Executable file format
CMAKE_EXECUTABLE_FORMAT:INTERNAL=ELF
//ADVANCED property for variable: CMAKE_EXE_LINKER_FLAGS
CMAKE_EXE_LINKER_FLAGS-ADVANCED:INTERNAL=1
//ADVANCED property for variable: CMAKE_EXE_LINKER_FLAGS_DEBUG
CMAKE_EXE_LINKER_FLAGS_DEBUG-ADVANCED:INTERNAL=1
//ADVANCED property for variable: CMAKE_EXE_LINKER_FLAGS_MINSIZEREL
CMAKE_EXE_LINKER_FLAGS_MINSIZEREL-ADVANCED:INTERNAL=1
//ADVANCED property for variable: CMAKE_EXE_LINKER_FLAGS_NONE
CMAKE_EXE_LINKER_FLAGS_NONE-ADVANCED:INTERNAL=1
//ADVANCED property for variable: CMAKE_EXE_LINKER_FLAGS_RELEASE
CMAKE_EXE_LINKER_FLAGS_RELEASE-ADVANCED:INTERNAL=1
//ADVANCED property for variable: CMAKE_EXE_LINKER_FLAGS_RELWITHDEBINFO
CMAKE_EXE_LINKER_FLAGS_RELWITHDEBINFO-ADVANCED:INTERNAL=1
//ADVANCED property for variable: CMAKE_EXPORT_COMPILE_COMMANDS
CMAKE_EXPORT_COMPILE_COMMANDS-ADVANCED:INTERNAL=1
//Name of external makefile project generator.
CMAKE_EXTRA_GENERATOR:INTERNAL=
//Name of generator.
CMAKE_GENERATOR:INTERNAL=Unix Makefiles
//Generator instance identifier.
CMAKE_GENERATOR_INSTANCE:INTERNAL=
//Name of generator platform.
CMAKE_GENERATOR_PLATFORM:INTERNAL=
//Name of generator toolset.
CMAKE_GENERATOR_TOOLSET:INTERNAL=
//Source directory with the top level CMakeLists.txt file for this
// project
CMAKE_HOME_DIRECTORY:INTERNAL=/<<PKGBUILDDIR>>
//Install .so files without execute permission.
CMAKE_INSTALL_SO_NO_EXE:INTERNAL=1
//ADVANCED property for variable: CMAKE_LINKER
CMAKE_LINKER-ADVANCED:INTERNAL=1
//ADVANCED property for variable: CMAKE_MAKE_PROGRAM
CMAKE_MAKE_PROGRAM-ADVANCED:INTERNAL=1
//ADVANCED property for variable: CMAKE_MODULE_LINKER_FLAGS
CMAKE_MODULE_LINKER_FLAGS-ADVANCED:INTERNAL=1
//ADVANCED property for variable: CMAKE_MODULE_LINKER_FLAGS_DEBUG
CMAKE_MODULE_LINKER_FLAGS_DEBUG-ADVANCED:INTERNAL=1
//ADVANCED property for variable: CMAKE_MODULE_LINKER_FLAGS_MINSIZEREL
CMAKE_MODULE_LINKER_FLAGS_MINSIZEREL-ADVANCED:INTERNAL=1
//ADVANCED property for variable: CMAKE_MODULE_LINKER_FLAGS_NONE
CMAKE_MODULE_LINKER_FLAGS_NONE-ADVANCED:INTERNAL=1
//ADVANCED property for variable: CMAKE_MODULE_LINKER_FLAGS_RELEASE
CMAKE_MODULE_LINKER_FLAGS_RELEASE-ADVANCED:INTERNAL=1
//ADVANCED property for variable: CMAKE_MODULE_LINKER_FLAGS_RELWITHDEBINFO
CMAKE_MODULE_LINKER_FLAGS_RELWITHDEBINFO-ADVANCED:INTERNAL=1
//ADVANCED property for variable: CMAKE_NM
CMAKE_NM-ADVANCED:INTERNAL=1
//number of local generators
CMAKE_NUMBER_OF_MAKEFILES:INTERNAL=1
//ADVANCED property for variable: CMAKE_OBJCOPY
CMAKE_OBJCOPY-ADVANCED:INTERNAL=1
//ADVANCED property for variable: CMAKE_OBJDUMP
CMAKE_OBJDUMP-ADVANCED:INTERNAL=1
//Platform information initialized
CMAKE_PLATFORM_INFO_INITIALIZED:INTERNAL=1
//ADVANCED property for variable: CMAKE_RANLIB
CMAKE_RANLIB-ADVANCED:INTERNAL=1
//ADVANCED property for variable: CMAKE_READELF
CMAKE_READELF-ADVANCED:INTERNAL=1
//Path to CMake installation.
CMAKE_ROOT:INTERNAL=/usr/share/cmake-3.21
//ADVANCED property for variable: CMAKE_SHARED_LINKER_FLAGS
CMAKE_SHARED_LINKER_FLAGS-ADVANCED:INTERNAL=1
//ADVANCED property for variable: CMAKE_SHARED_LINKER_FLAGS_DEBUG
CMAKE_SHARED_LINKER_FLAGS_DEBUG-ADVANCED:INTERNAL=1
//ADVANCED property for variable: CMAKE_SHARED_LINKER_FLAGS_MINSIZEREL
CMAKE_SHARED_LINKER_FLAGS_MINSIZEREL-ADVANCED:INTERNAL=1
//ADVANCED property for variable: CMAKE_SHARED_LINKER_FLAGS_NONE
CMAKE_SHARED_LINKER_FLAGS_NONE-ADVANCED:INTERNAL=1
//ADVANCED property for variable: CMAKE_SHARED_LINKER_FLAGS_RELEASE
CMAKE_SHARED_LINKER_FLAGS_RELEASE-ADVANCED:INTERNAL=1
//ADVANCED property for variable: CMAKE_SHARED_LINKER_FLAGS_RELWITHDEBINFO
CMAKE_SHARED_LINKER_FLAGS_RELWITHDEBINFO-ADVANCED:INTERNAL=1
//ADVANCED property for variable: CMAKE_SKIP_INSTALL_RPATH
CMAKE_SKIP_INSTALL_RPATH-ADVANCED:INTERNAL=1
//ADVANCED property for variable: CMAKE_SKIP_RPATH
CMAKE_SKIP_RPATH-ADVANCED:INTERNAL=1
//ADVANCED property for variable: CMAKE_STATIC_LINKER_FLAGS
CMAKE_STATIC_LINKER_FLAGS-ADVANCED:INTERNAL=1
//ADVANCED property for variable: CMAKE_STATIC_LINKER_FLAGS_DEBUG
CMAKE_STATIC_LINKER_FLAGS_DEBUG-ADVANCED:INTERNAL=1
//ADVANCED property for variable: CMAKE_STATIC_LINKER_FLAGS_MINSIZEREL
CMAKE_STATIC_LINKER_FLAGS_MINSIZEREL-ADVANCED:INTERNAL=1
//ADVANCED property for variable: CMAKE_STATIC_LINKER_FLAGS_NONE
CMAKE_STATIC_LINKER_FLAGS_NONE-ADVANCED:INTERNAL=1
//ADVANCED property for variable: CMAKE_STATIC_LINKER_FLAGS_RELEASE
CMAKE_STATIC_LINKER_FLAGS_RELEASE-ADVANCED:INTERNAL=1
//ADVANCED property for variable: CMAKE_STATIC_LINKER_FLAGS_RELWITHDEBINFO
CMAKE_STATIC_LINKER_FLAGS_RELWITHDEBINFO-ADVANCED:INTERNAL=1
//ADVANCED property for variable: CMAKE_STRIP
CMAKE_STRIP-ADVANCED:INTERNAL=1
//uname command
CMAKE_UNAME:INTERNAL=/bin/uname
//ADVANCED property for variable: CMAKE_VERBOSE_MAKEFILE
CMAKE_VERBOSE_MAKEFILE-ADVANCED:INTERNAL=1
//ADVANCED property for variable: COVERAGE_COMMAND
COVERAGE_COMMAND-ADVANCED:INTERNAL=1
//ADVANCED property for variable: COVERAGE_EXTRA_FLAGS
COVERAGE_EXTRA_FLAGS-ADVANCED:INTERNAL=1
//ADVANCED property for variable: CTEST_SUBMIT_RETRY_COUNT
CTEST_SUBMIT_RETRY_COUNT-ADVANCED:INTERNAL=1
//ADVANCED property for variable: CTEST_SUBMIT_RETRY_DELAY
CTEST_SUBMIT_RETRY_DELAY-ADVANCED:INTERNAL=1
//ADVANCED property for variable: DART_TESTING_TIMEOUT
DART_TESTING_TIMEOUT-ADVANCED:INTERNAL=1
//ADVANCED property for variable: MAKECOMMAND
MAKECOMMAND-ADVANCED:INTERNAL=1
//ADVANCED property for variable: MEMORYCHECK_COMMAND
MEMORYCHECK_COMMAND-ADVANCED:INTERNAL=1
//ADVANCED property for variable: MEMORYCHECK_SUPPRESSIONS_FILE
MEMORYCHECK_SUPPRESSIONS_FILE-ADVANCED:INTERNAL=1
//ADVANCED property for variable: SITE
SITE-ADVANCED:INTERNAL=1

	cd obj-x86_64-linux-gnu && tail -v -n \+0 CMakeFiles/CMakeOutput.log
==> CMakeFiles/CMakeOutput.log <==
The system is: Linux - 4.19.0-6-cloud-amd64 - x86_64
Compiling the C compiler identification source file "CMakeCCompilerId.c" succeeded.
Compiler: /usr/bin/cc 
Build flags: -g;-O2;-ffile-prefix-map=/<<PKGBUILDDIR>>=.;-fstack-protector-strong;-Wformat;-Werror=format-security;-Wdate-time;-D_FORTIFY_SOURCE=2
Id flags:  

The output was:
0


Compilation of the C compiler identification source "CMakeCCompilerId.c" produced "a.out"

The C compiler identification is Clang, found in "/<<PKGBUILDDIR>>/obj-x86_64-linux-gnu/CMakeFiles/3.21.3/CompilerIdC/a.out"

Compiling the CXX compiler identification source file "CMakeCXXCompilerId.cpp" succeeded.
Compiler: /usr/bin/c++ 
Build flags: -g;-O2;-ffile-prefix-map=/<<PKGBUILDDIR>>=.;-fstack-protector-strong;-Wformat;-Werror=format-security;-Wdate-time;-D_FORTIFY_SOURCE=2
Id flags:  

The output was:
0


Compilation of the CXX compiler identification source "CMakeCXXCompilerId.cpp" produced "a.out"

The CXX compiler identification is Clang, found in "/<<PKGBUILDDIR>>/obj-x86_64-linux-gnu/CMakeFiles/3.21.3/CompilerIdCXX/a.out"

Detecting C compiler ABI info compiled with the following output:
Change Dir: /<<PKGBUILDDIR>>/obj-x86_64-linux-gnu/CMakeFiles/CMakeTmp

Run Build Command(s):/usr/bin/gmake -f Makefile cmTC_0a88c/fast && gmake[1]: Entering directory '/<<PKGBUILDDIR>>/obj-x86_64-linux-gnu/CMakeFiles/CMakeTmp'
/usr/bin/gmake  -f CMakeFiles/cmTC_0a88c.dir/build.make CMakeFiles/cmTC_0a88c.dir/build
gmake[2]: Entering directory '/<<PKGBUILDDIR>>/obj-x86_64-linux-gnu/CMakeFiles/CMakeTmp'
Building C object CMakeFiles/cmTC_0a88c.dir/CMakeCCompilerABI.c.o
/usr/bin/cc   -g -O2 -ffile-prefix-map=/<<PKGBUILDDIR>>=. -fstack-protector-strong -Wformat -Wdate-time -D_FORTIFY_SOURCE=2    -v -MD -MT CMakeFiles/cmTC_0a88c.dir/CMakeCCompilerABI.c.o -MF CMakeFiles/cmTC_0a88c.dir/CMakeCCompilerABI.c.o.d -o CMakeFiles/cmTC_0a88c.dir/CMakeCCompilerABI.c.o -c /usr/share/cmake-3.21/Modules/CMakeCCompilerABI.c
Debian clang version 12.0.1-15
Target: x86_64-pc-linux-gnu
Thread model: posix
InstalledDir: /usr/bin
Found candidate GCC installation: /usr/bin/../lib/gcc/x86_64-linux-gnu/10
Found candidate GCC installation: /usr/bin/../lib/gcc/x86_64-linux-gnu/11
Found candidate GCC installation: /usr/bin/../lib/gcc/x86_64-linux-gnu/9
Found candidate GCC installation: /usr/lib/gcc/x86_64-linux-gnu/10
Found candidate GCC installation: /usr/lib/gcc/x86_64-linux-gnu/11
Found candidate GCC installation: /usr/lib/gcc/x86_64-linux-gnu/9
Selected GCC installation: /usr/bin/../lib/gcc/x86_64-linux-gnu/11
Candidate multilib: .;@m64
Selected multilib: .;@m64
 (in-process)
 "/usr/lib/llvm-12/bin/clang" -cc1 -triple x86_64-pc-linux-gnu -emit-obj --mrelax-relocations -disable-free -disable-llvm-verifier -discard-value-names -main-file-name CMakeCCompilerABI.c -mrelocation-model static -mframe-pointer=none -fmath-errno -fno-rounding-math -mconstructor-aliases -munwind-tables -target-cpu x86-64 -tune-cpu generic -fno-split-dwarf-inlining -debug-info-kind=limited -dwarf-version=4 -debugger-tuning=gdb -v -resource-dir /usr/lib/llvm-12/lib/clang/12.0.1 -dependency-file CMakeFiles/cmTC_0a88c.dir/CMakeCCompilerABI.c.o.d -MT CMakeFiles/cmTC_0a88c.dir/CMakeCCompilerABI.c.o -sys-header-deps -D _FORTIFY_SOURCE=2 -internal-isystem /usr/local/include -internal-isystem /usr/lib/llvm-12/lib/clang/12.0.1/include -internal-externc-isystem /usr/include/x86_64-linux-gnu -internal-externc-isystem /include -internal-externc-isystem /usr/include -fmacro-prefix-map=/<<PKGBUILDDIR>>=. -fprofile-prefix-map=/<<PKGBUILDDIR>>=. -O2 -Wformat -Wdate-time -fdebug-compilation-dir /<<PKGBUILDDIR>>/obj-x86_64-linux-gnu/CMakeFiles/CMakeTmp -fdebug-prefix-map=/<<PKGBUILDDIR>>=. -ferror-limit 19 -stack-protector 2 -fgnuc-version=4.2.1 -vectorize-loops -vectorize-slp -faddrsig -o CMakeFiles/cmTC_0a88c.dir/CMakeCCompilerABI.c.o -x c /usr/share/cmake-3.21/Modules/CMakeCCompilerABI.c
clang -cc1 version 12.0.1 based upon LLVM 12.0.1 default target x86_64-pc-linux-gnu
ignoring nonexistent directory "/include"
#include "..." search starts here:
#include <...> search starts here:
 /usr/local/include
 /usr/lib/llvm-12/lib/clang/12.0.1/include
 /usr/include/x86_64-linux-gnu
 /usr/include
End of search list.
Linking C executable cmTC_0a88c
/usr/bin/cmake -E cmake_link_script CMakeFiles/cmTC_0a88c.dir/link.txt --verbose=1
/usr/bin/cc -g -O2 -ffile-prefix-map=/<<PKGBUILDDIR>>=. -fstack-protector-strong -Wformat -Wdate-time -D_FORTIFY_SOURCE=2  -Wl,-z,relro -Wl,-z,now -v CMakeFiles/cmTC_0a88c.dir/CMakeCCompilerABI.c.o -o cmTC_0a88c 
Debian clang version 12.0.1-15
Target: x86_64-pc-linux-gnu
Thread model: posix
InstalledDir: /usr/bin
Found candidate GCC installation: /usr/bin/../lib/gcc/x86_64-linux-gnu/10
Found candidate GCC installation: /usr/bin/../lib/gcc/x86_64-linux-gnu/11
Found candidate GCC installation: /usr/bin/../lib/gcc/x86_64-linux-gnu/9
Found candidate GCC installation: /usr/lib/gcc/x86_64-linux-gnu/10
Found candidate GCC installation: /usr/lib/gcc/x86_64-linux-gnu/11
Found candidate GCC installation: /usr/lib/gcc/x86_64-linux-gnu/9
Selected GCC installation: /usr/bin/../lib/gcc/x86_64-linux-gnu/11
Candidate multilib: .;@m64
Selected multilib: .;@m64
 "/usr/bin/ld" --build-id --eh-frame-hdr -m elf_x86_64 -dynamic-linker /lib64/ld-linux-x86-64.so.2 -o cmTC_0a88c /usr/bin/../lib/gcc/x86_64-linux-gnu/11/../../../x86_64-linux-gnu/crt1.o /usr/bin/../lib/gcc/x86_64-linux-gnu/11/../../../x86_64-linux-gnu/crti.o /usr/bin/../lib/gcc/x86_64-linux-gnu/11/crtbegin.o -L/usr/bin/../lib/gcc/x86_64-linux-gnu/11 -L/usr/bin/../lib/gcc/x86_64-linux-gnu/11/../../../x86_64-linux-gnu -L/lib/x86_64-linux-gnu -L/lib/../lib64 -L/usr/lib/x86_64-linux-gnu -L/usr/bin/../lib/gcc/x86_64-linux-gnu/11/../../.. -L/usr/lib/llvm-12/bin/../lib -L/lib -L/usr/lib -z relro -z now CMakeFiles/cmTC_0a88c.dir/CMakeCCompilerABI.c.o -lgcc --as-needed -lgcc_s --no-as-needed -lc -lgcc --as-needed -lgcc_s --no-as-needed /usr/bin/../lib/gcc/x86_64-linux-gnu/11/crtend.o /usr/bin/../lib/gcc/x86_64-linux-gnu/11/../../../x86_64-linux-gnu/crtn.o
gmake[2]: Leaving directory '/<<PKGBUILDDIR>>/obj-x86_64-linux-gnu/CMakeFiles/CMakeTmp'
gmake[1]: Leaving directory '/<<PKGBUILDDIR>>/obj-x86_64-linux-gnu/CMakeFiles/CMakeTmp'



Parsed C implicit include dir info from above output: rv=done
  found start of include info
  found start of implicit include info
    add: [/usr/local/include]
    add: [/usr/lib/llvm-12/lib/clang/12.0.1/include]
    add: [/usr/include/x86_64-linux-gnu]
    add: [/usr/include]
  end of search list found
  collapse include dir [/usr/local/include] ==> [/usr/local/include]
  collapse include dir [/usr/lib/llvm-12/lib/clang/12.0.1/include] ==> [/usr/lib/llvm-12/lib/clang/12.0.1/include]
  collapse include dir [/usr/include/x86_64-linux-gnu] ==> [/usr/include/x86_64-linux-gnu]
  collapse include dir [/usr/include] ==> [/usr/include]
  implicit include dirs: [/usr/local/include;/usr/lib/llvm-12/lib/clang/12.0.1/include;/usr/include/x86_64-linux-gnu;/usr/include]


Parsed C implicit link information from above output:
  link line regex: [^( *|.*[/\])(ld|CMAKE_LINK_STARTFILE-NOTFOUND|([^/\]+-)?ld|collect2)[^/\]*( |$)]
  ignore line: [Change Dir: /<<PKGBUILDDIR>>/obj-x86_64-linux-gnu/CMakeFiles/CMakeTmp]
  ignore line: []
  ignore line: [Run Build Command(s):/usr/bin/gmake -f Makefile cmTC_0a88c/fast && gmake[1]: Entering directory '/<<PKGBUILDDIR>>/obj-x86_64-linux-gnu/CMakeFiles/CMakeTmp']
  ignore line: [/usr/bin/gmake  -f CMakeFiles/cmTC_0a88c.dir/build.make CMakeFiles/cmTC_0a88c.dir/build]
  ignore line: [gmake[2]: Entering directory '/<<PKGBUILDDIR>>/obj-x86_64-linux-gnu/CMakeFiles/CMakeTmp']
  ignore line: [Building C object CMakeFiles/cmTC_0a88c.dir/CMakeCCompilerABI.c.o]
  ignore line: [/usr/bin/cc   -g -O2 -ffile-prefix-map=/<<PKGBUILDDIR>>=. -fstack-protector-strong -Wformat -Wdate-time -D_FORTIFY_SOURCE=2    -v -MD -MT CMakeFiles/cmTC_0a88c.dir/CMakeCCompilerABI.c.o -MF CMakeFiles/cmTC_0a88c.dir/CMakeCCompilerABI.c.o.d -o CMakeFiles/cmTC_0a88c.dir/CMakeCCompilerABI.c.o -c /usr/share/cmake-3.21/Modules/CMakeCCompilerABI.c]
  ignore line: [Debian clang version 12.0.1-15]
  ignore line: [Target: x86_64-pc-linux-gnu]
  ignore line: [Thread model: posix]
  ignore line: [InstalledDir: /usr/bin]
  ignore line: [Found candidate GCC installation: /usr/bin/../lib/gcc/x86_64-linux-gnu/10]
  ignore line: [Found candidate GCC installation: /usr/bin/../lib/gcc/x86_64-linux-gnu/11]
  ignore line: [Found candidate GCC installation: /usr/bin/../lib/gcc/x86_64-linux-gnu/9]
  ignore line: [Found candidate GCC installation: /usr/lib/gcc/x86_64-linux-gnu/10]
  ignore line: [Found candidate GCC installation: /usr/lib/gcc/x86_64-linux-gnu/11]
  ignore line: [Found candidate GCC installation: /usr/lib/gcc/x86_64-linux-gnu/9]
  ignore line: [Selected GCC installation: /usr/bin/../lib/gcc/x86_64-linux-gnu/11]
  ignore line: [Candidate multilib: .]
  ignore line: [@m64]
  ignore line: [Selected multilib: .]
  ignore line: [@m64]
  ignore line: [ (in-process)]
  ignore line: [ "/usr/lib/llvm-12/bin/clang" -cc1 -triple x86_64-pc-linux-gnu -emit-obj --mrelax-relocations -disable-free -disable-llvm-verifier -discard-value-names -main-file-name CMakeCCompilerABI.c -mrelocation-model static -mframe-pointer=none -fmath-errno -fno-rounding-math -mconstructor-aliases -munwind-tables -target-cpu x86-64 -tune-cpu generic -fno-split-dwarf-inlining -debug-info-kind=limited -dwarf-version=4 -debugger-tuning=gdb -v -resource-dir /usr/lib/llvm-12/lib/clang/12.0.1 -dependency-file CMakeFiles/cmTC_0a88c.dir/CMakeCCompilerABI.c.o.d -MT CMakeFiles/cmTC_0a88c.dir/CMakeCCompilerABI.c.o -sys-header-deps -D _FORTIFY_SOURCE=2 -internal-isystem /usr/local/include -internal-isystem /usr/lib/llvm-12/lib/clang/12.0.1/include -internal-externc-isystem /usr/include/x86_64-linux-gnu -internal-externc-isystem /include -internal-externc-isystem /usr/include -fmacro-prefix-map=/<<PKGBUILDDIR>>=. -fprofile-prefix-map=/<<PKGBUILDDIR>>=. -O2 -Wformat -Wdate-time -fdebug-compilation-dir /<<PKGBUILDDIR>>/obj-x86_64-linux-gnu/CMakeFiles/CMakeTmp -fdebug-prefix-map=/<<PKGBUILDDIR>>=. -ferror-limit 19 -stack-protector 2 -fgnuc-version=4.2.1 -vectorize-loops -vectorize-slp -faddrsig -o CMakeFiles/cmTC_0a88c.dir/CMakeCCompilerABI.c.o -x c /usr/share/cmake-3.21/Modules/CMakeCCompilerABI.c]
  ignore line: [clang -cc1 version 12.0.1 based upon LLVM 12.0.1 default target x86_64-pc-linux-gnu]
  ignore line: [ignoring nonexistent directory "/include"]
  ignore line: [#include "..." search starts here:]
  ignore line: [#include <...> search starts here:]
  ignore line: [ /usr/local/include]
  ignore line: [ /usr/lib/llvm-12/lib/clang/12.0.1/include]
  ignore line: [ /usr/include/x86_64-linux-gnu]
  ignore line: [ /usr/include]
  ignore line: [End of search list.]
  ignore line: [Linking C executable cmTC_0a88c]
  ignore line: [/usr/bin/cmake -E cmake_link_script CMakeFiles/cmTC_0a88c.dir/link.txt --verbose=1]
  ignore line: [/usr/bin/cc -g -O2 -ffile-prefix-map=/<<PKGBUILDDIR>>=. -fstack-protector-strong -Wformat -Wdate-time -D_FORTIFY_SOURCE=2  -Wl -z relro -Wl -z now -v CMakeFiles/cmTC_0a88c.dir/CMakeCCompilerABI.c.o -o cmTC_0a88c ]
  ignore line: [Debian clang version 12.0.1-15]
  ignore line: [Target: x86_64-pc-linux-gnu]
  ignore line: [Thread model: posix]
  ignore line: [InstalledDir: /usr/bin]
  ignore line: [Found candidate GCC installation: /usr/bin/../lib/gcc/x86_64-linux-gnu/10]
  ignore line: [Found candidate GCC installation: /usr/bin/../lib/gcc/x86_64-linux-gnu/11]
  ignore line: [Found candidate GCC installation: /usr/bin/../lib/gcc/x86_64-linux-gnu/9]
  ignore line: [Found candidate GCC installation: /usr/lib/gcc/x86_64-linux-gnu/10]
  ignore line: [Found candidate GCC installation: /usr/lib/gcc/x86_64-linux-gnu/11]
  ignore line: [Found candidate GCC installation: /usr/lib/gcc/x86_64-linux-gnu/9]
  ignore line: [Selected GCC installation: /usr/bin/../lib/gcc/x86_64-linux-gnu/11]
  ignore line: [Candidate multilib: .]
  ignore line: [@m64]
  ignore line: [Selected multilib: .]
  ignore line: [@m64]
  link line: [ "/usr/bin/ld" --build-id --eh-frame-hdr -m elf_x86_64 -dynamic-linker /lib64/ld-linux-x86-64.so.2 -o cmTC_0a88c /usr/bin/../lib/gcc/x86_64-linux-gnu/11/../../../x86_64-linux-gnu/crt1.o /usr/bin/../lib/gcc/x86_64-linux-gnu/11/../../../x86_64-linux-gnu/crti.o /usr/bin/../lib/gcc/x86_64-linux-gnu/11/crtbegin.o -L/usr/bin/../lib/gcc/x86_64-linux-gnu/11 -L/usr/bin/../lib/gcc/x86_64-linux-gnu/11/../../../x86_64-linux-gnu -L/lib/x86_64-linux-gnu -L/lib/../lib64 -L/usr/lib/x86_64-linux-gnu -L/usr/bin/../lib/gcc/x86_64-linux-gnu/11/../../.. -L/usr/lib/llvm-12/bin/../lib -L/lib -L/usr/lib -z relro -z now CMakeFiles/cmTC_0a88c.dir/CMakeCCompilerABI.c.o -lgcc --as-needed -lgcc_s --no-as-needed -lc -lgcc --as-needed -lgcc_s --no-as-needed /usr/bin/../lib/gcc/x86_64-linux-gnu/11/crtend.o /usr/bin/../lib/gcc/x86_64-linux-gnu/11/../../../x86_64-linux-gnu/crtn.o]
    arg [/usr/bin/ld] ==> ignore
    arg [--build-id] ==> ignore
    arg [--eh-frame-hdr] ==> ignore
    arg [-m] ==> ignore
    arg [elf_x86_64] ==> ignore
    arg [-dynamic-linker] ==> ignore
    arg [/lib64/ld-linux-x86-64.so.2] ==> ignore
    arg [-o] ==> ignore
    arg [cmTC_0a88c] ==> ignore
    arg [/usr/bin/../lib/gcc/x86_64-linux-gnu/11/../../../x86_64-linux-gnu/crt1.o] ==> obj [/usr/bin/../lib/gcc/x86_64-linux-gnu/11/../../../x86_64-linux-gnu/crt1.o]
    arg [/usr/bin/../lib/gcc/x86_64-linux-gnu/11/../../../x86_64-linux-gnu/crti.o] ==> obj [/usr/bin/../lib/gcc/x86_64-linux-gnu/11/../../../x86_64-linux-gnu/crti.o]
    arg [/usr/bin/../lib/gcc/x86_64-linux-gnu/11/crtbegin.o] ==> obj [/usr/bin/../lib/gcc/x86_64-linux-gnu/11/crtbegin.o]
    arg [-L/usr/bin/../lib/gcc/x86_64-linux-gnu/11] ==> dir [/usr/bin/../lib/gcc/x86_64-linux-gnu/11]
    arg [-L/usr/bin/../lib/gcc/x86_64-linux-gnu/11/../../../x86_64-linux-gnu] ==> dir [/usr/bin/../lib/gcc/x86_64-linux-gnu/11/../../../x86_64-linux-gnu]
    arg [-L/lib/x86_64-linux-gnu] ==> dir [/lib/x86_64-linux-gnu]
    arg [-L/lib/../lib64] ==> dir [/lib/../lib64]
    arg [-L/usr/lib/x86_64-linux-gnu] ==> dir [/usr/lib/x86_64-linux-gnu]
    arg [-L/usr/bin/../lib/gcc/x86_64-linux-gnu/11/../../..] ==> dir [/usr/bin/../lib/gcc/x86_64-linux-gnu/11/../../..]
    arg [-L/usr/lib/llvm-12/bin/../lib] ==> dir [/usr/lib/llvm-12/bin/../lib]
    arg [-L/lib] ==> dir [/lib]
    arg [-L/usr/lib] ==> dir [/usr/lib]
    arg [-zrelro] ==> ignore
    arg [-znow] ==> ignore
    arg [CMakeFiles/cmTC_0a88c.dir/CMakeCCompilerABI.c.o] ==> ignore
    arg [-lgcc] ==> lib [gcc]
    arg [--as-needed] ==> ignore
    arg [-lgcc_s] ==> lib [gcc_s]
    arg [--no-as-needed] ==> ignore
    arg [-lc] ==> lib [c]
    arg [-lgcc] ==> lib [gcc]
    arg [--as-needed] ==> ignore
    arg [-lgcc_s] ==> lib [gcc_s]
    arg [--no-as-needed] ==> ignore
    arg [/usr/bin/../lib/gcc/x86_64-linux-gnu/11/crtend.o] ==> obj [/usr/bin/../lib/gcc/x86_64-linux-gnu/11/crtend.o]
    arg [/usr/bin/../lib/gcc/x86_64-linux-gnu/11/../../../x86_64-linux-gnu/crtn.o] ==> obj [/usr/bin/../lib/gcc/x86_64-linux-gnu/11/../../../x86_64-linux-gnu/crtn.o]
  collapse obj [/usr/bin/../lib/gcc/x86_64-linux-gnu/11/../../../x86_64-linux-gnu/crt1.o] ==> [/usr/lib/x86_64-linux-gnu/crt1.o]
  collapse obj [/usr/bin/../lib/gcc/x86_64-linux-gnu/11/../../../x86_64-linux-gnu/crti.o] ==> [/usr/lib/x86_64-linux-gnu/crti.o]
  collapse obj [/usr/bin/../lib/gcc/x86_64-linux-gnu/11/crtbegin.o] ==> [/usr/lib/gcc/x86_64-linux-gnu/11/crtbegin.o]
  collapse obj [/usr/bin/../lib/gcc/x86_64-linux-gnu/11/crtend.o] ==> [/usr/lib/gcc/x86_64-linux-gnu/11/crtend.o]
  collapse obj [/usr/bin/../lib/gcc/x86_64-linux-gnu/11/../../../x86_64-linux-gnu/crtn.o] ==> [/usr/lib/x86_64-linux-gnu/crtn.o]
  collapse library dir [/usr/bin/../lib/gcc/x86_64-linux-gnu/11] ==> [/usr/lib/gcc/x86_64-linux-gnu/11]
  collapse library dir [/usr/bin/../lib/gcc/x86_64-linux-gnu/11/../../../x86_64-linux-gnu] ==> [/usr/lib/x86_64-linux-gnu]
  collapse library dir [/lib/x86_64-linux-gnu] ==> [/lib/x86_64-linux-gnu]
  collapse library dir [/lib/../lib64] ==> [/lib64]
  collapse library dir [/usr/lib/x86_64-linux-gnu] ==> [/usr/lib/x86_64-linux-gnu]
  collapse library dir [/usr/bin/../lib/gcc/x86_64-linux-gnu/11/../../..] ==> [/usr/lib]
  collapse library dir [/usr/lib/llvm-12/bin/../lib] ==> [/usr/lib/llvm-12/lib]
  collapse library dir [/lib] ==> [/lib]
  collapse library dir [/usr/lib] ==> [/usr/lib]
  implicit libs: [gcc;gcc_s;c;gcc;gcc_s]
  implicit objs: [/usr/lib/x86_64-linux-gnu/crt1.o;/usr/lib/x86_64-linux-gnu/crti.o;/usr/lib/gcc/x86_64-linux-gnu/11/crtbegin.o;/usr/lib/gcc/x86_64-linux-gnu/11/crtend.o;/usr/lib/x86_64-linux-gnu/crtn.o]
  implicit dirs: [/usr/lib/gcc/x86_64-linux-gnu/11;/usr/lib/x86_64-linux-gnu;/lib/x86_64-linux-gnu;/lib64;/usr/lib;/usr/lib/llvm-12/lib;/lib]
  implicit fwks: []


Detecting CXX compiler ABI info compiled with the following output:
Change Dir: /<<PKGBUILDDIR>>/obj-x86_64-linux-gnu/CMakeFiles/CMakeTmp

Run Build Command(s):/usr/bin/gmake -f Makefile cmTC_1f92c/fast && gmake[1]: Entering directory '/<<PKGBUILDDIR>>/obj-x86_64-linux-gnu/CMakeFiles/CMakeTmp'
/usr/bin/gmake  -f CMakeFiles/cmTC_1f92c.dir/build.make CMakeFiles/cmTC_1f92c.dir/build
gmake[2]: Entering directory '/<<PKGBUILDDIR>>/obj-x86_64-linux-gnu/CMakeFiles/CMakeTmp'
Building CXX object CMakeFiles/cmTC_1f92c.dir/CMakeCXXCompilerABI.cpp.o
/usr/bin/c++   -g -O2 -ffile-prefix-map=/<<PKGBUILDDIR>>=. -fstack-protector-strong -Wformat -Wdate-time -D_FORTIFY_SOURCE=2    -v -MD -MT CMakeFiles/cmTC_1f92c.dir/CMakeCXXCompilerABI.cpp.o -MF CMakeFiles/cmTC_1f92c.dir/CMakeCXXCompilerABI.cpp.o.d -o CMakeFiles/cmTC_1f92c.dir/CMakeCXXCompilerABI.cpp.o -c /usr/share/cmake-3.21/Modules/CMakeCXXCompilerABI.cpp
Debian clang version 12.0.1-15
Target: x86_64-pc-linux-gnu
Thread model: posix
InstalledDir: /usr/bin
Found candidate GCC installation: /usr/bin/../lib/gcc/x86_64-linux-gnu/10
Found candidate GCC installation: /usr/bin/../lib/gcc/x86_64-linux-gnu/11
Found candidate GCC installation: /usr/bin/../lib/gcc/x86_64-linux-gnu/9
Found candidate GCC installation: /usr/lib/gcc/x86_64-linux-gnu/10
Found candidate GCC installation: /usr/lib/gcc/x86_64-linux-gnu/11
Found candidate GCC installation: /usr/lib/gcc/x86_64-linux-gnu/9
Selected GCC installation: /usr/bin/../lib/gcc/x86_64-linux-gnu/11
Candidate multilib: .;@m64
Selected multilib: .;@m64
 (in-process)
 "/usr/lib/llvm-12/bin/clang" -cc1 -triple x86_64-pc-linux-gnu -emit-obj --mrelax-relocations -disable-free -disable-llvm-verifier -discard-value-names -main-file-name CMakeCXXCompilerABI.cpp -mrelocation-model static -mframe-pointer=none -fmath-errno -fno-rounding-math -mconstructor-aliases -munwind-tables -target-cpu x86-64 -tune-cpu generic -fno-split-dwarf-inlining -debug-info-kind=limited -dwarf-version=4 -debugger-tuning=gdb -v -resource-dir /usr/lib/llvm-12/lib/clang/12.0.1 -dependency-file CMakeFiles/cmTC_1f92c.dir/CMakeCXXCompilerABI.cpp.o.d -MT CMakeFiles/cmTC_1f92c.dir/CMakeCXXCompilerABI.cpp.o -sys-header-deps -D _FORTIFY_SOURCE=2 -internal-isystem /usr/bin/../lib/gcc/x86_64-linux-gnu/11/../../../../include/c++/11 -internal-isystem /usr/bin/../lib/gcc/x86_64-linux-gnu/11/../../../../include/x86_64-linux-gnu/c++/11 -internal-isystem /usr/bin/../lib/gcc/x86_64-linux-gnu/11/../../../../include/x86_64-linux-gnu/c++/11 -internal-isystem /usr/bin/../lib/gcc/x86_64-linux-gnu/11/../../../../include/c++/11/backward -internal-isystem /usr/local/include -internal-isystem /usr/lib/llvm-12/lib/clang/12.0.1/include -internal-externc-isystem /usr/include/x86_64-linux-gnu -internal-externc-isystem /include -internal-externc-isystem /usr/include -fmacro-prefix-map=/<<PKGBUILDDIR>>=. -fprofile-prefix-map=/<<PKGBUILDDIR>>=. -O2 -Wformat -Wdate-time -fdeprecated-macro -fdebug-compilation-dir /<<PKGBUILDDIR>>/obj-x86_64-linux-gnu/CMakeFiles/CMakeTmp -fdebug-prefix-map=/<<PKGBUILDDIR>>=. -ferror-limit 19 -stack-protector 2 -fgnuc-version=4.2.1 -fcxx-exceptions -fexceptions -vectorize-loops -vectorize-slp -faddrsig -o CMakeFiles/cmTC_1f92c.dir/CMakeCXXCompilerABI.cpp.o -x c++ /usr/share/cmake-3.21/Modules/CMakeCXXCompilerABI.cpp
clang -cc1 version 12.0.1 based upon LLVM 12.0.1 default target x86_64-pc-linux-gnu
ignoring nonexistent directory "/include"
ignoring duplicate directory "/usr/bin/../lib/gcc/x86_64-linux-gnu/11/../../../../include/x86_64-linux-gnu/c++/11"
#include "..." search starts here:
#include <...> search starts here:
 /usr/bin/../lib/gcc/x86_64-linux-gnu/11/../../../../include/c++/11
 /usr/bin/../lib/gcc/x86_64-linux-gnu/11/../../../../include/x86_64-linux-gnu/c++/11
 /usr/bin/../lib/gcc/x86_64-linux-gnu/11/../../../../include/c++/11/backward
 /usr/local/include
 /usr/lib/llvm-12/lib/clang/12.0.1/include
 /usr/include/x86_64-linux-gnu
 /usr/include
End of search list.
Linking CXX executable cmTC_1f92c
/usr/bin/cmake -E cmake_link_script CMakeFiles/cmTC_1f92c.dir/link.txt --verbose=1
/usr/bin/c++ -g -O2 -ffile-prefix-map=/<<PKGBUILDDIR>>=. -fstack-protector-strong -Wformat -Wdate-time -D_FORTIFY_SOURCE=2  -Wl,-z,relro -Wl,-z,now -v CMakeFiles/cmTC_1f92c.dir/CMakeCXXCompilerABI.cpp.o -o cmTC_1f92c 
Debian clang version 12.0.1-15
Target: x86_64-pc-linux-gnu
Thread model: posix
InstalledDir: /usr/bin
Found candidate GCC installation: /usr/bin/../lib/gcc/x86_64-linux-gnu/10
Found candidate GCC installation: /usr/bin/../lib/gcc/x86_64-linux-gnu/11
Found candidate GCC installation: /usr/bin/../lib/gcc/x86_64-linux-gnu/9
Found candidate GCC installation: /usr/lib/gcc/x86_64-linux-gnu/10
Found candidate GCC installation: /usr/lib/gcc/x86_64-linux-gnu/11
Found candidate GCC installation: /usr/lib/gcc/x86_64-linux-gnu/9
Selected GCC installation: /usr/bin/../lib/gcc/x86_64-linux-gnu/11
Candidate multilib: .;@m64
Selected multilib: .;@m64
 "/usr/bin/ld" --build-id --eh-frame-hdr -m elf_x86_64 -dynamic-linker /lib64/ld-linux-x86-64.so.2 -o cmTC_1f92c /usr/bin/../lib/gcc/x86_64-linux-gnu/11/../../../x86_64-linux-gnu/crt1.o /usr/bin/../lib/gcc/x86_64-linux-gnu/11/../../../x86_64-linux-gnu/crti.o /usr/bin/../lib/gcc/x86_64-linux-gnu/11/crtbegin.o -L/usr/bin/../lib/gcc/x86_64-linux-gnu/11 -L/usr/bin/../lib/gcc/x86_64-linux-gnu/11/../../../x86_64-linux-gnu -L/lib/x86_64-linux-gnu -L/lib/../lib64 -L/usr/lib/x86_64-linux-gnu -L/usr/bin/../lib/gcc/x86_64-linux-gnu/11/../../.. -L/usr/lib/llvm-12/bin/../lib -L/lib -L/usr/lib -z relro -z now CMakeFiles/cmTC_1f92c.dir/CMakeCXXCompilerABI.cpp.o -lstdc++ -lm -lgcc_s -lgcc -lc -lgcc_s -lgcc /usr/bin/../lib/gcc/x86_64-linux-gnu/11/crtend.o /usr/bin/../lib/gcc/x86_64-linux-gnu/11/../../../x86_64-linux-gnu/crtn.o
gmake[2]: Leaving directory '/<<PKGBUILDDIR>>/obj-x86_64-linux-gnu/CMakeFiles/CMakeTmp'
gmake[1]: Leaving directory '/<<PKGBUILDDIR>>/obj-x86_64-linux-gnu/CMakeFiles/CMakeTmp'



Parsed CXX implicit include dir info from above output: rv=done
  found start of include info
  found start of implicit include info
    add: [/usr/bin/../lib/gcc/x86_64-linux-gnu/11/../../../../include/c++/11]
    add: [/usr/bin/../lib/gcc/x86_64-linux-gnu/11/../../../../include/x86_64-linux-gnu/c++/11]
    add: [/usr/bin/../lib/gcc/x86_64-linux-gnu/11/../../../../include/c++/11/backward]
    add: [/usr/local/include]
    add: [/usr/lib/llvm-12/lib/clang/12.0.1/include]
    add: [/usr/include/x86_64-linux-gnu]
    add: [/usr/include]
  end of search list found
  collapse include dir [/usr/bin/../lib/gcc/x86_64-linux-gnu/11/../../../../include/c++/11] ==> [/usr/include/c++/11]
  collapse include dir [/usr/bin/../lib/gcc/x86_64-linux-gnu/11/../../../../include/x86_64-linux-gnu/c++/11] ==> [/usr/include/x86_64-linux-gnu/c++/11]
  collapse include dir [/usr/bin/../lib/gcc/x86_64-linux-gnu/11/../../../../include/c++/11/backward] ==> [/usr/include/c++/11/backward]
  collapse include dir [/usr/local/include] ==> [/usr/local/include]
  collapse include dir [/usr/lib/llvm-12/lib/clang/12.0.1/include] ==> [/usr/lib/llvm-12/lib/clang/12.0.1/include]
  collapse include dir [/usr/include/x86_64-linux-gnu] ==> [/usr/include/x86_64-linux-gnu]
  collapse include dir [/usr/include] ==> [/usr/include]
  implicit include dirs: [/usr/include/c++/11;/usr/include/x86_64-linux-gnu/c++/11;/usr/include/c++/11/backward;/usr/local/include;/usr/lib/llvm-12/lib/clang/12.0.1/include;/usr/include/x86_64-linux-gnu;/usr/include]


Parsed CXX implicit link information from above output:
  link line regex: [^( *|.*[/\])(ld|CMAKE_LINK_STARTFILE-NOTFOUND|([^/\]+-)?ld|collect2)[^/\]*( |$)]
  ignore line: [Change Dir: /<<PKGBUILDDIR>>/obj-x86_64-linux-gnu/CMakeFiles/CMakeTmp]
  ignore line: []
  ignore line: [Run Build Command(s):/usr/bin/gmake -f Makefile cmTC_1f92c/fast && gmake[1]: Entering directory '/<<PKGBUILDDIR>>/obj-x86_64-linux-gnu/CMakeFiles/CMakeTmp']
  ignore line: [/usr/bin/gmake  -f CMakeFiles/cmTC_1f92c.dir/build.make CMakeFiles/cmTC_1f92c.dir/build]
  ignore line: [gmake[2]: Entering directory '/<<PKGBUILDDIR>>/obj-x86_64-linux-gnu/CMakeFiles/CMakeTmp']
  ignore line: [Building CXX object CMakeFiles/cmTC_1f92c.dir/CMakeCXXCompilerABI.cpp.o]
  ignore line: [/usr/bin/c++   -g -O2 -ffile-prefix-map=/<<PKGBUILDDIR>>=. -fstack-protector-strong -Wformat -Wdate-time -D_FORTIFY_SOURCE=2    -v -MD -MT CMakeFiles/cmTC_1f92c.dir/CMakeCXXCompilerABI.cpp.o -MF CMakeFiles/cmTC_1f92c.dir/CMakeCXXCompilerABI.cpp.o.d -o CMakeFiles/cmTC_1f92c.dir/CMakeCXXCompilerABI.cpp.o -c /usr/share/cmake-3.21/Modules/CMakeCXXCompilerABI.cpp]
  ignore line: [Debian clang version 12.0.1-15]
  ignore line: [Target: x86_64-pc-linux-gnu]
  ignore line: [Thread model: posix]
  ignore line: [InstalledDir: /usr/bin]
  ignore line: [Found candidate GCC installation: /usr/bin/../lib/gcc/x86_64-linux-gnu/10]
  ignore line: [Found candidate GCC installation: /usr/bin/../lib/gcc/x86_64-linux-gnu/11]
  ignore line: [Found candidate GCC installation: /usr/bin/../lib/gcc/x86_64-linux-gnu/9]
  ignore line: [Found candidate GCC installation: /usr/lib/gcc/x86_64-linux-gnu/10]
  ignore line: [Found candidate GCC installation: /usr/lib/gcc/x86_64-linux-gnu/11]
  ignore line: [Found candidate GCC installation: /usr/lib/gcc/x86_64-linux-gnu/9]
  ignore line: [Selected GCC installation: /usr/bin/../lib/gcc/x86_64-linux-gnu/11]
  ignore line: [Candidate multilib: .]
  ignore line: [@m64]
  ignore line: [Selected multilib: .]
  ignore line: [@m64]
  ignore line: [ (in-process)]
  ignore line: [ "/usr/lib/llvm-12/bin/clang" -cc1 -triple x86_64-pc-linux-gnu -emit-obj --mrelax-relocations -disable-free -disable-llvm-verifier -discard-value-names -main-file-name CMakeCXXCompilerABI.cpp -mrelocation-model static -mframe-pointer=none -fmath-errno -fno-rounding-math -mconstructor-aliases -munwind-tables -target-cpu x86-64 -tune-cpu generic -fno-split-dwarf-inlining -debug-info-kind=limited -dwarf-version=4 -debugger-tuning=gdb -v -resource-dir /usr/lib/llvm-12/lib/clang/12.0.1 -dependency-file CMakeFiles/cmTC_1f92c.dir/CMakeCXXCompilerABI.cpp.o.d -MT CMakeFiles/cmTC_1f92c.dir/CMakeCXXCompilerABI.cpp.o -sys-header-deps -D _FORTIFY_SOURCE=2 -internal-isystem /usr/bin/../lib/gcc/x86_64-linux-gnu/11/../../../../include/c++/11 -internal-isystem /usr/bin/../lib/gcc/x86_64-linux-gnu/11/../../../../include/x86_64-linux-gnu/c++/11 -internal-isystem /usr/bin/../lib/gcc/x86_64-linux-gnu/11/../../../../include/x86_64-linux-gnu/c++/11 -internal-isystem /usr/bin/../lib/gcc/x86_64-linux-gnu/11/../../../../include/c++/11/backward -internal-isystem /usr/local/include -internal-isystem /usr/lib/llvm-12/lib/clang/12.0.1/include -internal-externc-isystem /usr/include/x86_64-linux-gnu -internal-externc-isystem /include -internal-externc-isystem /usr/include -fmacro-prefix-map=/<<PKGBUILDDIR>>=. -fprofile-prefix-map=/<<PKGBUILDDIR>>=. -O2 -Wformat -Wdate-time -fdeprecated-macro -fdebug-compilation-dir /<<PKGBUILDDIR>>/obj-x86_64-linux-gnu/CMakeFiles/CMakeTmp -fdebug-prefix-map=/<<PKGBUILDDIR>>=. -ferror-limit 19 -stack-protector 2 -fgnuc-version=4.2.1 -fcxx-exceptions -fexceptions -vectorize-loops -vectorize-slp -faddrsig -o CMakeFiles/cmTC_1f92c.dir/CMakeCXXCompilerABI.cpp.o -x c++ /usr/share/cmake-3.21/Modules/CMakeCXXCompilerABI.cpp]
  ignore line: [clang -cc1 version 12.0.1 based upon LLVM 12.0.1 default target x86_64-pc-linux-gnu]
  ignore line: [ignoring nonexistent directory "/include"]
  ignore line: [ignoring duplicate directory "/usr/bin/../lib/gcc/x86_64-linux-gnu/11/../../../../include/x86_64-linux-gnu/c++/11"]
  ignore line: [#include "..." search starts here:]
  ignore line: [#include <...> search starts here:]
  ignore line: [ /usr/bin/../lib/gcc/x86_64-linux-gnu/11/../../../../include/c++/11]
  ignore line: [ /usr/bin/../lib/gcc/x86_64-linux-gnu/11/../../../../include/x86_64-linux-gnu/c++/11]
  ignore line: [ /usr/bin/../lib/gcc/x86_64-linux-gnu/11/../../../../include/c++/11/backward]
  ignore line: [ /usr/local/include]
  ignore line: [ /usr/lib/llvm-12/lib/clang/12.0.1/include]
  ignore line: [ /usr/include/x86_64-linux-gnu]
  ignore line: [ /usr/include]
  ignore line: [End of search list.]
  ignore line: [Linking CXX executable cmTC_1f92c]
  ignore line: [/usr/bin/cmake -E cmake_link_script CMakeFiles/cmTC_1f92c.dir/link.txt --verbose=1]
  ignore line: [/usr/bin/c++ -g -O2 -ffile-prefix-map=/<<PKGBUILDDIR>>=. -fstack-protector-strong -Wformat -Wdate-time -D_FORTIFY_SOURCE=2  -Wl -z relro -Wl -z now -v CMakeFiles/cmTC_1f92c.dir/CMakeCXXCompilerABI.cpp.o -o cmTC_1f92c ]
  ignore line: [Debian clang version 12.0.1-15]
  ignore line: [Target: x86_64-pc-linux-gnu]
  ignore line: [Thread model: posix]
  ignore line: [InstalledDir: /usr/bin]
  ignore line: [Found candidate GCC installation: /usr/bin/../lib/gcc/x86_64-linux-gnu/10]
  ignore line: [Found candidate GCC installation: /usr/bin/../lib/gcc/x86_64-linux-gnu/11]
  ignore line: [Found candidate GCC installation: /usr/bin/../lib/gcc/x86_64-linux-gnu/9]
  ignore line: [Found candidate GCC installation: /usr/lib/gcc/x86_64-linux-gnu/10]
  ignore line: [Found candidate GCC installation: /usr/lib/gcc/x86_64-linux-gnu/11]
  ignore line: [Found candidate GCC installation: /usr/lib/gcc/x86_64-linux-gnu/9]
  ignore line: [Selected GCC installation: /usr/bin/../lib/gcc/x86_64-linux-gnu/11]
  ignore line: [Candidate multilib: .]
  ignore line: [@m64]
  ignore line: [Selected multilib: .]
  ignore line: [@m64]
  link line: [ "/usr/bin/ld" --build-id --eh-frame-hdr -m elf_x86_64 -dynamic-linker /lib64/ld-linux-x86-64.so.2 -o cmTC_1f92c /usr/bin/../lib/gcc/x86_64-linux-gnu/11/../../../x86_64-linux-gnu/crt1.o /usr/bin/../lib/gcc/x86_64-linux-gnu/11/../../../x86_64-linux-gnu/crti.o /usr/bin/../lib/gcc/x86_64-linux-gnu/11/crtbegin.o -L/usr/bin/../lib/gcc/x86_64-linux-gnu/11 -L/usr/bin/../lib/gcc/x86_64-linux-gnu/11/../../../x86_64-linux-gnu -L/lib/x86_64-linux-gnu -L/lib/../lib64 -L/usr/lib/x86_64-linux-gnu -L/usr/bin/../lib/gcc/x86_64-linux-gnu/11/../../.. -L/usr/lib/llvm-12/bin/../lib -L/lib -L/usr/lib -z relro -z now CMakeFiles/cmTC_1f92c.dir/CMakeCXXCompilerABI.cpp.o -lstdc++ -lm -lgcc_s -lgcc -lc -lgcc_s -lgcc /usr/bin/../lib/gcc/x86_64-linux-gnu/11/crtend.o /usr/bin/../lib/gcc/x86_64-linux-gnu/11/../../../x86_64-linux-gnu/crtn.o]
    arg [/usr/bin/ld] ==> ignore
    arg [--build-id] ==> ignore
    arg [--eh-frame-hdr] ==> ignore
    arg [-m] ==> ignore
    arg [elf_x86_64] ==> ignore
    arg [-dynamic-linker] ==> ignore
    arg [/lib64/ld-linux-x86-64.so.2] ==> ignore
    arg [-o] ==> ignore
    arg [cmTC_1f92c] ==> ignore
    arg [/usr/bin/../lib/gcc/x86_64-linux-gnu/11/../../../x86_64-linux-gnu/crt1.o] ==> obj [/usr/bin/../lib/gcc/x86_64-linux-gnu/11/../../../x86_64-linux-gnu/crt1.o]
    arg [/usr/bin/../lib/gcc/x86_64-linux-gnu/11/../../../x86_64-linux-gnu/crti.o] ==> obj [/usr/bin/../lib/gcc/x86_64-linux-gnu/11/../../../x86_64-linux-gnu/crti.o]
    arg [/usr/bin/../lib/gcc/x86_64-linux-gnu/11/crtbegin.o] ==> obj [/usr/bin/../lib/gcc/x86_64-linux-gnu/11/crtbegin.o]
    arg [-L/usr/bin/../lib/gcc/x86_64-linux-gnu/11] ==> dir [/usr/bin/../lib/gcc/x86_64-linux-gnu/11]
    arg [-L/usr/bin/../lib/gcc/x86_64-linux-gnu/11/../../../x86_64-linux-gnu] ==> dir [/usr/bin/../lib/gcc/x86_64-linux-gnu/11/../../../x86_64-linux-gnu]
    arg [-L/lib/x86_64-linux-gnu] ==> dir [/lib/x86_64-linux-gnu]
    arg [-L/lib/../lib64] ==> dir [/lib/../lib64]
    arg [-L/usr/lib/x86_64-linux-gnu] ==> dir [/usr/lib/x86_64-linux-gnu]
    arg [-L/usr/bin/../lib/gcc/x86_64-linux-gnu/11/../../..] ==> dir [/usr/bin/../lib/gcc/x86_64-linux-gnu/11/../../..]
    arg [-L/usr/lib/llvm-12/bin/../lib] ==> dir [/usr/lib/llvm-12/bin/../lib]
    arg [-L/lib] ==> dir [/lib]
    arg [-L/usr/lib] ==> dir [/usr/lib]
    arg [-zrelro] ==> ignore
    arg [-znow] ==> ignore
    arg [CMakeFiles/cmTC_1f92c.dir/CMakeCXXCompilerABI.cpp.o] ==> ignore
    arg [-lstdc++] ==> lib [stdc++]
    arg [-lm] ==> lib [m]
    arg [-lgcc_s] ==> lib [gcc_s]
    arg [-lgcc] ==> lib [gcc]
    arg [-lc] ==> lib [c]
    arg [-lgcc_s] ==> lib [gcc_s]
    arg [-lgcc] ==> lib [gcc]
    arg [/usr/bin/../lib/gcc/x86_64-linux-gnu/11/crtend.o] ==> obj [/usr/bin/../lib/gcc/x86_64-linux-gnu/11/crtend.o]
    arg [/usr/bin/../lib/gcc/x86_64-linux-gnu/11/../../../x86_64-linux-gnu/crtn.o] ==> obj [/usr/bin/../lib/gcc/x86_64-linux-gnu/11/../../../x86_64-linux-gnu/crtn.o]
  collapse obj [/usr/bin/../lib/gcc/x86_64-linux-gnu/11/../../../x86_64-linux-gnu/crt1.o] ==> [/usr/lib/x86_64-linux-gnu/crt1.o]
  collapse obj [/usr/bin/../lib/gcc/x86_64-linux-gnu/11/../../../x86_64-linux-gnu/crti.o] ==> [/usr/lib/x86_64-linux-gnu/crti.o]
  collapse obj [/usr/bin/../lib/gcc/x86_64-linux-gnu/11/crtbegin.o] ==> [/usr/lib/gcc/x86_64-linux-gnu/11/crtbegin.o]
  collapse obj [/usr/bin/../lib/gcc/x86_64-linux-gnu/11/crtend.o] ==> [/usr/lib/gcc/x86_64-linux-gnu/11/crtend.o]
  collapse obj [/usr/bin/../lib/gcc/x86_64-linux-gnu/11/../../../x86_64-linux-gnu/crtn.o] ==> [/usr/lib/x86_64-linux-gnu/crtn.o]
  collapse library dir [/usr/bin/../lib/gcc/x86_64-linux-gnu/11] ==> [/usr/lib/gcc/x86_64-linux-gnu/11]
  collapse library dir [/usr/bin/../lib/gcc/x86_64-linux-gnu/11/../../../x86_64-linux-gnu] ==> [/usr/lib/x86_64-linux-gnu]
  collapse library dir [/lib/x86_64-linux-gnu] ==> [/lib/x86_64-linux-gnu]
  collapse library dir [/lib/../lib64] ==> [/lib64]
  collapse library dir [/usr/lib/x86_64-linux-gnu] ==> [/usr/lib/x86_64-linux-gnu]
  collapse library dir [/usr/bin/../lib/gcc/x86_64-linux-gnu/11/../../..] ==> [/usr/lib]
  collapse library dir [/usr/lib/llvm-12/bin/../lib] ==> [/usr/lib/llvm-12/lib]
  collapse library dir [/lib] ==> [/lib]
  collapse library dir [/usr/lib] ==> [/usr/lib]
  implicit libs: [stdc++;m;gcc_s;gcc;c;gcc_s;gcc]
  implicit objs: [/usr/lib/x86_64-linux-gnu/crt1.o;/usr/lib/x86_64-linux-gnu/crti.o;/usr/lib/gcc/x86_64-linux-gnu/11/crtbegin.o;/usr/lib/gcc/x86_64-linux-gnu/11/crtend.o;/usr/lib/x86_64-linux-gnu/crtn.o]
  implicit dirs: [/usr/lib/gcc/x86_64-linux-gnu/11;/usr/lib/x86_64-linux-gnu;/lib/x86_64-linux-gnu;/lib64;/usr/lib;/usr/lib/llvm-12/lib;/lib]
  implicit fwks: []


dh_auto_configure: error: cd obj-x86_64-linux-gnu && cmake -DCMAKE_INSTALL_PREFIX=/usr -DCMAKE_BUILD_TYPE=None -DCMAKE_INSTALL_SYSCONFDIR=/etc -DCMAKE_INSTALL_LOCALSTATEDIR=/var -DCMAKE_EXPORT_NO_PACKAGE_REGISTRY=ON -DCMAKE_FIND_USE_PACKAGE_REGISTRY=OFF -DCMAKE_FIND_PACKAGE_NO_PACKAGE_REGISTRY=ON -DCMAKE_INSTALL_RUNSTATEDIR=/run -DCMAKE_SKIP_INSTALL_ALL_DEPENDENCY=ON "-GUnix Makefiles" -DCMAKE_VERBOSE_MAKEFILE=ON -DCMAKE_INSTALL_LIBDIR=lib/x86_64-linux-gnu .. returned exit code 1
make: *** [debian/rules:8: binary] Error 2
dpkg-buildpackage: error: debian/rules binary subprocess returned exit status 2
--------------------------------------------------------------------------------
Build finished at 2021-10-26T19:12:24Z

Finished
--------


+------------------------------------------------------------------------------+
| Cleanup                                                                      |
+------------------------------------------------------------------------------+

Purging /<<BUILDDIR>>
Not cleaning session: cloned chroot in use
E: Build failure (dpkg-buildpackage died)

+------------------------------------------------------------------------------+
| Summary                                                                      |
+------------------------------------------------------------------------------+

Build Architecture: amd64
Build Type: binary
Build-Space: 3264
Build-Time: 1
Distribution: unstable
Fail-Stage: build
Host Architecture: amd64
Install-Time: 18
Job: sptag_0.0~git20210816.e724b01+ds-3
Machine Architecture: amd64
Package: sptag
Package-Time: 41
Source-Version: 0.0~git20210816.e724b01+ds-3
Space: 3264
Status: attempted
Version: 0.0~git20210816.e724b01+ds-3
--------------------------------------------------------------------------------
Finished at 2021-10-26T19:12:24Z
Build needed 00:00:41, 3264k disk space
E: Build failure (dpkg-buildpackage died)
DC-Status: Failed 42.422601385s
DC-Time-Estimation: 42.422601385 versus expected 3430 (r/m: 79.8531275315143 ; m: 42.422601385)
